#
# A fatal error has been detected by the Java Runtime Environment:
#
#  SIGSEGV (0xb) at pc=0x0000000000000000, pid=3935, tid=0x00007fe194437700
#
# JRE version: Java(TM) SE Runtime Environment (8.0_101-b13) (build 1.8.0_101-b13)
# Java VM: Java HotSpot(TM) 64-Bit Server VM (25.101-b13 mixed mode linux-amd64 compressed oops)
# Problematic frame:
# C  0x0000000000000000
#
# Failed to write core dump. Core dumps have been disabled. To enable core dumping, try "ulimit -c unlimited" before starting Java again
#
# If you would like to submit a bug report, please visit:
#   http://bugreport.java.com/bugreport/crash.jsp
#

---------------  T H R E A D  ---------------

Current thread (0x00007fe16400c000):  JavaThread "Daemon worker" [_thread_in_Java, id=3955, stack(0x00007fe194337000,0x00007fe194438000)]

siginfo: si_signo: 11 (SIGSEGV), si_code: 1 (SEGV_MAPERR), si_addr: 0x0000000000000000

Registers:
RAX=0x000000010021a250, RBX=0x00007fe1581c4c00, RCX=0x00000000c01055b0, RDX=0x0000000000000000
RSP=0x00007fe194434e08, RBP=0x00007fe194434e58, RSI=0x00007fe194434e98, RDI=0x0000000000000002
R8 =0x00000000c06a5778, R9 =0x00000000c06a5778, R10=0x00007fe1afdc2ca0, R11=0x00007fe1acea9000
R12=0x0000000000000000, R13=0x00007fe194434e10, R14=0x0000000000000000, R15=0x00007fe16400c000
RIP=0x0000000000000000, EFLAGS=0x0000000000010246, CSGSFS=0x0000000000000033, ERR=0x0000000000000014
  TRAPNO=0x000000000000000e

Top of Stack: (sp=0x00007fe194434e08)
0x00007fe194434e08:   00007fe199007d80 00000000c01055b0
0x00007fe194434e18:   00007fe194434e18 00007fe1aca6bdb3
0x00007fe194434e28:   00007fe194434e90 00007fe1aca6bf40
0x00007fe194434e38:   0000000000000000 00007fe1aca6be18
0x00007fe194434e48:   00007fe194434e10 00007fe194434e90
0x00007fe194434e58:   00007fe194434ee8 00007fe199007ffd
0x00007fe194434e68:   0000000000000000 0000000000000000
0x00007fe194434e78:   0000000000000000 0000000000000000
0x00007fe194434e88:   0000000000000000 00000000c06a5958
0x00007fe194434e98:   00000000c06a5760 0000000000000000
0x00007fe194434ea8:   00007fe194434e98 00007fe1aca6b743
0x00007fe194434eb8:   00007fe194434f28 00007fe1aca6bf40
0x00007fe194434ec8:   0000000000000000 00007fe1aca6b798
0x00007fe194434ed8:   00007fe194434e90 00007fe194434f20
0x00007fe194434ee8:   00007fe194434f70 00007fe199007ffd
0x00007fe194434ef8:   0000000000000000 0000000000000000
0x00007fe194434f08:   00000000c06a5760 00000000c06a5760
0x00007fe194434f18:   00000000c06a5760 00000000ec7c3bc0
0x00007fe194434f28:   00000000c06a5958 00007fe194434f30
0x00007fe194434f38:   00007fe1aca5d69c 00007fe194434fe0
0x00007fe194434f48:   00007fe1aca61710 0000000000000000
0x00007fe194434f58:   00007fe1aca5d7a8 00007fe194434f20
0x00007fe194434f68:   00007fe194434fb8 00007fe194435028
0x00007fe194434f78:   00007fe199007d80 0000000000000000
0x00007fe194434f88:   0000000000000000 0000000000000000
0x00007fe194434f98:   0000000000000000 0000000000000000
0x00007fe194434fa8:   00000000c06a5958 00000000ec7c3bc0
0x00007fe194434fb8:   0000000000000000 00000000000007f3
0x00007fe194434fc8:   00007fe199007d80 0000000000000011
0x00007fe194434fd8:   00000000c06a5858 00000000c06a57d8
0x00007fe194434fe8:   00007fe194434fe8 00007fe1acecae49
0x00007fe194434ff8:   00007fe194435048 00007fe1acecba30 

Instructions: (pc=0x0000000000000000)
0xffffffffffffffe0:   

Register to memory mapping:

RAX=0x000000010021a250 is pointing into metadata
RBX=0x00007fe1581c4c00 is an unknown value
RCX=0x00000000c01055b0 is pointing into object: 0x00000000c0105480

[error occurred during error reporting (printing register info), id 0xb]

Stack: [0x00007fe194337000,0x00007fe194438000],  sp=0x00007fe194434e08,  free space=1015k

---------------  P R O C E S S  ---------------

Java Threads: ( => current thread )
  0x00007fe1589cb800 JavaThread "File lock request listener" [_thread_in_native, id=3963, stack(0x00007fe15f2ff000,0x00007fe15f400000)]
  0x00007fe1588e7800 JavaThread "process reaper" daemon [_thread_blocked, id=3962, stack(0x00007fe194082000,0x00007fe1940bb000)]
  0x00007fe158027800 JavaThread "Stdin handler" [_thread_blocked, id=3959, stack(0x00007fe194135000,0x00007fe194236000)]
  0x00007fe158024800 JavaThread "Asynchronous log dispatcher for org.gradle.launcher.daemon.server.DefaultDaemonConnection@3262b621" [_thread_blocked, id=3958, stack(0x00007fe194236000,0x00007fe194337000)]
=>0x00007fe16400c000 JavaThread "Daemon worker" [_thread_in_Java, id=3955, stack(0x00007fe194337000,0x00007fe194438000)]
  0x00007fe164009000 JavaThread "Cancel handler" [_thread_blocked, id=3954, stack(0x00007fe194438000,0x00007fe194539000)]
  0x00007fe164003800 JavaThread "Handler for socket connection from /127.0.0.1:52509 to /127.0.0.1:39792" [_thread_in_native, id=3953, stack(0x00007fe194539000,0x00007fe19463a000)]
  0x00007fe160030000 JavaThread "Daemon" [_thread_blocked, id=3952, stack(0x00007fe19463a000,0x00007fe19473b000)]
  0x00007fe1a8b50800 JavaThread "Incoming local TCP Connector on port 52509" [_thread_in_native, id=3951, stack(0x00007fe194942000,0x00007fe194a43000)]
  0x00007fe1a8b32000 JavaThread "pool-1-thread-1" [_thread_blocked, id=3950, stack(0x00007fe194a43000,0x00007fe194b44000)]
  0x00007fe1a80c4000 JavaThread "Service Thread" daemon [_thread_blocked, id=3947, stack(0x00007fe195d10000,0x00007fe195e11000)]
  0x00007fe1a80b7000 JavaThread "C1 CompilerThread1" daemon [_thread_in_native, id=3946, stack(0x00007fe195e11000,0x00007fe195f12000)]
  0x00007fe1a80b4800 JavaThread "C2 CompilerThread0" daemon [_thread_in_native, id=3945, stack(0x00007fe195f12000,0x00007fe196013000)]
  0x00007fe1a80b3000 JavaThread "Signal Dispatcher" daemon [_thread_blocked, id=3944, stack(0x00007fe196013000,0x00007fe196114000)]
  0x00007fe1a807f800 JavaThread "Finalizer" daemon [_thread_blocked, id=3943, stack(0x00007fe1967f8000,0x00007fe1968f9000)]
  0x00007fe1a807b000 JavaThread "Reference Handler" daemon [_thread_blocked, id=3942, stack(0x00007fe1968f9000,0x00007fe1969fa000)]
  0x00007fe1a800a000 JavaThread "main" [_thread_blocked, id=3937, stack(0x00007fe1b08e4000,0x00007fe1b09e5000)]

Other Threads:
  0x00007fe1a8073800 VMThread [stack: 0x00007fe1969fa000,0x00007fe196afb000] [id=3941]
  0x00007fe1a80c7000 WatcherThread [stack: 0x00007fe195c0f000,0x00007fe195d10000] [id=3948]

VM state:not at safepoint (normal execution)

VM Mutex/Monitor currently owned by a thread: None

Heap:
 PSYoungGen      total 109568K, used 30011K [0x00000000eab00000, 0x00000000f4280000, 0x0000000100000000)
  eden space 99328K, 30% used [0x00000000eab00000,0x00000000ec84edc0,0x00000000f0c00000)
  from space 10240K, 0% used [0x00000000f0c00000,0x00000000f0c00000,0x00000000f1600000)
  to   space 9728K, 0% used [0x00000000f3900000,0x00000000f3900000,0x00000000f4280000)
 ParOldGen       total 49664K, used 18805K [0x00000000c0000000, 0x00000000c3080000, 0x00000000eab00000)
  object space 49664K, 37% used [0x00000000c0000000,0x00000000c125d590,0x00000000c3080000)
 Metaspace       used 35252K, capacity 35932K, committed 36096K, reserved 1081344K
  class space    used 4846K, capacity 5079K, committed 5120K, reserved 1048576K

Card table byte_map: [0x00007fe1ad4a9000,0x00007fe1ad6aa000] byte_map_base: 0x00007fe1acea9000

Marking Bits: (ParMarkBitMap*) 0x00007fe1afdc0120
 Begin Bits: [0x00007fe197000000, 0x00007fe198000000)
 End Bits:   [0x00007fe198000000, 0x00007fe199000000)

Polling page: 0x00007fe1b0a01000

CodeCache: size=245760Kb used=10866Kb max_used=10866Kb free=234893Kb
 bounds [0x00007fe199000000, 0x00007fe199ab0000, 0x00007fe1a8000000]
 total_blobs=4207 nmethods=3548 adapters=573
 compilation: enabled

Compilation events (10 events):
Event: 17.316 Thread 0x00007fe1a80b7000 nmethod 3736 0x00007fe19912efd0 code [0x00007fe19912f180, 0x00007fe19912f498]
Event: 17.316 Thread 0x00007fe1a80b7000 3737       2       org.gradle.internal.concurrent.CompositeStoppable::toStoppable (37 bytes)
Event: 17.317 Thread 0x00007fe1a80b7000 nmethod 3737 0x00007fe19912ea90 code [0x00007fe19912ec00, 0x00007fe19912ef10]
Event: 17.347 Thread 0x00007fe1a80b7000 3738       2       java.util.concurrent.CopyOnWriteArrayList$COWIterator::next (32 bytes)
Event: 17.347 Thread 0x00007fe1a80b7000 nmethod 3738 0x00007fe19912e590 code [0x00007fe19912e700, 0x00007fe19912e948]
Event: 17.348 Thread 0x00007fe1a80b7000 3739       2       java.util.HashSet::clear (8 bytes)
Event: 17.349 Thread 0x00007fe1a80b7000 nmethod 3739 0x00007fe19912e210 code [0x00007fe19912e380, 0x00007fe19912e508]
Event: 17.350 Thread 0x00007fe1a80b7000 3740       2       sun.util.calendar.CalendarDate::getDayOfWeek (18 bytes)
Event: 17.350 Thread 0x00007fe1a80b7000 nmethod 3740 0x00007fe19912ded0 code [0x00007fe19912e020, 0x00007fe19912e190]
Event: 17.352 Thread 0x00007fe1a80b7000 3741       2       java.util.GregorianCalendar::computeFields (1571 bytes)

GC Heap History (10 events):
Event: 9.352 GC heap before
{Heap before GC invocations=9 (full 1):
 PSYoungGen      total 55296K, used 48640K [0x00000000eab00000, 0x00000000f1800000, 0x0000000100000000)
  eden space 48640K, 100% used [0x00000000eab00000,0x00000000eda80000,0x00000000eda80000)
  from space 6656K, 0% used [0x00000000eda80000,0x00000000eda80000,0x00000000ee100000)
  to   space 7168K, 0% used [0x00000000f1100000,0x00000000f1100000,0x00000000f1800000)
 ParOldGen       total 33792K, used 12046K [0x00000000c0000000, 0x00000000c2100000, 0x00000000eab00000)
  object space 33792K, 35% used [0x00000000c0000000,0x00000000c0bc3930,0x00000000c2100000)
 Metaspace       used 24593K, capacity 25114K, committed 25472K, reserved 1071104K
  class space    used 3433K, capacity 3585K, committed 3712K, reserved 1048576K
Event: 9.372 GC heap after
Heap after GC invocations=9 (full 1):
 PSYoungGen      total 82432K, used 5560K [0x00000000eab00000, 0x00000000f1680000, 0x0000000100000000)
  eden space 76800K, 0% used [0x00000000eab00000,0x00000000eab00000,0x00000000ef600000)
  from space 5632K, 98% used [0x00000000f1100000,0x00000000f166e288,0x00000000f1680000)
  to   space 7680K, 0% used [0x00000000f0780000,0x00000000f0780000,0x00000000f0f00000)
 ParOldGen       total 33792K, used 12054K [0x00000000c0000000, 0x00000000c2100000, 0x00000000eab00000)
  object space 33792K, 35% used [0x00000000c0000000,0x00000000c0bc5930,0x00000000c2100000)
 Metaspace       used 24593K, capacity 25114K, committed 25472K, reserved 1071104K
  class space    used 3433K, capacity 3585K, committed 3712K, reserved 1048576K
}
Event: 11.860 GC heap before
{Heap before GC invocations=10 (full 1):
 PSYoungGen      total 82432K, used 82360K [0x00000000eab00000, 0x00000000f1680000, 0x0000000100000000)
  eden space 76800K, 100% used [0x00000000eab00000,0x00000000ef600000,0x00000000ef600000)
  from space 5632K, 98% used [0x00000000f1100000,0x00000000f166e288,0x00000000f1680000)
  to   space 7680K, 0% used [0x00000000f0780000,0x00000000f0780000,0x00000000f0f00000)
 ParOldGen       total 33792K, used 12054K [0x00000000c0000000, 0x00000000c2100000, 0x00000000eab00000)
  object space 33792K, 35% used [0x00000000c0000000,0x00000000c0bc5930,0x00000000c2100000)
 Metaspace       used 27439K, capacity 27986K, committed 28288K, reserved 1073152K
  class space    used 3816K, capacity 3941K, committed 3968K, reserved 1048576K
Event: 11.882 GC heap after
Heap after GC invocations=10 (full 1):
 PSYoungGen      total 102400K, used 6036K [0x00000000eab00000, 0x00000000f1e00000, 0x0000000100000000)
  eden space 94720K, 0% used [0x00000000eab00000,0x00000000eab00000,0x00000000f0780000)
  from space 7680K, 78% used [0x00000000f0780000,0x00000000f0d652e8,0x00000000f0f00000)
  to   space 8192K, 0% used [0x00000000f1600000,0x00000000f1600000,0x00000000f1e00000)
 ParOldGen       total 33792K, used 12062K [0x00000000c0000000, 0x00000000c2100000, 0x00000000eab00000)
  object space 33792K, 35% used [0x00000000c0000000,0x00000000c0bc7930,0x00000000c2100000)
 Metaspace       used 27439K, capacity 27986K, committed 28288K, reserved 1073152K
  class space    used 3816K, capacity 3941K, committed 3968K, reserved 1048576K
}
Event: 15.203 GC heap before
{Heap before GC invocations=11 (full 1):
 PSYoungGen      total 102400K, used 100756K [0x00000000eab00000, 0x00000000f1e00000, 0x0000000100000000)
  eden space 94720K, 100% used [0x00000000eab00000,0x00000000f0780000,0x00000000f0780000)
  from space 7680K, 78% used [0x00000000f0780000,0x00000000f0d652e8,0x00000000f0f00000)
  to   space 8192K, 0% used [0x00000000f1600000,0x00000000f1600000,0x00000000f1e00000)
 ParOldGen       total 33792K, used 12062K [0x00000000c0000000, 0x00000000c2100000, 0x00000000eab00000)
  object space 33792K, 35% used [0x00000000c0000000,0x00000000c0bc7930,0x00000000c2100000)
 Metaspace       used 32645K, capacity 33252K, committed 33664K, reserved 1079296K
  class space    used 4495K, capacity 4648K, committed 4736K, reserved 1048576K
Event: 15.278 GC heap after
Heap after GC invocations=11 (full 1):
 PSYoungGen      total 107520K, used 8176K [0x00000000eab00000, 0x00000000f3980000, 0x0000000100000000)
  eden space 99328K, 0% used [0x00000000eab00000,0x00000000eab00000,0x00000000f0c00000)
  from space 8192K, 99% used [0x00000000f1600000,0x00000000f1dfc2c0,0x00000000f1e00000)
  to   space 10240K, 0% used [0x00000000f0c00000,0x00000000f0c00000,0x00000000f1600000)
 ParOldGen       total 33792K, used 14900K [0x00000000c0000000, 0x00000000c2100000, 0x00000000eab00000)
  object space 33792K, 44% used [0x00000000c0000000,0x00000000c0e8d120,0x00000000c2100000)
 Metaspace       used 32645K, capacity 33252K, committed 33664K, reserved 1079296K
  class space    used 4495K, capacity 4648K, committed 4736K, reserved 1048576K
}
Event: 16.298 GC heap before
{Heap before GC invocations=12 (full 1):
 PSYoungGen      total 107520K, used 48812K [0x00000000eab00000, 0x00000000f3980000, 0x0000000100000000)
  eden space 99328K, 40% used [0x00000000eab00000,0x00000000ed2aedd8,0x00000000f0c00000)
  from space 8192K, 99% used [0x00000000f1600000,0x00000000f1dfc2c0,0x00000000f1e00000)
  to   space 10240K, 0% used [0x00000000f0c00000,0x00000000f0c00000,0x00000000f1600000)
 ParOldGen       total 33792K, used 14900K [0x00000000c0000000, 0x00000000c2100000, 0x00000000eab00000)
  object space 33792K, 44% used [0x00000000c0000000,0x00000000c0e8d120,0x00000000c2100000)
 Metaspace       used 34616K, capacity 35250K, committed 35456K, reserved 1079296K
  class space    used 4743K, capacity 4937K, committed 4992K, reserved 1048576K
Event: 16.351 GC heap after
Heap after GC invocations=12 (full 1):
 PSYoungGen      total 109568K, used 5569K [0x00000000eab00000, 0x00000000f4280000, 0x0000000100000000)
  eden space 99328K, 0% used [0x00000000eab00000,0x00000000eab00000,0x00000000f0c00000)
  from space 10240K, 54% used [0x00000000f0c00000,0x00000000f1170498,0x00000000f1600000)
  to   space 9728K, 0% used [0x00000000f3900000,0x00000000f3900000,0x00000000f4280000)
 ParOldGen       total 33792K, used 19362K [0x00000000c0000000, 0x00000000c2100000, 0x00000000eab00000)
  object space 33792K, 57% used [0x00000000c0000000,0x00000000c12e8988,0x00000000c2100000)
 Metaspace       used 34616K, capacity 35250K, committed 35456K, reserved 1079296K
  class space    used 4743K, capacity 4937K, committed 4992K, reserved 1048576K
}
Event: 16.351 GC heap before
{Heap before GC invocations=13 (full 2):
 PSYoungGen      total 109568K, used 5569K [0x00000000eab00000, 0x00000000f4280000, 0x0000000100000000)
  eden space 99328K, 0% used [0x00000000eab00000,0x00000000eab00000,0x00000000f0c00000)
  from space 10240K, 54% used [0x00000000f0c00000,0x00000000f1170498,0x00000000f1600000)
  to   space 9728K, 0% used [0x00000000f3900000,0x00000000f3900000,0x00000000f4280000)
 ParOldGen       total 33792K, used 19362K [0x00000000c0000000, 0x00000000c2100000, 0x00000000eab00000)
  object space 33792K, 57% used [0x00000000c0000000,0x00000000c12e8988,0x00000000c2100000)
 Metaspace       used 34616K, capacity 35250K, committed 35456K, reserved 1079296K
  class space    used 4743K, capacity 4937K, committed 4992K, reserved 1048576K
Event: 16.625 GC heap after
Heap after GC invocations=13 (full 2):
 PSYoungGen      total 109568K, used 0K [0x00000000eab00000, 0x00000000f4280000, 0x0000000100000000)
  eden space 99328K, 0% used [0x00000000eab00000,0x00000000eab00000,0x00000000f0c00000)
  from space 10240K, 0% used [0x00000000f0c00000,0x00000000f0c00000,0x00000000f1600000)
  to   space 9728K, 0% used [0x00000000f3900000,0x00000000f3900000,0x00000000f4280000)
 ParOldGen       total 49664K, used 18805K [0x00000000c0000000, 0x00000000c3080000, 0x00000000eab00000)
  object space 49664K, 37% used [0x00000000c0000000,0x00000000c125d590,0x00000000c3080000)
 Metaspace       used 34616K, capacity 35250K, committed 35456K, reserved 1079296K
  class space    used 4743K, capacity 4937K, committed 4992K, reserved 1048576K
}

Deoptimization events (10 events):
Event: 13.142 Thread 0x00007fe16400c000 Uncommon trap: reason=bimorphic action=maybe_recompile pc=0x00007fe1997c71c8 method=java.lang.ClassLoader.getPackage(Ljava/lang/String;)Ljava/lang/Package; @ 47
Event: 14.000 Thread 0x00007fe16400c000 Uncommon trap: reason=unstable_if action=reinterpret pc=0x00007fe19993d374 method=java.util.HashMap.putVal(ILjava/lang/Object;Ljava/lang/Object;ZZ)Ljava/lang/Object; @ 162
Event: 14.000 Thread 0x00007fe16400c000 Uncommon trap: reason=unstable_if action=reinterpret pc=0x00007fe1996adbd4 method=java.util.HashMap.putVal(ILjava/lang/Object;Ljava/lang/Object;ZZ)Ljava/lang/Object; @ 162
Event: 14.000 Thread 0x00007fe16400c000 Uncommon trap: reason=unstable_if action=reinterpret pc=0x00007fe1996aeab8 method=java.util.HashMap.putVal(ILjava/lang/Object;Ljava/lang/Object;ZZ)Ljava/lang/Object; @ 162
Event: 14.008 Thread 0x00007fe16400c000 Uncommon trap: reason=unstable_if action=reinterpret pc=0x00007fe1992994c8 method=java.util.HashMap.resize()[Ljava/util/HashMap$Node; @ 206
Event: 15.467 Thread 0x00007fe16400c000 Uncommon trap: reason=predicate action=maybe_recompile pc=0x00007fe19994ae08 method=sun.security.provider.DigestBase.implCompressMultiBlock([BII)I @ 5
Event: 15.470 Thread 0x00007fe16400c000 Uncommon trap: reason=class_check action=maybe_recompile pc=0x00007fe1999498c0 method=sun.security.provider.DigestBase.implCompressMultiBlock([BII)I @ 8
Event: 15.531 Thread 0x00007fe16400c000 Uncommon trap: reason=class_check action=maybe_recompile pc=0x00007fe1999498c0 method=sun.security.provider.DigestBase.implCompressMultiBlock([BII)I @ 8
Event: 15.600 Thread 0x00007fe16400c000 Uncommon trap: reason=class_check action=maybe_recompile pc=0x00007fe1999498c0 method=sun.security.provider.DigestBase.implCompressMultiBlock([BII)I @ 8
Event: 15.602 Thread 0x00007fe16400c000 Uncommon trap: reason=class_check action=maybe_recompile pc=0x00007fe1999498c0 method=sun.security.provider.DigestBase.implCompressMultiBlock([BII)I @ 8

Internal exceptions (10 events):
Event: 17.118 Thread 0x00007fe16400c000 Exception <a 'java/lang/ClassNotFoundException': org/gradle/api/internal/artifacts/dependencies/AbstractModuleDependencyBeanInfo> (0x00000000ebe720b8) thrown at [/HUDSON3/workspace/8-2-build-linux-amd64/jdk8u101/7261/hotspot/src/share/vm/classfile/systemD
Event: 17.123 Thread 0x00007fe16400c000 Exception <a 'java/lang/ClassNotFoundException': org/gradle/api/internal/artifacts/dependencies/AbstractDependencyBeanInfo> (0x00000000ebea3988) thrown at [/HUDSON3/workspace/8-2-build-linux-amd64/jdk8u101/7261/hotspot/src/share/vm/classfile/systemDiction
Event: 17.125 Thread 0x00007fe16400c000 Exception <a 'java/lang/ClassNotFoundException': org/gradle/api/internal/artifacts/dependencies/AbstractDependencyCustomizer> (0x00000000ebed6ee0) thrown at [/HUDSON3/workspace/8-2-build-linux-amd64/jdk8u101/7261/hotspot/src/share/vm/classfile/systemDicti
Event: 17.128 Thread 0x00007fe16400c000 Exception <a 'java/lang/ClassNotFoundException': org/gradle/api/internal/artifacts/dependencies/AbstractModuleDependencyCustomizer> (0x00000000ebf0e5f0) thrown at [/HUDSON3/workspace/8-2-build-linux-amd64/jdk8u101/7261/hotspot/src/share/vm/classfile/syste
Event: 17.131 Thread 0x00007fe16400c000 Exception <a 'java/lang/ClassNotFoundException': org/gradle/api/internal/artifacts/dependencies/AbstractExternalModuleDependencyCustomizer> (0x00000000ebf56678) thrown at [/HUDSON3/workspace/8-2-build-linux-amd64/jdk8u101/7261/hotspot/src/share/vm/classfi
Event: 17.133 Thread 0x00007fe16400c000 Exception <a 'java/lang/ClassNotFoundException': org/gradle/api/internal/artifacts/dependencies/DefaultExternalModuleDependencyCustomizer> (0x00000000ebf9a3b0) thrown at [/HUDSON3/workspace/8-2-build-linux-amd64/jdk8u101/7261/hotspot/src/share/vm/classfil
Event: 17.142 Thread 0x00007fe16400c000 Exception <a 'java/lang/ClassNotFoundException': org/gradle/api/internal/artifacts/dependencies/DefaultExternalModuleDependency_DecoratedCustomizer> (0x00000000ebfe1e00) thrown at [/HUDSON3/workspace/8-2-build-linux-amd64/jdk8u101/7261/hotspot/src/share/v
Event: 17.231 Thread 0x00007fe16400c000 Exception <a 'java/lang/AbstractMethodError': java.util.regex.Pattern$Node.match(Ljava/util/regex/Matcher;ILjava/lang/CharSequence;)Z> (0x00000000ec0411f8) thrown at [/HUDSON3/workspace/8-2-build-linux-amd64/jdk8u101/7261/hotspot/src/share/vm/interpreter/
Event: 17.244 Thread 0x00007fe16400c000 Exception <a 'java/lang/AbstractMethodError': java.util.regex.Pattern$Node.match(Ljava/util/regex/Matcher;ILjava/lang/CharSequence;)Z> (0x00000000ec046948) thrown at [/HUDSON3/workspace/8-2-build-linux-amd64/jdk8u101/7261/hotspot/src/share/vm/interpreter/
Event: 17.268 Thread 0x00007fe16400c000 Exception <a 'java/lang/reflect/InvocationTargetException'> (0x00000000ec06e260) thrown at [/HUDSON3/workspace/8-2-build-linux-amd64/jdk8u101/7261/hotspot/src/share/vm/runtime/reflection.cpp, line 1092]

Events (10 events):
Event: 17.341 loading class org/apache/tools/ant/IntrospectionHelper$10
Event: 17.341 loading class org/apache/tools/ant/IntrospectionHelper$10 done
Event: 17.342 loading class org/apache/tools/ant/IntrospectionHelper$11
Event: 17.342 loading class org/apache/tools/ant/IntrospectionHelper$11 done
Event: 17.343 loading class org/apache/tools/ant/UnsupportedAttributeException
Event: 17.343 loading class org/apache/tools/ant/UnsupportedAttributeException done
Event: 17.344 loading class org/apache/tools/ant/IntrospectionHelper$1
Event: 17.344 loading class org/apache/tools/ant/IntrospectionHelper$1 done
Event: 17.351 loading class org/gradle/cache/internal/DefaultMultiProcessSafePersistentIndexedCache$4
Event: 17.351 loading class org/gradle/cache/internal/DefaultMultiProcessSafePersistentIndexedCache$4 done


Dynamic libraries:
00400000-00401000 r-xp 00000000 08:01 3279757                            /usr/lib/jvm/java-8-oracle/bin/java
00600000-00601000 rw-p 00000000 08:01 3279757                            /usr/lib/jvm/java-8-oracle/bin/java
0085d000-0087e000 rw-p 00000000 00:00 0                                  [heap]
c0000000-c3080000 rw-p 00000000 00:00 0 
c3080000-eab00000 ---p 00000000 00:00 0 
eab00000-f4280000 rw-p 00000000 00:00 0 
f4280000-100000000 ---p 00000000 00:00 0 
100000000-100500000 rw-p 00000000 00:00 0 
100500000-140000000 ---p 00000000 00:00 0 
7fe158000000-7fe158dbe000 rw-p 00000000 00:00 0 
7fe158dbe000-7fe15c000000 ---p 00000000 00:00 0 
7fe15e76a000-7fe15e7aa000 rw-p 00000000 00:00 0 
7fe15e7aa000-7fe15e96a000 ---p 00000000 00:00 0 
7fe15e96a000-7fe15eb6a000 rw-p 00000000 00:00 0 
7fe15eb6a000-7fe15ed6a000 rw-p 00000000 00:00 0 
7fe15ed6a000-7fe15ee26000 r--s 0083b000 08:01 4850293                    /root/.gradle/caches/modules-2/files-2.1/io.fabric.tools/gradle/1.22.0/7673eb1598762f4d29d5839c35b71d77d13c834a/gradle-1.22.0.jar
7fe15ee26000-7fe15f026000 rw-p 00000000 00:00 0 
7fe15f026000-7fe15f028000 r--s 00005000 08:01 10354696                   /opt/android-studio/gradle/m2repository/org/abego/treelayout/org.abego.treelayout.core/1.0.1/org.abego.treelayout.core-1.0.1.jar
7fe15f028000-7fe15f030000 r--s 000a8000 08:01 10354905                   /opt/android-studio/gradle/m2repository/com/android/tools/external/lombok/lombok-ast/0.2.3/lombok-ast-0.2.3.jar
7fe15f030000-7fe15f032000 r--s 0000d000 08:01 10355005                   /opt/android-studio/gradle/m2repository/commons-codec/commons-codec/1.4/commons-codec-1.4.jar
7fe15f032000-7fe15f034000 r--s 0000d000 08:01 10226215                   /opt/android-studio/gradle/m2repository/commons-logging/commons-logging/1.1.1/commons-logging-1.1.1.jar
7fe15f034000-7fe15f039000 r--s 00028000 08:01 10229068                   /opt/android-studio/gradle/m2repository/org/apache/httpcomponents/httpcore/4.1/httpcore-4.1.jar
7fe15f039000-7fe15f03a000 r--s 00004000 08:01 10354724                   /opt/android-studio/gradle/m2repository/com/intellij/annotations/12.0/annotations-12.0.jar
7fe15f03a000-7fe15f03e000 r--s 00037000 08:01 10228909                   /opt/android-studio/gradle/m2repository/org/antlr/ST4/4.0.8/ST4-4.0.8.jar
7fe15f03e000-7fe15f041000 r--s 00026000 08:01 10229004                   /opt/android-studio/gradle/m2repository/org/antlr/antlr-runtime/3.5.2/antlr-runtime-3.5.2.jar
7fe15f041000-7fe15f042000 r--s 00002000 08:01 10354712                   /opt/android-studio/gradle/m2repository/com/tunnelvisionlabs/antlr4-annotations/4.5/antlr4-annotations-4.5.jar
7fe15f042000-7fe15f049000 r--s 00062000 08:01 10354707                   /opt/android-studio/gradle/m2repository/com/tunnelvisionlabs/antlr4-runtime/4.5/antlr4-runtime-4.5.jar
7fe15f049000-7fe15f04a000 r--s 00004000 08:01 10226259                   /opt/android-studio/gradle/m2repository/org/ow2/asm/asm-analysis/5.0.3/asm-analysis-5.0.3.jar
7fe15f04a000-7fe15f04d000 r--s 00030000 08:01 10354933                   /opt/android-studio/gradle/m2repository/com/android/tools/lint/lint-api/25.1.3/lint-api-25.1.3.jar
7fe15f04d000-7fe15f04e000 r--s 0000a000 08:01 10354967                   /opt/android-studio/gradle/m2repository/net/sf/kxml/kxml2/2.3.0/kxml2-2.3.0.jar
7fe15f04e000-7fe15f050000 r--s 00005000 08:01 10229059                   /opt/android-studio/gradle/m2repository/org/apache/httpcomponents/httpmime/4.1/httpmime-4.1.jar
7fe15f050000-7fe15f058000 r--s 0004e000 08:01 10229079                   /opt/android-studio/gradle/m2repository/org/apache/httpcomponents/httpclient/4.1.1/httpclient-4.1.1.jar
7fe15f058000-7fe15f05f000 r--s 00053000 08:01 10229091                   /opt/android-studio/gradle/m2repository/org/apache/commons/commons-compress/1.8.1/commons-compress-1.8.1.jar
7fe15f05f000-7fe15f064000 r--s 0002a000 08:01 10354757                   /opt/android-studio/gradle/m2repository/com/google/code/gson/gson/2.2.4/gson-2.2.4.jar
7fe15f064000-7fe15f068000 r--s 00026000 08:01 10354911                   /opt/android-studio/gradle/m2repository/com/android/tools/repository/25.1.3/repository-25.1.3.jar
7fe15f068000-7fe15f069000 r--s 00005000 08:01 10354891                   /opt/android-studio/gradle/m2repository/com/android/tools/dvlib/25.1.3/dvlib-25.1.3.jar
7fe15f069000-7fe15f06c000 r--s 00014000 08:01 10354858                   /opt/android-studio/gradle/m2repository/com/android/tools/layoutlib/layoutlib-api/25.1.3/layoutlib-api-25.1.3.jar
7fe15f06c000-7fe15f071000 r--s 00058000 08:01 10226233                   /opt/android-studio/gradle/m2repository/org/ow2/asm/asm-debug-all/5.0.4/asm-debug-all-5.0.4.jar
7fe15f071000-7fe15f081000 r--s 000d6000 08:01 10354979                   /opt/android-studio/gradle/m2repository/net/sf/proguard/proguard-base/5.2.1/proguard-base-5.2.1.jar
7fe15f081000-7fe15f085000 r--s 0002a000 08:01 10226208                   /opt/android-studio/gradle/m2repository/commons-io/commons-io/2.4/commons-io-2.4.jar
7fe15f085000-7fe15f08f000 r--s 00099000 08:01 10354717                   /opt/android-studio/gradle/m2repository/com/tunnelvisionlabs/antlr4/4.5/antlr4-4.5.jar
7fe15f08f000-7fe15f0ba000 r--s 001f9000 08:01 10354749                   /opt/android-studio/gradle/m2repository/com/google/guava/guava/17.0/guava-17.0.jar
7fe15f0ba000-7fe15f0cc000 r--s 00223000 08:01 10227994                   /opt/android-studio/gradle/m2repository/org/eclipse/jdt/core/compiler/ecj/4.4.2/ecj-4.4.2.jar
7fe15f0cc000-7fe15f0ff000 r--s 00203000 08:01 10229014                   /opt/android-studio/gradle/m2repository/org/bouncycastle/bcprov-jdk15on/1.48/bcprov-jdk15on-1.48.jar
7fe15f0ff000-7fe15f2ff000 rw-p 00000000 00:00 0 
7fe15f2ff000-7fe15f302000 ---p 00000000 00:00 0 
7fe15f302000-7fe15f600000 rw-p 00000000 00:00 0                          [stack:3963]
7fe15f600000-7fe15f800000 rw-p 00000000 00:00 0 
7fe15f800000-7fe15fa00000 rw-p 00000000 00:00 0 
7fe15fa00000-7fe15fc00000 rw-p 00000000 00:00 0 
7fe15fc00000-7fe15fe00000 rw-p 00000000 00:00 0 
7fe15fe00000-7fe160000000 rw-p 00000000 00:00 0 
7fe160000000-7fe160065000 rw-p 00000000 00:00 0 
7fe160065000-7fe164000000 ---p 00000000 00:00 0 
7fe164000000-7fe164021000 rw-p 00000000 00:00 0 
7fe164021000-7fe168000000 ---p 00000000 00:00 0 
7fe168000000-7fe168021000 rw-p 00000000 00:00 0 
7fe168021000-7fe16c000000 ---p 00000000 00:00 0 
7fe16c000000-7fe16c021000 rw-p 00000000 00:00 0 
7fe16c021000-7fe170000000 ---p 00000000 00:00 0 
7fe170000000-7fe170861000 rw-p 00000000 00:00 0 
7fe170861000-7fe174000000 ---p 00000000 00:00 0 
7fe174000000-7fe174021000 rw-p 00000000 00:00 0 
7fe174021000-7fe178000000 ---p 00000000 00:00 0 
7fe178000000-7fe178021000 rw-p 00000000 00:00 0 
7fe178021000-7fe17c000000 ---p 00000000 00:00 0 
7fe17c000000-7fe17d41a000 rw-p 00000000 00:00 0 
7fe17d41a000-7fe180000000 ---p 00000000 00:00 0 
7fe180000000-7fe180021000 rw-p 00000000 00:00 0 
7fe180021000-7fe184000000 ---p 00000000 00:00 0 
7fe184000000-7fe184021000 rw-p 00000000 00:00 0 
7fe184021000-7fe188000000 ---p 00000000 00:00 0 
7fe188000000-7fe18802e000 rw-p 00000000 00:00 0 
7fe18802e000-7fe18c000000 ---p 00000000 00:00 0 
7fe18c000000-7fe18c021000 rw-p 00000000 00:00 0 
7fe18c021000-7fe190000000 ---p 00000000 00:00 0 
7fe190000000-7fe190056000 rw-p 00000000 00:00 0 
7fe190056000-7fe194000000 ---p 00000000 00:00 0 
7fe194000000-7fe194003000 r--s 00033000 08:01 10354731                   /opt/android-studio/gradle/m2repository/com/googlecode/juniversalchardet/juniversalchardet/1.0.3/juniversalchardet-1.0.3.jar
7fe194003000-7fe194004000 r--s 00002000 08:01 10354764                   /opt/android-studio/gradle/m2repository/com/android/databinding/baseLibrary/2.1.3/baseLibrary-2.1.3.jar
7fe194004000-7fe194005000 r--s 00001000 08:01 10354785                   /opt/android-studio/gradle/m2repository/com/android/tools/annotations/25.1.3/annotations-25.1.3.jar
7fe194005000-7fe19400c000 r--s 000be000 08:01 10354919                   /opt/android-studio/gradle/m2repository/com/android/tools/lint/lint-checks/25.1.3/lint-checks-25.1.3.jar
7fe19400c000-7fe19400e000 r--s 00006000 08:01 10226448                   /opt/android-studio/gradle/m2repository/org/ow2/asm/asm-tree/5.0.3/asm-tree-5.0.3.jar
7fe19400e000-7fe19401c000 r--s 00081000 08:01 10229019                   /opt/android-studio/gradle/m2repository/org/bouncycastle/bcpkix-jdk15on/1.48/bcpkix-jdk15on-1.48.jar
7fe19401c000-7fe19401e000 r--s 00002000 08:01 10354739                   /opt/android-studio/gradle/m2repository/com/squareup/javawriter/2.5.0/javawriter-2.5.0.jar
7fe19401e000-7fe19401f000 r--s 00001000 08:01 10354866                   /opt/android-studio/gradle/m2repository/com/android/tools/jill/jill-api/0.10.0/jill-api-0.10.0.jar
7fe19401f000-7fe194021000 r--s 00003000 08:01 10354948                   /opt/android-studio/gradle/m2repository/com/android/tools/jack/jack-api/0.10.0/jack-api-0.10.0.jar
7fe194021000-7fe194027000 r--s 0004a000 08:01 10354884                   /opt/android-studio/gradle/m2repository/com/android/tools/ddms/ddmlib/25.1.3/ddmlib-25.1.3.jar
7fe194027000-7fe19402a000 r--s 00028000 08:01 10354822                   /opt/android-studio/gradle/m2repository/com/android/tools/build/manifest-merger/25.1.3/manifest-merger-25.1.3.jar
7fe19402a000-7fe19402c000 r--s 00018000 08:01 10354956                   /opt/android-studio/gradle/m2repository/com/android/tools/common/25.1.3/common-25.1.3.jar
7fe19402c000-7fe194034000 r--s 0007c000 08:01 10354875                   /opt/android-studio/gradle/m2repository/com/android/tools/sdk-common/25.1.3/sdk-common-25.1.3.jar
7fe194034000-7fe19403c000 r--s 00078000 08:01 10354940                   /opt/android-studio/gradle/m2repository/com/android/tools/sdklib/25.1.3/sdklib-25.1.3.jar
7fe19403c000-7fe19403d000 r--s 00002000 08:01 10354807                   /opt/android-studio/gradle/m2repository/com/android/tools/build/builder-test-api/2.1.3/builder-test-api-2.1.3.jar
7fe19403d000-7fe19403f000 r--s 00005000 08:01 10354843                   /opt/android-studio/gradle/m2repository/com/android/tools/build/builder-model/2.1.3/builder-model-2.1.3.jar
7fe19403f000-7fe194043000 r--s 0001e000 08:01 10229035                   /opt/android-studio/gradle/m2repository/org/jacoco/org.jacoco.core/0.7.6.201602180812/org.jacoco.core-0.7.6.201602180812.jar
7fe194043000-7fe194044000 r--s 00002000 08:01 10354995                   /opt/android-studio/gradle/m2repository/net/sf/proguard/proguard-gradle/5.2.1/proguard-gradle-5.2.1.jar
7fe194044000-7fe194046000 r--s 00009000 08:01 10226454                   /opt/android-studio/gradle/m2repository/org/ow2/asm/asm-commons/5.0.3/asm-commons-5.0.3.jar
7fe194046000-7fe194047000 r--s 0000c000 08:01 10226852                   /opt/android-studio/gradle/m2repository/org/ow2/asm/asm/5.0.3/asm-5.0.3.jar
7fe194047000-7fe19404b000 r--s 0002b000 08:01 10354777                   /opt/android-studio/gradle/m2repository/com/android/databinding/compilerCommon/2.1.3/compilerCommon-2.1.3.jar
7fe19404b000-7fe19404c000 r--s 00002000 08:01 10354814                   /opt/android-studio/gradle/m2repository/com/android/tools/build/gradle-api/2.1.3/gradle-api-2.1.3.jar
7fe19404c000-7fe19404d000 r--s 00000000 08:01 10354835                   /opt/android-studio/gradle/m2repository/com/android/tools/build/transform-api/2.0.0-deprecated-use-gradle-api/transform-api-2.0.0-deprecated-use-gradle-api.jar
7fe19404d000-7fe19404f000 r--s 00023000 08:01 10354926                   /opt/android-studio/gradle/m2repository/com/android/tools/lint/lint/25.1.3/lint-25.1.3.jar
7fe19404f000-7fe194063000 r--s 00130000 08:01 10354801                   /opt/android-studio/gradle/m2repository/com/android/tools/build/builder/2.1.3/builder-2.1.3.jar
7fe194063000-7fe194080000 r--s 0017c000 08:01 10354829                   /opt/android-studio/gradle/m2repository/com/android/tools/build/gradle-core/2.1.3/gradle-core-2.1.3.jar
7fe194080000-7fe194082000 r--s 0000c000 08:01 10354851                   /opt/android-studio/gradle/m2repository/com/android/tools/build/gradle/2.1.3/gradle-2.1.3.jar
7fe194082000-7fe194085000 ---p 00000000 00:00 0 
7fe194085000-7fe1940bb000 rw-p 00000000 00:00 0                          [stack:3962]
7fe1940bb000-7fe1940bc000 r--p 00000000 00:00 0 
7fe1940bc000-7fe194135000 r--s 010e5000 08:01 2493420                    /usr/lib/jvm/java-8-oracle/lib/tools.jar
7fe194135000-7fe194138000 ---p 00000000 00:00 0 
7fe194138000-7fe194236000 rw-p 00000000 00:00 0                          [stack:3959]
7fe194236000-7fe194239000 ---p 00000000 00:00 0 
7fe194239000-7fe194337000 rw-p 00000000 00:00 0                          [stack:3958]
7fe194337000-7fe19433a000 ---p 00000000 00:00 0 
7fe19433a000-7fe194438000 rw-p 00000000 00:00 0                          [stack:3955]
7fe194438000-7fe19443b000 ---p 00000000 00:00 0 
7fe19443b000-7fe194539000 rw-p 00000000 00:00 0                          [stack:3954]
7fe194539000-7fe19453c000 ---p 00000000 00:00 0 
7fe19453c000-7fe19463a000 rw-p 00000000 00:00 0                          [stack:3953]
7fe19463a000-7fe19463d000 ---p 00000000 00:00 0 
7fe19463d000-7fe19473b000 rw-p 00000000 00:00 0                          [stack:3952]
7fe19473b000-7fe194742000 r--s 00000000 08:01 13375965                   /usr/lib/x86_64-linux-gnu/gconv/gconv-modules.cache
7fe194742000-7fe194942000 rw-p 00000000 00:00 0 
7fe194942000-7fe194945000 ---p 00000000 00:00 0 
7fe194945000-7fe194a43000 rw-p 00000000 00:00 0                          [stack:3951]
7fe194a43000-7fe194a46000 ---p 00000000 00:00 0 
7fe194a46000-7fe194b44000 rw-p 00000000 00:00 0                          [stack:3950]
7fe194b44000-7fe194b4d000 r-xp 00000000 08:01 13766348                   /usr/lib/jvm/java-8-oracle/jre/lib/amd64/libmanagement.so
7fe194b4d000-7fe194d4c000 ---p 00009000 08:01 13766348                   /usr/lib/jvm/java-8-oracle/jre/lib/amd64/libmanagement.so
7fe194d4c000-7fe194d4d000 rw-p 00008000 08:01 13766348                   /usr/lib/jvm/java-8-oracle/jre/lib/amd64/libmanagement.so
7fe194d4d000-7fe194d51000 r--s 00097000 08:01 13118639                   /usr/lib/jvm/java-8-oracle/jre/lib/jsse.jar
7fe194d51000-7fe194d53000 r--s 00007000 08:01 10226052                   /opt/android-studio/gradle/gradle-2.14.1/lib/plugins/gradle-tooling-api-builders-2.14.1.jar
7fe194d53000-7fe194d56000 r--s 00008000 08:01 10226046                   /opt/android-studio/gradle/gradle-2.14.1/lib/plugins/gradle-testing-native-2.14.1.jar
7fe194d56000-7fe194d58000 r--s 00009000 08:01 10226146                   /opt/android-studio/gradle/gradle-2.14.1/lib/plugins/hamcrest-core-1.3.jar
7fe194d58000-7fe194d5e000 r--s 00033000 08:01 10226057                   /opt/android-studio/gradle/gradle-2.14.1/lib/plugins/snakeyaml-1.6.jar
7fe194d5e000-7fe194d60000 r--s 00006000 08:01 10226078                   /opt/android-studio/gradle/gradle-2.14.1/lib/plugins/jcommander-1.12.jar
7fe194d60000-7fe194d65000 r--s 00040000 08:01 10226055                   /opt/android-studio/gradle/gradle-2.14.1/lib/plugins/bsh-2.0b4.jar
7fe194d65000-7fe194d6e000 r--s 00089000 08:01 10226081                   /opt/android-studio/gradle/gradle-2.14.1/lib/plugins/testng-6.3.1.jar
7fe194d6e000-7fe194d76000 r--s 00045000 08:01 10226086                   /opt/android-studio/gradle/gradle-2.14.1/lib/plugins/junit-4.12.jar
7fe194d76000-7fe194d7c000 r--s 0002e000 08:01 10226062                   /opt/android-studio/gradle/gradle-2.14.1/lib/plugins/gradle-testing-jvm-2.14.1.jar
7fe194d7c000-7fe194d81000 r--s 00015000 08:01 10226071                   /opt/android-studio/gradle/gradle-2.14.1/lib/plugins/gradle-testing-base-2.14.1.jar
7fe194d81000-7fe194d82000 r--s 00002000 08:01 10226084                   /opt/android-studio/gradle/gradle-2.14.1/lib/plugins/sonar-batch-bootstrapper-2.9.jar
7fe194d82000-7fe194d85000 r--s 00015000 08:01 10226061                   /opt/android-studio/gradle/gradle-2.14.1/lib/plugins/gradle-sonar-2.14.1.jar
7fe194d85000-7fe194d8c000 r--s 00038000 08:01 10226102                   /opt/android-studio/gradle/gradle-2.14.1/lib/plugins/bcpg-jdk15on-1.51.jar
7fe194d8c000-7fe194d8e000 r--s 0000d000 08:01 10226108                   /opt/android-studio/gradle/gradle-2.14.1/lib/plugins/gradle-signing-2.14.1.jar
7fe194d8e000-7fe194d91000 r--s 00009000 08:01 10226091                   /opt/android-studio/gradle/gradle-2.14.1/lib/plugins/gradle-scala-2.14.1.jar
7fe194d91000-7fe194d92000 r--s 00004000 08:01 10226115                   /opt/android-studio/gradle/gradle-2.14.1/lib/plugins/gradle-resources-sftp-2.14.1.jar
7fe194d92000-7fe194da2000 r--s 00088000 08:01 10226068                   /opt/android-studio/gradle/gradle-2.14.1/lib/plugins/joda-time-2.8.2.jar
7fe194da2000-7fe194db3000 r--s 000cf000 08:01 10226153                   /opt/android-studio/gradle/gradle-2.14.1/lib/plugins/jackson-databind-2.3.2.jar
7fe194db3000-7fe194db5000 r--s 00007000 08:01 10226097                   /opt/android-studio/gradle/gradle-2.14.1/lib/plugins/jackson-annotations-2.3.2.jar
7fe194db5000-7fe194db8000 r--s 0002e000 08:01 10226104                   /opt/android-studio/gradle/gradle-2.14.1/lib/plugins/jackson-core-2.3.2.jar
7fe194db8000-7fe194dc3000 r--s 0006b000 08:01 10226170                   /opt/android-studio/gradle/gradle-2.14.1/lib/plugins/aws-java-sdk-core-1.9.19.jar
7fe194dc3000-7fe194dc9000 r--s 00036000 08:01 10226096                   /opt/android-studio/gradle/gradle-2.14.1/lib/plugins/aws-java-sdk-kms-1.9.19.jar
7fe194dc9000-7fe194dd4000 r--s 00079000 08:01 10226083                   /opt/android-studio/gradle/gradle-2.14.1/lib/plugins/aws-java-sdk-s3-1.9.19.jar
7fe194dd4000-7fe194dd5000 r--s 00003000 08:01 10226149                   /opt/android-studio/gradle/gradle-2.14.1/lib/plugins/gradle-resources-s3-2.14.1.jar
7fe194dd5000-7fe194dd7000 r--s 00005000 08:01 10226144                   /opt/android-studio/gradle/gradle-2.14.1/lib/plugins/jatl-0.2.2.jar
7fe194dd7000-7fe194dd9000 r--s 0000f000 08:01 10226161                   /opt/android-studio/gradle/gradle-2.14.1/lib/plugins/gradle-reporting-2.14.1.jar
7fe194dd9000-7fe194ddb000 r--s 00002000 08:01 10226101                   /opt/android-studio/gradle/gradle-2.14.1/lib/plugins/gradle-publish-2.14.1.jar
7fe194ddb000-7fe194ddd000 r--s 00009000 08:01 10226074                   /opt/android-studio/gradle/gradle-2.14.1/lib/plugins/commons-cli-1.2.jar
7fe194ddd000-7fe194de3000 r--s 00033000 08:01 10226085                   /opt/android-studio/gradle/gradle-2.14.1/lib/plugins/gradle-plugins-2.14.1.jar
7fe194de3000-7fe194de5000 r--s 00007000 08:01 10226049                   /opt/android-studio/gradle/gradle-2.14.1/lib/plugins/gradle-plugin-development-2.14.1.jar
7fe194de5000-7fe194deb000 r--s 0002a000 08:01 10226107                   /opt/android-studio/gradle/gradle-2.14.1/lib/plugins/gradle-platform-play-2.14.1.jar
7fe194deb000-7fe194df8000 r--s 0004d000 08:01 10226106                   /opt/android-studio/gradle/gradle-2.14.1/lib/plugins/gradle-platform-native-2.14.1.jar
7fe194df8000-7fe194dfc000 r--s 0001a000 08:01 10226147                   /opt/android-studio/gradle/gradle-2.14.1/lib/plugins/gradle-platform-jvm-2.14.1.jar
7fe194dfc000-7fe194e03000 r--s 00029000 08:01 10226077                   /opt/android-studio/gradle/gradle-2.14.1/lib/plugins/gradle-platform-base-2.14.1.jar
7fe194e03000-7fe194e24000 r--s 001c3000 08:01 10226053                   /opt/android-studio/gradle/gradle-2.14.1/lib/plugins/bndlib-2.4.0.jar
7fe194e24000-7fe194e26000 r--s 00003000 08:01 10226152                   /opt/android-studio/gradle/gradle-2.14.1/lib/plugins/gradle-osgi-2.14.1.jar
7fe194e26000-7fe194e29000 r--s 0000c000 08:01 10226156                   /opt/android-studio/gradle/gradle-2.14.1/lib/plugins/pmaven-groovy-0.8-20100325.jar
7fe194e29000-7fe194e2a000 r--s 00004000 08:01 10226142                   /opt/android-studio/gradle/gradle-2.14.1/lib/plugins/pmaven-common-0.8-20100325.jar
7fe194e2a000-7fe194e30000 r--s 00022000 08:01 10226076                   /opt/android-studio/gradle/gradle-2.14.1/lib/plugins/gradle-maven-2.14.1.jar
7fe194e30000-7fe194e32000 r--s 0000a000 08:01 10226058                   /opt/android-studio/gradle/gradle-2.14.1/lib/plugins/gradle-language-scala-2.14.1.jar
7fe194e32000-7fe194e38000 r--s 0001a000 08:01 10226063                   /opt/android-studio/gradle/gradle-2.14.1/lib/plugins/gradle-language-native-2.14.1.jar
7fe194e38000-7fe194e3a000 r--s 00008000 08:01 10226051                   /opt/android-studio/gradle/gradle-2.14.1/lib/plugins/gradle-language-jvm-2.14.1.jar
7fe194e3a000-7fe194e40000 r--s 00024000 08:01 10226143                   /opt/android-studio/gradle/gradle-2.14.1/lib/plugins/gradle-language-java-2.14.1.jar
7fe194e40000-7fe194e42000 r--s 0000a000 08:01 10226105                   /opt/android-studio/gradle/gradle-2.14.1/lib/plugins/gradle-language-groovy-2.14.1.jar
7fe194e42000-7fe194e45000 r--s 0001e000 08:01 10226045                   /opt/android-studio/gradle/gradle-2.14.1/lib/plugins/jsp-api-2.1-6.1.14.jar
7fe194e45000-7fe194e68000 r--s 00344000 08:01 10226098                   /opt/android-studio/gradle/gradle-2.14.1/lib/plugins/core-3.1.1.jar
7fe194e68000-7fe194e69000 r--s 00006000 08:01 10226154                   /opt/android-studio/gradle/gradle-2.14.1/lib/plugins/jetty-naming-6.1.25.jar
7fe194e69000-7fe194e6a000 r--s 00002000 08:01 10226093                   /opt/android-studio/gradle/gradle-2.14.1/lib/plugins/geronimo-annotation_1.0_spec-1.0.jar
7fe194e6a000-7fe194e6c000 r--s 00002000 08:01 10226150                   /opt/android-studio/gradle/gradle-2.14.1/lib/plugins/jetty-annotations-6.1.25.jar
7fe194e6c000-7fe194e7d000 r--s 000ea000 08:01 10226163                   /opt/android-studio/gradle/gradle-2.14.1/lib/plugins/jsp-2.1-6.1.14.jar
7fe194e7d000-7fe194e7f000 r--s 0000d000 08:01 10226099                   /opt/android-studio/gradle/gradle-2.14.1/lib/plugins/jetty-plus-6.1.25.jar
7fe194e7f000-7fe194e81000 r--s 0001f000 08:01 10226177                   /opt/android-studio/gradle/gradle-2.14.1/lib/plugins/servlet-api-2.5-20081211.jar
7fe194e81000-7fe194e85000 r--s 00028000 08:01 10226079                   /opt/android-studio/gradle/gradle-2.14.1/lib/plugins/jetty-util-6.1.25.jar
7fe194e85000-7fe194e8c000 r--s 0007d000 08:01 10226087                   /opt/android-studio/gradle/gradle-2.14.1/lib/plugins/jetty-6.1.25.jar
7fe194e8c000-7fe194e8e000 r--s 00009000 08:01 10226159                   /opt/android-studio/gradle/gradle-2.14.1/lib/plugins/gradle-jetty-2.14.1.jar
7fe194e8e000-7fe194e95000 r--s 00035000 08:01 10226173                   /opt/android-studio/gradle/gradle-2.14.1/lib/plugins/simple-4.1.21.jar
7fe194e95000-7fe194ea1000 r--s 00100000 08:01 10226069                   /opt/android-studio/gradle/gradle-2.14.1/lib/plugins/rhino-1.7R3.jar
7fe194ea1000-7fe194ea5000 r--s 00011000 08:01 10226141                   /opt/android-studio/gradle/gradle-2.14.1/lib/plugins/gradle-javascript-2.14.1.jar
7fe194ea5000-7fe194ea7000 r--s 0000c000 08:01 10226175                   /opt/android-studio/gradle/gradle-2.14.1/lib/plugins/gradle-jacoco-2.14.1.jar
7fe194ea7000-7fe194eaa000 r--s 0000e000 08:01 10226172                   /opt/android-studio/gradle/gradle-2.14.1/lib/plugins/gradle-ivy-2.14.1.jar
7fe194eaa000-7fe194eab000 r--s 00002000 08:01 10226164                   /opt/android-studio/gradle/gradle-2.14.1/lib/plugins/gradle-ide-play-2.14.1.jar
7fe194eab000-7fe194eb0000 r--s 0002b000 08:01 10226160                   /opt/android-studio/gradle/gradle-2.14.1/lib/plugins/gradle-ide-native-2.14.1.jar
7fe194eb0000-7fe194ebb000 r--s 00066000 08:01 10226059                   /opt/android-studio/gradle/gradle-2.14.1/lib/plugins/gradle-ide-2.14.1.jar
7fe194ebb000-7fe194ebc000 r--s 00008000 08:01 10226056                   /opt/android-studio/gradle/gradle-2.14.1/lib/plugins/gradle-ear-2.14.1.jar
7fe194ebc000-7fe194ec2000 r--s 00032000 08:01 10226067                   /opt/android-studio/gradle/gradle-2.14.1/lib/plugins/gradle-diagnostics-2.14.1.jar
7fe194ec2000-7fe194ec6000 r--s 00021000 08:01 10226162                   /opt/android-studio/gradle/gradle-2.14.1/lib/plugins/gradle-code-quality-2.14.1.jar
7fe194ec6000-7fe194eca000 r--s 0001f000 08:01 10226066                   /opt/android-studio/gradle/gradle-2.14.1/lib/plugins/gradle-build-init-2.14.1.jar
7fe194eca000-7fe194ed1000 r--s 0008e000 08:01 10226169                   /opt/android-studio/gradle/gradle-2.14.1/lib/plugins/gradle-build-comparison-2.14.1.jar
7fe194ed1000-7fe194ed3000 r--s 00008000 08:01 10226145                   /opt/android-studio/gradle/gradle-2.14.1/lib/plugins/gradle-antlr-2.14.1.jar
7fe194ed3000-7fe194ed5000 r--s 00004000 08:01 10226171                   /opt/android-studio/gradle/gradle-2.14.1/lib/plugins/gradle-announce-2.14.1.jar
7fe194ed5000-7fe194eed000 r--s 00115000 08:01 10226090                   /opt/android-studio/gradle/gradle-2.14.1/lib/plugins/xercesImpl-2.9.1.jar
7fe194eed000-7fe194ef5000 r--s 00028000 08:01 10226118                   /opt/android-studio/gradle/gradle-2.14.1/lib/plugins/xml-apis-1.3.04.jar
7fe194ef5000-7fe194efb000 r--s 0005b000 08:01 10226109                   /opt/android-studio/gradle/gradle-2.14.1/lib/plugins/jcifs-1.3.17.jar
7fe194efb000-7fe194f02000 r--s 00049000 08:01 10226120                   /opt/android-studio/gradle/gradle-2.14.1/lib/plugins/httpcore-4.4.4.jar
7fe194f02000-7fe194f08000 r--s 00033000 08:01 10226065                   /opt/android-studio/gradle/gradle-2.14.1/lib/plugins/commons-codec-1.6.jar
7fe194f08000-7fe194f0b000 r--s 0001c000 08:01 10226060                   /opt/android-studio/gradle/gradle-2.14.1/lib/plugins/nekohtml-1.9.14.jar
7fe194f0b000-7fe194f18000 r--s 000a4000 08:01 10226157                   /opt/android-studio/gradle/gradle-2.14.1/lib/plugins/httpclient-4.4.1.jar
7fe194f18000-7fe194f1a000 r--s 0000a000 08:01 10226047                   /opt/android-studio/gradle/gradle-2.14.1/lib/plugins/gradle-resources-http-2.14.1.jar
7fe194f1a000-7fe194f1e000 r--s 00014000 08:01 10226112                   /opt/android-studio/gradle/gradle-2.14.1/lib/plugins/gradle-plugin-use-2.14.1.jar
7fe194f1e000-7fe194f1f000 r--s 00000000 08:01 10226003                   /opt/android-studio/gradle/gradle-2.14.1/lib/gradle-installation-beacon-2.14.1.jar
7fe194f1f000-7fe194f20000 r--s 00007000 08:01 10226075                   /opt/android-studio/gradle/gradle-2.14.1/lib/plugins/wagon-http-shared4-2.4.jar
7fe194f20000-7fe194f24000 r--s 00033000 08:01 10226148                   /opt/android-studio/gradle/gradle-2.14.1/lib/plugins/plexus-utils-2.0.6.jar
7fe194f24000-7fe194f28000 r--s 00021000 08:01 10226111                   /opt/android-studio/gradle/gradle-2.14.1/lib/plugins/maven-model-builder-3.0.4.jar
7fe194f28000-7fe194f29000 r--s 00002000 08:01 10226064                   /opt/android-studio/gradle/gradle-2.14.1/lib/plugins/wagon-file-2.4.jar
7fe194f29000-7fe194f2b000 r--s 00002000 08:01 10226140                   /opt/android-studio/gradle/gradle-2.14.1/lib/plugins/plexus-cipher-1.7.jar
7fe194f2b000-7fe194f2e000 r--s 00013000 08:01 10226176                   /opt/android-studio/gradle/gradle-2.14.1/lib/plugins/aether-api-1.13.1.jar
7fe194f2e000-7fe194f30000 r--s 0000a000 08:01 10226080                   /opt/android-studio/gradle/gradle-2.14.1/lib/plugins/maven-settings-3.0.4.jar
7fe194f30000-7fe194f32000 r--s 0000d000 08:01 10226113                   /opt/android-studio/gradle/gradle-2.14.1/lib/plugins/plexus-interpolation-1.14.jar
7fe194f32000-7fe194f34000 r--s 0000b000 08:01 10226155                   /opt/android-studio/gradle/gradle-2.14.1/lib/plugins/maven-artifact-3.0.4.jar
7fe194f34000-7fe194f3b000 r--s 0002e000 08:01 10226072                   /opt/android-studio/gradle/gradle-2.14.1/lib/plugins/plexus-container-default-1.5.5.jar
7fe194f3b000-7fe194f3d000 r--s 0000b000 08:01 10226100                   /opt/android-studio/gradle/gradle-2.14.1/lib/plugins/maven-plugin-api-3.0.4.jar
7fe194f3d000-7fe194f3f000 r--s 00000000 08:01 10226103                   /opt/android-studio/gradle/gradle-2.14.1/lib/plugins/plexus-component-annotations-1.5.5.jar
7fe194f3f000-7fe194f45000 r--s 0003f000 08:01 10226114                   /opt/android-studio/gradle/gradle-2.14.1/lib/plugins/maven-compat-3.0.4.jar
7fe194f45000-7fe194f48000 r--s 00008000 08:01 10226088                   /opt/android-studio/gradle/gradle-2.14.1/lib/plugins/maven-settings-builder-3.0.4.jar
7fe194f48000-7fe194f49000 r--s 00002000 08:01 10226044                   /opt/android-studio/gradle/gradle-2.14.1/lib/plugins/wagon-http-2.4.jar
7fe194f49000-7fe194f4b000 r--s 00026000 08:01 10226174                   /opt/android-studio/gradle/gradle-2.14.1/lib/plugins/maven-model-3.0.4.jar
7fe194f4b000-7fe194f4d000 r--s 00006000 08:01 10226151                   /opt/android-studio/gradle/gradle-2.14.1/lib/plugins/aether-connector-wagon-1.13.1.jar
7fe194f4d000-7fe194f4f000 r--s 0000a000 08:01 10226073                   /opt/android-studio/gradle/gradle-2.14.1/lib/plugins/plexus-classworlds-2.4.jar
7fe194f4f000-7fe194f51000 r--s 00006000 08:01 10226116                   /opt/android-studio/gradle/gradle-2.14.1/lib/plugins/maven-repository-metadata-3.0.4.jar
7fe194f51000-7fe194f53000 r--s 0000c000 08:01 10226092                   /opt/android-studio/gradle/gradle-2.14.1/lib/plugins/maven-aether-provider-3.0.4.jar
7fe194f53000-7fe194f55000 r--s 0000b000 08:01 10226082                   /opt/android-studio/gradle/gradle-2.14.1/lib/plugins/wagon-provider-api-2.4.jar
7fe194f55000-7fe194f56000 r--s 00003000 08:01 10226048                   /opt/android-studio/gradle/gradle-2.14.1/lib/plugins/aether-spi-1.13.1.jar
7fe194f56000-7fe194f5a000 r--s 0001c000 08:01 10226165                   /opt/android-studio/gradle/gradle-2.14.1/lib/plugins/aether-util-1.13.1.jar
7fe194f5a000-7fe194f5d000 r--s 0001d000 08:01 10226110                   /opt/android-studio/gradle/gradle-2.14.1/lib/plugins/aether-impl-1.13.1.jar
7fe194f5d000-7fe194f62000 r--s 00040000 08:01 10226050                   /opt/android-studio/gradle/gradle-2.14.1/lib/plugins/jsch-0.1.53.jar
7fe194f62000-7fe194fa2000 r--s 00277000 08:01 10226054                   /opt/android-studio/gradle/gradle-2.14.1/lib/plugins/bcprov-jdk15on-1.51.jar
7fe194fa2000-7fe194fae000 r--s 0007d000 08:01 10226119                   /opt/android-studio/gradle/gradle-2.14.1/lib/plugins/maven-core-3.0.4.jar
7fe194fae000-7fe194fca000 r--s 000d3000 08:01 10226094                   /opt/android-studio/gradle/gradle-2.14.1/lib/plugins/gradle-dependency-management-2.14.1.jar
7fe194fca000-7fe194fdf000 r-xp 00000000 08:01 2625402                    /lib/x86_64-linux-gnu/libgcc_s.so.1
7fe194fdf000-7fe1951de000 ---p 00015000 08:01 2625402                    /lib/x86_64-linux-gnu/libgcc_s.so.1
7fe1951de000-7fe1951df000 r--p 00014000 08:01 2625402                    /lib/x86_64-linux-gnu/libgcc_s.so.1
7fe1951df000-7fe1951e0000 rw-p 00015000 08:01 2625402                    /lib/x86_64-linux-gnu/libgcc_s.so.1
7fe1951e0000-7fe1952c2000 r-xp 00000000 08:01 13114888                   /usr/lib/x86_64-linux-gnu/libstdc++.so.6.0.16
7fe1952c2000-7fe1954c1000 ---p 000e2000 08:01 13114888                   /usr/lib/x86_64-linux-gnu/libstdc++.so.6.0.16
7fe1954c1000-7fe1954c9000 r--p 000e1000 08:01 13114888                   /usr/lib/x86_64-linux-gnu/libstdc++.so.6.0.16
7fe1954c9000-7fe1954cb000 rw-p 000e9000 08:01 13114888                   /usr/lib/x86_64-linux-gnu/libstdc++.so.6.0.16
7fe1954cb000-7fe1954e0000 rw-p 00000000 00:00 0 
7fe1954e0000-7fe1954e1000 r--s 00006000 08:01 10226117                   /opt/android-studio/gradle/gradle-2.14.1/lib/plugins/plexus-sec-dispatcher-1.3.jar
7fe1954e1000-7fe1954e5000 r--s 0001d000 08:01 10226095                   /opt/android-studio/gradle/gradle-2.14.1/lib/plugins/xbean-reflect-3.4.jar
7fe1954e5000-7fe1954ea000 r--s 0002a000 08:01 10226089                   /opt/android-studio/gradle/gradle-2.14.1/lib/plugins/gson-2.2.4.jar
7fe1954ea000-7fe1954f9000 r--s 000d9000 08:01 10226070                   /opt/android-studio/gradle/gradle-2.14.1/lib/plugins/ivy-2.2.0.jar
7fe1954f9000-7fe1954fd000 r-xp 00000000 08:01 10620998                   /root/.gradle/native/19/linux-amd64/libnative-platform.so
7fe1954fd000-7fe1956fc000 ---p 00004000 08:01 10620998                   /root/.gradle/native/19/linux-amd64/libnative-platform.so
7fe1956fc000-7fe1956fd000 rw-p 00003000 08:01 10620998                   /root/.gradle/native/19/linux-amd64/libnative-platform.so
7fe1956fd000-7fe19570e000 r-xp 00000000 08:01 13766351                   /usr/lib/jvm/java-8-oracle/jre/lib/amd64/libnio.so
7fe19570e000-7fe19590d000 ---p 00011000 08:01 13766351                   /usr/lib/jvm/java-8-oracle/jre/lib/amd64/libnio.so
7fe19590d000-7fe19590e000 rw-p 00010000 08:01 13766351                   /usr/lib/jvm/java-8-oracle/jre/lib/amd64/libnio.so
7fe19590e000-7fe195924000 r-xp 00000000 08:01 13766365                   /usr/lib/jvm/java-8-oracle/jre/lib/amd64/libnet.so
7fe195924000-7fe195b24000 ---p 00016000 08:01 13766365                   /usr/lib/jvm/java-8-oracle/jre/lib/amd64/libnet.so
7fe195b24000-7fe195b25000 rw-p 00016000 08:01 13766365                   /usr/lib/jvm/java-8-oracle/jre/lib/amd64/libnet.so
7fe195b25000-7fe195b27000 r--s 00005000 08:01 10226013                   /opt/android-studio/gradle/gradle-2.14.1/lib/gradle-wrapper-2.14.1.jar
7fe195b27000-7fe195b35000 r--s 0004f000 08:01 10225998                   /opt/android-studio/gradle/gradle-2.14.1/lib/gradle-tooling-api-2.14.1.jar
7fe195b35000-7fe195b37000 r--s 00002000 08:01 10226002                   /opt/android-studio/gradle/gradle-2.14.1/lib/gradle-open-api-2.14.1.jar
7fe195b37000-7fe195b3d000 r--s 00032000 08:01 10226036                   /opt/android-studio/gradle/gradle-2.14.1/lib/jaxen-1.1.jar
7fe195b3d000-7fe195b42000 r--s 00048000 08:01 10226001                   /opt/android-studio/gradle/gradle-2.14.1/lib/dom4j-1.6.1.jar
7fe195b42000-7fe195b4d000 r--s 00059000 08:01 10226030                   /opt/android-studio/gradle/gradle-2.14.1/lib/gradle-ui-2.14.1.jar
7fe195b4d000-7fe195b50000 r--s 0000b000 08:01 10226178                   /opt/android-studio/gradle/gradle-2.14.1/lib/gradle-resources-2.14.1.jar
7fe195b50000-7fe195b52000 r--s 00003000 08:01 10226039                   /opt/android-studio/gradle/gradle-2.14.1/lib/jcl-over-slf4j-1.7.10.jar
7fe195b52000-7fe195b53000 r--s 00005000 08:01 10226033                   /opt/android-studio/gradle/gradle-2.14.1/lib/log4j-over-slf4j-1.7.10.jar
7fe195b53000-7fe195b55000 r--s 00000000 08:01 10226179                   /opt/android-studio/gradle/gradle-2.14.1/lib/jul-to-slf4j-1.7.10.jar
7fe195b55000-7fe195b5a000 r--s 0001c000 08:01 10226011                   /opt/android-studio/gradle/gradle-2.14.1/lib/gradle-logging-2.14.1.jar
7fe195b5a000-7fe195b5c000 r--s 00007000 08:01 10226042                   /opt/android-studio/gradle/gradle-2.14.1/lib/objenesis-1.2.jar
7fe195b5c000-7fe195b5e000 r--s 00000000 08:01 10226006                   /opt/android-studio/gradle/gradle-2.14.1/lib/minlog-1.2.jar
7fe195b5e000-7fe195b60000 r--s 0000f000 08:01 10226017                   /opt/android-studio/gradle/gradle-2.14.1/lib/reflectasm-1.07-shaded.jar
7fe195b60000-7fe195b64000 r--s 00026000 08:01 10226031                   /opt/android-studio/gradle/gradle-2.14.1/lib/kryo-2.20.jar
7fe195b64000-7fe195b6a000 r--s 00025000 08:01 10226000                   /opt/android-studio/gradle/gradle-2.14.1/lib/gradle-messaging-2.14.1.jar
7fe195b6a000-7fe195b6b000 r--s 00003000 08:01 10226038                   /opt/android-studio/gradle/gradle-2.14.1/lib/native-platform-freebsd-amd64-0.10.jar
7fe195b6b000-7fe195b6c000 r--s 00003000 08:01 10226020                   /opt/android-studio/gradle/gradle-2.14.1/lib/native-platform-freebsd-i386-0.10.jar
7fe195b6c000-7fe195b6d000 r--s 00005000 08:01 10226008                   /opt/android-studio/gradle/gradle-2.14.1/lib/native-platform-windows-i386-0.10.jar
7fe195b6d000-7fe195b6e000 r--s 00005000 08:01 10226007                   /opt/android-studio/gradle/gradle-2.14.1/lib/native-platform-windows-amd64-0.10.jar
7fe195b6e000-7fe195b6f000 r--s 00003000 08:01 10226021                   /opt/android-studio/gradle/gradle-2.14.1/lib/native-platform-linux-i386-0.10.jar
7fe195b6f000-7fe195b70000 r--s 00003000 08:01 10226005                   /opt/android-studio/gradle/gradle-2.14.1/lib/native-platform-linux-amd64-0.10.jar
7fe195b70000-7fe195b71000 r--s 00002000 08:01 10226004                   /opt/android-studio/gradle/gradle-2.14.1/lib/native-platform-osx-amd64-0.10.jar
7fe195b71000-7fe195b73000 r--s 00008000 08:01 10226035                   /opt/android-studio/gradle/gradle-2.14.1/lib/jansi-1.2.1.jar
7fe195b73000-7fe195b76000 r--s 0000d000 08:01 10226029                   /opt/android-studio/gradle/gradle-2.14.1/lib/native-platform-0.10.jar
7fe195b76000-7fe195b7a000 r--s 000e4000 08:01 10226028                   /opt/android-studio/gradle/gradle-2.14.1/lib/jna-3.2.7.jar
7fe195b7a000-7fe195b7c000 r--s 00009000 08:01 10226040                   /opt/android-studio/gradle/gradle-2.14.1/lib/gradle-native-2.14.1.jar
7fe195b7c000-7fe195b7e000 r--s 00005000 08:01 10226041                   /opt/android-studio/gradle/gradle-2.14.1/lib/gradle-cli-2.14.1.jar
7fe195b7e000-7fe195b80000 r--s 00007000 08:01 10226010                   /opt/android-studio/gradle/gradle-2.14.1/lib/gradle-model-groovy-2.14.1.jar
7fe195b80000-7fe195b8f000 r--s 00080000 08:01 10226026                   /opt/android-studio/gradle/gradle-2.14.1/lib/gradle-model-core-2.14.1.jar
7fe195b8f000-7fe195b93000 r--s 00027000 08:01 10226032                   /opt/android-studio/gradle/gradle-2.14.1/lib/commons-io-2.2.jar
7fe195b93000-7fe195ba0000 r--s 00083000 08:01 10226180                   /opt/android-studio/gradle/gradle-2.14.1/lib/commons-collections-3.2.2.jar
7fe195ba0000-7fe195c0f000 r--s 0063e000 08:01 10226182                   /opt/android-studio/gradle/gradle-2.14.1/lib/groovy-all-2.4.4.jar
7fe195c0f000-7fe195c10000 ---p 00000000 00:00 0 
7fe195c10000-7fe195d10000 rw-p 00000000 00:00 0                          [stack:3948]
7fe195d10000-7fe195d13000 ---p 00000000 00:00 0 
7fe195d13000-7fe195e11000 rw-p 00000000 00:00 0                          [stack:3947]
7fe195e11000-7fe195e14000 ---p 00000000 00:00 0 
7fe195e14000-7fe195f12000 rw-p 00000000 00:00 0                          [stack:3946]
7fe195f12000-7fe195f15000 ---p 00000000 00:00 0 
7fe195f15000-7fe196013000 rw-p 00000000 00:00 0                          [stack:3945]
7fe196013000-7fe196016000 ---p 00000000 00:00 0 
7fe196016000-7fe196114000 rw-p 00000000 00:00 0                          [stack:3944]
7fe196114000-7fe1967f8000 r--p 00000000 08:01 13113697                   /usr/lib/locale/locale-archive
7fe1967f8000-7fe1967fb000 ---p 00000000 00:00 0 
7fe1967fb000-7fe1968f9000 rw-p 00000000 00:00 0                          [stack:3943]
7fe1968f9000-7fe1968fc000 ---p 00000000 00:00 0 
7fe1968fc000-7fe1969fa000 rw-p 00000000 00:00 0                          [stack:3942]
7fe1969fa000-7fe1969fb000 ---p 00000000 00:00 0 
7fe1969fb000-7fe199000000 rw-p 00000000 00:00 0                          [stack:3941]
7fe199000000-7fe199ab0000 rwxp 00000000 00:00 0 
7fe199ab0000-7fe1a8000000 ---p 00000000 00:00 0 
7fe1a8000000-7fe1a8b9c000 rw-p 00000000 00:00 0 
7fe1a8b9c000-7fe1ac000000 ---p 00000000 00:00 0 
7fe1ac000000-7fe1ac001000 r--s 00002000 08:01 10226034                   /opt/android-studio/gradle/gradle-2.14.1/lib/native-platform-osx-i386-0.10.jar
7fe1ac001000-7fe1ac002000 r--s 00006000 08:01 10226025                   /opt/android-studio/gradle/gradle-2.14.1/lib/gradle-base-services-groovy-2.14.1.jar
7fe1ac002000-7fe1ac003000 r--s 00002000 08:01 10226018                   /opt/android-studio/gradle/gradle-2.14.1/lib/gradle-docs-2.14.1.jar
7fe1ac003000-7fe1ac008000 r--s 00038000 08:01 10226022                   /opt/android-studio/gradle/gradle-2.14.1/lib/asm-all-5.1.jar
7fe1ac008000-7fe1ac030000 r--s 001cf000 08:01 10226014                   /opt/android-studio/gradle/gradle-2.14.1/lib/guava-jdk5-17.0.jar
7fe1ac030000-7fe1ac04f000 r--s 001d1000 08:01 10226012                   /opt/android-studio/gradle/gradle-2.14.1/lib/ant-1.9.6.jar
7fe1ac04f000-7fe1ac057000 r--s 0003a000 08:01 10226023                   /opt/android-studio/gradle/gradle-2.14.1/lib/gradle-base-services-2.14.1.jar
7fe1ac057000-7fe1ac08e000 r--s 001bd000 08:01 10226015                   /opt/android-studio/gradle/gradle-2.14.1/lib/gradle-core-2.14.1.jar
7fe1ac08e000-7fe1ac502000 rw-p 00000000 00:00 0 
7fe1ac502000-7fe1ac6db000 r--s 03d29000 08:01 13118676                   /usr/lib/jvm/java-8-oracle/jre/lib/rt.jar
7fe1ac6db000-7fe1ad151000 rw-p 00000000 00:00 0 
7fe1ad151000-7fe1ad152000 ---p 00000000 00:00 0 
7fe1ad152000-7fe1ad252000 rw-p 00000000 00:00 0                          [stack:3940]
7fe1ad252000-7fe1ad253000 ---p 00000000 00:00 0 
7fe1ad253000-7fe1ad36c000 rw-p 00000000 00:00 0                          [stack:3939]
7fe1ad36c000-7fe1ad4a9000 ---p 00000000 00:00 0 
7fe1ad4a9000-7fe1ad4c2000 rw-p 00000000 00:00 0 
7fe1ad4c2000-7fe1ad5fe000 ---p 00000000 00:00 0 
7fe1ad5fe000-7fe1ad64b000 rw-p 00000000 00:00 0 
7fe1ad64b000-7fe1ad6a9000 ---p 00000000 00:00 0 
7fe1ad6a9000-7fe1ad6d5000 rw-p 00000000 00:00 0 
7fe1ad6d5000-7fe1ada6a000 ---p 00000000 00:00 0 
7fe1ada6a000-7fe1ada84000 r-xp 00000000 08:01 13766358                   /usr/lib/jvm/java-8-oracle/jre/lib/amd64/libzip.so
7fe1ada84000-7fe1adc84000 ---p 0001a000 08:01 13766358                   /usr/lib/jvm/java-8-oracle/jre/lib/amd64/libzip.so
7fe1adc84000-7fe1adc85000 rw-p 0001a000 08:01 13766358                   /usr/lib/jvm/java-8-oracle/jre/lib/amd64/libzip.so
7fe1adc85000-7fe1adc90000 r-xp 00000000 08:01 2621673                    /lib/x86_64-linux-gnu/libnss_files-2.15.so
7fe1adc90000-7fe1ade8f000 ---p 0000b000 08:01 2621673                    /lib/x86_64-linux-gnu/libnss_files-2.15.so
7fe1ade8f000-7fe1ade90000 r--p 0000a000 08:01 2621673                    /lib/x86_64-linux-gnu/libnss_files-2.15.so
7fe1ade90000-7fe1ade91000 rw-p 0000b000 08:01 2621673                    /lib/x86_64-linux-gnu/libnss_files-2.15.so
7fe1ade91000-7fe1ade9b000 r-xp 00000000 08:01 2621658                    /lib/x86_64-linux-gnu/libnss_nis-2.15.so
7fe1ade9b000-7fe1ae09b000 ---p 0000a000 08:01 2621658                    /lib/x86_64-linux-gnu/libnss_nis-2.15.so
7fe1ae09b000-7fe1ae09c000 r--p 0000a000 08:01 2621658                    /lib/x86_64-linux-gnu/libnss_nis-2.15.so
7fe1ae09c000-7fe1ae09d000 rw-p 0000b000 08:01 2621658                    /lib/x86_64-linux-gnu/libnss_nis-2.15.so
7fe1ae09d000-7fe1ae0b4000 r-xp 00000000 08:01 2621667                    /lib/x86_64-linux-gnu/libnsl-2.15.so
7fe1ae0b4000-7fe1ae2b3000 ---p 00017000 08:01 2621667                    /lib/x86_64-linux-gnu/libnsl-2.15.so
7fe1ae2b3000-7fe1ae2b4000 r--p 00016000 08:01 2621667                    /lib/x86_64-linux-gnu/libnsl-2.15.so
7fe1ae2b4000-7fe1ae2b5000 rw-p 00017000 08:01 2621667                    /lib/x86_64-linux-gnu/libnsl-2.15.so
7fe1ae2b5000-7fe1ae2b7000 rw-p 00000000 00:00 0 
7fe1ae2b7000-7fe1ae2bf000 r-xp 00000000 08:01 2621672                    /lib/x86_64-linux-gnu/libnss_compat-2.15.so
7fe1ae2bf000-7fe1ae4be000 ---p 00008000 08:01 2621672                    /lib/x86_64-linux-gnu/libnss_compat-2.15.so
7fe1ae4be000-7fe1ae4bf000 r--p 00007000 08:01 2621672                    /lib/x86_64-linux-gnu/libnss_compat-2.15.so
7fe1ae4bf000-7fe1ae4c0000 rw-p 00008000 08:01 2621672                    /lib/x86_64-linux-gnu/libnss_compat-2.15.so
7fe1ae4c0000-7fe1ae4ea000 r-xp 00000000 08:01 13766323                   /usr/lib/jvm/java-8-oracle/jre/lib/amd64/libjava.so
7fe1ae4ea000-7fe1ae6ea000 ---p 0002a000 08:01 13766323                   /usr/lib/jvm/java-8-oracle/jre/lib/amd64/libjava.so
7fe1ae6ea000-7fe1ae6ec000 rw-p 0002a000 08:01 13766323                   /usr/lib/jvm/java-8-oracle/jre/lib/amd64/libjava.so
7fe1ae6ec000-7fe1ae6f9000 r-xp 00000000 08:01 13766361                   /usr/lib/jvm/java-8-oracle/jre/lib/amd64/libverify.so
7fe1ae6f9000-7fe1ae8f9000 ---p 0000d000 08:01 13766361                   /usr/lib/jvm/java-8-oracle/jre/lib/amd64/libverify.so
7fe1ae8f9000-7fe1ae8fb000 rw-p 0000d000 08:01 13766361                   /usr/lib/jvm/java-8-oracle/jre/lib/amd64/libverify.so
7fe1ae8fb000-7fe1ae902000 r-xp 00000000 08:01 2621660                    /lib/x86_64-linux-gnu/librt-2.15.so
7fe1ae902000-7fe1aeb01000 ---p 00007000 08:01 2621660                    /lib/x86_64-linux-gnu/librt-2.15.so
7fe1aeb01000-7fe1aeb02000 r--p 00006000 08:01 2621660                    /lib/x86_64-linux-gnu/librt-2.15.so
7fe1aeb02000-7fe1aeb03000 rw-p 00007000 08:01 2621660                    /lib/x86_64-linux-gnu/librt-2.15.so
7fe1aeb03000-7fe1aebfe000 r-xp 00000000 08:01 2621674                    /lib/x86_64-linux-gnu/libm-2.15.so
7fe1aebfe000-7fe1aedfd000 ---p 000fb000 08:01 2621674                    /lib/x86_64-linux-gnu/libm-2.15.so
7fe1aedfd000-7fe1aedfe000 r--p 000fa000 08:01 2621674                    /lib/x86_64-linux-gnu/libm-2.15.so
7fe1aedfe000-7fe1aedff000 rw-p 000fb000 08:01 2621674                    /lib/x86_64-linux-gnu/libm-2.15.so
7fe1aedff000-7fe1afaca000 r-xp 00000000 08:01 13894575                   /usr/lib/jvm/java-8-oracle/jre/lib/amd64/server/libjvm.so
7fe1afaca000-7fe1afcc9000 ---p 00ccb000 08:01 13894575                   /usr/lib/jvm/java-8-oracle/jre/lib/amd64/server/libjvm.so
7fe1afcc9000-7fe1afda2000 rw-p 00cca000 08:01 13894575                   /usr/lib/jvm/java-8-oracle/jre/lib/amd64/server/libjvm.so
7fe1afda2000-7fe1afded000 rw-p 00000000 00:00 0 
7fe1afded000-7fe1affa1000 r-xp 00000000 08:01 2621665                    /lib/x86_64-linux-gnu/libc-2.15.so
7fe1affa1000-7fe1b01a0000 ---p 001b4000 08:01 2621665                    /lib/x86_64-linux-gnu/libc-2.15.so
7fe1b01a0000-7fe1b01a4000 r--p 001b3000 08:01 2621665                    /lib/x86_64-linux-gnu/libc-2.15.so
7fe1b01a4000-7fe1b01a6000 rw-p 001b7000 08:01 2621665                    /lib/x86_64-linux-gnu/libc-2.15.so
7fe1b01a6000-7fe1b01ab000 rw-p 00000000 00:00 0 
7fe1b01ab000-7fe1b01ad000 r-xp 00000000 08:01 2621657                    /lib/x86_64-linux-gnu/libdl-2.15.so
7fe1b01ad000-7fe1b03ad000 ---p 00002000 08:01 2621657                    /lib/x86_64-linux-gnu/libdl-2.15.so
7fe1b03ad000-7fe1b03ae000 r--p 00002000 08:01 2621657                    /lib/x86_64-linux-gnu/libdl-2.15.so
7fe1b03ae000-7fe1b03af000 rw-p 00003000 08:01 2621657                    /lib/x86_64-linux-gnu/libdl-2.15.so
7fe1b03af000-7fe1b03c4000 r-xp 00000000 08:01 2627921                    /usr/lib/jvm/java-8-oracle/lib/amd64/jli/libjli.so
7fe1b03c4000-7fe1b05c4000 ---p 00015000 08:01 2627921                    /usr/lib/jvm/java-8-oracle/lib/amd64/jli/libjli.so
7fe1b05c4000-7fe1b05c5000 rw-p 00015000 08:01 2627921                    /usr/lib/jvm/java-8-oracle/lib/amd64/jli/libjli.so
7fe1b05c5000-7fe1b05dd000 r-xp 00000000 08:01 2621668                    /lib/x86_64-linux-gnu/libpthread-2.15.so
7fe1b05dd000-7fe1b07dc000 ---p 00018000 08:01 2621668                    /lib/x86_64-linux-gnu/libpthread-2.15.so
7fe1b07dc000-7fe1b07dd000 r--p 00017000 08:01 2621668                    /lib/x86_64-linux-gnu/libpthread-2.15.so
7fe1b07dd000-7fe1b07de000 rw-p 00018000 08:01 2621668                    /lib/x86_64-linux-gnu/libpthread-2.15.so
7fe1b07de000-7fe1b07e2000 rw-p 00000000 00:00 0 
7fe1b07e2000-7fe1b0804000 r-xp 00000000 08:01 2621671                    /lib/x86_64-linux-gnu/ld-2.15.so
7fe1b0804000-7fe1b0805000 r--s 00000000 08:01 10226181                   /opt/android-studio/gradle/gradle-2.14.1/lib/javax.inject-1.jar
7fe1b0805000-7fe1b0806000 r--s 00000000 08:01 10226016                   /opt/android-studio/gradle/gradle-2.14.1/lib/jcip-annotations-1.0.jar
7fe1b0806000-7fe1b080b000 r--s 00041000 08:01 10226024                   /opt/android-studio/gradle/gradle-2.14.1/lib/commons-lang-2.6.jar
7fe1b080b000-7fe1b08e4000 rw-p 00000000 00:00 0 
7fe1b08e4000-7fe1b08e7000 ---p 00000000 00:00 0 
7fe1b08e7000-7fe1b09e9000 rw-p 00000000 00:00 0                          [stack:3937]
7fe1b09e9000-7fe1b09ea000 r--s 00001000 08:01 10226037                   /opt/android-studio/gradle/gradle-2.14.1/lib/gradle-process-services-2.14.1.jar
7fe1b09ea000-7fe1b09eb000 r--s 00000000 08:01 10225999                   /opt/android-studio/gradle/gradle-2.14.1/lib/gradle-jvm-services-2.14.1.jar
7fe1b09eb000-7fe1b09ec000 r--s 00007000 08:01 10226009                   /opt/android-studio/gradle/gradle-2.14.1/lib/slf4j-api-1.7.10.jar
7fe1b09ec000-7fe1b09ed000 r--s 00004000 08:01 10226027                   /opt/android-studio/gradle/gradle-2.14.1/lib/ant-launcher-1.9.6.jar
7fe1b09ed000-7fe1b09f8000 r--s 00051000 08:01 10226019                   /opt/android-studio/gradle/gradle-2.14.1/lib/gradle-launcher-2.14.1.jar
7fe1b09f8000-7fe1b0a00000 rw-s 00000000 08:01 4850374                    /tmp/hsperfdata_root/3935
7fe1b0a00000-7fe1b0a01000 rw-p 00000000 00:00 0 
7fe1b0a01000-7fe1b0a02000 r--p 00000000 00:00 0 
7fe1b0a02000-7fe1b0a04000 rw-p 00000000 00:00 0 
7fe1b0a04000-7fe1b0a05000 r--p 00022000 08:01 2621671                    /lib/x86_64-linux-gnu/ld-2.15.so
7fe1b0a05000-7fe1b0a07000 rw-p 00023000 08:01 2621671                    /lib/x86_64-linux-gnu/ld-2.15.so
7ffc62943000-7ffc62964000 rw-p 00000000 00:00 0                          [stack]
7ffc629d5000-7ffc629d7000 r-xp 00000000 00:00 0                          [vdso]
ffffffffff600000-ffffffffff601000 r-xp 00000000 00:00 0                  [vsyscall]

VM Arguments:
jvm_args: -XX:MaxPermSize=256m -XX:+HeapDumpOnOutOfMemoryError -Xmx1024m -Dfile.encoding=UTF-8 -Duser.country=US -Duser.language=en -Duser.variant 
java_command: org.gradle.launcher.daemon.bootstrap.GradleDaemon 2.14.1
java_class_path (initial): /opt/android-studio/gradle/gradle-2.14.1/lib/gradle-launcher-2.14.1.jar
Launcher Type: SUN_STANDARD

Environment Variables:
PATH=/usr/local/sbin:/usr/local/bin:/usr/sbin:/usr/bin:/sbin:/bin
USERNAME=root
LD_LIBRARY_PATH=/opt/android-studio/bin:
SHELL=/bin/bash
DISPLAY=:0.0

Signal Handlers:
SIGSEGV: [libjvm.so+0xac4790], sa_mask[0]=11111111011111111101111111111110, sa_flags=SA_RESTART|SA_SIGINFO
SIGBUS: [libjvm.so+0xac4790], sa_mask[0]=11111111011111111101111111111110, sa_flags=SA_RESTART|SA_SIGINFO
SIGFPE: [libjvm.so+0x91f140], sa_mask[0]=11111111011111111101111111111110, sa_flags=SA_RESTART|SA_SIGINFO
SIGPIPE: [libjvm.so+0x91f140], sa_mask[0]=11111111011111111101111111111110, sa_flags=SA_RESTART|SA_SIGINFO
SIGXFSZ: [libjvm.so+0x91f140], sa_mask[0]=11111111011111111101111111111110, sa_flags=SA_RESTART|SA_SIGINFO
SIGILL: [libjvm.so+0x91f140], sa_mask[0]=11111111011111111101111111111110, sa_flags=SA_RESTART|SA_SIGINFO
SIGUSR1: SIG_DFL, sa_mask[0]=00000000000000000000000000000000, sa_flags=none
SIGUSR2: [libjvm.so+0x920770], sa_mask[0]=00100000000000000000000000000000, sa_flags=SA_RESTART|SA_SIGINFO
SIGHUP: [libjvm.so+0x921b70], sa_mask[0]=11111111011111111101111111111110, sa_flags=SA_RESTART|SA_SIGINFO
SIGINT: [libjvm.so+0x921b70], sa_mask[0]=11111111011111111101111111111110, sa_flags=SA_RESTART|SA_SIGINFO
SIGTERM: [libjvm.so+0x921b70], sa_mask[0]=11111111011111111101111111111110, sa_flags=SA_RESTART|SA_SIGINFO
SIGQUIT: [libjvm.so+0x921b70], sa_mask[0]=11111111011111111101111111111110, sa_flags=SA_RESTART|SA_SIGINFO


---------------  S Y S T E M  ---------------

OS:DISTRIB_ID=Ubuntu
DISTRIB_RELEASE=12.04
DISTRIB_CODENAME=precise
DISTRIB_DESCRIPTION="Ubuntu 12.04.5 LTS"

uname:Linux 3.13.0-95-generic #142~precise1-Ubuntu SMP Fri Aug 12 18:20:15 UTC 2016 x86_64
libc:glibc 2.15 NPTL 2.15 
rlimit: STACK 8192k, CORE 0k, NPROC 22873, NOFILE 4096, AS infinity
load average:1.14 0.45 0.69

/proc/meminfo:
MemTotal:        2948840 kB
MemFree:           71784 kB
Buffers:           30524 kB
Cached:           682544 kB
SwapCached:           24 kB
Active:          1935416 kB
Inactive:         765588 kB
Active(anon):    1628584 kB
Inactive(anon):   463356 kB
Active(file):     306832 kB
Inactive(file):   302232 kB
Unevictable:           0 kB
Mlocked:               0 kB
SwapTotal:       3008508 kB
SwapFree:        3008352 kB
Dirty:               936 kB
Writeback:             0 kB
AnonPages:       1987972 kB
Mapped:           200268 kB
Shmem:            104004 kB
Slab:              91084 kB
SReclaimable:      64932 kB
SUnreclaim:        26152 kB
KernelStack:        4240 kB
PageTables:        31184 kB
NFS_Unstable:          0 kB
Bounce:                0 kB
WritebackTmp:          0 kB
CommitLimit:     4482928 kB
Committed_AS:    4698748 kB
VmallocTotal:   34359738367 kB
VmallocUsed:      346464 kB
VmallocChunk:   34359383644 kB
HardwareCorrupted:     0 kB
AnonHugePages:    534528 kB
HugePages_Total:       0
HugePages_Free:        0
HugePages_Rsvd:        0
HugePages_Surp:        0
Hugepagesize:       2048 kB
DirectMap4k:       57732 kB
DirectMap2M:     2953216 kB


CPU:total 2 (2 cores per cpu, 1 threads per core) family 6 model 15 stepping 13, cmov, cx8, fxsr, mmx, sse, sse2, sse3, ssse3, tsc

/proc/cpuinfo:
processor	: 0
vendor_id	: GenuineIntel
cpu family	: 6
model		: 15
model name	: Genuine Intel(R) CPU           T1600  @ 1.66GHz
stepping	: 13
microcode	: 0xa3
cpu MHz		: 1662.454
cache size	: 1024 KB
physical id	: 0
siblings	: 2
core id		: 0
cpu cores	: 2
apicid		: 0
initial apicid	: 0
fpu		: yes
fpu_exception	: yes
cpuid level	: 10
wp		: yes
flags		: fpu vme de pse tsc msr pae mce cx8 apic sep mtrr pge mca cmov pat pse36 clflush dts acpi mmx fxsr sse sse2 ss ht tm pbe syscall nx lm constant_tsc arch_perfmon pebs bts rep_good nopl aperfmperf pni dtes64 monitor ds_cpl tm2 ssse3 cx16 xtpr pdcm lahf_lm dtherm
bogomips	: 3324.90
clflush size	: 64
cache_alignment	: 64
address sizes	: 36 bits physical, 48 bits virtual
power management:

processor	: 1
vendor_id	: GenuineIntel
cpu family	: 6
model		: 15
model name	: Genuine Intel(R) CPU           T1600  @ 1.66GHz
stepping	: 13
microcode	: 0xa3
cpu MHz		: 1662.454
cache size	: 1024 KB
physical id	: 0
siblings	: 2
core id		: 1
cpu cores	: 2
apicid		: 1
initial apicid	: 1
fpu		: yes
fpu_exception	: yes
cpuid level	: 10
wp		: yes
flags		: fpu vme de pse tsc msr pae mce cx8 apic sep mtrr pge mca cmov pat pse36 clflush dts acpi mmx fxsr sse sse2 ss ht tm pbe syscall nx lm constant_tsc arch_perfmon pebs bts rep_good nopl aperfmperf pni dtes64 monitor ds_cpl tm2 ssse3 cx16 xtpr pdcm lahf_lm dtherm
bogomips	: 3324.90
clflush size	: 64
cache_alignment	: 64
address sizes	: 36 bits physical, 48 bits virtual
power management:



Memory: 4k page, physical 2948840k(71784k free), swap 3008508k(3008352k free)

vm_info: Java HotSpot(TM) 64-Bit Server VM (25.101-b13) for linux-amd64 JRE (1.8.0_101-b13), built on Jun 22 2016 02:59:44 by "java_re" with gcc 4.3.0 20080428 (Red Hat 4.3.0-8)

time: Sat Oct  1 19:18:34 2016
elapsed time: 17 seconds (0d 0h 0m 17s)

