#
# A fatal error has been detected by the Java Runtime Environment:
#
#  SIGSEGV (0xb) at pc=0x00007f00fdca82da, pid=28442, tid=0x00007f00cf449700
#
# JRE version: Java(TM) SE Runtime Environment (8.0_101-b13) (build 1.8.0_101-b13)
# Java VM: Java HotSpot(TM) 64-Bit Server VM (25.101-b13 mixed mode linux-amd64 compressed oops)
# Problematic frame:
# J 4394 C2 java.util.HashMap.resize()[Ljava/util/HashMap$Node; (359 bytes) @ 0x00007f00fdca82da [0x00007f00fdca7f00+0x3da]
#
# Failed to write core dump. Core dumps have been disabled. To enable core dumping, try "ulimit -c unlimited" before starting Java again
#
# If you would like to submit a bug report, please visit:
#   http://bugreport.java.com/bugreport/crash.jsp
#

---------------  T H R E A D  ---------------

Current thread (0x00007f00c4003800):  JavaThread "Daemon worker Thread 3" [_thread_in_Java, id=29177, stack(0x00007f00cf349000,0x00007f00cf44a000)]

siginfo: si_signo: 11 (SIGSEGV), si_code: 1 (SEGV_MAPERR), si_addr: 0x0000000000040018

Registers:
RAX=0x00000000f620bf50, RBX=0x0000000000040000, RCX=0x00000000f6220ad8, RDX=0x0000000000040000
RSP=0x00007f00cf4458e0, RBP=0x00000000f61d1818, RSI=0x0000000000040000, RDI=0x00000000f61d1100
R8 =0x0000000000000090, R9 =0x00000000f6220ad8, R10=0x0000000000040000, R11=0x00000000000003ff
R12=0x0000000000000000, R13=0x00000000f625ef90, R14=0x00007f00cf445a60, R15=0x00007f00c4003800
RIP=0x00007f00fdca82da, EFLAGS=0x0000000000010206, CSGSFS=0x0000000000000033, ERR=0x0000000000000004
  TRAPNO=0x000000000000000e

Top of Stack: (sp=0x00007f00cf4458e0)
0x00007f00cf4458e0:   00000000f625ef00 f620bf50000003c8
0x00007f00cf4458f0:   0000040000000200 00000000f6043448
0x00007f00cf445900:   00000000f5cd1618 00000000f625eda8
0x00007f00cf445910:   0000000000000000 00007f00fd20c244
0x00007f00cf445920:   0000001c00000000 00000000f5d3a630
0x00007f00cf445930:   00000000f620bfa0 00007f00fe71b910
0x00007f00cf445940:   00000000f6043448 000000101a805c10
0x00007f00cf445950:   00000000f5cd1618 00000000f625eda8
0x00007f00cf445960:   00000000f620bf50 00000000f625eda8
0x00007f00cf445970:   00000000f625eee8 00000000f625ede8
0x00007f00cf445980:   00007f00cf445a00 00007f00fd007ffd
0x00007f00cf445990:   00007f00cf445a00 00007f00fd007e54
0x00007f00cf4459a0:   00007f00fd007e54 00000000f625eda8
0x00007f00cf4459b0:   00000000f5cd1618 00000000f6043448
0x00007f00cf4459c0:   00007f00cf4459c0 00007f00bf1478f6
0x00007f00cf4459d0:   00007f00cf445a60 00007f00bf148e90
0x00007f00cf4459e0:   0000000000000000 00007f00bf1479f8
0x00007f00cf4459f0:   00007f00cf4459a8 00007f00cf445a58
0x00007f00cf445a00:   00007f00cf445aa8 00007f00fd007ffd
0x00007f00cf445a10:   00000000f5cd1b78 00000000f625eda8
0x00007f00cf445a20:   00000000f5cd19f0 00000000f61b9060
0x00007f00cf445a30:   00000000f5c1caf0 00000000f6043808
0x00007f00cf445a40:   00000000f60437e8 00000000f6043408
0x00007f00cf445a50:   00000000f60433f0 00000000f60433a8
0x00007f00cf445a60:   00000000f5c13c80 00007f00cf445a68
0x00007f00cf445a70:   00007f00bf1473cc 00007f00cf445ac8
0x00007f00cf445a80:   00007f00bf148e90 0000000000000000
0x00007f00cf445a90:   00007f00bf147490 00007f00cf445a58
0x00007f00cf445aa0:   00007f00cf445ac8 00007f00cf445b10
0x00007f00cf445ab0:   00007f00fd007ffd 0000000000000000
0x00007f00cf445ac0:   00000000f60433a8 00000000f5c13c80
0x00007f00cf445ad0:   00007f00cf445ad0 00007f00bf142d01 

Instructions: (pc=0x00007f00fdca82da)
0x00007f00fdca82ba:   47 88 24 11 e9 76 fe ff ff 48 8b d3 44 8b d3 48
0x00007f00fdca82ca:   8b ee 48 8b f2 eb 09 33 ed 45 33 c9 33 ff 33 c9
0x00007f00fdca82da:   8b 5e 18 8b 54 24 10 85 56 0c 0f 85 2d ff ff ff
0x00007f00fdca82ea:   48 85 ed 74 1e 44 89 55 18 4c 8b d5 49 c1 ea 09 

Register to memory mapping:

RAX=0x00000000f620bf50 is an oop
[Ljava.util.HashMap$Node; 
 - klass: 'java/util/HashMap$Node'[]
 - length: 512
RBX=0x0000000000040000 is an unknown value
RCX=0x00000000f6220ad8 is an oop
java.util.HashMap$Node 
 - klass: 'java/util/HashMap$Node'
RDX=0x0000000000040000 is an unknown value
RSP=0x00007f00cf4458e0 is pointing into the stack for thread: 0x00007f00c4003800
RBP=0x00000000f61d1818 is an oop
java.util.HashMap$Node 
 - klass: 'java/util/HashMap$Node'
RSI=0x0000000000040000 is an unknown value
RDI=0x00000000f61d1100 is an oop
java.util.HashMap$Node 
 - klass: 'java/util/HashMap$Node'
R8 =0x0000000000000090 is an unknown value
R9 =0x00000000f6220ad8 is an oop
java.util.HashMap$Node 
 - klass: 'java/util/HashMap$Node'
R10=0x0000000000040000 is an unknown value
R11=0x00000000000003ff is an unknown value
R12=0x0000000000000000 is an unknown value
R13=0x00000000f625ef90 is an oop
[Ljava.util.HashMap$Node; 
 - klass: 'java/util/HashMap$Node'[]
 - length: 1024
R14=0x00007f00cf445a60 is pointing into the stack for thread: 0x00007f00c4003800
R15=0x00007f00c4003800 is a thread


Stack: [0x00007f00cf349000,0x00007f00cf44a000],  sp=0x00007f00cf4458e0,  free space=1010k
Native frames: (J=compiled Java code, j=interpreted, Vv=VM code, C=native code)
J 4394 C2 java.util.HashMap.resize()[Ljava/util/HashMap$Node; (359 bytes) @ 0x00007f00fdca82da [0x00007f00fdca7f00+0x3da]
J 8235 C2 java.util.HashMap.put(Ljava/lang/Object;Ljava/lang/Object;)Ljava/lang/Object; (13 bytes) @ 0x00007f00fe71b910 [0x00007f00fe71b540+0x3d0]
j  com.android.builder.signing.SignedJarBuilder.writeSignatureFile(Ljava/io/OutputStream;)V+342
j  com.android.builder.signing.SignedJarBuilder.close()V+60
j  com.android.builder.internal.packaging.Packager.sealApk()V+25
j  com.android.builder.core.AndroidBuilder.packageApk(Ljava/lang/String;Ljava/util/Set;Ljava/util/Collection;Ljava/util/Collection;Ljava/util/Set;ZLcom/android/builder/model/SigningConfig;Ljava/lang/String;I)V+206
j  com.android.build.gradle.tasks.PackageApplication.doFullTaskAction()V+209
j  com.android.build.gradle.internal.tasks.IncrementalTask.taskAction(Lorg/gradle/api/tasks/incremental/IncrementalTaskInputs;)V+8
v  ~StubRoutines::call_stub
V  [libjvm.so+0x68f6b6]  JavaCalls::call_helper(JavaValue*, methodHandle*, JavaCallArguments*, Thread*)+0x1056
V  [libjvm.so+0x99a4a7]  Reflection::invoke(instanceKlassHandle, methodHandle, Handle, bool, objArrayHandle, BasicType, objArrayHandle, bool, Thread*)+0x5d7
V  [libjvm.so+0x99dbb7]  Reflection::invoke_method(oopDesc*, Handle, objArrayHandle, Thread*)+0x147
V  [libjvm.so+0x71e2eb]  JVM_InvokeMethod+0x26b
J 1138  sun.reflect.NativeMethodAccessorImpl.invoke0(Ljava/lang/reflect/Method;Ljava/lang/Object;[Ljava/lang/Object;)Ljava/lang/Object; (0 bytes) @ 0x00007f00fd0ff1ed [0x00007f00fd0ff100+0xed]
J 11982 C2 sun.reflect.NativeMethodAccessorImpl.invoke(Ljava/lang/Object;[Ljava/lang/Object;)Ljava/lang/Object; (104 bytes) @ 0x00007f00fedfa930 [0x00007f00fedfa8c0+0x70]
J 7109 C2 java.lang.reflect.Method.invoke(Ljava/lang/Object;[Ljava/lang/Object;)Ljava/lang/Object; (62 bytes) @ 0x00007f00fde2ee88 [0x00007f00fde2ee00+0x88]
J 11266 C1 org.gradle.internal.reflect.JavaMethod.invoke(Ljava/lang/Object;[Ljava/lang/Object;)Ljava/lang/Object; (74 bytes) @ 0x00007f00fec2babc [0x00007f00fec2b9a0+0x11c]
j  org.gradle.api.internal.project.taskfactory.AnnotationProcessingTaskFactory$IncrementalTaskAction.doExecute(Lorg/gradle/api/Task;Ljava/lang/String;)V+35
j  org.gradle.api.internal.project.taskfactory.AnnotationProcessingTaskFactory$StandardTaskAction.execute(Lorg/gradle/api/Task;)V+32
j  org.gradle.api.internal.project.taskfactory.AnnotationProcessingTaskFactory$IncrementalTaskAction.execute(Lorg/gradle/api/Task;)V+2
j  org.gradle.api.internal.project.taskfactory.AnnotationProcessingTaskFactory$StandardTaskAction.execute(Ljava/lang/Object;)V+5
j  org.gradle.api.internal.tasks.execution.ExecuteActionsTaskExecuter.executeAction(Lorg/gradle/api/internal/TaskInternal;Lorg/gradle/api/internal/tasks/ContextAwareTaskAction;Lorg/gradle/api/internal/tasks/TaskExecutionContext;)V+9
j  org.gradle.api.internal.tasks.execution.ExecuteActionsTaskExecuter.executeActions(Lorg/gradle/api/internal/TaskInternal;Lorg/gradle/api/internal/tasks/TaskStateInternal;Lorg/gradle/api/internal/tasks/TaskExecutionContext;)Lorg/gradle/api/GradleException;+79
j  org.gradle.api.internal.tasks.execution.ExecuteActionsTaskExecuter.execute(Lorg/gradle/api/internal/TaskInternal;Lorg/gradle/api/internal/tasks/TaskStateInternal;Lorg/gradle/api/internal/tasks/TaskExecutionContext;)V+19
j  org.gradle.api.internal.tasks.execution.PostExecutionAnalysisTaskExecuter.execute(Lorg/gradle/api/internal/TaskInternal;Lorg/gradle/api/internal/tasks/TaskStateInternal;Lorg/gradle/api/internal/tasks/TaskExecutionContext;)V+7
j  org.gradle.api.internal.tasks.execution.SkipUpToDateTaskExecuter.execute(Lorg/gradle/api/internal/TaskInternal;Lorg/gradle/api/internal/tasks/TaskStateInternal;Lorg/gradle/api/internal/tasks/TaskExecutionContext;)V+156
j  org.gradle.api.internal.tasks.execution.ValidatingTaskExecuter.execute(Lorg/gradle/api/internal/TaskInternal;Lorg/gradle/api/internal/tasks/TaskStateInternal;Lorg/gradle/api/internal/tasks/TaskExecutionContext;)V+215
j  org.gradle.api.internal.tasks.execution.SkipEmptySourceFilesTaskExecuter.execute(Lorg/gradle/api/internal/TaskInternal;Lorg/gradle/api/internal/tasks/TaskStateInternal;Lorg/gradle/api/internal/tasks/TaskExecutionContext;)V+111
j  org.gradle.api.internal.tasks.execution.SkipTaskWithNoActionsExecuter.execute(Lorg/gradle/api/internal/TaskInternal;Lorg/gradle/api/internal/tasks/TaskStateInternal;Lorg/gradle/api/internal/tasks/TaskExecutionContext;)V+110
j  org.gradle.api.internal.tasks.execution.SkipOnlyIfTaskExecuter.execute(Lorg/gradle/api/internal/TaskInternal;Lorg/gradle/api/internal/tasks/TaskStateInternal;Lorg/gradle/api/internal/tasks/TaskExecutionContext;)V+84
j  org.gradle.api.internal.tasks.execution.ExecuteAtMostOnceTaskExecuter.execute(Lorg/gradle/api/internal/TaskInternal;Lorg/gradle/api/internal/tasks/TaskStateInternal;Lorg/gradle/api/internal/tasks/TaskExecutionContext;)V+26
j  org.gradle.execution.taskgraph.DefaultTaskGraphExecuter$EventFiringTaskWorker.execute(Lorg/gradle/api/internal/TaskInternal;)V+106
j  org.gradle.execution.taskgraph.DefaultTaskGraphExecuter$EventFiringTaskWorker.execute(Ljava/lang/Object;)V+5
j  org.gradle.execution.taskgraph.AbstractTaskPlanExecutor$TaskExecutorWorker.processTask(Lorg/gradle/execution/taskgraph/TaskInfo;)V+8
j  org.gradle.execution.taskgraph.AbstractTaskPlanExecutor$TaskExecutorWorker.run()V+56
j  org.gradle.execution.taskgraph.DefaultTaskPlanExecutor.process(Lorg/gradle/execution/taskgraph/TaskExecutionPlan;Lorg/gradle/api/Action;)V+6
j  org.gradle.execution.taskgraph.DefaultTaskGraphExecuter.execute()V+65
j  org.gradle.execution.SelectedTaskExecutionAction.execute(Lorg/gradle/execution/BuildExecutionContext;)V+55
j  org.gradle.execution.DefaultBuildExecuter.execute(Lorg/gradle/api/internal/GradleInternal;I)V+37
j  org.gradle.execution.DefaultBuildExecuter.access$000(Lorg/gradle/execution/DefaultBuildExecuter;Lorg/gradle/api/internal/GradleInternal;I)V+3
j  org.gradle.execution.DefaultBuildExecuter$1.proceed()V+14
j  org.gradle.execution.DryRunBuildExecutionAction.execute(Lorg/gradle/execution/BuildExecutionContext;)V+68
j  org.gradle.execution.DefaultBuildExecuter.execute(Lorg/gradle/api/internal/GradleInternal;I)V+37
j  org.gradle.execution.DefaultBuildExecuter.execute(Lorg/gradle/api/internal/GradleInternal;)V+3
j  org.gradle.initialization.DefaultGradleLauncher$4.run()V+14
J 5378 C1 org.gradle.internal.Factories$1.create()Ljava/lang/Object; (11 bytes) @ 0x00007f00fdf33f44 [0x00007f00fdf33e40+0x104]
j  org.gradle.internal.progress.DefaultBuildOperationExecutor.run(Lorg/gradle/internal/progress/BuildOperationDetails;Lorg/gradle/internal/Factory;)Ljava/lang/Object;+171
j  org.gradle.internal.progress.DefaultBuildOperationExecutor.run(Ljava/lang/String;Ljava/lang/Runnable;)V+12
j  org.gradle.initialization.DefaultGradleLauncher.doBuildStages(Lorg/gradle/initialization/DefaultGradleLauncher$Stage;)V+85
j  org.gradle.initialization.DefaultGradleLauncher.access$200(Lorg/gradle/initialization/DefaultGradleLauncher;Lorg/gradle/initialization/DefaultGradleLauncher$Stage;)V+2
j  org.gradle.initialization.DefaultGradleLauncher$1.create()Lorg/gradle/BuildResult;+29
j  org.gradle.initialization.DefaultGradleLauncher$1.create()Ljava/lang/Object;+1
j  org.gradle.internal.progress.DefaultBuildOperationExecutor.run(Lorg/gradle/internal/progress/BuildOperationDetails;Lorg/gradle/internal/Factory;)Ljava/lang/Object;+171
j  org.gradle.internal.progress.DefaultBuildOperationExecutor.run(Ljava/lang/String;Lorg/gradle/internal/Factory;)Ljava/lang/Object;+9
j  org.gradle.initialization.DefaultGradleLauncher.doBuild(Lorg/gradle/initialization/DefaultGradleLauncher$Stage;)Lorg/gradle/BuildResult;+15
j  org.gradle.initialization.DefaultGradleLauncher.run()Lorg/gradle/BuildResult;+4
j  org.gradle.launcher.exec.InProcessBuildActionExecuter$DefaultBuildController.run()Lorg/gradle/api/internal/GradleInternal;+4
j  org.gradle.tooling.internal.provider.runner.BuildModelActionRunner.run(Lorg/gradle/internal/invocation/BuildAction;Lorg/gradle/internal/invocation/BuildController;)V+29
j  org.gradle.launcher.exec.ChainingBuildActionRunner.run(Lorg/gradle/internal/invocation/BuildAction;Lorg/gradle/internal/invocation/BuildController;)V+34
j  org.gradle.tooling.internal.provider.runner.SubscribableBuildActionRunner.run(Lorg/gradle/internal/invocation/BuildAction;Lorg/gradle/internal/invocation/BuildController;)V+37
j  org.gradle.launcher.exec.ChainingBuildActionRunner.run(Lorg/gradle/internal/invocation/BuildAction;Lorg/gradle/internal/invocation/BuildController;)V+34
j  org.gradle.launcher.exec.InProcessBuildActionExecuter.execute(Lorg/gradle/internal/invocation/BuildAction;Lorg/gradle/initialization/BuildRequestContext;Lorg/gradle/launcher/exec/BuildActionParameters;Lorg/gradle/internal/service/ServiceRegistry;)Ljava/lang/Object;+77
j  org.gradle.launcher.exec.InProcessBuildActionExecuter.execute(Lorg/gradle/internal/invocation/BuildAction;Lorg/gradle/initialization/BuildRequestContext;Ljava/lang/Object;Lorg/gradle/internal/service/ServiceRegistry;)Ljava/lang/Object;+9
j  org.gradle.launcher.exec.ContinuousBuildActionExecuter.execute(Lorg/gradle/internal/invocation/BuildAction;Lorg/gradle/initialization/BuildRequestContext;Lorg/gradle/launcher/exec/BuildActionParameters;Lorg/gradle/internal/service/ServiceRegistry;)Ljava/lang/Object;+114
j  org.gradle.launcher.exec.ContinuousBuildActionExecuter.execute(Lorg/gradle/internal/invocation/BuildAction;Lorg/gradle/initialization/BuildRequestContext;Ljava/lang/Object;Lorg/gradle/internal/service/ServiceRegistry;)Ljava/lang/Object;+9
j  org.gradle.launcher.daemon.server.exec.ExecuteBuild.doBuild(Lorg/gradle/launcher/daemon/server/api/DaemonCommandExecution;Lorg/gradle/launcher/daemon/protocol/Build;)V+74
j  org.gradle.launcher.daemon.server.exec.BuildCommandOnly.execute(Lorg/gradle/launcher/daemon/server/api/DaemonCommandExecution;)V+49
j  org.gradle.launcher.daemon.server.api.DaemonCommandExecution.proceed()Z+28
j  org.gradle.launcher.daemon.server.exec.WatchForDisconnection.execute(Lorg/gradle/launcher/daemon/server/api/DaemonCommandExecution;)V+19
j  org.gradle.launcher.daemon.server.api.DaemonCommandExecution.proceed()Z+28
j  org.gradle.launcher.daemon.server.exec.ResetDeprecationLogger.execute(Lorg/gradle/launcher/daemon/server/api/DaemonCommandExecution;)V+4
j  org.gradle.launcher.daemon.server.api.DaemonCommandExecution.proceed()Z+28
j  org.gradle.launcher.daemon.server.exec.RequestStopIfSingleUsedDaemon.execute(Lorg/gradle/launcher/daemon/server/api/DaemonCommandExecution;)V+31
j  org.gradle.launcher.daemon.server.api.DaemonCommandExecution.proceed()Z+28
j  org.gradle.launcher.daemon.server.exec.ForwardClientInput$2.call()Ljava/lang/Void;+4
j  org.gradle.launcher.daemon.server.exec.ForwardClientInput$2.call()Ljava/lang/Object;+1
j  org.gradle.util.Swapper.swap(Ljava/lang/Object;Ljava/util/concurrent/Callable;)Ljava/lang/Object;+21
j  org.gradle.launcher.daemon.server.exec.ForwardClientInput.execute(Lorg/gradle/launcher/daemon/server/api/DaemonCommandExecution;)V+63
j  org.gradle.launcher.daemon.server.api.DaemonCommandExecution.proceed()Z+28
j  org.gradle.launcher.daemon.server.health.DaemonHealthTracker.execute(Lorg/gradle/launcher/daemon/server/api/DaemonCommandExecution;)V+35
j  org.gradle.launcher.daemon.server.api.DaemonCommandExecution.proceed()Z+28
j  org.gradle.launcher.daemon.server.exec.LogToClient.doBuild(Lorg/gradle/launcher/daemon/server/api/DaemonCommandExecution;Lorg/gradle/launcher/daemon/protocol/Build;)V+87
j  org.gradle.launcher.daemon.server.exec.BuildCommandOnly.execute(Lorg/gradle/launcher/daemon/server/api/DaemonCommandExecution;)V+49
j  org.gradle.launcher.daemon.server.api.DaemonCommandExecution.proceed()Z+28
j  org.gradle.launcher.daemon.server.exec.EstablishBuildEnvironment.doBuild(Lorg/gradle/launcher/daemon/server/api/DaemonCommandExecution;Lorg/gradle/launcher/daemon/protocol/Build;)V+279
j  org.gradle.launcher.daemon.server.exec.BuildCommandOnly.execute(Lorg/gradle/launcher/daemon/server/api/DaemonCommandExecution;)V+49
j  org.gradle.launcher.daemon.server.api.DaemonCommandExecution.proceed()Z+28
j  org.gradle.launcher.daemon.server.health.HintGCAfterBuild.execute(Lorg/gradle/launcher/daemon/server/api/DaemonCommandExecution;)V+1
j  org.gradle.launcher.daemon.server.api.DaemonCommandExecution.proceed()Z+28
j  org.gradle.launcher.daemon.server.exec.StartBuildOrRespondWithBusy$1.run()V+44
j  org.gradle.launcher.daemon.server.DaemonStateCoordinator$1.run()V+4
j  org.gradle.internal.concurrent.ExecutorPolicy$CatchAndRecordFailures.onExecute(Ljava/lang/Runnable;)V+1
j  org.gradle.internal.concurrent.StoppableExecutorImpl$1.run()V+25
j  java.util.concurrent.ThreadPoolExecutor.runWorker(Ljava/util/concurrent/ThreadPoolExecutor$Worker;)V+95
j  java.util.concurrent.ThreadPoolExecutor$Worker.run()V+5
j  java.lang.Thread.run()V+11
v  ~StubRoutines::call_stub
V  [libjvm.so+0x68f6b6]  JavaCalls::call_helper(JavaValue*, methodHandle*, JavaCallArguments*, Thread*)+0x1056
V  [libjvm.so+0x68fbc1]  JavaCalls::call_virtual(JavaValue*, KlassHandle, Symbol*, Symbol*, JavaCallArguments*, Thread*)+0x321
V  [libjvm.so+0x690067]  JavaCalls::call_virtual(JavaValue*, Handle, KlassHandle, Symbol*, Symbol*, Thread*)+0x47
...<more frames>...


---------------  P R O C E S S  ---------------

Java Threads: ( => current thread )
  0x00007f00b8e44000 JavaThread "process reaper" daemon [_thread_blocked, id=29185, stack(0x00007f00ce492000,0x00007f00ce4cb000)]
  0x00007f00b87ad000 JavaThread "Stdin handler" [_thread_blocked, id=29179, stack(0x00007f00cc3ea000,0x00007f00cc4eb000)]
  0x00007f00b8023800 JavaThread "Asynchronous log dispatcher for org.gradle.launcher.daemon.server.DefaultDaemonConnection@6da87643" [_thread_blocked, id=29178, stack(0x00007f00cf046000,0x00007f00cf147000)]
=>0x00007f00c4003800 JavaThread "Daemon worker Thread 3" [_thread_in_Java, id=29177, stack(0x00007f00cf349000,0x00007f00cf44a000)]
  0x00007f00c400b000 JavaThread "Cancel handler" [_thread_blocked, id=29176, stack(0x00007f00cf147000,0x00007f00cf248000)]
  0x00007f00c4009000 JavaThread "Handler for socket connection from /127.0.0.1:55302 to /127.0.0.1:35977" [_thread_in_native, id=29175, stack(0x00007f00cf248000,0x00007f00cf349000)]
  0x00007f00c0030800 JavaThread "Daemon Thread 3" [_thread_blocked, id=29174, stack(0x00007f00cf44a000,0x00007f00cf54b000)]
  0x00007f00b8eb6800 JavaThread "pool-3-thread-4" [_thread_blocked, id=28745, stack(0x00007f00cc04f000,0x00007f00cc150000)]
  0x00007f00c800a000 JavaThread "pool-3-thread-3" [_thread_blocked, id=28719, stack(0x00007f00bf8ff000,0x00007f00bfa00000)]
  0x00007f00b8e6c000 JavaThread "pool-3-thread-2" [_thread_blocked, id=28539, stack(0x00007f00bf6fd000,0x00007f00bf7fe000)]
  0x00007f00d00b6000 JavaThread "pool-3-thread-1" [_thread_blocked, id=28513, stack(0x00007f00bf7fe000,0x00007f00bf8ff000)]
  0x00007f00b8362800 JavaThread "File lock request listener" [_thread_in_native, id=28473, stack(0x00007f00ce191000,0x00007f00ce292000)]
  0x00007f010cb01800 JavaThread "Incoming local TCP Connector on port 55302" [_thread_in_native, id=28458, stack(0x00007f00cf752000,0x00007f00cf853000)]
  0x00007f010caed000 JavaThread "pool-1-thread-1" [_thread_blocked, id=28457, stack(0x00007f00cf853000,0x00007f00cf954000)]
  0x00007f010c0ba000 JavaThread "Service Thread" daemon [_thread_blocked, id=28454, stack(0x00007f00f4b0e000,0x00007f00f4c0f000)]
  0x00007f010c0b7000 JavaThread "C1 CompilerThread1" daemon [_thread_blocked, id=28453, stack(0x00007f00f4c0f000,0x00007f00f4d10000)]
  0x00007f010c0b4800 JavaThread "C2 CompilerThread0" daemon [_thread_in_native, id=28452, stack(0x00007f00f4d10000,0x00007f00f4e11000)]
  0x00007f010c0b3000 JavaThread "Signal Dispatcher" daemon [_thread_blocked, id=28451, stack(0x00007f00f4e11000,0x00007f00f4f12000)]
  0x00007f010c07f800 JavaThread "Finalizer" daemon [_thread_blocked, id=28450, stack(0x00007f00f55f6000,0x00007f00f56f7000)]
  0x00007f010c07b000 JavaThread "Reference Handler" daemon [_thread_blocked, id=28449, stack(0x00007f00f56f7000,0x00007f00f57f8000)]
  0x00007f010c00a000 JavaThread "main" [_thread_blocked, id=28445, stack(0x00007f01136f4000,0x00007f01137f5000)]

Other Threads:
  0x00007f010c073800 VMThread [stack: 0x00007f00f57f8000,0x00007f00f58f9000] [id=28448]
  0x00007f010c0bc800 WatcherThread [stack: 0x00007f00f4a0d000,0x00007f00f4b0e000] [id=28455]

VM state:not at safepoint (normal execution)

VM Mutex/Monitor currently owned by a thread: None

Heap:
 PSYoungGen      total 288768K, used 188209K [0x00000000eab00000, 0x00000000fe100000, 0x0000000100000000)
  eden space 261632K, 71% used [0x00000000eab00000,0x00000000f62cc7c0,0x00000000faa80000)
  from space 27136K, 0% used [0x00000000fc580000,0x00000000fc580000,0x00000000fe000000)
  to   space 27648K, 0% used [0x00000000faa80000,0x00000000faa80000,0x00000000fc580000)
 ParOldGen       total 94208K, used 43841K [0x00000000c0000000, 0x00000000c5c00000, 0x00000000eab00000)
  object space 94208K, 46% used [0x00000000c0000000,0x00000000c2ad0520,0x00000000c5c00000)
 Metaspace       used 63878K, capacity 65356K, committed 65496K, reserved 1105920K
  class space    used 8485K, capacity 8848K, committed 8960K, reserved 1048576K

Card table byte_map: [0x00007f01102b9000,0x00007f01104ba000] byte_map_base: 0x00007f010fcb9000

Marking Bits: (ParMarkBitMap*) 0x00007f0112bd0120
 Begin Bits: [0x00007f00f6000000, 0x00007f00f7000000)
 End Bits:   [0x00007f00f7000000, 0x00007f00f8000000)

Polling page: 0x00007f0113811000

CodeCache: size=245760Kb used=30923Kb max_used=30940Kb free=214836Kb
 bounds [0x00007f00fd000000, 0x00007f00fee70000, 0x00007f010c000000]
 total_blobs=10752 nmethods=9988 adapters=678
 compilation: enabled

Compilation events (10 events):
Event: 798.547 Thread 0x00007f010c0b4800 nmethod 12225 0x00007f00fee5a750 code [0x00007f00fee5a8c0, 0x00007f00fee5acc8]
Event: 798.561 Thread 0x00007f010c0b4800 12226       4       org.bouncycastle.util.encoders.Base64Encoder::encode (367 bytes)
Event: 799.027 Thread 0x00007f010c0b4800 nmethod 12226 0x00007f00fee616d0 code [0x00007f00fee61980, 0x00007f00fee64d18]
Event: 799.027 Thread 0x00007f010c0b4800 12228       4       sun.security.provider.ByteArrayAccess::i2bBig (204 bytes)
Event: 799.067 Thread 0x00007f010c0b4800 nmethod 12228 0x00007f00fee5a150 code [0x00007f00fee5a2a0, 0x00007f00fee5a578]
Event: 799.067 Thread 0x00007f010c0b4800 12227       4       java.io.FilterInputStream::read (9 bytes)
Event: 799.125 Thread 0x00007f010c0b4800 nmethod 12227 0x00007f00fee5e9d0 code [0x00007f00fee5eba0, 0x00007f00fee5f170]
Event: 801.230 Thread 0x00007f010c0b4800 12229       4       java.util.jar.Attributes::write (139 bytes)
Event: 801.281 Thread 0x00007f010c0b7000 12230       3       java.security.DigestOutputStream::write (25 bytes)
Event: 801.282 Thread 0x00007f010c0b7000 nmethod 12230 0x00007f00fee59290 code [0x00007f00fee59420, 0x00007f00fee59838]

GC Heap History (10 events):
Event: 130.446 GC heap before
{Heap before GC invocations=19 (full 3):
 PSYoungGen      total 166912K, used 133348K [0x00000000eab00000, 0x00000000fa300000, 0x0000000100000000)
  eden space 142336K, 93% used [0x00000000eab00000,0x00000000f2d392b8,0x00000000f3600000)
  from space 24576K, 0% used [0x00000000f3600000,0x00000000f3600000,0x00000000f4e00000)
  to   space 27648K, 0% used [0x00000000f8800000,0x00000000f8800000,0x00000000fa300000)
 ParOldGen       total 94208K, used 50942K [0x00000000c0000000, 0x00000000c5c00000, 0x00000000eab00000)
  object space 94208K, 54% used [0x00000000c0000000,0x00000000c31bfb18,0x00000000c5c00000)
 Metaspace       used 62057K, capacity 63140K, committed 63320K, reserved 1103872K
  class space    used 8419K, capacity 8748K, committed 8832K, reserved 1048576K
Event: 130.529 GC heap after
Heap after GC invocations=19 (full 3):
 PSYoungGen      total 223232K, used 17915K [0x00000000eab00000, 0x00000000fa280000, 0x0000000100000000)
  eden space 196096K, 0% used [0x00000000eab00000,0x00000000eab00000,0x00000000f6a80000)
  from space 27136K, 66% used [0x00000000f8800000,0x00000000f997ee00,0x00000000fa280000)
  to   space 28672K, 0% used [0x00000000f6a80000,0x00000000f6a80000,0x00000000f8680000)
 ParOldGen       total 94208K, used 50950K [0x00000000c0000000, 0x00000000c5c00000, 0x00000000eab00000)
  object space 94208K, 54% used [0x00000000c0000000,0x00000000c31c1b18,0x00000000c5c00000)
 Metaspace       used 62057K, capacity 63140K, committed 63320K, reserved 1103872K
  class space    used 8419K, capacity 8748K, committed 8832K, reserved 1048576K
}
Event: 130.563 GC heap before
{Heap before GC invocations=20 (full 4):
 PSYoungGen      total 223232K, used 17915K [0x00000000eab00000, 0x00000000fa280000, 0x0000000100000000)
  eden space 196096K, 0% used [0x00000000eab00000,0x00000000eab00000,0x00000000f6a80000)
  from space 27136K, 66% used [0x00000000f8800000,0x00000000f997ee00,0x00000000fa280000)
  to   space 28672K, 0% used [0x00000000f6a80000,0x00000000f6a80000,0x00000000f8680000)
 ParOldGen       total 94208K, used 50950K [0x00000000c0000000, 0x00000000c5c00000, 0x00000000eab00000)
  object space 94208K, 54% used [0x00000000c0000000,0x00000000c31c1b18,0x00000000c5c00000)
 Metaspace       used 62057K, capacity 63140K, committed 63320K, reserved 1103872K
  class space    used 8419K, capacity 8748K, committed 8832K, reserved 1048576K
Event: 131.646 GC heap after
Heap after GC invocations=20 (full 4):
 PSYoungGen      total 223232K, used 0K [0x00000000eab00000, 0x00000000fa280000, 0x0000000100000000)
  eden space 196096K, 0% used [0x00000000eab00000,0x00000000eab00000,0x00000000f6a80000)
  from space 27136K, 0% used [0x00000000f8800000,0x00000000f8800000,0x00000000fa280000)
  to   space 28672K, 0% used [0x00000000f6a80000,0x00000000f6a80000,0x00000000f8680000)
 ParOldGen       total 94208K, used 44453K [0x00000000c0000000, 0x00000000c5c00000, 0x00000000eab00000)
  object space 94208K, 47% used [0x00000000c0000000,0x00000000c2b69608,0x00000000c5c00000)
 Metaspace       used 62057K, capacity 63140K, committed 63320K, reserved 1103872K
  class space    used 8419K, capacity 8748K, committed 8832K, reserved 1048576K
}
Event: 397.127 GC heap before
{Heap before GC invocations=21 (full 4):
 PSYoungGen      total 223232K, used 196096K [0x00000000eab00000, 0x00000000fa280000, 0x0000000100000000)
  eden space 196096K, 100% used [0x00000000eab00000,0x00000000f6a80000,0x00000000f6a80000)
  from space 27136K, 0% used [0x00000000f8800000,0x00000000f8800000,0x00000000fa280000)
  to   space 28672K, 0% used [0x00000000f6a80000,0x00000000f6a80000,0x00000000f8680000)
 ParOldGen       total 94208K, used 44453K [0x00000000c0000000, 0x00000000c5c00000, 0x00000000eab00000)
  object space 94208K, 47% used [0x00000000c0000000,0x00000000c2b69608,0x00000000c5c00000)
 Metaspace       used 63023K, capacity 64350K, committed 64600K, reserved 1105920K
  class space    used 8463K, capacity 8815K, committed 8832K, reserved 1048576K
Event: 397.294 GC heap after
Heap after GC invocations=21 (full 4):
 PSYoungGen      total 224768K, used 12598K [0x00000000eab00000, 0x00000000fe000000, 0x0000000100000000)
  eden space 196096K, 0% used [0x00000000eab00000,0x00000000eab00000,0x00000000f6a80000)
  from space 28672K, 43% used [0x00000000f6a80000,0x00000000f76cdaf8,0x00000000f8680000)
  to   space 27136K, 0% used [0x00000000fc580000,0x00000000fc580000,0x00000000fe000000)
 ParOldGen       total 94208K, used 44461K [0x00000000c0000000, 0x00000000c5c00000, 0x00000000eab00000)
  object space 94208K, 47% used [0x00000000c0000000,0x00000000c2b6b608,0x00000000c5c00000)
 Metaspace       used 63023K, capacity 64350K, committed 64600K, reserved 1105920K
  class space    used 8463K, capacity 8815K, committed 8832K, reserved 1048576K
}
Event: 422.627 GC heap before
{Heap before GC invocations=22 (full 4):
 PSYoungGen      total 224768K, used 118083K [0x00000000eab00000, 0x00000000fe000000, 0x0000000100000000)
  eden space 196096K, 53% used [0x00000000eab00000,0x00000000f1203398,0x00000000f6a80000)
  from space 28672K, 43% used [0x00000000f6a80000,0x00000000f76cdaf8,0x00000000f8680000)
  to   space 27136K, 0% used [0x00000000fc580000,0x00000000fc580000,0x00000000fe000000)
 ParOldGen       total 94208K, used 44461K [0x00000000c0000000, 0x00000000c5c00000, 0x00000000eab00000)
  object space 94208K, 47% used [0x00000000c0000000,0x00000000c2b6b608,0x00000000c5c00000)
 Metaspace       used 63350K, capacity 64712K, committed 64856K, reserved 1105920K
  class space    used 8467K, capacity 8822K, committed 8832K, reserved 1048576K
Event: 422.644 GC heap after
Heap after GC invocations=22 (full 4):
 PSYoungGen      total 288768K, used 384K [0x00000000eab00000, 0x00000000fe100000, 0x0000000100000000)
  eden space 261632K, 0% used [0x00000000eab00000,0x00000000eab00000,0x00000000faa80000)
  from space 27136K, 1% used [0x00000000fc580000,0x00000000fc5e0000,0x00000000fe000000)
  to   space 27648K, 0% used [0x00000000faa80000,0x00000000faa80000,0x00000000fc580000)
 ParOldGen       total 94208K, used 45758K [0x00000000c0000000, 0x00000000c5c00000, 0x00000000eab00000)
  object space 94208K, 48% used [0x00000000c0000000,0x00000000c2caf9d8,0x00000000c5c00000)
 Metaspace       used 63350K, capacity 64712K, committed 64856K, reserved 1105920K
  class space    used 8467K, capacity 8822K, committed 8832K, reserved 1048576K
}
Event: 422.644 GC heap before
{Heap before GC invocations=23 (full 5):
 PSYoungGen      total 288768K, used 384K [0x00000000eab00000, 0x00000000fe100000, 0x0000000100000000)
  eden space 261632K, 0% used [0x00000000eab00000,0x00000000eab00000,0x00000000faa80000)
  from space 27136K, 1% used [0x00000000fc580000,0x00000000fc5e0000,0x00000000fe000000)
  to   space 27648K, 0% used [0x00000000faa80000,0x00000000faa80000,0x00000000fc580000)
 ParOldGen       total 94208K, used 45758K [0x00000000c0000000, 0x00000000c5c00000, 0x00000000eab00000)
  object space 94208K, 48% used [0x00000000c0000000,0x00000000c2caf9d8,0x00000000c5c00000)
 Metaspace       used 63350K, capacity 64712K, committed 64856K, reserved 1105920K
  class space    used 8467K, capacity 8822K, committed 8832K, reserved 1048576K
Event: 423.776 GC heap after
Heap after GC invocations=23 (full 5):
 PSYoungGen      total 288768K, used 0K [0x00000000eab00000, 0x00000000fe100000, 0x0000000100000000)
  eden space 261632K, 0% used [0x00000000eab00000,0x00000000eab00000,0x00000000faa80000)
  from space 27136K, 0% used [0x00000000fc580000,0x00000000fc580000,0x00000000fe000000)
  to   space 27648K, 0% used [0x00000000faa80000,0x00000000faa80000,0x00000000fc580000)
 ParOldGen       total 94208K, used 43841K [0x00000000c0000000, 0x00000000c5c00000, 0x00000000eab00000)
  object space 94208K, 46% used [0x00000000c0000000,0x00000000c2ad0520,0x00000000c5c00000)
 Metaspace       used 63350K, capacity 64712K, committed 64856K, reserved 1105920K
  class space    used 8467K, capacity 8822K, committed 8832K, reserved 1048576K
}

Deoptimization events (10 events):
Event: 423.777 Thread 0x00007f010c07b000 Uncommon trap: reason=unstable_if action=reinterpret pc=0x00007f00fd5bfc88 method=java.lang.ref.Reference.tryHandlePending(Z)Z @ 20
Event: 423.841 Thread 0x00007f00c0030800 Uncommon trap: reason=null_check action=make_not_entrant pc=0x00007f00fe3323d4 method=java.io.ObjectStreamClass.getField(Ljava/lang/String;Ljava/lang/Class;)Ljava/io/ObjectStreamField; @ 67
Event: 772.794 Thread 0x00007f00c4003800 Uncommon trap: reason=class_check action=maybe_recompile pc=0x00007f00fe917f40 method=org.gradle.model.internal.core.ModelPath.compareTo(Ljava/lang/Object;)I @ 2
Event: 772.794 Thread 0x00007f00c4003800 Uncommon trap: reason=class_check action=maybe_recompile pc=0x00007f00fe917f40 method=org.gradle.model.internal.core.ModelPath.compareTo(Ljava/lang/Object;)I @ 2
Event: 772.794 Thread 0x00007f00c4003800 Uncommon trap: reason=class_check action=maybe_recompile pc=0x00007f00fe917f40 method=org.gradle.model.internal.core.ModelPath.compareTo(Ljava/lang/Object;)I @ 2
Event: 772.794 Thread 0x00007f00c4003800 Uncommon trap: reason=class_check action=maybe_recompile pc=0x00007f00fe917f40 method=org.gradle.model.internal.core.ModelPath.compareTo(Ljava/lang/Object;)I @ 2
Event: 777.552 Thread 0x00007f00c4003800 Uncommon trap: reason=class_check action=maybe_recompile pc=0x00007f00fdb01848 method=com.google.common.collect.AbstractMapBasedMultimap$WrappedCollection.refreshIfEmpty()V @ 40
Event: 777.552 Thread 0x00007f00c4003800 Uncommon trap: reason=class_check action=maybe_recompile pc=0x00007f00fd918cc8 method=com.google.common.collect.AbstractMapBasedMultimap.iteratorOrListIterator(Ljava/util/Collection;)Ljava/util/Iterator; @ 1
Event: 779.886 Thread 0x00007f00c4003800 Uncommon trap: reason=class_check action=maybe_recompile pc=0x00007f00fd99c778 method=java.util.regex.Matcher.getTextLength()I @ 4
Event: 801.276 Thread 0x00007f00c4003800 Uncommon trap: reason=unstable_if action=reinterpret pc=0x00007f00fe7abca0 method=sun.security.provider.DigestBase.engineUpdate(B)V @ 4

Internal exceptions (10 events):
Event: 385.940 Thread 0x00007f00c4003800 Implicit null exception at 0x00007f00fd74a276 to 0x00007f00fd74a422
Event: 387.153 Thread 0x00007f00b9046000 Implicit null exception at 0x00007f00fe1d711d to 0x00007f00fe1d7511
Event: 397.335 Thread 0x00007f00c4003800 Implicit null exception at 0x00007f00fe3cf567 to 0x00007f00fe3cf9f1
Event: 421.292 Thread 0x00007f00c4003800 Implicit null exception at 0x00007f00fe7e4230 to 0x00007f00fe7e4ff9
Event: 422.419 Thread 0x00007f00c4003800 Exception <a 'java/io/FileNotFoundException'> (0x00000000f0ee2a98) thrown at [/HUDSON3/workspace/8-2-build-linux-amd64/jdk8u101/7261/hotspot/src/share/vm/prims/jni.cpp, line 709]
Event: 772.729 Thread 0x00007f00c4003800 Exception <a 'java/lang/ClassNotFoundException': asLocalRepo4_emjnrgknnreb8wqdkfby3sz5mBeanInfo> (0x00000000eb65d6c0) thrown at [/HUDSON3/workspace/8-2-build-linux-amd64/jdk8u101/7261/hotspot/src/share/vm/classfile/systemDictionary.cpp, line 210]
Event: 772.730 Thread 0x00007f00c4003800 Exception <a 'java/lang/ClassNotFoundException': asLocalRepo4_emjnrgknnreb8wqdkfby3sz5mCustomizer> (0x00000000eb667310) thrown at [/HUDSON3/workspace/8-2-build-linux-amd64/jdk8u101/7261/hotspot/src/share/vm/classfile/systemDictionary.cpp, line 210]
Event: 779.079 Thread 0x00007f00c4003800 Exception <a 'java/lang/reflect/InvocationTargetException'> (0x00000000f1715b40) thrown at [/HUDSON3/workspace/8-2-build-linux-amd64/jdk8u101/7261/hotspot/src/share/vm/runtime/reflection.cpp, line 1092]
Event: 779.148 Thread 0x00007f00c4003800 Exception <a 'java/lang/reflect/InvocationTargetException'> (0x00000000f1732478) thrown at [/HUDSON3/workspace/8-2-build-linux-amd64/jdk8u101/7261/hotspot/src/share/vm/runtime/reflection.cpp, line 1092]
Event: 801.276 Thread 0x00007f00c4003800 Implicit null exception at 0x00007f00fe7ab525 to 0x00007f00fe7abc8d

Events (10 events):
Event: 797.179 Executing VM operation: RevokeBias done
Event: 797.445 Thread 0x00007f00c4003800 DEOPT PACKING pc=0x00007f00fd615d0f sp=0x00007f00cf445790
Event: 797.445 Thread 0x00007f00c4003800 DEOPT UNPACKING pc=0x00007f00fd046f73 sp=0x00007f00cf4454d0 mode 0
Event: 797.475 Thread 0x00007f00c4003800 DEOPT PACKING pc=0x00007f00fd615d0f sp=0x00007f00cf445790
Event: 797.475 Thread 0x00007f00c4003800 DEOPT UNPACKING pc=0x00007f00fd046f73 sp=0x00007f00cf4454d0 mode 0
Event: 797.495 Thread 0x00007f00c4003800 DEOPT PACKING pc=0x00007f00fd615d0f sp=0x00007f00cf445790
Event: 797.495 Thread 0x00007f00c4003800 DEOPT UNPACKING pc=0x00007f00fd046f73 sp=0x00007f00cf4454d0 mode 0
Event: 801.276 Thread 0x00007f00c4003800 Uncommon trap: trap_request=0xffffff65 fr.pc=0x00007f00fe7abca0
Event: 801.276 Thread 0x00007f00c4003800 DEOPT PACKING pc=0x00007f00fe7abca0 sp=0x00007f00cf445750
Event: 801.276 Thread 0x00007f00c4003800 DEOPT UNPACKING pc=0x00007f00fd004f69 sp=0x00007f00cf445618 mode 2


Dynamic libraries:
00400000-00401000 r-xp 00000000 08:01 3279757                            /usr/lib/jvm/java-8-oracle/bin/java
00600000-00601000 rw-p 00000000 08:01 3279757                            /usr/lib/jvm/java-8-oracle/bin/java
00e9b000-00ebc000 rw-p 00000000 00:00 0                                  [heap]
c0000000-c5c00000 rw-p 00000000 00:00 0 
c5c00000-eab00000 ---p 00000000 00:00 0 
eab00000-fe100000 rw-p 00000000 00:00 0 
fe100000-100000000 ---p 00000000 00:00 0 
100000000-1008c0000 rw-p 00000000 00:00 0 
1008c0000-140000000 ---p 00000000 00:00 0 
7f00b8000000-7f00b9477000 rw-p 00000000 00:00 0 
7f00b9477000-7f00bc000000 ---p 00000000 00:00 0 
7f00be9f8000-7f00be9fb000 ---p 00000000 00:00 0 
7f00be9fb000-7f00beaf9000 rw-p 00000000 00:00 0 
7f00beaf9000-7f00beafc000 ---p 00000000 00:00 0 
7f00beafc000-7f00bebfa000 rw-p 00000000 00:00 0 
7f00bebfa000-7f00bebfd000 ---p 00000000 00:00 0 
7f00bebfd000-7f00bee3b000 rw-p 00000000 00:00 0 
7f00bee3b000-7f00beefe000 ---p 00000000 00:00 0 
7f00beefe000-7f00beffc000 rw-p 00000000 00:00 0 
7f00beffc000-7f00befff000 ---p 00000000 00:00 0 
7f00befff000-7f00bf2fd000 rw-p 00000000 00:00 0 
7f00bf2fd000-7f00bf4fd000 rw-p 00000000 00:00 0 
7f00bf4fd000-7f00bf6f3000 rw-p 00000000 00:00 0 
7f00bf6f3000-7f00bf6fd000 ---p 00000000 00:00 0 
7f00bf6fd000-7f00bf700000 ---p 00000000 00:00 0 
7f00bf700000-7f00bf7fe000 rw-p 00000000 00:00 0                          [stack:28539]
7f00bf7fe000-7f00bf801000 ---p 00000000 00:00 0 
7f00bf801000-7f00bf8ff000 rw-p 00000000 00:00 0                          [stack:28513]
7f00bf8ff000-7f00bf902000 ---p 00000000 00:00 0 
7f00bf902000-7f00bfc00000 rw-p 00000000 00:00 0                          [stack:28719]
7f00bfc00000-7f00bfe00000 rw-p 00000000 00:00 0 
7f00bfe00000-7f00c0000000 rw-p 00000000 00:00 0 
7f00c0000000-7f00c0067000 rw-p 00000000 00:00 0 
7f00c0067000-7f00c4000000 ---p 00000000 00:00 0 
7f00c4000000-7f00c4021000 rw-p 00000000 00:00 0 
7f00c4021000-7f00c8000000 ---p 00000000 00:00 0 
7f00c8000000-7f00c802a000 rw-p 00000000 00:00 0 
7f00c802a000-7f00cc000000 ---p 00000000 00:00 0 
7f00cc04f000-7f00cc052000 ---p 00000000 00:00 0 
7f00cc052000-7f00cc350000 rw-p 00000000 00:00 0                          [stack:28745]
7f00cc3e9000-7f00cc3ea000 rw-p 00000000 00:00 0 
7f00cc3ea000-7f00cc3ed000 ---p 00000000 00:00 0 
7f00cc3ed000-7f00cc6eb000 rw-p 00000000 00:00 0                          [stack:29179]
7f00cc6eb000-7f00cc8eb000 rw-p 00000000 00:00 0 
7f00cc8eb000-7f00ccaeb000 rw-p 00000000 00:00 0 
7f00ccaeb000-7f00ccceb000 rw-p 00000000 00:00 0 
7f00ccceb000-7f00cceeb000 rw-p 00000000 00:00 0 
7f00cceeb000-7f00ccfa7000 r--s 0083b000 08:01 4850293                    /root/.gradle/caches/modules-2/files-2.1/io.fabric.tools/gradle/1.22.0/7673eb1598762f4d29d5839c35b71d77d13c834a/gradle-1.22.0.jar
7f00ccfa7000-7f00cd1a7000 rw-p 00000000 00:00 0 
7f00cd1a7000-7f00cd1bf000 r-xp 00000000 08:01 2621661                    /lib/x86_64-linux-gnu/libresolv-2.15.so
7f00cd1bf000-7f00cd3bf000 ---p 00018000 08:01 2621661                    /lib/x86_64-linux-gnu/libresolv-2.15.so
7f00cd3bf000-7f00cd3c0000 r--p 00018000 08:01 2621661                    /lib/x86_64-linux-gnu/libresolv-2.15.so
7f00cd3c0000-7f00cd3c1000 rw-p 00019000 08:01 2621661                    /lib/x86_64-linux-gnu/libresolv-2.15.so
7f00cd3c1000-7f00cd3c3000 rw-p 00000000 00:00 0 
7f00cd3c3000-7f00cd3ca000 r-xp 00000000 08:01 2621655                    /lib/x86_64-linux-gnu/libnss_dns-2.15.so
7f00cd3ca000-7f00cd5c9000 ---p 00007000 08:01 2621655                    /lib/x86_64-linux-gnu/libnss_dns-2.15.so
7f00cd5c9000-7f00cd5ca000 r--p 00006000 08:01 2621655                    /lib/x86_64-linux-gnu/libnss_dns-2.15.so
7f00cd5ca000-7f00cd5cb000 rw-p 00007000 08:01 2621655                    /lib/x86_64-linux-gnu/libnss_dns-2.15.so
7f00cd5cb000-7f00cd5cd000 r-xp 00000000 08:01 2621493                    /lib/libnss_mdns4_minimal.so.2
7f00cd5cd000-7f00cd7cc000 ---p 00002000 08:01 2621493                    /lib/libnss_mdns4_minimal.so.2
7f00cd7cc000-7f00cd7cd000 r--p 00001000 08:01 2621493                    /lib/libnss_mdns4_minimal.so.2
7f00cd7cd000-7f00cd7ce000 rw-p 00002000 08:01 2621493                    /lib/libnss_mdns4_minimal.so.2
7f00cd7ce000-7f00cd7d4000 r--s 0003f000 08:01 13766312                   /usr/lib/jvm/java-8-oracle/jre/lib/ext/sunjce_provider.jar
7f00cd7d4000-7f00cd7e7000 r--s 00345000 08:01 13118668                   /usr/lib/jvm/java-8-oracle/jre/lib/resources.jar
7f00cd7e7000-7f00cd9e7000 rw-p 00000000 00:00 0 
7f00cd9e7000-7f00cda19000 r-xp 00000000 08:01 13766370                   /usr/lib/jvm/java-8-oracle/jre/lib/amd64/libsunec.so
7f00cda19000-7f00cdc18000 ---p 00032000 08:01 13766370                   /usr/lib/jvm/java-8-oracle/jre/lib/amd64/libsunec.so
7f00cdc18000-7f00cdc1e000 rw-p 00031000 08:01 13766370                   /usr/lib/jvm/java-8-oracle/jre/lib/amd64/libsunec.so
7f00cdc1e000-7f00cdc2e000 rw-p 00000000 00:00 0 
7f00cdc2e000-7f00cdc2f000 r--s 00009000 08:01 13766310                   /usr/lib/jvm/java-8-oracle/jre/lib/ext/sunec.jar
7f00cdc2f000-7f00cdc33000 r--s 0003a000 08:01 13766308                   /usr/lib/jvm/java-8-oracle/jre/lib/ext/sunpkcs11.jar
7f00cdc33000-7f00cdc36000 r--s 0001a000 08:01 13118677                   /usr/lib/jvm/java-8-oracle/jre/lib/jce.jar
7f00cdc36000-7f00cde36000 rw-p 00000000 00:00 0 
7f00cde36000-7f00cde38000 r--s 00005000 08:01 10354696                   /opt/android-studio/gradle/m2repository/org/abego/treelayout/org.abego.treelayout.core/1.0.1/org.abego.treelayout.core-1.0.1.jar
7f00cde38000-7f00cde40000 r--s 000a8000 08:01 10354905                   /opt/android-studio/gradle/m2repository/com/android/tools/external/lombok/lombok-ast/0.2.3/lombok-ast-0.2.3.jar
7f00cde40000-7f00cde42000 r--s 0000d000 08:01 10355005                   /opt/android-studio/gradle/m2repository/commons-codec/commons-codec/1.4/commons-codec-1.4.jar
7f00cde42000-7f00cde44000 r--s 0000d000 08:01 10226215                   /opt/android-studio/gradle/m2repository/commons-logging/commons-logging/1.1.1/commons-logging-1.1.1.jar
7f00cde44000-7f00cde49000 r--s 00028000 08:01 10229068                   /opt/android-studio/gradle/m2repository/org/apache/httpcomponents/httpcore/4.1/httpcore-4.1.jar
7f00cde49000-7f00cde4a000 r--s 00004000 08:01 10354724                   /opt/android-studio/gradle/m2repository/com/intellij/annotations/12.0/annotations-12.0.jar
7f00cde4a000-7f00cde4e000 r--s 00037000 08:01 10228909                   /opt/android-studio/gradle/m2repository/org/antlr/ST4/4.0.8/ST4-4.0.8.jar
7f00cde4e000-7f00cde51000 r--s 00026000 08:01 10229004                   /opt/android-studio/gradle/m2repository/org/antlr/antlr-runtime/3.5.2/antlr-runtime-3.5.2.jar
7f00cde51000-7f00cde52000 r--s 00002000 08:01 10354712                   /opt/android-studio/gradle/m2repository/com/tunnelvisionlabs/antlr4-annotations/4.5/antlr4-annotations-4.5.jar
7f00cde52000-7f00cde59000 r--s 00062000 08:01 10354707                   /opt/android-studio/gradle/m2repository/com/tunnelvisionlabs/antlr4-runtime/4.5/antlr4-runtime-4.5.jar
7f00cde59000-7f00cde5a000 r--s 00004000 08:01 10226259                   /opt/android-studio/gradle/m2repository/org/ow2/asm/asm-analysis/5.0.3/asm-analysis-5.0.3.jar
7f00cde5a000-7f00cde5d000 r--s 00030000 08:01 10354933                   /opt/android-studio/gradle/m2repository/com/android/tools/lint/lint-api/25.1.3/lint-api-25.1.3.jar
7f00cde5d000-7f00cde5e000 r--s 0000a000 08:01 10354967                   /opt/android-studio/gradle/m2repository/net/sf/kxml/kxml2/2.3.0/kxml2-2.3.0.jar
7f00cde5e000-7f00cde60000 r--s 00005000 08:01 10229059                   /opt/android-studio/gradle/m2repository/org/apache/httpcomponents/httpmime/4.1/httpmime-4.1.jar
7f00cde60000-7f00cde68000 r--s 0004e000 08:01 10229079                   /opt/android-studio/gradle/m2repository/org/apache/httpcomponents/httpclient/4.1.1/httpclient-4.1.1.jar
7f00cde68000-7f00cde6f000 r--s 00053000 08:01 10229091                   /opt/android-studio/gradle/m2repository/org/apache/commons/commons-compress/1.8.1/commons-compress-1.8.1.jar
7f00cde6f000-7f00cde74000 r--s 0002a000 08:01 10354757                   /opt/android-studio/gradle/m2repository/com/google/code/gson/gson/2.2.4/gson-2.2.4.jar
7f00cde74000-7f00cde78000 r--s 00026000 08:01 10354911                   /opt/android-studio/gradle/m2repository/com/android/tools/repository/25.1.3/repository-25.1.3.jar
7f00cde78000-7f00cde79000 r--s 00005000 08:01 10354891                   /opt/android-studio/gradle/m2repository/com/android/tools/dvlib/25.1.3/dvlib-25.1.3.jar
7f00cde79000-7f00cde7c000 r--s 00014000 08:01 10354858                   /opt/android-studio/gradle/m2repository/com/android/tools/layoutlib/layoutlib-api/25.1.3/layoutlib-api-25.1.3.jar
7f00cde7c000-7f00cde81000 r--s 00058000 08:01 10226233                   /opt/android-studio/gradle/m2repository/org/ow2/asm/asm-debug-all/5.0.4/asm-debug-all-5.0.4.jar
7f00cde81000-7f00cde91000 r--s 000d6000 08:01 10354979                   /opt/android-studio/gradle/m2repository/net/sf/proguard/proguard-base/5.2.1/proguard-base-5.2.1.jar
7f00cde91000-7f00cde94000 r--s 00033000 08:01 10354731                   /opt/android-studio/gradle/m2repository/com/googlecode/juniversalchardet/juniversalchardet/1.0.3/juniversalchardet-1.0.3.jar
7f00cde94000-7f00cde98000 r--s 0002a000 08:01 10226208                   /opt/android-studio/gradle/m2repository/commons-io/commons-io/2.4/commons-io-2.4.jar
7f00cde98000-7f00cdea2000 r--s 00099000 08:01 10354717                   /opt/android-studio/gradle/m2repository/com/tunnelvisionlabs/antlr4/4.5/antlr4-4.5.jar
7f00cdea2000-7f00cdea3000 r--s 00002000 08:01 10354764                   /opt/android-studio/gradle/m2repository/com/android/databinding/baseLibrary/2.1.3/baseLibrary-2.1.3.jar
7f00cdea3000-7f00cdece000 r--s 001f9000 08:01 10354749                   /opt/android-studio/gradle/m2repository/com/google/guava/guava/17.0/guava-17.0.jar
7f00cdece000-7f00cdecf000 r--s 00001000 08:01 10354785                   /opt/android-studio/gradle/m2repository/com/android/tools/annotations/25.1.3/annotations-25.1.3.jar
7f00cdecf000-7f00cdee1000 r--s 00223000 08:01 10227994                   /opt/android-studio/gradle/m2repository/org/eclipse/jdt/core/compiler/ecj/4.4.2/ecj-4.4.2.jar
7f00cdee1000-7f00cdee8000 r--s 000be000 08:01 10354919                   /opt/android-studio/gradle/m2repository/com/android/tools/lint/lint-checks/25.1.3/lint-checks-25.1.3.jar
7f00cdee8000-7f00cdeea000 r--s 00006000 08:01 10226448                   /opt/android-studio/gradle/m2repository/org/ow2/asm/asm-tree/5.0.3/asm-tree-5.0.3.jar
7f00cdeea000-7f00cdf1d000 r--s 00203000 08:01 10229014                   /opt/android-studio/gradle/m2repository/org/bouncycastle/bcprov-jdk15on/1.48/bcprov-jdk15on-1.48.jar
7f00cdf1d000-7f00cdf2b000 r--s 00081000 08:01 10229019                   /opt/android-studio/gradle/m2repository/org/bouncycastle/bcpkix-jdk15on/1.48/bcpkix-jdk15on-1.48.jar
7f00cdf2b000-7f00cdf2d000 r--s 00002000 08:01 10354739                   /opt/android-studio/gradle/m2repository/com/squareup/javawriter/2.5.0/javawriter-2.5.0.jar
7f00cdf2d000-7f00cdf2e000 r--s 00001000 08:01 10354866                   /opt/android-studio/gradle/m2repository/com/android/tools/jill/jill-api/0.10.0/jill-api-0.10.0.jar
7f00cdf2e000-7f00cdf30000 r--s 00003000 08:01 10354948                   /opt/android-studio/gradle/m2repository/com/android/tools/jack/jack-api/0.10.0/jack-api-0.10.0.jar
7f00cdf30000-7f00cdf36000 r--s 0004a000 08:01 10354884                   /opt/android-studio/gradle/m2repository/com/android/tools/ddms/ddmlib/25.1.3/ddmlib-25.1.3.jar
7f00cdf36000-7f00cdf39000 r--s 00028000 08:01 10354822                   /opt/android-studio/gradle/m2repository/com/android/tools/build/manifest-merger/25.1.3/manifest-merger-25.1.3.jar
7f00cdf39000-7f00cdf3b000 r--s 00018000 08:01 10354956                   /opt/android-studio/gradle/m2repository/com/android/tools/common/25.1.3/common-25.1.3.jar
7f00cdf3b000-7f00cdf43000 r--s 0007c000 08:01 10354875                   /opt/android-studio/gradle/m2repository/com/android/tools/sdk-common/25.1.3/sdk-common-25.1.3.jar
7f00cdf43000-7f00cdf4b000 r--s 00078000 08:01 10354940                   /opt/android-studio/gradle/m2repository/com/android/tools/sdklib/25.1.3/sdklib-25.1.3.jar
7f00cdf4b000-7f00cdf4c000 r--s 00002000 08:01 10354807                   /opt/android-studio/gradle/m2repository/com/android/tools/build/builder-test-api/2.1.3/builder-test-api-2.1.3.jar
7f00cdf4c000-7f00cdf4e000 r--s 00005000 08:01 10354843                   /opt/android-studio/gradle/m2repository/com/android/tools/build/builder-model/2.1.3/builder-model-2.1.3.jar
7f00cdf4e000-7f00cdf52000 r--s 0001e000 08:01 10229035                   /opt/android-studio/gradle/m2repository/org/jacoco/org.jacoco.core/0.7.6.201602180812/org.jacoco.core-0.7.6.201602180812.jar
7f00cdf52000-7f00cdf53000 r--s 00002000 08:01 10354995                   /opt/android-studio/gradle/m2repository/net/sf/proguard/proguard-gradle/5.2.1/proguard-gradle-5.2.1.jar
7f00cdf53000-7f00cdf55000 r--s 00009000 08:01 10226454                   /opt/android-studio/gradle/m2repository/org/ow2/asm/asm-commons/5.0.3/asm-commons-5.0.3.jar
7f00cdf55000-7f00cdf56000 r--s 0000c000 08:01 10226852                   /opt/android-studio/gradle/m2repository/org/ow2/asm/asm/5.0.3/asm-5.0.3.jar
7f00cdf56000-7f00cdf5a000 r--s 0002b000 08:01 10354777                   /opt/android-studio/gradle/m2repository/com/android/databinding/compilerCommon/2.1.3/compilerCommon-2.1.3.jar
7f00cdf5a000-7f00cdf5b000 r--s 00002000 08:01 10354814                   /opt/android-studio/gradle/m2repository/com/android/tools/build/gradle-api/2.1.3/gradle-api-2.1.3.jar
7f00cdf5b000-7f00cdf5c000 r--s 00000000 08:01 10354835                   /opt/android-studio/gradle/m2repository/com/android/tools/build/transform-api/2.0.0-deprecated-use-gradle-api/transform-api-2.0.0-deprecated-use-gradle-api.jar
7f00cdf5c000-7f00cdf5e000 r--s 00023000 08:01 10354926                   /opt/android-studio/gradle/m2repository/com/android/tools/lint/lint/25.1.3/lint-25.1.3.jar
7f00cdf5e000-7f00cdf72000 r--s 00130000 08:01 10354801                   /opt/android-studio/gradle/m2repository/com/android/tools/build/builder/2.1.3/builder-2.1.3.jar
7f00cdf72000-7f00cdf8f000 r--s 0017c000 08:01 10354829                   /opt/android-studio/gradle/m2repository/com/android/tools/build/gradle-core/2.1.3/gradle-core-2.1.3.jar
7f00cdf8f000-7f00cdf91000 r--s 0000c000 08:01 10354851                   /opt/android-studio/gradle/m2repository/com/android/tools/build/gradle/2.1.3/gradle-2.1.3.jar
7f00cdf91000-7f00ce191000 rw-p 00000000 00:00 0 
7f00ce191000-7f00ce194000 ---p 00000000 00:00 0 
7f00ce194000-7f00ce492000 rw-p 00000000 00:00 0                          [stack:28473]
7f00ce492000-7f00ce495000 ---p 00000000 00:00 0 
7f00ce495000-7f00ce4cb000 rw-p 00000000 00:00 0                          [stack:29185]
7f00ce4cb000-7f00ce4cc000 r--p 00000000 00:00 0 
7f00ce4cc000-7f00ce6cc000 rw-p 00000000 00:00 0 
7f00ce6cc000-7f00ce8cc000 rw-p 00000000 00:00 0 
7f00ce8cc000-7f00ceacc000 rw-p 00000000 00:00 0 
7f00ceacc000-7f00ceccc000 rw-p 00000000 00:00 0 
7f00ceccc000-7f00ced45000 r--s 010e5000 08:01 2493420                    /usr/lib/jvm/java-8-oracle/lib/tools.jar
7f00ced45000-7f00cef45000 rw-p 00000000 00:00 0 
7f00cef45000-7f00cef48000 ---p 00000000 00:00 0 
7f00cef48000-7f00cf046000 rw-p 00000000 00:00 0 
7f00cf046000-7f00cf049000 ---p 00000000 00:00 0 
7f00cf049000-7f00cf147000 rw-p 00000000 00:00 0                          [stack:29178]
7f00cf147000-7f00cf14a000 ---p 00000000 00:00 0 
7f00cf14a000-7f00cf248000 rw-p 00000000 00:00 0                          [stack:29176]
7f00cf248000-7f00cf24b000 ---p 00000000 00:00 0 
7f00cf24b000-7f00cf349000 rw-p 00000000 00:00 0                          [stack:29175]
7f00cf349000-7f00cf34c000 ---p 00000000 00:00 0 
7f00cf34c000-7f00cf44a000 rw-p 00000000 00:00 0                          [stack:29177]
7f00cf44a000-7f00cf44d000 ---p 00000000 00:00 0 
7f00cf44d000-7f00cf54b000 rw-p 00000000 00:00 0                          [stack:29174]
7f00cf54b000-7f00cf552000 r--s 00000000 08:01 13375965                   /usr/lib/x86_64-linux-gnu/gconv/gconv-modules.cache
7f00cf552000-7f00cf752000 rw-p 00000000 00:00 0 
7f00cf752000-7f00cf755000 ---p 00000000 00:00 0 
7f00cf755000-7f00cf853000 rw-p 00000000 00:00 0                          [stack:28458]
7f00cf853000-7f00cf856000 ---p 00000000 00:00 0 
7f00cf856000-7f00cf954000 rw-p 00000000 00:00 0                          [stack:28457]
7f00cf954000-7f00cf95d000 r-xp 00000000 08:01 13766348                   /usr/lib/jvm/java-8-oracle/jre/lib/amd64/libmanagement.so
7f00cf95d000-7f00cfb5c000 ---p 00009000 08:01 13766348                   /usr/lib/jvm/java-8-oracle/jre/lib/amd64/libmanagement.so
7f00cfb5c000-7f00cfb5d000 rw-p 00008000 08:01 13766348                   /usr/lib/jvm/java-8-oracle/jre/lib/amd64/libmanagement.so
7f00cfb5d000-7f00cfb61000 r--s 00097000 08:01 13118639                   /usr/lib/jvm/java-8-oracle/jre/lib/jsse.jar
7f00cfb61000-7f00cfb63000 r--s 00007000 08:01 10226052                   /opt/android-studio/gradle/gradle-2.14.1/lib/plugins/gradle-tooling-api-builders-2.14.1.jar
7f00cfb63000-7f00cfb66000 r--s 00008000 08:01 10226046                   /opt/android-studio/gradle/gradle-2.14.1/lib/plugins/gradle-testing-native-2.14.1.jar
7f00cfb66000-7f00cfb68000 r--s 00009000 08:01 10226146                   /opt/android-studio/gradle/gradle-2.14.1/lib/plugins/hamcrest-core-1.3.jar
7f00cfb68000-7f00cfb6e000 r--s 00033000 08:01 10226057                   /opt/android-studio/gradle/gradle-2.14.1/lib/plugins/snakeyaml-1.6.jar
7f00cfb6e000-7f00cfb70000 r--s 00006000 08:01 10226078                   /opt/android-studio/gradle/gradle-2.14.1/lib/plugins/jcommander-1.12.jar
7f00cfb70000-7f00cfb75000 r--s 00040000 08:01 10226055                   /opt/android-studio/gradle/gradle-2.14.1/lib/plugins/bsh-2.0b4.jar
7f00cfb75000-7f00cfb7e000 r--s 00089000 08:01 10226081                   /opt/android-studio/gradle/gradle-2.14.1/lib/plugins/testng-6.3.1.jar
7f00cfb7e000-7f00cfb86000 r--s 00045000 08:01 10226086                   /opt/android-studio/gradle/gradle-2.14.1/lib/plugins/junit-4.12.jar
7f00cfb86000-7f00cfb8c000 r--s 0002e000 08:01 10226062                   /opt/android-studio/gradle/gradle-2.14.1/lib/plugins/gradle-testing-jvm-2.14.1.jar
7f00cfb8c000-7f00cfb91000 r--s 00015000 08:01 10226071                   /opt/android-studio/gradle/gradle-2.14.1/lib/plugins/gradle-testing-base-2.14.1.jar
7f00cfb91000-7f00cfb92000 r--s 00002000 08:01 10226084                   /opt/android-studio/gradle/gradle-2.14.1/lib/plugins/sonar-batch-bootstrapper-2.9.jar
7f00cfb92000-7f00cfb95000 r--s 00015000 08:01 10226061                   /opt/android-studio/gradle/gradle-2.14.1/lib/plugins/gradle-sonar-2.14.1.jar
7f00cfb95000-7f00cfb9c000 r--s 00038000 08:01 10226102                   /opt/android-studio/gradle/gradle-2.14.1/lib/plugins/bcpg-jdk15on-1.51.jar
7f00cfb9c000-7f00cfb9e000 r--s 0000d000 08:01 10226108                   /opt/android-studio/gradle/gradle-2.14.1/lib/plugins/gradle-signing-2.14.1.jar
7f00cfb9e000-7f00cfba1000 r--s 00009000 08:01 10226091                   /opt/android-studio/gradle/gradle-2.14.1/lib/plugins/gradle-scala-2.14.1.jar
7f00cfba1000-7f00cfba2000 r--s 00004000 08:01 10226115                   /opt/android-studio/gradle/gradle-2.14.1/lib/plugins/gradle-resources-sftp-2.14.1.jar
7f00cfba2000-7f00cfbb2000 r--s 00088000 08:01 10226068                   /opt/android-studio/gradle/gradle-2.14.1/lib/plugins/joda-time-2.8.2.jar
7f00cfbb2000-7f00cfbc3000 r--s 000cf000 08:01 10226153                   /opt/android-studio/gradle/gradle-2.14.1/lib/plugins/jackson-databind-2.3.2.jar
7f00cfbc3000-7f00cfbc5000 r--s 00007000 08:01 10226097                   /opt/android-studio/gradle/gradle-2.14.1/lib/plugins/jackson-annotations-2.3.2.jar
7f00cfbc5000-7f00cfbc8000 r--s 0002e000 08:01 10226104                   /opt/android-studio/gradle/gradle-2.14.1/lib/plugins/jackson-core-2.3.2.jar
7f00cfbc8000-7f00cfbd3000 r--s 0006b000 08:01 10226170                   /opt/android-studio/gradle/gradle-2.14.1/lib/plugins/aws-java-sdk-core-1.9.19.jar
7f00cfbd3000-7f00cfbd9000 r--s 00036000 08:01 10226096                   /opt/android-studio/gradle/gradle-2.14.1/lib/plugins/aws-java-sdk-kms-1.9.19.jar
7f00cfbd9000-7f00cfbe4000 r--s 00079000 08:01 10226083                   /opt/android-studio/gradle/gradle-2.14.1/lib/plugins/aws-java-sdk-s3-1.9.19.jar
7f00cfbe4000-7f00cfbe5000 r--s 00003000 08:01 10226149                   /opt/android-studio/gradle/gradle-2.14.1/lib/plugins/gradle-resources-s3-2.14.1.jar
7f00cfbe5000-7f00cfbe7000 r--s 00005000 08:01 10226144                   /opt/android-studio/gradle/gradle-2.14.1/lib/plugins/jatl-0.2.2.jar
7f00cfbe7000-7f00cfbe9000 r--s 0000f000 08:01 10226161                   /opt/android-studio/gradle/gradle-2.14.1/lib/plugins/gradle-reporting-2.14.1.jar
7f00cfbe9000-7f00cfbeb000 r--s 00002000 08:01 10226101                   /opt/android-studio/gradle/gradle-2.14.1/lib/plugins/gradle-publish-2.14.1.jar
7f00cfbeb000-7f00cfbed000 r--s 00009000 08:01 10226074                   /opt/android-studio/gradle/gradle-2.14.1/lib/plugins/commons-cli-1.2.jar
7f00cfbed000-7f00cfbf3000 r--s 00033000 08:01 10226085                   /opt/android-studio/gradle/gradle-2.14.1/lib/plugins/gradle-plugins-2.14.1.jar
7f00cfbf3000-7f00cfbf5000 r--s 00007000 08:01 10226049                   /opt/android-studio/gradle/gradle-2.14.1/lib/plugins/gradle-plugin-development-2.14.1.jar
7f00cfbf5000-7f00cfbfb000 r--s 0002a000 08:01 10226107                   /opt/android-studio/gradle/gradle-2.14.1/lib/plugins/gradle-platform-play-2.14.1.jar
7f00cfbfb000-7f00cfc08000 r--s 0004d000 08:01 10226106                   /opt/android-studio/gradle/gradle-2.14.1/lib/plugins/gradle-platform-native-2.14.1.jar
7f00cfc08000-7f00cfc0c000 r--s 0001a000 08:01 10226147                   /opt/android-studio/gradle/gradle-2.14.1/lib/plugins/gradle-platform-jvm-2.14.1.jar
7f00cfc0c000-7f00cfc13000 r--s 00029000 08:01 10226077                   /opt/android-studio/gradle/gradle-2.14.1/lib/plugins/gradle-platform-base-2.14.1.jar
7f00cfc13000-7f00cfc34000 r--s 001c3000 08:01 10226053                   /opt/android-studio/gradle/gradle-2.14.1/lib/plugins/bndlib-2.4.0.jar
7f00cfc34000-7f00cfc36000 r--s 00003000 08:01 10226152                   /opt/android-studio/gradle/gradle-2.14.1/lib/plugins/gradle-osgi-2.14.1.jar
7f00cfc36000-7f00cfc39000 r--s 0000c000 08:01 10226156                   /opt/android-studio/gradle/gradle-2.14.1/lib/plugins/pmaven-groovy-0.8-20100325.jar
7f00cfc39000-7f00cfc3a000 r--s 00004000 08:01 10226142                   /opt/android-studio/gradle/gradle-2.14.1/lib/plugins/pmaven-common-0.8-20100325.jar
7f00cfc3a000-7f00cfc40000 r--s 00022000 08:01 10226076                   /opt/android-studio/gradle/gradle-2.14.1/lib/plugins/gradle-maven-2.14.1.jar
7f00cfc40000-7f00cfc42000 r--s 0000a000 08:01 10226058                   /opt/android-studio/gradle/gradle-2.14.1/lib/plugins/gradle-language-scala-2.14.1.jar
7f00cfc42000-7f00cfc48000 r--s 0001a000 08:01 10226063                   /opt/android-studio/gradle/gradle-2.14.1/lib/plugins/gradle-language-native-2.14.1.jar
7f00cfc48000-7f00cfc4a000 r--s 00008000 08:01 10226051                   /opt/android-studio/gradle/gradle-2.14.1/lib/plugins/gradle-language-jvm-2.14.1.jar
7f00cfc4a000-7f00cfc50000 r--s 00024000 08:01 10226143                   /opt/android-studio/gradle/gradle-2.14.1/lib/plugins/gradle-language-java-2.14.1.jar
7f00cfc50000-7f00cfc52000 r--s 0000a000 08:01 10226105                   /opt/android-studio/gradle/gradle-2.14.1/lib/plugins/gradle-language-groovy-2.14.1.jar
7f00cfc52000-7f00cfc55000 r--s 0001e000 08:01 10226045                   /opt/android-studio/gradle/gradle-2.14.1/lib/plugins/jsp-api-2.1-6.1.14.jar
7f00cfc55000-7f00cfc78000 r--s 00344000 08:01 10226098                   /opt/android-studio/gradle/gradle-2.14.1/lib/plugins/core-3.1.1.jar
7f00cfc78000-7f00cfc79000 r--s 00006000 08:01 10226154                   /opt/android-studio/gradle/gradle-2.14.1/lib/plugins/jetty-naming-6.1.25.jar
7f00cfc79000-7f00cfc7a000 r--s 00002000 08:01 10226093                   /opt/android-studio/gradle/gradle-2.14.1/lib/plugins/geronimo-annotation_1.0_spec-1.0.jar
7f00cfc7a000-7f00cfc7c000 r--s 00002000 08:01 10226150                   /opt/android-studio/gradle/gradle-2.14.1/lib/plugins/jetty-annotations-6.1.25.jar
7f00cfc7c000-7f00cfc8d000 r--s 000ea000 08:01 10226163                   /opt/android-studio/gradle/gradle-2.14.1/lib/plugins/jsp-2.1-6.1.14.jar
7f00cfc8d000-7f00cfc8f000 r--s 0000d000 08:01 10226099                   /opt/android-studio/gradle/gradle-2.14.1/lib/plugins/jetty-plus-6.1.25.jar
7f00cfc8f000-7f00cfc91000 r--s 0001f000 08:01 10226177                   /opt/android-studio/gradle/gradle-2.14.1/lib/plugins/servlet-api-2.5-20081211.jar
7f00cfc91000-7f00cfc95000 r--s 00028000 08:01 10226079                   /opt/android-studio/gradle/gradle-2.14.1/lib/plugins/jetty-util-6.1.25.jar
7f00cfc95000-7f00cfc9c000 r--s 0007d000 08:01 10226087                   /opt/android-studio/gradle/gradle-2.14.1/lib/plugins/jetty-6.1.25.jar
7f00cfc9c000-7f00cfc9e000 r--s 00009000 08:01 10226159                   /opt/android-studio/gradle/gradle-2.14.1/lib/plugins/gradle-jetty-2.14.1.jar
7f00cfc9e000-7f00cfca5000 r--s 00035000 08:01 10226173                   /opt/android-studio/gradle/gradle-2.14.1/lib/plugins/simple-4.1.21.jar
7f00cfca5000-7f00cfcb1000 r--s 00100000 08:01 10226069                   /opt/android-studio/gradle/gradle-2.14.1/lib/plugins/rhino-1.7R3.jar
7f00cfcb1000-7f00cfcb5000 r--s 00011000 08:01 10226141                   /opt/android-studio/gradle/gradle-2.14.1/lib/plugins/gradle-javascript-2.14.1.jar
7f00cfcb5000-7f00cfcb7000 r--s 0000c000 08:01 10226175                   /opt/android-studio/gradle/gradle-2.14.1/lib/plugins/gradle-jacoco-2.14.1.jar
7f00cfcb7000-7f00cfcba000 r--s 0000e000 08:01 10226172                   /opt/android-studio/gradle/gradle-2.14.1/lib/plugins/gradle-ivy-2.14.1.jar
7f00cfcba000-7f00cfcbb000 r--s 00002000 08:01 10226164                   /opt/android-studio/gradle/gradle-2.14.1/lib/plugins/gradle-ide-play-2.14.1.jar
7f00cfcbb000-7f00cfcc0000 r--s 0002b000 08:01 10226160                   /opt/android-studio/gradle/gradle-2.14.1/lib/plugins/gradle-ide-native-2.14.1.jar
7f00cfcc0000-7f00cfccb000 r--s 00066000 08:01 10226059                   /opt/android-studio/gradle/gradle-2.14.1/lib/plugins/gradle-ide-2.14.1.jar
7f00cfccb000-7f00cfcd1000 r--s 00032000 08:01 10226067                   /opt/android-studio/gradle/gradle-2.14.1/lib/plugins/gradle-diagnostics-2.14.1.jar
7f00cfcd1000-7f00cfcd5000 r--s 00021000 08:01 10226162                   /opt/android-studio/gradle/gradle-2.14.1/lib/plugins/gradle-code-quality-2.14.1.jar
7f00cfcd5000-7f00cfcd9000 r--s 0001f000 08:01 10226066                   /opt/android-studio/gradle/gradle-2.14.1/lib/plugins/gradle-build-init-2.14.1.jar
7f00cfcd9000-7f00cfce0000 r--s 0008e000 08:01 10226169                   /opt/android-studio/gradle/gradle-2.14.1/lib/plugins/gradle-build-comparison-2.14.1.jar
7f00cfce0000-7f00cfcf8000 r--s 00115000 08:01 10226090                   /opt/android-studio/gradle/gradle-2.14.1/lib/plugins/xercesImpl-2.9.1.jar
7f00cfcf8000-7f00cfd00000 r--s 00028000 08:01 10226118                   /opt/android-studio/gradle/gradle-2.14.1/lib/plugins/xml-apis-1.3.04.jar
7f00cfd00000-7f00cfde2000 r-xp 00000000 08:01 13114888                   /usr/lib/x86_64-linux-gnu/libstdc++.so.6.0.16
7f00cfde2000-7f00cffe1000 ---p 000e2000 08:01 13114888                   /usr/lib/x86_64-linux-gnu/libstdc++.so.6.0.16
7f00cffe1000-7f00cffe9000 r--p 000e1000 08:01 13114888                   /usr/lib/x86_64-linux-gnu/libstdc++.so.6.0.16
7f00cffe9000-7f00cffeb000 rw-p 000e9000 08:01 13114888                   /usr/lib/x86_64-linux-gnu/libstdc++.so.6.0.16
7f00cffeb000-7f00d0000000 rw-p 00000000 00:00 0 
7f00d0000000-7f00d00cb000 rw-p 00000000 00:00 0 
7f00d00cb000-7f00d4000000 ---p 00000000 00:00 0 
7f00d4000000-7f00d4021000 rw-p 00000000 00:00 0 
7f00d4021000-7f00d8000000 ---p 00000000 00:00 0 
7f00d8000000-7f00d97b4000 rw-p 00000000 00:00 0 
7f00d97b4000-7f00dc000000 ---p 00000000 00:00 0 
7f00dc000000-7f00dccaa000 rw-p 00000000 00:00 0 
7f00dccaa000-7f00e0000000 ---p 00000000 00:00 0 
7f00e0000000-7f00e0021000 rw-p 00000000 00:00 0 
7f00e0021000-7f00e4000000 ---p 00000000 00:00 0 
7f00e4000000-7f00e4021000 rw-p 00000000 00:00 0 
7f00e4021000-7f00e8000000 ---p 00000000 00:00 0 
7f00e8000000-7f00e804d000 rw-p 00000000 00:00 0 
7f00e804d000-7f00ec000000 ---p 00000000 00:00 0 
7f00ec000000-7f00ec021000 rw-p 00000000 00:00 0 
7f00ec021000-7f00f0000000 ---p 00000000 00:00 0 
7f00f0000000-7f00f003e000 rw-p 00000000 00:00 0 
7f00f003e000-7f00f4000000 ---p 00000000 00:00 0 
7f00f4000000-7f00f4001000 r--s 00008000 08:01 10226056                   /opt/android-studio/gradle/gradle-2.14.1/lib/plugins/gradle-ear-2.14.1.jar
7f00f4001000-7f00f4003000 r--s 00008000 08:01 10226145                   /opt/android-studio/gradle/gradle-2.14.1/lib/plugins/gradle-antlr-2.14.1.jar
7f00f4003000-7f00f4005000 r--s 00004000 08:01 10226171                   /opt/android-studio/gradle/gradle-2.14.1/lib/plugins/gradle-announce-2.14.1.jar
7f00f4005000-7f00f400b000 r--s 0005b000 08:01 10226109                   /opt/android-studio/gradle/gradle-2.14.1/lib/plugins/jcifs-1.3.17.jar
7f00f400b000-7f00f4012000 r--s 00049000 08:01 10226120                   /opt/android-studio/gradle/gradle-2.14.1/lib/plugins/httpcore-4.4.4.jar
7f00f4012000-7f00f4018000 r--s 00033000 08:01 10226065                   /opt/android-studio/gradle/gradle-2.14.1/lib/plugins/commons-codec-1.6.jar
7f00f4018000-7f00f401b000 r--s 0001c000 08:01 10226060                   /opt/android-studio/gradle/gradle-2.14.1/lib/plugins/nekohtml-1.9.14.jar
7f00f401b000-7f00f4028000 r--s 000a4000 08:01 10226157                   /opt/android-studio/gradle/gradle-2.14.1/lib/plugins/httpclient-4.4.1.jar
7f00f4028000-7f00f402a000 r--s 0000a000 08:01 10226047                   /opt/android-studio/gradle/gradle-2.14.1/lib/plugins/gradle-resources-http-2.14.1.jar
7f00f402a000-7f00f402e000 r--s 00014000 08:01 10226112                   /opt/android-studio/gradle/gradle-2.14.1/lib/plugins/gradle-plugin-use-2.14.1.jar
7f00f402e000-7f00f402f000 r--s 00000000 08:01 10226003                   /opt/android-studio/gradle/gradle-2.14.1/lib/gradle-installation-beacon-2.14.1.jar
7f00f402f000-7f00f4030000 r--s 00007000 08:01 10226075                   /opt/android-studio/gradle/gradle-2.14.1/lib/plugins/wagon-http-shared4-2.4.jar
7f00f4030000-7f00f4034000 r--s 00033000 08:01 10226148                   /opt/android-studio/gradle/gradle-2.14.1/lib/plugins/plexus-utils-2.0.6.jar
7f00f4034000-7f00f4038000 r--s 00021000 08:01 10226111                   /opt/android-studio/gradle/gradle-2.14.1/lib/plugins/maven-model-builder-3.0.4.jar
7f00f4038000-7f00f4039000 r--s 00002000 08:01 10226064                   /opt/android-studio/gradle/gradle-2.14.1/lib/plugins/wagon-file-2.4.jar
7f00f4039000-7f00f403b000 r--s 00002000 08:01 10226140                   /opt/android-studio/gradle/gradle-2.14.1/lib/plugins/plexus-cipher-1.7.jar
7f00f403b000-7f00f403e000 r--s 00013000 08:01 10226176                   /opt/android-studio/gradle/gradle-2.14.1/lib/plugins/aether-api-1.13.1.jar
7f00f403e000-7f00f4040000 r--s 0000a000 08:01 10226080                   /opt/android-studio/gradle/gradle-2.14.1/lib/plugins/maven-settings-3.0.4.jar
7f00f4040000-7f00f4042000 r--s 0000d000 08:01 10226113                   /opt/android-studio/gradle/gradle-2.14.1/lib/plugins/plexus-interpolation-1.14.jar
7f00f4042000-7f00f4044000 r--s 0000b000 08:01 10226155                   /opt/android-studio/gradle/gradle-2.14.1/lib/plugins/maven-artifact-3.0.4.jar
7f00f4044000-7f00f404b000 r--s 0002e000 08:01 10226072                   /opt/android-studio/gradle/gradle-2.14.1/lib/plugins/plexus-container-default-1.5.5.jar
7f00f404b000-7f00f404d000 r--s 0000b000 08:01 10226100                   /opt/android-studio/gradle/gradle-2.14.1/lib/plugins/maven-plugin-api-3.0.4.jar
7f00f404d000-7f00f404f000 r--s 00000000 08:01 10226103                   /opt/android-studio/gradle/gradle-2.14.1/lib/plugins/plexus-component-annotations-1.5.5.jar
7f00f404f000-7f00f4055000 r--s 0003f000 08:01 10226114                   /opt/android-studio/gradle/gradle-2.14.1/lib/plugins/maven-compat-3.0.4.jar
7f00f4055000-7f00f4058000 r--s 00008000 08:01 10226088                   /opt/android-studio/gradle/gradle-2.14.1/lib/plugins/maven-settings-builder-3.0.4.jar
7f00f4058000-7f00f4059000 r--s 00002000 08:01 10226044                   /opt/android-studio/gradle/gradle-2.14.1/lib/plugins/wagon-http-2.4.jar
7f00f4059000-7f00f405b000 r--s 00026000 08:01 10226174                   /opt/android-studio/gradle/gradle-2.14.1/lib/plugins/maven-model-3.0.4.jar
7f00f405b000-7f00f405d000 r--s 00006000 08:01 10226151                   /opt/android-studio/gradle/gradle-2.14.1/lib/plugins/aether-connector-wagon-1.13.1.jar
7f00f405d000-7f00f405f000 r--s 0000a000 08:01 10226073                   /opt/android-studio/gradle/gradle-2.14.1/lib/plugins/plexus-classworlds-2.4.jar
7f00f405f000-7f00f4061000 r--s 00006000 08:01 10226116                   /opt/android-studio/gradle/gradle-2.14.1/lib/plugins/maven-repository-metadata-3.0.4.jar
7f00f4061000-7f00f4063000 r--s 0000c000 08:01 10226092                   /opt/android-studio/gradle/gradle-2.14.1/lib/plugins/maven-aether-provider-3.0.4.jar
7f00f4063000-7f00f4065000 r--s 0000b000 08:01 10226082                   /opt/android-studio/gradle/gradle-2.14.1/lib/plugins/wagon-provider-api-2.4.jar
7f00f4065000-7f00f4066000 r--s 00003000 08:01 10226048                   /opt/android-studio/gradle/gradle-2.14.1/lib/plugins/aether-spi-1.13.1.jar
7f00f4066000-7f00f406a000 r--s 0001c000 08:01 10226165                   /opt/android-studio/gradle/gradle-2.14.1/lib/plugins/aether-util-1.13.1.jar
7f00f406a000-7f00f406d000 r--s 0001d000 08:01 10226110                   /opt/android-studio/gradle/gradle-2.14.1/lib/plugins/aether-impl-1.13.1.jar
7f00f406d000-7f00f4072000 r--s 00040000 08:01 10226050                   /opt/android-studio/gradle/gradle-2.14.1/lib/plugins/jsch-0.1.53.jar
7f00f4072000-7f00f40b2000 r--s 00277000 08:01 10226054                   /opt/android-studio/gradle/gradle-2.14.1/lib/plugins/bcprov-jdk15on-1.51.jar
7f00f40b2000-7f00f40be000 r--s 0007d000 08:01 10226119                   /opt/android-studio/gradle/gradle-2.14.1/lib/plugins/maven-core-3.0.4.jar
7f00f40be000-7f00f40da000 r--s 000d3000 08:01 10226094                   /opt/android-studio/gradle/gradle-2.14.1/lib/plugins/gradle-dependency-management-2.14.1.jar
7f00f40da000-7f00f40ef000 r-xp 00000000 08:01 2625402                    /lib/x86_64-linux-gnu/libgcc_s.so.1
7f00f40ef000-7f00f42ee000 ---p 00015000 08:01 2625402                    /lib/x86_64-linux-gnu/libgcc_s.so.1
7f00f42ee000-7f00f42ef000 r--p 00014000 08:01 2625402                    /lib/x86_64-linux-gnu/libgcc_s.so.1
7f00f42ef000-7f00f42f0000 rw-p 00015000 08:01 2625402                    /lib/x86_64-linux-gnu/libgcc_s.so.1
7f00f42f0000-7f00f42f1000 r--s 00006000 08:01 10226117                   /opt/android-studio/gradle/gradle-2.14.1/lib/plugins/plexus-sec-dispatcher-1.3.jar
7f00f42f1000-7f00f42f5000 r--s 0001d000 08:01 10226095                   /opt/android-studio/gradle/gradle-2.14.1/lib/plugins/xbean-reflect-3.4.jar
7f00f42f5000-7f00f42fa000 r--s 0002a000 08:01 10226089                   /opt/android-studio/gradle/gradle-2.14.1/lib/plugins/gson-2.2.4.jar
7f00f42fa000-7f00f4309000 r--s 000d9000 08:01 10226070                   /opt/android-studio/gradle/gradle-2.14.1/lib/plugins/ivy-2.2.0.jar
7f00f4309000-7f00f430d000 r-xp 00000000 08:01 10620998                   /root/.gradle/native/19/linux-amd64/libnative-platform.so
7f00f430d000-7f00f450c000 ---p 00004000 08:01 10620998                   /root/.gradle/native/19/linux-amd64/libnative-platform.so
7f00f450c000-7f00f450d000 rw-p 00003000 08:01 10620998                   /root/.gradle/native/19/linux-amd64/libnative-platform.so
7f00f450d000-7f00f451e000 r-xp 00000000 08:01 13766351                   /usr/lib/jvm/java-8-oracle/jre/lib/amd64/libnio.so
7f00f451e000-7f00f471d000 ---p 00011000 08:01 13766351                   /usr/lib/jvm/java-8-oracle/jre/lib/amd64/libnio.so
7f00f471d000-7f00f471e000 rw-p 00010000 08:01 13766351                   /usr/lib/jvm/java-8-oracle/jre/lib/amd64/libnio.so
7f00f471e000-7f00f4734000 r-xp 00000000 08:01 13766365                   /usr/lib/jvm/java-8-oracle/jre/lib/amd64/libnet.so
7f00f4734000-7f00f4934000 ---p 00016000 08:01 13766365                   /usr/lib/jvm/java-8-oracle/jre/lib/amd64/libnet.so
7f00f4934000-7f00f4935000 rw-p 00016000 08:01 13766365                   /usr/lib/jvm/java-8-oracle/jre/lib/amd64/libnet.so
7f00f4935000-7f00f4937000 r--s 00005000 08:01 10226013                   /opt/android-studio/gradle/gradle-2.14.1/lib/gradle-wrapper-2.14.1.jar
7f00f4937000-7f00f4945000 r--s 0004f000 08:01 10225998                   /opt/android-studio/gradle/gradle-2.14.1/lib/gradle-tooling-api-2.14.1.jar
7f00f4945000-7f00f4947000 r--s 00002000 08:01 10226002                   /opt/android-studio/gradle/gradle-2.14.1/lib/gradle-open-api-2.14.1.jar
7f00f4947000-7f00f494d000 r--s 00032000 08:01 10226036                   /opt/android-studio/gradle/gradle-2.14.1/lib/jaxen-1.1.jar
7f00f494d000-7f00f4952000 r--s 00048000 08:01 10226001                   /opt/android-studio/gradle/gradle-2.14.1/lib/dom4j-1.6.1.jar
7f00f4952000-7f00f495d000 r--s 00059000 08:01 10226030                   /opt/android-studio/gradle/gradle-2.14.1/lib/gradle-ui-2.14.1.jar
7f00f495d000-7f00f4960000 r--s 0000b000 08:01 10226178                   /opt/android-studio/gradle/gradle-2.14.1/lib/gradle-resources-2.14.1.jar
7f00f4960000-7f00f4962000 r--s 00003000 08:01 10226039                   /opt/android-studio/gradle/gradle-2.14.1/lib/jcl-over-slf4j-1.7.10.jar
7f00f4962000-7f00f4963000 r--s 00005000 08:01 10226033                   /opt/android-studio/gradle/gradle-2.14.1/lib/log4j-over-slf4j-1.7.10.jar
7f00f4963000-7f00f4965000 r--s 00000000 08:01 10226179                   /opt/android-studio/gradle/gradle-2.14.1/lib/jul-to-slf4j-1.7.10.jar
7f00f4965000-7f00f496a000 r--s 0001c000 08:01 10226011                   /opt/android-studio/gradle/gradle-2.14.1/lib/gradle-logging-2.14.1.jar
7f00f496a000-7f00f496c000 r--s 00007000 08:01 10226042                   /opt/android-studio/gradle/gradle-2.14.1/lib/objenesis-1.2.jar
7f00f496c000-7f00f496e000 r--s 00000000 08:01 10226006                   /opt/android-studio/gradle/gradle-2.14.1/lib/minlog-1.2.jar
7f00f496e000-7f00f4970000 r--s 0000f000 08:01 10226017                   /opt/android-studio/gradle/gradle-2.14.1/lib/reflectasm-1.07-shaded.jar
7f00f4970000-7f00f4974000 r--s 00026000 08:01 10226031                   /opt/android-studio/gradle/gradle-2.14.1/lib/kryo-2.20.jar
7f00f4974000-7f00f497a000 r--s 00025000 08:01 10226000                   /opt/android-studio/gradle/gradle-2.14.1/lib/gradle-messaging-2.14.1.jar
7f00f497a000-7f00f497b000 r--s 00003000 08:01 10226038                   /opt/android-studio/gradle/gradle-2.14.1/lib/native-platform-freebsd-amd64-0.10.jar
7f00f497b000-7f00f497c000 r--s 00003000 08:01 10226020                   /opt/android-studio/gradle/gradle-2.14.1/lib/native-platform-freebsd-i386-0.10.jar
7f00f497c000-7f00f497d000 r--s 00005000 08:01 10226008                   /opt/android-studio/gradle/gradle-2.14.1/lib/native-platform-windows-i386-0.10.jar
7f00f497d000-7f00f497e000 r--s 00005000 08:01 10226007                   /opt/android-studio/gradle/gradle-2.14.1/lib/native-platform-windows-amd64-0.10.jar
7f00f497e000-7f00f497f000 r--s 00003000 08:01 10226021                   /opt/android-studio/gradle/gradle-2.14.1/lib/native-platform-linux-i386-0.10.jar
7f00f497f000-7f00f4980000 r--s 00003000 08:01 10226005                   /opt/android-studio/gradle/gradle-2.14.1/lib/native-platform-linux-amd64-0.10.jar
7f00f4980000-7f00f4981000 r--s 00002000 08:01 10226004                   /opt/android-studio/gradle/gradle-2.14.1/lib/native-platform-osx-amd64-0.10.jar
7f00f4981000-7f00f4982000 r--s 00002000 08:01 10226034                   /opt/android-studio/gradle/gradle-2.14.1/lib/native-platform-osx-i386-0.10.jar
7f00f4982000-7f00f4984000 r--s 00008000 08:01 10226035                   /opt/android-studio/gradle/gradle-2.14.1/lib/jansi-1.2.1.jar
7f00f4984000-7f00f4987000 r--s 0000d000 08:01 10226029                   /opt/android-studio/gradle/gradle-2.14.1/lib/native-platform-0.10.jar
7f00f4987000-7f00f498b000 r--s 000e4000 08:01 10226028                   /opt/android-studio/gradle/gradle-2.14.1/lib/jna-3.2.7.jar
7f00f498b000-7f00f498d000 r--s 00009000 08:01 10226040                   /opt/android-studio/gradle/gradle-2.14.1/lib/gradle-native-2.14.1.jar
7f00f498d000-7f00f498f000 r--s 00005000 08:01 10226041                   /opt/android-studio/gradle/gradle-2.14.1/lib/gradle-cli-2.14.1.jar
7f00f498f000-7f00f499e000 r--s 00080000 08:01 10226026                   /opt/android-studio/gradle/gradle-2.14.1/lib/gradle-model-core-2.14.1.jar
7f00f499e000-7f00f4a0d000 r--s 0063e000 08:01 10226182                   /opt/android-studio/gradle/gradle-2.14.1/lib/groovy-all-2.4.4.jar
7f00f4a0d000-7f00f4a0e000 ---p 00000000 00:00 0 
7f00f4a0e000-7f00f4b0e000 rw-p 00000000 00:00 0                          [stack:28455]
7f00f4b0e000-7f00f4b11000 ---p 00000000 00:00 0 
7f00f4b11000-7f00f4c0f000 rw-p 00000000 00:00 0                          [stack:28454]
7f00f4c0f000-7f00f4c12000 ---p 00000000 00:00 0 
7f00f4c12000-7f00f4d10000 rw-p 00000000 00:00 0                          [stack:28453]
7f00f4d10000-7f00f4d13000 ---p 00000000 00:00 0 
7f00f4d13000-7f00f4e11000 rw-p 00000000 00:00 0                          [stack:28452]
7f00f4e11000-7f00f4e14000 ---p 00000000 00:00 0 
7f00f4e14000-7f00f4f12000 rw-p 00000000 00:00 0                          [stack:28451]
7f00f4f12000-7f00f55f6000 r--p 00000000 08:01 13113697                   /usr/lib/locale/locale-archive
7f00f55f6000-7f00f55f9000 ---p 00000000 00:00 0 
7f00f55f9000-7f00f56f7000 rw-p 00000000 00:00 0                          [stack:28450]
7f00f56f7000-7f00f56fa000 ---p 00000000 00:00 0 
7f00f56fa000-7f00f57f8000 rw-p 00000000 00:00 0                          [stack:28449]
7f00f57f8000-7f00f57f9000 ---p 00000000 00:00 0 
7f00f57f9000-7f00f8000000 rw-p 00000000 00:00 0                          [stack:28448]
7f00f8000000-7f00f8061000 rw-p 00000000 00:00 0 
7f00f8061000-7f00fc000000 ---p 00000000 00:00 0 
7f00fc000000-7f00fc002000 r--s 00007000 08:01 10226010                   /opt/android-studio/gradle/gradle-2.14.1/lib/gradle-model-groovy-2.14.1.jar
7f00fc002000-7f00fc00f000 r--s 00083000 08:01 10226180                   /opt/android-studio/gradle/gradle-2.14.1/lib/commons-collections-3.2.2.jar
7f00fc00f000-7f00fc037000 r--s 001cf000 08:01 10226014                   /opt/android-studio/gradle/gradle-2.14.1/lib/guava-jdk5-17.0.jar
7f00fc037000-7f00fc056000 r--s 001d1000 08:01 10226012                   /opt/android-studio/gradle/gradle-2.14.1/lib/ant-1.9.6.jar
7f00fc056000-7f00fc08d000 r--s 001bd000 08:01 10226015                   /opt/android-studio/gradle/gradle-2.14.1/lib/gradle-core-2.14.1.jar
7f00fc08d000-7f00fc2b0000 rw-p 00000000 00:00 0 
7f00fc2b0000-7f00fc489000 r--s 03d29000 08:01 13118676                   /usr/lib/jvm/java-8-oracle/jre/lib/rt.jar
7f00fc489000-7f00fceff000 rw-p 00000000 00:00 0 
7f00fceff000-7f00fcf00000 ---p 00000000 00:00 0 
7f00fcf00000-7f00fd000000 rw-p 00000000 00:00 0                          [stack:28447]
7f00fd000000-7f00fee70000 rwxp 00000000 00:00 0 
7f00fee70000-7f010c000000 ---p 00000000 00:00 0 
7f010c000000-7f010cb4a000 rw-p 00000000 00:00 0 
7f010cb4a000-7f0110000000 ---p 00000000 00:00 0 
7f0110000000-7f0110001000 r--s 00006000 08:01 10226025                   /opt/android-studio/gradle/gradle-2.14.1/lib/gradle-base-services-groovy-2.14.1.jar
7f0110001000-7f0110002000 r--s 00002000 08:01 10226018                   /opt/android-studio/gradle/gradle-2.14.1/lib/gradle-docs-2.14.1.jar
7f0110002000-7f0110006000 r--s 00027000 08:01 10226032                   /opt/android-studio/gradle/gradle-2.14.1/lib/commons-io-2.2.jar
7f0110006000-7f011000b000 r--s 00038000 08:01 10226022                   /opt/android-studio/gradle/gradle-2.14.1/lib/asm-all-5.1.jar
7f011000b000-7f0110013000 r--s 0003a000 08:01 10226023                   /opt/android-studio/gradle/gradle-2.14.1/lib/gradle-base-services-2.14.1.jar
7f0110013000-7f0110062000 rw-p 00000000 00:00 0 
7f0110062000-7f0110063000 ---p 00000000 00:00 0 
7f0110063000-7f0110191000 rw-p 00000000 00:00 0                          [stack:28446]
7f0110191000-7f01102b9000 ---p 00000000 00:00 0 
7f01102b9000-7f01102e7000 rw-p 00000000 00:00 0 
7f01102e7000-7f011040e000 ---p 00000000 00:00 0 
7f011040e000-7f01104aa000 rw-p 00000000 00:00 0 
7f01104aa000-7f01104b9000 ---p 00000000 00:00 0 
7f01104b9000-7f0110534000 rw-p 00000000 00:00 0 
7f0110534000-7f011087a000 ---p 00000000 00:00 0 
7f011087a000-7f0110894000 r-xp 00000000 08:01 13766358                   /usr/lib/jvm/java-8-oracle/jre/lib/amd64/libzip.so
7f0110894000-7f0110a94000 ---p 0001a000 08:01 13766358                   /usr/lib/jvm/java-8-oracle/jre/lib/amd64/libzip.so
7f0110a94000-7f0110a95000 rw-p 0001a000 08:01 13766358                   /usr/lib/jvm/java-8-oracle/jre/lib/amd64/libzip.so
7f0110a95000-7f0110aa0000 r-xp 00000000 08:01 2621673                    /lib/x86_64-linux-gnu/libnss_files-2.15.so
7f0110aa0000-7f0110c9f000 ---p 0000b000 08:01 2621673                    /lib/x86_64-linux-gnu/libnss_files-2.15.so
7f0110c9f000-7f0110ca0000 r--p 0000a000 08:01 2621673                    /lib/x86_64-linux-gnu/libnss_files-2.15.so
7f0110ca0000-7f0110ca1000 rw-p 0000b000 08:01 2621673                    /lib/x86_64-linux-gnu/libnss_files-2.15.so
7f0110ca1000-7f0110cab000 r-xp 00000000 08:01 2621658                    /lib/x86_64-linux-gnu/libnss_nis-2.15.so
7f0110cab000-7f0110eab000 ---p 0000a000 08:01 2621658                    /lib/x86_64-linux-gnu/libnss_nis-2.15.so
7f0110eab000-7f0110eac000 r--p 0000a000 08:01 2621658                    /lib/x86_64-linux-gnu/libnss_nis-2.15.so
7f0110eac000-7f0110ead000 rw-p 0000b000 08:01 2621658                    /lib/x86_64-linux-gnu/libnss_nis-2.15.so
7f0110ead000-7f0110ec4000 r-xp 00000000 08:01 2621667                    /lib/x86_64-linux-gnu/libnsl-2.15.so
7f0110ec4000-7f01110c3000 ---p 00017000 08:01 2621667                    /lib/x86_64-linux-gnu/libnsl-2.15.so
7f01110c3000-7f01110c4000 r--p 00016000 08:01 2621667                    /lib/x86_64-linux-gnu/libnsl-2.15.so
7f01110c4000-7f01110c5000 rw-p 00017000 08:01 2621667                    /lib/x86_64-linux-gnu/libnsl-2.15.so
7f01110c5000-7f01110c7000 rw-p 00000000 00:00 0 
7f01110c7000-7f01110cf000 r-xp 00000000 08:01 2621672                    /lib/x86_64-linux-gnu/libnss_compat-2.15.so
7f01110cf000-7f01112ce000 ---p 00008000 08:01 2621672                    /lib/x86_64-linux-gnu/libnss_compat-2.15.so
7f01112ce000-7f01112cf000 r--p 00007000 08:01 2621672                    /lib/x86_64-linux-gnu/libnss_compat-2.15.so
7f01112cf000-7f01112d0000 rw-p 00008000 08:01 2621672                    /lib/x86_64-linux-gnu/libnss_compat-2.15.so
7f01112d0000-7f01112fa000 r-xp 00000000 08:01 13766323                   /usr/lib/jvm/java-8-oracle/jre/lib/amd64/libjava.so
7f01112fa000-7f01114fa000 ---p 0002a000 08:01 13766323                   /usr/lib/jvm/java-8-oracle/jre/lib/amd64/libjava.so
7f01114fa000-7f01114fc000 rw-p 0002a000 08:01 13766323                   /usr/lib/jvm/java-8-oracle/jre/lib/amd64/libjava.so
7f01114fc000-7f0111509000 r-xp 00000000 08:01 13766361                   /usr/lib/jvm/java-8-oracle/jre/lib/amd64/libverify.so
7f0111509000-7f0111709000 ---p 0000d000 08:01 13766361                   /usr/lib/jvm/java-8-oracle/jre/lib/amd64/libverify.so
7f0111709000-7f011170b000 rw-p 0000d000 08:01 13766361                   /usr/lib/jvm/java-8-oracle/jre/lib/amd64/libverify.so
7f011170b000-7f0111712000 r-xp 00000000 08:01 2621660                    /lib/x86_64-linux-gnu/librt-2.15.so
7f0111712000-7f0111911000 ---p 00007000 08:01 2621660                    /lib/x86_64-linux-gnu/librt-2.15.so
7f0111911000-7f0111912000 r--p 00006000 08:01 2621660                    /lib/x86_64-linux-gnu/librt-2.15.so
7f0111912000-7f0111913000 rw-p 00007000 08:01 2621660                    /lib/x86_64-linux-gnu/librt-2.15.so
7f0111913000-7f0111a0e000 r-xp 00000000 08:01 2621674                    /lib/x86_64-linux-gnu/libm-2.15.so
7f0111a0e000-7f0111c0d000 ---p 000fb000 08:01 2621674                    /lib/x86_64-linux-gnu/libm-2.15.so
7f0111c0d000-7f0111c0e000 r--p 000fa000 08:01 2621674                    /lib/x86_64-linux-gnu/libm-2.15.so
7f0111c0e000-7f0111c0f000 rw-p 000fb000 08:01 2621674                    /lib/x86_64-linux-gnu/libm-2.15.so
7f0111c0f000-7f01128da000 r-xp 00000000 08:01 13894575                   /usr/lib/jvm/java-8-oracle/jre/lib/amd64/server/libjvm.so
7f01128da000-7f0112ad9000 ---p 00ccb000 08:01 13894575                   /usr/lib/jvm/java-8-oracle/jre/lib/amd64/server/libjvm.so
7f0112ad9000-7f0112bb2000 rw-p 00cca000 08:01 13894575                   /usr/lib/jvm/java-8-oracle/jre/lib/amd64/server/libjvm.so
7f0112bb2000-7f0112bfd000 rw-p 00000000 00:00 0 
7f0112bfd000-7f0112db1000 r-xp 00000000 08:01 2621665                    /lib/x86_64-linux-gnu/libc-2.15.so
7f0112db1000-7f0112fb0000 ---p 001b4000 08:01 2621665                    /lib/x86_64-linux-gnu/libc-2.15.so
7f0112fb0000-7f0112fb4000 r--p 001b3000 08:01 2621665                    /lib/x86_64-linux-gnu/libc-2.15.so
7f0112fb4000-7f0112fb6000 rw-p 001b7000 08:01 2621665                    /lib/x86_64-linux-gnu/libc-2.15.so
7f0112fb6000-7f0112fbb000 rw-p 00000000 00:00 0 
7f0112fbb000-7f0112fbd000 r-xp 00000000 08:01 2621657                    /lib/x86_64-linux-gnu/libdl-2.15.so
7f0112fbd000-7f01131bd000 ---p 00002000 08:01 2621657                    /lib/x86_64-linux-gnu/libdl-2.15.so
7f01131bd000-7f01131be000 r--p 00002000 08:01 2621657                    /lib/x86_64-linux-gnu/libdl-2.15.so
7f01131be000-7f01131bf000 rw-p 00003000 08:01 2621657                    /lib/x86_64-linux-gnu/libdl-2.15.so
7f01131bf000-7f01131d4000 r-xp 00000000 08:01 2627921                    /usr/lib/jvm/java-8-oracle/lib/amd64/jli/libjli.so
7f01131d4000-7f01133d4000 ---p 00015000 08:01 2627921                    /usr/lib/jvm/java-8-oracle/lib/amd64/jli/libjli.so
7f01133d4000-7f01133d5000 rw-p 00015000 08:01 2627921                    /usr/lib/jvm/java-8-oracle/lib/amd64/jli/libjli.so
7f01133d5000-7f01133ed000 r-xp 00000000 08:01 2621668                    /lib/x86_64-linux-gnu/libpthread-2.15.so
7f01133ed000-7f01135ec000 ---p 00018000 08:01 2621668                    /lib/x86_64-linux-gnu/libpthread-2.15.so
7f01135ec000-7f01135ed000 r--p 00017000 08:01 2621668                    /lib/x86_64-linux-gnu/libpthread-2.15.so
7f01135ed000-7f01135ee000 rw-p 00018000 08:01 2621668                    /lib/x86_64-linux-gnu/libpthread-2.15.so
7f01135ee000-7f01135f2000 rw-p 00000000 00:00 0 
7f01135f2000-7f0113614000 r-xp 00000000 08:01 2621671                    /lib/x86_64-linux-gnu/ld-2.15.so
7f0113614000-7f0113615000 r--s 00000000 08:01 10226181                   /opt/android-studio/gradle/gradle-2.14.1/lib/javax.inject-1.jar
7f0113615000-7f0113616000 r--s 00000000 08:01 10226016                   /opt/android-studio/gradle/gradle-2.14.1/lib/jcip-annotations-1.0.jar
7f0113616000-7f011361b000 r--s 00041000 08:01 10226024                   /opt/android-studio/gradle/gradle-2.14.1/lib/commons-lang-2.6.jar
7f011361b000-7f01136f4000 rw-p 00000000 00:00 0 
7f01136f4000-7f01136f7000 ---p 00000000 00:00 0 
7f01136f7000-7f01137f9000 rw-p 00000000 00:00 0                          [stack:28445]
7f01137f9000-7f01137fa000 r--s 00001000 08:01 10226037                   /opt/android-studio/gradle/gradle-2.14.1/lib/gradle-process-services-2.14.1.jar
7f01137fa000-7f01137fb000 r--s 00000000 08:01 10225999                   /opt/android-studio/gradle/gradle-2.14.1/lib/gradle-jvm-services-2.14.1.jar
7f01137fb000-7f01137fc000 r--s 00007000 08:01 10226009                   /opt/android-studio/gradle/gradle-2.14.1/lib/slf4j-api-1.7.10.jar
7f01137fc000-7f01137fd000 r--s 00004000 08:01 10226027                   /opt/android-studio/gradle/gradle-2.14.1/lib/ant-launcher-1.9.6.jar
7f01137fd000-7f0113808000 r--s 00051000 08:01 10226019                   /opt/android-studio/gradle/gradle-2.14.1/lib/gradle-launcher-2.14.1.jar
7f0113808000-7f0113810000 rw-s 00000000 08:01 4850413                    /tmp/hsperfdata_root/28442
7f0113810000-7f0113811000 rw-p 00000000 00:00 0 
7f0113811000-7f0113812000 r--p 00000000 00:00 0 
7f0113812000-7f0113814000 rw-p 00000000 00:00 0 
7f0113814000-7f0113815000 r--p 00022000 08:01 2621671                    /lib/x86_64-linux-gnu/ld-2.15.so
7f0113815000-7f0113817000 rw-p 00023000 08:01 2621671                    /lib/x86_64-linux-gnu/ld-2.15.so
7ffc66174000-7ffc66195000 rw-p 00000000 00:00 0                          [stack]
7ffc661ee000-7ffc661f0000 r-xp 00000000 00:00 0                          [vdso]
ffffffffff600000-ffffffffff601000 r-xp 00000000 00:00 0                  [vsyscall]

VM Arguments:
jvm_args: -XX:MaxPermSize=256m -XX:+HeapDumpOnOutOfMemoryError -Xmx1024m -Dfile.encoding=UTF-8 -Duser.country=US -Duser.language=en -Duser.variant 
java_command: org.gradle.launcher.daemon.bootstrap.GradleDaemon 2.14.1
java_class_path (initial): /opt/android-studio/gradle/gradle-2.14.1/lib/gradle-launcher-2.14.1.jar
Launcher Type: SUN_STANDARD

Environment Variables:
PATH=/usr/local/sbin:/usr/local/bin:/usr/sbin:/usr/bin:/sbin:/bin
USERNAME=root
LD_LIBRARY_PATH=/opt/android-studio/bin:
SHELL=/bin/bash
DISPLAY=:0.0

Signal Handlers:
SIGSEGV: [libjvm.so+0xac4790], sa_mask[0]=11111111011111111101111111111110, sa_flags=SA_RESTART|SA_SIGINFO
SIGBUS: [libjvm.so+0xac4790], sa_mask[0]=11111111011111111101111111111110, sa_flags=SA_RESTART|SA_SIGINFO
SIGFPE: [libjvm.so+0x91f140], sa_mask[0]=11111111011111111101111111111110, sa_flags=SA_RESTART|SA_SIGINFO
SIGPIPE: [libjvm.so+0x91f140], sa_mask[0]=11111111011111111101111111111110, sa_flags=SA_RESTART|SA_SIGINFO
SIGXFSZ: [libjvm.so+0x91f140], sa_mask[0]=11111111011111111101111111111110, sa_flags=SA_RESTART|SA_SIGINFO
SIGILL: [libjvm.so+0x91f140], sa_mask[0]=11111111011111111101111111111110, sa_flags=SA_RESTART|SA_SIGINFO
SIGUSR1: SIG_DFL, sa_mask[0]=00000000000000000000000000000000, sa_flags=none
SIGUSR2: [libjvm.so+0x920770], sa_mask[0]=00100000000000000000000000000000, sa_flags=SA_RESTART|SA_SIGINFO
SIGHUP: [libjvm.so+0x921b70], sa_mask[0]=11111111011111111101111111111110, sa_flags=SA_RESTART|SA_SIGINFO
SIGINT: [libjvm.so+0x921b70], sa_mask[0]=11111111011111111101111111111110, sa_flags=SA_RESTART|SA_SIGINFO
SIGTERM: [libjvm.so+0x921b70], sa_mask[0]=11111111011111111101111111111110, sa_flags=SA_RESTART|SA_SIGINFO
SIGQUIT: [libjvm.so+0x921b70], sa_mask[0]=11111111011111111101111111111110, sa_flags=SA_RESTART|SA_SIGINFO


---------------  S Y S T E M  ---------------

OS:DISTRIB_ID=Ubuntu
DISTRIB_RELEASE=12.04
DISTRIB_CODENAME=precise
DISTRIB_DESCRIPTION="Ubuntu 12.04.5 LTS"

uname:Linux 3.13.0-95-generic #142~precise1-Ubuntu SMP Fri Aug 12 18:20:15 UTC 2016 x86_64
libc:glibc 2.15 NPTL 2.15 
rlimit: STACK 8192k, CORE 0k, NPROC 22873, NOFILE 4096, AS infinity
load average:6.04 5.38 3.52

/proc/meminfo:
MemTotal:        2948840 kB
MemFree:           73724 kB
Buffers:           20544 kB
Cached:           525588 kB
SwapCached:        34664 kB
Active:          2011040 kB
Inactive:         653912 kB
Active(anon):    1807196 kB
Inactive(anon):   452716 kB
Active(file):     203844 kB
Inactive(file):   201196 kB
Unevictable:           0 kB
Mlocked:               0 kB
SwapTotal:       3008508 kB
SwapFree:        2719136 kB
Dirty:             13052 kB
Writeback:             0 kB
AnonPages:       2102848 kB
Mapped:           135056 kB
Shmem:            141104 kB
Slab:             119672 kB
SReclaimable:      90484 kB
SUnreclaim:        29188 kB
KernelStack:        4840 kB
PageTables:        35440 kB
NFS_Unstable:          0 kB
Bounce:                0 kB
WritebackTmp:          0 kB
CommitLimit:     4482928 kB
Committed_AS:    6122796 kB
VmallocTotal:   34359738367 kB
VmallocUsed:      346464 kB
VmallocChunk:   34359383644 kB
HardwareCorrupted:     0 kB
AnonHugePages:    530432 kB
HugePages_Total:       0
HugePages_Free:        0
HugePages_Rsvd:        0
HugePages_Surp:        0
Hugepagesize:       2048 kB
DirectMap4k:       70020 kB
DirectMap2M:     2940928 kB


CPU:total 2 (2 cores per cpu, 1 threads per core) family 6 model 15 stepping 13, cmov, cx8, fxsr, mmx, sse, sse2, sse3, ssse3, tsc

/proc/cpuinfo:
processor	: 0
vendor_id	: GenuineIntel
cpu family	: 6
model		: 15
model name	: Genuine Intel(R) CPU           T1600  @ 1.66GHz
stepping	: 13
microcode	: 0xa3
cpu MHz		: 1662.481
cache size	: 1024 KB
physical id	: 0
siblings	: 2
core id		: 0
cpu cores	: 2
apicid		: 0
initial apicid	: 0
fpu		: yes
fpu_exception	: yes
cpuid level	: 10
wp		: yes
flags		: fpu vme de pse tsc msr pae mce cx8 apic sep mtrr pge mca cmov pat pse36 clflush dts acpi mmx fxsr sse sse2 ss ht tm pbe syscall nx lm constant_tsc arch_perfmon pebs bts rep_good nopl aperfmperf pni dtes64 monitor ds_cpl tm2 ssse3 cx16 xtpr pdcm lahf_lm dtherm
bogomips	: 3324.96
clflush size	: 64
cache_alignment	: 64
address sizes	: 36 bits physical, 48 bits virtual
power management:

processor	: 1
vendor_id	: GenuineIntel
cpu family	: 6
model		: 15
model name	: Genuine Intel(R) CPU           T1600  @ 1.66GHz
stepping	: 13
microcode	: 0xa3
cpu MHz		: 1662.481
cache size	: 1024 KB
physical id	: 0
siblings	: 2
core id		: 1
cpu cores	: 2
apicid		: 1
initial apicid	: 1
fpu		: yes
fpu_exception	: yes
cpuid level	: 10
wp		: yes
flags		: fpu vme de pse tsc msr pae mce cx8 apic sep mtrr pge mca cmov pat pse36 clflush dts acpi mmx fxsr sse sse2 ss ht tm pbe syscall nx lm constant_tsc arch_perfmon pebs bts rep_good nopl aperfmperf pni dtes64 monitor ds_cpl tm2 ssse3 cx16 xtpr pdcm lahf_lm dtherm
bogomips	: 3324.96
clflush size	: 64
cache_alignment	: 64
address sizes	: 36 bits physical, 48 bits virtual
power management:



Memory: 4k page, physical 2948840k(73724k free), swap 3008508k(2719136k free)

vm_info: Java HotSpot(TM) 64-Bit Server VM (25.101-b13) for linux-amd64 JRE (1.8.0_101-b13), built on Jun 22 2016 02:59:44 by "java_re" with gcc 4.3.0 20080428 (Red Hat 4.3.0-8)

time: Thu Sep 29 17:09:50 2016
elapsed time: 801 seconds (0d 0h 13m 21s)

