#
# A fatal error has been detected by the Java Runtime Environment:
#
#  SIGSEGV (0xb) at pc=0x00007f5142bfb951, pid=15977, tid=0x00007f5129a35700
#
# JRE version: Java(TM) SE Runtime Environment (8.0_101-b13) (build 1.8.0_101-b13)
# Java VM: Java HotSpot(TM) 64-Bit Server VM (25.101-b13 mixed mode linux-amd64 compressed oops)
# Problematic frame:
# V  [libjvm.so+0x40a951]  PhaseChaitin::Simplify()+0x51
#
# Failed to write core dump. Core dumps have been disabled. To enable core dumping, try "ulimit -c unlimited" before starting Java again
#
# If you would like to submit a bug report, please visit:
#   http://bugreport.java.com/bugreport/crash.jsp
#

---------------  T H R E A D  ---------------

Current thread (0x00007f513c0b4800):  JavaThread "C2 CompilerThread0" daemon [_thread_in_native, id=15987, stack(0x00007f5129935000,0x00007f5129a36000)]

siginfo: si_signo: 11 (SIGSEGV), si_code: 2 (SEGV_ACCERR), si_addr: 0x00007f5112f760b8

Registers:
RAX=0x00007f51114d0560, RBX=0x000000000004197e, RCX=0x000000000004197e, RDX=0x0000000000000020
RSP=0x00007f5129a31330, RBP=0x00007f5129a313d0, RSI=0x0000000001aa5b30, RDI=0x00007f5129a31540
R8 =0x000000000000001a, R9 =0x00007f51114d0560, R10=0x0000000000000000, R11=0x0000000000000000
R12=0x00007f5129a32c80, R13=0x00000000000000a0, R14=0x00007f5129a32d68, R15=0x00007f5129a32d70
RIP=0x00007f5142bfb951, EFLAGS=0x0000000000010206, CSGSFS=0x0000000000000033, ERR=0x0000000000000004
  TRAPNO=0x000000000000000e

Top of Stack: (sp=0x00007f5129a31330)
0x00007f5129a31330:   0000196f00000000 00007f5100000008
0x00007f5129a31340:   00007f51106ad440 00007f5100000020
0x00007f5129a31350:   00007f5110a752a0 00007f5100000020
0x00007f5129a31360:   00007f511148ffe0 00007f51045cd7c0
0x00007f5129a31370:   00007f5129a313b0 00007f5142c6893a
0x00007f5129a31380:   00007f5110b1cb50 0000000000000771
0x00007f5129a31390:   00007f5129a31420 00000000000000a0
0x00007f5129a313a0:   0000000400000006 00007f511159fda8
0x00007f5129a313b0:   0000000000001fed 00007f511159fda8
0x00007f5129a313c0:   0000000000001fee 00000000000000a0
0x00007f5129a313d0:   00007f5129a31640 00007f5142bfff1c
0x00007f5129a313e0:   0000000000000000 00007f5129a31580
0x00007f5129a313f0:   00007f5129a31540 00007f5129a31420
0x00007f5129a31400:   00007f5129a314e0 00007f5129a315b0
0x00007f5129a31410:   00007f5129a32c80 0000000a00000771
0x00007f5129a31420:   00007f51437426f0 000000000000000d
0x00007f5129a31430:   00007f5129a33b10 00007f5129a32c80
0x00007f5129a31440:   00007f5100000001 00007f5104201150
0x00007f5129a31450:   00007f5129a314a0 000000000000d0a0
0x00007f5129a31460:   0000000000000000 00007f514310c3c5
0x00007f5129a31470:   0000000c00000008 00007f51432655b6
0x00007f5129a31480:   000000000000d0a0 00007f5143265507
0x00007f5129a31490:   00007f5129a31500 00007f5142ad2e05
0x00007f5129a314a0:   00007f5129a31500 00007f5142ad1144
0x00007f5129a314b0:   0000000000000000 0000000000000000
0x00007f5129a314c0:   0000000000000000 0000000000000000
0x00007f5129a314d0:   00007f5100000020 00007f513c0b4cd0
0x00007f5129a314e0:   000000000000000a 00007f5129a33b10
0x00007f5129a314f0:   00007f5110870110 00007f511105b2b0
0x00007f5129a31500:   00007f51106a6c20 00007f51106aa960
0x00007f5129a31510:   00007f5110b1cd50 00007f5129a32db0
0x00007f5129a31520:   00007f5129a32d90 0000000000001fee 

Instructions: (pc=0x00007f5142bfb951)
0x00007f5142bfb931:   0f 84 79 01 00 00 89 d9 49 8b 7c 24 70 48 8d 04
0x00007f5142bfb941:   49 48 8d 04 81 48 c1 e0 03 48 89 c6 48 8b 47 20
0x00007f5142bfb951:   8b 44 30 28 41 89 84 24 c0 00 00 00 48 8b 47 20
0x00007f5142bfb961:   41 8b 94 24 cc 00 00 00 89 54 30 28 49 8b 7c 24 

Register to memory mapping:

RAX=0x00007f51114d0560 is an unknown value
RBX=0x000000000004197e is an unknown value
RCX=0x000000000004197e is an unknown value
RDX=0x0000000000000020 is an unknown value
RSP=0x00007f5129a31330 is pointing into the stack for thread: 0x00007f513c0b4800
RBP=0x00007f5129a313d0 is pointing into the stack for thread: 0x00007f513c0b4800
RSI=0x0000000001aa5b30 is an unknown value
RDI=0x00007f5129a31540 is pointing into the stack for thread: 0x00007f513c0b4800
R8 =0x000000000000001a is an unknown value
R9 =0x00007f51114d0560 is an unknown value
R10=0x0000000000000000 is an unknown value
R11=0x0000000000000000 is an unknown value
R12=0x00007f5129a32c80 is pointing into the stack for thread: 0x00007f513c0b4800
R13=0x00000000000000a0 is an unknown value
R14=0x00007f5129a32d68 is pointing into the stack for thread: 0x00007f513c0b4800
R15=0x00007f5129a32d70 is pointing into the stack for thread: 0x00007f513c0b4800


Stack: [0x00007f5129935000,0x00007f5129a36000],  sp=0x00007f5129a31330,  free space=1008k
Native frames: (J=compiled Java code, j=interpreted, Vv=VM code, C=native code)
V  [libjvm.so+0x40a951]  PhaseChaitin::Simplify()+0x51
V  [libjvm.so+0x40ef1c]  PhaseChaitin::Register_Allocate()+0x10cc
V  [libjvm.so+0x4a28e0]  Compile::Code_Gen()+0x260
V  [libjvm.so+0x4a6933]  Compile::Compile(ciEnv*, C2Compiler*, ciMethod*, int, bool, bool, bool)+0x14b3
V  [libjvm.so+0x3f20a8]  C2Compiler::compile_method(ciEnv*, ciMethod*, int)+0x198
V  [libjvm.so+0x4af61a]  CompileBroker::invoke_compiler_on_method(CompileTask*)+0xc9a
V  [libjvm.so+0x4b05c6]  CompileBroker::compiler_thread_loop()+0x5d6
V  [libjvm.so+0xa7343f]  JavaThread::thread_main_inner()+0xdf
V  [libjvm.so+0xa7356c]  JavaThread::run()+0x11c
V  [libjvm.so+0x924698]  java_start(Thread*)+0x108
C  [libpthread.so.0+0x7e9a]  start_thread+0xda


Current CompileTask:
C2:  31513 3011   !   4       java.net.URLClassLoader$1::run (63 bytes)


---------------  P R O C E S S  ---------------

Java Threads: ( => current thread )
  0x00007f50ec159000 JavaThread "File lock request listener" [_thread_in_native, id=16007, stack(0x00007f50f2d48000,0x00007f50f2e49000)]
  0x00007f50ec6e8000 JavaThread "process reaper" daemon [_thread_blocked, id=16006, stack(0x00007f50f3049000,0x00007f50f3082000)]
  0x00007f50ec012800 JavaThread "Stdin handler" [_thread_blocked, id=16001, stack(0x00007f50f3afb000,0x00007f50f3bfc000)]
  0x00007f50ec01b800 JavaThread "Asynchronous log dispatcher for org.gradle.launcher.daemon.server.DefaultDaemonConnection@5ba1b6fb" [_thread_blocked, id=16000, stack(0x00007f50f3bfc000,0x00007f50f3cfd000)]
  0x00007f50f800e800 JavaThread "Daemon worker" [_thread_in_vm, id=15999, stack(0x00007f50f3cfd000,0x00007f50f3dfe000)]
  0x00007f50f8009000 JavaThread "Cancel handler" [_thread_blocked, id=15998, stack(0x00007f50f3dfe000,0x00007f50f3eff000)]
  0x00007f50f8003800 JavaThread "Handler for socket connection from /127.0.0.1:60554 to /127.0.0.1:37022" [_thread_in_native, id=15997, stack(0x00007f50f3eff000,0x00007f50f4000000)]
  0x00007f50f4033000 JavaThread "Daemon" [_thread_blocked, id=15996, stack(0x00007f512802c000,0x00007f512812d000)]
  0x00007f513cb18000 JavaThread "Incoming local TCP Connector on port 60554" [_thread_in_native, id=15995, stack(0x00007f5128334000,0x00007f5128435000)]
  0x00007f513caf8000 JavaThread "pool-1-thread-1" [_thread_blocked, id=15994, stack(0x00007f5128435000,0x00007f5128536000)]
  0x00007f513c0ba000 JavaThread "Service Thread" daemon [_thread_blocked, id=15989, stack(0x00007f5129733000,0x00007f5129834000)]
  0x00007f513c0b7000 JavaThread "C1 CompilerThread1" daemon [_thread_blocked, id=15988, stack(0x00007f5129834000,0x00007f5129935000)]
=>0x00007f513c0b4800 JavaThread "C2 CompilerThread0" daemon [_thread_in_native, id=15987, stack(0x00007f5129935000,0x00007f5129a36000)]
  0x00007f513c0b3000 JavaThread "Signal Dispatcher" daemon [_thread_blocked, id=15986, stack(0x00007f5129a36000,0x00007f5129b37000)]
  0x00007f513c07f800 JavaThread "Finalizer" daemon [_thread_blocked, id=15985, stack(0x00007f512a21b000,0x00007f512a31c000)]
  0x00007f513c07b000 JavaThread "Reference Handler" daemon [_thread_blocked, id=15984, stack(0x00007f512a31c000,0x00007f512a41d000)]
  0x00007f513c00a000 JavaThread "main" [_thread_blocked, id=15979, stack(0x00007f51442d6000,0x00007f51443d7000)]

Other Threads:
  0x00007f513c073800 VMThread [stack: 0x00007f512a41d000,0x00007f512a51e000] [id=15983]
  0x00007f513c0bd000 WatcherThread [stack: 0x00007f5129632000,0x00007f5129733000] [id=15990]

VM state:not at safepoint (normal execution)

VM Mutex/Monitor currently owned by a thread: None

Heap:
 PSYoungGen      total 95744K, used 16782K [0x00000000eab00000, 0x00000000f1900000, 0x0000000100000000)
  eden space 92672K, 14% used [0x00000000eab00000,0x00000000eb866b80,0x00000000f0580000)
  from space 3072K, 99% used [0x00000000f0e80000,0x00000000f117d010,0x00000000f1180000)
  to   space 9216K, 0% used [0x00000000f0580000,0x00000000f0580000,0x00000000f0e80000)
 ParOldGen       total 36352K, used 17636K [0x00000000c0000000, 0x00000000c2380000, 0x00000000eab00000)
  object space 36352K, 48% used [0x00000000c0000000,0x00000000c1139080,0x00000000c2380000)
 Metaspace       used 31303K, capacity 31942K, committed 32256K, reserved 1077248K
  class space    used 4326K, capacity 4513K, committed 4608K, reserved 1048576K

Card table byte_map: [0x00007f5140e9b000,0x00007f514109c000] byte_map_base: 0x00007f514089b000

Marking Bits: (ParMarkBitMap*) 0x00007f51437b2120
 Begin Bits: [0x00007f512b000000, 0x00007f512c000000)
 End Bits:   [0x00007f512c000000, 0x00007f512d000000)

Polling page: 0x00007f51443f3000

CodeCache: size=245760Kb used=10073Kb max_used=10121Kb free=235686Kb
 bounds [0x00007f512d000000, 0x00007f512d9f0000, 0x00007f513c000000]
 total_blobs=3895 nmethods=3246 adapters=563
 compilation: enabled

Compilation events (10 events):
Event: 31.485 Thread 0x00007f513c0b7000 nmethod 3441 0x00007f512d314110 code [0x00007f512d314280, 0x00007f512d3144a8]
Event: 31.485 Thread 0x00007f513c0b7000 3444       2       java.util.AbstractSet::removeAll (97 bytes)
Event: 31.486 Thread 0x00007f513c0b7000 nmethod 3444 0x00007f512d1b82d0 code [0x00007f512d1b8500, 0x00007f512d1b8a18]
Event: 31.486 Thread 0x00007f513c0b7000 3438       2       org.gradle.model.internal.manage.schema.extract.ModelSchemaUtils::isMethodDeclaredInManagedType (11 bytes)
Event: 31.487 Thread 0x00007f513c0b7000 nmethod 3438 0x00007f512d313b90 code [0x00007f512d313d20, 0x00007f512d313f38]
Event: 31.487 Thread 0x00007f513c0b7000 3439       2       com.google.common.collect.ImmutableCollection::toArray (30 bytes)
Event: 31.488 Thread 0x00007f513c0b7000 nmethod 3439 0x00007f512d1b7dd0 code [0x00007f512d1b7f60, 0x00007f512d1b81e8]
Event: 31.488 Thread 0x00007f513c0b7000 3442       2       org.gradle.model.internal.manage.schema.extract.ModelPropertyExtractionContext::getAccessor (14 bytes)
Event: 31.488 Thread 0x00007f513c0b7000 nmethod 3442 0x00007f512d1b7a10 code [0x00007f512d1b7b80, 0x00007f512d1b7d28]
Event: 31.488 Thread 0x00007f513c0b7000 3443       2       org.gradle.model.internal.manage.schema.extract.StructSchemaExtractionStrategySupport::determinePropertyType (20 bytes)

GC Heap History (10 events):
Event: 18.067 GC heap before
{Heap before GC invocations=7 (full 0):
 PSYoungGen      total 54784K, used 23145K [0x00000000eab00000, 0x00000000ee800000, 0x0000000100000000)
  eden space 48640K, 37% used [0x00000000eab00000,0x00000000ebcb2558,0x00000000eda80000)
  from space 6144K, 81% used [0x00000000ee100000,0x00000000ee5e8288,0x00000000ee700000)
  to   space 6656K, 0% used [0x00000000eda80000,0x00000000eda80000,0x00000000ee100000)
 ParOldGen       total 31744K, used 8927K [0x00000000c0000000, 0x00000000c1f00000, 0x00000000eab00000)
  object space 31744K, 28% used [0x00000000c0000000,0x00000000c08b7fb0,0x00000000c1f00000)
 Metaspace       used 20903K, capacity 21252K, committed 21296K, reserved 1067008K
  class space    used 2813K, capacity 2943K, committed 2944K, reserved 1048576K
Event: 18.149 GC heap after
Heap after GC invocations=7 (full 0):
 PSYoungGen      total 55296K, used 5296K [0x00000000eab00000, 0x00000000f1800000, 0x0000000100000000)
  eden space 48640K, 0% used [0x00000000eab00000,0x00000000eab00000,0x00000000eda80000)
  from space 6656K, 79% used [0x00000000eda80000,0x00000000edfac328,0x00000000ee100000)
  to   space 7168K, 0% used [0x00000000f1100000,0x00000000f1100000,0x00000000f1800000)
 ParOldGen       total 31744K, used 9211K [0x00000000c0000000, 0x00000000c1f00000, 0x00000000eab00000)
  object space 31744K, 29% used [0x00000000c0000000,0x00000000c08fefc0,0x00000000c1f00000)
 Metaspace       used 20903K, capacity 21252K, committed 21296K, reserved 1067008K
  class space    used 2813K, capacity 2943K, committed 2944K, reserved 1048576K
}
Event: 18.149 GC heap before
{Heap before GC invocations=8 (full 1):
 PSYoungGen      total 55296K, used 5296K [0x00000000eab00000, 0x00000000f1800000, 0x0000000100000000)
  eden space 48640K, 0% used [0x00000000eab00000,0x00000000eab00000,0x00000000eda80000)
  from space 6656K, 79% used [0x00000000eda80000,0x00000000edfac328,0x00000000ee100000)
  to   space 7168K, 0% used [0x00000000f1100000,0x00000000f1100000,0x00000000f1800000)
 ParOldGen       total 31744K, used 9211K [0x00000000c0000000, 0x00000000c1f00000, 0x00000000eab00000)
  object space 31744K, 29% used [0x00000000c0000000,0x00000000c08fefc0,0x00000000c1f00000)
 Metaspace       used 20903K, capacity 21252K, committed 21296K, reserved 1067008K
  class space    used 2813K, capacity 2943K, committed 2944K, reserved 1048576K
Event: 18.836 GC heap after
Heap after GC invocations=8 (full 1):
 PSYoungGen      total 55296K, used 0K [0x00000000eab00000, 0x00000000f1800000, 0x0000000100000000)
  eden space 48640K, 0% used [0x00000000eab00000,0x00000000eab00000,0x00000000eda80000)
  from space 6656K, 0% used [0x00000000eda80000,0x00000000eda80000,0x00000000ee100000)
  to   space 7168K, 0% used [0x00000000f1100000,0x00000000f1100000,0x00000000f1800000)
 ParOldGen       total 36352K, used 11943K [0x00000000c0000000, 0x00000000c2380000, 0x00000000eab00000)
  object space 36352K, 32% used [0x00000000c0000000,0x00000000c0ba9cd0,0x00000000c2380000)
 Metaspace       used 20903K, capacity 21252K, committed 21296K, reserved 1067008K
  class space    used 2813K, capacity 2943K, committed 2944K, reserved 1048576K
}
Event: 22.437 GC heap before
{Heap before GC invocations=9 (full 1):
 PSYoungGen      total 55296K, used 48640K [0x00000000eab00000, 0x00000000f1800000, 0x0000000100000000)
  eden space 48640K, 100% used [0x00000000eab00000,0x00000000eda80000,0x00000000eda80000)
  from space 6656K, 0% used [0x00000000eda80000,0x00000000eda80000,0x00000000ee100000)
  to   space 7168K, 0% used [0x00000000f1100000,0x00000000f1100000,0x00000000f1800000)
 ParOldGen       total 36352K, used 11943K [0x00000000c0000000, 0x00000000c2380000, 0x00000000eab00000)
  object space 36352K, 32% used [0x00000000c0000000,0x00000000c0ba9cd0,0x00000000c2380000)
 Metaspace       used 24742K, capacity 25222K, committed 25472K, reserved 1071104K
  class space    used 3453K, capacity 3617K, committed 3712K, reserved 1048576K
Event: 22.476 GC heap after
Heap after GC invocations=9 (full 1):
 PSYoungGen      total 71680K, used 5691K [0x00000000eab00000, 0x00000000f1700000, 0x0000000100000000)
  eden space 65536K, 0% used [0x00000000eab00000,0x00000000eab00000,0x00000000eeb00000)
  from space 6144K, 92% used [0x00000000f1100000,0x00000000f168ef18,0x00000000f1700000)
  to   space 7680K, 0% used [0x00000000f0800000,0x00000000f0800000,0x00000000f0f80000)
 ParOldGen       total 36352K, used 11951K [0x00000000c0000000, 0x00000000c2380000, 0x00000000eab00000)
  object space 36352K, 32% used [0x00000000c0000000,0x00000000c0babcd0,0x00000000c2380000)
 Metaspace       used 24742K, capacity 25222K, committed 25472K, reserved 1071104K
  class space    used 3453K, capacity 3617K, committed 3712K, reserved 1048576K
}
Event: 26.257 GC heap before
{Heap before GC invocations=10 (full 1):
 PSYoungGen      total 71680K, used 71227K [0x00000000eab00000, 0x00000000f1700000, 0x0000000100000000)
  eden space 65536K, 100% used [0x00000000eab00000,0x00000000eeb00000,0x00000000eeb00000)
  from space 6144K, 92% used [0x00000000f1100000,0x00000000f168ef18,0x00000000f1700000)
  to   space 7680K, 0% used [0x00000000f0800000,0x00000000f0800000,0x00000000f0f80000)
 ParOldGen       total 36352K, used 11951K [0x00000000c0000000, 0x00000000c2380000, 0x00000000eab00000)
  object space 36352K, 32% used [0x00000000c0000000,0x00000000c0babcd0,0x00000000c2380000)
 Metaspace       used 27405K, capacity 27870K, committed 28032K, reserved 1073152K
  class space    used 3821K, capacity 3941K, committed 3968K, reserved 1048576K
Event: 26.293 GC heap after
Heap after GC invocations=10 (full 1):
 PSYoungGen      total 84480K, used 6191K [0x00000000eab00000, 0x00000000f1180000, 0x0000000100000000)
  eden space 77824K, 0% used [0x00000000eab00000,0x00000000eab00000,0x00000000ef700000)
  from space 6656K, 93% used [0x00000000f0800000,0x00000000f0e0bcf8,0x00000000f0e80000)
  to   space 3072K, 0% used [0x00000000f0e80000,0x00000000f0e80000,0x00000000f1180000)
 ParOldGen       total 36352K, used 11959K [0x00000000c0000000, 0x00000000c2380000, 0x00000000eab00000)
  object space 36352K, 32% used [0x00000000c0000000,0x00000000c0badcd0,0x00000000c2380000)
 Metaspace       used 27405K, capacity 27870K, committed 28032K, reserved 1073152K
  class space    used 3821K, capacity 3941K, committed 3968K, reserved 1048576K
}
Event: 31.106 GC heap before
{Heap before GC invocations=11 (full 1):
 PSYoungGen      total 84480K, used 84015K [0x00000000eab00000, 0x00000000f1180000, 0x0000000100000000)
  eden space 77824K, 100% used [0x00000000eab00000,0x00000000ef700000,0x00000000ef700000)
  from space 6656K, 93% used [0x00000000f0800000,0x00000000f0e0bcf8,0x00000000f0e80000)
  to   space 3072K, 0% used [0x00000000f0e80000,0x00000000f0e80000,0x00000000f1180000)
 ParOldGen       total 36352K, used 11959K [0x00000000c0000000, 0x00000000c2380000, 0x00000000eab00000)
  object space 36352K, 32% used [0x00000000c0000000,0x00000000c0badcd0,0x00000000c2380000)
 Metaspace       used 31206K, capacity 31750K, committed 32000K, reserved 1077248K
  class space    used 4317K, capacity 4513K, committed 4608K, reserved 1048576K
Event: 31.234 GC heap after
Heap after GC invocations=11 (full 1):
 PSYoungGen      total 95744K, used 3060K [0x00000000eab00000, 0x00000000f1900000, 0x0000000100000000)
  eden space 92672K, 0% used [0x00000000eab00000,0x00000000eab00000,0x00000000f0580000)
  from space 3072K, 99% used [0x00000000f0e80000,0x00000000f117d010,0x00000000f1180000)
  to   space 9216K, 0% used [0x00000000f0580000,0x00000000f0580000,0x00000000f0e80000)
 ParOldGen       total 36352K, used 17636K [0x00000000c0000000, 0x00000000c2380000, 0x00000000eab00000)
  object space 36352K, 48% used [0x00000000c0000000,0x00000000c1139080,0x00000000c2380000)
 Metaspace       used 31206K, capacity 31750K, committed 32000K, reserved 1077248K
  class space    used 4317K, capacity 4513K, committed 4608K, reserved 1048576K
}

Deoptimization events (10 events):
Event: 28.791 Thread 0x00007f50f800e800 Uncommon trap: reason=class_check action=maybe_recompile pc=0x00007f512d87534c method=org.apache.xerces.impl.XMLDocumentFragmentScannerImpl.scanContent()I @ 82
Event: 28.792 Thread 0x00007f50f800e800 Uncommon trap: reason=class_check action=maybe_recompile pc=0x00007f512d87534c method=org.apache.xerces.impl.XMLDocumentFragmentScannerImpl.scanContent()I @ 82
Event: 28.792 Thread 0x00007f50f800e800 Uncommon trap: reason=class_check action=maybe_recompile pc=0x00007f512d87534c method=org.apache.xerces.impl.XMLDocumentFragmentScannerImpl.scanContent()I @ 82
Event: 29.092 Thread 0x00007f50f800e800 Uncommon trap: reason=bimorphic action=maybe_recompile pc=0x00007f512d66ba50 method=java.lang.ClassLoader.getPackage(Ljava/lang/String;)Ljava/lang/Package; @ 47
Event: 29.125 Thread 0x00007f50f800e800 Uncommon trap: reason=bimorphic action=maybe_recompile pc=0x00007f512d66ba50 method=java.lang.ClassLoader.getPackage(Ljava/lang/String;)Ljava/lang/Package; @ 47
Event: 29.126 Thread 0x00007f50f800e800 Uncommon trap: reason=bimorphic action=maybe_recompile pc=0x00007f512d66ba50 method=java.lang.ClassLoader.getPackage(Ljava/lang/String;)Ljava/lang/Package; @ 47
Event: 29.127 Thread 0x00007f50f800e800 Uncommon trap: reason=bimorphic action=maybe_recompile pc=0x00007f512d66ba50 method=java.lang.ClassLoader.getPackage(Ljava/lang/String;)Ljava/lang/Package; @ 47
Event: 30.670 Thread 0x00007f50f800e800 Uncommon trap: reason=unstable_if action=reinterpret pc=0x00007f512d6b8a50 method=java.util.HashMap.putVal(ILjava/lang/Object;Ljava/lang/Object;ZZ)Ljava/lang/Object; @ 162
Event: 30.670 Thread 0x00007f50f800e800 Uncommon trap: reason=unstable_if action=reinterpret pc=0x00007f512d65afac method=java.util.HashMap.putVal(ILjava/lang/Object;Ljava/lang/Object;ZZ)Ljava/lang/Object; @ 162
Event: 30.671 Thread 0x00007f50f800e800 Uncommon trap: reason=unstable_if action=reinterpret pc=0x00007f512d29e208 method=java.util.HashMap.resize()[Ljava/util/HashMap$Node; @ 206

Internal exceptions (10 events):
Event: 29.068 Thread 0x00007f50f800e800 Exception <a 'java/lang/ClassNotFoundException': org/gradle/api/internal/plugins/DefaultObjectConfigurationActionBeanInfo> (0x00000000ed4d1e90) thrown at [/HUDSON3/workspace/8-2-build-linux-amd64/jdk8u101/7261/hotspot/src/share/vm/classfile/systemDictiona
Event: 29.069 Thread 0x00007f50f800e800 Exception <a 'java/lang/ClassNotFoundException': org/gradle/api/internal/plugins/DefaultObjectConfigurationActionCustomizer> (0x00000000ed4fee40) thrown at [/HUDSON3/workspace/8-2-build-linux-amd64/jdk8u101/7261/hotspot/src/share/vm/classfile/systemDictio
Event: 29.078 Thread 0x00007f50f800e800 Exception <a 'java/lang/ClassNotFoundException': org/gradle/api/plugins/ObjectConfigurationActionBeanInfo> (0x00000000ed543ca0) thrown at [/HUDSON3/workspace/8-2-build-linux-amd64/jdk8u101/7261/hotspot/src/share/vm/classfile/systemDictionary.cpp, line 210
Event: 29.080 Thread 0x00007f50f800e800 Exception <a 'java/lang/ClassNotFoundException': org/gradle/api/plugins/ObjectConfigurationActionCustomizer> (0x00000000ed569ca8) thrown at [/HUDSON3/workspace/8-2-build-linux-amd64/jdk8u101/7261/hotspot/src/share/vm/classfile/systemDictionary.cpp, line 2
Event: 29.494 Thread 0x00007f50f800e800 Exception <a 'java/lang/ClassNotFoundException': com/android/build/gradle/AppPluginBeanInfo> (0x00000000edaaeb30) thrown at [/HUDSON3/workspace/8-2-build-linux-amd64/jdk8u101/7261/hotspot/src/share/vm/classfile/systemDictionary.cpp, line 210]
Event: 29.495 Thread 0x00007f50f800e800 Exception <a 'java/lang/ClassNotFoundException': com/android/build/gradle/BasePluginBeanInfo> (0x00000000edabd360) thrown at [/HUDSON3/workspace/8-2-build-linux-amd64/jdk8u101/7261/hotspot/src/share/vm/classfile/systemDictionary.cpp, line 210]
Event: 29.496 Thread 0x00007f50f800e800 Exception <a 'java/lang/ClassNotFoundException': com/android/build/gradle/BasePluginCustomizer> (0x00000000edacbf40) thrown at [/HUDSON3/workspace/8-2-build-linux-amd64/jdk8u101/7261/hotspot/src/share/vm/classfile/systemDictionary.cpp, line 210]
Event: 29.497 Thread 0x00007f50f800e800 Exception <a 'java/lang/ClassNotFoundException': com/android/build/gradle/AppPluginCustomizer> (0x00000000edadbd98) thrown at [/HUDSON3/workspace/8-2-build-linux-amd64/jdk8u101/7261/hotspot/src/share/vm/classfile/systemDictionary.cpp, line 210]
Event: 30.068 Thread 0x00007f50f800e800 Exception <a 'java/lang/ClassNotFoundException': org/gradle/api/plugins/BasePluginConventionBeanInfo> (0x00000000ee2eee10) thrown at [/HUDSON3/workspace/8-2-build-linux-amd64/jdk8u101/7261/hotspot/src/share/vm/classfile/systemDictionary.cpp, line 210]
Event: 30.069 Thread 0x00007f50f800e800 Exception <a 'java/lang/ClassNotFoundException': org/gradle/api/plugins/BasePluginConventionCustomizer> (0x00000000ee322788) thrown at [/HUDSON3/workspace/8-2-build-linux-amd64/jdk8u101/7261/hotspot/src/share/vm/classfile/systemDictionary.cpp, line 210]

Events (10 events):
Event: 31.310 Thread 0x00007f513c0b7000 flushing nmethod 0x00007f512d3bdbd0
Event: 31.310 Thread 0x00007f513c0b7000 flushing nmethod 0x00007f512d3d6550
Event: 31.310 Thread 0x00007f513c0b7000 flushing nmethod 0x00007f512d3e9b90
Event: 31.310 Thread 0x00007f513c0b7000 flushing nmethod 0x00007f512d3eacd0
Event: 31.310 Thread 0x00007f513c0b7000 flushing nmethod 0x00007f512d3ed110
Event: 31.310 Thread 0x00007f513c0b7000 flushing nmethod 0x00007f512d3f0950
Event: 31.336 loading class org/apache/tools/ant/input/InputRequest
Event: 31.336 loading class org/apache/tools/ant/input/InputRequest done
Event: 31.344 loading class java/net/Proxy
Event: 31.344 loading class java/net/Proxy done


Dynamic libraries:
00400000-00401000 r-xp 00000000 08:01 3279757                            /usr/lib/jvm/java-8-oracle/bin/java
00600000-00601000 rw-p 00000000 08:01 3279757                            /usr/lib/jvm/java-8-oracle/bin/java
00bfe000-00c1f000 rw-p 00000000 00:00 0                                  [heap]
c0000000-c2380000 rw-p 00000000 00:00 0 
c2380000-eab00000 ---p 00000000 00:00 0 
eab00000-f1900000 rw-p 00000000 00:00 0 
f1900000-100000000 ---p 00000000 00:00 0 
100000000-100480000 rw-p 00000000 00:00 0 
100480000-140000000 ---p 00000000 00:00 0 
7f50ec000000-7f50eca7f000 rw-p 00000000 00:00 0 
7f50eca7f000-7f50f0000000 ---p 00000000 00:00 0 
7f50f255a000-7f50f265c000 rw-p 00000000 00:00 0 
7f50f265c000-7f50f275c000 ---p 00000000 00:00 0 
7f50f275c000-7f50f2818000 r--s 0083a000 08:01 4850360                    /root/.gradle/caches/modules-2/files-2.1/io.fabric.tools/gradle/1.21.7/4a8867b9d33fd9457b1cbe8da5c01893d9efec4d/gradle-1.21.7.jar
7f50f2818000-7f50f2a18000 rw-p 00000000 00:00 0 
7f50f2a18000-7f50f2a1a000 r--s 00005000 08:01 10354696                   /opt/android-studio/gradle/m2repository/org/abego/treelayout/org.abego.treelayout.core/1.0.1/org.abego.treelayout.core-1.0.1.jar
7f50f2a1a000-7f50f2a22000 r--s 000a8000 08:01 10354905                   /opt/android-studio/gradle/m2repository/com/android/tools/external/lombok/lombok-ast/0.2.3/lombok-ast-0.2.3.jar
7f50f2a22000-7f50f2a24000 r--s 0000d000 08:01 10355005                   /opt/android-studio/gradle/m2repository/commons-codec/commons-codec/1.4/commons-codec-1.4.jar
7f50f2a24000-7f50f2a26000 r--s 0000d000 08:01 10226215                   /opt/android-studio/gradle/m2repository/commons-logging/commons-logging/1.1.1/commons-logging-1.1.1.jar
7f50f2a26000-7f50f2a2b000 r--s 00028000 08:01 10229068                   /opt/android-studio/gradle/m2repository/org/apache/httpcomponents/httpcore/4.1/httpcore-4.1.jar
7f50f2a2b000-7f50f2a2c000 r--s 00004000 08:01 10354724                   /opt/android-studio/gradle/m2repository/com/intellij/annotations/12.0/annotations-12.0.jar
7f50f2a2c000-7f50f2a30000 r--s 00037000 08:01 10228909                   /opt/android-studio/gradle/m2repository/org/antlr/ST4/4.0.8/ST4-4.0.8.jar
7f50f2a30000-7f50f2a33000 r--s 00026000 08:01 10229004                   /opt/android-studio/gradle/m2repository/org/antlr/antlr-runtime/3.5.2/antlr-runtime-3.5.2.jar
7f50f2a33000-7f50f2a34000 r--s 00002000 08:01 10354712                   /opt/android-studio/gradle/m2repository/com/tunnelvisionlabs/antlr4-annotations/4.5/antlr4-annotations-4.5.jar
7f50f2a34000-7f50f2a3b000 r--s 00062000 08:01 10354707                   /opt/android-studio/gradle/m2repository/com/tunnelvisionlabs/antlr4-runtime/4.5/antlr4-runtime-4.5.jar
7f50f2a3b000-7f50f2a3c000 r--s 00004000 08:01 10226259                   /opt/android-studio/gradle/m2repository/org/ow2/asm/asm-analysis/5.0.3/asm-analysis-5.0.3.jar
7f50f2a3c000-7f50f2a3f000 r--s 00030000 08:01 10354933                   /opt/android-studio/gradle/m2repository/com/android/tools/lint/lint-api/25.1.3/lint-api-25.1.3.jar
7f50f2a3f000-7f50f2a40000 r--s 0000a000 08:01 10354967                   /opt/android-studio/gradle/m2repository/net/sf/kxml/kxml2/2.3.0/kxml2-2.3.0.jar
7f50f2a40000-7f50f2a42000 r--s 00005000 08:01 10229059                   /opt/android-studio/gradle/m2repository/org/apache/httpcomponents/httpmime/4.1/httpmime-4.1.jar
7f50f2a42000-7f50f2a4a000 r--s 0004e000 08:01 10229079                   /opt/android-studio/gradle/m2repository/org/apache/httpcomponents/httpclient/4.1.1/httpclient-4.1.1.jar
7f50f2a4a000-7f50f2a51000 r--s 00053000 08:01 10229091                   /opt/android-studio/gradle/m2repository/org/apache/commons/commons-compress/1.8.1/commons-compress-1.8.1.jar
7f50f2a51000-7f50f2a56000 r--s 0002a000 08:01 10354757                   /opt/android-studio/gradle/m2repository/com/google/code/gson/gson/2.2.4/gson-2.2.4.jar
7f50f2a56000-7f50f2a5a000 r--s 00026000 08:01 10354911                   /opt/android-studio/gradle/m2repository/com/android/tools/repository/25.1.3/repository-25.1.3.jar
7f50f2a5a000-7f50f2a5b000 r--s 00005000 08:01 10354891                   /opt/android-studio/gradle/m2repository/com/android/tools/dvlib/25.1.3/dvlib-25.1.3.jar
7f50f2a5b000-7f50f2a5e000 r--s 00014000 08:01 10354858                   /opt/android-studio/gradle/m2repository/com/android/tools/layoutlib/layoutlib-api/25.1.3/layoutlib-api-25.1.3.jar
7f50f2a5e000-7f50f2a63000 r--s 00058000 08:01 10226233                   /opt/android-studio/gradle/m2repository/org/ow2/asm/asm-debug-all/5.0.4/asm-debug-all-5.0.4.jar
7f50f2a63000-7f50f2a73000 r--s 000d6000 08:01 10354979                   /opt/android-studio/gradle/m2repository/net/sf/proguard/proguard-base/5.2.1/proguard-base-5.2.1.jar
7f50f2a73000-7f50f2a76000 r--s 00033000 08:01 10354731                   /opt/android-studio/gradle/m2repository/com/googlecode/juniversalchardet/juniversalchardet/1.0.3/juniversalchardet-1.0.3.jar
7f50f2a76000-7f50f2a7a000 r--s 0002a000 08:01 10226208                   /opt/android-studio/gradle/m2repository/commons-io/commons-io/2.4/commons-io-2.4.jar
7f50f2a7a000-7f50f2a84000 r--s 00099000 08:01 10354717                   /opt/android-studio/gradle/m2repository/com/tunnelvisionlabs/antlr4/4.5/antlr4-4.5.jar
7f50f2a84000-7f50f2a85000 r--s 00002000 08:01 10354764                   /opt/android-studio/gradle/m2repository/com/android/databinding/baseLibrary/2.1.3/baseLibrary-2.1.3.jar
7f50f2a85000-7f50f2ab0000 r--s 001f9000 08:01 10354749                   /opt/android-studio/gradle/m2repository/com/google/guava/guava/17.0/guava-17.0.jar
7f50f2ab0000-7f50f2ab1000 r--s 00001000 08:01 10354785                   /opt/android-studio/gradle/m2repository/com/android/tools/annotations/25.1.3/annotations-25.1.3.jar
7f50f2ab1000-7f50f2ac3000 r--s 00223000 08:01 10227994                   /opt/android-studio/gradle/m2repository/org/eclipse/jdt/core/compiler/ecj/4.4.2/ecj-4.4.2.jar
7f50f2ac3000-7f50f2aca000 r--s 000be000 08:01 10354919                   /opt/android-studio/gradle/m2repository/com/android/tools/lint/lint-checks/25.1.3/lint-checks-25.1.3.jar
7f50f2aca000-7f50f2acc000 r--s 00006000 08:01 10226448                   /opt/android-studio/gradle/m2repository/org/ow2/asm/asm-tree/5.0.3/asm-tree-5.0.3.jar
7f50f2acc000-7f50f2aff000 r--s 00203000 08:01 10229014                   /opt/android-studio/gradle/m2repository/org/bouncycastle/bcprov-jdk15on/1.48/bcprov-jdk15on-1.48.jar
7f50f2aff000-7f50f2b0d000 r--s 00081000 08:01 10229019                   /opt/android-studio/gradle/m2repository/org/bouncycastle/bcpkix-jdk15on/1.48/bcpkix-jdk15on-1.48.jar
7f50f2b0d000-7f50f2b0f000 r--s 00002000 08:01 10354739                   /opt/android-studio/gradle/m2repository/com/squareup/javawriter/2.5.0/javawriter-2.5.0.jar
7f50f2b0f000-7f50f2b10000 r--s 00001000 08:01 10354866                   /opt/android-studio/gradle/m2repository/com/android/tools/jill/jill-api/0.10.0/jill-api-0.10.0.jar
7f50f2b10000-7f50f2b12000 r--s 00003000 08:01 10354948                   /opt/android-studio/gradle/m2repository/com/android/tools/jack/jack-api/0.10.0/jack-api-0.10.0.jar
7f50f2b12000-7f50f2b18000 r--s 0004a000 08:01 10354884                   /opt/android-studio/gradle/m2repository/com/android/tools/ddms/ddmlib/25.1.3/ddmlib-25.1.3.jar
7f50f2b18000-7f50f2b1b000 r--s 00028000 08:01 10354822                   /opt/android-studio/gradle/m2repository/com/android/tools/build/manifest-merger/25.1.3/manifest-merger-25.1.3.jar
7f50f2b1b000-7f50f2b1d000 r--s 00018000 08:01 10354956                   /opt/android-studio/gradle/m2repository/com/android/tools/common/25.1.3/common-25.1.3.jar
7f50f2b1d000-7f50f2b25000 r--s 0007c000 08:01 10354875                   /opt/android-studio/gradle/m2repository/com/android/tools/sdk-common/25.1.3/sdk-common-25.1.3.jar
7f50f2b25000-7f50f2b2d000 r--s 00078000 08:01 10354940                   /opt/android-studio/gradle/m2repository/com/android/tools/sdklib/25.1.3/sdklib-25.1.3.jar
7f50f2b2d000-7f50f2b2e000 r--s 00002000 08:01 10354807                   /opt/android-studio/gradle/m2repository/com/android/tools/build/builder-test-api/2.1.3/builder-test-api-2.1.3.jar
7f50f2b2e000-7f50f2b30000 r--s 00005000 08:01 10354843                   /opt/android-studio/gradle/m2repository/com/android/tools/build/builder-model/2.1.3/builder-model-2.1.3.jar
7f50f2b30000-7f50f2b34000 r--s 0001e000 08:01 10229035                   /opt/android-studio/gradle/m2repository/org/jacoco/org.jacoco.core/0.7.6.201602180812/org.jacoco.core-0.7.6.201602180812.jar
7f50f2b34000-7f50f2b48000 r--s 00130000 08:01 10354801                   /opt/android-studio/gradle/m2repository/com/android/tools/build/builder/2.1.3/builder-2.1.3.jar
7f50f2b48000-7f50f2d48000 rw-p 00000000 00:00 0 
7f50f2d48000-7f50f2d4b000 ---p 00000000 00:00 0 
7f50f2d4b000-7f50f3049000 rw-p 00000000 00:00 0                          [stack:16007]
7f50f3049000-7f50f304c000 ---p 00000000 00:00 0 
7f50f304c000-7f50f3282000 rw-p 00000000 00:00 0                          [stack:16006]
7f50f3282000-7f50f3482000 rw-p 00000000 00:00 0 
7f50f3482000-7f50f3682000 rw-p 00000000 00:00 0 
7f50f3682000-7f50f3882000 rw-p 00000000 00:00 0 
7f50f3882000-7f50f38fb000 r--s 010e5000 08:01 2493420                    /usr/lib/jvm/java-8-oracle/lib/tools.jar
7f50f38fb000-7f50f3afb000 rw-p 00000000 00:00 0 
7f50f3afb000-7f50f3afe000 ---p 00000000 00:00 0 
7f50f3afe000-7f50f3bfc000 rw-p 00000000 00:00 0                          [stack:16001]
7f50f3bfc000-7f50f3bff000 ---p 00000000 00:00 0 
7f50f3bff000-7f50f3cfd000 rw-p 00000000 00:00 0                          [stack:16000]
7f50f3cfd000-7f50f3d00000 ---p 00000000 00:00 0 
7f50f3d00000-7f50f3dfe000 rw-p 00000000 00:00 0                          [stack:15999]
7f50f3dfe000-7f50f3e01000 ---p 00000000 00:00 0 
7f50f3e01000-7f50f3eff000 rw-p 00000000 00:00 0                          [stack:15998]
7f50f3eff000-7f50f3f02000 ---p 00000000 00:00 0 
7f50f3f02000-7f50f4000000 rw-p 00000000 00:00 0                          [stack:15997]
7f50f4000000-7f50f4067000 rw-p 00000000 00:00 0 
7f50f4067000-7f50f8000000 ---p 00000000 00:00 0 
7f50f8000000-7f50f8021000 rw-p 00000000 00:00 0 
7f50f8021000-7f50fc000000 ---p 00000000 00:00 0 
7f50fc000000-7f50fc021000 rw-p 00000000 00:00 0 
7f50fc021000-7f5100000000 ---p 00000000 00:00 0 
7f5100000000-7f5100021000 rw-p 00000000 00:00 0 
7f5100021000-7f5104000000 ---p 00000000 00:00 0 
7f5104000000-7f510460a000 rw-p 00000000 00:00 0 
7f510460a000-7f5108000000 ---p 00000000 00:00 0 
7f5108000000-7f5108021000 rw-p 00000000 00:00 0 
7f5108021000-7f510c000000 ---p 00000000 00:00 0 
7f510c000000-7f510c021000 rw-p 00000000 00:00 0 
7f510c021000-7f5110000000 ---p 00000000 00:00 0 
7f5110000000-7f5111826000 rw-p 00000000 00:00 0 
7f5111826000-7f5114000000 ---p 00000000 00:00 0 
7f5114000000-7f5114021000 rw-p 00000000 00:00 0 
7f5114021000-7f5118000000 ---p 00000000 00:00 0 
7f5118000000-7f5118021000 rw-p 00000000 00:00 0 
7f5118021000-7f511c000000 ---p 00000000 00:00 0 
7f511c000000-7f511c05a000 rw-p 00000000 00:00 0 
7f511c05a000-7f5120000000 ---p 00000000 00:00 0 
7f5120000000-7f512004b000 rw-p 00000000 00:00 0 
7f512004b000-7f5124000000 ---p 00000000 00:00 0 
7f5124000000-7f5124028000 rw-p 00000000 00:00 0 
7f5124028000-7f5128000000 ---p 00000000 00:00 0 
7f5128000000-7f5128001000 r--s 00002000 08:01 10354995                   /opt/android-studio/gradle/m2repository/net/sf/proguard/proguard-gradle/5.2.1/proguard-gradle-5.2.1.jar
7f5128001000-7f5128003000 r--s 00009000 08:01 10226454                   /opt/android-studio/gradle/m2repository/org/ow2/asm/asm-commons/5.0.3/asm-commons-5.0.3.jar
7f5128003000-7f5128004000 r--s 0000c000 08:01 10226852                   /opt/android-studio/gradle/m2repository/org/ow2/asm/asm/5.0.3/asm-5.0.3.jar
7f5128004000-7f5128008000 r--s 0002b000 08:01 10354777                   /opt/android-studio/gradle/m2repository/com/android/databinding/compilerCommon/2.1.3/compilerCommon-2.1.3.jar
7f5128008000-7f5128009000 r--s 00002000 08:01 10354814                   /opt/android-studio/gradle/m2repository/com/android/tools/build/gradle-api/2.1.3/gradle-api-2.1.3.jar
7f5128009000-7f512800a000 r--s 00000000 08:01 10354835                   /opt/android-studio/gradle/m2repository/com/android/tools/build/transform-api/2.0.0-deprecated-use-gradle-api/transform-api-2.0.0-deprecated-use-gradle-api.jar
7f512800a000-7f512800c000 r--s 00023000 08:01 10354926                   /opt/android-studio/gradle/m2repository/com/android/tools/lint/lint/25.1.3/lint-25.1.3.jar
7f512800c000-7f5128029000 r--s 0017c000 08:01 10354829                   /opt/android-studio/gradle/m2repository/com/android/tools/build/gradle-core/2.1.3/gradle-core-2.1.3.jar
7f5128029000-7f512802b000 r--s 0000c000 08:01 10354851                   /opt/android-studio/gradle/m2repository/com/android/tools/build/gradle/2.1.3/gradle-2.1.3.jar
7f512802b000-7f512802c000 r--p 00000000 00:00 0 
7f512802c000-7f512802f000 ---p 00000000 00:00 0 
7f512802f000-7f512812d000 rw-p 00000000 00:00 0                          [stack:15996]
7f512812d000-7f5128134000 r--s 00000000 08:01 13375965                   /usr/lib/x86_64-linux-gnu/gconv/gconv-modules.cache
7f5128134000-7f5128334000 rw-p 00000000 00:00 0 
7f5128334000-7f5128337000 ---p 00000000 00:00 0 
7f5128337000-7f5128435000 rw-p 00000000 00:00 0                          [stack:15995]
7f5128435000-7f5128438000 ---p 00000000 00:00 0 
7f5128438000-7f5128536000 rw-p 00000000 00:00 0                          [stack:15994]
7f5128536000-7f512853f000 r-xp 00000000 08:01 13766348                   /usr/lib/jvm/java-8-oracle/jre/lib/amd64/libmanagement.so
7f512853f000-7f512873e000 ---p 00009000 08:01 13766348                   /usr/lib/jvm/java-8-oracle/jre/lib/amd64/libmanagement.so
7f512873e000-7f512873f000 rw-p 00008000 08:01 13766348                   /usr/lib/jvm/java-8-oracle/jre/lib/amd64/libmanagement.so
7f512873f000-7f5128743000 r--s 00097000 08:01 13118639                   /usr/lib/jvm/java-8-oracle/jre/lib/jsse.jar
7f5128743000-7f5128745000 r--s 00007000 08:01 10226052                   /opt/android-studio/gradle/gradle-2.14.1/lib/plugins/gradle-tooling-api-builders-2.14.1.jar
7f5128745000-7f5128748000 r--s 00008000 08:01 10226046                   /opt/android-studio/gradle/gradle-2.14.1/lib/plugins/gradle-testing-native-2.14.1.jar
7f5128748000-7f512874a000 r--s 00009000 08:01 10226146                   /opt/android-studio/gradle/gradle-2.14.1/lib/plugins/hamcrest-core-1.3.jar
7f512874a000-7f5128750000 r--s 00033000 08:01 10226057                   /opt/android-studio/gradle/gradle-2.14.1/lib/plugins/snakeyaml-1.6.jar
7f5128750000-7f5128752000 r--s 00006000 08:01 10226078                   /opt/android-studio/gradle/gradle-2.14.1/lib/plugins/jcommander-1.12.jar
7f5128752000-7f5128757000 r--s 00040000 08:01 10226055                   /opt/android-studio/gradle/gradle-2.14.1/lib/plugins/bsh-2.0b4.jar
7f5128757000-7f5128760000 r--s 00089000 08:01 10226081                   /opt/android-studio/gradle/gradle-2.14.1/lib/plugins/testng-6.3.1.jar
7f5128760000-7f5128768000 r--s 00045000 08:01 10226086                   /opt/android-studio/gradle/gradle-2.14.1/lib/plugins/junit-4.12.jar
7f5128768000-7f512876e000 r--s 0002e000 08:01 10226062                   /opt/android-studio/gradle/gradle-2.14.1/lib/plugins/gradle-testing-jvm-2.14.1.jar
7f512876e000-7f5128773000 r--s 00015000 08:01 10226071                   /opt/android-studio/gradle/gradle-2.14.1/lib/plugins/gradle-testing-base-2.14.1.jar
7f5128773000-7f5128774000 r--s 00002000 08:01 10226084                   /opt/android-studio/gradle/gradle-2.14.1/lib/plugins/sonar-batch-bootstrapper-2.9.jar
7f5128774000-7f5128777000 r--s 00015000 08:01 10226061                   /opt/android-studio/gradle/gradle-2.14.1/lib/plugins/gradle-sonar-2.14.1.jar
7f5128777000-7f512877e000 r--s 00038000 08:01 10226102                   /opt/android-studio/gradle/gradle-2.14.1/lib/plugins/bcpg-jdk15on-1.51.jar
7f512877e000-7f5128780000 r--s 0000d000 08:01 10226108                   /opt/android-studio/gradle/gradle-2.14.1/lib/plugins/gradle-signing-2.14.1.jar
7f5128780000-7f5128783000 r--s 00009000 08:01 10226091                   /opt/android-studio/gradle/gradle-2.14.1/lib/plugins/gradle-scala-2.14.1.jar
7f5128783000-7f5128784000 r--s 00004000 08:01 10226115                   /opt/android-studio/gradle/gradle-2.14.1/lib/plugins/gradle-resources-sftp-2.14.1.jar
7f5128784000-7f5128794000 r--s 00088000 08:01 10226068                   /opt/android-studio/gradle/gradle-2.14.1/lib/plugins/joda-time-2.8.2.jar
7f5128794000-7f51287a5000 r--s 000cf000 08:01 10226153                   /opt/android-studio/gradle/gradle-2.14.1/lib/plugins/jackson-databind-2.3.2.jar
7f51287a5000-7f51287a7000 r--s 00007000 08:01 10226097                   /opt/android-studio/gradle/gradle-2.14.1/lib/plugins/jackson-annotations-2.3.2.jar
7f51287a7000-7f51287aa000 r--s 0002e000 08:01 10226104                   /opt/android-studio/gradle/gradle-2.14.1/lib/plugins/jackson-core-2.3.2.jar
7f51287aa000-7f51287b5000 r--s 0006b000 08:01 10226170                   /opt/android-studio/gradle/gradle-2.14.1/lib/plugins/aws-java-sdk-core-1.9.19.jar
7f51287b5000-7f51287bb000 r--s 00036000 08:01 10226096                   /opt/android-studio/gradle/gradle-2.14.1/lib/plugins/aws-java-sdk-kms-1.9.19.jar
7f51287bb000-7f51287c6000 r--s 00079000 08:01 10226083                   /opt/android-studio/gradle/gradle-2.14.1/lib/plugins/aws-java-sdk-s3-1.9.19.jar
7f51287c6000-7f51287c7000 r--s 00003000 08:01 10226149                   /opt/android-studio/gradle/gradle-2.14.1/lib/plugins/gradle-resources-s3-2.14.1.jar
7f51287c7000-7f51287c9000 r--s 00005000 08:01 10226144                   /opt/android-studio/gradle/gradle-2.14.1/lib/plugins/jatl-0.2.2.jar
7f51287c9000-7f51287cb000 r--s 0000f000 08:01 10226161                   /opt/android-studio/gradle/gradle-2.14.1/lib/plugins/gradle-reporting-2.14.1.jar
7f51287cb000-7f51287cd000 r--s 00002000 08:01 10226101                   /opt/android-studio/gradle/gradle-2.14.1/lib/plugins/gradle-publish-2.14.1.jar
7f51287cd000-7f51287cf000 r--s 00009000 08:01 10226074                   /opt/android-studio/gradle/gradle-2.14.1/lib/plugins/commons-cli-1.2.jar
7f51287cf000-7f51287d5000 r--s 00033000 08:01 10226085                   /opt/android-studio/gradle/gradle-2.14.1/lib/plugins/gradle-plugins-2.14.1.jar
7f51287d5000-7f51287d7000 r--s 00007000 08:01 10226049                   /opt/android-studio/gradle/gradle-2.14.1/lib/plugins/gradle-plugin-development-2.14.1.jar
7f51287d7000-7f51287dd000 r--s 0002a000 08:01 10226107                   /opt/android-studio/gradle/gradle-2.14.1/lib/plugins/gradle-platform-play-2.14.1.jar
7f51287dd000-7f51287ea000 r--s 0004d000 08:01 10226106                   /opt/android-studio/gradle/gradle-2.14.1/lib/plugins/gradle-platform-native-2.14.1.jar
7f51287ea000-7f51287ee000 r--s 0001a000 08:01 10226147                   /opt/android-studio/gradle/gradle-2.14.1/lib/plugins/gradle-platform-jvm-2.14.1.jar
7f51287ee000-7f51287f5000 r--s 00029000 08:01 10226077                   /opt/android-studio/gradle/gradle-2.14.1/lib/plugins/gradle-platform-base-2.14.1.jar
7f51287f5000-7f5128816000 r--s 001c3000 08:01 10226053                   /opt/android-studio/gradle/gradle-2.14.1/lib/plugins/bndlib-2.4.0.jar
7f5128816000-7f5128818000 r--s 00003000 08:01 10226152                   /opt/android-studio/gradle/gradle-2.14.1/lib/plugins/gradle-osgi-2.14.1.jar
7f5128818000-7f512881b000 r--s 0000c000 08:01 10226156                   /opt/android-studio/gradle/gradle-2.14.1/lib/plugins/pmaven-groovy-0.8-20100325.jar
7f512881b000-7f512881c000 r--s 00004000 08:01 10226142                   /opt/android-studio/gradle/gradle-2.14.1/lib/plugins/pmaven-common-0.8-20100325.jar
7f512881c000-7f5128822000 r--s 00022000 08:01 10226076                   /opt/android-studio/gradle/gradle-2.14.1/lib/plugins/gradle-maven-2.14.1.jar
7f5128822000-7f5128824000 r--s 0000a000 08:01 10226058                   /opt/android-studio/gradle/gradle-2.14.1/lib/plugins/gradle-language-scala-2.14.1.jar
7f5128824000-7f512882a000 r--s 0001a000 08:01 10226063                   /opt/android-studio/gradle/gradle-2.14.1/lib/plugins/gradle-language-native-2.14.1.jar
7f512882a000-7f512882c000 r--s 00008000 08:01 10226051                   /opt/android-studio/gradle/gradle-2.14.1/lib/plugins/gradle-language-jvm-2.14.1.jar
7f512882c000-7f5128832000 r--s 00024000 08:01 10226143                   /opt/android-studio/gradle/gradle-2.14.1/lib/plugins/gradle-language-java-2.14.1.jar
7f5128832000-7f5128834000 r--s 0000a000 08:01 10226105                   /opt/android-studio/gradle/gradle-2.14.1/lib/plugins/gradle-language-groovy-2.14.1.jar
7f5128834000-7f5128837000 r--s 0001e000 08:01 10226045                   /opt/android-studio/gradle/gradle-2.14.1/lib/plugins/jsp-api-2.1-6.1.14.jar
7f5128837000-7f512885a000 r--s 00344000 08:01 10226098                   /opt/android-studio/gradle/gradle-2.14.1/lib/plugins/core-3.1.1.jar
7f512885a000-7f512885b000 r--s 00006000 08:01 10226154                   /opt/android-studio/gradle/gradle-2.14.1/lib/plugins/jetty-naming-6.1.25.jar
7f512885b000-7f512885c000 r--s 00002000 08:01 10226093                   /opt/android-studio/gradle/gradle-2.14.1/lib/plugins/geronimo-annotation_1.0_spec-1.0.jar
7f512885c000-7f512885e000 r--s 00002000 08:01 10226150                   /opt/android-studio/gradle/gradle-2.14.1/lib/plugins/jetty-annotations-6.1.25.jar
7f512885e000-7f512886f000 r--s 000ea000 08:01 10226163                   /opt/android-studio/gradle/gradle-2.14.1/lib/plugins/jsp-2.1-6.1.14.jar
7f512886f000-7f5128871000 r--s 0000d000 08:01 10226099                   /opt/android-studio/gradle/gradle-2.14.1/lib/plugins/jetty-plus-6.1.25.jar
7f5128871000-7f5128873000 r--s 0001f000 08:01 10226177                   /opt/android-studio/gradle/gradle-2.14.1/lib/plugins/servlet-api-2.5-20081211.jar
7f5128873000-7f5128877000 r--s 00028000 08:01 10226079                   /opt/android-studio/gradle/gradle-2.14.1/lib/plugins/jetty-util-6.1.25.jar
7f5128877000-7f512887e000 r--s 0007d000 08:01 10226087                   /opt/android-studio/gradle/gradle-2.14.1/lib/plugins/jetty-6.1.25.jar
7f512887e000-7f5128880000 r--s 00009000 08:01 10226159                   /opt/android-studio/gradle/gradle-2.14.1/lib/plugins/gradle-jetty-2.14.1.jar
7f5128880000-7f5128887000 r--s 00035000 08:01 10226173                   /opt/android-studio/gradle/gradle-2.14.1/lib/plugins/simple-4.1.21.jar
7f5128887000-7f5128893000 r--s 00100000 08:01 10226069                   /opt/android-studio/gradle/gradle-2.14.1/lib/plugins/rhino-1.7R3.jar
7f5128893000-7f5128897000 r--s 00011000 08:01 10226141                   /opt/android-studio/gradle/gradle-2.14.1/lib/plugins/gradle-javascript-2.14.1.jar
7f5128897000-7f5128899000 r--s 0000c000 08:01 10226175                   /opt/android-studio/gradle/gradle-2.14.1/lib/plugins/gradle-jacoco-2.14.1.jar
7f5128899000-7f512889c000 r--s 0000e000 08:01 10226172                   /opt/android-studio/gradle/gradle-2.14.1/lib/plugins/gradle-ivy-2.14.1.jar
7f512889c000-7f512889d000 r--s 00002000 08:01 10226164                   /opt/android-studio/gradle/gradle-2.14.1/lib/plugins/gradle-ide-play-2.14.1.jar
7f512889d000-7f51288a2000 r--s 0002b000 08:01 10226160                   /opt/android-studio/gradle/gradle-2.14.1/lib/plugins/gradle-ide-native-2.14.1.jar
7f51288a2000-7f51288ad000 r--s 00066000 08:01 10226059                   /opt/android-studio/gradle/gradle-2.14.1/lib/plugins/gradle-ide-2.14.1.jar
7f51288ad000-7f51288ae000 r--s 00008000 08:01 10226056                   /opt/android-studio/gradle/gradle-2.14.1/lib/plugins/gradle-ear-2.14.1.jar
7f51288ae000-7f51288b4000 r--s 00032000 08:01 10226067                   /opt/android-studio/gradle/gradle-2.14.1/lib/plugins/gradle-diagnostics-2.14.1.jar
7f51288b4000-7f51288b8000 r--s 00021000 08:01 10226162                   /opt/android-studio/gradle/gradle-2.14.1/lib/plugins/gradle-code-quality-2.14.1.jar
7f51288b8000-7f51288bc000 r--s 0001f000 08:01 10226066                   /opt/android-studio/gradle/gradle-2.14.1/lib/plugins/gradle-build-init-2.14.1.jar
7f51288bc000-7f51288c3000 r--s 0008e000 08:01 10226169                   /opt/android-studio/gradle/gradle-2.14.1/lib/plugins/gradle-build-comparison-2.14.1.jar
7f51288c3000-7f51288c5000 r--s 00008000 08:01 10226145                   /opt/android-studio/gradle/gradle-2.14.1/lib/plugins/gradle-antlr-2.14.1.jar
7f51288c5000-7f51288c7000 r--s 00004000 08:01 10226171                   /opt/android-studio/gradle/gradle-2.14.1/lib/plugins/gradle-announce-2.14.1.jar
7f51288c7000-7f51288df000 r--s 00115000 08:01 10226090                   /opt/android-studio/gradle/gradle-2.14.1/lib/plugins/xercesImpl-2.9.1.jar
7f51288df000-7f51288e7000 r--s 00028000 08:01 10226118                   /opt/android-studio/gradle/gradle-2.14.1/lib/plugins/xml-apis-1.3.04.jar
7f51288e7000-7f51288ed000 r--s 0005b000 08:01 10226109                   /opt/android-studio/gradle/gradle-2.14.1/lib/plugins/jcifs-1.3.17.jar
7f51288ed000-7f51288f4000 r--s 00049000 08:01 10226120                   /opt/android-studio/gradle/gradle-2.14.1/lib/plugins/httpcore-4.4.4.jar
7f51288f4000-7f51288fa000 r--s 00033000 08:01 10226065                   /opt/android-studio/gradle/gradle-2.14.1/lib/plugins/commons-codec-1.6.jar
7f51288fa000-7f51288fd000 r--s 0001c000 08:01 10226060                   /opt/android-studio/gradle/gradle-2.14.1/lib/plugins/nekohtml-1.9.14.jar
7f51288fd000-7f512890a000 r--s 000a4000 08:01 10226157                   /opt/android-studio/gradle/gradle-2.14.1/lib/plugins/httpclient-4.4.1.jar
7f512890a000-7f512890c000 r--s 0000a000 08:01 10226047                   /opt/android-studio/gradle/gradle-2.14.1/lib/plugins/gradle-resources-http-2.14.1.jar
7f512890c000-7f5128910000 r--s 00014000 08:01 10226112                   /opt/android-studio/gradle/gradle-2.14.1/lib/plugins/gradle-plugin-use-2.14.1.jar
7f5128910000-7f5128911000 r--s 00000000 08:01 10226003                   /opt/android-studio/gradle/gradle-2.14.1/lib/gradle-installation-beacon-2.14.1.jar
7f5128911000-7f5128912000 r--s 00007000 08:01 10226075                   /opt/android-studio/gradle/gradle-2.14.1/lib/plugins/wagon-http-shared4-2.4.jar
7f5128912000-7f5128916000 r--s 00033000 08:01 10226148                   /opt/android-studio/gradle/gradle-2.14.1/lib/plugins/plexus-utils-2.0.6.jar
7f5128916000-7f512891a000 r--s 00021000 08:01 10226111                   /opt/android-studio/gradle/gradle-2.14.1/lib/plugins/maven-model-builder-3.0.4.jar
7f512891a000-7f512891b000 r--s 00002000 08:01 10226064                   /opt/android-studio/gradle/gradle-2.14.1/lib/plugins/wagon-file-2.4.jar
7f512891b000-7f512891d000 r--s 00002000 08:01 10226140                   /opt/android-studio/gradle/gradle-2.14.1/lib/plugins/plexus-cipher-1.7.jar
7f512891d000-7f5128920000 r--s 00013000 08:01 10226176                   /opt/android-studio/gradle/gradle-2.14.1/lib/plugins/aether-api-1.13.1.jar
7f5128920000-7f5128922000 r--s 0000a000 08:01 10226080                   /opt/android-studio/gradle/gradle-2.14.1/lib/plugins/maven-settings-3.0.4.jar
7f5128922000-7f5128924000 r--s 0000d000 08:01 10226113                   /opt/android-studio/gradle/gradle-2.14.1/lib/plugins/plexus-interpolation-1.14.jar
7f5128924000-7f5128926000 r--s 0000b000 08:01 10226155                   /opt/android-studio/gradle/gradle-2.14.1/lib/plugins/maven-artifact-3.0.4.jar
7f5128926000-7f512892d000 r--s 0002e000 08:01 10226072                   /opt/android-studio/gradle/gradle-2.14.1/lib/plugins/plexus-container-default-1.5.5.jar
7f512892d000-7f512892f000 r--s 0000b000 08:01 10226100                   /opt/android-studio/gradle/gradle-2.14.1/lib/plugins/maven-plugin-api-3.0.4.jar
7f512892f000-7f5128931000 r--s 00000000 08:01 10226103                   /opt/android-studio/gradle/gradle-2.14.1/lib/plugins/plexus-component-annotations-1.5.5.jar
7f5128931000-7f5128937000 r--s 0003f000 08:01 10226114                   /opt/android-studio/gradle/gradle-2.14.1/lib/plugins/maven-compat-3.0.4.jar
7f5128937000-7f512893a000 r--s 00008000 08:01 10226088                   /opt/android-studio/gradle/gradle-2.14.1/lib/plugins/maven-settings-builder-3.0.4.jar
7f512893a000-7f512893b000 r--s 00002000 08:01 10226044                   /opt/android-studio/gradle/gradle-2.14.1/lib/plugins/wagon-http-2.4.jar
7f512893b000-7f512893d000 r--s 00026000 08:01 10226174                   /opt/android-studio/gradle/gradle-2.14.1/lib/plugins/maven-model-3.0.4.jar
7f512893d000-7f512893f000 r--s 00006000 08:01 10226151                   /opt/android-studio/gradle/gradle-2.14.1/lib/plugins/aether-connector-wagon-1.13.1.jar
7f512893f000-7f5128941000 r--s 0000a000 08:01 10226073                   /opt/android-studio/gradle/gradle-2.14.1/lib/plugins/plexus-classworlds-2.4.jar
7f5128941000-7f5128943000 r--s 00006000 08:01 10226116                   /opt/android-studio/gradle/gradle-2.14.1/lib/plugins/maven-repository-metadata-3.0.4.jar
7f5128943000-7f5128945000 r--s 0000c000 08:01 10226092                   /opt/android-studio/gradle/gradle-2.14.1/lib/plugins/maven-aether-provider-3.0.4.jar
7f5128945000-7f5128947000 r--s 0000b000 08:01 10226082                   /opt/android-studio/gradle/gradle-2.14.1/lib/plugins/wagon-provider-api-2.4.jar
7f5128947000-7f5128948000 r--s 00003000 08:01 10226048                   /opt/android-studio/gradle/gradle-2.14.1/lib/plugins/aether-spi-1.13.1.jar
7f5128948000-7f512894c000 r--s 0001c000 08:01 10226165                   /opt/android-studio/gradle/gradle-2.14.1/lib/plugins/aether-util-1.13.1.jar
7f512894c000-7f512894f000 r--s 0001d000 08:01 10226110                   /opt/android-studio/gradle/gradle-2.14.1/lib/plugins/aether-impl-1.13.1.jar
7f512894f000-7f5128954000 r--s 00040000 08:01 10226050                   /opt/android-studio/gradle/gradle-2.14.1/lib/plugins/jsch-0.1.53.jar
7f5128954000-7f5128994000 r--s 00277000 08:01 10226054                   /opt/android-studio/gradle/gradle-2.14.1/lib/plugins/bcprov-jdk15on-1.51.jar
7f5128994000-7f51289a0000 r--s 0007d000 08:01 10226119                   /opt/android-studio/gradle/gradle-2.14.1/lib/plugins/maven-core-3.0.4.jar
7f51289a0000-7f51289bc000 r--s 000d3000 08:01 10226094                   /opt/android-studio/gradle/gradle-2.14.1/lib/plugins/gradle-dependency-management-2.14.1.jar
7f51289bc000-7f51289d1000 r-xp 00000000 08:01 2625402                    /lib/x86_64-linux-gnu/libgcc_s.so.1
7f51289d1000-7f5128bd0000 ---p 00015000 08:01 2625402                    /lib/x86_64-linux-gnu/libgcc_s.so.1
7f5128bd0000-7f5128bd1000 r--p 00014000 08:01 2625402                    /lib/x86_64-linux-gnu/libgcc_s.so.1
7f5128bd1000-7f5128bd2000 rw-p 00015000 08:01 2625402                    /lib/x86_64-linux-gnu/libgcc_s.so.1
7f5128bd2000-7f5128cb4000 r-xp 00000000 08:01 13114888                   /usr/lib/x86_64-linux-gnu/libstdc++.so.6.0.16
7f5128cb4000-7f5128eb3000 ---p 000e2000 08:01 13114888                   /usr/lib/x86_64-linux-gnu/libstdc++.so.6.0.16
7f5128eb3000-7f5128ebb000 r--p 000e1000 08:01 13114888                   /usr/lib/x86_64-linux-gnu/libstdc++.so.6.0.16
7f5128ebb000-7f5128ebd000 rw-p 000e9000 08:01 13114888                   /usr/lib/x86_64-linux-gnu/libstdc++.so.6.0.16
7f5128ebd000-7f5128ed2000 rw-p 00000000 00:00 0 
7f5128ed2000-7f5128ed3000 r--s 00006000 08:01 10226117                   /opt/android-studio/gradle/gradle-2.14.1/lib/plugins/plexus-sec-dispatcher-1.3.jar
7f5128ed3000-7f5128ed7000 r--s 0001d000 08:01 10226095                   /opt/android-studio/gradle/gradle-2.14.1/lib/plugins/xbean-reflect-3.4.jar
7f5128ed7000-7f5128edc000 r--s 0002a000 08:01 10226089                   /opt/android-studio/gradle/gradle-2.14.1/lib/plugins/gson-2.2.4.jar
7f5128edc000-7f5128eeb000 r--s 000d9000 08:01 10226070                   /opt/android-studio/gradle/gradle-2.14.1/lib/plugins/ivy-2.2.0.jar
7f5128eeb000-7f5128eef000 r-xp 00000000 08:01 10620998                   /root/.gradle/native/19/linux-amd64/libnative-platform.so
7f5128eef000-7f51290ee000 ---p 00004000 08:01 10620998                   /root/.gradle/native/19/linux-amd64/libnative-platform.so
7f51290ee000-7f51290ef000 rw-p 00003000 08:01 10620998                   /root/.gradle/native/19/linux-amd64/libnative-platform.so
7f51290ef000-7f5129100000 r-xp 00000000 08:01 13766351                   /usr/lib/jvm/java-8-oracle/jre/lib/amd64/libnio.so
7f5129100000-7f51292ff000 ---p 00011000 08:01 13766351                   /usr/lib/jvm/java-8-oracle/jre/lib/amd64/libnio.so
7f51292ff000-7f5129300000 rw-p 00010000 08:01 13766351                   /usr/lib/jvm/java-8-oracle/jre/lib/amd64/libnio.so
7f5129300000-7f5129316000 r-xp 00000000 08:01 13766365                   /usr/lib/jvm/java-8-oracle/jre/lib/amd64/libnet.so
7f5129316000-7f5129516000 ---p 00016000 08:01 13766365                   /usr/lib/jvm/java-8-oracle/jre/lib/amd64/libnet.so
7f5129516000-7f5129517000 rw-p 00016000 08:01 13766365                   /usr/lib/jvm/java-8-oracle/jre/lib/amd64/libnet.so
7f5129517000-7f5129519000 r--s 00005000 08:01 10226013                   /opt/android-studio/gradle/gradle-2.14.1/lib/gradle-wrapper-2.14.1.jar
7f5129519000-7f5129527000 r--s 0004f000 08:01 10225998                   /opt/android-studio/gradle/gradle-2.14.1/lib/gradle-tooling-api-2.14.1.jar
7f5129527000-7f5129529000 r--s 00002000 08:01 10226002                   /opt/android-studio/gradle/gradle-2.14.1/lib/gradle-open-api-2.14.1.jar
7f5129529000-7f512952f000 r--s 00032000 08:01 10226036                   /opt/android-studio/gradle/gradle-2.14.1/lib/jaxen-1.1.jar
7f512952f000-7f5129534000 r--s 00048000 08:01 10226001                   /opt/android-studio/gradle/gradle-2.14.1/lib/dom4j-1.6.1.jar
7f5129534000-7f512953f000 r--s 00059000 08:01 10226030                   /opt/android-studio/gradle/gradle-2.14.1/lib/gradle-ui-2.14.1.jar
7f512953f000-7f5129542000 r--s 0000b000 08:01 10226178                   /opt/android-studio/gradle/gradle-2.14.1/lib/gradle-resources-2.14.1.jar
7f5129542000-7f5129544000 r--s 00003000 08:01 10226039                   /opt/android-studio/gradle/gradle-2.14.1/lib/jcl-over-slf4j-1.7.10.jar
7f5129544000-7f5129545000 r--s 00005000 08:01 10226033                   /opt/android-studio/gradle/gradle-2.14.1/lib/log4j-over-slf4j-1.7.10.jar
7f5129545000-7f5129547000 r--s 00000000 08:01 10226179                   /opt/android-studio/gradle/gradle-2.14.1/lib/jul-to-slf4j-1.7.10.jar
7f5129547000-7f512954c000 r--s 0001c000 08:01 10226011                   /opt/android-studio/gradle/gradle-2.14.1/lib/gradle-logging-2.14.1.jar
7f512954c000-7f512954e000 r--s 00007000 08:01 10226042                   /opt/android-studio/gradle/gradle-2.14.1/lib/objenesis-1.2.jar
7f512954e000-7f5129550000 r--s 00000000 08:01 10226006                   /opt/android-studio/gradle/gradle-2.14.1/lib/minlog-1.2.jar
7f5129550000-7f5129552000 r--s 0000f000 08:01 10226017                   /opt/android-studio/gradle/gradle-2.14.1/lib/reflectasm-1.07-shaded.jar
7f5129552000-7f5129556000 r--s 00026000 08:01 10226031                   /opt/android-studio/gradle/gradle-2.14.1/lib/kryo-2.20.jar
7f5129556000-7f512955c000 r--s 00025000 08:01 10226000                   /opt/android-studio/gradle/gradle-2.14.1/lib/gradle-messaging-2.14.1.jar
7f512955c000-7f512955d000 r--s 00003000 08:01 10226038                   /opt/android-studio/gradle/gradle-2.14.1/lib/native-platform-freebsd-amd64-0.10.jar
7f512955d000-7f512955e000 r--s 00003000 08:01 10226020                   /opt/android-studio/gradle/gradle-2.14.1/lib/native-platform-freebsd-i386-0.10.jar
7f512955e000-7f512955f000 r--s 00005000 08:01 10226008                   /opt/android-studio/gradle/gradle-2.14.1/lib/native-platform-windows-i386-0.10.jar
7f512955f000-7f5129560000 r--s 00005000 08:01 10226007                   /opt/android-studio/gradle/gradle-2.14.1/lib/native-platform-windows-amd64-0.10.jar
7f5129560000-7f5129561000 r--s 00003000 08:01 10226021                   /opt/android-studio/gradle/gradle-2.14.1/lib/native-platform-linux-i386-0.10.jar
7f5129561000-7f5129562000 r--s 00003000 08:01 10226005                   /opt/android-studio/gradle/gradle-2.14.1/lib/native-platform-linux-amd64-0.10.jar
7f5129562000-7f5129563000 r--s 00002000 08:01 10226004                   /opt/android-studio/gradle/gradle-2.14.1/lib/native-platform-osx-amd64-0.10.jar
7f5129563000-7f5129564000 r--s 00002000 08:01 10226034                   /opt/android-studio/gradle/gradle-2.14.1/lib/native-platform-osx-i386-0.10.jar
7f5129564000-7f5129566000 r--s 00008000 08:01 10226035                   /opt/android-studio/gradle/gradle-2.14.1/lib/jansi-1.2.1.jar
7f5129566000-7f5129569000 r--s 0000d000 08:01 10226029                   /opt/android-studio/gradle/gradle-2.14.1/lib/native-platform-0.10.jar
7f5129569000-7f512956d000 r--s 000e4000 08:01 10226028                   /opt/android-studio/gradle/gradle-2.14.1/lib/jna-3.2.7.jar
7f512956d000-7f512957c000 r--s 00080000 08:01 10226026                   /opt/android-studio/gradle/gradle-2.14.1/lib/gradle-model-core-2.14.1.jar
7f512957c000-7f51295eb000 r--s 0063e000 08:01 10226182                   /opt/android-studio/gradle/gradle-2.14.1/lib/groovy-all-2.4.4.jar
7f51295eb000-7f5129613000 r--s 001cf000 08:01 10226014                   /opt/android-studio/gradle/gradle-2.14.1/lib/guava-jdk5-17.0.jar
7f5129613000-7f5129632000 r--s 001d1000 08:01 10226012                   /opt/android-studio/gradle/gradle-2.14.1/lib/ant-1.9.6.jar
7f5129632000-7f5129633000 ---p 00000000 00:00 0 
7f5129633000-7f5129733000 rw-p 00000000 00:00 0                          [stack:15990]
7f5129733000-7f5129736000 ---p 00000000 00:00 0 
7f5129736000-7f5129834000 rw-p 00000000 00:00 0                          [stack:15989]
7f5129834000-7f5129837000 ---p 00000000 00:00 0 
7f5129837000-7f5129935000 rw-p 00000000 00:00 0                          [stack:15988]
7f5129935000-7f5129938000 ---p 00000000 00:00 0 
7f5129938000-7f5129a36000 rw-p 00000000 00:00 0                          [stack:15987]
7f5129a36000-7f5129a39000 ---p 00000000 00:00 0 
7f5129a39000-7f5129b37000 rw-p 00000000 00:00 0                          [stack:15986]
7f5129b37000-7f512a21b000 r--p 00000000 08:01 13113697                   /usr/lib/locale/locale-archive
7f512a21b000-7f512a21e000 ---p 00000000 00:00 0 
7f512a21e000-7f512a31c000 rw-p 00000000 00:00 0                          [stack:15985]
7f512a31c000-7f512a31f000 ---p 00000000 00:00 0 
7f512a31f000-7f512a41d000 rw-p 00000000 00:00 0                          [stack:15984]
7f512a41d000-7f512a41e000 ---p 00000000 00:00 0 
7f512a41e000-7f512ae27000 rw-p 00000000 00:00 0                          [stack:15983]
7f512ae27000-7f512b000000 r--s 03d29000 08:01 13118676                   /usr/lib/jvm/java-8-oracle/jre/lib/rt.jar
7f512b000000-7f512d000000 rw-p 00000000 00:00 0 
7f512d000000-7f512d9f0000 rwxp 00000000 00:00 0 
7f512d9f0000-7f513c000000 ---p 00000000 00:00 0 
7f513c000000-7f513cb66000 rw-p 00000000 00:00 0 
7f513cb66000-7f5140000000 ---p 00000000 00:00 0 
7f5140000000-7f5140002000 r--s 00009000 08:01 10226040                   /opt/android-studio/gradle/gradle-2.14.1/lib/gradle-native-2.14.1.jar
7f5140002000-7f5140004000 r--s 00005000 08:01 10226041                   /opt/android-studio/gradle/gradle-2.14.1/lib/gradle-cli-2.14.1.jar
7f5140004000-7f5140006000 r--s 00007000 08:01 10226010                   /opt/android-studio/gradle/gradle-2.14.1/lib/gradle-model-groovy-2.14.1.jar
7f5140006000-7f5140007000 r--s 00006000 08:01 10226025                   /opt/android-studio/gradle/gradle-2.14.1/lib/gradle-base-services-groovy-2.14.1.jar
7f5140007000-7f5140008000 r--s 00002000 08:01 10226018                   /opt/android-studio/gradle/gradle-2.14.1/lib/gradle-docs-2.14.1.jar
7f5140008000-7f514000c000 r--s 00027000 08:01 10226032                   /opt/android-studio/gradle/gradle-2.14.1/lib/commons-io-2.2.jar
7f514000c000-7f5140019000 r--s 00083000 08:01 10226180                   /opt/android-studio/gradle/gradle-2.14.1/lib/commons-collections-3.2.2.jar
7f5140019000-7f514001e000 r--s 00038000 08:01 10226022                   /opt/android-studio/gradle/gradle-2.14.1/lib/asm-all-5.1.jar
7f514001e000-7f5140026000 r--s 0003a000 08:01 10226023                   /opt/android-studio/gradle/gradle-2.14.1/lib/gradle-base-services-2.14.1.jar
7f5140026000-7f514005d000 r--s 001bd000 08:01 10226015                   /opt/android-studio/gradle/gradle-2.14.1/lib/gradle-core-2.14.1.jar
7f514005d000-7f5140b43000 rw-p 00000000 00:00 0 
7f5140b43000-7f5140b44000 ---p 00000000 00:00 0 
7f5140b44000-7f5140c44000 rw-p 00000000 00:00 0                          [stack:15982]
7f5140c44000-7f5140c45000 ---p 00000000 00:00 0 
7f5140c45000-7f5140d57000 rw-p 00000000 00:00 0                          [stack:15981]
7f5140d57000-7f5140e9b000 ---p 00000000 00:00 0 
7f5140e9b000-7f5140ead000 rw-p 00000000 00:00 0 
7f5140ead000-7f5140ff0000 ---p 00000000 00:00 0 
7f5140ff0000-7f5141028000 rw-p 00000000 00:00 0 
7f5141028000-7f514109b000 ---p 00000000 00:00 0 
7f514109b000-7f51410c4000 rw-p 00000000 00:00 0 
7f51410c4000-7f514145c000 ---p 00000000 00:00 0 
7f514145c000-7f5141476000 r-xp 00000000 08:01 13766358                   /usr/lib/jvm/java-8-oracle/jre/lib/amd64/libzip.so
7f5141476000-7f5141676000 ---p 0001a000 08:01 13766358                   /usr/lib/jvm/java-8-oracle/jre/lib/amd64/libzip.so
7f5141676000-7f5141677000 rw-p 0001a000 08:01 13766358                   /usr/lib/jvm/java-8-oracle/jre/lib/amd64/libzip.so
7f5141677000-7f5141682000 r-xp 00000000 08:01 2621673                    /lib/x86_64-linux-gnu/libnss_files-2.15.so
7f5141682000-7f5141881000 ---p 0000b000 08:01 2621673                    /lib/x86_64-linux-gnu/libnss_files-2.15.so
7f5141881000-7f5141882000 r--p 0000a000 08:01 2621673                    /lib/x86_64-linux-gnu/libnss_files-2.15.so
7f5141882000-7f5141883000 rw-p 0000b000 08:01 2621673                    /lib/x86_64-linux-gnu/libnss_files-2.15.so
7f5141883000-7f514188d000 r-xp 00000000 08:01 2621658                    /lib/x86_64-linux-gnu/libnss_nis-2.15.so
7f514188d000-7f5141a8d000 ---p 0000a000 08:01 2621658                    /lib/x86_64-linux-gnu/libnss_nis-2.15.so
7f5141a8d000-7f5141a8e000 r--p 0000a000 08:01 2621658                    /lib/x86_64-linux-gnu/libnss_nis-2.15.so
7f5141a8e000-7f5141a8f000 rw-p 0000b000 08:01 2621658                    /lib/x86_64-linux-gnu/libnss_nis-2.15.so
7f5141a8f000-7f5141aa6000 r-xp 00000000 08:01 2621667                    /lib/x86_64-linux-gnu/libnsl-2.15.so
7f5141aa6000-7f5141ca5000 ---p 00017000 08:01 2621667                    /lib/x86_64-linux-gnu/libnsl-2.15.so
7f5141ca5000-7f5141ca6000 r--p 00016000 08:01 2621667                    /lib/x86_64-linux-gnu/libnsl-2.15.so
7f5141ca6000-7f5141ca7000 rw-p 00017000 08:01 2621667                    /lib/x86_64-linux-gnu/libnsl-2.15.so
7f5141ca7000-7f5141ca9000 rw-p 00000000 00:00 0 
7f5141ca9000-7f5141cb1000 r-xp 00000000 08:01 2621672                    /lib/x86_64-linux-gnu/libnss_compat-2.15.so
7f5141cb1000-7f5141eb0000 ---p 00008000 08:01 2621672                    /lib/x86_64-linux-gnu/libnss_compat-2.15.so
7f5141eb0000-7f5141eb1000 r--p 00007000 08:01 2621672                    /lib/x86_64-linux-gnu/libnss_compat-2.15.so
7f5141eb1000-7f5141eb2000 rw-p 00008000 08:01 2621672                    /lib/x86_64-linux-gnu/libnss_compat-2.15.so
7f5141eb2000-7f5141edc000 r-xp 00000000 08:01 13766323                   /usr/lib/jvm/java-8-oracle/jre/lib/amd64/libjava.so
7f5141edc000-7f51420dc000 ---p 0002a000 08:01 13766323                   /usr/lib/jvm/java-8-oracle/jre/lib/amd64/libjava.so
7f51420dc000-7f51420de000 rw-p 0002a000 08:01 13766323                   /usr/lib/jvm/java-8-oracle/jre/lib/amd64/libjava.so
7f51420de000-7f51420eb000 r-xp 00000000 08:01 13766361                   /usr/lib/jvm/java-8-oracle/jre/lib/amd64/libverify.so
7f51420eb000-7f51422eb000 ---p 0000d000 08:01 13766361                   /usr/lib/jvm/java-8-oracle/jre/lib/amd64/libverify.so
7f51422eb000-7f51422ed000 rw-p 0000d000 08:01 13766361                   /usr/lib/jvm/java-8-oracle/jre/lib/amd64/libverify.so
7f51422ed000-7f51422f4000 r-xp 00000000 08:01 2621660                    /lib/x86_64-linux-gnu/librt-2.15.so
7f51422f4000-7f51424f3000 ---p 00007000 08:01 2621660                    /lib/x86_64-linux-gnu/librt-2.15.so
7f51424f3000-7f51424f4000 r--p 00006000 08:01 2621660                    /lib/x86_64-linux-gnu/librt-2.15.so
7f51424f4000-7f51424f5000 rw-p 00007000 08:01 2621660                    /lib/x86_64-linux-gnu/librt-2.15.so
7f51424f5000-7f51425f0000 r-xp 00000000 08:01 2621674                    /lib/x86_64-linux-gnu/libm-2.15.so
7f51425f0000-7f51427ef000 ---p 000fb000 08:01 2621674                    /lib/x86_64-linux-gnu/libm-2.15.so
7f51427ef000-7f51427f0000 r--p 000fa000 08:01 2621674                    /lib/x86_64-linux-gnu/libm-2.15.so
7f51427f0000-7f51427f1000 rw-p 000fb000 08:01 2621674                    /lib/x86_64-linux-gnu/libm-2.15.so
7f51427f1000-7f51434bc000 r-xp 00000000 08:01 13894575                   /usr/lib/jvm/java-8-oracle/jre/lib/amd64/server/libjvm.so
7f51434bc000-7f51436bb000 ---p 00ccb000 08:01 13894575                   /usr/lib/jvm/java-8-oracle/jre/lib/amd64/server/libjvm.so
7f51436bb000-7f5143794000 rw-p 00cca000 08:01 13894575                   /usr/lib/jvm/java-8-oracle/jre/lib/amd64/server/libjvm.so
7f5143794000-7f51437df000 rw-p 00000000 00:00 0 
7f51437df000-7f5143993000 r-xp 00000000 08:01 2621665                    /lib/x86_64-linux-gnu/libc-2.15.so
7f5143993000-7f5143b92000 ---p 001b4000 08:01 2621665                    /lib/x86_64-linux-gnu/libc-2.15.so
7f5143b92000-7f5143b96000 r--p 001b3000 08:01 2621665                    /lib/x86_64-linux-gnu/libc-2.15.so
7f5143b96000-7f5143b98000 rw-p 001b7000 08:01 2621665                    /lib/x86_64-linux-gnu/libc-2.15.so
7f5143b98000-7f5143b9d000 rw-p 00000000 00:00 0 
7f5143b9d000-7f5143b9f000 r-xp 00000000 08:01 2621657                    /lib/x86_64-linux-gnu/libdl-2.15.so
7f5143b9f000-7f5143d9f000 ---p 00002000 08:01 2621657                    /lib/x86_64-linux-gnu/libdl-2.15.so
7f5143d9f000-7f5143da0000 r--p 00002000 08:01 2621657                    /lib/x86_64-linux-gnu/libdl-2.15.so
7f5143da0000-7f5143da1000 rw-p 00003000 08:01 2621657                    /lib/x86_64-linux-gnu/libdl-2.15.so
7f5143da1000-7f5143db6000 r-xp 00000000 08:01 2627921                    /usr/lib/jvm/java-8-oracle/lib/amd64/jli/libjli.so
7f5143db6000-7f5143fb6000 ---p 00015000 08:01 2627921                    /usr/lib/jvm/java-8-oracle/lib/amd64/jli/libjli.so
7f5143fb6000-7f5143fb7000 rw-p 00015000 08:01 2627921                    /usr/lib/jvm/java-8-oracle/lib/amd64/jli/libjli.so
7f5143fb7000-7f5143fcf000 r-xp 00000000 08:01 2621668                    /lib/x86_64-linux-gnu/libpthread-2.15.so
7f5143fcf000-7f51441ce000 ---p 00018000 08:01 2621668                    /lib/x86_64-linux-gnu/libpthread-2.15.so
7f51441ce000-7f51441cf000 r--p 00017000 08:01 2621668                    /lib/x86_64-linux-gnu/libpthread-2.15.so
7f51441cf000-7f51441d0000 rw-p 00018000 08:01 2621668                    /lib/x86_64-linux-gnu/libpthread-2.15.so
7f51441d0000-7f51441d4000 rw-p 00000000 00:00 0 
7f51441d4000-7f51441f6000 r-xp 00000000 08:01 2621671                    /lib/x86_64-linux-gnu/ld-2.15.so
7f51441f6000-7f51441f7000 r--s 00000000 08:01 10226181                   /opt/android-studio/gradle/gradle-2.14.1/lib/javax.inject-1.jar
7f51441f7000-7f51441f8000 r--s 00000000 08:01 10226016                   /opt/android-studio/gradle/gradle-2.14.1/lib/jcip-annotations-1.0.jar
7f51441f8000-7f51441fd000 r--s 00041000 08:01 10226024                   /opt/android-studio/gradle/gradle-2.14.1/lib/commons-lang-2.6.jar
7f51441fd000-7f51442d6000 rw-p 00000000 00:00 0 
7f51442d6000-7f51442d9000 ---p 00000000 00:00 0 
7f51442d9000-7f51443db000 rw-p 00000000 00:00 0                          [stack:15979]
7f51443db000-7f51443dc000 r--s 00001000 08:01 10226037                   /opt/android-studio/gradle/gradle-2.14.1/lib/gradle-process-services-2.14.1.jar
7f51443dc000-7f51443dd000 r--s 00000000 08:01 10225999                   /opt/android-studio/gradle/gradle-2.14.1/lib/gradle-jvm-services-2.14.1.jar
7f51443dd000-7f51443de000 r--s 00007000 08:01 10226009                   /opt/android-studio/gradle/gradle-2.14.1/lib/slf4j-api-1.7.10.jar
7f51443de000-7f51443df000 r--s 00004000 08:01 10226027                   /opt/android-studio/gradle/gradle-2.14.1/lib/ant-launcher-1.9.6.jar
7f51443df000-7f51443ea000 r--s 00051000 08:01 10226019                   /opt/android-studio/gradle/gradle-2.14.1/lib/gradle-launcher-2.14.1.jar
7f51443ea000-7f51443f2000 rw-s 00000000 08:01 4850489                    /tmp/hsperfdata_root/15977
7f51443f2000-7f51443f3000 rw-p 00000000 00:00 0 
7f51443f3000-7f51443f4000 r--p 00000000 00:00 0 
7f51443f4000-7f51443f6000 rw-p 00000000 00:00 0 
7f51443f6000-7f51443f7000 r--p 00022000 08:01 2621671                    /lib/x86_64-linux-gnu/ld-2.15.so
7f51443f7000-7f51443f9000 rw-p 00023000 08:01 2621671                    /lib/x86_64-linux-gnu/ld-2.15.so
7ffee373c000-7ffee375d000 rw-p 00000000 00:00 0                          [stack]
7ffee37da000-7ffee37dc000 r-xp 00000000 00:00 0                          [vdso]
ffffffffff600000-ffffffffff601000 r-xp 00000000 00:00 0                  [vsyscall]

VM Arguments:
jvm_args: -XX:MaxPermSize=256m -XX:+HeapDumpOnOutOfMemoryError -Xmx1024m -Dfile.encoding=UTF-8 -Duser.country=US -Duser.language=en -Duser.variant 
java_command: org.gradle.launcher.daemon.bootstrap.GradleDaemon 2.14.1
java_class_path (initial): /opt/android-studio/gradle/gradle-2.14.1/lib/gradle-launcher-2.14.1.jar
Launcher Type: SUN_STANDARD

Environment Variables:
PATH=/usr/local/sbin:/usr/local/bin:/usr/sbin:/usr/bin:/sbin:/bin
USERNAME=root
LD_LIBRARY_PATH=/opt/android-studio/bin:
SHELL=/bin/bash
DISPLAY=:0.0

Signal Handlers:
SIGSEGV: [libjvm.so+0xac4790], sa_mask[0]=11111111011111111101111111111110, sa_flags=SA_RESTART|SA_SIGINFO
SIGBUS: [libjvm.so+0xac4790], sa_mask[0]=11111111011111111101111111111110, sa_flags=SA_RESTART|SA_SIGINFO
SIGFPE: [libjvm.so+0x91f140], sa_mask[0]=11111111011111111101111111111110, sa_flags=SA_RESTART|SA_SIGINFO
SIGPIPE: [libjvm.so+0x91f140], sa_mask[0]=11111111011111111101111111111110, sa_flags=SA_RESTART|SA_SIGINFO
SIGXFSZ: [libjvm.so+0x91f140], sa_mask[0]=11111111011111111101111111111110, sa_flags=SA_RESTART|SA_SIGINFO
SIGILL: [libjvm.so+0x91f140], sa_mask[0]=11111111011111111101111111111110, sa_flags=SA_RESTART|SA_SIGINFO
SIGUSR1: SIG_DFL, sa_mask[0]=00000000000000000000000000000000, sa_flags=none
SIGUSR2: [libjvm.so+0x920770], sa_mask[0]=00100000000000000000000000000000, sa_flags=SA_RESTART|SA_SIGINFO
SIGHUP: [libjvm.so+0x921b70], sa_mask[0]=11111111011111111101111111111110, sa_flags=SA_RESTART|SA_SIGINFO
SIGINT: [libjvm.so+0x921b70], sa_mask[0]=11111111011111111101111111111110, sa_flags=SA_RESTART|SA_SIGINFO
SIGTERM: [libjvm.so+0x921b70], sa_mask[0]=11111111011111111101111111111110, sa_flags=SA_RESTART|SA_SIGINFO
SIGQUIT: [libjvm.so+0x921b70], sa_mask[0]=11111111011111111101111111111110, sa_flags=SA_RESTART|SA_SIGINFO


---------------  S Y S T E M  ---------------

OS:DISTRIB_ID=Ubuntu
DISTRIB_RELEASE=12.04
DISTRIB_CODENAME=precise
DISTRIB_DESCRIPTION="Ubuntu 12.04.5 LTS"

uname:Linux 3.13.0-95-generic #142~precise1-Ubuntu SMP Fri Aug 12 18:20:15 UTC 2016 x86_64
libc:glibc 2.15 NPTL 2.15 
rlimit: STACK 8192k, CORE 0k, NPROC 22873, NOFILE 4096, AS infinity
load average:6.38 7.27 4.74

/proc/meminfo:
MemTotal:        2948840 kB
MemFree:          142732 kB
Buffers:           25500 kB
Cached:           860872 kB
SwapCached:        45756 kB
Active:          1802116 kB
Inactive:         812660 kB
Active(anon):    1406136 kB
Inactive(anon):   497736 kB
Active(file):     395980 kB
Inactive(file):   314924 kB
Unevictable:           0 kB
Mlocked:               0 kB
SwapTotal:       3008508 kB
SwapFree:        2748336 kB
Dirty:              1244 kB
Writeback:             0 kB
AnonPages:       1714668 kB
Mapped:           238884 kB
Shmem:            175568 kB
Slab:             105036 kB
SReclaimable:      75492 kB
SUnreclaim:        29544 kB
KernelStack:        4384 kB
PageTables:        32760 kB
NFS_Unstable:          0 kB
Bounce:                0 kB
WritebackTmp:          0 kB
CommitLimit:     4482928 kB
Committed_AS:    4726048 kB
VmallocTotal:   34359738367 kB
VmallocUsed:      346464 kB
VmallocChunk:   34359383644 kB
HardwareCorrupted:     0 kB
AnonHugePages:    794624 kB
HugePages_Total:       0
HugePages_Free:        0
HugePages_Rsvd:        0
HugePages_Surp:        0
Hugepagesize:       2048 kB
DirectMap4k:       67972 kB
DirectMap2M:     2942976 kB


CPU:total 2 (2 cores per cpu, 1 threads per core) family 6 model 15 stepping 13, cmov, cx8, fxsr, mmx, sse, sse2, sse3, ssse3, tsc

/proc/cpuinfo:
processor	: 0
vendor_id	: GenuineIntel
cpu family	: 6
model		: 15
model name	: Genuine Intel(R) CPU           T1600  @ 1.66GHz
stepping	: 13
microcode	: 0xa3
cpu MHz		: 1662.438
cache size	: 1024 KB
physical id	: 0
siblings	: 2
core id		: 0
cpu cores	: 2
apicid		: 0
initial apicid	: 0
fpu		: yes
fpu_exception	: yes
cpuid level	: 10
wp		: yes
flags		: fpu vme de pse tsc msr pae mce cx8 apic sep mtrr pge mca cmov pat pse36 clflush dts acpi mmx fxsr sse sse2 ss ht tm pbe syscall nx lm constant_tsc arch_perfmon pebs bts rep_good nopl aperfmperf pni dtes64 monitor ds_cpl tm2 ssse3 cx16 xtpr pdcm lahf_lm dtherm
bogomips	: 3324.87
clflush size	: 64
cache_alignment	: 64
address sizes	: 36 bits physical, 48 bits virtual
power management:

processor	: 1
vendor_id	: GenuineIntel
cpu family	: 6
model		: 15
model name	: Genuine Intel(R) CPU           T1600  @ 1.66GHz
stepping	: 13
microcode	: 0xa3
cpu MHz		: 1662.438
cache size	: 1024 KB
physical id	: 0
siblings	: 2
core id		: 1
cpu cores	: 2
apicid		: 1
initial apicid	: 1
fpu		: yes
fpu_exception	: yes
cpuid level	: 10
wp		: yes
flags		: fpu vme de pse tsc msr pae mce cx8 apic sep mtrr pge mca cmov pat pse36 clflush dts acpi mmx fxsr sse sse2 ss ht tm pbe syscall nx lm constant_tsc arch_perfmon pebs bts rep_good nopl aperfmperf pni dtes64 monitor ds_cpl tm2 ssse3 cx16 xtpr pdcm lahf_lm dtherm
bogomips	: 3324.87
clflush size	: 64
cache_alignment	: 64
address sizes	: 36 bits physical, 48 bits virtual
power management:



Memory: 4k page, physical 2948840k(142732k free), swap 3008508k(2748336k free)

vm_info: Java HotSpot(TM) 64-Bit Server VM (25.101-b13) for linux-amd64 JRE (1.8.0_101-b13), built on Jun 22 2016 02:59:44 by "java_re" with gcc 4.3.0 20080428 (Red Hat 4.3.0-8)

time: Tue Sep 27 21:17:27 2016
elapsed time: 31 seconds (0d 0h 0m 31s)

