#
# A fatal error has been detected by the Java Runtime Environment:
#
#  SIGSEGV (0xb) at pc=0x00007f6d1201d709, pid=11470, tid=0x00007f6cf8a8d700
#
# JRE version: Java(TM) SE Runtime Environment (8.0_101-b13) (build 1.8.0_101-b13)
# Java VM: Java HotSpot(TM) 64-Bit Server VM (25.101-b13 mixed mode linux-amd64 compressed oops)
# Problematic frame:
# V  [libjvm.so+0x818709]  PhaseIdealLoop::build_loop_late(VectorSet&, Node_List&, Node_Stack&)+0xb9
#
# Failed to write core dump. Core dumps have been disabled. To enable core dumping, try "ulimit -c unlimited" before starting Java again
#
# If you would like to submit a bug report, please visit:
#   http://bugreport.java.com/bugreport/crash.jsp
#

---------------  T H R E A D  ---------------

Current thread (0x00007f6d0c0b4800):  JavaThread "C2 CompilerThread0" daemon [_thread_in_native, id=11480, stack(0x00007f6cf898d000,0x00007f6cf8a8e000)]

siginfo: si_signo: 11 (SIGSEGV), si_code: 128 (SI_KERNEL), si_addr: 0x0000000000000000

Registers:
RAX=0x6172747362412f73, RBX=0x00007f6cf8a886e0, RCX=0x0000000000000000, RDX=0x0000000000000000
RSP=0x00007f6cf8a88400, RBP=0x00007f6cf8a88450, RSI=0x0000000000000000, RDI=0x00007f6cb7fff020
R8 =0x0000000000000000, R9 =0x0000000000726573, R10=0x0000000000000000, R11=0x00007f6d1287dfbd
R12=0x00007f6cb82b7c38, R13=0x00007f6cf8a88720, R14=0x0000000000000001, R15=0x000000000000032b
RIP=0x00007f6d1201d709, EFLAGS=0x0000000000010202, CSGSFS=0x0000000000000033, ERR=0x0000000000000000
  TRAPNO=0x000000000000000d

Top of Stack: (sp=0x00007f6cf8a88400)
0x00007f6cf8a88400:   00007f6c00000002 00007f6ce0edfc50
0x00007f6cf8a88410:   00007f6cf8a88700 00007f6cf8a8a6a0
0x00007f6cf8a88420:   00007f6cf8a8b058 0000000000000001
0x00007f6cf8a88430:   00007f6cd4248000 00007f6cf8a8a6a0
0x00007f6cf8a88440:   00007f6cf8a88700 00007f6d0c0b4cd0
0x00007f6cf8a88450:   00007f6cf8a88770 00007f6d120203a5
0x00007f6cf8a88460:   00007f6cf8a88470 00007f6cf8a88720
0x00007f6cf8a88470:   00007f6cf8a886e0 01007f6d11d63008
0x00007f6cf8a88480:   00007f6cf8a8a6c0 00007f6d00000005
0x00007f6cf8a88490:   00007f6d0c0b4cd0 00007f6c00000004
0x00007f6cf8a884a0:   00007f6cd4272d90 00007f6c00000000
0x00007f6cf8a884b0:   00007f6cd4758d80 00007f6cd423ef30
0x00007f6cf8a884c0:   00007f6d1278b640 00007f6cf8a89c50
0x00007f6cf8a884d0:   00007f6cf8a88500 00007f6d12284384
0x00007f6cf8a884e0:   00007f6ce000aca0 00007f6cb89cb710
0x00007f6cf8a884f0:   00007f6ce000aca0 00007f6cb89cb710
0x00007f6cf8a88500:   00007f6cf8a885c0 00007f6d1228d440
0x00007f6cf8a88510:   00007f6c00000000 0000000000000000
0x00007f6cf8a88520:   00007f6cf8a88550 00007f6d1228bf53
0x00007f6cf8a88530:   0000000000000010 0000000000000080
0x00007f6cf8a88540:   0000000000000002 0000000000010040
0x00007f6cf8a88550:   0000000000000000 0000043000001002
0x00007f6cf8a88560:   0000007e000000db 0000007c00000079
0x00007f6cf8a88570:   0000000000000000 00007f6ce0000020
0x00007f6cf8a88580:   00007f6cf8a88610 0000000000010010
0x00007f6cf8a88590:   0000000000000000 0000000000000000
0x00007f6cf8a885a0:   00007f6cf8a88620 00007f6d12874e85
0x00007f6cf8a885b0:   00007f6cd4758d80 00007f6d1278a158
0x00007f6cf8a885c0:   00007f6cf8a88610 0000000000010010
0x00007f6cf8a885d0:   0000000000000000 00007f6d121203c5
0x00007f6cf8a885e0:   0000000cf8a89c50 00007f6cf8a88620
0x00007f6cf8a885f0:   0000000000010010 00007f6cf8a88620 

Instructions: (pc=0x00007f6d1201d709)
0x00007f6d1201d6e9:   ff 50 20 45 8b 4c 24 20 45 31 f6 45 39 f1 0f 86
0x00007f6d1201d6f9:   83 00 00 00 49 8b 44 24 10 44 89 f2 41 83 c6 01
0x00007f6d1201d709:   4c 8b 04 d0 48 8b 55 c8 41 8b 48 28 3b 4a 28 0f
0x00007f6d1201d719:   82 9a 00 00 00 49 83 78 10 00 0f 84 a3 00 00 00 

Register to memory mapping:

RAX=0x6172747362412f73 is an unknown value
RBX=0x00007f6cf8a886e0 is pointing into the stack for thread: 0x00007f6d0c0b4800
RCX=0x0000000000000000 is an unknown value
RDX=0x0000000000000000 is an unknown value
RSP=0x00007f6cf8a88400 is pointing into the stack for thread: 0x00007f6d0c0b4800
RBP=0x00007f6cf8a88450 is pointing into the stack for thread: 0x00007f6d0c0b4800
RSI=0x0000000000000000 is an unknown value
RDI=0x00007f6cb7fff020 is an unknown value
R8 =0x0000000000000000 is an unknown value
R9 =0x0000000000726573 is an unknown value
R10=0x0000000000000000 is an unknown value
R11=0x00007f6d1287dfbd: <offset 0x8afbd> in /lib/x86_64-linux-gnu/libc.so.6 at 0x00007f6d127f3000
R12=0x00007f6cb82b7c38 is an unknown value
R13=0x00007f6cf8a88720 is pointing into the stack for thread: 0x00007f6d0c0b4800
R14=0x0000000000000001 is an unknown value
R15=0x000000000000032b is an unknown value


Stack: [0x00007f6cf898d000,0x00007f6cf8a8e000],  sp=0x00007f6cf8a88400,  free space=1005k
Native frames: (J=compiled Java code, j=interpreted, Vv=VM code, C=native code)
V  [libjvm.so+0x818709]  PhaseIdealLoop::build_loop_late(VectorSet&, Node_List&, Node_Stack&)+0xb9
V  [libjvm.so+0x81b3a5]  PhaseIdealLoop::build_and_optimize(bool, bool)+0x835
V  [libjvm.so+0x4a25f0]  Compile::Optimize()+0xbe0
V  [libjvm.so+0x4a684b]  Compile::Compile(ciEnv*, C2Compiler*, ciMethod*, int, bool, bool, bool)+0x13cb
V  [libjvm.so+0x3f20a8]  C2Compiler::compile_method(ciEnv*, ciMethod*, int)+0x198
V  [libjvm.so+0x4af61a]  CompileBroker::invoke_compiler_on_method(CompileTask*)+0xc9a
V  [libjvm.so+0x4b05c6]  CompileBroker::compiler_thread_loop()+0x5d6
V  [libjvm.so+0xa7343f]  JavaThread::thread_main_inner()+0xdf
V  [libjvm.so+0xa7356c]  JavaThread::run()+0x11c
V  [libjvm.so+0x924698]  java_start(Thread*)+0x108
C  [libpthread.so.0+0x7e9a]  start_thread+0xda


Current CompileTask:
C2:  17328 2917       4       org.codehaus.groovy.runtime.metaclass.MetaMethodIndex::addMethodToList (290 bytes)


---------------  P R O C E S S  ---------------

Java Threads: ( => current thread )
  0x00007f6cb87f5000 JavaThread "File lock request listener" [_thread_in_native, id=11498, stack(0x00007f6cd1d87000,0x00007f6cd1e88000)]
  0x00007f6cb8711000 JavaThread "process reaper" daemon [_thread_blocked, id=11497, stack(0x00007f6cd2088000,0x00007f6cd20c1000)]
  0x00007f6cb801d000 JavaThread "Stdin handler" [_thread_blocked, id=11494, stack(0x00007f6cd2b3b000,0x00007f6cd2c3c000)]
  0x00007f6cb801e000 JavaThread "Asynchronous log dispatcher for org.gradle.launcher.daemon.server.DefaultDaemonConnection@12dab789" [_thread_blocked, id=11493, stack(0x00007f6cd2c3c000,0x00007f6cd2d3d000)]
  0x00007f6cc400b000 JavaThread "Daemon worker" [_thread_in_native, id=11490, stack(0x00007f6cd2d3d000,0x00007f6cd2e3e000)]
  0x00007f6cc4009000 JavaThread "Cancel handler" [_thread_blocked, id=11489, stack(0x00007f6cd2e3e000,0x00007f6cd2f3f000)]
  0x00007f6cc4003800 JavaThread "Handler for socket connection from /127.0.0.1:33160 to /127.0.0.1:36185" [_thread_in_native, id=11488, stack(0x00007f6cd2f3f000,0x00007f6cd3040000)]
  0x00007f6cc002e000 JavaThread "Daemon" [_thread_blocked, id=11487, stack(0x00007f6cd3040000,0x00007f6cd3141000)]
  0x00007f6d0cbf6800 JavaThread "Incoming local TCP Connector on port 33160" [_thread_in_native, id=11486, stack(0x00007f6cd3348000,0x00007f6cd3449000)]
  0x00007f6d0cbda000 JavaThread "pool-1-thread-1" [_thread_blocked, id=11485, stack(0x00007f6cd3449000,0x00007f6cd354a000)]
  0x00007f6d0c0ba000 JavaThread "Service Thread" daemon [_thread_blocked, id=11482, stack(0x00007f6cf878b000,0x00007f6cf888c000)]
  0x00007f6d0c0b7000 JavaThread "C1 CompilerThread1" daemon [_thread_blocked, id=11481, stack(0x00007f6cf888c000,0x00007f6cf898d000)]
=>0x00007f6d0c0b4800 JavaThread "C2 CompilerThread0" daemon [_thread_in_native, id=11480, stack(0x00007f6cf898d000,0x00007f6cf8a8e000)]
  0x00007f6d0c0b3000 JavaThread "Signal Dispatcher" daemon [_thread_blocked, id=11479, stack(0x00007f6cf8a8e000,0x00007f6cf8b8f000)]
  0x00007f6d0c07f800 JavaThread "Finalizer" daemon [_thread_blocked, id=11478, stack(0x00007f6cf9273000,0x00007f6cf9374000)]
  0x00007f6d0c07b000 JavaThread "Reference Handler" daemon [_thread_blocked, id=11477, stack(0x00007f6cf9374000,0x00007f6cf9475000)]
  0x00007f6d0c00a000 JavaThread "main" [_thread_blocked, id=11473, stack(0x00007f6d132ea000,0x00007f6d133eb000)]

Other Threads:
  0x00007f6d0c073800 VMThread [stack: 0x00007f6cf9475000,0x00007f6cf9576000] [id=11476]
  0x00007f6d0c0bd000 WatcherThread [stack: 0x00007f6cf868a000,0x00007f6cf878b000] [id=11483]

VM state:not at safepoint (normal execution)

VM Mutex/Monitor currently owned by a thread: None

Heap:
 PSYoungGen      total 102912K, used 46516K [0x00000000eab00000, 0x00000000f3480000, 0x0000000100000000)
  eden space 94720K, 40% used [0x00000000eab00000,0x00000000ed070080,0x00000000f0780000)
  from space 8192K, 99% used [0x00000000f1180000,0x00000000f197d178,0x00000000f1980000)
  to   space 10240K, 0% used [0x00000000f0780000,0x00000000f0780000,0x00000000f1180000)
 ParOldGen       total 33280K, used 13875K [0x00000000c0000000, 0x00000000c2080000, 0x00000000eab00000)
  object space 33280K, 41% used [0x00000000c0000000,0x00000000c0d8cc58,0x00000000c2080000)
 Metaspace       used 34332K, capacity 35026K, committed 35456K, reserved 1079296K
  class space    used 4730K, capacity 4905K, committed 4992K, reserved 1048576K

Card table byte_map: [0x00007f6cfcdff000,0x00007f6cfd000000] byte_map_base: 0x00007f6cfc7ff000

Marking Bits: (ParMarkBitMap*) 0x00007f6d127c6120
 Begin Bits: [0x00007f6cfaaa7000, 0x00007f6cfbaa7000)
 End Bits:   [0x00007f6cfbaa7000, 0x00007f6cfcaa7000)

Polling page: 0x00007f6d13407000

CodeCache: size=245760Kb used=10932Kb max_used=10932Kb free=234827Kb
 bounds [0x00007f6cfd000000, 0x00007f6cfdac0000, 0x00007f6d0c000000]
 total_blobs=4181 nmethods=3523 adapters=572
 compilation: enabled

Compilation events (10 events):
Event: 17.263 Thread 0x00007f6d0c0b7000 3743       2       sun.reflect.generics.reflectiveObjects.TypeVariableImpl::toString (5 bytes)
Event: 17.264 Thread 0x00007f6d0c0b7000 nmethod 3743 0x00007f6cfdaaf050 code [0x00007f6cfdaaf1a0, 0x00007f6cfdaaf2f0]
Event: 17.264 Thread 0x00007f6d0c0b7000 3744       1       java.beans.GenericBeanInfo::getEventSetDescriptors (5 bytes)
Event: 17.265 Thread 0x00007f6d0c0b7000 nmethod 3744 0x00007f6cfdaaf390 code [0x00007f6cfdaaf4e0, 0x00007f6cfdaaf5f0]
Event: 17.265 Thread 0x00007f6d0c0b7000 3745       1       java.beans.GenericBeanInfo::getPropertyDescriptors (5 bytes)
Event: 17.265 Thread 0x00007f6d0c0b7000 nmethod 3745 0x00007f6cfdaaf650 code [0x00007f6cfdaaf7a0, 0x00007f6cfdaaf8b0]
Event: 17.292 Thread 0x00007f6d0c0b7000 3746       2       groovyjarjarasm.asm.ClassWriter::a (70 bytes)
Event: 17.293 Thread 0x00007f6d0c0b7000 nmethod 3746 0x00007f6cfdaaf910 code [0x00007f6cfdaafac0, 0x00007f6cfdaafdb8]
Event: 17.296 Thread 0x00007f6d0c0b7000 3747       2       java.lang.ClassLoader::compareCerts (149 bytes)
Event: 17.298 Thread 0x00007f6d0c0b7000 nmethod 3747 0x00007f6cfdaaff90 code [0x00007f6cfdab0140, 0x00007f6cfdab05b8]

GC Heap History (10 events):
Event: 6.471 GC heap before
{Heap before GC invocations=7 (full 0):
 PSYoungGen      total 54784K, used 22957K [0x00000000eab00000, 0x00000000ee800000, 0x0000000100000000)
  eden space 48640K, 36% used [0x00000000eab00000,0x00000000ebc71ba0,0x00000000eda80000)
  from space 6144K, 82% used [0x00000000ee100000,0x00000000ee5f9a38,0x00000000ee700000)
  to   space 6656K, 0% used [0x00000000eda80000,0x00000000eda80000,0x00000000ee100000)
 ParOldGen       total 31744K, used 9046K [0x00000000c0000000, 0x00000000c1f00000, 0x00000000eab00000)
  object space 31744K, 28% used [0x00000000c0000000,0x00000000c08d59d8,0x00000000c1f00000)
 Metaspace       used 20854K, capacity 21240K, committed 21296K, reserved 1067008K
  class space    used 2815K, capacity 2943K, committed 2944K, reserved 1048576K
Event: 6.544 GC heap after
Heap after GC invocations=7 (full 0):
 PSYoungGen      total 55296K, used 5129K [0x00000000eab00000, 0x00000000f1800000, 0x0000000100000000)
  eden space 48640K, 0% used [0x00000000eab00000,0x00000000eab00000,0x00000000eda80000)
  from space 6656K, 77% used [0x00000000eda80000,0x00000000edf825c0,0x00000000ee100000)
  to   space 7168K, 0% used [0x00000000f1100000,0x00000000f1100000,0x00000000f1800000)
 ParOldGen       total 31744K, used 9382K [0x00000000c0000000, 0x00000000c1f00000, 0x00000000eab00000)
  object space 31744K, 29% used [0x00000000c0000000,0x00000000c0929a18,0x00000000c1f00000)
 Metaspace       used 20854K, capacity 21240K, committed 21296K, reserved 1067008K
  class space    used 2815K, capacity 2943K, committed 2944K, reserved 1048576K
}
Event: 6.544 GC heap before
{Heap before GC invocations=8 (full 1):
 PSYoungGen      total 55296K, used 5129K [0x00000000eab00000, 0x00000000f1800000, 0x0000000100000000)
  eden space 48640K, 0% used [0x00000000eab00000,0x00000000eab00000,0x00000000eda80000)
  from space 6656K, 77% used [0x00000000eda80000,0x00000000edf825c0,0x00000000ee100000)
  to   space 7168K, 0% used [0x00000000f1100000,0x00000000f1100000,0x00000000f1800000)
 ParOldGen       total 31744K, used 9382K [0x00000000c0000000, 0x00000000c1f00000, 0x00000000eab00000)
  object space 31744K, 29% used [0x00000000c0000000,0x00000000c0929a18,0x00000000c1f00000)
 Metaspace       used 20854K, capacity 21240K, committed 21296K, reserved 1067008K
  class space    used 2815K, capacity 2943K, committed 2944K, reserved 1048576K
Event: 6.746 GC heap after
Heap after GC invocations=8 (full 1):
 PSYoungGen      total 55296K, used 0K [0x00000000eab00000, 0x00000000f1800000, 0x0000000100000000)
  eden space 48640K, 0% used [0x00000000eab00000,0x00000000eab00000,0x00000000eda80000)
  from space 6656K, 0% used [0x00000000eda80000,0x00000000eda80000,0x00000000ee100000)
  to   space 7168K, 0% used [0x00000000f1100000,0x00000000f1100000,0x00000000f1800000)
 ParOldGen       total 33280K, used 10894K [0x00000000c0000000, 0x00000000c2080000, 0x00000000eab00000)
  object space 33280K, 32% used [0x00000000c0000000,0x00000000c0aa3ae0,0x00000000c2080000)
 Metaspace       used 20854K, capacity 21240K, committed 21296K, reserved 1067008K
  class space    used 2815K, capacity 2943K, committed 2944K, reserved 1048576K
}
Event: 8.661 GC heap before
{Heap before GC invocations=9 (full 1):
 PSYoungGen      total 55296K, used 48640K [0x00000000eab00000, 0x00000000f1800000, 0x0000000100000000)
  eden space 48640K, 100% used [0x00000000eab00000,0x00000000eda80000,0x00000000eda80000)
  from space 6656K, 0% used [0x00000000eda80000,0x00000000eda80000,0x00000000ee100000)
  to   space 7168K, 0% used [0x00000000f1100000,0x00000000f1100000,0x00000000f1800000)
 ParOldGen       total 33280K, used 10894K [0x00000000c0000000, 0x00000000c2080000, 0x00000000eab00000)
  object space 33280K, 32% used [0x00000000c0000000,0x00000000c0aa3ae0,0x00000000c2080000)
 Metaspace       used 24698K, capacity 25210K, committed 25472K, reserved 1071104K
  class space    used 3451K, capacity 3617K, committed 3712K, reserved 1048576K
Event: 8.707 GC heap after
Heap after GC invocations=9 (full 1):
 PSYoungGen      total 80896K, used 5637K [0x00000000eab00000, 0x00000000f1700000, 0x0000000100000000)
  eden space 74752K, 0% used [0x00000000eab00000,0x00000000eab00000,0x00000000ef400000)
  from space 6144K, 91% used [0x00000000f1100000,0x00000000f1681698,0x00000000f1700000)
  to   space 7680K, 0% used [0x00000000f0800000,0x00000000f0800000,0x00000000f0f80000)
 ParOldGen       total 33280K, used 10902K [0x00000000c0000000, 0x00000000c2080000, 0x00000000eab00000)
  object space 33280K, 32% used [0x00000000c0000000,0x00000000c0aa5ae0,0x00000000c2080000)
 Metaspace       used 24698K, capacity 25210K, committed 25472K, reserved 1071104K
  class space    used 3451K, capacity 3617K, committed 3712K, reserved 1048576K
}
Event: 11.478 GC heap before
{Heap before GC invocations=10 (full 1):
 PSYoungGen      total 80896K, used 80389K [0x00000000eab00000, 0x00000000f1700000, 0x0000000100000000)
  eden space 74752K, 100% used [0x00000000eab00000,0x00000000ef400000,0x00000000ef400000)
  from space 6144K, 91% used [0x00000000f1100000,0x00000000f1681698,0x00000000f1700000)
  to   space 7680K, 0% used [0x00000000f0800000,0x00000000f0800000,0x00000000f0f80000)
 ParOldGen       total 33280K, used 10902K [0x00000000c0000000, 0x00000000c2080000, 0x00000000eab00000)
  object space 33280K, 32% used [0x00000000c0000000,0x00000000c0aa5ae0,0x00000000c2080000)
 Metaspace       used 27437K, capacity 27858K, committed 28032K, reserved 1073152K
  class space    used 3821K, capacity 3941K, committed 3968K, reserved 1048576K
Event: 11.504 GC heap after
Heap after GC invocations=10 (full 1):
 PSYoungGen      total 102912K, used 6007K [0x00000000eab00000, 0x00000000f1980000, 0x0000000100000000)
  eden space 95232K, 0% used [0x00000000eab00000,0x00000000eab00000,0x00000000f0800000)
  from space 7680K, 78% used [0x00000000f0800000,0x00000000f0dddd48,0x00000000f0f80000)
  to   space 8192K, 0% used [0x00000000f1180000,0x00000000f1180000,0x00000000f1980000)
 ParOldGen       total 33280K, used 10910K [0x00000000c0000000, 0x00000000c2080000, 0x00000000eab00000)
  object space 33280K, 32% used [0x00000000c0000000,0x00000000c0aa7ae0,0x00000000c2080000)
 Metaspace       used 27437K, capacity 27858K, committed 28032K, reserved 1073152K
  class space    used 3821K, capacity 3941K, committed 3968K, reserved 1048576K
}
Event: 15.622 GC heap before
{Heap before GC invocations=11 (full 1):
 PSYoungGen      total 102912K, used 101239K [0x00000000eab00000, 0x00000000f1980000, 0x0000000100000000)
  eden space 95232K, 100% used [0x00000000eab00000,0x00000000f0800000,0x00000000f0800000)
  from space 7680K, 78% used [0x00000000f0800000,0x00000000f0dddd48,0x00000000f0f80000)
  to   space 8192K, 0% used [0x00000000f1180000,0x00000000f1180000,0x00000000f1980000)
 ParOldGen       total 33280K, used 10910K [0x00000000c0000000, 0x00000000c2080000, 0x00000000eab00000)
  object space 33280K, 32% used [0x00000000c0000000,0x00000000c0aa7ae0,0x00000000c2080000)
 Metaspace       used 32687K, capacity 33284K, committed 33664K, reserved 1079296K
  class space    used 4508K, capacity 4680K, committed 4736K, reserved 1048576K
Event: 15.659 GC heap after
Heap after GC invocations=11 (full 1):
 PSYoungGen      total 102912K, used 8180K [0x00000000eab00000, 0x00000000f3480000, 0x0000000100000000)
  eden space 94720K, 0% used [0x00000000eab00000,0x00000000eab00000,0x00000000f0780000)
  from space 8192K, 99% used [0x00000000f1180000,0x00000000f197d178,0x00000000f1980000)
  to   space 10240K, 0% used [0x00000000f0780000,0x00000000f0780000,0x00000000f1180000)
 ParOldGen       total 33280K, used 13875K [0x00000000c0000000, 0x00000000c2080000, 0x00000000eab00000)
  object space 33280K, 41% used [0x00000000c0000000,0x00000000c0d8cc58,0x00000000c2080000)
 Metaspace       used 32687K, capacity 33284K, committed 33664K, reserved 1079296K
  class space    used 4508K, capacity 4680K, committed 4736K, reserved 1048576K
}

Deoptimization events (10 events):
Event: 13.027 Thread 0x00007f6cc400b000 Uncommon trap: reason=bimorphic action=maybe_recompile pc=0x00007f6cfd6d09c0 method=java.lang.ClassLoader.getPackage(Ljava/lang/String;)Ljava/lang/Package; @ 47
Event: 13.029 Thread 0x00007f6cc400b000 Uncommon trap: reason=bimorphic action=maybe_recompile pc=0x00007f6cfd6d09c0 method=java.lang.ClassLoader.getPackage(Ljava/lang/String;)Ljava/lang/Package; @ 47
Event: 13.030 Thread 0x00007f6cc400b000 Uncommon trap: reason=bimorphic action=maybe_recompile pc=0x00007f6cfd6d09c0 method=java.lang.ClassLoader.getPackage(Ljava/lang/String;)Ljava/lang/Package; @ 47
Event: 14.295 Thread 0x00007f6cc400b000 Uncommon trap: reason=unstable_if action=reinterpret pc=0x00007f6cfd6fc490 method=java.util.HashMap.putVal(ILjava/lang/Object;Ljava/lang/Object;ZZ)Ljava/lang/Object; @ 162
Event: 14.296 Thread 0x00007f6cc400b000 Uncommon trap: reason=unstable_if action=reinterpret pc=0x00007f6cfd6b6678 method=java.util.HashMap.putVal(ILjava/lang/Object;Ljava/lang/Object;ZZ)Ljava/lang/Object; @ 162
Event: 14.296 Thread 0x00007f6cc400b000 Uncommon trap: reason=unstable_if action=reinterpret pc=0x00007f6cfd2a8608 method=java.util.HashMap.resize()[Ljava/util/HashMap$Node; @ 206
Event: 15.798 Thread 0x00007f6cc400b000 Uncommon trap: reason=unstable_if action=reinterpret pc=0x00007f6cfd472a18 method=java.lang.StringCoding.decode(Ljava/lang/String;[BII)[C @ 51
Event: 15.816 Thread 0x00007f6cc400b000 Uncommon trap: reason=unstable_if action=reinterpret pc=0x00007f6cfd671460 method=java.lang.CharacterDataLatin1.isWhitespace(I)Z @ 14
Event: 15.827 Thread 0x00007f6cc400b000 Uncommon trap: reason=predicate action=maybe_recompile pc=0x00007f6cfd972c88 method=sun.security.provider.DigestBase.implCompressMultiBlock([BII)I @ 5
Event: 15.830 Thread 0x00007f6cc400b000 Uncommon trap: reason=class_check action=maybe_recompile pc=0x00007f6cfd966040 method=sun.security.provider.DigestBase.implCompressMultiBlock([BII)I @ 8

Internal exceptions (10 events):
Event: 17.194 Thread 0x00007f6cc400b000 Exception <a 'java/lang/ClassNotFoundException': com/crashlytics/tools/gradle/ExternalPluginsStateBeanInfo> (0x00000000ecc7ed18) thrown at [/HUDSON3/workspace/8-2-build-linux-amd64/jdk8u101/7261/hotspot/src/share/vm/classfile/systemDictionary.cpp, line 21
Event: 17.195 Thread 0x00007f6cc400b000 Exception <a 'java/lang/ClassNotFoundException': com/crashlytics/tools/gradle/ExternalPluginsStateCustomizer> (0x00000000ecc90d20) thrown at [/HUDSON3/workspace/8-2-build-linux-amd64/jdk8u101/7261/hotspot/src/share/vm/classfile/systemDictionary.cpp, line 
Event: 17.205 Thread 0x00007f6cc400b000 Exception <a 'java/lang/ClassNotFoundException': groovy/lang/ReferenceBeanInfo> (0x00000000ecce6ed8) thrown at [/HUDSON3/workspace/8-2-build-linux-amd64/jdk8u101/7261/hotspot/src/share/vm/classfile/systemDictionary.cpp, line 210]
Event: 17.208 Thread 0x00007f6cc400b000 Exception <a 'java/lang/ClassNotFoundException': groovy/lang/ReferenceCustomizer> (0x00000000ecd01fc0) thrown at [/HUDSON3/workspace/8-2-build-linux-amd64/jdk8u101/7261/hotspot/src/share/vm/classfile/systemDictionary.cpp, line 210]
Event: 17.254 Thread 0x00007f6cc400b000 Exception <a 'java/lang/ClassNotFoundException': org/gradle/api/internal/plugins/DefaultPluginContainerBeanInfo> (0x00000000ecd916a8) thrown at [/HUDSON3/workspace/8-2-build-linux-amd64/jdk8u101/7261/hotspot/src/share/vm/classfile/systemDictionary.cpp, li
Event: 17.257 Thread 0x00007f6cc400b000 Exception <a 'java/lang/ClassNotFoundException': org/gradle/api/internal/plugins/DefaultPluginCollectionBeanInfo> (0x00000000ecdbbe08) thrown at [/HUDSON3/workspace/8-2-build-linux-amd64/jdk8u101/7261/hotspot/src/share/vm/classfile/systemDictionary.cpp, l
Event: 17.260 Thread 0x00007f6cc400b000 Exception <a 'java/lang/ClassNotFoundException': org/gradle/api/internal/DefaultDomainObjectSetBeanInfo> (0x00000000ecde2470) thrown at [/HUDSON3/workspace/8-2-build-linux-amd64/jdk8u101/7261/hotspot/src/share/vm/classfile/systemDictionary.cpp, line 210]
Event: 17.262 Thread 0x00007f6cc400b000 Exception <a 'java/lang/ClassNotFoundException': org/gradle/api/internal/DefaultDomainObjectSetCustomizer> (0x00000000ece09ca8) thrown at [/HUDSON3/workspace/8-2-build-linux-amd64/jdk8u101/7261/hotspot/src/share/vm/classfile/systemDictionary.cpp, line 210
Event: 17.275 Thread 0x00007f6cc400b000 Exception <a 'java/lang/ClassNotFoundException': org/gradle/api/internal/plugins/DefaultPluginCollectionCustomizer> (0x00000000ece47de8) thrown at [/HUDSON3/workspace/8-2-build-linux-amd64/jdk8u101/7261/hotspot/src/share/vm/classfile/systemDictionary.cpp,
Event: 17.289 Thread 0x00007f6cc400b000 Exception <a 'java/lang/ClassNotFoundException': org/gradle/api/internal/plugins/DefaultPluginContainerCustomizer> (0x00000000ece8a8c8) thrown at [/HUDSON3/workspace/8-2-build-linux-amd64/jdk8u101/7261/hotspot/src/share/vm/classfile/systemDictionary.cpp, 

Events (10 events):
Event: 17.287 loading class org/gradle/api/internal/plugins/DefaultPluginContainerCustomizer
Event: 17.287 loading class org/gradle/api/internal/plugins/DefaultPluginContainerCustomizer done
Event: 17.288 loading class org/gradle/api/internal/plugins/DefaultPluginContainerCustomizer
Event: 17.288 loading class org/gradle/api/internal/plugins/DefaultPluginContainerCustomizer done
Event: 17.288 loading class org/gradle/api/internal/plugins/DefaultPluginContainerCustomizer
Event: 17.288 loading class org/gradle/api/internal/plugins/DefaultPluginContainerCustomizer done
Event: 17.289 loading class org/gradle/api/internal/plugins/DefaultPluginContainerCustomizer
Event: 17.289 loading class org/gradle/api/internal/plugins/DefaultPluginContainerCustomizer done
Event: 17.295 loading class org/gradle/api/internal/plugins/PluginManagerInternal$PluginWithId
Event: 17.296 loading class org/gradle/api/internal/plugins/PluginManagerInternal$PluginWithId done


Dynamic libraries:
00400000-00401000 r-xp 00000000 08:01 3279757                            /usr/lib/jvm/java-8-oracle/bin/java
00600000-00601000 rw-p 00000000 08:01 3279757                            /usr/lib/jvm/java-8-oracle/bin/java
00a83000-00aa4000 rw-p 00000000 00:00 0                                  [heap]
c0000000-c2080000 rw-p 00000000 00:00 0 
c2080000-eab00000 ---p 00000000 00:00 0 
eab00000-f3480000 rw-p 00000000 00:00 0 
f3480000-100000000 ---p 00000000 00:00 0 
100000000-1004e0000 rw-p 00000000 00:00 0 
1004e0000-140000000 ---p 00000000 00:00 0 
7f6c97fff000-7f6cb8000000 rw-p 00000000 00:00 0 
7f6cb8000000-7f6cb8cb2000 rw-p 00000000 00:00 0 
7f6cb8cb2000-7f6cbc000000 ---p 00000000 00:00 0 
7f6cc0000000-7f6cc0063000 rw-p 00000000 00:00 0 
7f6cc0063000-7f6cc4000000 ---p 00000000 00:00 0 
7f6cc4000000-7f6cc4021000 rw-p 00000000 00:00 0 
7f6cc4021000-7f6cc8000000 ---p 00000000 00:00 0 
7f6cc8000000-7f6cc8021000 rw-p 00000000 00:00 0 
7f6cc8021000-7f6ccc000000 ---p 00000000 00:00 0 
7f6ccc000000-7f6ccc021000 rw-p 00000000 00:00 0 
7f6ccc021000-7f6cd0000000 ---p 00000000 00:00 0 
7f6cd136e000-7f6cd1530000 rw-p 00000000 00:00 0 
7f6cd1530000-7f6cd1570000 ---p 00000000 00:00 0 
7f6cd1570000-7f6cd1770000 rw-p 00000000 00:00 0 
7f6cd1770000-7f6cd182c000 r--s 0083a000 08:01 4850360                    /root/.gradle/caches/modules-2/files-2.1/io.fabric.tools/gradle/1.21.7/4a8867b9d33fd9457b1cbe8da5c01893d9efec4d/gradle-1.21.7.jar
7f6cd182c000-7f6cd1a2c000 rw-p 00000000 00:00 0 
7f6cd1a2c000-7f6cd1a2e000 r--s 00005000 08:01 10354696                   /opt/android-studio/gradle/m2repository/org/abego/treelayout/org.abego.treelayout.core/1.0.1/org.abego.treelayout.core-1.0.1.jar
7f6cd1a2e000-7f6cd1a36000 r--s 000a8000 08:01 10354905                   /opt/android-studio/gradle/m2repository/com/android/tools/external/lombok/lombok-ast/0.2.3/lombok-ast-0.2.3.jar
7f6cd1a36000-7f6cd1a38000 r--s 0000d000 08:01 10355005                   /opt/android-studio/gradle/m2repository/commons-codec/commons-codec/1.4/commons-codec-1.4.jar
7f6cd1a38000-7f6cd1a3a000 r--s 0000d000 08:01 10226215                   /opt/android-studio/gradle/m2repository/commons-logging/commons-logging/1.1.1/commons-logging-1.1.1.jar
7f6cd1a3a000-7f6cd1a3f000 r--s 00028000 08:01 10229068                   /opt/android-studio/gradle/m2repository/org/apache/httpcomponents/httpcore/4.1/httpcore-4.1.jar
7f6cd1a3f000-7f6cd1a40000 r--s 00004000 08:01 10354724                   /opt/android-studio/gradle/m2repository/com/intellij/annotations/12.0/annotations-12.0.jar
7f6cd1a40000-7f6cd1a44000 r--s 00037000 08:01 10228909                   /opt/android-studio/gradle/m2repository/org/antlr/ST4/4.0.8/ST4-4.0.8.jar
7f6cd1a44000-7f6cd1a47000 r--s 00026000 08:01 10229004                   /opt/android-studio/gradle/m2repository/org/antlr/antlr-runtime/3.5.2/antlr-runtime-3.5.2.jar
7f6cd1a47000-7f6cd1a48000 r--s 00002000 08:01 10354712                   /opt/android-studio/gradle/m2repository/com/tunnelvisionlabs/antlr4-annotations/4.5/antlr4-annotations-4.5.jar
7f6cd1a48000-7f6cd1a4f000 r--s 00062000 08:01 10354707                   /opt/android-studio/gradle/m2repository/com/tunnelvisionlabs/antlr4-runtime/4.5/antlr4-runtime-4.5.jar
7f6cd1a4f000-7f6cd1a50000 r--s 00004000 08:01 10226259                   /opt/android-studio/gradle/m2repository/org/ow2/asm/asm-analysis/5.0.3/asm-analysis-5.0.3.jar
7f6cd1a50000-7f6cd1a53000 r--s 00030000 08:01 10354933                   /opt/android-studio/gradle/m2repository/com/android/tools/lint/lint-api/25.1.3/lint-api-25.1.3.jar
7f6cd1a53000-7f6cd1a54000 r--s 0000a000 08:01 10354967                   /opt/android-studio/gradle/m2repository/net/sf/kxml/kxml2/2.3.0/kxml2-2.3.0.jar
7f6cd1a54000-7f6cd1a56000 r--s 00005000 08:01 10229059                   /opt/android-studio/gradle/m2repository/org/apache/httpcomponents/httpmime/4.1/httpmime-4.1.jar
7f6cd1a56000-7f6cd1a5e000 r--s 0004e000 08:01 10229079                   /opt/android-studio/gradle/m2repository/org/apache/httpcomponents/httpclient/4.1.1/httpclient-4.1.1.jar
7f6cd1a5e000-7f6cd1a65000 r--s 00053000 08:01 10229091                   /opt/android-studio/gradle/m2repository/org/apache/commons/commons-compress/1.8.1/commons-compress-1.8.1.jar
7f6cd1a65000-7f6cd1a6a000 r--s 0002a000 08:01 10354757                   /opt/android-studio/gradle/m2repository/com/google/code/gson/gson/2.2.4/gson-2.2.4.jar
7f6cd1a6a000-7f6cd1a6e000 r--s 00026000 08:01 10354911                   /opt/android-studio/gradle/m2repository/com/android/tools/repository/25.1.3/repository-25.1.3.jar
7f6cd1a6e000-7f6cd1a6f000 r--s 00005000 08:01 10354891                   /opt/android-studio/gradle/m2repository/com/android/tools/dvlib/25.1.3/dvlib-25.1.3.jar
7f6cd1a6f000-7f6cd1a72000 r--s 00014000 08:01 10354858                   /opt/android-studio/gradle/m2repository/com/android/tools/layoutlib/layoutlib-api/25.1.3/layoutlib-api-25.1.3.jar
7f6cd1a72000-7f6cd1a77000 r--s 00058000 08:01 10226233                   /opt/android-studio/gradle/m2repository/org/ow2/asm/asm-debug-all/5.0.4/asm-debug-all-5.0.4.jar
7f6cd1a77000-7f6cd1a87000 r--s 000d6000 08:01 10354979                   /opt/android-studio/gradle/m2repository/net/sf/proguard/proguard-base/5.2.1/proguard-base-5.2.1.jar
7f6cd1a87000-7f6cd1a8a000 r--s 00033000 08:01 10354731                   /opt/android-studio/gradle/m2repository/com/googlecode/juniversalchardet/juniversalchardet/1.0.3/juniversalchardet-1.0.3.jar
7f6cd1a8a000-7f6cd1a8e000 r--s 0002a000 08:01 10226208                   /opt/android-studio/gradle/m2repository/commons-io/commons-io/2.4/commons-io-2.4.jar
7f6cd1a8e000-7f6cd1a98000 r--s 00099000 08:01 10354717                   /opt/android-studio/gradle/m2repository/com/tunnelvisionlabs/antlr4/4.5/antlr4-4.5.jar
7f6cd1a98000-7f6cd1a99000 r--s 00002000 08:01 10354764                   /opt/android-studio/gradle/m2repository/com/android/databinding/baseLibrary/2.1.3/baseLibrary-2.1.3.jar
7f6cd1a99000-7f6cd1ac4000 r--s 001f9000 08:01 10354749                   /opt/android-studio/gradle/m2repository/com/google/guava/guava/17.0/guava-17.0.jar
7f6cd1ac4000-7f6cd1ac5000 r--s 00001000 08:01 10354785                   /opt/android-studio/gradle/m2repository/com/android/tools/annotations/25.1.3/annotations-25.1.3.jar
7f6cd1ac5000-7f6cd1ad7000 r--s 00223000 08:01 10227994                   /opt/android-studio/gradle/m2repository/org/eclipse/jdt/core/compiler/ecj/4.4.2/ecj-4.4.2.jar
7f6cd1ad7000-7f6cd1ade000 r--s 000be000 08:01 10354919                   /opt/android-studio/gradle/m2repository/com/android/tools/lint/lint-checks/25.1.3/lint-checks-25.1.3.jar
7f6cd1ade000-7f6cd1ae0000 r--s 00006000 08:01 10226448                   /opt/android-studio/gradle/m2repository/org/ow2/asm/asm-tree/5.0.3/asm-tree-5.0.3.jar
7f6cd1ae0000-7f6cd1b13000 r--s 00203000 08:01 10229014                   /opt/android-studio/gradle/m2repository/org/bouncycastle/bcprov-jdk15on/1.48/bcprov-jdk15on-1.48.jar
7f6cd1b13000-7f6cd1b21000 r--s 00081000 08:01 10229019                   /opt/android-studio/gradle/m2repository/org/bouncycastle/bcpkix-jdk15on/1.48/bcpkix-jdk15on-1.48.jar
7f6cd1b21000-7f6cd1b23000 r--s 00002000 08:01 10354739                   /opt/android-studio/gradle/m2repository/com/squareup/javawriter/2.5.0/javawriter-2.5.0.jar
7f6cd1b23000-7f6cd1b24000 r--s 00001000 08:01 10354866                   /opt/android-studio/gradle/m2repository/com/android/tools/jill/jill-api/0.10.0/jill-api-0.10.0.jar
7f6cd1b24000-7f6cd1b26000 r--s 00003000 08:01 10354948                   /opt/android-studio/gradle/m2repository/com/android/tools/jack/jack-api/0.10.0/jack-api-0.10.0.jar
7f6cd1b26000-7f6cd1b2c000 r--s 0004a000 08:01 10354884                   /opt/android-studio/gradle/m2repository/com/android/tools/ddms/ddmlib/25.1.3/ddmlib-25.1.3.jar
7f6cd1b2c000-7f6cd1b2f000 r--s 00028000 08:01 10354822                   /opt/android-studio/gradle/m2repository/com/android/tools/build/manifest-merger/25.1.3/manifest-merger-25.1.3.jar
7f6cd1b2f000-7f6cd1b31000 r--s 00018000 08:01 10354956                   /opt/android-studio/gradle/m2repository/com/android/tools/common/25.1.3/common-25.1.3.jar
7f6cd1b31000-7f6cd1b39000 r--s 0007c000 08:01 10354875                   /opt/android-studio/gradle/m2repository/com/android/tools/sdk-common/25.1.3/sdk-common-25.1.3.jar
7f6cd1b39000-7f6cd1b41000 r--s 00078000 08:01 10354940                   /opt/android-studio/gradle/m2repository/com/android/tools/sdklib/25.1.3/sdklib-25.1.3.jar
7f6cd1b41000-7f6cd1b42000 r--s 00002000 08:01 10354807                   /opt/android-studio/gradle/m2repository/com/android/tools/build/builder-test-api/2.1.3/builder-test-api-2.1.3.jar
7f6cd1b42000-7f6cd1b44000 r--s 00005000 08:01 10354843                   /opt/android-studio/gradle/m2repository/com/android/tools/build/builder-model/2.1.3/builder-model-2.1.3.jar
7f6cd1b44000-7f6cd1b48000 r--s 0001e000 08:01 10229035                   /opt/android-studio/gradle/m2repository/org/jacoco/org.jacoco.core/0.7.6.201602180812/org.jacoco.core-0.7.6.201602180812.jar
7f6cd1b48000-7f6cd1b49000 r--s 00002000 08:01 10354995                   /opt/android-studio/gradle/m2repository/net/sf/proguard/proguard-gradle/5.2.1/proguard-gradle-5.2.1.jar
7f6cd1b49000-7f6cd1b4b000 r--s 00009000 08:01 10226454                   /opt/android-studio/gradle/m2repository/org/ow2/asm/asm-commons/5.0.3/asm-commons-5.0.3.jar
7f6cd1b4b000-7f6cd1b4c000 r--s 0000c000 08:01 10226852                   /opt/android-studio/gradle/m2repository/org/ow2/asm/asm/5.0.3/asm-5.0.3.jar
7f6cd1b4c000-7f6cd1b50000 r--s 0002b000 08:01 10354777                   /opt/android-studio/gradle/m2repository/com/android/databinding/compilerCommon/2.1.3/compilerCommon-2.1.3.jar
7f6cd1b50000-7f6cd1b51000 r--s 00002000 08:01 10354814                   /opt/android-studio/gradle/m2repository/com/android/tools/build/gradle-api/2.1.3/gradle-api-2.1.3.jar
7f6cd1b51000-7f6cd1b52000 r--s 00000000 08:01 10354835                   /opt/android-studio/gradle/m2repository/com/android/tools/build/transform-api/2.0.0-deprecated-use-gradle-api/transform-api-2.0.0-deprecated-use-gradle-api.jar
7f6cd1b52000-7f6cd1b54000 r--s 00023000 08:01 10354926                   /opt/android-studio/gradle/m2repository/com/android/tools/lint/lint/25.1.3/lint-25.1.3.jar
7f6cd1b54000-7f6cd1b68000 r--s 00130000 08:01 10354801                   /opt/android-studio/gradle/m2repository/com/android/tools/build/builder/2.1.3/builder-2.1.3.jar
7f6cd1b68000-7f6cd1b85000 r--s 0017c000 08:01 10354829                   /opt/android-studio/gradle/m2repository/com/android/tools/build/gradle-core/2.1.3/gradle-core-2.1.3.jar
7f6cd1b85000-7f6cd1b87000 r--s 0000c000 08:01 10354851                   /opt/android-studio/gradle/m2repository/com/android/tools/build/gradle/2.1.3/gradle-2.1.3.jar
7f6cd1b87000-7f6cd1d87000 rw-p 00000000 00:00 0 
7f6cd1d87000-7f6cd1d8a000 ---p 00000000 00:00 0 
7f6cd1d8a000-7f6cd2088000 rw-p 00000000 00:00 0                          [stack:11498]
7f6cd2088000-7f6cd208b000 ---p 00000000 00:00 0 
7f6cd208b000-7f6cd20c1000 rw-p 00000000 00:00 0                          [stack:11497]
7f6cd20c1000-7f6cd20c2000 r--p 00000000 00:00 0 
7f6cd20c2000-7f6cd22c2000 rw-p 00000000 00:00 0 
7f6cd22c2000-7f6cd24c2000 rw-p 00000000 00:00 0 
7f6cd24c2000-7f6cd26c2000 rw-p 00000000 00:00 0 
7f6cd26c2000-7f6cd28c2000 rw-p 00000000 00:00 0 
7f6cd28c2000-7f6cd293b000 r--s 010e5000 08:01 2493420                    /usr/lib/jvm/java-8-oracle/lib/tools.jar
7f6cd293b000-7f6cd2b3b000 rw-p 00000000 00:00 0 
7f6cd2b3b000-7f6cd2b3e000 ---p 00000000 00:00 0 
7f6cd2b3e000-7f6cd2c3c000 rw-p 00000000 00:00 0                          [stack:11494]
7f6cd2c3c000-7f6cd2c3f000 ---p 00000000 00:00 0 
7f6cd2c3f000-7f6cd2d3d000 rw-p 00000000 00:00 0                          [stack:11493]
7f6cd2d3d000-7f6cd2d40000 ---p 00000000 00:00 0 
7f6cd2d40000-7f6cd2e3e000 rw-p 00000000 00:00 0                          [stack:11490]
7f6cd2e3e000-7f6cd2e41000 ---p 00000000 00:00 0 
7f6cd2e41000-7f6cd2f3f000 rw-p 00000000 00:00 0                          [stack:11489]
7f6cd2f3f000-7f6cd2f42000 ---p 00000000 00:00 0 
7f6cd2f42000-7f6cd3040000 rw-p 00000000 00:00 0                          [stack:11488]
7f6cd3040000-7f6cd3043000 ---p 00000000 00:00 0 
7f6cd3043000-7f6cd3141000 rw-p 00000000 00:00 0                          [stack:11487]
7f6cd3141000-7f6cd3148000 r--s 00000000 08:01 13375965                   /usr/lib/x86_64-linux-gnu/gconv/gconv-modules.cache
7f6cd3148000-7f6cd3348000 rw-p 00000000 00:00 0 
7f6cd3348000-7f6cd334b000 ---p 00000000 00:00 0 
7f6cd334b000-7f6cd3449000 rw-p 00000000 00:00 0                          [stack:11486]
7f6cd3449000-7f6cd344c000 ---p 00000000 00:00 0 
7f6cd344c000-7f6cd354a000 rw-p 00000000 00:00 0                          [stack:11485]
7f6cd354a000-7f6cd3553000 r-xp 00000000 08:01 13766348                   /usr/lib/jvm/java-8-oracle/jre/lib/amd64/libmanagement.so
7f6cd3553000-7f6cd3752000 ---p 00009000 08:01 13766348                   /usr/lib/jvm/java-8-oracle/jre/lib/amd64/libmanagement.so
7f6cd3752000-7f6cd3753000 rw-p 00008000 08:01 13766348                   /usr/lib/jvm/java-8-oracle/jre/lib/amd64/libmanagement.so
7f6cd3753000-7f6cd3757000 r--s 00097000 08:01 13118639                   /usr/lib/jvm/java-8-oracle/jre/lib/jsse.jar
7f6cd3757000-7f6cd3759000 r--s 00007000 08:01 10226052                   /opt/android-studio/gradle/gradle-2.14.1/lib/plugins/gradle-tooling-api-builders-2.14.1.jar
7f6cd3759000-7f6cd375c000 r--s 00008000 08:01 10226046                   /opt/android-studio/gradle/gradle-2.14.1/lib/plugins/gradle-testing-native-2.14.1.jar
7f6cd375c000-7f6cd375e000 r--s 00009000 08:01 10226146                   /opt/android-studio/gradle/gradle-2.14.1/lib/plugins/hamcrest-core-1.3.jar
7f6cd375e000-7f6cd3764000 r--s 00033000 08:01 10226057                   /opt/android-studio/gradle/gradle-2.14.1/lib/plugins/snakeyaml-1.6.jar
7f6cd3764000-7f6cd3766000 r--s 00006000 08:01 10226078                   /opt/android-studio/gradle/gradle-2.14.1/lib/plugins/jcommander-1.12.jar
7f6cd3766000-7f6cd376b000 r--s 00040000 08:01 10226055                   /opt/android-studio/gradle/gradle-2.14.1/lib/plugins/bsh-2.0b4.jar
7f6cd376b000-7f6cd3774000 r--s 00089000 08:01 10226081                   /opt/android-studio/gradle/gradle-2.14.1/lib/plugins/testng-6.3.1.jar
7f6cd3774000-7f6cd377c000 r--s 00045000 08:01 10226086                   /opt/android-studio/gradle/gradle-2.14.1/lib/plugins/junit-4.12.jar
7f6cd377c000-7f6cd3782000 r--s 0002e000 08:01 10226062                   /opt/android-studio/gradle/gradle-2.14.1/lib/plugins/gradle-testing-jvm-2.14.1.jar
7f6cd3782000-7f6cd3787000 r--s 00015000 08:01 10226071                   /opt/android-studio/gradle/gradle-2.14.1/lib/plugins/gradle-testing-base-2.14.1.jar
7f6cd3787000-7f6cd3788000 r--s 00002000 08:01 10226084                   /opt/android-studio/gradle/gradle-2.14.1/lib/plugins/sonar-batch-bootstrapper-2.9.jar
7f6cd3788000-7f6cd378b000 r--s 00015000 08:01 10226061                   /opt/android-studio/gradle/gradle-2.14.1/lib/plugins/gradle-sonar-2.14.1.jar
7f6cd378b000-7f6cd3792000 r--s 00038000 08:01 10226102                   /opt/android-studio/gradle/gradle-2.14.1/lib/plugins/bcpg-jdk15on-1.51.jar
7f6cd3792000-7f6cd3794000 r--s 0000d000 08:01 10226108                   /opt/android-studio/gradle/gradle-2.14.1/lib/plugins/gradle-signing-2.14.1.jar
7f6cd3794000-7f6cd3797000 r--s 00009000 08:01 10226091                   /opt/android-studio/gradle/gradle-2.14.1/lib/plugins/gradle-scala-2.14.1.jar
7f6cd3797000-7f6cd3798000 r--s 00004000 08:01 10226115                   /opt/android-studio/gradle/gradle-2.14.1/lib/plugins/gradle-resources-sftp-2.14.1.jar
7f6cd3798000-7f6cd37a8000 r--s 00088000 08:01 10226068                   /opt/android-studio/gradle/gradle-2.14.1/lib/plugins/joda-time-2.8.2.jar
7f6cd37a8000-7f6cd37b9000 r--s 000cf000 08:01 10226153                   /opt/android-studio/gradle/gradle-2.14.1/lib/plugins/jackson-databind-2.3.2.jar
7f6cd37b9000-7f6cd37bb000 r--s 00007000 08:01 10226097                   /opt/android-studio/gradle/gradle-2.14.1/lib/plugins/jackson-annotations-2.3.2.jar
7f6cd37bb000-7f6cd37be000 r--s 0002e000 08:01 10226104                   /opt/android-studio/gradle/gradle-2.14.1/lib/plugins/jackson-core-2.3.2.jar
7f6cd37be000-7f6cd37c9000 r--s 0006b000 08:01 10226170                   /opt/android-studio/gradle/gradle-2.14.1/lib/plugins/aws-java-sdk-core-1.9.19.jar
7f6cd37c9000-7f6cd37cf000 r--s 00036000 08:01 10226096                   /opt/android-studio/gradle/gradle-2.14.1/lib/plugins/aws-java-sdk-kms-1.9.19.jar
7f6cd37cf000-7f6cd37da000 r--s 00079000 08:01 10226083                   /opt/android-studio/gradle/gradle-2.14.1/lib/plugins/aws-java-sdk-s3-1.9.19.jar
7f6cd37da000-7f6cd37db000 r--s 00003000 08:01 10226149                   /opt/android-studio/gradle/gradle-2.14.1/lib/plugins/gradle-resources-s3-2.14.1.jar
7f6cd37db000-7f6cd37dd000 r--s 00005000 08:01 10226144                   /opt/android-studio/gradle/gradle-2.14.1/lib/plugins/jatl-0.2.2.jar
7f6cd37dd000-7f6cd37df000 r--s 0000f000 08:01 10226161                   /opt/android-studio/gradle/gradle-2.14.1/lib/plugins/gradle-reporting-2.14.1.jar
7f6cd37df000-7f6cd37e1000 r--s 00002000 08:01 10226101                   /opt/android-studio/gradle/gradle-2.14.1/lib/plugins/gradle-publish-2.14.1.jar
7f6cd37e1000-7f6cd37e3000 r--s 00009000 08:01 10226074                   /opt/android-studio/gradle/gradle-2.14.1/lib/plugins/commons-cli-1.2.jar
7f6cd37e3000-7f6cd37e9000 r--s 00033000 08:01 10226085                   /opt/android-studio/gradle/gradle-2.14.1/lib/plugins/gradle-plugins-2.14.1.jar
7f6cd37e9000-7f6cd37eb000 r--s 00007000 08:01 10226049                   /opt/android-studio/gradle/gradle-2.14.1/lib/plugins/gradle-plugin-development-2.14.1.jar
7f6cd37eb000-7f6cd37f1000 r--s 0002a000 08:01 10226107                   /opt/android-studio/gradle/gradle-2.14.1/lib/plugins/gradle-platform-play-2.14.1.jar
7f6cd37f1000-7f6cd37fe000 r--s 0004d000 08:01 10226106                   /opt/android-studio/gradle/gradle-2.14.1/lib/plugins/gradle-platform-native-2.14.1.jar
7f6cd37fe000-7f6cd3802000 r--s 0001a000 08:01 10226147                   /opt/android-studio/gradle/gradle-2.14.1/lib/plugins/gradle-platform-jvm-2.14.1.jar
7f6cd3802000-7f6cd3809000 r--s 00029000 08:01 10226077                   /opt/android-studio/gradle/gradle-2.14.1/lib/plugins/gradle-platform-base-2.14.1.jar
7f6cd3809000-7f6cd382a000 r--s 001c3000 08:01 10226053                   /opt/android-studio/gradle/gradle-2.14.1/lib/plugins/bndlib-2.4.0.jar
7f6cd382a000-7f6cd382c000 r--s 00003000 08:01 10226152                   /opt/android-studio/gradle/gradle-2.14.1/lib/plugins/gradle-osgi-2.14.1.jar
7f6cd382c000-7f6cd382f000 r--s 0000c000 08:01 10226156                   /opt/android-studio/gradle/gradle-2.14.1/lib/plugins/pmaven-groovy-0.8-20100325.jar
7f6cd382f000-7f6cd3830000 r--s 00004000 08:01 10226142                   /opt/android-studio/gradle/gradle-2.14.1/lib/plugins/pmaven-common-0.8-20100325.jar
7f6cd3830000-7f6cd3836000 r--s 00022000 08:01 10226076                   /opt/android-studio/gradle/gradle-2.14.1/lib/plugins/gradle-maven-2.14.1.jar
7f6cd3836000-7f6cd3838000 r--s 0000a000 08:01 10226058                   /opt/android-studio/gradle/gradle-2.14.1/lib/plugins/gradle-language-scala-2.14.1.jar
7f6cd3838000-7f6cd383e000 r--s 0001a000 08:01 10226063                   /opt/android-studio/gradle/gradle-2.14.1/lib/plugins/gradle-language-native-2.14.1.jar
7f6cd383e000-7f6cd3840000 r--s 00008000 08:01 10226051                   /opt/android-studio/gradle/gradle-2.14.1/lib/plugins/gradle-language-jvm-2.14.1.jar
7f6cd3840000-7f6cd3846000 r--s 00024000 08:01 10226143                   /opt/android-studio/gradle/gradle-2.14.1/lib/plugins/gradle-language-java-2.14.1.jar
7f6cd3846000-7f6cd3848000 r--s 0000a000 08:01 10226105                   /opt/android-studio/gradle/gradle-2.14.1/lib/plugins/gradle-language-groovy-2.14.1.jar
7f6cd3848000-7f6cd384b000 r--s 0001e000 08:01 10226045                   /opt/android-studio/gradle/gradle-2.14.1/lib/plugins/jsp-api-2.1-6.1.14.jar
7f6cd384b000-7f6cd386e000 r--s 00344000 08:01 10226098                   /opt/android-studio/gradle/gradle-2.14.1/lib/plugins/core-3.1.1.jar
7f6cd386e000-7f6cd386f000 r--s 00006000 08:01 10226154                   /opt/android-studio/gradle/gradle-2.14.1/lib/plugins/jetty-naming-6.1.25.jar
7f6cd386f000-7f6cd3870000 r--s 00002000 08:01 10226093                   /opt/android-studio/gradle/gradle-2.14.1/lib/plugins/geronimo-annotation_1.0_spec-1.0.jar
7f6cd3870000-7f6cd3872000 r--s 00002000 08:01 10226150                   /opt/android-studio/gradle/gradle-2.14.1/lib/plugins/jetty-annotations-6.1.25.jar
7f6cd3872000-7f6cd3883000 r--s 000ea000 08:01 10226163                   /opt/android-studio/gradle/gradle-2.14.1/lib/plugins/jsp-2.1-6.1.14.jar
7f6cd3883000-7f6cd3885000 r--s 0000d000 08:01 10226099                   /opt/android-studio/gradle/gradle-2.14.1/lib/plugins/jetty-plus-6.1.25.jar
7f6cd3885000-7f6cd3887000 r--s 0001f000 08:01 10226177                   /opt/android-studio/gradle/gradle-2.14.1/lib/plugins/servlet-api-2.5-20081211.jar
7f6cd3887000-7f6cd388b000 r--s 00028000 08:01 10226079                   /opt/android-studio/gradle/gradle-2.14.1/lib/plugins/jetty-util-6.1.25.jar
7f6cd388b000-7f6cd3892000 r--s 0007d000 08:01 10226087                   /opt/android-studio/gradle/gradle-2.14.1/lib/plugins/jetty-6.1.25.jar
7f6cd3892000-7f6cd3894000 r--s 00009000 08:01 10226159                   /opt/android-studio/gradle/gradle-2.14.1/lib/plugins/gradle-jetty-2.14.1.jar
7f6cd3894000-7f6cd389b000 r--s 00035000 08:01 10226173                   /opt/android-studio/gradle/gradle-2.14.1/lib/plugins/simple-4.1.21.jar
7f6cd389b000-7f6cd38a7000 r--s 00100000 08:01 10226069                   /opt/android-studio/gradle/gradle-2.14.1/lib/plugins/rhino-1.7R3.jar
7f6cd38a7000-7f6cd38ab000 r--s 00011000 08:01 10226141                   /opt/android-studio/gradle/gradle-2.14.1/lib/plugins/gradle-javascript-2.14.1.jar
7f6cd38ab000-7f6cd38ad000 r--s 0000c000 08:01 10226175                   /opt/android-studio/gradle/gradle-2.14.1/lib/plugins/gradle-jacoco-2.14.1.jar
7f6cd38ad000-7f6cd38b0000 r--s 0000e000 08:01 10226172                   /opt/android-studio/gradle/gradle-2.14.1/lib/plugins/gradle-ivy-2.14.1.jar
7f6cd38b0000-7f6cd38b5000 r--s 0002b000 08:01 10226160                   /opt/android-studio/gradle/gradle-2.14.1/lib/plugins/gradle-ide-native-2.14.1.jar
7f6cd38b5000-7f6cd38c0000 r--s 00066000 08:01 10226059                   /opt/android-studio/gradle/gradle-2.14.1/lib/plugins/gradle-ide-2.14.1.jar
7f6cd38c0000-7f6cd38c6000 r--s 00032000 08:01 10226067                   /opt/android-studio/gradle/gradle-2.14.1/lib/plugins/gradle-diagnostics-2.14.1.jar
7f6cd38c6000-7f6cd38ca000 r--s 00021000 08:01 10226162                   /opt/android-studio/gradle/gradle-2.14.1/lib/plugins/gradle-code-quality-2.14.1.jar
7f6cd38ca000-7f6cd38ce000 r--s 0001f000 08:01 10226066                   /opt/android-studio/gradle/gradle-2.14.1/lib/plugins/gradle-build-init-2.14.1.jar
7f6cd38ce000-7f6cd38e6000 r--s 00115000 08:01 10226090                   /opt/android-studio/gradle/gradle-2.14.1/lib/plugins/xercesImpl-2.9.1.jar
7f6cd38e6000-7f6cd38fb000 r-xp 00000000 08:01 2625402                    /lib/x86_64-linux-gnu/libgcc_s.so.1
7f6cd38fb000-7f6cd3afa000 ---p 00015000 08:01 2625402                    /lib/x86_64-linux-gnu/libgcc_s.so.1
7f6cd3afa000-7f6cd3afb000 r--p 00014000 08:01 2625402                    /lib/x86_64-linux-gnu/libgcc_s.so.1
7f6cd3afb000-7f6cd3afc000 rw-p 00015000 08:01 2625402                    /lib/x86_64-linux-gnu/libgcc_s.so.1
7f6cd3afc000-7f6cd3bde000 r-xp 00000000 08:01 13114888                   /usr/lib/x86_64-linux-gnu/libstdc++.so.6.0.16
7f6cd3bde000-7f6cd3ddd000 ---p 000e2000 08:01 13114888                   /usr/lib/x86_64-linux-gnu/libstdc++.so.6.0.16
7f6cd3ddd000-7f6cd3de5000 r--p 000e1000 08:01 13114888                   /usr/lib/x86_64-linux-gnu/libstdc++.so.6.0.16
7f6cd3de5000-7f6cd3de7000 rw-p 000e9000 08:01 13114888                   /usr/lib/x86_64-linux-gnu/libstdc++.so.6.0.16
7f6cd3de7000-7f6cd3dfc000 rw-p 00000000 00:00 0 
7f6cd3dfc000-7f6cd3e00000 r-xp 00000000 08:01 10620998                   /root/.gradle/native/19/linux-amd64/libnative-platform.so
7f6cd3e00000-7f6cd3fff000 ---p 00004000 08:01 10620998                   /root/.gradle/native/19/linux-amd64/libnative-platform.so
7f6cd3fff000-7f6cd4000000 rw-p 00003000 08:01 10620998                   /root/.gradle/native/19/linux-amd64/libnative-platform.so
7f6cd4000000-7f6cd47a9000 rw-p 00000000 00:00 0 
7f6cd47a9000-7f6cd8000000 ---p 00000000 00:00 0 
7f6cd8000000-7f6cd8021000 rw-p 00000000 00:00 0 
7f6cd8021000-7f6cdc000000 ---p 00000000 00:00 0 
7f6cdc000000-7f6cdc021000 rw-p 00000000 00:00 0 
7f6cdc021000-7f6ce0000000 ---p 00000000 00:00 0 
7f6ce0000000-7f6ce12e8000 rw-p 00000000 00:00 0 
7f6ce12e8000-7f6ce4000000 ---p 00000000 00:00 0 
7f6ce4000000-7f6ce4021000 rw-p 00000000 00:00 0 
7f6ce4021000-7f6ce8000000 ---p 00000000 00:00 0 
7f6ce8000000-7f6ce8021000 rw-p 00000000 00:00 0 
7f6ce8021000-7f6cec000000 ---p 00000000 00:00 0 
7f6cec000000-7f6cec021000 rw-p 00000000 00:00 0 
7f6cec021000-7f6cf0000000 ---p 00000000 00:00 0 
7f6cf0000000-7f6cf0043000 rw-p 00000000 00:00 0 
7f6cf0043000-7f6cf4000000 ---p 00000000 00:00 0 
7f6cf4000000-7f6cf405d000 rw-p 00000000 00:00 0 
7f6cf405d000-7f6cf8000000 ---p 00000000 00:00 0 
7f6cf8000000-7f6cf8001000 r--s 00002000 08:01 10226164                   /opt/android-studio/gradle/gradle-2.14.1/lib/plugins/gradle-ide-play-2.14.1.jar
7f6cf8001000-7f6cf8002000 r--s 00008000 08:01 10226056                   /opt/android-studio/gradle/gradle-2.14.1/lib/plugins/gradle-ear-2.14.1.jar
7f6cf8002000-7f6cf8009000 r--s 0008e000 08:01 10226169                   /opt/android-studio/gradle/gradle-2.14.1/lib/plugins/gradle-build-comparison-2.14.1.jar
7f6cf8009000-7f6cf800b000 r--s 00008000 08:01 10226145                   /opt/android-studio/gradle/gradle-2.14.1/lib/plugins/gradle-antlr-2.14.1.jar
7f6cf800b000-7f6cf800d000 r--s 00004000 08:01 10226171                   /opt/android-studio/gradle/gradle-2.14.1/lib/plugins/gradle-announce-2.14.1.jar
7f6cf800d000-7f6cf8015000 r--s 00028000 08:01 10226118                   /opt/android-studio/gradle/gradle-2.14.1/lib/plugins/xml-apis-1.3.04.jar
7f6cf8015000-7f6cf801b000 r--s 0005b000 08:01 10226109                   /opt/android-studio/gradle/gradle-2.14.1/lib/plugins/jcifs-1.3.17.jar
7f6cf801b000-7f6cf8022000 r--s 00049000 08:01 10226120                   /opt/android-studio/gradle/gradle-2.14.1/lib/plugins/httpcore-4.4.4.jar
7f6cf8022000-7f6cf8028000 r--s 00033000 08:01 10226065                   /opt/android-studio/gradle/gradle-2.14.1/lib/plugins/commons-codec-1.6.jar
7f6cf8028000-7f6cf802b000 r--s 0001c000 08:01 10226060                   /opt/android-studio/gradle/gradle-2.14.1/lib/plugins/nekohtml-1.9.14.jar
7f6cf802b000-7f6cf8038000 r--s 000a4000 08:01 10226157                   /opt/android-studio/gradle/gradle-2.14.1/lib/plugins/httpclient-4.4.1.jar
7f6cf8038000-7f6cf803a000 r--s 0000a000 08:01 10226047                   /opt/android-studio/gradle/gradle-2.14.1/lib/plugins/gradle-resources-http-2.14.1.jar
7f6cf803a000-7f6cf803e000 r--s 00014000 08:01 10226112                   /opt/android-studio/gradle/gradle-2.14.1/lib/plugins/gradle-plugin-use-2.14.1.jar
7f6cf803e000-7f6cf803f000 r--s 00000000 08:01 10226003                   /opt/android-studio/gradle/gradle-2.14.1/lib/gradle-installation-beacon-2.14.1.jar
7f6cf803f000-7f6cf8040000 r--s 00007000 08:01 10226075                   /opt/android-studio/gradle/gradle-2.14.1/lib/plugins/wagon-http-shared4-2.4.jar
7f6cf8040000-7f6cf8044000 r--s 00033000 08:01 10226148                   /opt/android-studio/gradle/gradle-2.14.1/lib/plugins/plexus-utils-2.0.6.jar
7f6cf8044000-7f6cf8048000 r--s 00021000 08:01 10226111                   /opt/android-studio/gradle/gradle-2.14.1/lib/plugins/maven-model-builder-3.0.4.jar
7f6cf8048000-7f6cf8049000 r--s 00002000 08:01 10226064                   /opt/android-studio/gradle/gradle-2.14.1/lib/plugins/wagon-file-2.4.jar
7f6cf8049000-7f6cf804b000 r--s 00002000 08:01 10226140                   /opt/android-studio/gradle/gradle-2.14.1/lib/plugins/plexus-cipher-1.7.jar
7f6cf804b000-7f6cf804e000 r--s 00013000 08:01 10226176                   /opt/android-studio/gradle/gradle-2.14.1/lib/plugins/aether-api-1.13.1.jar
7f6cf804e000-7f6cf8050000 r--s 0000a000 08:01 10226080                   /opt/android-studio/gradle/gradle-2.14.1/lib/plugins/maven-settings-3.0.4.jar
7f6cf8050000-7f6cf8052000 r--s 0000d000 08:01 10226113                   /opt/android-studio/gradle/gradle-2.14.1/lib/plugins/plexus-interpolation-1.14.jar
7f6cf8052000-7f6cf8054000 r--s 0000b000 08:01 10226155                   /opt/android-studio/gradle/gradle-2.14.1/lib/plugins/maven-artifact-3.0.4.jar
7f6cf8054000-7f6cf805b000 r--s 0002e000 08:01 10226072                   /opt/android-studio/gradle/gradle-2.14.1/lib/plugins/plexus-container-default-1.5.5.jar
7f6cf805b000-7f6cf805d000 r--s 0000b000 08:01 10226100                   /opt/android-studio/gradle/gradle-2.14.1/lib/plugins/maven-plugin-api-3.0.4.jar
7f6cf805d000-7f6cf805f000 r--s 00000000 08:01 10226103                   /opt/android-studio/gradle/gradle-2.14.1/lib/plugins/plexus-component-annotations-1.5.5.jar
7f6cf805f000-7f6cf8065000 r--s 0003f000 08:01 10226114                   /opt/android-studio/gradle/gradle-2.14.1/lib/plugins/maven-compat-3.0.4.jar
7f6cf8065000-7f6cf8068000 r--s 00008000 08:01 10226088                   /opt/android-studio/gradle/gradle-2.14.1/lib/plugins/maven-settings-builder-3.0.4.jar
7f6cf8068000-7f6cf8069000 r--s 00002000 08:01 10226044                   /opt/android-studio/gradle/gradle-2.14.1/lib/plugins/wagon-http-2.4.jar
7f6cf8069000-7f6cf806b000 r--s 00026000 08:01 10226174                   /opt/android-studio/gradle/gradle-2.14.1/lib/plugins/maven-model-3.0.4.jar
7f6cf806b000-7f6cf806d000 r--s 00006000 08:01 10226151                   /opt/android-studio/gradle/gradle-2.14.1/lib/plugins/aether-connector-wagon-1.13.1.jar
7f6cf806d000-7f6cf806f000 r--s 0000a000 08:01 10226073                   /opt/android-studio/gradle/gradle-2.14.1/lib/plugins/plexus-classworlds-2.4.jar
7f6cf806f000-7f6cf8071000 r--s 00006000 08:01 10226116                   /opt/android-studio/gradle/gradle-2.14.1/lib/plugins/maven-repository-metadata-3.0.4.jar
7f6cf8071000-7f6cf8073000 r--s 0000c000 08:01 10226092                   /opt/android-studio/gradle/gradle-2.14.1/lib/plugins/maven-aether-provider-3.0.4.jar
7f6cf8073000-7f6cf8075000 r--s 0000b000 08:01 10226082                   /opt/android-studio/gradle/gradle-2.14.1/lib/plugins/wagon-provider-api-2.4.jar
7f6cf8075000-7f6cf8076000 r--s 00003000 08:01 10226048                   /opt/android-studio/gradle/gradle-2.14.1/lib/plugins/aether-spi-1.13.1.jar
7f6cf8076000-7f6cf807a000 r--s 0001c000 08:01 10226165                   /opt/android-studio/gradle/gradle-2.14.1/lib/plugins/aether-util-1.13.1.jar
7f6cf807a000-7f6cf807d000 r--s 0001d000 08:01 10226110                   /opt/android-studio/gradle/gradle-2.14.1/lib/plugins/aether-impl-1.13.1.jar
7f6cf807d000-7f6cf807e000 r--s 00006000 08:01 10226117                   /opt/android-studio/gradle/gradle-2.14.1/lib/plugins/plexus-sec-dispatcher-1.3.jar
7f6cf807e000-7f6cf8083000 r--s 00040000 08:01 10226050                   /opt/android-studio/gradle/gradle-2.14.1/lib/plugins/jsch-0.1.53.jar
7f6cf8083000-7f6cf80c3000 r--s 00277000 08:01 10226054                   /opt/android-studio/gradle/gradle-2.14.1/lib/plugins/bcprov-jdk15on-1.51.jar
7f6cf80c3000-7f6cf80c7000 r--s 0001d000 08:01 10226095                   /opt/android-studio/gradle/gradle-2.14.1/lib/plugins/xbean-reflect-3.4.jar
7f6cf80c7000-7f6cf80d3000 r--s 0007d000 08:01 10226119                   /opt/android-studio/gradle/gradle-2.14.1/lib/plugins/maven-core-3.0.4.jar
7f6cf80d3000-7f6cf80d8000 r--s 0002a000 08:01 10226089                   /opt/android-studio/gradle/gradle-2.14.1/lib/plugins/gson-2.2.4.jar
7f6cf80d8000-7f6cf80e7000 r--s 000d9000 08:01 10226070                   /opt/android-studio/gradle/gradle-2.14.1/lib/plugins/ivy-2.2.0.jar
7f6cf80e7000-7f6cf8103000 r--s 000d3000 08:01 10226094                   /opt/android-studio/gradle/gradle-2.14.1/lib/plugins/gradle-dependency-management-2.14.1.jar
7f6cf8103000-7f6cf8114000 r-xp 00000000 08:01 13766351                   /usr/lib/jvm/java-8-oracle/jre/lib/amd64/libnio.so
7f6cf8114000-7f6cf8313000 ---p 00011000 08:01 13766351                   /usr/lib/jvm/java-8-oracle/jre/lib/amd64/libnio.so
7f6cf8313000-7f6cf8314000 rw-p 00010000 08:01 13766351                   /usr/lib/jvm/java-8-oracle/jre/lib/amd64/libnio.so
7f6cf8314000-7f6cf832a000 r-xp 00000000 08:01 13766365                   /usr/lib/jvm/java-8-oracle/jre/lib/amd64/libnet.so
7f6cf832a000-7f6cf852a000 ---p 00016000 08:01 13766365                   /usr/lib/jvm/java-8-oracle/jre/lib/amd64/libnet.so
7f6cf852a000-7f6cf852b000 rw-p 00016000 08:01 13766365                   /usr/lib/jvm/java-8-oracle/jre/lib/amd64/libnet.so
7f6cf852b000-7f6cf852d000 r--s 00005000 08:01 10226013                   /opt/android-studio/gradle/gradle-2.14.1/lib/gradle-wrapper-2.14.1.jar
7f6cf852d000-7f6cf853b000 r--s 0004f000 08:01 10225998                   /opt/android-studio/gradle/gradle-2.14.1/lib/gradle-tooling-api-2.14.1.jar
7f6cf853b000-7f6cf853d000 r--s 00002000 08:01 10226002                   /opt/android-studio/gradle/gradle-2.14.1/lib/gradle-open-api-2.14.1.jar
7f6cf853d000-7f6cf8543000 r--s 00032000 08:01 10226036                   /opt/android-studio/gradle/gradle-2.14.1/lib/jaxen-1.1.jar
7f6cf8543000-7f6cf8548000 r--s 00048000 08:01 10226001                   /opt/android-studio/gradle/gradle-2.14.1/lib/dom4j-1.6.1.jar
7f6cf8548000-7f6cf8553000 r--s 00059000 08:01 10226030                   /opt/android-studio/gradle/gradle-2.14.1/lib/gradle-ui-2.14.1.jar
7f6cf8553000-7f6cf8556000 r--s 0000b000 08:01 10226178                   /opt/android-studio/gradle/gradle-2.14.1/lib/gradle-resources-2.14.1.jar
7f6cf8556000-7f6cf8558000 r--s 00003000 08:01 10226039                   /opt/android-studio/gradle/gradle-2.14.1/lib/jcl-over-slf4j-1.7.10.jar
7f6cf8558000-7f6cf8559000 r--s 00005000 08:01 10226033                   /opt/android-studio/gradle/gradle-2.14.1/lib/log4j-over-slf4j-1.7.10.jar
7f6cf8559000-7f6cf855b000 r--s 00000000 08:01 10226179                   /opt/android-studio/gradle/gradle-2.14.1/lib/jul-to-slf4j-1.7.10.jar
7f6cf855b000-7f6cf8560000 r--s 0001c000 08:01 10226011                   /opt/android-studio/gradle/gradle-2.14.1/lib/gradle-logging-2.14.1.jar
7f6cf8560000-7f6cf8562000 r--s 00007000 08:01 10226042                   /opt/android-studio/gradle/gradle-2.14.1/lib/objenesis-1.2.jar
7f6cf8562000-7f6cf8564000 r--s 00000000 08:01 10226006                   /opt/android-studio/gradle/gradle-2.14.1/lib/minlog-1.2.jar
7f6cf8564000-7f6cf8566000 r--s 0000f000 08:01 10226017                   /opt/android-studio/gradle/gradle-2.14.1/lib/reflectasm-1.07-shaded.jar
7f6cf8566000-7f6cf856a000 r--s 00026000 08:01 10226031                   /opt/android-studio/gradle/gradle-2.14.1/lib/kryo-2.20.jar
7f6cf856a000-7f6cf8570000 r--s 00025000 08:01 10226000                   /opt/android-studio/gradle/gradle-2.14.1/lib/gradle-messaging-2.14.1.jar
7f6cf8570000-7f6cf8571000 r--s 00003000 08:01 10226038                   /opt/android-studio/gradle/gradle-2.14.1/lib/native-platform-freebsd-amd64-0.10.jar
7f6cf8571000-7f6cf8572000 r--s 00003000 08:01 10226020                   /opt/android-studio/gradle/gradle-2.14.1/lib/native-platform-freebsd-i386-0.10.jar
7f6cf8572000-7f6cf8573000 r--s 00005000 08:01 10226008                   /opt/android-studio/gradle/gradle-2.14.1/lib/native-platform-windows-i386-0.10.jar
7f6cf8573000-7f6cf8574000 r--s 00005000 08:01 10226007                   /opt/android-studio/gradle/gradle-2.14.1/lib/native-platform-windows-amd64-0.10.jar
7f6cf8574000-7f6cf8575000 r--s 00003000 08:01 10226021                   /opt/android-studio/gradle/gradle-2.14.1/lib/native-platform-linux-i386-0.10.jar
7f6cf8575000-7f6cf8576000 r--s 00003000 08:01 10226005                   /opt/android-studio/gradle/gradle-2.14.1/lib/native-platform-linux-amd64-0.10.jar
7f6cf8576000-7f6cf8577000 r--s 00002000 08:01 10226004                   /opt/android-studio/gradle/gradle-2.14.1/lib/native-platform-osx-amd64-0.10.jar
7f6cf8577000-7f6cf8578000 r--s 00002000 08:01 10226034                   /opt/android-studio/gradle/gradle-2.14.1/lib/native-platform-osx-i386-0.10.jar
7f6cf8578000-7f6cf857a000 r--s 00008000 08:01 10226035                   /opt/android-studio/gradle/gradle-2.14.1/lib/jansi-1.2.1.jar
7f6cf857a000-7f6cf857d000 r--s 0000d000 08:01 10226029                   /opt/android-studio/gradle/gradle-2.14.1/lib/native-platform-0.10.jar
7f6cf857d000-7f6cf8581000 r--s 000e4000 08:01 10226028                   /opt/android-studio/gradle/gradle-2.14.1/lib/jna-3.2.7.jar
7f6cf8581000-7f6cf8590000 r--s 00080000 08:01 10226026                   /opt/android-studio/gradle/gradle-2.14.1/lib/gradle-model-core-2.14.1.jar
7f6cf8590000-7f6cf859d000 r--s 00083000 08:01 10226180                   /opt/android-studio/gradle/gradle-2.14.1/lib/commons-collections-3.2.2.jar
7f6cf859d000-7f6cf860c000 r--s 0063e000 08:01 10226182                   /opt/android-studio/gradle/gradle-2.14.1/lib/groovy-all-2.4.4.jar
7f6cf860c000-7f6cf8634000 r--s 001cf000 08:01 10226014                   /opt/android-studio/gradle/gradle-2.14.1/lib/guava-jdk5-17.0.jar
7f6cf8634000-7f6cf8653000 r--s 001d1000 08:01 10226012                   /opt/android-studio/gradle/gradle-2.14.1/lib/ant-1.9.6.jar
7f6cf8653000-7f6cf868a000 r--s 001bd000 08:01 10226015                   /opt/android-studio/gradle/gradle-2.14.1/lib/gradle-core-2.14.1.jar
7f6cf868a000-7f6cf868b000 ---p 00000000 00:00 0 
7f6cf868b000-7f6cf878b000 rw-p 00000000 00:00 0                          [stack:11483]
7f6cf878b000-7f6cf878e000 ---p 00000000 00:00 0 
7f6cf878e000-7f6cf888c000 rw-p 00000000 00:00 0                          [stack:11482]
7f6cf888c000-7f6cf888f000 ---p 00000000 00:00 0 
7f6cf888f000-7f6cf898d000 rw-p 00000000 00:00 0                          [stack:11481]
7f6cf898d000-7f6cf8990000 ---p 00000000 00:00 0 
7f6cf8990000-7f6cf8a8e000 rw-p 00000000 00:00 0                          [stack:11480]
7f6cf8a8e000-7f6cf8a91000 ---p 00000000 00:00 0 
7f6cf8a91000-7f6cf8b8f000 rw-p 00000000 00:00 0                          [stack:11479]
7f6cf8b8f000-7f6cf9273000 r--p 00000000 08:01 13113697                   /usr/lib/locale/locale-archive
7f6cf9273000-7f6cf9276000 ---p 00000000 00:00 0 
7f6cf9276000-7f6cf9374000 rw-p 00000000 00:00 0                          [stack:11478]
7f6cf9374000-7f6cf9377000 ---p 00000000 00:00 0 
7f6cf9377000-7f6cf9475000 rw-p 00000000 00:00 0                          [stack:11477]
7f6cf9475000-7f6cf9476000 ---p 00000000 00:00 0 
7f6cf9476000-7f6cf9ece000 rw-p 00000000 00:00 0                          [stack:11476]
7f6cf9ece000-7f6cfa0a7000 r--s 03d29000 08:01 13118676                   /usr/lib/jvm/java-8-oracle/jre/lib/rt.jar
7f6cfa0a7000-7f6cfcaa7000 rw-p 00000000 00:00 0 
7f6cfcaa7000-7f6cfcaa8000 ---p 00000000 00:00 0 
7f6cfcaa8000-7f6cfcba8000 rw-p 00000000 00:00 0                          [stack:11475]
7f6cfcba8000-7f6cfcba9000 ---p 00000000 00:00 0 
7f6cfcba9000-7f6cfccba000 rw-p 00000000 00:00 0                          [stack:11474]
7f6cfccba000-7f6cfcdff000 ---p 00000000 00:00 0 
7f6cfcdff000-7f6cfce10000 rw-p 00000000 00:00 0 
7f6cfce10000-7f6cfcf54000 ---p 00000000 00:00 0 
7f6cfcf54000-7f6cfcf9a000 rw-p 00000000 00:00 0 
7f6cfcf9a000-7f6cfcfff000 ---p 00000000 00:00 0 
7f6cfcfff000-7f6cfd000000 rw-p 00000000 00:00 0 
7f6cfd000000-7f6cfdac0000 rwxp 00000000 00:00 0 
7f6cfdac0000-7f6d0c000000 ---p 00000000 00:00 0 
7f6d0c000000-7f6d0cc3e000 rw-p 00000000 00:00 0 
7f6d0cc3e000-7f6d10000000 ---p 00000000 00:00 0 
7f6d10000000-7f6d10002000 r--s 00009000 08:01 10226040                   /opt/android-studio/gradle/gradle-2.14.1/lib/gradle-native-2.14.1.jar
7f6d10002000-7f6d10004000 r--s 00005000 08:01 10226041                   /opt/android-studio/gradle/gradle-2.14.1/lib/gradle-cli-2.14.1.jar
7f6d10004000-7f6d10006000 r--s 00007000 08:01 10226010                   /opt/android-studio/gradle/gradle-2.14.1/lib/gradle-model-groovy-2.14.1.jar
7f6d10006000-7f6d10007000 r--s 00006000 08:01 10226025                   /opt/android-studio/gradle/gradle-2.14.1/lib/gradle-base-services-groovy-2.14.1.jar
7f6d10007000-7f6d10008000 r--s 00002000 08:01 10226018                   /opt/android-studio/gradle/gradle-2.14.1/lib/gradle-docs-2.14.1.jar
7f6d10008000-7f6d1000c000 r--s 00027000 08:01 10226032                   /opt/android-studio/gradle/gradle-2.14.1/lib/commons-io-2.2.jar
7f6d1000c000-7f6d10011000 r--s 00038000 08:01 10226022                   /opt/android-studio/gradle/gradle-2.14.1/lib/asm-all-5.1.jar
7f6d10011000-7f6d10019000 r--s 0003a000 08:01 10226023                   /opt/android-studio/gradle/gradle-2.14.1/lib/gradle-base-services-2.14.1.jar
7f6d10019000-7f6d100db000 rw-p 00000000 00:00 0 
7f6d100db000-7f6d10470000 ---p 00000000 00:00 0 
7f6d10470000-7f6d1048a000 r-xp 00000000 08:01 13766358                   /usr/lib/jvm/java-8-oracle/jre/lib/amd64/libzip.so
7f6d1048a000-7f6d1068a000 ---p 0001a000 08:01 13766358                   /usr/lib/jvm/java-8-oracle/jre/lib/amd64/libzip.so
7f6d1068a000-7f6d1068b000 rw-p 0001a000 08:01 13766358                   /usr/lib/jvm/java-8-oracle/jre/lib/amd64/libzip.so
7f6d1068b000-7f6d10696000 r-xp 00000000 08:01 2621673                    /lib/x86_64-linux-gnu/libnss_files-2.15.so
7f6d10696000-7f6d10895000 ---p 0000b000 08:01 2621673                    /lib/x86_64-linux-gnu/libnss_files-2.15.so
7f6d10895000-7f6d10896000 r--p 0000a000 08:01 2621673                    /lib/x86_64-linux-gnu/libnss_files-2.15.so
7f6d10896000-7f6d10897000 rw-p 0000b000 08:01 2621673                    /lib/x86_64-linux-gnu/libnss_files-2.15.so
7f6d10897000-7f6d108a1000 r-xp 00000000 08:01 2621658                    /lib/x86_64-linux-gnu/libnss_nis-2.15.so
7f6d108a1000-7f6d10aa1000 ---p 0000a000 08:01 2621658                    /lib/x86_64-linux-gnu/libnss_nis-2.15.so
7f6d10aa1000-7f6d10aa2000 r--p 0000a000 08:01 2621658                    /lib/x86_64-linux-gnu/libnss_nis-2.15.so
7f6d10aa2000-7f6d10aa3000 rw-p 0000b000 08:01 2621658                    /lib/x86_64-linux-gnu/libnss_nis-2.15.so
7f6d10aa3000-7f6d10aba000 r-xp 00000000 08:01 2621667                    /lib/x86_64-linux-gnu/libnsl-2.15.so
7f6d10aba000-7f6d10cb9000 ---p 00017000 08:01 2621667                    /lib/x86_64-linux-gnu/libnsl-2.15.so
7f6d10cb9000-7f6d10cba000 r--p 00016000 08:01 2621667                    /lib/x86_64-linux-gnu/libnsl-2.15.so
7f6d10cba000-7f6d10cbb000 rw-p 00017000 08:01 2621667                    /lib/x86_64-linux-gnu/libnsl-2.15.so
7f6d10cbb000-7f6d10cbd000 rw-p 00000000 00:00 0 
7f6d10cbd000-7f6d10cc5000 r-xp 00000000 08:01 2621672                    /lib/x86_64-linux-gnu/libnss_compat-2.15.so
7f6d10cc5000-7f6d10ec4000 ---p 00008000 08:01 2621672                    /lib/x86_64-linux-gnu/libnss_compat-2.15.so
7f6d10ec4000-7f6d10ec5000 r--p 00007000 08:01 2621672                    /lib/x86_64-linux-gnu/libnss_compat-2.15.so
7f6d10ec5000-7f6d10ec6000 rw-p 00008000 08:01 2621672                    /lib/x86_64-linux-gnu/libnss_compat-2.15.so
7f6d10ec6000-7f6d10ef0000 r-xp 00000000 08:01 13766323                   /usr/lib/jvm/java-8-oracle/jre/lib/amd64/libjava.so
7f6d10ef0000-7f6d110f0000 ---p 0002a000 08:01 13766323                   /usr/lib/jvm/java-8-oracle/jre/lib/amd64/libjava.so
7f6d110f0000-7f6d110f2000 rw-p 0002a000 08:01 13766323                   /usr/lib/jvm/java-8-oracle/jre/lib/amd64/libjava.so
7f6d110f2000-7f6d110ff000 r-xp 00000000 08:01 13766361                   /usr/lib/jvm/java-8-oracle/jre/lib/amd64/libverify.so
7f6d110ff000-7f6d112ff000 ---p 0000d000 08:01 13766361                   /usr/lib/jvm/java-8-oracle/jre/lib/amd64/libverify.so
7f6d112ff000-7f6d11301000 rw-p 0000d000 08:01 13766361                   /usr/lib/jvm/java-8-oracle/jre/lib/amd64/libverify.so
7f6d11301000-7f6d11308000 r-xp 00000000 08:01 2621660                    /lib/x86_64-linux-gnu/librt-2.15.so
7f6d11308000-7f6d11507000 ---p 00007000 08:01 2621660                    /lib/x86_64-linux-gnu/librt-2.15.so
7f6d11507000-7f6d11508000 r--p 00006000 08:01 2621660                    /lib/x86_64-linux-gnu/librt-2.15.so
7f6d11508000-7f6d11509000 rw-p 00007000 08:01 2621660                    /lib/x86_64-linux-gnu/librt-2.15.so
7f6d11509000-7f6d11604000 r-xp 00000000 08:01 2621674                    /lib/x86_64-linux-gnu/libm-2.15.so
7f6d11604000-7f6d11803000 ---p 000fb000 08:01 2621674                    /lib/x86_64-linux-gnu/libm-2.15.so
7f6d11803000-7f6d11804000 r--p 000fa000 08:01 2621674                    /lib/x86_64-linux-gnu/libm-2.15.so
7f6d11804000-7f6d11805000 rw-p 000fb000 08:01 2621674                    /lib/x86_64-linux-gnu/libm-2.15.so
7f6d11805000-7f6d124d0000 r-xp 00000000 08:01 13894575                   /usr/lib/jvm/java-8-oracle/jre/lib/amd64/server/libjvm.so
7f6d124d0000-7f6d126cf000 ---p 00ccb000 08:01 13894575                   /usr/lib/jvm/java-8-oracle/jre/lib/amd64/server/libjvm.so
7f6d126cf000-7f6d127a8000 rw-p 00cca000 08:01 13894575                   /usr/lib/jvm/java-8-oracle/jre/lib/amd64/server/libjvm.so
7f6d127a8000-7f6d127f3000 rw-p 00000000 00:00 0 
7f6d127f3000-7f6d129a7000 r-xp 00000000 08:01 2621665                    /lib/x86_64-linux-gnu/libc-2.15.so
7f6d129a7000-7f6d12ba6000 ---p 001b4000 08:01 2621665                    /lib/x86_64-linux-gnu/libc-2.15.so
7f6d12ba6000-7f6d12baa000 r--p 001b3000 08:01 2621665                    /lib/x86_64-linux-gnu/libc-2.15.so
7f6d12baa000-7f6d12bac000 rw-p 001b7000 08:01 2621665                    /lib/x86_64-linux-gnu/libc-2.15.so
7f6d12bac000-7f6d12bb1000 rw-p 00000000 00:00 0 
7f6d12bb1000-7f6d12bb3000 r-xp 00000000 08:01 2621657                    /lib/x86_64-linux-gnu/libdl-2.15.so
7f6d12bb3000-7f6d12db3000 ---p 00002000 08:01 2621657                    /lib/x86_64-linux-gnu/libdl-2.15.so
7f6d12db3000-7f6d12db4000 r--p 00002000 08:01 2621657                    /lib/x86_64-linux-gnu/libdl-2.15.so
7f6d12db4000-7f6d12db5000 rw-p 00003000 08:01 2621657                    /lib/x86_64-linux-gnu/libdl-2.15.so
7f6d12db5000-7f6d12dca000 r-xp 00000000 08:01 2627921                    /usr/lib/jvm/java-8-oracle/lib/amd64/jli/libjli.so
7f6d12dca000-7f6d12fca000 ---p 00015000 08:01 2627921                    /usr/lib/jvm/java-8-oracle/lib/amd64/jli/libjli.so
7f6d12fca000-7f6d12fcb000 rw-p 00015000 08:01 2627921                    /usr/lib/jvm/java-8-oracle/lib/amd64/jli/libjli.so
7f6d12fcb000-7f6d12fe3000 r-xp 00000000 08:01 2621668                    /lib/x86_64-linux-gnu/libpthread-2.15.so
7f6d12fe3000-7f6d131e2000 ---p 00018000 08:01 2621668                    /lib/x86_64-linux-gnu/libpthread-2.15.so
7f6d131e2000-7f6d131e3000 r--p 00017000 08:01 2621668                    /lib/x86_64-linux-gnu/libpthread-2.15.so
7f6d131e3000-7f6d131e4000 rw-p 00018000 08:01 2621668                    /lib/x86_64-linux-gnu/libpthread-2.15.so
7f6d131e4000-7f6d131e8000 rw-p 00000000 00:00 0 
7f6d131e8000-7f6d1320a000 r-xp 00000000 08:01 2621671                    /lib/x86_64-linux-gnu/ld-2.15.so
7f6d1320a000-7f6d1320b000 r--s 00000000 08:01 10226181                   /opt/android-studio/gradle/gradle-2.14.1/lib/javax.inject-1.jar
7f6d1320b000-7f6d1320c000 r--s 00000000 08:01 10226016                   /opt/android-studio/gradle/gradle-2.14.1/lib/jcip-annotations-1.0.jar
7f6d1320c000-7f6d13211000 r--s 00041000 08:01 10226024                   /opt/android-studio/gradle/gradle-2.14.1/lib/commons-lang-2.6.jar
7f6d13211000-7f6d132ea000 rw-p 00000000 00:00 0 
7f6d132ea000-7f6d132ed000 ---p 00000000 00:00 0 
7f6d132ed000-7f6d133ef000 rw-p 00000000 00:00 0                          [stack:11473]
7f6d133ef000-7f6d133f0000 r--s 00001000 08:01 10226037                   /opt/android-studio/gradle/gradle-2.14.1/lib/gradle-process-services-2.14.1.jar
7f6d133f0000-7f6d133f1000 r--s 00000000 08:01 10225999                   /opt/android-studio/gradle/gradle-2.14.1/lib/gradle-jvm-services-2.14.1.jar
7f6d133f1000-7f6d133f2000 r--s 00007000 08:01 10226009                   /opt/android-studio/gradle/gradle-2.14.1/lib/slf4j-api-1.7.10.jar
7f6d133f2000-7f6d133f3000 r--s 00004000 08:01 10226027                   /opt/android-studio/gradle/gradle-2.14.1/lib/ant-launcher-1.9.6.jar
7f6d133f3000-7f6d133fe000 r--s 00051000 08:01 10226019                   /opt/android-studio/gradle/gradle-2.14.1/lib/gradle-launcher-2.14.1.jar
7f6d133fe000-7f6d13406000 rw-s 00000000 08:01 4850455                    /tmp/hsperfdata_root/11470
7f6d13406000-7f6d13407000 rw-p 00000000 00:00 0 
7f6d13407000-7f6d13408000 r--p 00000000 00:00 0 
7f6d13408000-7f6d1340a000 rw-p 00000000 00:00 0 
7f6d1340a000-7f6d1340b000 r--p 00022000 08:01 2621671                    /lib/x86_64-linux-gnu/ld-2.15.so
7f6d1340b000-7f6d1340d000 rw-p 00023000 08:01 2621671                    /lib/x86_64-linux-gnu/ld-2.15.so
7fff76d1b000-7fff76d3c000 rw-p 00000000 00:00 0                          [stack]
7fff76dfd000-7fff76dff000 r-xp 00000000 00:00 0                          [vdso]
ffffffffff600000-ffffffffff601000 r-xp 00000000 00:00 0                  [vsyscall]

VM Arguments:
jvm_args: -XX:MaxPermSize=256m -XX:+HeapDumpOnOutOfMemoryError -Xmx1024m -Dfile.encoding=UTF-8 -Duser.country=US -Duser.language=en -Duser.variant 
java_command: org.gradle.launcher.daemon.bootstrap.GradleDaemon 2.14.1
java_class_path (initial): /opt/android-studio/gradle/gradle-2.14.1/lib/gradle-launcher-2.14.1.jar
Launcher Type: SUN_STANDARD

Environment Variables:
PATH=/usr/local/sbin:/usr/local/bin:/usr/sbin:/usr/bin:/sbin:/bin
USERNAME=root
LD_LIBRARY_PATH=/opt/android-studio/bin:
SHELL=/bin/bash
DISPLAY=:0.0

Signal Handlers:
SIGSEGV: [libjvm.so+0xac4790], sa_mask[0]=11111111011111111101111111111110, sa_flags=SA_RESTART|SA_SIGINFO
SIGBUS: [libjvm.so+0xac4790], sa_mask[0]=11111111011111111101111111111110, sa_flags=SA_RESTART|SA_SIGINFO
SIGFPE: [libjvm.so+0x91f140], sa_mask[0]=11111111011111111101111111111110, sa_flags=SA_RESTART|SA_SIGINFO
SIGPIPE: [libjvm.so+0x91f140], sa_mask[0]=11111111011111111101111111111110, sa_flags=SA_RESTART|SA_SIGINFO
SIGXFSZ: [libjvm.so+0x91f140], sa_mask[0]=11111111011111111101111111111110, sa_flags=SA_RESTART|SA_SIGINFO
SIGILL: [libjvm.so+0x91f140], sa_mask[0]=11111111011111111101111111111110, sa_flags=SA_RESTART|SA_SIGINFO
SIGUSR1: SIG_DFL, sa_mask[0]=00000000000000000000000000000000, sa_flags=none
SIGUSR2: [libjvm.so+0x920770], sa_mask[0]=00100000000000000000000000000000, sa_flags=SA_RESTART|SA_SIGINFO
SIGHUP: [libjvm.so+0x921b70], sa_mask[0]=11111111011111111101111111111110, sa_flags=SA_RESTART|SA_SIGINFO
SIGINT: [libjvm.so+0x921b70], sa_mask[0]=11111111011111111101111111111110, sa_flags=SA_RESTART|SA_SIGINFO
SIGTERM: [libjvm.so+0x921b70], sa_mask[0]=11111111011111111101111111111110, sa_flags=SA_RESTART|SA_SIGINFO
SIGQUIT: [libjvm.so+0x921b70], sa_mask[0]=11111111011111111101111111111110, sa_flags=SA_RESTART|SA_SIGINFO


---------------  S Y S T E M  ---------------

OS:DISTRIB_ID=Ubuntu
DISTRIB_RELEASE=12.04
DISTRIB_CODENAME=precise
DISTRIB_DESCRIPTION="Ubuntu 12.04.5 LTS"

uname:Linux 3.13.0-95-generic #142~precise1-Ubuntu SMP Fri Aug 12 18:20:15 UTC 2016 x86_64
libc:glibc 2.15 NPTL 2.15 
rlimit: STACK 8192k, CORE 0k, NPROC 22873, NOFILE 4096, AS infinity
load average:2.30 1.85 1.28

/proc/meminfo:
MemTotal:        2948840 kB
MemFree:           75644 kB
Buffers:            9324 kB
Cached:           552776 kB
SwapCached:        50208 kB
Active:          1949068 kB
Inactive:         734988 kB
Active(anon):    1753468 kB
Inactive(anon):   543984 kB
Active(file):     195600 kB
Inactive(file):   191004 kB
Unevictable:           0 kB
Mlocked:               0 kB
SwapTotal:       3008508 kB
SwapFree:        2738848 kB
Dirty:               808 kB
Writeback:             0 kB
AnonPages:       2105972 kB
Mapped:           274620 kB
Shmem:            175488 kB
Slab:              96728 kB
SReclaimable:      67488 kB
SUnreclaim:        29240 kB
KernelStack:        4456 kB
PageTables:        34252 kB
NFS_Unstable:          0 kB
Bounce:                0 kB
WritebackTmp:          0 kB
CommitLimit:     4482928 kB
Committed_AS:    5294316 kB
VmallocTotal:   34359738367 kB
VmallocUsed:      346464 kB
VmallocChunk:   34359383644 kB
HardwareCorrupted:     0 kB
AnonHugePages:    565248 kB
HugePages_Total:       0
HugePages_Free:        0
HugePages_Rsvd:        0
HugePages_Surp:        0
Hugepagesize:       2048 kB
DirectMap4k:       67972 kB
DirectMap2M:     2942976 kB


CPU:total 2 (2 cores per cpu, 1 threads per core) family 6 model 15 stepping 13, cmov, cx8, fxsr, mmx, sse, sse2, sse3, ssse3, tsc

/proc/cpuinfo:
processor	: 0
vendor_id	: GenuineIntel
cpu family	: 6
model		: 15
model name	: Genuine Intel(R) CPU           T1600  @ 1.66GHz
stepping	: 13
microcode	: 0xa3
cpu MHz		: 1662.438
cache size	: 1024 KB
physical id	: 0
siblings	: 2
core id		: 0
cpu cores	: 2
apicid		: 0
initial apicid	: 0
fpu		: yes
fpu_exception	: yes
cpuid level	: 10
wp		: yes
flags		: fpu vme de pse tsc msr pae mce cx8 apic sep mtrr pge mca cmov pat pse36 clflush dts acpi mmx fxsr sse sse2 ss ht tm pbe syscall nx lm constant_tsc arch_perfmon pebs bts rep_good nopl aperfmperf pni dtes64 monitor ds_cpl tm2 ssse3 cx16 xtpr pdcm lahf_lm dtherm
bogomips	: 3324.87
clflush size	: 64
cache_alignment	: 64
address sizes	: 36 bits physical, 48 bits virtual
power management:

processor	: 1
vendor_id	: GenuineIntel
cpu family	: 6
model		: 15
model name	: Genuine Intel(R) CPU           T1600  @ 1.66GHz
stepping	: 13
microcode	: 0xa3
cpu MHz		: 1662.438
cache size	: 1024 KB
physical id	: 0
siblings	: 2
core id		: 1
cpu cores	: 2
apicid		: 1
initial apicid	: 1
fpu		: yes
fpu_exception	: yes
cpuid level	: 10
wp		: yes
flags		: fpu vme de pse tsc msr pae mce cx8 apic sep mtrr pge mca cmov pat pse36 clflush dts acpi mmx fxsr sse sse2 ss ht tm pbe syscall nx lm constant_tsc arch_perfmon pebs bts rep_good nopl aperfmperf pni dtes64 monitor ds_cpl tm2 ssse3 cx16 xtpr pdcm lahf_lm dtherm
bogomips	: 3324.87
clflush size	: 64
cache_alignment	: 64
address sizes	: 36 bits physical, 48 bits virtual
power management:



Memory: 4k page, physical 2948840k(75644k free), swap 3008508k(2738848k free)

vm_info: Java HotSpot(TM) 64-Bit Server VM (25.101-b13) for linux-amd64 JRE (1.8.0_101-b13), built on Jun 22 2016 02:59:44 by "java_re" with gcc 4.3.0 20080428 (Red Hat 4.3.0-8)

time: Tue Sep 27 20:20:17 2016
elapsed time: 17 seconds (0d 0h 0m 17s)

