#
# A fatal error has been detected by the Java Runtime Environment:
#
#  SIGSEGV (0xb) at pc=0x00007f73cb3c7e5b, pid=11263, tid=0x00007f73b26f6700
#
# JRE version: Java(TM) SE Runtime Environment (8.0_101-b13) (build 1.8.0_101-b13)
# Java VM: Java HotSpot(TM) 64-Bit Server VM (25.101-b13 mixed mode linux-amd64 compressed oops)
# Problematic frame:
# V  [libjvm.so+0x993e5b]  ReferenceProcessor::balance_queues(DiscoveredList*)+0x28b
#
# Failed to write core dump. Core dumps have been disabled. To enable core dumping, try "ulimit -c unlimited" before starting Java again
#
# If you would like to submit a bug report, please visit:
#   http://bugreport.java.com/bugreport/crash.jsp
#

---------------  T H R E A D  ---------------

Current thread (0x00007f73c4073800):  VMThread [stack: 0x00007f73b25f6000,0x00007f73b26f7000] [id=11269]

siginfo: si_signo: 11 (SIGSEGV), si_code: 1 (SEGV_MAPERR), si_addr: 0x0000000000000019

Registers:
RAX=0x0000000000000001, RBX=0x00000000000009fd, RCX=0x0000000000000000, RDX=0x0000000000000001
RSP=0x00007f73b26f5298, RBP=0x00007f73b26f52c0, RSI=0x0000000000000000, RDI=0x00000000f21ee058
R8 =0x0000000000000001, R9 =0x0000000000000001, R10=0x0000000000000018, R11=0x0000000000000000
R12=0x0000000000000001, R13=0x00007f73c4070058, R14=0x00007f73cb9e7b80, R15=0x00007f73c4070040
RIP=0x00007f73cb3c7e5b, EFLAGS=0x0000000000010206, CSGSFS=0x0000000000000033, ERR=0x0000000000000004
  TRAPNO=0x000000000000000e

Top of Stack: (sp=0x00007f73b26f5298)
0x00007f73b26f5298:   0000000000000000 00007f73c406ffa0
0x00007f73b26f52a8:   00007f73c4070040 0000000000000000
0x00007f73b26f52b8:   00007f73b26f5720 00007f73b26f5350
0x00007f73b26f52c8:   00007f73cb3ca0a4 00007f73b26f5300
0x00007f73b26f52d8:   00007f73cb9f5450 01007f73b26f5300
0x00007f73b26f52e8:   00007f73cb357ccf 0000000000018e9f
0x00007f73b26f52f8:   00007f73b26f53b0 00007f73b26f53c8
0x00007f73b26f5308:   00007f73cb58401a 000000000000000e
0x00007f73b26f5318:   00007f73b26f53b0 00007f73b26f5350
0x00007f73b26f5328:   00000000061520f2 00007f73c406ffa0
0x00007f73b26f5338:   0000000000000000 00007f73b26f5740
0x00007f73b26f5348:   00007f73b26f53b0 00007f73b26f5410
0x00007f73b26f5358:   00007f73cb3ca85c 00007f73b26f5740
0x00007f73b26f5368:   0000000000000000 00007f73b26f5720
0x00007f73b26f5378:   00007f73cb9f5450 00007f73b26f5510
0x00007f73b26f5388:   0000000000000000 00007f73b26f53c0
0x00007f73b26f5398:   00007f73ca53415d 00000002b26f53c0
0x00007f73b26f53a8:   00000000cb357ccf 00007f73cb58401a
0x00007f73b26f53b8:   00007f73b26f0000 00007f73cb9f52c0
0x00007f73b26f53c8:   0000000ba9bf24a4 0000000000000000
0x00007f73b26f53d8:   00007f73c4017d00 00007f73b26f5410
0x00007f73b26f53e8:   00007f739917e1c0 0000000000000002
0x00007f73b26f53f8:   00007f73c4023380 0000000000000002
0x00007f73b26f5408:   00007f73c4017d00 00007f73b26f5820
0x00007f73b26f5418:   00007f73cb3c2488 00007f73cb9f52c0
0x00007f73b26f5428:   00007f730000000e 0000000000000001
0x00007f73b26f5438:   0000000000000001 00007f73b26f54a0
0x00007f73b26f5448:   00007f73b26f5690 00007f73b26f57b0
0x00007f73b26f5458:   00007f73b26f57a0 00007f73b26f5650
0x00007f73b26f5468:   00007f73cb9f3b50 00007f73b26f5740
0x00007f73b26f5478:   00007f73b26f5610 00007f73b26f56f0
0x00007f73b26f5488:   00007f73b26f56c0 00007f73cb9e62b9 

Instructions: (pc=0x00007f73cb3c7e5b)
0x00007f73cb3c7e3b:   04 40 4c 8d 3c c3 49 83 7f 10 00 0f 95 45 d7 49
0x00007f73cb3c7e4b:   8b 4f 10 e9 1d fe ff ff 0f 1f 44 00 00 4d 89 c8
0x00007f73cb3c7e5b:   43 8b 14 10 44 89 d9 41 b9 00 00 00 00 89 d0 48
0x00007f73cb3c7e6b:   d3 e0 85 d2 48 8d 04 06 4c 0f 45 c8 48 83 45 a8 

Register to memory mapping:

RAX=0x0000000000000001 is an unknown value
RBX=0x00000000000009fd is an unknown value
RCX=0x0000000000000000 is an unknown value
RDX=0x0000000000000001 is an unknown value
RSP=0x00007f73b26f5298 is an unknown value
RBP=0x00007f73b26f52c0 is an unknown value
RSI=0x0000000000000000 is an unknown value
RDI=0x00000000f21ee058 is an oop
java.util.logging.LogManager$LoggerWeakRef 
 - klass: 'java/util/logging/LogManager$LoggerWeakRef'
R8 =0x0000000000000001 is an unknown value
R9 =0x0000000000000001 is an unknown value
R10=0x0000000000000018 is an unknown value
R11=0x0000000000000000 is an unknown value
R12=0x0000000000000001 is an unknown value
R13=0x00007f73c4070058 is an unknown value
R14=0x00007f73cb9e7b80: <offset 0xfb3b80> in /usr/lib/jvm/java-8-oracle/jre/lib/amd64/server/libjvm.so at 0x00007f73caa34000
R15=0x00007f73c4070040 is an unknown value


Stack: [0x00007f73b25f6000,0x00007f73b26f7000],  sp=0x00007f73b26f5298,  free space=1020k
Native frames: (J=compiled Java code, j=interpreted, Vv=VM code, C=native code)
V  [libjvm.so+0x993e5b]  ReferenceProcessor::balance_queues(DiscoveredList*)+0x28b
V  [libjvm.so+0x9960a4]  ReferenceProcessor::process_discovered_reflist(DiscoveredList*, ReferencePolicy*, bool, BoolObjectClosure*, OopClosure*, VoidClosure*, AbstractRefProcTaskExecutor*)+0x1b4
V  [libjvm.so+0x99685c]  ReferenceProcessor::process_discovered_references(BoolObjectClosure*, OopClosure*, VoidClosure*, AbstractRefProcTaskExecutor*, GCTimer*, GCId)+0x14c
V  [libjvm.so+0x98e488]  PSScavenge::invoke_no_policy()+0xb38
V  [libjvm.so+0x98f011]  PSScavenge::invoke()+0x41
V  [libjvm.so+0x945fc0]  ParallelScavengeHeap::failed_mem_allocate(unsigned long)+0x70
V  [libjvm.so+0xac5927]  VM_ParallelGCFailedAllocation::doit()+0x97
V  [libjvm.so+0xacd405]  VM_Operation::evaluate()+0x55
V  [libjvm.so+0xacb7da]  VMThread::evaluate_operation(VM_Operation*)+0xba
V  [libjvm.so+0xacbb5e]  VMThread::loop()+0x1ce
V  [libjvm.so+0xacbfd0]  VMThread::run()+0x70
V  [libjvm.so+0x924698]  java_start(Thread*)+0x108

VM_Operation (0x00007f737bffb750): ParallelGCFailedAllocation, mode: safepoint, requested by thread 0x00007f738000b000


---------------  P R O C E S S  ---------------

Java Threads: ( => current thread )
  0x00007f73748a6000 JavaThread "File lock request listener" [_thread_in_native, id=11292, stack(0x00007f737af83000,0x00007f737b084000)]
  0x00007f73747ca800 JavaThread "process reaper" daemon [_thread_blocked, id=11290, stack(0x00007f73b0033000,0x00007f73b006c000)]
  0x00007f737401d000 JavaThread "Stdin handler" [_thread_blocked, id=11287, stack(0x00007f737bcfd000,0x00007f737bdfe000)]
  0x00007f737401b000 JavaThread "Asynchronous log dispatcher for org.gradle.launcher.daemon.server.DefaultDaemonConnection@12dab789" [_thread_blocked, id=11286, stack(0x00007f737bdfe000,0x00007f737beff000)]
  0x00007f738000b000 JavaThread "Daemon worker" [_thread_blocked, id=11283, stack(0x00007f737beff000,0x00007f737c000000)]
  0x00007f7380009000 JavaThread "Cancel handler" [_thread_blocked, id=11282, stack(0x00007f73b006d000,0x00007f73b016e000)]
  0x00007f7380003800 JavaThread "Handler for socket connection from /127.0.0.1:50474 to /127.0.0.1:58153" [_thread_in_native, id=11281, stack(0x00007f73b016e000,0x00007f73b026f000)]
  0x00007f737c013000 JavaThread "Daemon" [_thread_blocked, id=11280, stack(0x00007f73b026f000,0x00007f73b0370000)]
  0x00007f73c4b86000 JavaThread "Incoming local TCP Connector on port 50474" [_thread_in_native, id=11279, stack(0x00007f73b0577000,0x00007f73b0678000)]
  0x00007f73c4b55800 JavaThread "pool-1-thread-1" [_thread_blocked, id=11278, stack(0x00007f73b0678000,0x00007f73b0779000)]
  0x00007f73c40ba000 JavaThread "Service Thread" daemon [_thread_blocked, id=11275, stack(0x00007f73b190c000,0x00007f73b1a0d000)]
  0x00007f73c40b7000 JavaThread "C1 CompilerThread1" daemon [_thread_blocked, id=11274, stack(0x00007f73b1a0d000,0x00007f73b1b0e000)]
  0x00007f73c40b4800 JavaThread "C2 CompilerThread0" daemon [_thread_blocked, id=11273, stack(0x00007f73b1b0e000,0x00007f73b1c0f000)]
  0x00007f73c40b3000 JavaThread "Signal Dispatcher" daemon [_thread_blocked, id=11272, stack(0x00007f73b1c0f000,0x00007f73b1d10000)]
  0x00007f73c407f800 JavaThread "Finalizer" daemon [_thread_blocked, id=11271, stack(0x00007f73b23f4000,0x00007f73b24f5000)]
  0x00007f73c407b000 JavaThread "Reference Handler" daemon [_thread_blocked, id=11270, stack(0x00007f73b24f5000,0x00007f73b25f6000)]
  0x00007f73c400a000 JavaThread "main" [_thread_blocked, id=11266, stack(0x00007f73cc519000,0x00007f73cc61a000)]

Other Threads:
=>0x00007f73c4073800 VMThread [stack: 0x00007f73b25f6000,0x00007f73b26f7000] [id=11269]
  0x00007f73c40bd000 WatcherThread [stack: 0x00007f73b180b000,0x00007f73b190c000] [id=11276]

VM state:at safepoint (normal execution)

VM Mutex/Monitor currently owned by a thread:  ([mutex/lock_event])
[0x00007f73c4006200] Threads_lock - owner thread: 0x00007f73c4073800
[0x00007f73c4006700] Heap_lock - owner thread: 0x00007f738000b000

Heap:
 PSYoungGen      total 120320K, used 119613K [0x00000000eab00000, 0x00000000f3000000, 0x0000000100000000)
  eden space 109056K, 100% used [0x00000000eab00000,0x00000000f1580000,0x00000000f1580000)
  from space 11264K, 93% used [0x00000000f2200000,0x00000000f2c4f7c0,0x00000000f2d00000)
  to   space 12800K, 99% used [0x00000000f1580000,0x00000000f21f8010,0x00000000f2200000)
 ParOldGen       total 61440K, used 26951K [0x00000000c0000000, 0x00000000c3c00000, 0x00000000eab00000)
  object space 61440K, 43% used [0x00000000c0000000,0x00000000c1a51d90,0x00000000c3c00000)
 Metaspace       used 46100K, capacity 47048K, committed 47232K, reserved 1089536K
  class space    used 6435K, capacity 6704K, committed 6784K, reserved 1048576K

Card table byte_map: [0x00007f73c90de000,0x00007f73c92df000] byte_map_base: 0x00007f73c8ade000

Marking Bits: (ParMarkBitMap*) 0x00007f73cb9f5120
 Begin Bits: [0x00007f73b3000000, 0x00007f73b4000000)
 End Bits:   [0x00007f73b4000000, 0x00007f73b5000000)

Polling page: 0x00007f73cc636000

CodeCache: size=245760Kb used=15886Kb max_used=15886Kb free=229873Kb
 bounds [0x00007f73b5000000, 0x00007f73b5fa0000, 0x00007f73c4000000]
 total_blobs=6186 nmethods=5492 adapters=608
 compilation: enabled

Compilation events (10 events):
Event: 49.731 Thread 0x00007f73c40b7000 6035       2       org.gradle.internal.serialize.HashValueSerializer::write (22 bytes)
Event: 49.732 Thread 0x00007f73c40b7000 nmethod 6035 0x00007f73b5f8e210 code [0x00007f73b5f8e3a0, 0x00007f73b5f8e5c8]
Event: 49.732 Thread 0x00007f73c40b7000 6036       2       org.gradle.internal.serialize.AbstractEncoder::writeBytes (9 bytes)
Event: 49.732 Thread 0x00007f73c40b7000 nmethod 6036 0x00007f73b5f8e790 code [0x00007f73b5f8e900, 0x00007f73b5f8ea88]
Event: 49.742 Thread 0x00007f73c40b7000 6037       2       org.gradle.api.internal.changedetection.state.CachingFileSnapshotter$FileInfoSerializer::write (10 bytes)
Event: 49.744 Thread 0x00007f73c40b7000 nmethod 6037 0x00007f73b5f8eb50 code [0x00007f73b5f8ed00, 0x00007f73b5f8f008]
Event: 49.744 Thread 0x00007f73c40b7000 6038       2       org.gradle.api.internal.changedetection.state.CachingFileSnapshotter$FileInfoSerializer::write (33 bytes)
Event: 49.744 Thread 0x00007f73c40b7000 nmethod 6038 0x00007f73b5f8f3d0 code [0x00007f73b5f8f580, 0x00007f73b5f8f828]
Event: 49.751 Thread 0x00007f73c40b7000 6039       2       com.google.common.cache.LocalCache$Segment::enqueueNotification (83 bytes)
Event: 49.753 Thread 0x00007f73c40b7000 nmethod 6039 0x00007f73b5f8fb10 code [0x00007f73b5f8fce0, 0x00007f73b5f900d8]

GC Heap History (10 events):
Event: 15.163 GC heap after
Heap after GC invocations=10 (full 1):
 PSYoungGen      total 88064K, used 5848K [0x00000000eab00000, 0x00000000f1180000, 0x0000000100000000)
  eden space 81920K, 0% used [0x00000000eab00000,0x00000000eab00000,0x00000000efb00000)
  from space 6144K, 95% used [0x00000000f0800000,0x00000000f0db6130,0x00000000f0e00000)
  to   space 3584K, 0% used [0x00000000f0e00000,0x00000000f0e00000,0x00000000f1180000)
 ParOldGen       total 35328K, used 11024K [0x00000000c0000000, 0x00000000c2280000, 0x00000000eab00000)
  object space 35328K, 31% used [0x00000000c0000000,0x00000000c0ac4158,0x00000000c2280000)
 Metaspace       used 27353K, capacity 27794K, committed 28032K, reserved 1073152K
  class space    used 3821K, capacity 3941K, committed 3968K, reserved 1048576K
}
Event: 22.544 GC heap before
{Heap before GC invocations=11 (full 1):
 PSYoungGen      total 88064K, used 87768K [0x00000000eab00000, 0x00000000f1180000, 0x0000000100000000)
  eden space 81920K, 100% used [0x00000000eab00000,0x00000000efb00000,0x00000000efb00000)
  from space 6144K, 95% used [0x00000000f0800000,0x00000000f0db6130,0x00000000f0e00000)
  to   space 3584K, 0% used [0x00000000f0e00000,0x00000000f0e00000,0x00000000f1180000)
 ParOldGen       total 35328K, used 11024K [0x00000000c0000000, 0x00000000c2280000, 0x00000000eab00000)
  object space 35328K, 31% used [0x00000000c0000000,0x00000000c0ac4158,0x00000000c2280000)
 Metaspace       used 31315K, capacity 31930K, committed 32256K, reserved 1077248K
  class space    used 4328K, capacity 4513K, committed 4608K, reserved 1048576K
Event: 22.581 GC heap after
Heap after GC invocations=11 (full 1):
 PSYoungGen      total 95744K, used 3572K [0x00000000eab00000, 0x00000000f1c00000, 0x0000000100000000)
  eden space 92160K, 0% used [0x00000000eab00000,0x00000000eab00000,0x00000000f0500000)
  from space 3584K, 99% used [0x00000000f0e00000,0x00000000f117d020,0x00000000f1180000)
  to   space 9216K, 0% used [0x00000000f0500000,0x00000000f0500000,0x00000000f0e00000)
 ParOldGen       total 35328K, used 16495K [0x00000000c0000000, 0x00000000c2280000, 0x00000000eab00000)
  object space 35328K, 46% used [0x00000000c0000000,0x00000000c101bf60,0x00000000c2280000)
 Metaspace       used 31315K, capacity 31930K, committed 32256K, reserved 1077248K
  class space    used 4328K, capacity 4513K, committed 4608K, reserved 1048576K
}
Event: 26.996 GC heap before
{Heap before GC invocations=12 (full 1):
 PSYoungGen      total 95744K, used 63362K [0x00000000eab00000, 0x00000000f1c00000, 0x0000000100000000)
  eden space 92160K, 64% used [0x00000000eab00000,0x00000000ee563b90,0x00000000f0500000)
  from space 3584K, 99% used [0x00000000f0e00000,0x00000000f117d020,0x00000000f1180000)
  to   space 9216K, 0% used [0x00000000f0500000,0x00000000f0500000,0x00000000f0e00000)
 ParOldGen       total 35328K, used 16495K [0x00000000c0000000, 0x00000000c2280000, 0x00000000eab00000)
  object space 35328K, 46% used [0x00000000c0000000,0x00000000c101bf60,0x00000000c2280000)
 Metaspace       used 34595K, capacity 35250K, committed 35456K, reserved 1079296K
  class space    used 4752K, capacity 4937K, committed 4992K, reserved 1048576K
Event: 27.089 GC heap after
Heap after GC invocations=12 (full 1):
 PSYoungGen      total 101376K, used 9199K [0x00000000eab00000, 0x00000000f2d00000, 0x0000000100000000)
  eden space 92160K, 0% used [0x00000000eab00000,0x00000000eab00000,0x00000000f0500000)
  from space 9216K, 99% used [0x00000000f0500000,0x00000000f0dfbe08,0x00000000f0e00000)
  to   space 11264K, 0% used [0x00000000f2200000,0x00000000f2200000,0x00000000f2d00000)
 ParOldGen       total 35328K, used 18474K [0x00000000c0000000, 0x00000000c2280000, 0x00000000eab00000)
  object space 35328K, 52% used [0x00000000c0000000,0x00000000c120a8e8,0x00000000c2280000)
 Metaspace       used 34595K, capacity 35250K, committed 35456K, reserved 1079296K
  class space    used 4752K, capacity 4937K, committed 4992K, reserved 1048576K
}
Event: 27.089 GC heap before
{Heap before GC invocations=13 (full 2):
 PSYoungGen      total 101376K, used 9199K [0x00000000eab00000, 0x00000000f2d00000, 0x0000000100000000)
  eden space 92160K, 0% used [0x00000000eab00000,0x00000000eab00000,0x00000000f0500000)
  from space 9216K, 99% used [0x00000000f0500000,0x00000000f0dfbe08,0x00000000f0e00000)
  to   space 11264K, 0% used [0x00000000f2200000,0x00000000f2200000,0x00000000f2d00000)
 ParOldGen       total 35328K, used 18474K [0x00000000c0000000, 0x00000000c2280000, 0x00000000eab00000)
  object space 35328K, 52% used [0x00000000c0000000,0x00000000c120a8e8,0x00000000c2280000)
 Metaspace       used 34595K, capacity 35250K, committed 35456K, reserved 1079296K
  class space    used 4752K, capacity 4937K, committed 4992K, reserved 1048576K
Event: 27.609 GC heap after
Heap after GC invocations=13 (full 2):
 PSYoungGen      total 101376K, used 0K [0x00000000eab00000, 0x00000000f2d00000, 0x0000000100000000)
  eden space 92160K, 0% used [0x00000000eab00000,0x00000000eab00000,0x00000000f0500000)
  from space 9216K, 0% used [0x00000000f0500000,0x00000000f0500000,0x00000000f0e00000)
  to   space 11264K, 0% used [0x00000000f2200000,0x00000000f2200000,0x00000000f2d00000)
 ParOldGen       total 61440K, used 22845K [0x00000000c0000000, 0x00000000c3c00000, 0x00000000eab00000)
  object space 61440K, 37% used [0x00000000c0000000,0x00000000c164f620,0x00000000c3c00000)
 Metaspace       used 34595K, capacity 35250K, committed 35456K, reserved 1079296K
  class space    used 4752K, capacity 4937K, committed 4992K, reserved 1048576K
}
Event: 38.960 GC heap before
{Heap before GC invocations=14 (full 2):
 PSYoungGen      total 101376K, used 92160K [0x00000000eab00000, 0x00000000f2d00000, 0x0000000100000000)
  eden space 92160K, 100% used [0x00000000eab00000,0x00000000f0500000,0x00000000f0500000)
  from space 9216K, 0% used [0x00000000f0500000,0x00000000f0500000,0x00000000f0e00000)
  to   space 11264K, 0% used [0x00000000f2200000,0x00000000f2200000,0x00000000f2d00000)
 ParOldGen       total 61440K, used 22845K [0x00000000c0000000, 0x00000000c3c00000, 0x00000000eab00000)
  object space 61440K, 37% used [0x00000000c0000000,0x00000000c164f620,0x00000000c3c00000)
 Metaspace       used 42380K, capacity 43244K, committed 43520K, reserved 1087488K
  class space    used 5854K, capacity 6111K, committed 6144K, reserved 1048576K
Event: 39.067 GC heap after
Heap after GC invocations=14 (full 2):
 PSYoungGen      total 120320K, used 10557K [0x00000000eab00000, 0x00000000f3000000, 0x0000000100000000)
  eden space 109056K, 0% used [0x00000000eab00000,0x00000000eab00000,0x00000000f1580000)
  from space 11264K, 93% used [0x00000000f2200000,0x00000000f2c4f7c0,0x00000000f2d00000)
  to   space 12800K, 0% used [0x00000000f1580000,0x00000000f1580000,0x00000000f2200000)
 ParOldGen       total 61440K, used 22853K [0x00000000c0000000, 0x00000000c3c00000, 0x00000000eab00000)
  object space 61440K, 37% used [0x00000000c0000000,0x00000000c1651620,0x00000000c3c00000)
 Metaspace       used 42380K, capacity 43244K, committed 43520K, reserved 1087488K
  class space    used 5854K, capacity 6111K, committed 6144K, reserved 1048576K
}
Event: 49.799 GC heap before
{Heap before GC invocations=15 (full 2):
 PSYoungGen      total 120320K, used 119613K [0x00000000eab00000, 0x00000000f3000000, 0x0000000100000000)
  eden space 109056K, 100% used [0x00000000eab00000,0x00000000f1580000,0x00000000f1580000)
  from space 11264K, 93% used [0x00000000f2200000,0x00000000f2c4f7c0,0x00000000f2d00000)
  to   space 12800K, 0% used [0x00000000f1580000,0x00000000f1580000,0x00000000f2200000)
 ParOldGen       total 61440K, used 22853K [0x00000000c0000000, 0x00000000c3c00000, 0x00000000eab00000)
  object space 61440K, 37% used [0x00000000c0000000,0x00000000c1651620,0x00000000c3c00000)
 Metaspace       used 46100K, capacity 47048K, committed 47232K, reserved 1089536K
  class space    used 6435K, capacity 6704K, committed 6784K, reserved 1048576K

Deoptimization events (10 events):
Event: 43.713 Thread 0x00007f738000b000 Uncommon trap: reason=unstable_if action=reinterpret pc=0x00007f73b516bb60 method=java.lang.Integer.getChars(II[C)V @ 20
Event: 43.734 Thread 0x00007f738000b000 Uncommon trap: reason=unstable_if action=reinterpret pc=0x00007f73b5c256e0 method=java.util.concurrent.ConcurrentHashMap.get(Ljava/lang/Object;)Ljava/lang/Object; @ 152
Event: 45.620 Thread 0x00007f737401b000 Uncommon trap: reason=unstable_if action=reinterpret pc=0x00007f73b5dc1c88 method=com.esotericsoftware.kryo.io.Output.writeUtf8Length(I)V @ 4
Event: 46.237 Thread 0x00007f738000b000 Uncommon trap: reason=unstable_if action=reinterpret pc=0x00007f73b5397c7c method=java.lang.String.regionMatches(ZILjava/lang/String;II)Z @ 123
Event: 46.325 Thread 0x00007f738000b000 Uncommon trap: reason=unstable_if action=reinterpret pc=0x00007f73b57012a8 method=java.lang.StringCoding$StringDecoder.decode([BII)[C @ 20
Event: 46.363 Thread 0x00007f738000b000 Uncommon trap: reason=class_check action=maybe_recompile pc=0x00007f73b5923258 method=java.util.zip.InflaterInputStream.read([BII)I @ 100
Event: 46.369 Thread 0x00007f738000b000 Uncommon trap: reason=class_check action=maybe_recompile pc=0x00007f73b5923258 method=java.util.zip.InflaterInputStream.read([BII)I @ 100
Event: 46.386 Thread 0x00007f738000b000 Uncommon trap: reason=class_check action=maybe_recompile pc=0x00007f73b5923258 method=java.util.zip.InflaterInputStream.read([BII)I @ 100
Event: 46.386 Thread 0x00007f738000b000 Uncommon trap: reason=class_check action=maybe_recompile pc=0x00007f73b5923258 method=java.util.zip.InflaterInputStream.read([BII)I @ 100
Event: 46.839 Thread 0x00007f738000b000 Uncommon trap: reason=class_check action=maybe_recompile pc=0x00007f73b5a6ce4c method=java.io.BufferedInputStream.read1([BII)I @ 39

Internal exceptions (10 events):
Event: 43.104 Thread 0x00007f738000b000 Exception <a 'java/lang/ClassNotFoundException': org/gradle/platform/base/BinaryContainer_ImplBeanInfo> (0x00000000eedc8090) thrown at [/HUDSON3/workspace/8-2-build-linux-amd64/jdk8u101/7261/hotspot/src/share/vm/classfile/systemDictionary.cpp, line 210]
Event: 43.105 Thread 0x00007f738000b000 Exception <a 'java/lang/ClassNotFoundException': org/gradle/model/internal/core/NodeBackedModelMapBeanInfo> (0x00000000eedd7aa8) thrown at [/HUDSON3/workspace/8-2-build-linux-amd64/jdk8u101/7261/hotspot/src/share/vm/classfile/systemDictionary.cpp, line 21
Event: 43.106 Thread 0x00007f738000b000 Exception <a 'java/lang/ClassNotFoundException': org/gradle/model/internal/core/ModelMapGroovyViewBeanInfo> (0x00000000eede74c0) thrown at [/HUDSON3/workspace/8-2-build-linux-amd64/jdk8u101/7261/hotspot/src/share/vm/classfile/systemDictionary.cpp, line 21
Event: 43.108 Thread 0x00007f738000b000 Exception <a 'java/lang/ClassNotFoundException': org/gradle/model/internal/core/ModelMapGroovyViewCustomizer> (0x00000000eedf7870) thrown at [/HUDSON3/workspace/8-2-build-linux-amd64/jdk8u101/7261/hotspot/src/share/vm/classfile/systemDictionary.cpp, line 
Event: 43.112 Thread 0x00007f738000b000 Exception <a 'java/lang/ClassNotFoundException': org/gradle/model/internal/core/NodeBackedModelMapCustomizer> (0x00000000eee1b3b8) thrown at [/HUDSON3/workspace/8-2-build-linux-amd64/jdk8u101/7261/hotspot/src/share/vm/classfile/systemDictionary.cpp, line 
Event: 43.125 Thread 0x00007f738000b000 Exception <a 'java/lang/ClassNotFoundException': org/gradle/platform/base/BinaryContainer_ImplCustomizer> (0x00000000eee780e8) thrown at [/HUDSON3/workspace/8-2-build-linux-amd64/jdk8u101/7261/hotspot/src/share/vm/classfile/systemDictionary.cpp, line 210]
Event: 43.482 Thread 0x00007f738000b000 Exception <a 'java/lang/ClassNotFoundException': org/gradle/api/internal/file/collections/DefaultConfigurableFileCollectionBeanInfo> (0x00000000ef169bd8) thrown at [/HUDSON3/workspace/8-2-build-linux-amd64/jdk8u101/7261/hotspot/src/share/vm/classfile/syst
Event: 43.483 Thread 0x00007f738000b000 Exception <a 'java/lang/ClassNotFoundException': org/gradle/api/internal/file/collections/DefaultConfigurableFileCollectionCustomizer> (0x00000000ef17df80) thrown at [/HUDSON3/workspace/8-2-build-linux-amd64/jdk8u101/7261/hotspot/src/share/vm/classfile/sy
Event: 46.163 Thread 0x00007f738000b000 Exception <a 'java/lang/ClassNotFoundException': com/android/build/gradle/internal/LibraryCache$1BeanInfo> (0x00000000efd0f400) thrown at [/HUDSON3/workspace/8-2-build-linux-amd64/jdk8u101/7261/hotspot/src/share/vm/classfile/systemDictionary.cpp, line 210
Event: 46.164 Thread 0x00007f738000b000 Exception <a 'java/lang/ClassNotFoundException': com/android/build/gradle/internal/LibraryCache$1Customizer> (0x00000000efd1f278) thrown at [/HUDSON3/workspace/8-2-build-linux-amd64/jdk8u101/7261/hotspot/src/share/vm/classfile/systemDictionary.cpp, line 2

Events (10 events):
Event: 46.571 loading class org/gradle/api/internal/changedetection/state/CacheBackedTaskHistoryRepository$1$1
Event: 46.571 loading class org/gradle/api/internal/changedetection/state/CacheBackedTaskHistoryRepository$1$1 done
Event: 46.750 loading class org/gradle/cache/internal/DefaultMultiProcessSafePersistentIndexedCache$3
Event: 46.750 loading class org/gradle/cache/internal/DefaultMultiProcessSafePersistentIndexedCache$3 done
Event: 46.839 Thread 0x00007f738000b000 Uncommon trap: trap_request=0xffffffde fr.pc=0x00007f73b5a6ce4c
Event: 46.839 Executing VM operation: RevokeBias
Event: 46.839 Executing VM operation: RevokeBias done
Event: 46.839 Thread 0x00007f738000b000 DEOPT PACKING pc=0x00007f73b5a6ce4c sp=0x00007f737bffbba0
Event: 46.839 Thread 0x00007f738000b000 DEOPT UNPACKING pc=0x00007f73b5004f69 sp=0x00007f737bffbab8 mode 2
Event: 49.798 Executing VM operation: ParallelGCFailedAllocation


Dynamic libraries:
00400000-00401000 r-xp 00000000 08:01 3279757                            /usr/lib/jvm/java-8-oracle/bin/java
00600000-00601000 rw-p 00000000 08:01 3279757                            /usr/lib/jvm/java-8-oracle/bin/java
01329000-0134a000 rw-p 00000000 00:00 0                                  [heap]
c0000000-c3c00000 rw-p 00000000 00:00 0 
c3c00000-eab00000 ---p 00000000 00:00 0 
eab00000-f3000000 rw-p 00000000 00:00 0 
f3000000-100000000 ---p 00000000 00:00 0 
100000000-1006a0000 rw-p 00000000 00:00 0 
1006a0000-140000000 ---p 00000000 00:00 0 
7f7374000000-7f7374e48000 rw-p 00000000 00:00 0 
7f7374e48000-7f7378000000 ---p 00000000 00:00 0 
7f7379b8b000-7f7379d0c000 rw-p 00000000 00:00 0 
7f7379d0c000-7f7379d8c000 ---p 00000000 00:00 0 
7f7379d8c000-7f7379f8c000 rw-p 00000000 00:00 0 
7f7379f8c000-7f737a18c000 rw-p 00000000 00:00 0 
7f737a18c000-7f737a38c000 rw-p 00000000 00:00 0 
7f737a38c000-7f737a39f000 r--s 00345000 08:01 13118668                   /usr/lib/jvm/java-8-oracle/jre/lib/resources.jar
7f737a39f000-7f737a59f000 rw-p 00000000 00:00 0 
7f737a59f000-7f737a79f000 rw-p 00000000 00:00 0 
7f737a79f000-7f737a99f000 rw-p 00000000 00:00 0 
7f737a99f000-7f737aa5b000 r--s 0083a000 08:01 4850360                    /root/.gradle/caches/modules-2/files-2.1/io.fabric.tools/gradle/1.21.7/4a8867b9d33fd9457b1cbe8da5c01893d9efec4d/gradle-1.21.7.jar
7f737aa5b000-7f737ac5b000 rw-p 00000000 00:00 0 
7f737ac5b000-7f737ac5d000 r--s 00005000 08:01 10354696                   /opt/android-studio/gradle/m2repository/org/abego/treelayout/org.abego.treelayout.core/1.0.1/org.abego.treelayout.core-1.0.1.jar
7f737ac5d000-7f737ac65000 r--s 000a8000 08:01 10354905                   /opt/android-studio/gradle/m2repository/com/android/tools/external/lombok/lombok-ast/0.2.3/lombok-ast-0.2.3.jar
7f737ac65000-7f737ac67000 r--s 0000d000 08:01 10355005                   /opt/android-studio/gradle/m2repository/commons-codec/commons-codec/1.4/commons-codec-1.4.jar
7f737ac67000-7f737ac69000 r--s 0000d000 08:01 10226215                   /opt/android-studio/gradle/m2repository/commons-logging/commons-logging/1.1.1/commons-logging-1.1.1.jar
7f737ac69000-7f737ac6e000 r--s 00028000 08:01 10229068                   /opt/android-studio/gradle/m2repository/org/apache/httpcomponents/httpcore/4.1/httpcore-4.1.jar
7f737ac6e000-7f737ac6f000 r--s 00004000 08:01 10354724                   /opt/android-studio/gradle/m2repository/com/intellij/annotations/12.0/annotations-12.0.jar
7f737ac6f000-7f737ac73000 r--s 00037000 08:01 10228909                   /opt/android-studio/gradle/m2repository/org/antlr/ST4/4.0.8/ST4-4.0.8.jar
7f737ac73000-7f737ac76000 r--s 00026000 08:01 10229004                   /opt/android-studio/gradle/m2repository/org/antlr/antlr-runtime/3.5.2/antlr-runtime-3.5.2.jar
7f737ac76000-7f737ac77000 r--s 00002000 08:01 10354712                   /opt/android-studio/gradle/m2repository/com/tunnelvisionlabs/antlr4-annotations/4.5/antlr4-annotations-4.5.jar
7f737ac77000-7f737ac7e000 r--s 00062000 08:01 10354707                   /opt/android-studio/gradle/m2repository/com/tunnelvisionlabs/antlr4-runtime/4.5/antlr4-runtime-4.5.jar
7f737ac7e000-7f737ac7f000 r--s 00004000 08:01 10226259                   /opt/android-studio/gradle/m2repository/org/ow2/asm/asm-analysis/5.0.3/asm-analysis-5.0.3.jar
7f737ac7f000-7f737ac82000 r--s 00030000 08:01 10354933                   /opt/android-studio/gradle/m2repository/com/android/tools/lint/lint-api/25.1.3/lint-api-25.1.3.jar
7f737ac82000-7f737ac83000 r--s 0000a000 08:01 10354967                   /opt/android-studio/gradle/m2repository/net/sf/kxml/kxml2/2.3.0/kxml2-2.3.0.jar
7f737ac83000-7f737ac85000 r--s 00005000 08:01 10229059                   /opt/android-studio/gradle/m2repository/org/apache/httpcomponents/httpmime/4.1/httpmime-4.1.jar
7f737ac85000-7f737ac8d000 r--s 0004e000 08:01 10229079                   /opt/android-studio/gradle/m2repository/org/apache/httpcomponents/httpclient/4.1.1/httpclient-4.1.1.jar
7f737ac8d000-7f737ac94000 r--s 00053000 08:01 10229091                   /opt/android-studio/gradle/m2repository/org/apache/commons/commons-compress/1.8.1/commons-compress-1.8.1.jar
7f737ac94000-7f737ac99000 r--s 0002a000 08:01 10354757                   /opt/android-studio/gradle/m2repository/com/google/code/gson/gson/2.2.4/gson-2.2.4.jar
7f737ac99000-7f737ac9d000 r--s 00026000 08:01 10354911                   /opt/android-studio/gradle/m2repository/com/android/tools/repository/25.1.3/repository-25.1.3.jar
7f737ac9d000-7f737ac9e000 r--s 00005000 08:01 10354891                   /opt/android-studio/gradle/m2repository/com/android/tools/dvlib/25.1.3/dvlib-25.1.3.jar
7f737ac9e000-7f737aca1000 r--s 00014000 08:01 10354858                   /opt/android-studio/gradle/m2repository/com/android/tools/layoutlib/layoutlib-api/25.1.3/layoutlib-api-25.1.3.jar
7f737aca1000-7f737aca6000 r--s 00058000 08:01 10226233                   /opt/android-studio/gradle/m2repository/org/ow2/asm/asm-debug-all/5.0.4/asm-debug-all-5.0.4.jar
7f737aca6000-7f737acb6000 r--s 000d6000 08:01 10354979                   /opt/android-studio/gradle/m2repository/net/sf/proguard/proguard-base/5.2.1/proguard-base-5.2.1.jar
7f737acb6000-7f737acb9000 r--s 00033000 08:01 10354731                   /opt/android-studio/gradle/m2repository/com/googlecode/juniversalchardet/juniversalchardet/1.0.3/juniversalchardet-1.0.3.jar
7f737acb9000-7f737acbd000 r--s 0002a000 08:01 10226208                   /opt/android-studio/gradle/m2repository/commons-io/commons-io/2.4/commons-io-2.4.jar
7f737acbd000-7f737acc7000 r--s 00099000 08:01 10354717                   /opt/android-studio/gradle/m2repository/com/tunnelvisionlabs/antlr4/4.5/antlr4-4.5.jar
7f737acc7000-7f737acc8000 r--s 00002000 08:01 10354764                   /opt/android-studio/gradle/m2repository/com/android/databinding/baseLibrary/2.1.3/baseLibrary-2.1.3.jar
7f737acc8000-7f737acf3000 r--s 001f9000 08:01 10354749                   /opt/android-studio/gradle/m2repository/com/google/guava/guava/17.0/guava-17.0.jar
7f737acf3000-7f737acf4000 r--s 00001000 08:01 10354785                   /opt/android-studio/gradle/m2repository/com/android/tools/annotations/25.1.3/annotations-25.1.3.jar
7f737acf4000-7f737ad06000 r--s 00223000 08:01 10227994                   /opt/android-studio/gradle/m2repository/org/eclipse/jdt/core/compiler/ecj/4.4.2/ecj-4.4.2.jar
7f737ad06000-7f737ad0d000 r--s 000be000 08:01 10354919                   /opt/android-studio/gradle/m2repository/com/android/tools/lint/lint-checks/25.1.3/lint-checks-25.1.3.jar
7f737ad0d000-7f737ad0f000 r--s 00006000 08:01 10226448                   /opt/android-studio/gradle/m2repository/org/ow2/asm/asm-tree/5.0.3/asm-tree-5.0.3.jar
7f737ad0f000-7f737ad42000 r--s 00203000 08:01 10229014                   /opt/android-studio/gradle/m2repository/org/bouncycastle/bcprov-jdk15on/1.48/bcprov-jdk15on-1.48.jar
7f737ad42000-7f737ad50000 r--s 00081000 08:01 10229019                   /opt/android-studio/gradle/m2repository/org/bouncycastle/bcpkix-jdk15on/1.48/bcpkix-jdk15on-1.48.jar
7f737ad50000-7f737ad52000 r--s 00002000 08:01 10354739                   /opt/android-studio/gradle/m2repository/com/squareup/javawriter/2.5.0/javawriter-2.5.0.jar
7f737ad52000-7f737ad53000 r--s 00001000 08:01 10354866                   /opt/android-studio/gradle/m2repository/com/android/tools/jill/jill-api/0.10.0/jill-api-0.10.0.jar
7f737ad53000-7f737ad55000 r--s 00003000 08:01 10354948                   /opt/android-studio/gradle/m2repository/com/android/tools/jack/jack-api/0.10.0/jack-api-0.10.0.jar
7f737ad55000-7f737ad5b000 r--s 0004a000 08:01 10354884                   /opt/android-studio/gradle/m2repository/com/android/tools/ddms/ddmlib/25.1.3/ddmlib-25.1.3.jar
7f737ad5b000-7f737ad5e000 r--s 00028000 08:01 10354822                   /opt/android-studio/gradle/m2repository/com/android/tools/build/manifest-merger/25.1.3/manifest-merger-25.1.3.jar
7f737ad5e000-7f737ad60000 r--s 00018000 08:01 10354956                   /opt/android-studio/gradle/m2repository/com/android/tools/common/25.1.3/common-25.1.3.jar
7f737ad60000-7f737ad68000 r--s 0007c000 08:01 10354875                   /opt/android-studio/gradle/m2repository/com/android/tools/sdk-common/25.1.3/sdk-common-25.1.3.jar
7f737ad68000-7f737ad70000 r--s 00078000 08:01 10354940                   /opt/android-studio/gradle/m2repository/com/android/tools/sdklib/25.1.3/sdklib-25.1.3.jar
7f737ad70000-7f737ad71000 r--s 00002000 08:01 10354807                   /opt/android-studio/gradle/m2repository/com/android/tools/build/builder-test-api/2.1.3/builder-test-api-2.1.3.jar
7f737ad71000-7f737ad73000 r--s 00005000 08:01 10354843                   /opt/android-studio/gradle/m2repository/com/android/tools/build/builder-model/2.1.3/builder-model-2.1.3.jar
7f737ad73000-7f737ad77000 r--s 0001e000 08:01 10229035                   /opt/android-studio/gradle/m2repository/org/jacoco/org.jacoco.core/0.7.6.201602180812/org.jacoco.core-0.7.6.201602180812.jar
7f737ad77000-7f737ad78000 r--s 00002000 08:01 10354995                   /opt/android-studio/gradle/m2repository/net/sf/proguard/proguard-gradle/5.2.1/proguard-gradle-5.2.1.jar
7f737ad78000-7f737ad7a000 r--s 00009000 08:01 10226454                   /opt/android-studio/gradle/m2repository/org/ow2/asm/asm-commons/5.0.3/asm-commons-5.0.3.jar
7f737ad7a000-7f737ad7b000 r--s 0000c000 08:01 10226852                   /opt/android-studio/gradle/m2repository/org/ow2/asm/asm/5.0.3/asm-5.0.3.jar
7f737ad7b000-7f737ad7f000 r--s 0002b000 08:01 10354777                   /opt/android-studio/gradle/m2repository/com/android/databinding/compilerCommon/2.1.3/compilerCommon-2.1.3.jar
7f737ad7f000-7f737ad80000 r--s 00002000 08:01 10354814                   /opt/android-studio/gradle/m2repository/com/android/tools/build/gradle-api/2.1.3/gradle-api-2.1.3.jar
7f737ad80000-7f737ad81000 r--s 00000000 08:01 10354835                   /opt/android-studio/gradle/m2repository/com/android/tools/build/transform-api/2.0.0-deprecated-use-gradle-api/transform-api-2.0.0-deprecated-use-gradle-api.jar
7f737ad81000-7f737ad83000 r--s 00023000 08:01 10354926                   /opt/android-studio/gradle/m2repository/com/android/tools/lint/lint/25.1.3/lint-25.1.3.jar
7f737ad83000-7f737af83000 rw-p 00000000 00:00 0 
7f737af83000-7f737af86000 ---p 00000000 00:00 0 
7f737af86000-7f737b284000 rw-p 00000000 00:00 0                          [stack:11292]
7f737b284000-7f737b484000 rw-p 00000000 00:00 0 
7f737b484000-7f737b684000 rw-p 00000000 00:00 0 
7f737b684000-7f737b884000 rw-p 00000000 00:00 0 
7f737b884000-7f737ba84000 rw-p 00000000 00:00 0 
7f737ba84000-7f737bafd000 r--s 010e5000 08:01 2493420                    /usr/lib/jvm/java-8-oracle/lib/tools.jar
7f737bafd000-7f737bcfd000 rw-p 00000000 00:00 0 
7f737bcfd000-7f737bd00000 ---p 00000000 00:00 0 
7f737bd00000-7f737bdfe000 rw-p 00000000 00:00 0                          [stack:11287]
7f737bdfe000-7f737be01000 ---p 00000000 00:00 0 
7f737be01000-7f737beff000 rw-p 00000000 00:00 0                          [stack:11286]
7f737beff000-7f737bf02000 ---p 00000000 00:00 0 
7f737bf02000-7f737c000000 rw-p 00000000 00:00 0                          [stack:11283]
7f737c000000-7f737c065000 rw-p 00000000 00:00 0 
7f737c065000-7f7380000000 ---p 00000000 00:00 0 
7f7380000000-7f7380021000 rw-p 00000000 00:00 0 
7f7380021000-7f7384000000 ---p 00000000 00:00 0 
7f7384000000-7f7384021000 rw-p 00000000 00:00 0 
7f7384021000-7f7388000000 ---p 00000000 00:00 0 
7f7388000000-7f7388021000 rw-p 00000000 00:00 0 
7f7388021000-7f738c000000 ---p 00000000 00:00 0 
7f738c000000-7f738c9b2000 rw-p 00000000 00:00 0 
7f738c9b2000-7f7390000000 ---p 00000000 00:00 0 
7f7390000000-7f7390021000 rw-p 00000000 00:00 0 
7f7390021000-7f7394000000 ---p 00000000 00:00 0 
7f7394000000-7f7394021000 rw-p 00000000 00:00 0 
7f7394021000-7f7398000000 ---p 00000000 00:00 0 
7f7398000000-7f73996a1000 rw-p 00000000 00:00 0 
7f73996a1000-7f739c000000 ---p 00000000 00:00 0 
7f739c000000-7f739c021000 rw-p 00000000 00:00 0 
7f739c021000-7f73a0000000 ---p 00000000 00:00 0 
7f73a0000000-7f73a0021000 rw-p 00000000 00:00 0 
7f73a0021000-7f73a4000000 ---p 00000000 00:00 0 
7f73a4000000-7f73a404a000 rw-p 00000000 00:00 0 
7f73a404a000-7f73a8000000 ---p 00000000 00:00 0 
7f73a8000000-7f73a828d000 rw-p 00000000 00:00 0 
7f73a828d000-7f73ac000000 ---p 00000000 00:00 0 
7f73ac000000-7f73ac054000 rw-p 00000000 00:00 0 
7f73ac054000-7f73b0000000 ---p 00000000 00:00 0 
7f73b0000000-7f73b0014000 r--s 00130000 08:01 10354801                   /opt/android-studio/gradle/m2repository/com/android/tools/build/builder/2.1.3/builder-2.1.3.jar
7f73b0014000-7f73b0031000 r--s 0017c000 08:01 10354829                   /opt/android-studio/gradle/m2repository/com/android/tools/build/gradle-core/2.1.3/gradle-core-2.1.3.jar
7f73b0031000-7f73b0033000 r--s 0000c000 08:01 10354851                   /opt/android-studio/gradle/m2repository/com/android/tools/build/gradle/2.1.3/gradle-2.1.3.jar
7f73b0033000-7f73b0036000 ---p 00000000 00:00 0 
7f73b0036000-7f73b006c000 rw-p 00000000 00:00 0                          [stack:11290]
7f73b006c000-7f73b006d000 r--p 00000000 00:00 0 
7f73b006d000-7f73b0070000 ---p 00000000 00:00 0 
7f73b0070000-7f73b016e000 rw-p 00000000 00:00 0                          [stack:11282]
7f73b016e000-7f73b0171000 ---p 00000000 00:00 0 
7f73b0171000-7f73b026f000 rw-p 00000000 00:00 0                          [stack:11281]
7f73b026f000-7f73b0272000 ---p 00000000 00:00 0 
7f73b0272000-7f73b0370000 rw-p 00000000 00:00 0                          [stack:11280]
7f73b0370000-7f73b0377000 r--s 00000000 08:01 13375965                   /usr/lib/x86_64-linux-gnu/gconv/gconv-modules.cache
7f73b0377000-7f73b0577000 rw-p 00000000 00:00 0 
7f73b0577000-7f73b057a000 ---p 00000000 00:00 0 
7f73b057a000-7f73b0678000 rw-p 00000000 00:00 0                          [stack:11279]
7f73b0678000-7f73b067b000 ---p 00000000 00:00 0 
7f73b067b000-7f73b0779000 rw-p 00000000 00:00 0                          [stack:11278]
7f73b0779000-7f73b0782000 r-xp 00000000 08:01 13766348                   /usr/lib/jvm/java-8-oracle/jre/lib/amd64/libmanagement.so
7f73b0782000-7f73b0981000 ---p 00009000 08:01 13766348                   /usr/lib/jvm/java-8-oracle/jre/lib/amd64/libmanagement.so
7f73b0981000-7f73b0982000 rw-p 00008000 08:01 13766348                   /usr/lib/jvm/java-8-oracle/jre/lib/amd64/libmanagement.so
7f73b0982000-7f73b0986000 r--s 00097000 08:01 13118639                   /usr/lib/jvm/java-8-oracle/jre/lib/jsse.jar
7f73b0986000-7f73b0988000 r--s 00007000 08:01 10226052                   /opt/android-studio/gradle/gradle-2.14.1/lib/plugins/gradle-tooling-api-builders-2.14.1.jar
7f73b0988000-7f73b098b000 r--s 00008000 08:01 10226046                   /opt/android-studio/gradle/gradle-2.14.1/lib/plugins/gradle-testing-native-2.14.1.jar
7f73b098b000-7f73b098d000 r--s 00009000 08:01 10226146                   /opt/android-studio/gradle/gradle-2.14.1/lib/plugins/hamcrest-core-1.3.jar
7f73b098d000-7f73b0993000 r--s 00033000 08:01 10226057                   /opt/android-studio/gradle/gradle-2.14.1/lib/plugins/snakeyaml-1.6.jar
7f73b0993000-7f73b0995000 r--s 00006000 08:01 10226078                   /opt/android-studio/gradle/gradle-2.14.1/lib/plugins/jcommander-1.12.jar
7f73b0995000-7f73b099a000 r--s 00040000 08:01 10226055                   /opt/android-studio/gradle/gradle-2.14.1/lib/plugins/bsh-2.0b4.jar
7f73b099a000-7f73b09a3000 r--s 00089000 08:01 10226081                   /opt/android-studio/gradle/gradle-2.14.1/lib/plugins/testng-6.3.1.jar
7f73b09a3000-7f73b09ab000 r--s 00045000 08:01 10226086                   /opt/android-studio/gradle/gradle-2.14.1/lib/plugins/junit-4.12.jar
7f73b09ab000-7f73b09b1000 r--s 0002e000 08:01 10226062                   /opt/android-studio/gradle/gradle-2.14.1/lib/plugins/gradle-testing-jvm-2.14.1.jar
7f73b09b1000-7f73b09b6000 r--s 00015000 08:01 10226071                   /opt/android-studio/gradle/gradle-2.14.1/lib/plugins/gradle-testing-base-2.14.1.jar
7f73b09b6000-7f73b09b7000 r--s 00002000 08:01 10226084                   /opt/android-studio/gradle/gradle-2.14.1/lib/plugins/sonar-batch-bootstrapper-2.9.jar
7f73b09b7000-7f73b09ba000 r--s 00015000 08:01 10226061                   /opt/android-studio/gradle/gradle-2.14.1/lib/plugins/gradle-sonar-2.14.1.jar
7f73b09ba000-7f73b09c1000 r--s 00038000 08:01 10226102                   /opt/android-studio/gradle/gradle-2.14.1/lib/plugins/bcpg-jdk15on-1.51.jar
7f73b09c1000-7f73b09c3000 r--s 0000d000 08:01 10226108                   /opt/android-studio/gradle/gradle-2.14.1/lib/plugins/gradle-signing-2.14.1.jar
7f73b09c3000-7f73b09c6000 r--s 00009000 08:01 10226091                   /opt/android-studio/gradle/gradle-2.14.1/lib/plugins/gradle-scala-2.14.1.jar
7f73b09c6000-7f73b09c7000 r--s 00004000 08:01 10226115                   /opt/android-studio/gradle/gradle-2.14.1/lib/plugins/gradle-resources-sftp-2.14.1.jar
7f73b09c7000-7f73b09d7000 r--s 00088000 08:01 10226068                   /opt/android-studio/gradle/gradle-2.14.1/lib/plugins/joda-time-2.8.2.jar
7f73b09d7000-7f73b09e8000 r--s 000cf000 08:01 10226153                   /opt/android-studio/gradle/gradle-2.14.1/lib/plugins/jackson-databind-2.3.2.jar
7f73b09e8000-7f73b09ea000 r--s 00007000 08:01 10226097                   /opt/android-studio/gradle/gradle-2.14.1/lib/plugins/jackson-annotations-2.3.2.jar
7f73b09ea000-7f73b09ed000 r--s 0002e000 08:01 10226104                   /opt/android-studio/gradle/gradle-2.14.1/lib/plugins/jackson-core-2.3.2.jar
7f73b09ed000-7f73b09f8000 r--s 0006b000 08:01 10226170                   /opt/android-studio/gradle/gradle-2.14.1/lib/plugins/aws-java-sdk-core-1.9.19.jar
7f73b09f8000-7f73b09fe000 r--s 00036000 08:01 10226096                   /opt/android-studio/gradle/gradle-2.14.1/lib/plugins/aws-java-sdk-kms-1.9.19.jar
7f73b09fe000-7f73b0a09000 r--s 00079000 08:01 10226083                   /opt/android-studio/gradle/gradle-2.14.1/lib/plugins/aws-java-sdk-s3-1.9.19.jar
7f73b0a09000-7f73b0a0a000 r--s 00003000 08:01 10226149                   /opt/android-studio/gradle/gradle-2.14.1/lib/plugins/gradle-resources-s3-2.14.1.jar
7f73b0a0a000-7f73b0a0c000 r--s 00005000 08:01 10226144                   /opt/android-studio/gradle/gradle-2.14.1/lib/plugins/jatl-0.2.2.jar
7f73b0a0c000-7f73b0a0e000 r--s 0000f000 08:01 10226161                   /opt/android-studio/gradle/gradle-2.14.1/lib/plugins/gradle-reporting-2.14.1.jar
7f73b0a0e000-7f73b0a10000 r--s 00002000 08:01 10226101                   /opt/android-studio/gradle/gradle-2.14.1/lib/plugins/gradle-publish-2.14.1.jar
7f73b0a10000-7f73b0a12000 r--s 00009000 08:01 10226074                   /opt/android-studio/gradle/gradle-2.14.1/lib/plugins/commons-cli-1.2.jar
7f73b0a12000-7f73b0a18000 r--s 00033000 08:01 10226085                   /opt/android-studio/gradle/gradle-2.14.1/lib/plugins/gradle-plugins-2.14.1.jar
7f73b0a18000-7f73b0a1a000 r--s 00007000 08:01 10226049                   /opt/android-studio/gradle/gradle-2.14.1/lib/plugins/gradle-plugin-development-2.14.1.jar
7f73b0a1a000-7f73b0a20000 r--s 0002a000 08:01 10226107                   /opt/android-studio/gradle/gradle-2.14.1/lib/plugins/gradle-platform-play-2.14.1.jar
7f73b0a20000-7f73b0a2d000 r--s 0004d000 08:01 10226106                   /opt/android-studio/gradle/gradle-2.14.1/lib/plugins/gradle-platform-native-2.14.1.jar
7f73b0a2d000-7f73b0a31000 r--s 0001a000 08:01 10226147                   /opt/android-studio/gradle/gradle-2.14.1/lib/plugins/gradle-platform-jvm-2.14.1.jar
7f73b0a31000-7f73b0a38000 r--s 00029000 08:01 10226077                   /opt/android-studio/gradle/gradle-2.14.1/lib/plugins/gradle-platform-base-2.14.1.jar
7f73b0a38000-7f73b0a59000 r--s 001c3000 08:01 10226053                   /opt/android-studio/gradle/gradle-2.14.1/lib/plugins/bndlib-2.4.0.jar
7f73b0a59000-7f73b0a5b000 r--s 00003000 08:01 10226152                   /opt/android-studio/gradle/gradle-2.14.1/lib/plugins/gradle-osgi-2.14.1.jar
7f73b0a5b000-7f73b0a5e000 r--s 0000c000 08:01 10226156                   /opt/android-studio/gradle/gradle-2.14.1/lib/plugins/pmaven-groovy-0.8-20100325.jar
7f73b0a5e000-7f73b0a5f000 r--s 00004000 08:01 10226142                   /opt/android-studio/gradle/gradle-2.14.1/lib/plugins/pmaven-common-0.8-20100325.jar
7f73b0a5f000-7f73b0a65000 r--s 00022000 08:01 10226076                   /opt/android-studio/gradle/gradle-2.14.1/lib/plugins/gradle-maven-2.14.1.jar
7f73b0a65000-7f73b0a67000 r--s 0000a000 08:01 10226058                   /opt/android-studio/gradle/gradle-2.14.1/lib/plugins/gradle-language-scala-2.14.1.jar
7f73b0a67000-7f73b0a6d000 r--s 0001a000 08:01 10226063                   /opt/android-studio/gradle/gradle-2.14.1/lib/plugins/gradle-language-native-2.14.1.jar
7f73b0a6d000-7f73b0a6f000 r--s 00008000 08:01 10226051                   /opt/android-studio/gradle/gradle-2.14.1/lib/plugins/gradle-language-jvm-2.14.1.jar
7f73b0a6f000-7f73b0a75000 r--s 00024000 08:01 10226143                   /opt/android-studio/gradle/gradle-2.14.1/lib/plugins/gradle-language-java-2.14.1.jar
7f73b0a75000-7f73b0a77000 r--s 0000a000 08:01 10226105                   /opt/android-studio/gradle/gradle-2.14.1/lib/plugins/gradle-language-groovy-2.14.1.jar
7f73b0a77000-7f73b0a7a000 r--s 0001e000 08:01 10226045                   /opt/android-studio/gradle/gradle-2.14.1/lib/plugins/jsp-api-2.1-6.1.14.jar
7f73b0a7a000-7f73b0a9d000 r--s 00344000 08:01 10226098                   /opt/android-studio/gradle/gradle-2.14.1/lib/plugins/core-3.1.1.jar
7f73b0a9d000-7f73b0a9e000 r--s 00006000 08:01 10226154                   /opt/android-studio/gradle/gradle-2.14.1/lib/plugins/jetty-naming-6.1.25.jar
7f73b0a9e000-7f73b0a9f000 r--s 00002000 08:01 10226093                   /opt/android-studio/gradle/gradle-2.14.1/lib/plugins/geronimo-annotation_1.0_spec-1.0.jar
7f73b0a9f000-7f73b0aa1000 r--s 00002000 08:01 10226150                   /opt/android-studio/gradle/gradle-2.14.1/lib/plugins/jetty-annotations-6.1.25.jar
7f73b0aa1000-7f73b0ab2000 r--s 000ea000 08:01 10226163                   /opt/android-studio/gradle/gradle-2.14.1/lib/plugins/jsp-2.1-6.1.14.jar
7f73b0ab2000-7f73b0ab4000 r--s 0000d000 08:01 10226099                   /opt/android-studio/gradle/gradle-2.14.1/lib/plugins/jetty-plus-6.1.25.jar
7f73b0ab4000-7f73b0ab6000 r--s 0001f000 08:01 10226177                   /opt/android-studio/gradle/gradle-2.14.1/lib/plugins/servlet-api-2.5-20081211.jar
7f73b0ab6000-7f73b0aba000 r--s 00028000 08:01 10226079                   /opt/android-studio/gradle/gradle-2.14.1/lib/plugins/jetty-util-6.1.25.jar
7f73b0aba000-7f73b0ac1000 r--s 0007d000 08:01 10226087                   /opt/android-studio/gradle/gradle-2.14.1/lib/plugins/jetty-6.1.25.jar
7f73b0ac1000-7f73b0ac3000 r--s 00009000 08:01 10226159                   /opt/android-studio/gradle/gradle-2.14.1/lib/plugins/gradle-jetty-2.14.1.jar
7f73b0ac3000-7f73b0aca000 r--s 00035000 08:01 10226173                   /opt/android-studio/gradle/gradle-2.14.1/lib/plugins/simple-4.1.21.jar
7f73b0aca000-7f73b0ad6000 r--s 00100000 08:01 10226069                   /opt/android-studio/gradle/gradle-2.14.1/lib/plugins/rhino-1.7R3.jar
7f73b0ad6000-7f73b0ada000 r--s 00011000 08:01 10226141                   /opt/android-studio/gradle/gradle-2.14.1/lib/plugins/gradle-javascript-2.14.1.jar
7f73b0ada000-7f73b0adc000 r--s 0000c000 08:01 10226175                   /opt/android-studio/gradle/gradle-2.14.1/lib/plugins/gradle-jacoco-2.14.1.jar
7f73b0adc000-7f73b0adf000 r--s 0000e000 08:01 10226172                   /opt/android-studio/gradle/gradle-2.14.1/lib/plugins/gradle-ivy-2.14.1.jar
7f73b0adf000-7f73b0ae0000 r--s 00002000 08:01 10226164                   /opt/android-studio/gradle/gradle-2.14.1/lib/plugins/gradle-ide-play-2.14.1.jar
7f73b0ae0000-7f73b0ae5000 r--s 0002b000 08:01 10226160                   /opt/android-studio/gradle/gradle-2.14.1/lib/plugins/gradle-ide-native-2.14.1.jar
7f73b0ae5000-7f73b0af0000 r--s 00066000 08:01 10226059                   /opt/android-studio/gradle/gradle-2.14.1/lib/plugins/gradle-ide-2.14.1.jar
7f73b0af0000-7f73b0af1000 r--s 00008000 08:01 10226056                   /opt/android-studio/gradle/gradle-2.14.1/lib/plugins/gradle-ear-2.14.1.jar
7f73b0af1000-7f73b0af7000 r--s 00032000 08:01 10226067                   /opt/android-studio/gradle/gradle-2.14.1/lib/plugins/gradle-diagnostics-2.14.1.jar
7f73b0af7000-7f73b0afb000 r--s 00021000 08:01 10226162                   /opt/android-studio/gradle/gradle-2.14.1/lib/plugins/gradle-code-quality-2.14.1.jar
7f73b0afb000-7f73b0aff000 r--s 0001f000 08:01 10226066                   /opt/android-studio/gradle/gradle-2.14.1/lib/plugins/gradle-build-init-2.14.1.jar
7f73b0aff000-7f73b0b06000 r--s 0008e000 08:01 10226169                   /opt/android-studio/gradle/gradle-2.14.1/lib/plugins/gradle-build-comparison-2.14.1.jar
7f73b0b06000-7f73b0b08000 r--s 00008000 08:01 10226145                   /opt/android-studio/gradle/gradle-2.14.1/lib/plugins/gradle-antlr-2.14.1.jar
7f73b0b08000-7f73b0b0a000 r--s 00004000 08:01 10226171                   /opt/android-studio/gradle/gradle-2.14.1/lib/plugins/gradle-announce-2.14.1.jar
7f73b0b0a000-7f73b0b22000 r--s 00115000 08:01 10226090                   /opt/android-studio/gradle/gradle-2.14.1/lib/plugins/xercesImpl-2.9.1.jar
7f73b0b22000-7f73b0b2a000 r--s 00028000 08:01 10226118                   /opt/android-studio/gradle/gradle-2.14.1/lib/plugins/xml-apis-1.3.04.jar
7f73b0b2a000-7f73b0b30000 r--s 0005b000 08:01 10226109                   /opt/android-studio/gradle/gradle-2.14.1/lib/plugins/jcifs-1.3.17.jar
7f73b0b30000-7f73b0b37000 r--s 00049000 08:01 10226120                   /opt/android-studio/gradle/gradle-2.14.1/lib/plugins/httpcore-4.4.4.jar
7f73b0b37000-7f73b0b3d000 r--s 00033000 08:01 10226065                   /opt/android-studio/gradle/gradle-2.14.1/lib/plugins/commons-codec-1.6.jar
7f73b0b3d000-7f73b0b40000 r--s 0001c000 08:01 10226060                   /opt/android-studio/gradle/gradle-2.14.1/lib/plugins/nekohtml-1.9.14.jar
7f73b0b40000-7f73b0b4d000 r--s 000a4000 08:01 10226157                   /opt/android-studio/gradle/gradle-2.14.1/lib/plugins/httpclient-4.4.1.jar
7f73b0b4d000-7f73b0b4f000 r--s 0000a000 08:01 10226047                   /opt/android-studio/gradle/gradle-2.14.1/lib/plugins/gradle-resources-http-2.14.1.jar
7f73b0b4f000-7f73b0b53000 r--s 00014000 08:01 10226112                   /opt/android-studio/gradle/gradle-2.14.1/lib/plugins/gradle-plugin-use-2.14.1.jar
7f73b0b53000-7f73b0b54000 r--s 00000000 08:01 10226003                   /opt/android-studio/gradle/gradle-2.14.1/lib/gradle-installation-beacon-2.14.1.jar
7f73b0b54000-7f73b0b55000 r--s 00007000 08:01 10226075                   /opt/android-studio/gradle/gradle-2.14.1/lib/plugins/wagon-http-shared4-2.4.jar
7f73b0b55000-7f73b0b59000 r--s 00033000 08:01 10226148                   /opt/android-studio/gradle/gradle-2.14.1/lib/plugins/plexus-utils-2.0.6.jar
7f73b0b59000-7f73b0b5d000 r--s 00021000 08:01 10226111                   /opt/android-studio/gradle/gradle-2.14.1/lib/plugins/maven-model-builder-3.0.4.jar
7f73b0b5d000-7f73b0b5e000 r--s 00002000 08:01 10226064                   /opt/android-studio/gradle/gradle-2.14.1/lib/plugins/wagon-file-2.4.jar
7f73b0b5e000-7f73b0b60000 r--s 00002000 08:01 10226140                   /opt/android-studio/gradle/gradle-2.14.1/lib/plugins/plexus-cipher-1.7.jar
7f73b0b60000-7f73b0b63000 r--s 00013000 08:01 10226176                   /opt/android-studio/gradle/gradle-2.14.1/lib/plugins/aether-api-1.13.1.jar
7f73b0b63000-7f73b0b65000 r--s 0000a000 08:01 10226080                   /opt/android-studio/gradle/gradle-2.14.1/lib/plugins/maven-settings-3.0.4.jar
7f73b0b65000-7f73b0b67000 r--s 0000d000 08:01 10226113                   /opt/android-studio/gradle/gradle-2.14.1/lib/plugins/plexus-interpolation-1.14.jar
7f73b0b67000-7f73b0b69000 r--s 0000b000 08:01 10226155                   /opt/android-studio/gradle/gradle-2.14.1/lib/plugins/maven-artifact-3.0.4.jar
7f73b0b69000-7f73b0b70000 r--s 0002e000 08:01 10226072                   /opt/android-studio/gradle/gradle-2.14.1/lib/plugins/plexus-container-default-1.5.5.jar
7f73b0b70000-7f73b0b72000 r--s 0000b000 08:01 10226100                   /opt/android-studio/gradle/gradle-2.14.1/lib/plugins/maven-plugin-api-3.0.4.jar
7f73b0b72000-7f73b0b74000 r--s 00000000 08:01 10226103                   /opt/android-studio/gradle/gradle-2.14.1/lib/plugins/plexus-component-annotations-1.5.5.jar
7f73b0b74000-7f73b0b7a000 r--s 0003f000 08:01 10226114                   /opt/android-studio/gradle/gradle-2.14.1/lib/plugins/maven-compat-3.0.4.jar
7f73b0b7a000-7f73b0b7d000 r--s 00008000 08:01 10226088                   /opt/android-studio/gradle/gradle-2.14.1/lib/plugins/maven-settings-builder-3.0.4.jar
7f73b0b7d000-7f73b0b7e000 r--s 00002000 08:01 10226044                   /opt/android-studio/gradle/gradle-2.14.1/lib/plugins/wagon-http-2.4.jar
7f73b0b7e000-7f73b0b80000 r--s 00026000 08:01 10226174                   /opt/android-studio/gradle/gradle-2.14.1/lib/plugins/maven-model-3.0.4.jar
7f73b0b80000-7f73b0b82000 r--s 00006000 08:01 10226151                   /opt/android-studio/gradle/gradle-2.14.1/lib/plugins/aether-connector-wagon-1.13.1.jar
7f73b0b82000-7f73b0b84000 r--s 0000a000 08:01 10226073                   /opt/android-studio/gradle/gradle-2.14.1/lib/plugins/plexus-classworlds-2.4.jar
7f73b0b84000-7f73b0b86000 r--s 00006000 08:01 10226116                   /opt/android-studio/gradle/gradle-2.14.1/lib/plugins/maven-repository-metadata-3.0.4.jar
7f73b0b86000-7f73b0b88000 r--s 0000c000 08:01 10226092                   /opt/android-studio/gradle/gradle-2.14.1/lib/plugins/maven-aether-provider-3.0.4.jar
7f73b0b88000-7f73b0b8a000 r--s 0000b000 08:01 10226082                   /opt/android-studio/gradle/gradle-2.14.1/lib/plugins/wagon-provider-api-2.4.jar
7f73b0b8a000-7f73b0b8b000 r--s 00003000 08:01 10226048                   /opt/android-studio/gradle/gradle-2.14.1/lib/plugins/aether-spi-1.13.1.jar
7f73b0b8b000-7f73b0b8f000 r--s 0001c000 08:01 10226165                   /opt/android-studio/gradle/gradle-2.14.1/lib/plugins/aether-util-1.13.1.jar
7f73b0b8f000-7f73b0b92000 r--s 0001d000 08:01 10226110                   /opt/android-studio/gradle/gradle-2.14.1/lib/plugins/aether-impl-1.13.1.jar
7f73b0b92000-7f73b0b97000 r--s 00040000 08:01 10226050                   /opt/android-studio/gradle/gradle-2.14.1/lib/plugins/jsch-0.1.53.jar
7f73b0b97000-7f73b0bd7000 r--s 00277000 08:01 10226054                   /opt/android-studio/gradle/gradle-2.14.1/lib/plugins/bcprov-jdk15on-1.51.jar
7f73b0bd7000-7f73b0be3000 r--s 0007d000 08:01 10226119                   /opt/android-studio/gradle/gradle-2.14.1/lib/plugins/maven-core-3.0.4.jar
7f73b0be3000-7f73b0bff000 r--s 000d3000 08:01 10226094                   /opt/android-studio/gradle/gradle-2.14.1/lib/plugins/gradle-dependency-management-2.14.1.jar
7f73b0bff000-7f73b0c14000 r-xp 00000000 08:01 2625402                    /lib/x86_64-linux-gnu/libgcc_s.so.1
7f73b0c14000-7f73b0e13000 ---p 00015000 08:01 2625402                    /lib/x86_64-linux-gnu/libgcc_s.so.1
7f73b0e13000-7f73b0e14000 r--p 00014000 08:01 2625402                    /lib/x86_64-linux-gnu/libgcc_s.so.1
7f73b0e14000-7f73b0e15000 rw-p 00015000 08:01 2625402                    /lib/x86_64-linux-gnu/libgcc_s.so.1
7f73b0e15000-7f73b0ef7000 r-xp 00000000 08:01 13114888                   /usr/lib/x86_64-linux-gnu/libstdc++.so.6.0.16
7f73b0ef7000-7f73b10f6000 ---p 000e2000 08:01 13114888                   /usr/lib/x86_64-linux-gnu/libstdc++.so.6.0.16
7f73b10f6000-7f73b10fe000 r--p 000e1000 08:01 13114888                   /usr/lib/x86_64-linux-gnu/libstdc++.so.6.0.16
7f73b10fe000-7f73b1100000 rw-p 000e9000 08:01 13114888                   /usr/lib/x86_64-linux-gnu/libstdc++.so.6.0.16
7f73b1100000-7f73b1115000 rw-p 00000000 00:00 0 
7f73b1115000-7f73b1116000 r--s 00006000 08:01 10226117                   /opt/android-studio/gradle/gradle-2.14.1/lib/plugins/plexus-sec-dispatcher-1.3.jar
7f73b1116000-7f73b111a000 r--s 0001d000 08:01 10226095                   /opt/android-studio/gradle/gradle-2.14.1/lib/plugins/xbean-reflect-3.4.jar
7f73b111a000-7f73b111f000 r--s 0002a000 08:01 10226089                   /opt/android-studio/gradle/gradle-2.14.1/lib/plugins/gson-2.2.4.jar
7f73b111f000-7f73b112e000 r--s 000d9000 08:01 10226070                   /opt/android-studio/gradle/gradle-2.14.1/lib/plugins/ivy-2.2.0.jar
7f73b112e000-7f73b1132000 r-xp 00000000 08:01 10620998                   /root/.gradle/native/19/linux-amd64/libnative-platform.so
7f73b1132000-7f73b1331000 ---p 00004000 08:01 10620998                   /root/.gradle/native/19/linux-amd64/libnative-platform.so
7f73b1331000-7f73b1332000 rw-p 00003000 08:01 10620998                   /root/.gradle/native/19/linux-amd64/libnative-platform.so
7f73b1332000-7f73b1343000 r-xp 00000000 08:01 13766351                   /usr/lib/jvm/java-8-oracle/jre/lib/amd64/libnio.so
7f73b1343000-7f73b1542000 ---p 00011000 08:01 13766351                   /usr/lib/jvm/java-8-oracle/jre/lib/amd64/libnio.so
7f73b1542000-7f73b1543000 rw-p 00010000 08:01 13766351                   /usr/lib/jvm/java-8-oracle/jre/lib/amd64/libnio.so
7f73b1543000-7f73b1559000 r-xp 00000000 08:01 13766365                   /usr/lib/jvm/java-8-oracle/jre/lib/amd64/libnet.so
7f73b1559000-7f73b1759000 ---p 00016000 08:01 13766365                   /usr/lib/jvm/java-8-oracle/jre/lib/amd64/libnet.so
7f73b1759000-7f73b175a000 rw-p 00016000 08:01 13766365                   /usr/lib/jvm/java-8-oracle/jre/lib/amd64/libnet.so
7f73b175a000-7f73b175c000 r--s 00005000 08:01 10226013                   /opt/android-studio/gradle/gradle-2.14.1/lib/gradle-wrapper-2.14.1.jar
7f73b175c000-7f73b176a000 r--s 0004f000 08:01 10225998                   /opt/android-studio/gradle/gradle-2.14.1/lib/gradle-tooling-api-2.14.1.jar
7f73b176a000-7f73b176c000 r--s 00002000 08:01 10226002                   /opt/android-studio/gradle/gradle-2.14.1/lib/gradle-open-api-2.14.1.jar
7f73b176c000-7f73b1772000 r--s 00032000 08:01 10226036                   /opt/android-studio/gradle/gradle-2.14.1/lib/jaxen-1.1.jar
7f73b1772000-7f73b1777000 r--s 00048000 08:01 10226001                   /opt/android-studio/gradle/gradle-2.14.1/lib/dom4j-1.6.1.jar
7f73b1777000-7f73b1782000 r--s 00059000 08:01 10226030                   /opt/android-studio/gradle/gradle-2.14.1/lib/gradle-ui-2.14.1.jar
7f73b1782000-7f73b1785000 r--s 0000b000 08:01 10226178                   /opt/android-studio/gradle/gradle-2.14.1/lib/gradle-resources-2.14.1.jar
7f73b1785000-7f73b1787000 r--s 00003000 08:01 10226039                   /opt/android-studio/gradle/gradle-2.14.1/lib/jcl-over-slf4j-1.7.10.jar
7f73b1787000-7f73b1789000 r--s 00000000 08:01 10226179                   /opt/android-studio/gradle/gradle-2.14.1/lib/jul-to-slf4j-1.7.10.jar
7f73b1789000-7f73b178e000 r--s 0001c000 08:01 10226011                   /opt/android-studio/gradle/gradle-2.14.1/lib/gradle-logging-2.14.1.jar
7f73b178e000-7f73b1790000 r--s 00007000 08:01 10226042                   /opt/android-studio/gradle/gradle-2.14.1/lib/objenesis-1.2.jar
7f73b1790000-7f73b1792000 r--s 00000000 08:01 10226006                   /opt/android-studio/gradle/gradle-2.14.1/lib/minlog-1.2.jar
7f73b1792000-7f73b1796000 r--s 00026000 08:01 10226031                   /opt/android-studio/gradle/gradle-2.14.1/lib/kryo-2.20.jar
7f73b1796000-7f73b179c000 r--s 00025000 08:01 10226000                   /opt/android-studio/gradle/gradle-2.14.1/lib/gradle-messaging-2.14.1.jar
7f73b179c000-7f73b180b000 r--s 0063e000 08:01 10226182                   /opt/android-studio/gradle/gradle-2.14.1/lib/groovy-all-2.4.4.jar
7f73b180b000-7f73b180c000 ---p 00000000 00:00 0 
7f73b180c000-7f73b190c000 rw-p 00000000 00:00 0                          [stack:11276]
7f73b190c000-7f73b190f000 ---p 00000000 00:00 0 
7f73b190f000-7f73b1a0d000 rw-p 00000000 00:00 0                          [stack:11275]
7f73b1a0d000-7f73b1a10000 ---p 00000000 00:00 0 
7f73b1a10000-7f73b1b0e000 rw-p 00000000 00:00 0                          [stack:11274]
7f73b1b0e000-7f73b1b11000 ---p 00000000 00:00 0 
7f73b1b11000-7f73b1c0f000 rw-p 00000000 00:00 0                          [stack:11273]
7f73b1c0f000-7f73b1c12000 ---p 00000000 00:00 0 
7f73b1c12000-7f73b1d10000 rw-p 00000000 00:00 0                          [stack:11272]
7f73b1d10000-7f73b23f4000 r--p 00000000 08:01 13113697                   /usr/lib/locale/locale-archive
7f73b23f4000-7f73b23f7000 ---p 00000000 00:00 0 
7f73b23f7000-7f73b24f5000 rw-p 00000000 00:00 0                          [stack:11271]
7f73b24f5000-7f73b24f8000 ---p 00000000 00:00 0 
7f73b24f8000-7f73b25f6000 rw-p 00000000 00:00 0                          [stack:11270]
7f73b25f6000-7f73b25f7000 ---p 00000000 00:00 0 
7f73b25f7000-7f73b5000000 rw-p 00000000 00:00 0                          [stack:11269]
7f73b5000000-7f73b5fa0000 rwxp 00000000 00:00 0 
7f73b5fa0000-7f73c4000000 ---p 00000000 00:00 0 
7f73c4000000-7f73c4bcc000 rw-p 00000000 00:00 0 
7f73c4bcc000-7f73c8000000 ---p 00000000 00:00 0 
7f73c8000000-7f73c8001000 r--s 00005000 08:01 10226033                   /opt/android-studio/gradle/gradle-2.14.1/lib/log4j-over-slf4j-1.7.10.jar
7f73c8001000-7f73c8003000 r--s 0000f000 08:01 10226017                   /opt/android-studio/gradle/gradle-2.14.1/lib/reflectasm-1.07-shaded.jar
7f73c8003000-7f73c8004000 r--s 00003000 08:01 10226038                   /opt/android-studio/gradle/gradle-2.14.1/lib/native-platform-freebsd-amd64-0.10.jar
7f73c8004000-7f73c8005000 r--s 00003000 08:01 10226020                   /opt/android-studio/gradle/gradle-2.14.1/lib/native-platform-freebsd-i386-0.10.jar
7f73c8005000-7f73c8006000 r--s 00005000 08:01 10226008                   /opt/android-studio/gradle/gradle-2.14.1/lib/native-platform-windows-i386-0.10.jar
7f73c8006000-7f73c8007000 r--s 00005000 08:01 10226007                   /opt/android-studio/gradle/gradle-2.14.1/lib/native-platform-windows-amd64-0.10.jar
7f73c8007000-7f73c8008000 r--s 00003000 08:01 10226021                   /opt/android-studio/gradle/gradle-2.14.1/lib/native-platform-linux-i386-0.10.jar
7f73c8008000-7f73c8009000 r--s 00003000 08:01 10226005                   /opt/android-studio/gradle/gradle-2.14.1/lib/native-platform-linux-amd64-0.10.jar
7f73c8009000-7f73c800a000 r--s 00002000 08:01 10226004                   /opt/android-studio/gradle/gradle-2.14.1/lib/native-platform-osx-amd64-0.10.jar
7f73c800a000-7f73c800b000 r--s 00002000 08:01 10226034                   /opt/android-studio/gradle/gradle-2.14.1/lib/native-platform-osx-i386-0.10.jar
7f73c800b000-7f73c800d000 r--s 00008000 08:01 10226035                   /opt/android-studio/gradle/gradle-2.14.1/lib/jansi-1.2.1.jar
7f73c800d000-7f73c8010000 r--s 0000d000 08:01 10226029                   /opt/android-studio/gradle/gradle-2.14.1/lib/native-platform-0.10.jar
7f73c8010000-7f73c8014000 r--s 000e4000 08:01 10226028                   /opt/android-studio/gradle/gradle-2.14.1/lib/jna-3.2.7.jar
7f73c8014000-7f73c8016000 r--s 00009000 08:01 10226040                   /opt/android-studio/gradle/gradle-2.14.1/lib/gradle-native-2.14.1.jar
7f73c8016000-7f73c8018000 r--s 00005000 08:01 10226041                   /opt/android-studio/gradle/gradle-2.14.1/lib/gradle-cli-2.14.1.jar
7f73c8018000-7f73c801a000 r--s 00007000 08:01 10226010                   /opt/android-studio/gradle/gradle-2.14.1/lib/gradle-model-groovy-2.14.1.jar
7f73c801a000-7f73c801b000 r--s 00006000 08:01 10226025                   /opt/android-studio/gradle/gradle-2.14.1/lib/gradle-base-services-groovy-2.14.1.jar
7f73c801b000-7f73c802a000 r--s 00080000 08:01 10226026                   /opt/android-studio/gradle/gradle-2.14.1/lib/gradle-model-core-2.14.1.jar
7f73c802a000-7f73c802b000 r--s 00002000 08:01 10226018                   /opt/android-studio/gradle/gradle-2.14.1/lib/gradle-docs-2.14.1.jar
7f73c802b000-7f73c802f000 r--s 00027000 08:01 10226032                   /opt/android-studio/gradle/gradle-2.14.1/lib/commons-io-2.2.jar
7f73c802f000-7f73c803c000 r--s 00083000 08:01 10226180                   /opt/android-studio/gradle/gradle-2.14.1/lib/commons-collections-3.2.2.jar
7f73c803c000-7f73c8041000 r--s 00038000 08:01 10226022                   /opt/android-studio/gradle/gradle-2.14.1/lib/asm-all-5.1.jar
7f73c8041000-7f73c8069000 r--s 001cf000 08:01 10226014                   /opt/android-studio/gradle/gradle-2.14.1/lib/guava-jdk5-17.0.jar
7f73c8069000-7f73c8088000 r--s 001d1000 08:01 10226012                   /opt/android-studio/gradle/gradle-2.14.1/lib/ant-1.9.6.jar
7f73c8088000-7f73c8090000 r--s 0003a000 08:01 10226023                   /opt/android-studio/gradle/gradle-2.14.1/lib/gradle-base-services-2.14.1.jar
7f73c8090000-7f73c80c7000 r--s 001bd000 08:01 10226015                   /opt/android-studio/gradle/gradle-2.14.1/lib/gradle-core-2.14.1.jar
7f73c80c7000-7f73c8137000 rw-p 00000000 00:00 0 
7f73c8137000-7f73c8310000 r--s 03d29000 08:01 13118676                   /usr/lib/jvm/java-8-oracle/jre/lib/rt.jar
7f73c8310000-7f73c8d86000 rw-p 00000000 00:00 0 
7f73c8d86000-7f73c8d87000 ---p 00000000 00:00 0 
7f73c8d87000-7f73c8e87000 rw-p 00000000 00:00 0                          [stack:11268]
7f73c8e87000-7f73c8e88000 ---p 00000000 00:00 0 
7f73c8e88000-7f73c8fa6000 rw-p 00000000 00:00 0                          [stack:11267]
7f73c8fa6000-7f73c90de000 ---p 00000000 00:00 0 
7f73c90de000-7f73c90fc000 rw-p 00000000 00:00 0 
7f73c90fc000-7f73c9233000 ---p 00000000 00:00 0 
7f73c9233000-7f73c9276000 rw-p 00000000 00:00 0 
7f73c9276000-7f73c92de000 ---p 00000000 00:00 0 
7f73c92de000-7f73c931e000 rw-p 00000000 00:00 0 
7f73c931e000-7f73c969f000 ---p 00000000 00:00 0 
7f73c969f000-7f73c96b9000 r-xp 00000000 08:01 13766358                   /usr/lib/jvm/java-8-oracle/jre/lib/amd64/libzip.so
7f73c96b9000-7f73c98b9000 ---p 0001a000 08:01 13766358                   /usr/lib/jvm/java-8-oracle/jre/lib/amd64/libzip.so
7f73c98b9000-7f73c98ba000 rw-p 0001a000 08:01 13766358                   /usr/lib/jvm/java-8-oracle/jre/lib/amd64/libzip.so
7f73c98ba000-7f73c98c5000 r-xp 00000000 08:01 2621673                    /lib/x86_64-linux-gnu/libnss_files-2.15.so
7f73c98c5000-7f73c9ac4000 ---p 0000b000 08:01 2621673                    /lib/x86_64-linux-gnu/libnss_files-2.15.so
7f73c9ac4000-7f73c9ac5000 r--p 0000a000 08:01 2621673                    /lib/x86_64-linux-gnu/libnss_files-2.15.so
7f73c9ac5000-7f73c9ac6000 rw-p 0000b000 08:01 2621673                    /lib/x86_64-linux-gnu/libnss_files-2.15.so
7f73c9ac6000-7f73c9ad0000 r-xp 00000000 08:01 2621658                    /lib/x86_64-linux-gnu/libnss_nis-2.15.so
7f73c9ad0000-7f73c9cd0000 ---p 0000a000 08:01 2621658                    /lib/x86_64-linux-gnu/libnss_nis-2.15.so
7f73c9cd0000-7f73c9cd1000 r--p 0000a000 08:01 2621658                    /lib/x86_64-linux-gnu/libnss_nis-2.15.so
7f73c9cd1000-7f73c9cd2000 rw-p 0000b000 08:01 2621658                    /lib/x86_64-linux-gnu/libnss_nis-2.15.so
7f73c9cd2000-7f73c9ce9000 r-xp 00000000 08:01 2621667                    /lib/x86_64-linux-gnu/libnsl-2.15.so
7f73c9ce9000-7f73c9ee8000 ---p 00017000 08:01 2621667                    /lib/x86_64-linux-gnu/libnsl-2.15.so
7f73c9ee8000-7f73c9ee9000 r--p 00016000 08:01 2621667                    /lib/x86_64-linux-gnu/libnsl-2.15.so
7f73c9ee9000-7f73c9eea000 rw-p 00017000 08:01 2621667                    /lib/x86_64-linux-gnu/libnsl-2.15.so
7f73c9eea000-7f73c9eec000 rw-p 00000000 00:00 0 
7f73c9eec000-7f73c9ef4000 r-xp 00000000 08:01 2621672                    /lib/x86_64-linux-gnu/libnss_compat-2.15.so
7f73c9ef4000-7f73ca0f3000 ---p 00008000 08:01 2621672                    /lib/x86_64-linux-gnu/libnss_compat-2.15.so
7f73ca0f3000-7f73ca0f4000 r--p 00007000 08:01 2621672                    /lib/x86_64-linux-gnu/libnss_compat-2.15.so
7f73ca0f4000-7f73ca0f5000 rw-p 00008000 08:01 2621672                    /lib/x86_64-linux-gnu/libnss_compat-2.15.so
7f73ca0f5000-7f73ca11f000 r-xp 00000000 08:01 13766323                   /usr/lib/jvm/java-8-oracle/jre/lib/amd64/libjava.so
7f73ca11f000-7f73ca31f000 ---p 0002a000 08:01 13766323                   /usr/lib/jvm/java-8-oracle/jre/lib/amd64/libjava.so
7f73ca31f000-7f73ca321000 rw-p 0002a000 08:01 13766323                   /usr/lib/jvm/java-8-oracle/jre/lib/amd64/libjava.so
7f73ca321000-7f73ca32e000 r-xp 00000000 08:01 13766361                   /usr/lib/jvm/java-8-oracle/jre/lib/amd64/libverify.so
7f73ca32e000-7f73ca52e000 ---p 0000d000 08:01 13766361                   /usr/lib/jvm/java-8-oracle/jre/lib/amd64/libverify.so
7f73ca52e000-7f73ca530000 rw-p 0000d000 08:01 13766361                   /usr/lib/jvm/java-8-oracle/jre/lib/amd64/libverify.so
7f73ca530000-7f73ca537000 r-xp 00000000 08:01 2621660                    /lib/x86_64-linux-gnu/librt-2.15.so
7f73ca537000-7f73ca736000 ---p 00007000 08:01 2621660                    /lib/x86_64-linux-gnu/librt-2.15.so
7f73ca736000-7f73ca737000 r--p 00006000 08:01 2621660                    /lib/x86_64-linux-gnu/librt-2.15.so
7f73ca737000-7f73ca738000 rw-p 00007000 08:01 2621660                    /lib/x86_64-linux-gnu/librt-2.15.so
7f73ca738000-7f73ca833000 r-xp 00000000 08:01 2621674                    /lib/x86_64-linux-gnu/libm-2.15.so
7f73ca833000-7f73caa32000 ---p 000fb000 08:01 2621674                    /lib/x86_64-linux-gnu/libm-2.15.so
7f73caa32000-7f73caa33000 r--p 000fa000 08:01 2621674                    /lib/x86_64-linux-gnu/libm-2.15.so
7f73caa33000-7f73caa34000 rw-p 000fb000 08:01 2621674                    /lib/x86_64-linux-gnu/libm-2.15.so
7f73caa34000-7f73cb6ff000 r-xp 00000000 08:01 13894575                   /usr/lib/jvm/java-8-oracle/jre/lib/amd64/server/libjvm.so
7f73cb6ff000-7f73cb8fe000 ---p 00ccb000 08:01 13894575                   /usr/lib/jvm/java-8-oracle/jre/lib/amd64/server/libjvm.so
7f73cb8fe000-7f73cb9d7000 rw-p 00cca000 08:01 13894575                   /usr/lib/jvm/java-8-oracle/jre/lib/amd64/server/libjvm.so
7f73cb9d7000-7f73cba22000 rw-p 00000000 00:00 0 
7f73cba22000-7f73cbbd6000 r-xp 00000000 08:01 2621665                    /lib/x86_64-linux-gnu/libc-2.15.so
7f73cbbd6000-7f73cbdd5000 ---p 001b4000 08:01 2621665                    /lib/x86_64-linux-gnu/libc-2.15.so
7f73cbdd5000-7f73cbdd9000 r--p 001b3000 08:01 2621665                    /lib/x86_64-linux-gnu/libc-2.15.so
7f73cbdd9000-7f73cbddb000 rw-p 001b7000 08:01 2621665                    /lib/x86_64-linux-gnu/libc-2.15.so
7f73cbddb000-7f73cbde0000 rw-p 00000000 00:00 0 
7f73cbde0000-7f73cbde2000 r-xp 00000000 08:01 2621657                    /lib/x86_64-linux-gnu/libdl-2.15.so
7f73cbde2000-7f73cbfe2000 ---p 00002000 08:01 2621657                    /lib/x86_64-linux-gnu/libdl-2.15.so
7f73cbfe2000-7f73cbfe3000 r--p 00002000 08:01 2621657                    /lib/x86_64-linux-gnu/libdl-2.15.so
7f73cbfe3000-7f73cbfe4000 rw-p 00003000 08:01 2621657                    /lib/x86_64-linux-gnu/libdl-2.15.so
7f73cbfe4000-7f73cbff9000 r-xp 00000000 08:01 2627921                    /usr/lib/jvm/java-8-oracle/lib/amd64/jli/libjli.so
7f73cbff9000-7f73cc1f9000 ---p 00015000 08:01 2627921                    /usr/lib/jvm/java-8-oracle/lib/amd64/jli/libjli.so
7f73cc1f9000-7f73cc1fa000 rw-p 00015000 08:01 2627921                    /usr/lib/jvm/java-8-oracle/lib/amd64/jli/libjli.so
7f73cc1fa000-7f73cc212000 r-xp 00000000 08:01 2621668                    /lib/x86_64-linux-gnu/libpthread-2.15.so
7f73cc212000-7f73cc411000 ---p 00018000 08:01 2621668                    /lib/x86_64-linux-gnu/libpthread-2.15.so
7f73cc411000-7f73cc412000 r--p 00017000 08:01 2621668                    /lib/x86_64-linux-gnu/libpthread-2.15.so
7f73cc412000-7f73cc413000 rw-p 00018000 08:01 2621668                    /lib/x86_64-linux-gnu/libpthread-2.15.so
7f73cc413000-7f73cc417000 rw-p 00000000 00:00 0 
7f73cc417000-7f73cc439000 r-xp 00000000 08:01 2621671                    /lib/x86_64-linux-gnu/ld-2.15.so
7f73cc439000-7f73cc43a000 r--s 00000000 08:01 10226181                   /opt/android-studio/gradle/gradle-2.14.1/lib/javax.inject-1.jar
7f73cc43a000-7f73cc43b000 r--s 00000000 08:01 10226016                   /opt/android-studio/gradle/gradle-2.14.1/lib/jcip-annotations-1.0.jar
7f73cc43b000-7f73cc440000 r--s 00041000 08:01 10226024                   /opt/android-studio/gradle/gradle-2.14.1/lib/commons-lang-2.6.jar
7f73cc440000-7f73cc519000 rw-p 00000000 00:00 0 
7f73cc519000-7f73cc51c000 ---p 00000000 00:00 0 
7f73cc51c000-7f73cc61e000 rw-p 00000000 00:00 0                          [stack:11266]
7f73cc61e000-7f73cc61f000 r--s 00001000 08:01 10226037                   /opt/android-studio/gradle/gradle-2.14.1/lib/gradle-process-services-2.14.1.jar
7f73cc61f000-7f73cc620000 r--s 00000000 08:01 10225999                   /opt/android-studio/gradle/gradle-2.14.1/lib/gradle-jvm-services-2.14.1.jar
7f73cc620000-7f73cc621000 r--s 00007000 08:01 10226009                   /opt/android-studio/gradle/gradle-2.14.1/lib/slf4j-api-1.7.10.jar
7f73cc621000-7f73cc622000 r--s 00004000 08:01 10226027                   /opt/android-studio/gradle/gradle-2.14.1/lib/ant-launcher-1.9.6.jar
7f73cc622000-7f73cc62d000 r--s 00051000 08:01 10226019                   /opt/android-studio/gradle/gradle-2.14.1/lib/gradle-launcher-2.14.1.jar
7f73cc62d000-7f73cc635000 rw-s 00000000 08:01 4850446                    /tmp/hsperfdata_root/11263
7f73cc635000-7f73cc636000 rw-p 00000000 00:00 0 
7f73cc636000-7f73cc637000 ---p 00000000 00:00 0 
7f73cc637000-7f73cc639000 rw-p 00000000 00:00 0 
7f73cc639000-7f73cc63a000 r--p 00022000 08:01 2621671                    /lib/x86_64-linux-gnu/ld-2.15.so
7f73cc63a000-7f73cc63c000 rw-p 00023000 08:01 2621671                    /lib/x86_64-linux-gnu/ld-2.15.so
7ffd98842000-7ffd98863000 rw-p 00000000 00:00 0                          [stack]
7ffd98920000-7ffd98922000 r-xp 00000000 00:00 0                          [vdso]
ffffffffff600000-ffffffffff601000 r-xp 00000000 00:00 0                  [vsyscall]

VM Arguments:
jvm_args: -XX:MaxPermSize=256m -XX:+HeapDumpOnOutOfMemoryError -Xmx1024m -Dfile.encoding=UTF-8 -Duser.country=US -Duser.language=en -Duser.variant 
java_command: org.gradle.launcher.daemon.bootstrap.GradleDaemon 2.14.1
java_class_path (initial): /opt/android-studio/gradle/gradle-2.14.1/lib/gradle-launcher-2.14.1.jar
Launcher Type: SUN_STANDARD

Environment Variables:
PATH=/usr/local/sbin:/usr/local/bin:/usr/sbin:/usr/bin:/sbin:/bin
USERNAME=root
LD_LIBRARY_PATH=/opt/android-studio/bin:
SHELL=/bin/bash
DISPLAY=:0.0

Signal Handlers:
SIGSEGV: [libjvm.so+0xac4790], sa_mask[0]=11111111011111111101111111111110, sa_flags=SA_RESTART|SA_SIGINFO
SIGBUS: [libjvm.so+0xac4790], sa_mask[0]=11111111011111111101111111111110, sa_flags=SA_RESTART|SA_SIGINFO
SIGFPE: [libjvm.so+0x91f140], sa_mask[0]=11111111011111111101111111111110, sa_flags=SA_RESTART|SA_SIGINFO
SIGPIPE: [libjvm.so+0x91f140], sa_mask[0]=11111111011111111101111111111110, sa_flags=SA_RESTART|SA_SIGINFO
SIGXFSZ: [libjvm.so+0x91f140], sa_mask[0]=11111111011111111101111111111110, sa_flags=SA_RESTART|SA_SIGINFO
SIGILL: [libjvm.so+0x91f140], sa_mask[0]=11111111011111111101111111111110, sa_flags=SA_RESTART|SA_SIGINFO
SIGUSR1: SIG_DFL, sa_mask[0]=00000000000000000000000000000000, sa_flags=none
SIGUSR2: [libjvm.so+0x920770], sa_mask[0]=00100000000000000000000000000000, sa_flags=SA_RESTART|SA_SIGINFO
SIGHUP: [libjvm.so+0x921b70], sa_mask[0]=11111111011111111101111111111110, sa_flags=SA_RESTART|SA_SIGINFO
SIGINT: [libjvm.so+0x921b70], sa_mask[0]=11111111011111111101111111111110, sa_flags=SA_RESTART|SA_SIGINFO
SIGTERM: [libjvm.so+0x921b70], sa_mask[0]=11111111011111111101111111111110, sa_flags=SA_RESTART|SA_SIGINFO
SIGQUIT: [libjvm.so+0x921b70], sa_mask[0]=11111111011111111101111111111110, sa_flags=SA_RESTART|SA_SIGINFO


---------------  S Y S T E M  ---------------

OS:DISTRIB_ID=Ubuntu
DISTRIB_RELEASE=12.04
DISTRIB_CODENAME=precise
DISTRIB_DESCRIPTION="Ubuntu 12.04.5 LTS"

uname:Linux 3.13.0-95-generic #142~precise1-Ubuntu SMP Fri Aug 12 18:20:15 UTC 2016 x86_64
libc:glibc 2.15 NPTL 2.15 
rlimit: STACK 8192k, CORE 0k, NPROC 22873, NOFILE 4096, AS infinity
load average:3.37 1.76 1.19

/proc/meminfo:
MemTotal:        2948840 kB
MemFree:           86084 kB
Buffers:           38160 kB
Cached:           987592 kB
SwapCached:        60980 kB
Active:          1765028 kB
Inactive:         902308 kB
Active(anon):    1336224 kB
Inactive(anon):   481368 kB
Active(file):     428804 kB
Inactive(file):   420940 kB
Unevictable:           0 kB
Mlocked:               0 kB
SwapTotal:       3008508 kB
SwapFree:        2739468 kB
Dirty:             11256 kB
Writeback:             0 kB
AnonPages:       1614716 kB
Mapped:           277828 kB
Shmem:            175960 kB
Slab:             103492 kB
SReclaimable:      74180 kB
SUnreclaim:        29312 kB
KernelStack:        4440 kB
PageTables:        32868 kB
NFS_Unstable:          0 kB
Bounce:                0 kB
WritebackTmp:          0 kB
CommitLimit:     4482928 kB
Committed_AS:    4662748 kB
VmallocTotal:   34359738367 kB
VmallocUsed:      346464 kB
VmallocChunk:   34359383644 kB
HardwareCorrupted:     0 kB
AnonHugePages:    567296 kB
HugePages_Total:       0
HugePages_Free:        0
HugePages_Rsvd:        0
HugePages_Surp:        0
Hugepagesize:       2048 kB
DirectMap4k:       67972 kB
DirectMap2M:     2942976 kB


CPU:total 2 (2 cores per cpu, 1 threads per core) family 6 model 15 stepping 13, cmov, cx8, fxsr, mmx, sse, sse2, sse3, ssse3, tsc

/proc/cpuinfo:
processor	: 0
vendor_id	: GenuineIntel
cpu family	: 6
model		: 15
model name	: Genuine Intel(R) CPU           T1600  @ 1.66GHz
stepping	: 13
microcode	: 0xa3
cpu MHz		: 1662.438
cache size	: 1024 KB
physical id	: 0
siblings	: 2
core id		: 0
cpu cores	: 2
apicid		: 0
initial apicid	: 0
fpu		: yes
fpu_exception	: yes
cpuid level	: 10
wp		: yes
flags		: fpu vme de pse tsc msr pae mce cx8 apic sep mtrr pge mca cmov pat pse36 clflush dts acpi mmx fxsr sse sse2 ss ht tm pbe syscall nx lm constant_tsc arch_perfmon pebs bts rep_good nopl aperfmperf pni dtes64 monitor ds_cpl tm2 ssse3 cx16 xtpr pdcm lahf_lm dtherm
bogomips	: 3324.87
clflush size	: 64
cache_alignment	: 64
address sizes	: 36 bits physical, 48 bits virtual
power management:

processor	: 1
vendor_id	: GenuineIntel
cpu family	: 6
model		: 15
model name	: Genuine Intel(R) CPU           T1600  @ 1.66GHz
stepping	: 13
microcode	: 0xa3
cpu MHz		: 1662.438
cache size	: 1024 KB
physical id	: 0
siblings	: 2
core id		: 1
cpu cores	: 2
apicid		: 1
initial apicid	: 1
fpu		: yes
fpu_exception	: yes
cpuid level	: 10
wp		: yes
flags		: fpu vme de pse tsc msr pae mce cx8 apic sep mtrr pge mca cmov pat pse36 clflush dts acpi mmx fxsr sse sse2 ss ht tm pbe syscall nx lm constant_tsc arch_perfmon pebs bts rep_good nopl aperfmperf pni dtes64 monitor ds_cpl tm2 ssse3 cx16 xtpr pdcm lahf_lm dtherm
bogomips	: 3324.87
clflush size	: 64
cache_alignment	: 64
address sizes	: 36 bits physical, 48 bits virtual
power management:



Memory: 4k page, physical 2948840k(86084k free), swap 3008508k(2739468k free)

vm_info: Java HotSpot(TM) 64-Bit Server VM (25.101-b13) for linux-amd64 JRE (1.8.0_101-b13), built on Jun 22 2016 02:59:44 by "java_re" with gcc 4.3.0 20080428 (Red Hat 4.3.0-8)

time: Tue Sep 27 20:18:33 2016
elapsed time: 50 seconds (0d 0h 0m 50s)

