#
# A fatal error has been detected by the Java Runtime Environment:
#
#  SIGSEGV (0xb) at pc=0x00007fd4bfd5f5a3, pid=18144, tid=0x00007fd4bd825700
#
# JRE version: Java(TM) SE Runtime Environment (8.0_101-b13) (build 1.8.0_101-b13)
# Java VM: Java HotSpot(TM) 64-Bit Server VM (25.101-b13 mixed mode linux-amd64 compressed oops)
# Problematic frame:
# V  [libjvm.so+0x98c5a3]  oopDesc* PSPromotionManager::copy_to_survivor_space<false>(oopDesc*)+0x143
#
# Failed to write core dump. Core dumps have been disabled. To enable core dumping, try "ulimit -c unlimited" before starting Java again
#
# If you would like to submit a bug report, please visit:
#   http://bugreport.java.com/bugreport/crash.jsp
#

---------------  T H R E A D  ---------------

Current thread (0x00007fd4b8021000):  GCTaskThread [stack: 0x00007fd4bd725000,0x00007fd4bd826000] [id=18151]

siginfo: si_signo: 11 (SIGSEGV), si_code: 2 (SEGV_ACCERR), si_addr: 0x00000001002065a0

Registers:
RAX=0x00007fd4c0360b90, RBX=0x00000000eb7d2204, RCX=0x0000000000000003, RDX=0x0000000000000001
RSP=0x00007fd4bd824ae0, RBP=0x00007fd4bd824b50, RSI=0x00000000eb304fe8, RDI=0x0000000100206598
R8 =0x00000000eb7d21e8, R9 =0x00007fd4c0394290, R10=0x00007fd4c0385059, R11=0x0000000000000000
R12=0x00000000eb304fe8, R13=0x0000000000000001, R14=0x0000000000000000, R15=0x00007fd4b8071328
RIP=0x00007fd4bfd5f5a3, EFLAGS=0x0000000000010202, CSGSFS=0x0000000000000033, ERR=0x0000000000000004
  TRAPNO=0x000000000000000e

Top of Stack: (sp=0x00007fd4bd824ae0)
0x00007fd4bd824ae0:   00000000eb7c4aa1 00007fd4c0385059
0x00007fd4bd824af0:   00000000eab003b8 00007fd4b80712c0
0x00007fd4bd824b00:   0000000000000000 000000000000000d
0x00007fd4bd824b10:   00000000eb7d1c70 0000000000001000
0x00007fd4bd824b20:   0000000000000000 00000000eb7d2204
0x00007fd4bd824b30:   00007fd4b80712c0 00007fd4c0360b80
0x00007fd4bd824b40:   0000000000000000 00007fd4b8071328
0x00007fd4bd824b50:   00007fd4bd824c40 00007fd4bfd5ee70
0x00007fd4bd824b60:   00007fd4bd824be0 00007fd4bd824bd0
0x00007fd4bd824b70:   00007fd4bd824be0 00007fd4bd824ba0
0x00007fd4bd824b80:   00007fd4bd824bb0 00007fd4bd824c00
0x00007fd4bd824b90:   00007fd4bd824bc0 00007fd4b8071358
0x00007fd4bd824ba0:   00007fd4bd824cb0 00007fd4bd824c70
0x00007fd4bd824bb0:   00007fd4bd824be0 00007fd4bfd639df
0x00007fd4bd824bc0:   00007fd4bd824be0 00007fd4bd824c60
0x00007fd4bd824bd0:   00007fd4b8023210 00007fd4bd824c60
0x00007fd4bd824be0:   00007fd4bd824c00 00007fd4bfd62eeb
0x00007fd4bd824bf0:   00007fd4bd824cb0 0000000100000028
0x00007fd4bd824c00:   00000000eb7d2205 00007fd4bf83c4e4
0x00007fd4bd824c10:   00007fd4b80215a0 00007fd480179c60
0x00007fd4bd824c20:   00007fd4b80712c0 0000000000000001
0x00007fd4bd824c30:   00007fd4b80215a0 00007fd4bff22ae5
0x00007fd4bd824c40:   00007fd4bd824d00 00007fd4bfd628b2
0x00007fd4bd824c50:   0000000000000000 00007fd4bff22af9
0x00007fd4bd824c60:   00007fd4c0337fa0 00007fd4bd824c00
0x00007fd4bd824c70:   00007fd4c0337fd0 00007fd4b8071200
0x00007fd4bd824c80:   00007fd4b80712c0 0000000000000000
0x00007fd4bd824c90:   00007fd4c0337f70 0000000000000000
0x00007fd4bd824ca0:   00007fd4b80712c0 00007fd4bfcb060b
0x00007fd4bd824cb0:   00007fd4c0337df0 00007fd4b801ec00
0x00007fd4bd824cc0:   00007fd4b80712c0 00007fd4bf9a8e67
0x00007fd4bd824cd0:   00007fd4bd824d00 00007fd480179c60 

Instructions: (pc=0x00007fd4bfd5f5a3)
0x00007fd4bfd5f583:   83 e0 07 48 83 f8 05 75 d3 31 db eb d6 48 8b 05
0x00007fd4bfd5f593:   f1 24 5e 00 8b 7e 08 8b 48 08 48 d3 e7 48 03 38
0x00007fd4bfd5f5a3:   8b 77 08 83 fe 00 0f 8f 0a ff ff ff 0f 85 4b 02
0x00007fd4bfd5f5b3:   00 00 0f 1f 00 48 8b 07 4c 89 e6 4c 89 55 98 ff 

Register to memory mapping:

RAX=0x00007fd4c0360b90: <offset 0xf8db90> in /usr/lib/jvm/java-8-oracle/jre/lib/amd64/server/libjvm.so at 0x00007fd4bf3d3000
RBX=0x00000000eb7d2204 is an unknown value
RCX=0x0000000000000003 is an unknown value
RDX=0x0000000000000001 is an unknown value
RSP=0x00007fd4bd824ae0 is an unknown value
RBP=0x00007fd4bd824b50 is an unknown value
RSI=0x00000000eb304fe8 is an oop

[error occurred during error reporting (printing register info), id 0xb]

Stack: [0x00007fd4bd725000,0x00007fd4bd826000],  sp=0x00007fd4bd824ae0,  free space=1022k
Native frames: (J=compiled Java code, j=interpreted, Vv=VM code, C=native code)
V  [libjvm.so+0x98c5a3]  oopDesc* PSPromotionManager::copy_to_survivor_space<false>(oopDesc*)+0x143
V  [libjvm.so+0x98be70]  PSPromotionManager::drain_stacks_depth(bool)+0x830
V  [libjvm.so+0x98f8b2]  ScavengeRootsTask::do_it(GCTaskManager*, unsigned int)+0x82
V  [libjvm.so+0x5d6b5f]  GCTaskThread::run()+0x12f
V  [libjvm.so+0x924698]  java_start(Thread*)+0x108


---------------  P R O C E S S  ---------------

Java Threads: ( => current thread )
  0x00007fd4b8153000 JavaThread "pool-1-thread-4" [_thread_blocked, id=18164, stack(0x00007fd4a5d10000,0x00007fd4a5e11000)]
  0x00007fd4b814d800 JavaThread "pool-1-thread-3" [_thread_blocked, id=18163, stack(0x00007fd4a5e11000,0x00007fd4a5f12000)]
  0x00007fd4b8142000 JavaThread "pool-1-thread-2" [_thread_blocked, id=18162, stack(0x00007fd4a5f12000,0x00007fd4a6013000)]
  0x00007fd4b813f800 JavaThread "pool-2-thread-1" [_thread_blocked, id=18161, stack(0x00007fd4a6013000,0x00007fd4a6114000)]
  0x00007fd4b813d800 JavaThread "pool-1-thread-1" [_thread_blocked, id=18160, stack(0x00007fd4a6114000,0x00007fd4a6215000)]
  0x00007fd4b80ba000 JavaThread "Service Thread" daemon [_thread_blocked, id=18158, stack(0x00007fd4a6316000,0x00007fd4a6417000)]
  0x00007fd4b80b7800 JavaThread "C1 CompilerThread1" daemon [_thread_blocked, id=18157, stack(0x00007fd4a6417000,0x00007fd4a6518000)]
  0x00007fd4b80b4800 JavaThread "C2 CompilerThread0" daemon [_thread_blocked, id=18156, stack(0x00007fd4a6518000,0x00007fd4a6619000)]
  0x00007fd4b80b3000 JavaThread "Signal Dispatcher" daemon [_thread_blocked, id=18155, stack(0x00007fd4a6619000,0x00007fd4a671a000)]
  0x00007fd4b8080000 JavaThread "Finalizer" daemon [_thread_blocked, id=18154, stack(0x00007fd4a6dfe000,0x00007fd4a6eff000)]
  0x00007fd4b807b800 JavaThread "Reference Handler" daemon [_thread_blocked, id=18153, stack(0x00007fd4a6eff000,0x00007fd4a7000000)]
  0x00007fd4b800a000 JavaThread "main" [_thread_blocked, id=18149, stack(0x00007fd4c0eb8000,0x00007fd4c0fb9000)]

Other Threads:
  0x00007fd4b8073800 VMThread [stack: 0x00007fd4bc05c000,0x00007fd4bc15d000] [id=18152]
  0x00007fd4b80bc800 WatcherThread [stack: 0x00007fd4a6215000,0x00007fd4a6316000] [id=18159]

=>0x00007fd4b8021000 (exited) GCTaskThread [stack: 0x00007fd4bd725000,0x00007fd4bd826000] [id=18151]

VM state:at safepoint (normal execution)

VM Mutex/Monitor currently owned by a thread:  ([mutex/lock_event])
[0x00007fd4b80064c0] Threads_lock - owner thread: 0x00007fd4b8073800
[0x00007fd4b80069c0] Heap_lock - owner thread: 0x00007fd4b813d800

Heap:
 PSYoungGen      total 13824K, used 12288K [0x00000000eab00000, 0x00000000eba00000, 0x0000000100000000)
  eden space 12288K, 100% used [0x00000000eab00000,0x00000000eb700000,0x00000000eb700000)
  from space 1536K, 0% used [0x00000000eb880000,0x00000000eb880000,0x00000000eba00000)
  to   space 1536K, 60% used [0x00000000eb700000,0x00000000eb7e9c70,0x00000000eb880000)
 ParOldGen       total 31744K, used 8K [0x00000000c0000000, 0x00000000c1f00000, 0x00000000eab00000)
  object space 31744K, 0% used [0x00000000c0000000,0x00000000c0002000,0x00000000c1f00000)
 Metaspace       used 5408K, capacity 6448K, committed 6528K, reserved 1056768K
  class space    used 585K, capacity 616K, committed 640K, reserved 1048576K

Card table byte_map: [0x00007fd4bda7d000,0x00007fd4bdc7e000] byte_map_base: 0x00007fd4bd47d000

Marking Bits: (ParMarkBitMap*) 0x00007fd4c0394120
 Begin Bits: [0x00007fd4a7000000, 0x00007fd4a8000000)
 End Bits:   [0x00007fd4a8000000, 0x00007fd4a9000000)

Polling page: 0x00007fd4c0fd5000

CodeCache: size=245760Kb used=1959Kb max_used=1959Kb free=243800Kb
 bounds [0x00007fd4a9000000, 0x00007fd4a9270000, 0x00007fd4b8000000]
 total_blobs=658 nmethods=390 adapters=182
 compilation: enabled

Compilation events (10 events):
Event: 5.456 Thread 0x00007fd4b80b7800  386       1       com.android.dx.rop.code.CstInsn::getConstant (5 bytes)
Event: 5.456 Thread 0x00007fd4b80b7800 nmethod 386 0x00007fd4a91e7f50 code [0x00007fd4a91e80a0, 0x00007fd4a91e81b0]
Event: 5.456 Thread 0x00007fd4b80b7800  438       1       com.android.dx.rop.code.ThrowingCstInsn::getCatches (5 bytes)
Event: 5.456 Thread 0x00007fd4b80b7800 nmethod 438 0x00007fd4a91e7c90 code [0x00007fd4a91e7de0, 0x00007fd4a91e7ef0]
Event: 5.456 Thread 0x00007fd4b80b7800  383       1       com.android.dx.cf.attrib.BaseAttribute::getName (5 bytes)
Event: 5.456 Thread 0x00007fd4b80b7800 nmethod 383 0x00007fd4a91e79d0 code [0x00007fd4a91e7b20, 0x00007fd4a91e7c30]
Event: 5.457 Thread 0x00007fd4b80b7800  394       1       com.android.dx.cf.code.ExecutionStack::size (5 bytes)
Event: 5.457 Thread 0x00007fd4b80b7800 nmethod 394 0x00007fd4a91e7710 code [0x00007fd4a91e7860, 0x00007fd4a91e7970]
Event: 5.457 Thread 0x00007fd4b80b7800  395       1       com.android.dx.cf.code.BaseMachine::argCount (5 bytes)
Event: 5.457 Thread 0x00007fd4b80b4800  440       4       java.util.HashMap::get (23 bytes)

GC Heap History (1 events):
Event: 5.563 GC heap before
{Heap before GC invocations=1 (full 0):
 PSYoungGen      total 13824K, used 12288K [0x00000000eab00000, 0x00000000eba00000, 0x0000000100000000)
  eden space 12288K, 100% used [0x00000000eab00000,0x00000000eb700000,0x00000000eb700000)
  from space 1536K, 0% used [0x00000000eb880000,0x00000000eb880000,0x00000000eba00000)
  to   space 1536K, 0% used [0x00000000eb700000,0x00000000eb700000,0x00000000eb880000)
 ParOldGen       total 31744K, used 0K [0x00000000c0000000, 0x00000000c1f00000, 0x00000000eab00000)
  object space 31744K, 0% used [0x00000000c0000000,0x00000000c0000000,0x00000000c1f00000)
 Metaspace       used 5408K, capacity 6448K, committed 6528K, reserved 1056768K
  class space    used 585K, capacity 616K, committed 640K, reserved 1048576K

Deoptimization events (1 events):
Event: 3.974 Thread 0x00007fd4b800a000 Uncommon trap: reason=unstable_if action=reinterpret pc=0x00007fd4a915b0d0 method=java.lang.String.indexOf(II)I @ 49

Internal exceptions (2 events):
Event: 0.843 Thread 0x00007fd4b800a000 Exception <a 'java/lang/NoSuchMethodError': Method sun.misc.Unsafe.defineClass(Ljava/lang/String;[BII)Ljava/lang/Class; name or signature does not match> (0x00000000eab07cc0) thrown at [/HUDSON3/workspace/8-2-build-linux-amd64/jdk8u101/7261/hotspot/src/sh
Event: 0.843 Thread 0x00007fd4b800a000 Exception <a 'java/lang/NoSuchMethodError': Method sun.misc.Unsafe.prefetchRead(Ljava/lang/Object;J)V name or signature does not match> (0x00000000eab07fa8) thrown at [/HUDSON3/workspace/8-2-build-linux-amd64/jdk8u101/7261/hotspot/src/share/vm/prims/jni.c

Events (10 events):
Event: 5.222 loading class com/android/dx/dex/file/DebugInfoItem done
Event: 5.229 loading class java/io/PrintWriter
Event: 5.230 loading class java/io/PrintWriter done
Event: 5.232 loading class com/android/dx/dex/file/MethodIdItem
Event: 5.232 loading class com/android/dx/dex/file/MethodIdItem done
Event: 5.451 loading class com/android/dx/ssa/PhiInsn$Operand
Event: 5.451 loading class com/android/dx/ssa/PhiInsn$Operand done
Event: 5.504 loading class com/android/dx/ssa/back/FirstFitLocalCombiningAllocator$Multiset
Event: 5.504 loading class com/android/dx/ssa/back/FirstFitLocalCombiningAllocator$Multiset done
Event: 5.545 Executing VM operation: ParallelGCFailedAllocation


Dynamic libraries:
00400000-00401000 r-xp 00000000 08:01 3279757                            /usr/lib/jvm/java-8-oracle/bin/java
00600000-00601000 rw-p 00000000 08:01 3279757                            /usr/lib/jvm/java-8-oracle/bin/java
02173000-02194000 rw-p 00000000 00:00 0                                  [heap]
c0000000-c1f00000 rw-p 00000000 00:00 0 
c1f00000-eab00000 ---p 00000000 00:00 0 
eab00000-eba00000 rw-p 00000000 00:00 0 
eba00000-100000000 ---p 00000000 00:00 0 
100000000-1000a0000 rw-p 00000000 00:00 0 
1000a0000-140000000 ---p 00000000 00:00 0 
7fd468000000-7fd468022000 rw-p 00000000 00:00 0 
7fd468022000-7fd46c000000 ---p 00000000 00:00 0 
7fd470000000-7fd470021000 rw-p 00000000 00:00 0 
7fd470021000-7fd474000000 ---p 00000000 00:00 0 
7fd474000000-7fd474021000 rw-p 00000000 00:00 0 
7fd474021000-7fd478000000 ---p 00000000 00:00 0 
7fd478000000-7fd478021000 rw-p 00000000 00:00 0 
7fd478021000-7fd47c000000 ---p 00000000 00:00 0 
7fd47c000000-7fd47c021000 rw-p 00000000 00:00 0 
7fd47c021000-7fd480000000 ---p 00000000 00:00 0 
7fd480000000-7fd4801e3000 rw-p 00000000 00:00 0 
7fd4801e3000-7fd484000000 ---p 00000000 00:00 0 
7fd484000000-7fd484021000 rw-p 00000000 00:00 0 
7fd484021000-7fd488000000 ---p 00000000 00:00 0 
7fd488000000-7fd488021000 rw-p 00000000 00:00 0 
7fd488021000-7fd48c000000 ---p 00000000 00:00 0 
7fd48c000000-7fd48c08c000 rw-p 00000000 00:00 0 
7fd48c08c000-7fd490000000 ---p 00000000 00:00 0 
7fd490000000-7fd490021000 rw-p 00000000 00:00 0 
7fd490021000-7fd494000000 ---p 00000000 00:00 0 
7fd494000000-7fd494021000 rw-p 00000000 00:00 0 
7fd494021000-7fd498000000 ---p 00000000 00:00 0 
7fd498000000-7fd498021000 rw-p 00000000 00:00 0 
7fd498021000-7fd49c000000 ---p 00000000 00:00 0 
7fd49c000000-7fd49c021000 rw-p 00000000 00:00 0 
7fd49c021000-7fd4a0000000 ---p 00000000 00:00 0 
7fd4a0000000-7fd4a0291000 rw-p 00000000 00:00 0 
7fd4a0291000-7fd4a4000000 ---p 00000000 00:00 0 
7fd4a5d10000-7fd4a5d13000 ---p 00000000 00:00 0 
7fd4a5d13000-7fd4a5e11000 rw-p 00000000 00:00 0                          [stack:18164]
7fd4a5e11000-7fd4a5e14000 ---p 00000000 00:00 0 
7fd4a5e14000-7fd4a5f12000 rw-p 00000000 00:00 0                          [stack:18163]
7fd4a5f12000-7fd4a5f15000 ---p 00000000 00:00 0 
7fd4a5f15000-7fd4a6013000 rw-p 00000000 00:00 0                          [stack:18162]
7fd4a6013000-7fd4a6016000 ---p 00000000 00:00 0 
7fd4a6016000-7fd4a6114000 rw-p 00000000 00:00 0                          [stack:18161]
7fd4a6114000-7fd4a6117000 ---p 00000000 00:00 0 
7fd4a6117000-7fd4a6215000 rw-p 00000000 00:00 0                          [stack:18160]
7fd4a6215000-7fd4a6216000 ---p 00000000 00:00 0 
7fd4a6216000-7fd4a6316000 rw-p 00000000 00:00 0                          [stack:18159]
7fd4a6316000-7fd4a6319000 ---p 00000000 00:00 0 
7fd4a6319000-7fd4a6417000 rw-p 00000000 00:00 0                          [stack:18158]
7fd4a6417000-7fd4a641a000 ---p 00000000 00:00 0 
7fd4a641a000-7fd4a6518000 rw-p 00000000 00:00 0                          [stack:18157]
7fd4a6518000-7fd4a651b000 ---p 00000000 00:00 0 
7fd4a651b000-7fd4a6619000 rw-p 00000000 00:00 0                          [stack:18156]
7fd4a6619000-7fd4a661c000 ---p 00000000 00:00 0 
7fd4a661c000-7fd4a671a000 rw-p 00000000 00:00 0                          [stack:18155]
7fd4a671a000-7fd4a6dfe000 r--p 00000000 08:01 13113697                   /usr/lib/locale/locale-archive
7fd4a6dfe000-7fd4a6e01000 ---p 00000000 00:00 0 
7fd4a6e01000-7fd4a6eff000 rw-p 00000000 00:00 0                          [stack:18154]
7fd4a6eff000-7fd4a6f02000 ---p 00000000 00:00 0 
7fd4a6f02000-7fd4a9000000 rw-p 00000000 00:00 0                          [stack:18153]
7fd4a9000000-7fd4a9270000 rwxp 00000000 00:00 0 
7fd4a9270000-7fd4b8000000 ---p 00000000 00:00 0 
7fd4b8000000-7fd4b8386000 rw-p 00000000 00:00 0 
7fd4b8386000-7fd4bc000000 ---p 00000000 00:00 0 
7fd4bc05c000-7fd4bc05d000 ---p 00000000 00:00 0 
7fd4bc05d000-7fd4bcad6000 rw-p 00000000 00:00 0                          [stack:18152]
7fd4bcad6000-7fd4bccaf000 r--s 03d29000 08:01 13118676                   /usr/lib/jvm/java-8-oracle/jre/lib/rt.jar
7fd4bccaf000-7fd4bd2e5000 rw-p 00000000 00:00 0 
7fd4bd2e5000-7fd4bd525000 ---p 00000000 00:00 0 
7fd4bd525000-7fd4bd725000 rw-p 00000000 00:00 0 
7fd4bd725000-7fd4bd726000 ---p 00000000 00:00 0 
7fd4bd726000-7fd4bd826000 rw-p 00000000 00:00 0                          [stack:18151]
7fd4bd826000-7fd4bd827000 ---p 00000000 00:00 0 
7fd4bd827000-7fd4bd937000 rw-p 00000000 00:00 0                          [stack:18150]
7fd4bd937000-7fd4bda7d000 ---p 00000000 00:00 0 
7fd4bda7d000-7fd4bda8d000 rw-p 00000000 00:00 0 
7fd4bda8d000-7fd4bdbd2000 ---p 00000000 00:00 0 
7fd4bdbd2000-7fd4bdbda000 rw-p 00000000 00:00 0 
7fd4bdbda000-7fd4bdc7d000 ---p 00000000 00:00 0 
7fd4bdc7d000-7fd4bdc88000 rw-p 00000000 00:00 0 
7fd4bdc88000-7fd4be03e000 ---p 00000000 00:00 0 
7fd4be03e000-7fd4be058000 r-xp 00000000 08:01 13766358                   /usr/lib/jvm/java-8-oracle/jre/lib/amd64/libzip.so
7fd4be058000-7fd4be258000 ---p 0001a000 08:01 13766358                   /usr/lib/jvm/java-8-oracle/jre/lib/amd64/libzip.so
7fd4be258000-7fd4be259000 rw-p 0001a000 08:01 13766358                   /usr/lib/jvm/java-8-oracle/jre/lib/amd64/libzip.so
7fd4be259000-7fd4be264000 r-xp 00000000 08:01 2621673                    /lib/x86_64-linux-gnu/libnss_files-2.15.so
7fd4be264000-7fd4be463000 ---p 0000b000 08:01 2621673                    /lib/x86_64-linux-gnu/libnss_files-2.15.so
7fd4be463000-7fd4be464000 r--p 0000a000 08:01 2621673                    /lib/x86_64-linux-gnu/libnss_files-2.15.so
7fd4be464000-7fd4be465000 rw-p 0000b000 08:01 2621673                    /lib/x86_64-linux-gnu/libnss_files-2.15.so
7fd4be465000-7fd4be46f000 r-xp 00000000 08:01 2621658                    /lib/x86_64-linux-gnu/libnss_nis-2.15.so
7fd4be46f000-7fd4be66f000 ---p 0000a000 08:01 2621658                    /lib/x86_64-linux-gnu/libnss_nis-2.15.so
7fd4be66f000-7fd4be670000 r--p 0000a000 08:01 2621658                    /lib/x86_64-linux-gnu/libnss_nis-2.15.so
7fd4be670000-7fd4be671000 rw-p 0000b000 08:01 2621658                    /lib/x86_64-linux-gnu/libnss_nis-2.15.so
7fd4be671000-7fd4be688000 r-xp 00000000 08:01 2621667                    /lib/x86_64-linux-gnu/libnsl-2.15.so
7fd4be688000-7fd4be887000 ---p 00017000 08:01 2621667                    /lib/x86_64-linux-gnu/libnsl-2.15.so
7fd4be887000-7fd4be888000 r--p 00016000 08:01 2621667                    /lib/x86_64-linux-gnu/libnsl-2.15.so
7fd4be888000-7fd4be889000 rw-p 00017000 08:01 2621667                    /lib/x86_64-linux-gnu/libnsl-2.15.so
7fd4be889000-7fd4be88b000 rw-p 00000000 00:00 0 
7fd4be88b000-7fd4be893000 r-xp 00000000 08:01 2621672                    /lib/x86_64-linux-gnu/libnss_compat-2.15.so
7fd4be893000-7fd4bea92000 ---p 00008000 08:01 2621672                    /lib/x86_64-linux-gnu/libnss_compat-2.15.so
7fd4bea92000-7fd4bea93000 r--p 00007000 08:01 2621672                    /lib/x86_64-linux-gnu/libnss_compat-2.15.so
7fd4bea93000-7fd4bea94000 rw-p 00008000 08:01 2621672                    /lib/x86_64-linux-gnu/libnss_compat-2.15.so
7fd4bea94000-7fd4beabe000 r-xp 00000000 08:01 13766323                   /usr/lib/jvm/java-8-oracle/jre/lib/amd64/libjava.so
7fd4beabe000-7fd4becbe000 ---p 0002a000 08:01 13766323                   /usr/lib/jvm/java-8-oracle/jre/lib/amd64/libjava.so
7fd4becbe000-7fd4becc0000 rw-p 0002a000 08:01 13766323                   /usr/lib/jvm/java-8-oracle/jre/lib/amd64/libjava.so
7fd4becc0000-7fd4beccd000 r-xp 00000000 08:01 13766361                   /usr/lib/jvm/java-8-oracle/jre/lib/amd64/libverify.so
7fd4beccd000-7fd4beecd000 ---p 0000d000 08:01 13766361                   /usr/lib/jvm/java-8-oracle/jre/lib/amd64/libverify.so
7fd4beecd000-7fd4beecf000 rw-p 0000d000 08:01 13766361                   /usr/lib/jvm/java-8-oracle/jre/lib/amd64/libverify.so
7fd4beecf000-7fd4beed6000 r-xp 00000000 08:01 2621660                    /lib/x86_64-linux-gnu/librt-2.15.so
7fd4beed6000-7fd4bf0d5000 ---p 00007000 08:01 2621660                    /lib/x86_64-linux-gnu/librt-2.15.so
7fd4bf0d5000-7fd4bf0d6000 r--p 00006000 08:01 2621660                    /lib/x86_64-linux-gnu/librt-2.15.so
7fd4bf0d6000-7fd4bf0d7000 rw-p 00007000 08:01 2621660                    /lib/x86_64-linux-gnu/librt-2.15.so
7fd4bf0d7000-7fd4bf1d2000 r-xp 00000000 08:01 2621674                    /lib/x86_64-linux-gnu/libm-2.15.so
7fd4bf1d2000-7fd4bf3d1000 ---p 000fb000 08:01 2621674                    /lib/x86_64-linux-gnu/libm-2.15.so
7fd4bf3d1000-7fd4bf3d2000 r--p 000fa000 08:01 2621674                    /lib/x86_64-linux-gnu/libm-2.15.so
7fd4bf3d2000-7fd4bf3d3000 rw-p 000fb000 08:01 2621674                    /lib/x86_64-linux-gnu/libm-2.15.so
7fd4bf3d3000-7fd4c009e000 r-xp 00000000 08:01 13894575                   /usr/lib/jvm/java-8-oracle/jre/lib/amd64/server/libjvm.so
7fd4c009e000-7fd4c029d000 ---p 00ccb000 08:01 13894575                   /usr/lib/jvm/java-8-oracle/jre/lib/amd64/server/libjvm.so
7fd4c029d000-7fd4c0376000 rw-p 00cca000 08:01 13894575                   /usr/lib/jvm/java-8-oracle/jre/lib/amd64/server/libjvm.so
7fd4c0376000-7fd4c03c1000 rw-p 00000000 00:00 0 
7fd4c03c1000-7fd4c0575000 r-xp 00000000 08:01 2621665                    /lib/x86_64-linux-gnu/libc-2.15.so
7fd4c0575000-7fd4c0774000 ---p 001b4000 08:01 2621665                    /lib/x86_64-linux-gnu/libc-2.15.so
7fd4c0774000-7fd4c0778000 r--p 001b3000 08:01 2621665                    /lib/x86_64-linux-gnu/libc-2.15.so
7fd4c0778000-7fd4c077a000 rw-p 001b7000 08:01 2621665                    /lib/x86_64-linux-gnu/libc-2.15.so
7fd4c077a000-7fd4c077f000 rw-p 00000000 00:00 0 
7fd4c077f000-7fd4c0781000 r-xp 00000000 08:01 2621657                    /lib/x86_64-linux-gnu/libdl-2.15.so
7fd4c0781000-7fd4c0981000 ---p 00002000 08:01 2621657                    /lib/x86_64-linux-gnu/libdl-2.15.so
7fd4c0981000-7fd4c0982000 r--p 00002000 08:01 2621657                    /lib/x86_64-linux-gnu/libdl-2.15.so
7fd4c0982000-7fd4c0983000 rw-p 00003000 08:01 2621657                    /lib/x86_64-linux-gnu/libdl-2.15.so
7fd4c0983000-7fd4c0998000 r-xp 00000000 08:01 2627921                    /usr/lib/jvm/java-8-oracle/lib/amd64/jli/libjli.so
7fd4c0998000-7fd4c0b98000 ---p 00015000 08:01 2627921                    /usr/lib/jvm/java-8-oracle/lib/amd64/jli/libjli.so
7fd4c0b98000-7fd4c0b99000 rw-p 00015000 08:01 2627921                    /usr/lib/jvm/java-8-oracle/lib/amd64/jli/libjli.so
7fd4c0b99000-7fd4c0bb1000 r-xp 00000000 08:01 2621668                    /lib/x86_64-linux-gnu/libpthread-2.15.so
7fd4c0bb1000-7fd4c0db0000 ---p 00018000 08:01 2621668                    /lib/x86_64-linux-gnu/libpthread-2.15.so
7fd4c0db0000-7fd4c0db1000 r--p 00017000 08:01 2621668                    /lib/x86_64-linux-gnu/libpthread-2.15.so
7fd4c0db1000-7fd4c0db2000 rw-p 00018000 08:01 2621668                    /lib/x86_64-linux-gnu/libpthread-2.15.so
7fd4c0db2000-7fd4c0db6000 rw-p 00000000 00:00 0 
7fd4c0db6000-7fd4c0dd8000 r-xp 00000000 08:01 2621671                    /lib/x86_64-linux-gnu/ld-2.15.so
7fd4c0dd9000-7fd4c0dda000 rw-p 00000000 00:00 0 
7fd4c0dda000-7fd4c0ddf000 r--s 00031000 08:01 10496458                   /home/lin/other/AndroidProjects/Radio/app/build/intermediates/exploded-aar/com.android.support/design/23.0.1/jars/classes.jar
7fd4c0ddf000-7fd4c0eb8000 rw-p 00000000 00:00 0 
7fd4c0eb8000-7fd4c0ebb000 ---p 00000000 00:00 0 
7fd4c0ebb000-7fd4c0fbd000 rw-p 00000000 00:00 0                          [stack:18149]
7fd4c0fbd000-7fd4c0fcc000 r--s 000df000 08:01 9309217                    /home/lin/Android/Sdk/build-tools/23.0.3/lib/dx.jar
7fd4c0fcc000-7fd4c0fd4000 rw-s 00000000 08:01 4850480                    /tmp/hsperfdata_root/18144
7fd4c0fd4000-7fd4c0fd5000 rw-p 00000000 00:00 0 
7fd4c0fd5000-7fd4c0fd6000 ---p 00000000 00:00 0 
7fd4c0fd6000-7fd4c0fd8000 rw-p 00000000 00:00 0 
7fd4c0fd8000-7fd4c0fd9000 r--p 00022000 08:01 2621671                    /lib/x86_64-linux-gnu/ld-2.15.so
7fd4c0fd9000-7fd4c0fdb000 rw-p 00023000 08:01 2621671                    /lib/x86_64-linux-gnu/ld-2.15.so
7ffd317b3000-7ffd317d4000 rw-p 00000000 00:00 0                          [stack]
7ffd317e9000-7ffd317eb000 r-xp 00000000 00:00 0                          [vdso]
ffffffffff600000-ffffffffff601000 r-xp 00000000 00:00 0                  [vsyscall]

VM Arguments:
jvm_args: -Djava.awt.headless=true -Xmx1024M -Dfile.encoding=UTF-8 -Duser.country=US -Duser.language=en -Duser.variant 
java_command: com.android.dx.command.Main --dex --force-jumbo --num-threads=4 --output /home/lin/other/AndroidProjects/Radio/app/build/intermediates/pre-dexed/debug/com.android.support-design-23.0.1_5d73c620161e44835afa29aaa533057ce1e7991f.jar /home/lin/other/AndroidProjects/Radio/app/build/intermediates/exploded-aar/com.android.support/design/23.0.1/jars/classes.jar
java_class_path (initial): /home/lin/Android/Sdk/build-tools/23.0.3/lib/dx.jar
Launcher Type: SUN_STANDARD

Environment Variables:
PATH=/usr/local/sbin:/usr/local/bin:/usr/sbin:/usr/bin:/sbin:/bin
USERNAME=root
LD_LIBRARY_PATH=/opt/android-studio/bin:
SHELL=/bin/bash
DISPLAY=:0.0

Signal Handlers:
SIGSEGV: [libjvm.so+0xac4790], sa_mask[0]=11111111011111111101111111111110, sa_flags=SA_RESTART|SA_SIGINFO
SIGBUS: [libjvm.so+0xac4790], sa_mask[0]=11111111011111111101111111111110, sa_flags=SA_RESTART|SA_SIGINFO
SIGFPE: [libjvm.so+0x91f140], sa_mask[0]=11111111011111111101111111111110, sa_flags=SA_RESTART|SA_SIGINFO
SIGPIPE: [libjvm.so+0x91f140], sa_mask[0]=11111111011111111101111111111110, sa_flags=SA_RESTART|SA_SIGINFO
SIGXFSZ: [libjvm.so+0x91f140], sa_mask[0]=11111111011111111101111111111110, sa_flags=SA_RESTART|SA_SIGINFO
SIGILL: [libjvm.so+0x91f140], sa_mask[0]=11111111011111111101111111111110, sa_flags=SA_RESTART|SA_SIGINFO
SIGUSR1: SIG_DFL, sa_mask[0]=00000000000000000000000000000000, sa_flags=none
SIGUSR2: [libjvm.so+0x920770], sa_mask[0]=00100000000000000000000000000000, sa_flags=SA_RESTART|SA_SIGINFO
SIGHUP: [libjvm.so+0x921b70], sa_mask[0]=11111111011111111101111111111110, sa_flags=SA_RESTART|SA_SIGINFO
SIGINT: [libjvm.so+0x921b70], sa_mask[0]=11111111011111111101111111111110, sa_flags=SA_RESTART|SA_SIGINFO
SIGTERM: [libjvm.so+0x921b70], sa_mask[0]=11111111011111111101111111111110, sa_flags=SA_RESTART|SA_SIGINFO
SIGQUIT: [libjvm.so+0x921b70], sa_mask[0]=11111111011111111101111111111110, sa_flags=SA_RESTART|SA_SIGINFO


---------------  S Y S T E M  ---------------

OS:DISTRIB_ID=Ubuntu
DISTRIB_RELEASE=12.04
DISTRIB_CODENAME=precise
DISTRIB_DESCRIPTION="Ubuntu 12.04.5 LTS"

uname:Linux 3.13.0-93-generic #140~precise1-Ubuntu SMP Tue Jul 19 19:55:11 UTC 2016 x86_64
libc:glibc 2.15 NPTL 2.15 
rlimit: STACK 8192k, CORE 0k, NPROC 22873, NOFILE 4096, AS infinity
load average:11.87 7.75 4.70

/proc/meminfo:
MemTotal:        2948840 kB
MemFree:          167372 kB
Buffers:           13696 kB
Cached:           362140 kB
SwapCached:        45360 kB
Active:          2021416 kB
Inactive:         600880 kB
Active(anon):    1902540 kB
Inactive(anon):   502236 kB
Active(file):     118876 kB
Inactive(file):    98644 kB
Unevictable:           0 kB
Mlocked:               0 kB
SwapTotal:       3008508 kB
SwapFree:        2758544 kB
Dirty:              7504 kB
Writeback:             0 kB
AnonPages:       2231228 kB
Mapped:           113696 kB
Shmem:            158316 kB
Slab:              70904 kB
SReclaimable:      42944 kB
SUnreclaim:        27960 kB
KernelStack:        4704 kB
PageTables:        35280 kB
NFS_Unstable:          0 kB
Bounce:                0 kB
WritebackTmp:          0 kB
CommitLimit:     4482928 kB
Committed_AS:    5576264 kB
VmallocTotal:   34359738367 kB
VmallocUsed:      346432 kB
VmallocChunk:   34359383644 kB
HardwareCorrupted:     0 kB
AnonHugePages:    956416 kB
HugePages_Total:       0
HugePages_Free:        0
HugePages_Rsvd:        0
HugePages_Surp:        0
Hugepagesize:       2048 kB
DirectMap4k:       65924 kB
DirectMap2M:     2945024 kB


CPU:total 2 (2 cores per cpu, 1 threads per core) family 6 model 15 stepping 13, cmov, cx8, fxsr, mmx, sse, sse2, sse3, ssse3, tsc

/proc/cpuinfo:
processor	: 0
vendor_id	: GenuineIntel
cpu family	: 6
model		: 15
model name	: Genuine Intel(R) CPU           T1600  @ 1.66GHz
stepping	: 13
microcode	: 0xa3
cpu MHz		: 1662.521
cache size	: 1024 KB
physical id	: 0
siblings	: 2
core id		: 0
cpu cores	: 2
apicid		: 0
initial apicid	: 0
fpu		: yes
fpu_exception	: yes
cpuid level	: 10
wp		: yes
flags		: fpu vme de pse tsc msr pae mce cx8 apic sep mtrr pge mca cmov pat pse36 clflush dts acpi mmx fxsr sse sse2 ss ht tm pbe syscall nx lm constant_tsc arch_perfmon pebs bts rep_good nopl aperfmperf pni dtes64 monitor ds_cpl tm2 ssse3 cx16 xtpr pdcm lahf_lm dtherm
bogomips	: 3325.04
clflush size	: 64
cache_alignment	: 64
address sizes	: 36 bits physical, 48 bits virtual
power management:

processor	: 1
vendor_id	: GenuineIntel
cpu family	: 6
model		: 15
model name	: Genuine Intel(R) CPU           T1600  @ 1.66GHz
stepping	: 13
microcode	: 0xa3
cpu MHz		: 1662.521
cache size	: 1024 KB
physical id	: 0
siblings	: 2
core id		: 1
cpu cores	: 2
apicid		: 1
initial apicid	: 1
fpu		: yes
fpu_exception	: yes
cpuid level	: 10
wp		: yes
flags		: fpu vme de pse tsc msr pae mce cx8 apic sep mtrr pge mca cmov pat pse36 clflush dts acpi mmx fxsr sse sse2 ss ht tm pbe syscall nx lm constant_tsc arch_perfmon pebs bts rep_good nopl aperfmperf pni dtes64 monitor ds_cpl tm2 ssse3 cx16 xtpr pdcm lahf_lm dtherm
bogomips	: 3325.04
clflush size	: 64
cache_alignment	: 64
address sizes	: 36 bits physical, 48 bits virtual
power management:



Memory: 4k page, physical 2948840k(167372k free), swap 3008508k(2758544k free)

vm_info: Java HotSpot(TM) 64-Bit Server VM (25.101-b13) for linux-amd64 JRE (1.8.0_101-b13), built on Jun 22 2016 02:59:44 by "java_re" with gcc 4.3.0 20080428 (Red Hat 4.3.0-8)

time: Mon Aug 29 23:25:55 2016
elapsed time: 5 seconds (0d 0h 0m 5s)

