#
# A fatal error has been detected by the Java Runtime Environment:
#
#  SIGSEGV (0xb) at pc=0x00007fb351022c26, pid=14093, tid=0x00007fb34e214700
#
# JRE version: Java(TM) SE Runtime Environment (8.0_101-b13) (build 1.8.0_101-b13)
# Java VM: Java HotSpot(TM) 64-Bit Server VM (25.101-b13 mixed mode linux-amd64 compressed oops)
# Problematic frame:
# j  com.android.dx.rop.code.RegisterSpec$ForComparison.equals(Ljava/lang/Object;)Z+1
#
# Failed to write core dump. Core dumps have been disabled. To enable core dumping, try "ulimit -c unlimited" before starting Java again
#
# If you would like to submit a bug report, please visit:
#   http://bugreport.java.com/bugreport/crash.jsp
#

---------------  T H R E A D  ---------------

Current thread (0x00007fb360150800):  JavaThread "pool-1-thread-1" [_thread_in_Java, id=14123, stack(0x00007fb34e114000,0x00007fb34e215000)]

siginfo: si_signo: 11 (SIGSEGV), si_code: 2 (SEGV_ACCERR), si_addr: 0x0000000100280a58

Registers:
RAX=0x0000000100080a28, RBX=0x0000000000000006, RCX=0x0000000000000030, RDX=0x0000000100280a28
RSP=0x00007fb34e212950, RBP=0x00007fb34e212990, RSI=0x00000000ffffffff, RDI=0x0000000000000001
R8 =0x00007fb368398360, R9 =0x000000000000372b, R10=0x00007fb3683895c0, R11=0x00007fb3677b34d0
R12=0x0000000000000000, R13=0x00007fb3651f5dd1, R14=0x00007fb34e2129b0, R15=0x00007fb360150800
RIP=0x00007fb351022c26, EFLAGS=0x0000000000010206, CSGSFS=0x0000000000000033, ERR=0x0000000000000004
  TRAPNO=0x000000000000000e

Top of Stack: (sp=0x00007fb34e212950)
0x00007fb34e212950:   00007fb34e212950 00007fb3651f5dd1
0x00007fb34e212960:   00007fb34e2129b0 00007fb3651f6420
0x00007fb34e212970:   00007fb3652ad360 00007fb3651f5e20
0x00007fb34e212980:   0000000000000000 00007fb34e2129a8
0x00007fb34e212990:   00007fb34e2129f8 00007fb3510077d0
0x00007fb34e2129a0:   0000000000000000 00000000ec46df40
0x00007fb34e2129b0:   00000000ec3f1b48 00007fb34e2129b8
0x00007fb34e2129c0:   00007fb364dfaef3 00007fb34e212a40
0x00007fb34e2129d0:   00007fb364dfd448 00007fb364f70038
0x00007fb34e2129e0:   00007fb364dfaf60 00007fb34e2129a8
0x00007fb34e2129f0:   00007fb34e212a30 00007fb34e212a88
0x00007fb34e212a00:   00007fb351007d80 0000000000000000
0x00007fb34e212a10:   0000000000000000 0000000000000000
0x00007fb34e212a20:   00000000c06e6ee8 0000000000000000
0x00007fb34e212a30:   00000000ec3f1b48 deaddeaf000008e0
0x00007fb34e212a40:   0000000000000000 00007fb34e212a48
0x00007fb34e212a50:   00007fb364dfae16 00007fb34e212aa8
0x00007fb34e212a60:   00007fb364dfd448 00007fb364f74928
0x00007fb34e212a70:   00007fb364dfae30 00007fb34e212a30
0x00007fb34e212a80:   00007fb34e212aa0 00007fb34e212b00
0x00007fb34e212a90:   00007fb351007d80 0000000000000000
0x00007fb34e212aa0:   0000000000000000 0000000000000000
0x00007fb34e212ab0:   0000000000000021 00000000ec3f1b60
0x00007fb34e212ac0:   00007fb34e212ab0 00007fb3651f281d
0x00007fb34e212ad0:   00007fb34e212b38 00007fb3651f5028
0x00007fb34e212ae0:   00007fb3652aaf70 00007fb3651f28a8
0x00007fb34e212af0:   00007fb34e212aa0 00007fb34e212b40
0x00007fb34e212b00:   00000000eab66d28 00007fb351251234
0x00007fb34e212b10:   0000000000000000 0000000000000000
0x00007fb34e212b20:   00000000ec3f1b60 0000000000000000
0x00007fb34e212b30:   0000000000000000 0000000000000000
0x00007fb34e212b40:   00000000eab71730 00000000eab71740 

Instructions: (pc=0x00007fb351022c26)
0x00007fb351022c06:   89 51 10 bf 01 00 00 00 48 89 79 18 48 83 c1 30
0x00007fb351022c16:   48 89 4d e0 48 3b d0 0f 84 59 00 00 00 8b 48 0c
0x00007fb351022c26:   48 3b 04 0a 0f 84 4c 00 00 00 83 f9 18 0f 85 22
0x00007fb351022c36:   00 00 00 50 48 8b c0 57 48 8b 7a 20 8b 0f 48 83 

Register to memory mapping:

RAX=0x0000000100080a28 is pointing into metadata
RBX=0x0000000000000006 is an unknown value
RCX=0x0000000000000030 is an unknown value
RDX=0x0000000100280a28 is an unknown value
RSP=0x00007fb34e212950 is pointing into the stack for thread: 0x00007fb360150800
RBP=0x00007fb34e212990 is pointing into the stack for thread: 0x00007fb360150800
RSI=0x00000000ffffffff is an unallocated location in the heap
RDI=0x0000000000000001 is an unknown value
R8 =0x00007fb368398360: <offset 0xfd7360> in /usr/lib/jvm/java-8-oracle/jre/lib/amd64/server/libjvm.so at 0x00007fb3673c1000
R9 =0x000000000000372b is an unknown value
R10=0x00007fb3683895c0: <offset 0xfc85c0> in /usr/lib/jvm/java-8-oracle/jre/lib/amd64/server/libjvm.so at 0x00007fb3673c1000
R11=0x00007fb3677b34d0: <offset 0x3f24d0> in /usr/lib/jvm/java-8-oracle/jre/lib/amd64/server/libjvm.so at 0x00007fb3673c1000
R12=0x0000000000000000 is an unknown value
R13=0x00007fb3651f5dd1 is pointing into metadata
R14=0x00007fb34e2129b0 is pointing into the stack for thread: 0x00007fb360150800
R15=0x00007fb360150800 is a thread


Stack: [0x00007fb34e114000,0x00007fb34e215000],  sp=0x00007fb34e212950,  free space=1018k
Native frames: (J=compiled Java code, j=interpreted, Vv=VM code, C=native code)
j  com.android.dx.rop.code.RegisterSpec$ForComparison.equals(Ljava/lang/Object;)Z+1
j  java.util.HashMap.getNode(ILjava/lang/Object;)Ljava/util/HashMap$Node;+59
j  java.util.HashMap.get(Ljava/lang/Object;)Ljava/lang/Object;+6
j  com.android.dx.rop.code.RegisterSpec.intern(ILcom/android/dx/rop/type/TypeBearer;Lcom/android/dx/rop/code/LocalItem;)Lcom/android/dx/rop/code/RegisterSpec;+21
J 734 C1 com.android.dx.ssa.SsaRenamer$BlockRenamer.processResultReg(Lcom/android/dx/ssa/SsaInsn;)V (56 bytes) @ 0x00007fb351251234 [0x00007fb351251160+0xd4]
J 747 C1 com.android.dx.ssa.SsaRenamer$BlockRenamer.visitNonMoveInsn(Lcom/android/dx/ssa/NormalSsaInsn;)V (14 bytes) @ 0x00007fb35125f18c [0x00007fb35125f100+0x8c]
J 743 C2 com.android.dx.ssa.SsaBasicBlock.forEachInsn(Lcom/android/dx/ssa/SsaInsn$Visitor;)V (37 bytes) @ 0x00007fb3512c133c [0x00007fb3512c1240+0xfc]
J 1173 C1 com.android.dx.ssa.SsaRenamer$BlockRenamer.process()V (191 bytes) @ 0x00007fb35131a5cc [0x00007fb35131a4c0+0x10c]
J 896 C1 com.android.dx.ssa.SsaRenamer$1.visitBlock(Lcom/android/dx/ssa/SsaBasicBlock;Lcom/android/dx/ssa/SsaBasicBlock;)V (16 bytes) @ 0x00007fb3512a178c [0x00007fb3512a16c0+0xcc]
j  com.android.dx.ssa.SsaMethod.forEachBlockDepthFirstDom(Lcom/android/dx/ssa/SsaBasicBlock$Visitor;)V+119
j  com.android.dx.ssa.SsaRenamer.run()V+12
j  com.android.dx.ssa.SsaConverter.convertToSsaMethod(Lcom/android/dx/rop/code/RopMethod;IZ)Lcom/android/dx/ssa/SsaMethod;+32
j  com.android.dx.ssa.Optimizer.optimize(Lcom/android/dx/rop/code/RopMethod;IZZLcom/android/dx/rop/code/TranslationAdvice;Ljava/util/EnumSet;)Lcom/android/dx/rop/code/RopMethod;+15
j  com.android.dx.ssa.Optimizer.optimize(Lcom/android/dx/rop/code/RopMethod;IZZLcom/android/dx/rop/code/TranslationAdvice;)Lcom/android/dx/rop/code/RopMethod;+12
j  com.android.dx.dex.cf.CfTranslator.processMethods(Lcom/android/dx/cf/direct/DirectClassFile;Lcom/android/dx/dex/cf/CfOptions;Lcom/android/dx/dex/DexOptions;Lcom/android/dx/dex/file/ClassDefItem;Lcom/android/dx/dex/file/DexFile;)V+265
j  com.android.dx.dex.cf.CfTranslator.translate0(Lcom/android/dx/cf/direct/DirectClassFile;[BLcom/android/dx/dex/cf/CfOptions;Lcom/android/dx/dex/DexOptions;Lcom/android/dx/dex/file/DexFile;)Lcom/android/dx/dex/file/ClassDefItem;+120
j  com.android.dx.dex.cf.CfTranslator.translate(Lcom/android/dx/cf/direct/DirectClassFile;[BLcom/android/dx/dex/cf/CfOptions;Lcom/android/dx/dex/DexOptions;Lcom/android/dx/dex/file/DexFile;)Lcom/android/dx/dex/file/ClassDefItem;+6
j  com.android.dx.command.dexer.Main.translateClass([BLcom/android/dx/cf/direct/DirectClassFile;)Lcom/android/dx/dex/file/ClassDefItem;+17
j  com.android.dx.command.dexer.Main.access$2700([BLcom/android/dx/cf/direct/DirectClassFile;)Lcom/android/dx/dex/file/ClassDefItem;+2
j  com.android.dx.command.dexer.Main$ClassTranslatorTask.call()Lcom/android/dx/dex/file/ClassDefItem;+8
j  com.android.dx.command.dexer.Main$ClassTranslatorTask.call()Ljava/lang/Object;+1
j  java.util.concurrent.FutureTask.run()V+42
j  java.util.concurrent.ThreadPoolExecutor.runWorker(Ljava/util/concurrent/ThreadPoolExecutor$Worker;)V+95
j  java.util.concurrent.ThreadPoolExecutor$Worker.run()V+5
j  java.lang.Thread.run()V+11
v  ~StubRoutines::call_stub
V  [libjvm.so+0x68f6b6]  JavaCalls::call_helper(JavaValue*, methodHandle*, JavaCallArguments*, Thread*)+0x1056
V  [libjvm.so+0x68fbc1]  JavaCalls::call_virtual(JavaValue*, KlassHandle, Symbol*, Symbol*, JavaCallArguments*, Thread*)+0x321
V  [libjvm.so+0x690067]  JavaCalls::call_virtual(JavaValue*, Handle, KlassHandle, Symbol*, Symbol*, Thread*)+0x47
V  [libjvm.so+0x726fc0]  thread_entry(JavaThread*, Thread*)+0xa0
V  [libjvm.so+0xa7343f]  JavaThread::thread_main_inner()+0xdf
V  [libjvm.so+0xa7356c]  JavaThread::run()+0x11c
V  [libjvm.so+0x924698]  java_start(Thread*)+0x108
C  [libpthread.so.0+0x7e9a]  start_thread+0xda


---------------  P R O C E S S  ---------------

Java Threads: ( => current thread )
  0x00007fb360161000 JavaThread "pool-1-thread-4" [_thread_blocked, id=14127, stack(0x00007fb34dd10000,0x00007fb34de11000)]
  0x00007fb36015f800 JavaThread "pool-1-thread-3" [_thread_blocked, id=14126, stack(0x00007fb34de11000,0x00007fb34df12000)]
  0x00007fb36015e800 JavaThread "pool-1-thread-2" [_thread_blocked, id=14125, stack(0x00007fb34df12000,0x00007fb34e013000)]
  0x00007fb360152800 JavaThread "pool-2-thread-1" [_thread_blocked, id=14124, stack(0x00007fb34e013000,0x00007fb34e114000)]
=>0x00007fb360150800 JavaThread "pool-1-thread-1" [_thread_in_Java, id=14123, stack(0x00007fb34e114000,0x00007fb34e215000)]
  0x00007fb3600c2000 JavaThread "Service Thread" daemon [_thread_blocked, id=14116, stack(0x00007fb34e316000,0x00007fb34e417000)]
  0x00007fb3600b7800 JavaThread "C1 CompilerThread1" daemon [_thread_in_native_trans, id=14115, stack(0x00007fb34e417000,0x00007fb34e518000)]
  0x00007fb3600b4800 JavaThread "C2 CompilerThread0" daemon [_thread_in_native, id=14114, stack(0x00007fb34e518000,0x00007fb34e619000)]
  0x00007fb3600b3000 JavaThread "Signal Dispatcher" daemon [_thread_blocked, id=14113, stack(0x00007fb34e619000,0x00007fb34e71a000)]
  0x00007fb360080000 JavaThread "Finalizer" daemon [_thread_blocked, id=14107, stack(0x00007fb34edfe000,0x00007fb34eeff000)]
  0x00007fb36007b800 JavaThread "Reference Handler" daemon [_thread_blocked, id=14106, stack(0x00007fb34eeff000,0x00007fb34f000000)]
  0x00007fb36000a000 JavaThread "main" [_thread_in_vm, id=14097, stack(0x00007fb368ea6000,0x00007fb368fa7000)]

Other Threads:
  0x00007fb360073800 VMThread [stack: 0x00007fb36404a000,0x00007fb36414b000] [id=14105]
  0x00007fb3600c5000 WatcherThread [stack: 0x00007fb34e215000,0x00007fb34e316000] [id=14117]

VM state:not at safepoint (normal execution)

VM Mutex/Monitor currently owned by a thread: None

Heap:
 PSYoungGen      total 26112K, used 2915K [0x00000000eab00000, 0x00000000ee800000, 0x0000000100000000)
  eden space 24576K, 5% used [0x00000000eab00000,0x00000000eac5aec0,0x00000000ec300000)
  from space 1536K, 99% used [0x00000000ec300000,0x00000000ec47ddd0,0x00000000ec480000)
  to   space 6656K, 0% used [0x00000000ee180000,0x00000000ee180000,0x00000000ee800000)
 ParOldGen       total 31744K, used 10512K [0x00000000c0000000, 0x00000000c1f00000, 0x00000000eab00000)
  object space 31744K, 33% used [0x00000000c0000000,0x00000000c0a440e8,0x00000000c1f00000)
 Metaspace       used 5839K, capacity 6768K, committed 7040K, reserved 1056768K
  class space    used 594K, capacity 616K, committed 640K, reserved 1048576K

Card table byte_map: [0x00007fb365a6b000,0x00007fb365c6c000] byte_map_base: 0x00007fb36546b000

Marking Bits: (ParMarkBitMap*) 0x00007fb368382120
 Begin Bits: [0x00007fb34f000000, 0x00007fb350000000)
 End Bits:   [0x00007fb350000000, 0x00007fb351000000)

Polling page: 0x00007fb368fc3000

CodeCache: size=245760Kb used=3312Kb max_used=3316Kb free=242447Kb
 bounds [0x00007fb351000000, 0x00007fb351340000, 0x00007fb360000000]
 total_blobs=1211 nmethods=945 adapters=182
 compilation: enabled

Compilation events (10 events):
Event: 8.542 Thread 0x00007fb3600b7800 1116       2       com.android.dx.cf.code.Simulator$SimVisitor::visitConstant (332 bytes)
Event: 8.582 Thread 0x00007fb3600b4800 nmethod 1072 0x00007fb351330e90 code [0x00007fb3513311a0, 0x00007fb351332d20]
Event: 8.582 Thread 0x00007fb3600b4800 1166       4       java.util.HashMap::get (23 bytes)
Event: 8.589 Thread 0x00007fb3600b7800 nmethod 1116 0x00007fb35132cf50 code [0x00007fb35132d1e0, 0x00007fb35132dbf8]
Event: 8.589 Thread 0x00007fb3600b7800 1197       3       com.android.dx.ssa.SsaMethod::bitSetFromLabelList (47 bytes)
Event: 8.590 Thread 0x00007fb3600b7800 nmethod 1197 0x00007fb351329dd0 code [0x00007fb351329fa0, 0x00007fb35132a718]
Event: 8.590 Thread 0x00007fb3600b7800 1199       2       com.android.dx.rop.code.BasicBlockList::forEachInsn (39 bytes)
Event: 8.591 Thread 0x00007fb3600b7800 nmethod 1199 0x00007fb351329510 code [0x00007fb3513296c0, 0x00007fb351329a08]
Event: 8.591 Thread 0x00007fb3600b7800 1200       2       com.android.dx.rop.code.RegisterSpecSet::localItemToSpec (49 bytes)
Event: 8.763 Thread 0x00007fb3600b7800 nmethod 1200 0x00007fb35132c8d0 code [0x00007fb35132ca60, 0x00007fb35132cd48]

GC Heap History (10 events):
Event: 1.354 GC heap before
{Heap before GC invocations=1 (full 0):
 PSYoungGen      total 13824K, used 12288K [0x00000000eab00000, 0x00000000eba00000, 0x0000000100000000)
  eden space 12288K, 100% used [0x00000000eab00000,0x00000000eb700000,0x00000000eb700000)
  from space 1536K, 0% used [0x00000000eb880000,0x00000000eb880000,0x00000000eba00000)
  to   space 1536K, 0% used [0x00000000eb700000,0x00000000eb700000,0x00000000eb880000)
 ParOldGen       total 31744K, used 0K [0x00000000c0000000, 0x00000000c1f00000, 0x00000000eab00000)
  object space 31744K, 0% used [0x00000000c0000000,0x00000000c0000000,0x00000000c1f00000)
 Metaspace       used 3345K, capacity 4720K, committed 4864K, reserved 1056768K
  class space    used 359K, capacity 424K, committed 512K, reserved 1048576K
Event: 1.361 GC heap after
Heap after GC invocations=1 (full 0):
 PSYoungGen      total 13824K, used 813K [0x00000000eab00000, 0x00000000eba00000, 0x0000000100000000)
  eden space 12288K, 0% used [0x00000000eab00000,0x00000000eab00000,0x00000000eb700000)
  from space 1536K, 52% used [0x00000000eb700000,0x00000000eb7cb630,0x00000000eb880000)
  to   space 1536K, 0% used [0x00000000eb880000,0x00000000eb880000,0x00000000eba00000)
 ParOldGen       total 31744K, used 8K [0x00000000c0000000, 0x00000000c1f00000, 0x00000000eab00000)
  object space 31744K, 0% used [0x00000000c0000000,0x00000000c0002000,0x00000000c1f00000)
 Metaspace       used 3345K, capacity 4720K, committed 4864K, reserved 1056768K
  class space    used 359K, capacity 424K, committed 512K, reserved 1048576K
}
Event: 3.519 GC heap before
{Heap before GC invocations=2 (full 0):
 PSYoungGen      total 13824K, used 13101K [0x00000000eab00000, 0x00000000eba00000, 0x0000000100000000)
  eden space 12288K, 100% used [0x00000000eab00000,0x00000000eb700000,0x00000000eb700000)
  from space 1536K, 52% used [0x00000000eb700000,0x00000000eb7cb630,0x00000000eb880000)
  to   space 1536K, 0% used [0x00000000eb880000,0x00000000eb880000,0x00000000eba00000)
 ParOldGen       total 31744K, used 8K [0x00000000c0000000, 0x00000000c1f00000, 0x00000000eab00000)
  object space 31744K, 0% used [0x00000000c0000000,0x00000000c0002000,0x00000000c1f00000)
 Metaspace       used 5590K, capacity 6576K, committed 6784K, reserved 1056768K
  class space    used 590K, capacity 616K, committed 640K, reserved 1048576K
Event: 3.991 GC heap after
Heap after GC invocations=2 (full 0):
 PSYoungGen      total 13824K, used 1530K [0x00000000eab00000, 0x00000000ec600000, 0x0000000100000000)
  eden space 12288K, 0% used [0x00000000eab00000,0x00000000eab00000,0x00000000eb700000)
  from space 1536K, 99% used [0x00000000eb880000,0x00000000eb9fea80,0x00000000eba00000)
  to   space 1536K, 0% used [0x00000000eb700000,0x00000000eb700000,0x00000000eb880000)
 ParOldGen       total 31744K, used 2090K [0x00000000c0000000, 0x00000000c1f00000, 0x00000000eab00000)
  object space 31744K, 6% used [0x00000000c0000000,0x00000000c020a9f8,0x00000000c1f00000)
 Metaspace       used 5590K, capacity 6576K, committed 6784K, reserved 1056768K
  class space    used 590K, capacity 616K, committed 640K, reserved 1048576K
}
Event: 5.736 GC heap before
{Heap before GC invocations=3 (full 0):
 PSYoungGen      total 13824K, used 13818K [0x00000000eab00000, 0x00000000ec600000, 0x0000000100000000)
  eden space 12288K, 100% used [0x00000000eab00000,0x00000000eb700000,0x00000000eb700000)
  from space 1536K, 99% used [0x00000000eb880000,0x00000000eb9fea80,0x00000000eba00000)
  to   space 1536K, 0% used [0x00000000eb700000,0x00000000eb700000,0x00000000eb880000)
 ParOldGen       total 31744K, used 2090K [0x00000000c0000000, 0x00000000c1f00000, 0x00000000eab00000)
  object space 31744K, 6% used [0x00000000c0000000,0x00000000c020a9f8,0x00000000c1f00000)
 Metaspace       used 5731K, capacity 6704K, committed 6784K, reserved 1056768K
  class space    used 591K, capacity 616K, committed 640K, reserved 1048576K
Event: 5.810 GC heap after
Heap after GC invocations=3 (full 0):
 PSYoungGen      total 13824K, used 1522K [0x00000000eab00000, 0x00000000ec600000, 0x0000000100000000)
  eden space 12288K, 0% used [0x00000000eab00000,0x00000000eab00000,0x00000000eb700000)
  from space 1536K, 99% used [0x00000000eb700000,0x00000000eb87cb48,0x00000000eb880000)
  to   space 1536K, 0% used [0x00000000ec480000,0x00000000ec480000,0x00000000ec600000)
 ParOldGen       total 31744K, used 4274K [0x00000000c0000000, 0x00000000c1f00000, 0x00000000eab00000)
  object space 31744K, 13% used [0x00000000c0000000,0x00000000c042caa0,0x00000000c1f00000)
 Metaspace       used 5731K, capacity 6704K, committed 6784K, reserved 1056768K
  class space    used 591K, capacity 616K, committed 640K, reserved 1048576K
}
Event: 7.012 GC heap before
{Heap before GC invocations=4 (full 0):
 PSYoungGen      total 13824K, used 13810K [0x00000000eab00000, 0x00000000ec600000, 0x0000000100000000)
  eden space 12288K, 100% used [0x00000000eab00000,0x00000000eb700000,0x00000000eb700000)
  from space 1536K, 99% used [0x00000000eb700000,0x00000000eb87cb48,0x00000000eb880000)
  to   space 1536K, 0% used [0x00000000ec480000,0x00000000ec480000,0x00000000ec600000)
 ParOldGen       total 31744K, used 4274K [0x00000000c0000000, 0x00000000c1f00000, 0x00000000eab00000)
  object space 31744K, 13% used [0x00000000c0000000,0x00000000c042caa0,0x00000000c1f00000)
 Metaspace       used 5783K, capacity 6768K, committed 7040K, reserved 1056768K
  class space    used 593K, capacity 616K, committed 640K, reserved 1048576K
Event: 7.129 GC heap after
Heap after GC invocations=4 (full 0):
 PSYoungGen      total 26112K, used 1527K [0x00000000eab00000, 0x00000000ec600000, 0x0000000100000000)
  eden space 24576K, 0% used [0x00000000eab00000,0x00000000eab00000,0x00000000ec300000)
  from space 1536K, 99% used [0x00000000ec480000,0x00000000ec5fddd0,0x00000000ec600000)
  to   space 1536K, 0% used [0x00000000ec300000,0x00000000ec300000,0x00000000ec480000)
 ParOldGen       total 31744K, used 6779K [0x00000000c0000000, 0x00000000c1f00000, 0x00000000eab00000)
  object space 31744K, 21% used [0x00000000c0000000,0x00000000c069ec90,0x00000000c1f00000)
 Metaspace       used 5783K, capacity 6768K, committed 7040K, reserved 1056768K
  class space    used 593K, capacity 616K, committed 640K, reserved 1048576K
}
Event: 8.637 GC heap before
{Heap before GC invocations=5 (full 0):
 PSYoungGen      total 26112K, used 26103K [0x00000000eab00000, 0x00000000ec600000, 0x0000000100000000)
  eden space 24576K, 100% used [0x00000000eab00000,0x00000000ec300000,0x00000000ec300000)
  from space 1536K, 99% used [0x00000000ec480000,0x00000000ec5fddd0,0x00000000ec600000)
  to   space 1536K, 0% used [0x00000000ec300000,0x00000000ec300000,0x00000000ec480000)
 ParOldGen       total 31744K, used 6779K [0x00000000c0000000, 0x00000000c1f00000, 0x00000000eab00000)
  object space 31744K, 21% used [0x00000000c0000000,0x00000000c069ec90,0x00000000c1f00000)
 Metaspace       used 5836K, capacity 6768K, committed 7040K, reserved 1056768K
  class space    used 593K, capacity 616K, committed 640K, reserved 1048576K
Event: 8.754 GC heap after
Heap after GC invocations=5 (full 0):
 PSYoungGen      total 26112K, used 1527K [0x00000000eab00000, 0x00000000ee800000, 0x0000000100000000)
  eden space 24576K, 0% used [0x00000000eab00000,0x00000000eab00000,0x00000000ec300000)
  from space 1536K, 99% used [0x00000000ec300000,0x00000000ec47ddd0,0x00000000ec480000)
  to   space 6656K, 0% used [0x00000000ee180000,0x00000000ee180000,0x00000000ee800000)
 ParOldGen       total 31744K, used 10512K [0x00000000c0000000, 0x00000000c1f00000, 0x00000000eab00000)
  object space 31744K, 33% used [0x00000000c0000000,0x00000000c0a440e8,0x00000000c1f00000)
 Metaspace       used 5836K, capacity 6768K, committed 7040K, reserved 1056768K
  class space    used 593K, capacity 616K, committed 640K, reserved 1048576K
}

Deoptimization events (10 events):
Event: 3.250 Thread 0x00007fb360150800 Uncommon trap: reason=unstable_if action=reinterpret pc=0x00007fb3511eae50 method=java.util.HashMap.getNode(ILjava/lang/Object;)Ljava/util/HashMap$Node; @ 62
Event: 4.972 Thread 0x00007fb360161000 Uncommon trap: reason=unstable_if action=reinterpret pc=0x00007fb3511ee3ac method=java.util.BitSet.nextSetBit(I)I @ 87
Event: 7.617 Thread 0x00007fb36000a000 Uncommon trap: reason=unstable_if action=reinterpret pc=0x00007fb3512def2c method=com.android.dx.rop.code.RegisterSpec.equals(ILcom/android/dx/rop/type/TypeBearer;Lcom/android/dx/rop/code/LocalItem;)Z @ 42
Event: 7.686 Thread 0x00007fb360150800 Uncommon trap: reason=class_check action=maybe_recompile pc=0x00007fb35122e228 method=com.android.dx.rop.type.Type.equals(Ljava/lang/Object;)Z @ 8
Event: 8.150 Thread 0x00007fb36000a000 Uncommon trap: reason=bimorphic action=maybe_recompile pc=0x00007fb3512172ec method=java.util.HashMap.getNode(ILjava/lang/Object;)Ljava/util/HashMap$Node; @ 126
Event: 8.150 Thread 0x00007fb36000a000 Uncommon trap: reason=bimorphic action=maybe_recompile pc=0x00007fb3512172ec method=java.util.HashMap.getNode(ILjava/lang/Object;)Ljava/util/HashMap$Node; @ 126
Event: 8.150 Thread 0x00007fb36000a000 Uncommon trap: reason=bimorphic action=maybe_recompile pc=0x00007fb3512172ec method=java.util.HashMap.getNode(ILjava/lang/Object;)Ljava/util/HashMap$Node; @ 126
Event: 8.151 Thread 0x00007fb36000a000 Uncommon trap: reason=bimorphic action=maybe_recompile pc=0x00007fb3512172ec method=java.util.HashMap.getNode(ILjava/lang/Object;)Ljava/util/HashMap$Node; @ 126
Event: 8.151 Thread 0x00007fb36000a000 Uncommon trap: reason=bimorphic action=maybe_recompile pc=0x00007fb35122e1dc method=java.util.HashMap.getNode(ILjava/lang/Object;)Ljava/util/HashMap$Node; @ 126
Event: 8.774 Thread 0x00007fb360150800 Uncommon trap: reason=class_check action=maybe_recompile pc=0x00007fb3513328a4 method=com.android.dx.rop.code.RegisterSpec$ForComparison.equals(Ljava/lang/Object;)Z @ 1

Internal exceptions (2 events):
Event: 0.215 Thread 0x00007fb36000a000 Exception <a 'java/lang/NoSuchMethodError': Method sun.misc.Unsafe.defineClass(Ljava/lang/String;[BII)Ljava/lang/Class; name or signature does not match> (0x00000000eab07cc0) thrown at [/HUDSON3/workspace/8-2-build-linux-amd64/jdk8u101/7261/hotspot/src/sh
Event: 0.216 Thread 0x00007fb36000a000 Exception <a 'java/lang/NoSuchMethodError': Method sun.misc.Unsafe.prefetchRead(Ljava/lang/Object;J)V name or signature does not match> (0x00000000eab07fa8) thrown at [/HUDSON3/workspace/8-2-build-linux-amd64/jdk8u101/7261/hotspot/src/share/vm/prims/jni.c

Events (10 events):
Event: 8.151 Thread 0x00007fb36000a000 Uncommon trap: trap_request=0xffffffc6 fr.pc=0x00007fb3512172ec
Event: 8.151 Thread 0x00007fb36000a000 DEOPT PACKING pc=0x00007fb3512172ec sp=0x00007fb368fa44e0
Event: 8.151 Thread 0x00007fb36000a000 DEOPT UNPACKING pc=0x00007fb351004f69 sp=0x00007fb368fa4428 mode 2
Event: 8.151 Thread 0x00007fb36000a000 Uncommon trap: trap_request=0xffffffc6 fr.pc=0x00007fb35122e1dc
Event: 8.151 Thread 0x00007fb36000a000 DEOPT PACKING pc=0x00007fb35122e1dc sp=0x00007fb368fa4790
Event: 8.151 Thread 0x00007fb36000a000 DEOPT UNPACKING pc=0x00007fb351004f69 sp=0x00007fb368fa4748 mode 2
Event: 8.612 Executing VM operation: ParallelGCFailedAllocation
Event: 8.774 Thread 0x00007fb360150800 Uncommon trap: trap_request=0xffffffde fr.pc=0x00007fb3513328a4
Event: 8.774 Thread 0x00007fb360150800 DEOPT PACKING pc=0x00007fb3513328a4 sp=0x00007fb34e212ae0
Event: 8.775 Thread 0x00007fb360150800 DEOPT UNPACKING pc=0x00007fb351004f69 sp=0x00007fb34e212938 mode 2


Dynamic libraries:
00400000-00401000 r-xp 00000000 08:01 3279757                            /usr/lib/jvm/java-8-oracle/bin/java
00600000-00601000 rw-p 00000000 08:01 3279757                            /usr/lib/jvm/java-8-oracle/bin/java
01855000-01876000 rw-p 00000000 00:00 0                                  [heap]
c0000000-c1f00000 rw-p 00000000 00:00 0 
c1f00000-eab00000 ---p 00000000 00:00 0 
eab00000-ee800000 rw-p 00000000 00:00 0 
ee800000-100000000 ---p 00000000 00:00 0 
100000000-1000a0000 rw-p 00000000 00:00 0 
1000a0000-140000000 ---p 00000000 00:00 0 
7fb310000000-7fb310021000 rw-p 00000000 00:00 0 
7fb310021000-7fb314000000 ---p 00000000 00:00 0 
7fb318000000-7fb318021000 rw-p 00000000 00:00 0 
7fb318021000-7fb31c000000 ---p 00000000 00:00 0 
7fb31c000000-7fb31c021000 rw-p 00000000 00:00 0 
7fb31c021000-7fb320000000 ---p 00000000 00:00 0 
7fb320000000-7fb320021000 rw-p 00000000 00:00 0 
7fb320021000-7fb324000000 ---p 00000000 00:00 0 
7fb324000000-7fb3242bf000 rw-p 00000000 00:00 0 
7fb3242bf000-7fb328000000 ---p 00000000 00:00 0 
7fb328000000-7fb3285b2000 rw-p 00000000 00:00 0 
7fb3285b2000-7fb32c000000 ---p 00000000 00:00 0 
7fb32c000000-7fb32c021000 rw-p 00000000 00:00 0 
7fb32c021000-7fb330000000 ---p 00000000 00:00 0 
7fb330000000-7fb330021000 rw-p 00000000 00:00 0 
7fb330021000-7fb334000000 ---p 00000000 00:00 0 
7fb334000000-7fb3343f7000 rw-p 00000000 00:00 0 
7fb3343f7000-7fb338000000 ---p 00000000 00:00 0 
7fb338000000-7fb338021000 rw-p 00000000 00:00 0 
7fb338021000-7fb33c000000 ---p 00000000 00:00 0 
7fb33c000000-7fb33c021000 rw-p 00000000 00:00 0 
7fb33c021000-7fb340000000 ---p 00000000 00:00 0 
7fb340000000-7fb340021000 rw-p 00000000 00:00 0 
7fb340021000-7fb344000000 ---p 00000000 00:00 0 
7fb344000000-7fb344021000 rw-p 00000000 00:00 0 
7fb344021000-7fb348000000 ---p 00000000 00:00 0 
7fb348000000-7fb348021000 rw-p 00000000 00:00 0 
7fb348021000-7fb34c000000 ---p 00000000 00:00 0 
7fb34dd10000-7fb34dd13000 ---p 00000000 00:00 0 
7fb34dd13000-7fb34de11000 rw-p 00000000 00:00 0                          [stack:14127]
7fb34de11000-7fb34de14000 ---p 00000000 00:00 0 
7fb34de14000-7fb34df12000 rw-p 00000000 00:00 0                          [stack:14126]
7fb34df12000-7fb34df15000 ---p 00000000 00:00 0 
7fb34df15000-7fb34e013000 rw-p 00000000 00:00 0                          [stack:14125]
7fb34e013000-7fb34e016000 ---p 00000000 00:00 0 
7fb34e016000-7fb34e114000 rw-p 00000000 00:00 0                          [stack:14124]
7fb34e114000-7fb34e117000 ---p 00000000 00:00 0 
7fb34e117000-7fb34e215000 rw-p 00000000 00:00 0                          [stack:14123]
7fb34e215000-7fb34e216000 ---p 00000000 00:00 0 
7fb34e216000-7fb34e316000 rw-p 00000000 00:00 0                          [stack:14117]
7fb34e316000-7fb34e319000 ---p 00000000 00:00 0 
7fb34e319000-7fb34e417000 rw-p 00000000 00:00 0                          [stack:14116]
7fb34e417000-7fb34e41a000 ---p 00000000 00:00 0 
7fb34e41a000-7fb34e518000 rw-p 00000000 00:00 0                          [stack:14115]
7fb34e518000-7fb34e51b000 ---p 00000000 00:00 0 
7fb34e51b000-7fb34e619000 rw-p 00000000 00:00 0                          [stack:14114]
7fb34e619000-7fb34e61c000 ---p 00000000 00:00 0 
7fb34e61c000-7fb34e71a000 rw-p 00000000 00:00 0                          [stack:14113]
7fb34e71a000-7fb34edfe000 r--p 00000000 08:01 13113697                   /usr/lib/locale/locale-archive
7fb34edfe000-7fb34ee01000 ---p 00000000 00:00 0 
7fb34ee01000-7fb34eeff000 rw-p 00000000 00:00 0                          [stack:14107]
7fb34eeff000-7fb34ef02000 ---p 00000000 00:00 0 
7fb34ef02000-7fb351000000 rw-p 00000000 00:00 0                          [stack:14106]
7fb351000000-7fb351350000 rwxp 00000000 00:00 0 
7fb351350000-7fb360000000 ---p 00000000 00:00 0 
7fb360000000-7fb360397000 rw-p 00000000 00:00 0 
7fb360397000-7fb364000000 ---p 00000000 00:00 0 
7fb364034000-7fb36404a000 r--s 000f1000 08:01 10627622                   /home/lin/other/AndroidProjects/Radio/app/build/intermediates/exploded-aar/com.android.support/support-v4/23.4.0/jars/classes.jar
7fb36404a000-7fb36404b000 ---p 00000000 00:00 0 
7fb36404b000-7fb364ac4000 rw-p 00000000 00:00 0                          [stack:14105]
7fb364ac4000-7fb364c9d000 r--s 03d29000 08:01 13118676                   /usr/lib/jvm/java-8-oracle/jre/lib/rt.jar
7fb364c9d000-7fb365353000 rw-p 00000000 00:00 0 
7fb365353000-7fb365513000 ---p 00000000 00:00 0 
7fb365513000-7fb365713000 rw-p 00000000 00:00 0 
7fb365713000-7fb365714000 ---p 00000000 00:00 0 
7fb365714000-7fb365814000 rw-p 00000000 00:00 0                          [stack:14101]
7fb365814000-7fb365815000 ---p 00000000 00:00 0 
7fb365815000-7fb365925000 rw-p 00000000 00:00 0                          [stack:14100]
7fb365925000-7fb365a6b000 ---p 00000000 00:00 0 
7fb365a6b000-7fb365a7b000 rw-p 00000000 00:00 0 
7fb365a7b000-7fb365bc0000 ---p 00000000 00:00 0 
7fb365bc0000-7fb365bdf000 rw-p 00000000 00:00 0 
7fb365bdf000-7fb365c6b000 ---p 00000000 00:00 0 
7fb365c6b000-7fb365c7a000 rw-p 00000000 00:00 0 
7fb365c7a000-7fb36602c000 ---p 00000000 00:00 0 
7fb36602c000-7fb366046000 r-xp 00000000 08:01 13766358                   /usr/lib/jvm/java-8-oracle/jre/lib/amd64/libzip.so
7fb366046000-7fb366246000 ---p 0001a000 08:01 13766358                   /usr/lib/jvm/java-8-oracle/jre/lib/amd64/libzip.so
7fb366246000-7fb366247000 rw-p 0001a000 08:01 13766358                   /usr/lib/jvm/java-8-oracle/jre/lib/amd64/libzip.so
7fb366247000-7fb366252000 r-xp 00000000 08:01 2621673                    /lib/x86_64-linux-gnu/libnss_files-2.15.so
7fb366252000-7fb366451000 ---p 0000b000 08:01 2621673                    /lib/x86_64-linux-gnu/libnss_files-2.15.so
7fb366451000-7fb366452000 r--p 0000a000 08:01 2621673                    /lib/x86_64-linux-gnu/libnss_files-2.15.so
7fb366452000-7fb366453000 rw-p 0000b000 08:01 2621673                    /lib/x86_64-linux-gnu/libnss_files-2.15.so
7fb366453000-7fb36645d000 r-xp 00000000 08:01 2621658                    /lib/x86_64-linux-gnu/libnss_nis-2.15.so
7fb36645d000-7fb36665d000 ---p 0000a000 08:01 2621658                    /lib/x86_64-linux-gnu/libnss_nis-2.15.so
7fb36665d000-7fb36665e000 r--p 0000a000 08:01 2621658                    /lib/x86_64-linux-gnu/libnss_nis-2.15.so
7fb36665e000-7fb36665f000 rw-p 0000b000 08:01 2621658                    /lib/x86_64-linux-gnu/libnss_nis-2.15.so
7fb36665f000-7fb366676000 r-xp 00000000 08:01 2621667                    /lib/x86_64-linux-gnu/libnsl-2.15.so
7fb366676000-7fb366875000 ---p 00017000 08:01 2621667                    /lib/x86_64-linux-gnu/libnsl-2.15.so
7fb366875000-7fb366876000 r--p 00016000 08:01 2621667                    /lib/x86_64-linux-gnu/libnsl-2.15.so
7fb366876000-7fb366877000 rw-p 00017000 08:01 2621667                    /lib/x86_64-linux-gnu/libnsl-2.15.so
7fb366877000-7fb366879000 rw-p 00000000 00:00 0 
7fb366879000-7fb366881000 r-xp 00000000 08:01 2621672                    /lib/x86_64-linux-gnu/libnss_compat-2.15.so
7fb366881000-7fb366a80000 ---p 00008000 08:01 2621672                    /lib/x86_64-linux-gnu/libnss_compat-2.15.so
7fb366a80000-7fb366a81000 r--p 00007000 08:01 2621672                    /lib/x86_64-linux-gnu/libnss_compat-2.15.so
7fb366a81000-7fb366a82000 rw-p 00008000 08:01 2621672                    /lib/x86_64-linux-gnu/libnss_compat-2.15.so
7fb366a82000-7fb366aac000 r-xp 00000000 08:01 13766323                   /usr/lib/jvm/java-8-oracle/jre/lib/amd64/libjava.so
7fb366aac000-7fb366cac000 ---p 0002a000 08:01 13766323                   /usr/lib/jvm/java-8-oracle/jre/lib/amd64/libjava.so
7fb366cac000-7fb366cae000 rw-p 0002a000 08:01 13766323                   /usr/lib/jvm/java-8-oracle/jre/lib/amd64/libjava.so
7fb366cae000-7fb366cbb000 r-xp 00000000 08:01 13766361                   /usr/lib/jvm/java-8-oracle/jre/lib/amd64/libverify.so
7fb366cbb000-7fb366ebb000 ---p 0000d000 08:01 13766361                   /usr/lib/jvm/java-8-oracle/jre/lib/amd64/libverify.so
7fb366ebb000-7fb366ebd000 rw-p 0000d000 08:01 13766361                   /usr/lib/jvm/java-8-oracle/jre/lib/amd64/libverify.so
7fb366ebd000-7fb366ec4000 r-xp 00000000 08:01 2621660                    /lib/x86_64-linux-gnu/librt-2.15.so
7fb366ec4000-7fb3670c3000 ---p 00007000 08:01 2621660                    /lib/x86_64-linux-gnu/librt-2.15.so
7fb3670c3000-7fb3670c4000 r--p 00006000 08:01 2621660                    /lib/x86_64-linux-gnu/librt-2.15.so
7fb3670c4000-7fb3670c5000 rw-p 00007000 08:01 2621660                    /lib/x86_64-linux-gnu/librt-2.15.so
7fb3670c5000-7fb3671c0000 r-xp 00000000 08:01 2621674                    /lib/x86_64-linux-gnu/libm-2.15.so
7fb3671c0000-7fb3673bf000 ---p 000fb000 08:01 2621674                    /lib/x86_64-linux-gnu/libm-2.15.so
7fb3673bf000-7fb3673c0000 r--p 000fa000 08:01 2621674                    /lib/x86_64-linux-gnu/libm-2.15.so
7fb3673c0000-7fb3673c1000 rw-p 000fb000 08:01 2621674                    /lib/x86_64-linux-gnu/libm-2.15.so
7fb3673c1000-7fb36808c000 r-xp 00000000 08:01 13894575                   /usr/lib/jvm/java-8-oracle/jre/lib/amd64/server/libjvm.so
7fb36808c000-7fb36828b000 ---p 00ccb000 08:01 13894575                   /usr/lib/jvm/java-8-oracle/jre/lib/amd64/server/libjvm.so
7fb36828b000-7fb368364000 rw-p 00cca000 08:01 13894575                   /usr/lib/jvm/java-8-oracle/jre/lib/amd64/server/libjvm.so
7fb368364000-7fb3683af000 rw-p 00000000 00:00 0 
7fb3683af000-7fb368563000 r-xp 00000000 08:01 2621665                    /lib/x86_64-linux-gnu/libc-2.15.so
7fb368563000-7fb368762000 ---p 001b4000 08:01 2621665                    /lib/x86_64-linux-gnu/libc-2.15.so
7fb368762000-7fb368766000 r--p 001b3000 08:01 2621665                    /lib/x86_64-linux-gnu/libc-2.15.so
7fb368766000-7fb368768000 rw-p 001b7000 08:01 2621665                    /lib/x86_64-linux-gnu/libc-2.15.so
7fb368768000-7fb36876d000 rw-p 00000000 00:00 0 
7fb36876d000-7fb36876f000 r-xp 00000000 08:01 2621657                    /lib/x86_64-linux-gnu/libdl-2.15.so
7fb36876f000-7fb36896f000 ---p 00002000 08:01 2621657                    /lib/x86_64-linux-gnu/libdl-2.15.so
7fb36896f000-7fb368970000 r--p 00002000 08:01 2621657                    /lib/x86_64-linux-gnu/libdl-2.15.so
7fb368970000-7fb368971000 rw-p 00003000 08:01 2621657                    /lib/x86_64-linux-gnu/libdl-2.15.so
7fb368971000-7fb368986000 r-xp 00000000 08:01 2627921                    /usr/lib/jvm/java-8-oracle/lib/amd64/jli/libjli.so
7fb368986000-7fb368b86000 ---p 00015000 08:01 2627921                    /usr/lib/jvm/java-8-oracle/lib/amd64/jli/libjli.so
7fb368b86000-7fb368b87000 rw-p 00015000 08:01 2627921                    /usr/lib/jvm/java-8-oracle/lib/amd64/jli/libjli.so
7fb368b87000-7fb368b9f000 r-xp 00000000 08:01 2621668                    /lib/x86_64-linux-gnu/libpthread-2.15.so
7fb368b9f000-7fb368d9e000 ---p 00018000 08:01 2621668                    /lib/x86_64-linux-gnu/libpthread-2.15.so
7fb368d9e000-7fb368d9f000 r--p 00017000 08:01 2621668                    /lib/x86_64-linux-gnu/libpthread-2.15.so
7fb368d9f000-7fb368da0000 rw-p 00018000 08:01 2621668                    /lib/x86_64-linux-gnu/libpthread-2.15.so
7fb368da0000-7fb368da4000 rw-p 00000000 00:00 0 
7fb368da4000-7fb368dc6000 r-xp 00000000 08:01 2621671                    /lib/x86_64-linux-gnu/ld-2.15.so
7fb368dcb000-7fb368ea6000 rw-p 00000000 00:00 0 
7fb368ea6000-7fb368ea9000 ---p 00000000 00:00 0 
7fb368ea9000-7fb368fab000 rw-p 00000000 00:00 0                          [stack:14097]
7fb368fab000-7fb368fba000 r--s 000df000 08:01 11274850                   /root/Android/Sdk/build-tools/23.0.3/lib/dx.jar
7fb368fba000-7fb368fc2000 rw-s 00000000 08:01 4850449                    /tmp/hsperfdata_root/14093
7fb368fc2000-7fb368fc3000 rw-p 00000000 00:00 0 
7fb368fc3000-7fb368fc4000 r--p 00000000 00:00 0 
7fb368fc4000-7fb368fc6000 rw-p 00000000 00:00 0 
7fb368fc6000-7fb368fc7000 r--p 00022000 08:01 2621671                    /lib/x86_64-linux-gnu/ld-2.15.so
7fb368fc7000-7fb368fc9000 rw-p 00023000 08:01 2621671                    /lib/x86_64-linux-gnu/ld-2.15.so
7ffc49282000-7ffc492a3000 rw-p 00000000 00:00 0                          [stack]
7ffc4939f000-7ffc493a1000 r-xp 00000000 00:00 0                          [vdso]
ffffffffff600000-ffffffffff601000 r-xp 00000000 00:00 0                  [vsyscall]

VM Arguments:
jvm_args: -Djava.awt.headless=true -Xmx1024M -Dfile.encoding=UTF-8 -Duser.country=US -Duser.language=en -Duser.variant 
java_command: com.android.dx.command.Main --dex --num-threads=4 --output /home/lin/other/AndroidProjects/Radio/app/build/intermediates/pre-dexed/debug/com.android.support-support-v4-23.4.0_ac3bdcdce9bb63a2e369af28a6b233d87e981259.jar /home/lin/other/AndroidProjects/Radio/app/build/intermediates/exploded-aar/com.android.support/support-v4/23.4.0/jars/classes.jar
java_class_path (initial): /root/Android/Sdk/build-tools/23.0.3/lib/dx.jar
Launcher Type: SUN_STANDARD

Environment Variables:
PATH=/usr/local/sbin:/usr/local/bin:/usr/sbin:/usr/bin:/sbin:/bin
USERNAME=root
LD_LIBRARY_PATH=/opt/android-studio/bin:
SHELL=/bin/bash
DISPLAY=:0.0

Signal Handlers:
SIGSEGV: [libjvm.so+0xac4790], sa_mask[0]=11111111011111111101111111111110, sa_flags=SA_RESTART|SA_SIGINFO
SIGBUS: [libjvm.so+0xac4790], sa_mask[0]=11111111011111111101111111111110, sa_flags=SA_RESTART|SA_SIGINFO
SIGFPE: [libjvm.so+0x91f140], sa_mask[0]=11111111011111111101111111111110, sa_flags=SA_RESTART|SA_SIGINFO
SIGPIPE: [libjvm.so+0x91f140], sa_mask[0]=11111111011111111101111111111110, sa_flags=SA_RESTART|SA_SIGINFO
SIGXFSZ: [libjvm.so+0x91f140], sa_mask[0]=11111111011111111101111111111110, sa_flags=SA_RESTART|SA_SIGINFO
SIGILL: [libjvm.so+0x91f140], sa_mask[0]=11111111011111111101111111111110, sa_flags=SA_RESTART|SA_SIGINFO
SIGUSR1: SIG_DFL, sa_mask[0]=00000000000000000000000000000000, sa_flags=none
SIGUSR2: [libjvm.so+0x920770], sa_mask[0]=00100000000000000000000000000000, sa_flags=SA_RESTART|SA_SIGINFO
SIGHUP: [libjvm.so+0x921b70], sa_mask[0]=11111111011111111101111111111110, sa_flags=SA_RESTART|SA_SIGINFO
SIGINT: [libjvm.so+0x921b70], sa_mask[0]=11111111011111111101111111111110, sa_flags=SA_RESTART|SA_SIGINFO
SIGTERM: [libjvm.so+0x921b70], sa_mask[0]=11111111011111111101111111111110, sa_flags=SA_RESTART|SA_SIGINFO
SIGQUIT: [libjvm.so+0x921b70], sa_mask[0]=11111111011111111101111111111110, sa_flags=SA_RESTART|SA_SIGINFO


---------------  S Y S T E M  ---------------

OS:DISTRIB_ID=Ubuntu
DISTRIB_RELEASE=12.04
DISTRIB_CODENAME=precise
DISTRIB_DESCRIPTION="Ubuntu 12.04.5 LTS"

uname:Linux 3.13.0-95-generic #142~precise1-Ubuntu SMP Fri Aug 12 18:20:15 UTC 2016 x86_64
libc:glibc 2.15 NPTL 2.15 
rlimit: STACK 8192k, CORE 0k, NPROC 22873, NOFILE 4096, AS infinity
load average:8.35 3.07 1.67

/proc/meminfo:
MemTotal:        2948840 kB
MemFree:          137472 kB
Buffers:           39652 kB
Cached:           696952 kB
SwapCached:        51044 kB
Active:          1858100 kB
Inactive:         769364 kB
Active(anon):    1524204 kB
Inactive(anon):   542616 kB
Active(file):     333896 kB
Inactive(file):   226748 kB
Unevictable:           0 kB
Mlocked:               0 kB
SwapTotal:       3008508 kB
SwapFree:        2750728 kB
Dirty:             31360 kB
Writeback:             0 kB
AnonPages:       1872332 kB
Mapped:           237756 kB
Shmem:            175960 kB
Slab:              96996 kB
SReclaimable:      67172 kB
SUnreclaim:        29824 kB
KernelStack:        4592 kB
PageTables:        33196 kB
NFS_Unstable:          0 kB
Bounce:                0 kB
WritebackTmp:          0 kB
CommitLimit:     4482928 kB
Committed_AS:    4827280 kB
VmallocTotal:   34359738367 kB
VmallocUsed:      346464 kB
VmallocChunk:   34359383644 kB
HardwareCorrupted:     0 kB
AnonHugePages:    796672 kB
HugePages_Total:       0
HugePages_Free:        0
HugePages_Rsvd:        0
HugePages_Surp:        0
Hugepagesize:       2048 kB
DirectMap4k:       67972 kB
DirectMap2M:     2942976 kB


CPU:total 2 (2 cores per cpu, 1 threads per core) family 6 model 15 stepping 13, cmov, cx8, fxsr, mmx, sse, sse2, sse3, ssse3, tsc

/proc/cpuinfo:
processor	: 0
vendor_id	: GenuineIntel
cpu family	: 6
model		: 15
model name	: Genuine Intel(R) CPU           T1600  @ 1.66GHz
stepping	: 13
microcode	: 0xa3
cpu MHz		: 1662.438
cache size	: 1024 KB
physical id	: 0
siblings	: 2
core id		: 0
cpu cores	: 2
apicid		: 0
initial apicid	: 0
fpu		: yes
fpu_exception	: yes
cpuid level	: 10
wp		: yes
flags		: fpu vme de pse tsc msr pae mce cx8 apic sep mtrr pge mca cmov pat pse36 clflush dts acpi mmx fxsr sse sse2 ss ht tm pbe syscall nx lm constant_tsc arch_perfmon pebs bts rep_good nopl aperfmperf pni dtes64 monitor ds_cpl tm2 ssse3 cx16 xtpr pdcm lahf_lm dtherm
bogomips	: 3324.87
clflush size	: 64
cache_alignment	: 64
address sizes	: 36 bits physical, 48 bits virtual
power management:

processor	: 1
vendor_id	: GenuineIntel
cpu family	: 6
model		: 15
model name	: Genuine Intel(R) CPU           T1600  @ 1.66GHz
stepping	: 13
microcode	: 0xa3
cpu MHz		: 1662.438
cache size	: 1024 KB
physical id	: 0
siblings	: 2
core id		: 1
cpu cores	: 2
apicid		: 1
initial apicid	: 1
fpu		: yes
fpu_exception	: yes
cpuid level	: 10
wp		: yes
flags		: fpu vme de pse tsc msr pae mce cx8 apic sep mtrr pge mca cmov pat pse36 clflush dts acpi mmx fxsr sse sse2 ss ht tm pbe syscall nx lm constant_tsc arch_perfmon pebs bts rep_good nopl aperfmperf pni dtes64 monitor ds_cpl tm2 ssse3 cx16 xtpr pdcm lahf_lm dtherm
bogomips	: 3324.87
clflush size	: 64
cache_alignment	: 64
address sizes	: 36 bits physical, 48 bits virtual
power management:



Memory: 4k page, physical 2948840k(137472k free), swap 3008508k(2750728k free)

vm_info: Java HotSpot(TM) 64-Bit Server VM (25.101-b13) for linux-amd64 JRE (1.8.0_101-b13), built on Jun 22 2016 02:59:44 by "java_re" with gcc 4.3.0 20080428 (Red Hat 4.3.0-8)

time: Tue Sep 27 21:04:14 2016
elapsed time: 8 seconds (0d 0h 0m 8s)

