#
# A fatal error has been detected by the Java Runtime Environment:
#
#  SIGSEGV (0xb) at pc=0x00007fde99021065, pid=3875, tid=0x00007fde9590b700
#
# JRE version: Java(TM) SE Runtime Environment (8.0_101-b13) (build 1.8.0_101-b13)
# Java VM: Java HotSpot(TM) 64-Bit Server VM (25.101-b13 mixed mode linux-amd64 compressed oops)
# Problematic frame:
# j  com.android.dx.ssa.SsaConverter.nodeNeedsUniquePredecessor(Lcom/android/dx/ssa/SsaBasicBlock;)Z+4
#
# Failed to write core dump. Core dumps have been disabled. To enable core dumping, try "ulimit -c unlimited" before starting Java again
#
# If you would like to submit a bug report, please visit:
#   http://bugreport.java.com/bugreport/crash.jsp
#

---------------  T H R E A D  ---------------

Current thread (0x00007fdea8143800):  JavaThread "pool-1-thread-3" [_thread_in_Java, id=3918, stack(0x00007fde9580b000,0x00007fde9590c000)]

siginfo: si_signo: 11 (SIGSEGV), si_code: 1 (SEGV_MAPERR), si_addr: 0x00000003ab732d38

Registers:
RAX=0x00000003ab732a68, RBX=0x0000000000000023, RCX=0x00000000eaf445e0, RDX=0x0000000000000001
RSP=0x00007fde95909e78, RBP=0x00007fde95909ec8, RSI=0x00000000eaf04460, RDI=0x0000000000000002
R8 =0x0000000000000000, R9 =0x0000000000000000, R10=0x00007fdeafd9fca0, R11=0x00007fde99194780
R12=0x0000000000000000, R13=0x00007fdeacc2da14, R14=0x00007fdeacce7138, R15=0x00007fdea8143800
RIP=0x00007fde99021065, EFLAGS=0x0000000000010202, CSGSFS=0x0000000000000033, ERR=0x0000000000000004
  TRAPNO=0x000000000000000e

Top of Stack: (sp=0x00007fde95909e78)
0x00007fde95909e78:   00007fde99007a40 00000000eaf445e0
0x00007fde95909e88:   00007fde95909e88 00007fdeacc2da14
0x00007fde95909e98:   00007fde95909ee8 00007fdeacc2e350
0x00007fde95909ea8:   00007fdeacce7138 00007fdeacc2da60
0x00007fde95909eb8:   0000000000000000 00007fde95909ee8
0x00007fde95909ec8:   00007fde95909f30 00007fde990077d0
0x00007fde95909ed8:   0000000000000000 0000000000000000
0x00007fde95909ee8:   00000000eaf04460 00007fde95909ef0
0x00007fde95909ef8:   00007fdeacc2d91a 00007fde95909f58
0x00007fde95909f08:   00007fdeacc2e350 0000000000000000
0x00007fde95909f18:   00007fdeacc2d970 00007fde95909ee8
0x00007fde95909f28:   00007fde95909f58 00007fde95909fa0
0x00007fde95909f38:   00007fde99007ffd 00000000eaf04460
0x00007fde95909f48:   0000000000000017 00000000eaeff1d0
0x00007fde95909f58:   00000000eaeff180 00007fde95909f60
0x00007fde95909f68:   00007fdeacc2d851 00007fde95909fb0
0x00007fde95909f78:   00007fdeacc2e350 0000000000000000
0x00007fde95909f88:   00007fdeacc2d878 00007fde95909f58
0x00007fde95909f98:   00007fde95909fb0 00007fde95909ff8
0x00007fde95909fa8:   00007fde99007ffd 00000000eaeff180
0x00007fde95909fb8:   00007fde95909fb8 00007fdeacc2d4c8
0x00007fde95909fc8:   00007fde9590a028 00007fdeacc2e350
0x00007fde95909fd8:   0000000000000000 00007fdeacc2d538
0x00007fde95909fe8:   00007fde95909fb0 00007fde9590a018
0x00007fde95909ff8:   00007fde9590a070 00007fde99007d80
0x00007fde9590a008:   0000000000000000 00000000eaeff180
0x00007fde9590a018:   0000000000000001 0000000000000003
0x00007fde9590a028:   00000000eaefef78 00007fde9590a030
0x00007fde9590a038:   00007fdeacc2ac7f 00007fde9590a0b8
0x00007fde9590a048:   00007fdeacc2b718 0000000000000000
0x00007fde9590a058:   00007fdeacc2ad28 00007fde9590a018
0x00007fde9590a068:   00007fde9590a090 00007fde9590a100 

Instructions: (pc=0x00007fde99021065)
0x00007fde99021045:   01 49 83 5e 28 00 e9 0d 00 00 00 49 89 46 10 ba
0x00007fde99021055:   01 00 00 00 49 89 56 18 49 83 c6 30 4c 89 75 e0
0x00007fde99021065:   48 8b 9c d8 b8 01 00 00 48 8b 55 e0 48 85 d2 0f
0x00007fde99021075:   84 2f 01 00 00 80 7a d0 0b 0f 85 25 01 00 00 48 

Register to memory mapping:

RAX=0x00000003ab732a68 is an unknown value
RBX=0x0000000000000023 is an unknown value
RCX=0x00000000eaf445e0 is an oop

[error occurred during error reporting (printing register info), id 0xb]

Stack: [0x00007fde9580b000,0x00007fde9590c000],  sp=0x00007fde95909e78,  free space=1019k
Native frames: (J=compiled Java code, j=interpreted, Vv=VM code, C=native code)
j  com.android.dx.ssa.SsaConverter.nodeNeedsUniquePredecessor(Lcom/android/dx/ssa/SsaBasicBlock;)Z+4
j  com.android.dx.ssa.SsaConverter.edgeSplitPredecessors(Lcom/android/dx/ssa/SsaMethod;)V+26
j  com.android.dx.ssa.SsaConverter.edgeSplit(Lcom/android/dx/ssa/SsaMethod;)V+1
j  com.android.dx.ssa.SsaConverter.convertToSsaMethod(Lcom/android/dx/rop/code/RopMethod;IZ)Lcom/android/dx/ssa/SsaMethod;+8
j  com.android.dx.ssa.Optimizer.optimize(Lcom/android/dx/rop/code/RopMethod;IZZLcom/android/dx/rop/code/TranslationAdvice;Ljava/util/EnumSet;)Lcom/android/dx/rop/code/RopMethod;+15
j  com.android.dx.ssa.Optimizer.optimize(Lcom/android/dx/rop/code/RopMethod;IZZLcom/android/dx/rop/code/TranslationAdvice;)Lcom/android/dx/rop/code/RopMethod;+12
j  com.android.dx.dex.cf.CfTranslator.processMethods(Lcom/android/dx/cf/direct/DirectClassFile;Lcom/android/dx/dex/cf/CfOptions;Lcom/android/dx/dex/DexOptions;Lcom/android/dx/dex/file/ClassDefItem;Lcom/android/dx/dex/file/DexFile;)V+265
j  com.android.dx.dex.cf.CfTranslator.translate0(Lcom/android/dx/cf/direct/DirectClassFile;[BLcom/android/dx/dex/cf/CfOptions;Lcom/android/dx/dex/DexOptions;Lcom/android/dx/dex/file/DexFile;)Lcom/android/dx/dex/file/ClassDefItem;+120
j  com.android.dx.dex.cf.CfTranslator.translate(Lcom/android/dx/cf/direct/DirectClassFile;[BLcom/android/dx/dex/cf/CfOptions;Lcom/android/dx/dex/DexOptions;Lcom/android/dx/dex/file/DexFile;)Lcom/android/dx/dex/file/ClassDefItem;+6
j  com.android.dx.command.dexer.Main.translateClass([BLcom/android/dx/cf/direct/DirectClassFile;)Lcom/android/dx/dex/file/ClassDefItem;+17
j  com.android.dx.command.dexer.Main.access$2700([BLcom/android/dx/cf/direct/DirectClassFile;)Lcom/android/dx/dex/file/ClassDefItem;+2
j  com.android.dx.command.dexer.Main$ClassTranslatorTask.call()Lcom/android/dx/dex/file/ClassDefItem;+8
j  com.android.dx.command.dexer.Main$ClassTranslatorTask.call()Ljava/lang/Object;+1
j  java.util.concurrent.FutureTask.run()V+42
j  java.util.concurrent.ThreadPoolExecutor.runWorker(Ljava/util/concurrent/ThreadPoolExecutor$Worker;)V+95
j  java.util.concurrent.ThreadPoolExecutor$Worker.run()V+5
j  java.lang.Thread.run()V+11
v  ~StubRoutines::call_stub
V  [libjvm.so+0x68f6b6]  JavaCalls::call_helper(JavaValue*, methodHandle*, JavaCallArguments*, Thread*)+0x1056
V  [libjvm.so+0x68fbc1]  JavaCalls::call_virtual(JavaValue*, KlassHandle, Symbol*, Symbol*, JavaCallArguments*, Thread*)+0x321
V  [libjvm.so+0x690067]  JavaCalls::call_virtual(JavaValue*, Handle, KlassHandle, Symbol*, Symbol*, Thread*)+0x47
V  [libjvm.so+0x726fc0]  thread_entry(JavaThread*, Thread*)+0xa0
V  [libjvm.so+0xa7343f]  JavaThread::thread_main_inner()+0xdf
V  [libjvm.so+0xa7356c]  JavaThread::run()+0x11c
V  [libjvm.so+0x924698]  java_start(Thread*)+0x108
C  [libpthread.so.0+0x7e9a]  start_thread+0xda


---------------  P R O C E S S  ---------------

Java Threads: ( => current thread )
  0x00007fdea8145800 JavaThread "pool-1-thread-4" [_thread_in_Java, id=3919, stack(0x00007fde9570a000,0x00007fde9580b000)]
=>0x00007fdea8143800 JavaThread "pool-1-thread-3" [_thread_in_Java, id=3918, stack(0x00007fde9580b000,0x00007fde9590c000)]
  0x00007fdea8141800 JavaThread "pool-1-thread-2" [_thread_in_Java, id=3917, stack(0x00007fde9590c000,0x00007fde95a0d000)]
  0x00007fdea8140800 JavaThread "pool-2-thread-1" [_thread_blocked, id=3912, stack(0x00007fde95a0d000,0x00007fde95b0e000)]
  0x00007fdea813c000 JavaThread "pool-1-thread-1" [_thread_in_Java, id=3909, stack(0x00007fde95b0e000,0x00007fde95c0f000)]
  0x00007fdea80ba000 JavaThread "Service Thread" daemon [_thread_blocked, id=3900, stack(0x00007fde95d10000,0x00007fde95e11000)]
  0x00007fdea80b7800 JavaThread "C1 CompilerThread1" daemon [_thread_in_vm, id=3898, stack(0x00007fde95e11000,0x00007fde95f12000)]
  0x00007fdea80b4800 JavaThread "C2 CompilerThread0" daemon [_thread_in_native, id=3897, stack(0x00007fde95f12000,0x00007fde96013000)]
  0x00007fdea80b3000 JavaThread "Signal Dispatcher" daemon [_thread_blocked, id=3896, stack(0x00007fde96013000,0x00007fde96114000)]
  0x00007fdea8080000 JavaThread "Finalizer" daemon [_thread_blocked, id=3893, stack(0x00007fde967f8000,0x00007fde968f9000)]
  0x00007fdea807b800 JavaThread "Reference Handler" daemon [_thread_blocked, id=3891, stack(0x00007fde968f9000,0x00007fde969fa000)]
  0x00007fdea800a000 JavaThread "main" [_thread_in_native, id=3884, stack(0x00007fdeb08c1000,0x00007fdeb09c2000)]

Other Threads:
  0x00007fdea8073800 VMThread [stack: 0x00007fde969fa000,0x00007fde96afb000] [id=3889]
  0x00007fdea80bd000 WatcherThread [stack: 0x00007fde95c0f000,0x00007fde95d10000] [id=3904]

VM state:not at safepoint (normal execution)

VM Mutex/Monitor currently owned by a thread: None

Heap:
 PSYoungGen      total 13824K, used 7075K [0x00000000eab00000, 0x00000000ec600000, 0x0000000100000000)
  eden space 12288K, 45% used [0x00000000eab00000,0x00000000eb06af00,0x00000000eb700000)
  from space 1536K, 99% used [0x00000000eb700000,0x00000000eb87deb0,0x00000000eb880000)
  to   space 1536K, 0% used [0x00000000ec480000,0x00000000ec480000,0x00000000ec600000)
 ParOldGen       total 31744K, used 2311K [0x00000000c0000000, 0x00000000c1f00000, 0x00000000eab00000)
  object space 31744K, 7% used [0x00000000c0000000,0x00000000c0241ec0,0x00000000c1f00000)
 Metaspace       used 5363K, capacity 6576K, committed 6784K, reserved 1056768K
  class space    used 565K, capacity 616K, committed 640K, reserved 1048576K

Card table byte_map: [0x00007fdead486000,0x00007fdead687000] byte_map_base: 0x00007fdeace86000

Marking Bits: (ParMarkBitMap*) 0x00007fdeafd9d120
 Begin Bits: [0x00007fde97000000, 0x00007fde98000000)
 End Bits:   [0x00007fde98000000, 0x00007fde99000000)

Polling page: 0x00007fdeb09de000

CodeCache: size=245760Kb used=2131Kb max_used=2131Kb free=243628Kb
 bounds [0x00007fde99000000, 0x00007fde99270000, 0x00007fdea8000000]
 total_blobs=769 nmethods=511 adapters=174
 compilation: enabled

Compilation events (10 events):
Event: 3.850 Thread 0x00007fdea80b7800 nmethod 637 0x00007fde9920f450 code [0x00007fde9920f5c0, 0x00007fde9920f808]
Event: 3.850 Thread 0x00007fdea80b7800  608       2       com.android.dx.util.IntList::sort (29 bytes)
Event: 3.850 Thread 0x00007fdea80b7800 nmethod 608 0x00007fde9920f950 code [0x00007fde9920fae0, 0x00007fde9920fda8]
Event: 3.851 Thread 0x00007fdea80b7800  643       2       com.android.dx.rop.code.BasicBlockList$RegCountVisitor::visitPlainInsn (6 bytes)
Event: 3.851 Thread 0x00007fdea80b7800 nmethod 643 0x00007fde9920ff50 code [0x00007fde992100c0, 0x00007fde99210228]
Event: 3.851 Thread 0x00007fdea80b7800  673   !   2       com.android.dx.rop.code.RegisterSpecSet::get (18 bytes)
Event: 3.851 Thread 0x00007fdea80b7800 nmethod 673 0x00007fde992102d0 code [0x00007fde99210440, 0x00007fde99210668]
Event: 3.851 Thread 0x00007fdea80b7800  653       2       com.android.dx.rop.code.RopMethod::labelToPredecessors (54 bytes)
Event: 3.852 Thread 0x00007fdea80b7800 nmethod 653 0x00007fde99210810 code [0x00007fde992109e0, 0x00007fde99210e58]
Event: 3.852 Thread 0x00007fdea80b7800  675       2       com.android.dx.cf.code.BasicBlocker::addWorkIfNecessary (32 bytes)

GC Heap History (2 events):
Event: 3.256 GC heap before
{Heap before GC invocations=1 (full 0):
 PSYoungGen      total 13824K, used 12288K [0x00000000eab00000, 0x00000000eba00000, 0x0000000100000000)
  eden space 12288K, 100% used [0x00000000eab00000,0x00000000eb700000,0x00000000eb700000)
  from space 1536K, 0% used [0x00000000eb880000,0x00000000eb880000,0x00000000eba00000)
  to   space 1536K, 0% used [0x00000000eb700000,0x00000000eb700000,0x00000000eb880000)
 ParOldGen       total 31744K, used 0K [0x00000000c0000000, 0x00000000c1f00000, 0x00000000eab00000)
  object space 31744K, 0% used [0x00000000c0000000,0x00000000c0000000,0x00000000c1f00000)
 Metaspace       used 5348K, capacity 6576K, committed 6784K, reserved 1056768K
  class space    used 565K, capacity 616K, committed 640K, reserved 1048576K
Event: 3.304 GC heap after
Heap after GC invocations=1 (full 0):
 PSYoungGen      total 13824K, used 1527K [0x00000000eab00000, 0x00000000ec600000, 0x0000000100000000)
  eden space 12288K, 0% used [0x00000000eab00000,0x00000000eab00000,0x00000000eb700000)
  from space 1536K, 99% used [0x00000000eb700000,0x00000000eb87deb0,0x00000000eb880000)
  to   space 1536K, 0% used [0x00000000ec480000,0x00000000ec480000,0x00000000ec600000)
 ParOldGen       total 31744K, used 2311K [0x00000000c0000000, 0x00000000c1f00000, 0x00000000eab00000)
  object space 31744K, 7% used [0x00000000c0000000,0x00000000c0241ec0,0x00000000c1f00000)
 Metaspace       used 5348K, capacity 6576K, committed 6784K, reserved 1056768K
  class space    used 565K, capacity 616K, committed 640K, reserved 1048576K
}

Deoptimization events (3 events):
Event: 1.175 Thread 0x00007fdea800a000 Uncommon trap: reason=unstable_if action=reinterpret pc=0x00007fde99133104 method=java.lang.String.indexOf(II)I @ 49
Event: 2.694 Thread 0x00007fdea800a000 Uncommon trap: reason=unstable_if action=reinterpret pc=0x00007fde991a3148 method=java.util.HashMap.getNode(ILjava/lang/Object;)Ljava/util/HashMap$Node; @ 62
Event: 3.128 Thread 0x00007fdea8145800 Uncommon trap: reason=unstable_if action=reinterpret pc=0x00007fde99179fe4 method=com.android.dx.rop.cst.CstFieldRef.compareTo0(Lcom/android/dx/rop/cst/Constant;)I @ 7

Internal exceptions (2 events):
Event: 0.211 Thread 0x00007fdea800a000 Exception <a 'java/lang/NoSuchMethodError': Method sun.misc.Unsafe.defineClass(Ljava/lang/String;[BII)Ljava/lang/Class; name or signature does not match> (0x00000000eab07cc0) thrown at [/HUDSON3/workspace/8-2-build-linux-amd64/jdk8u101/7261/hotspot/src/sh
Event: 0.211 Thread 0x00007fdea800a000 Exception <a 'java/lang/NoSuchMethodError': Method sun.misc.Unsafe.prefetchRead(Ljava/lang/Object;J)V name or signature does not match> (0x00000000eab07fa8) thrown at [/HUDSON3/workspace/8-2-build-linux-amd64/jdk8u101/7261/hotspot/src/share/vm/prims/jni.c

Events (10 events):
Event: 3.842 Thread 0x00007fdea8145800 DEOPT PACKING pc=0x00007fde9916d295 sp=0x00007fde95808ee0
Event: 3.842 Thread 0x00007fdea8145800 DEOPT UNPACKING pc=0x00007fde99046f73 sp=0x00007fde95808bf0 mode 0
Event: 3.842 Thread 0x00007fdea8145800 DEOPT PACKING pc=0x00007fde9916d295 sp=0x00007fde95808f30
Event: 3.843 Thread 0x00007fdea8145800 DEOPT UNPACKING pc=0x00007fde99046f73 sp=0x00007fde95808c40 mode 0
Event: 3.843 Thread 0x00007fdea8145800 DEOPT PACKING pc=0x00007fde9916d295 sp=0x00007fde95808f30
Event: 3.843 Thread 0x00007fdea8145800 DEOPT UNPACKING pc=0x00007fde99046f73 sp=0x00007fde95808c40 mode 0
Event: 3.844 Thread 0x00007fdea8145800 DEOPT PACKING pc=0x00007fde9916d295 sp=0x00007fde95808f30
Event: 3.844 Thread 0x00007fdea8145800 DEOPT UNPACKING pc=0x00007fde99046f73 sp=0x00007fde95808c40 mode 0
Event: 3.844 Thread 0x00007fdea8145800 DEOPT PACKING pc=0x00007fde9916d295 sp=0x00007fde95808f30
Event: 3.844 Thread 0x00007fdea8145800 DEOPT UNPACKING pc=0x00007fde99046f73 sp=0x00007fde95808c40 mode 0


Dynamic libraries:
00400000-00401000 r-xp 00000000 08:01 3279757                            /usr/lib/jvm/java-8-oracle/bin/java
00600000-00601000 rw-p 00000000 08:01 3279757                            /usr/lib/jvm/java-8-oracle/bin/java
01020000-01041000 rw-p 00000000 00:00 0                                  [heap]
c0000000-c1f00000 rw-p 00000000 00:00 0 
c1f00000-eab00000 ---p 00000000 00:00 0 
eab00000-ec600000 rw-p 00000000 00:00 0 
ec600000-100000000 ---p 00000000 00:00 0 
100000000-1000a0000 rw-p 00000000 00:00 0 
1000a0000-140000000 ---p 00000000 00:00 0 
7fde58000000-7fde582b3000 rw-p 00000000 00:00 0 
7fde582b3000-7fde5c000000 ---p 00000000 00:00 0 
7fde60000000-7fde60021000 rw-p 00000000 00:00 0 
7fde60021000-7fde64000000 ---p 00000000 00:00 0 
7fde64000000-7fde64021000 rw-p 00000000 00:00 0 
7fde64021000-7fde68000000 ---p 00000000 00:00 0 
7fde68000000-7fde68021000 rw-p 00000000 00:00 0 
7fde68021000-7fde6c000000 ---p 00000000 00:00 0 
7fde6c000000-7fde6c037000 rw-p 00000000 00:00 0 
7fde6c037000-7fde70000000 ---p 00000000 00:00 0 
7fde70000000-7fde703b6000 rw-p 00000000 00:00 0 
7fde703b6000-7fde74000000 ---p 00000000 00:00 0 
7fde74000000-7fde74021000 rw-p 00000000 00:00 0 
7fde74021000-7fde78000000 ---p 00000000 00:00 0 
7fde78000000-7fde78021000 rw-p 00000000 00:00 0 
7fde78021000-7fde7c000000 ---p 00000000 00:00 0 
7fde7c000000-7fde7c299000 rw-p 00000000 00:00 0 
7fde7c299000-7fde80000000 ---p 00000000 00:00 0 
7fde80000000-7fde80021000 rw-p 00000000 00:00 0 
7fde80021000-7fde84000000 ---p 00000000 00:00 0 
7fde84000000-7fde84021000 rw-p 00000000 00:00 0 
7fde84021000-7fde88000000 ---p 00000000 00:00 0 
7fde88000000-7fde88021000 rw-p 00000000 00:00 0 
7fde88021000-7fde8c000000 ---p 00000000 00:00 0 
7fde8c000000-7fde8c021000 rw-p 00000000 00:00 0 
7fde8c021000-7fde90000000 ---p 00000000 00:00 0 
7fde90000000-7fde90021000 rw-p 00000000 00:00 0 
7fde90021000-7fde94000000 ---p 00000000 00:00 0 
7fde9570a000-7fde9570d000 ---p 00000000 00:00 0 
7fde9570d000-7fde9580b000 rw-p 00000000 00:00 0                          [stack:3919]
7fde9580b000-7fde9580e000 ---p 00000000 00:00 0 
7fde9580e000-7fde9590c000 rw-p 00000000 00:00 0                          [stack:3918]
7fde9590c000-7fde9590f000 ---p 00000000 00:00 0 
7fde9590f000-7fde95a0d000 rw-p 00000000 00:00 0                          [stack:3917]
7fde95a0d000-7fde95a10000 ---p 00000000 00:00 0 
7fde95a10000-7fde95b0e000 rw-p 00000000 00:00 0                          [stack:3912]
7fde95b0e000-7fde95b11000 ---p 00000000 00:00 0 
7fde95b11000-7fde95c0f000 rw-p 00000000 00:00 0                          [stack:3909]
7fde95c0f000-7fde95c10000 ---p 00000000 00:00 0 
7fde95c10000-7fde95d10000 rw-p 00000000 00:00 0                          [stack:3904]
7fde95d10000-7fde95d13000 ---p 00000000 00:00 0 
7fde95d13000-7fde95e11000 rw-p 00000000 00:00 0                          [stack:3900]
7fde95e11000-7fde95e14000 ---p 00000000 00:00 0 
7fde95e14000-7fde95f12000 rw-p 00000000 00:00 0                          [stack:3898]
7fde95f12000-7fde95f15000 ---p 00000000 00:00 0 
7fde95f15000-7fde96013000 rw-p 00000000 00:00 0                          [stack:3897]
7fde96013000-7fde96016000 ---p 00000000 00:00 0 
7fde96016000-7fde96114000 rw-p 00000000 00:00 0                          [stack:3896]
7fde96114000-7fde967f8000 r--p 00000000 08:01 13113697                   /usr/lib/locale/locale-archive
7fde967f8000-7fde967fb000 ---p 00000000 00:00 0 
7fde967fb000-7fde968f9000 rw-p 00000000 00:00 0                          [stack:3893]
7fde968f9000-7fde968fc000 ---p 00000000 00:00 0 
7fde968fc000-7fde969fa000 rw-p 00000000 00:00 0                          [stack:3891]
7fde969fa000-7fde969fb000 ---p 00000000 00:00 0 
7fde969fb000-7fde99000000 rw-p 00000000 00:00 0                          [stack:3889]
7fde99000000-7fde99270000 rwxp 00000000 00:00 0 
7fde99270000-7fdea8000000 ---p 00000000 00:00 0 
7fdea8000000-7fdea8387000 rw-p 00000000 00:00 0 
7fdea8387000-7fdeac000000 ---p 00000000 00:00 0 
7fdeac06b000-7fdeac4df000 rw-p 00000000 00:00 0 
7fdeac4df000-7fdeac6b8000 r--s 03d29000 08:01 13118676                   /usr/lib/jvm/java-8-oracle/jre/lib/rt.jar
7fdeac6b8000-7fdeacd2e000 rw-p 00000000 00:00 0 
7fdeacd2e000-7fdeacf2e000 ---p 00000000 00:00 0 
7fdeacf2e000-7fdead12e000 rw-p 00000000 00:00 0 
7fdead12e000-7fdead12f000 ---p 00000000 00:00 0 
7fdead12f000-7fdead22f000 rw-p 00000000 00:00 0                          [stack:3888]
7fdead22f000-7fdead230000 ---p 00000000 00:00 0 
7fdead230000-7fdead340000 rw-p 00000000 00:00 0                          [stack:3885]
7fdead340000-7fdead486000 ---p 00000000 00:00 0 
7fdead486000-7fdead496000 rw-p 00000000 00:00 0 
7fdead496000-7fdead5db000 ---p 00000000 00:00 0 
7fdead5db000-7fdead5e9000 rw-p 00000000 00:00 0 
7fdead5e9000-7fdead686000 ---p 00000000 00:00 0 
7fdead686000-7fdead691000 rw-p 00000000 00:00 0 
7fdead691000-7fdeada47000 ---p 00000000 00:00 0 
7fdeada47000-7fdeada61000 r-xp 00000000 08:01 13766358                   /usr/lib/jvm/java-8-oracle/jre/lib/amd64/libzip.so
7fdeada61000-7fdeadc61000 ---p 0001a000 08:01 13766358                   /usr/lib/jvm/java-8-oracle/jre/lib/amd64/libzip.so
7fdeadc61000-7fdeadc62000 rw-p 0001a000 08:01 13766358                   /usr/lib/jvm/java-8-oracle/jre/lib/amd64/libzip.so
7fdeadc62000-7fdeadc6d000 r-xp 00000000 08:01 2621673                    /lib/x86_64-linux-gnu/libnss_files-2.15.so
7fdeadc6d000-7fdeade6c000 ---p 0000b000 08:01 2621673                    /lib/x86_64-linux-gnu/libnss_files-2.15.so
7fdeade6c000-7fdeade6d000 r--p 0000a000 08:01 2621673                    /lib/x86_64-linux-gnu/libnss_files-2.15.so
7fdeade6d000-7fdeade6e000 rw-p 0000b000 08:01 2621673                    /lib/x86_64-linux-gnu/libnss_files-2.15.so
7fdeade6e000-7fdeade78000 r-xp 00000000 08:01 2621658                    /lib/x86_64-linux-gnu/libnss_nis-2.15.so
7fdeade78000-7fdeae078000 ---p 0000a000 08:01 2621658                    /lib/x86_64-linux-gnu/libnss_nis-2.15.so
7fdeae078000-7fdeae079000 r--p 0000a000 08:01 2621658                    /lib/x86_64-linux-gnu/libnss_nis-2.15.so
7fdeae079000-7fdeae07a000 rw-p 0000b000 08:01 2621658                    /lib/x86_64-linux-gnu/libnss_nis-2.15.so
7fdeae07a000-7fdeae091000 r-xp 00000000 08:01 2621667                    /lib/x86_64-linux-gnu/libnsl-2.15.so
7fdeae091000-7fdeae290000 ---p 00017000 08:01 2621667                    /lib/x86_64-linux-gnu/libnsl-2.15.so
7fdeae290000-7fdeae291000 r--p 00016000 08:01 2621667                    /lib/x86_64-linux-gnu/libnsl-2.15.so
7fdeae291000-7fdeae292000 rw-p 00017000 08:01 2621667                    /lib/x86_64-linux-gnu/libnsl-2.15.so
7fdeae292000-7fdeae294000 rw-p 00000000 00:00 0 
7fdeae294000-7fdeae29c000 r-xp 00000000 08:01 2621672                    /lib/x86_64-linux-gnu/libnss_compat-2.15.so
7fdeae29c000-7fdeae49b000 ---p 00008000 08:01 2621672                    /lib/x86_64-linux-gnu/libnss_compat-2.15.so
7fdeae49b000-7fdeae49c000 r--p 00007000 08:01 2621672                    /lib/x86_64-linux-gnu/libnss_compat-2.15.so
7fdeae49c000-7fdeae49d000 rw-p 00008000 08:01 2621672                    /lib/x86_64-linux-gnu/libnss_compat-2.15.so
7fdeae49d000-7fdeae4c7000 r-xp 00000000 08:01 13766323                   /usr/lib/jvm/java-8-oracle/jre/lib/amd64/libjava.so
7fdeae4c7000-7fdeae6c7000 ---p 0002a000 08:01 13766323                   /usr/lib/jvm/java-8-oracle/jre/lib/amd64/libjava.so
7fdeae6c7000-7fdeae6c9000 rw-p 0002a000 08:01 13766323                   /usr/lib/jvm/java-8-oracle/jre/lib/amd64/libjava.so
7fdeae6c9000-7fdeae6d6000 r-xp 00000000 08:01 13766361                   /usr/lib/jvm/java-8-oracle/jre/lib/amd64/libverify.so
7fdeae6d6000-7fdeae8d6000 ---p 0000d000 08:01 13766361                   /usr/lib/jvm/java-8-oracle/jre/lib/amd64/libverify.so
7fdeae8d6000-7fdeae8d8000 rw-p 0000d000 08:01 13766361                   /usr/lib/jvm/java-8-oracle/jre/lib/amd64/libverify.so
7fdeae8d8000-7fdeae8df000 r-xp 00000000 08:01 2621660                    /lib/x86_64-linux-gnu/librt-2.15.so
7fdeae8df000-7fdeaeade000 ---p 00007000 08:01 2621660                    /lib/x86_64-linux-gnu/librt-2.15.so
7fdeaeade000-7fdeaeadf000 r--p 00006000 08:01 2621660                    /lib/x86_64-linux-gnu/librt-2.15.so
7fdeaeadf000-7fdeaeae0000 rw-p 00007000 08:01 2621660                    /lib/x86_64-linux-gnu/librt-2.15.so
7fdeaeae0000-7fdeaebdb000 r-xp 00000000 08:01 2621674                    /lib/x86_64-linux-gnu/libm-2.15.so
7fdeaebdb000-7fdeaedda000 ---p 000fb000 08:01 2621674                    /lib/x86_64-linux-gnu/libm-2.15.so
7fdeaedda000-7fdeaeddb000 r--p 000fa000 08:01 2621674                    /lib/x86_64-linux-gnu/libm-2.15.so
7fdeaeddb000-7fdeaeddc000 rw-p 000fb000 08:01 2621674                    /lib/x86_64-linux-gnu/libm-2.15.so
7fdeaeddc000-7fdeafaa7000 r-xp 00000000 08:01 13894575                   /usr/lib/jvm/java-8-oracle/jre/lib/amd64/server/libjvm.so
7fdeafaa7000-7fdeafca6000 ---p 00ccb000 08:01 13894575                   /usr/lib/jvm/java-8-oracle/jre/lib/amd64/server/libjvm.so
7fdeafca6000-7fdeafd7f000 rw-p 00cca000 08:01 13894575                   /usr/lib/jvm/java-8-oracle/jre/lib/amd64/server/libjvm.so
7fdeafd7f000-7fdeafdca000 rw-p 00000000 00:00 0 
7fdeafdca000-7fdeaff7e000 r-xp 00000000 08:01 2621665                    /lib/x86_64-linux-gnu/libc-2.15.so
7fdeaff7e000-7fdeb017d000 ---p 001b4000 08:01 2621665                    /lib/x86_64-linux-gnu/libc-2.15.so
7fdeb017d000-7fdeb0181000 r--p 001b3000 08:01 2621665                    /lib/x86_64-linux-gnu/libc-2.15.so
7fdeb0181000-7fdeb0183000 rw-p 001b7000 08:01 2621665                    /lib/x86_64-linux-gnu/libc-2.15.so
7fdeb0183000-7fdeb0188000 rw-p 00000000 00:00 0 
7fdeb0188000-7fdeb018a000 r-xp 00000000 08:01 2621657                    /lib/x86_64-linux-gnu/libdl-2.15.so
7fdeb018a000-7fdeb038a000 ---p 00002000 08:01 2621657                    /lib/x86_64-linux-gnu/libdl-2.15.so
7fdeb038a000-7fdeb038b000 r--p 00002000 08:01 2621657                    /lib/x86_64-linux-gnu/libdl-2.15.so
7fdeb038b000-7fdeb038c000 rw-p 00003000 08:01 2621657                    /lib/x86_64-linux-gnu/libdl-2.15.so
7fdeb038c000-7fdeb03a1000 r-xp 00000000 08:01 2627921                    /usr/lib/jvm/java-8-oracle/lib/amd64/jli/libjli.so
7fdeb03a1000-7fdeb05a1000 ---p 00015000 08:01 2627921                    /usr/lib/jvm/java-8-oracle/lib/amd64/jli/libjli.so
7fdeb05a1000-7fdeb05a2000 rw-p 00015000 08:01 2627921                    /usr/lib/jvm/java-8-oracle/lib/amd64/jli/libjli.so
7fdeb05a2000-7fdeb05ba000 r-xp 00000000 08:01 2621668                    /lib/x86_64-linux-gnu/libpthread-2.15.so
7fdeb05ba000-7fdeb07b9000 ---p 00018000 08:01 2621668                    /lib/x86_64-linux-gnu/libpthread-2.15.so
7fdeb07b9000-7fdeb07ba000 r--p 00017000 08:01 2621668                    /lib/x86_64-linux-gnu/libpthread-2.15.so
7fdeb07ba000-7fdeb07bb000 rw-p 00018000 08:01 2621668                    /lib/x86_64-linux-gnu/libpthread-2.15.so
7fdeb07bb000-7fdeb07bf000 rw-p 00000000 00:00 0 
7fdeb07bf000-7fdeb07e1000 r-xp 00000000 08:01 2621671                    /lib/x86_64-linux-gnu/ld-2.15.so
7fdeb07e6000-7fdeb08c1000 rw-p 00000000 00:00 0 
7fdeb08c1000-7fdeb08c4000 ---p 00000000 00:00 0 
7fdeb08c4000-7fdeb09c6000 rw-p 00000000 00:00 0                          [stack:3884]
7fdeb09c6000-7fdeb09d5000 r--s 000df000 08:01 11274850                   /root/Android/Sdk/build-tools/23.0.3/lib/dx.jar
7fdeb09d5000-7fdeb09dd000 rw-s 00000000 08:01 4849837                    /tmp/hsperfdata_root/3875
7fdeb09dd000-7fdeb09de000 rw-p 00000000 00:00 0 
7fdeb09de000-7fdeb09df000 r--p 00000000 00:00 0 
7fdeb09df000-7fdeb09e1000 rw-p 00000000 00:00 0 
7fdeb09e1000-7fdeb09e2000 r--p 00022000 08:01 2621671                    /lib/x86_64-linux-gnu/ld-2.15.so
7fdeb09e2000-7fdeb09e4000 rw-p 00023000 08:01 2621671                    /lib/x86_64-linux-gnu/ld-2.15.so
7ffd37185000-7ffd371a6000 rw-p 00000000 00:00 0                          [stack]
7ffd371b9000-7ffd371bb000 r-xp 00000000 00:00 0                          [vdso]
ffffffffff600000-ffffffffff601000 r-xp 00000000 00:00 0                  [vsyscall]

VM Arguments:
jvm_args: -Djava.awt.headless=true -Xmx1024M -Dfile.encoding=UTF-8 -Duser.country=US -Duser.language=en -Duser.variant 
java_command: com.android.dx.command.Main --dex --force-jumbo --num-threads=4 --output /home/lin/other/AndroidProjects/Radio/app/build/intermediates/pre-dexed/debug/main_7cc5f647af7043fa3f77b86279a066893619d21a.jar /home/lin/other/AndroidProjects/Radio/app/build/intermediates/transforms/instantRun/debug/folders/1/5/main
java_class_path (initial): /root/Android/Sdk/build-tools/23.0.3/lib/dx.jar
Launcher Type: SUN_STANDARD

Environment Variables:
PATH=/usr/local/sbin:/usr/local/bin:/usr/sbin:/usr/bin:/sbin:/bin
USERNAME=root
LD_LIBRARY_PATH=/opt/android-studio/bin:
SHELL=/bin/bash
DISPLAY=:0.0

Signal Handlers:
SIGSEGV: [libjvm.so+0xac4790], sa_mask[0]=11111111011111111101111111111110, sa_flags=SA_RESTART|SA_SIGINFO
SIGBUS: [libjvm.so+0xac4790], sa_mask[0]=11111111011111111101111111111110, sa_flags=SA_RESTART|SA_SIGINFO
SIGFPE: [libjvm.so+0x91f140], sa_mask[0]=11111111011111111101111111111110, sa_flags=SA_RESTART|SA_SIGINFO
SIGPIPE: [libjvm.so+0x91f140], sa_mask[0]=11111111011111111101111111111110, sa_flags=SA_RESTART|SA_SIGINFO
SIGXFSZ: [libjvm.so+0x91f140], sa_mask[0]=11111111011111111101111111111110, sa_flags=SA_RESTART|SA_SIGINFO
SIGILL: [libjvm.so+0x91f140], sa_mask[0]=11111111011111111101111111111110, sa_flags=SA_RESTART|SA_SIGINFO
SIGUSR1: SIG_DFL, sa_mask[0]=00000000000000000000000000000000, sa_flags=none
SIGUSR2: [libjvm.so+0x920770], sa_mask[0]=00100000000000000000000000000000, sa_flags=SA_RESTART|SA_SIGINFO
SIGHUP: [libjvm.so+0x921b70], sa_mask[0]=11111111011111111101111111111110, sa_flags=SA_RESTART|SA_SIGINFO
SIGINT: [libjvm.so+0x921b70], sa_mask[0]=11111111011111111101111111111110, sa_flags=SA_RESTART|SA_SIGINFO
SIGTERM: [libjvm.so+0x921b70], sa_mask[0]=11111111011111111101111111111110, sa_flags=SA_RESTART|SA_SIGINFO
SIGQUIT: [libjvm.so+0x921b70], sa_mask[0]=11111111011111111101111111111110, sa_flags=SA_RESTART|SA_SIGINFO


---------------  S Y S T E M  ---------------

OS:DISTRIB_ID=Ubuntu
DISTRIB_RELEASE=12.04
DISTRIB_CODENAME=precise
DISTRIB_DESCRIPTION="Ubuntu 12.04.5 LTS"

uname:Linux 3.13.0-95-generic #142~precise1-Ubuntu SMP Fri Aug 12 18:20:15 UTC 2016 x86_64
libc:glibc 2.15 NPTL 2.15 
rlimit: STACK 8192k, CORE 0k, NPROC 22873, NOFILE 4096, AS infinity
load average:2.98 3.82 2.52

/proc/meminfo:
MemTotal:        2948840 kB
MemFree:           69416 kB
Buffers:           18672 kB
Cached:           564264 kB
SwapCached:            0 kB
Active:          2029792 kB
Inactive:         682692 kB
Active(anon):    1795712 kB
Inactive(anon):   448528 kB
Active(file):     234080 kB
Inactive(file):   234164 kB
Unevictable:           0 kB
Mlocked:               0 kB
SwapTotal:       3008508 kB
SwapFree:        3008356 kB
Dirty:              5560 kB
Writeback:             0 kB
AnonPages:       2129632 kB
Mapped:           179860 kB
Shmem:            114632 kB
Slab:              82020 kB
SReclaimable:      56668 kB
SUnreclaim:        25352 kB
KernelStack:        4448 kB
PageTables:        31108 kB
NFS_Unstable:          0 kB
Bounce:                0 kB
WritebackTmp:          0 kB
CommitLimit:     4482928 kB
Committed_AS:    4703060 kB
VmallocTotal:   34359738367 kB
VmallocUsed:      346432 kB
VmallocChunk:   34359385180 kB
HardwareCorrupted:     0 kB
AnonHugePages:    856064 kB
HugePages_Total:       0
HugePages_Free:        0
HugePages_Rsvd:        0
HugePages_Surp:        0
Hugepagesize:       2048 kB
DirectMap4k:       57732 kB
DirectMap2M:     2953216 kB


CPU:total 2 (2 cores per cpu, 1 threads per core) family 6 model 15 stepping 13, cmov, cx8, fxsr, mmx, sse, sse2, sse3, ssse3, tsc

/proc/cpuinfo:
processor	: 0
vendor_id	: GenuineIntel
cpu family	: 6
model		: 15
model name	: Genuine Intel(R) CPU           T1600  @ 1.66GHz
stepping	: 13
microcode	: 0xa3
cpu MHz		: 1662.464
cache size	: 1024 KB
physical id	: 0
siblings	: 2
core id		: 0
cpu cores	: 2
apicid		: 0
initial apicid	: 0
fpu		: yes
fpu_exception	: yes
cpuid level	: 10
wp		: yes
flags		: fpu vme de pse tsc msr pae mce cx8 apic sep mtrr pge mca cmov pat pse36 clflush dts acpi mmx fxsr sse sse2 ss ht tm pbe syscall nx lm constant_tsc arch_perfmon pebs bts rep_good nopl aperfmperf pni dtes64 monitor ds_cpl tm2 ssse3 cx16 xtpr pdcm lahf_lm dtherm
bogomips	: 3324.92
clflush size	: 64
cache_alignment	: 64
address sizes	: 36 bits physical, 48 bits virtual
power management:

processor	: 1
vendor_id	: GenuineIntel
cpu family	: 6
model		: 15
model name	: Genuine Intel(R) CPU           T1600  @ 1.66GHz
stepping	: 13
microcode	: 0xa3
cpu MHz		: 1662.464
cache size	: 1024 KB
physical id	: 0
siblings	: 2
core id		: 1
cpu cores	: 2
apicid		: 1
initial apicid	: 1
fpu		: yes
fpu_exception	: yes
cpuid level	: 10
wp		: yes
flags		: fpu vme de pse tsc msr pae mce cx8 apic sep mtrr pge mca cmov pat pse36 clflush dts acpi mmx fxsr sse sse2 ss ht tm pbe syscall nx lm constant_tsc arch_perfmon pebs bts rep_good nopl aperfmperf pni dtes64 monitor ds_cpl tm2 ssse3 cx16 xtpr pdcm lahf_lm dtherm
bogomips	: 3324.92
clflush size	: 64
cache_alignment	: 64
address sizes	: 36 bits physical, 48 bits virtual
power management:



Memory: 4k page, physical 2948840k(69416k free), swap 3008508k(3008356k free)

vm_info: Java HotSpot(TM) 64-Bit Server VM (25.101-b13) for linux-amd64 JRE (1.8.0_101-b13), built on Jun 22 2016 02:59:44 by "java_re" with gcc 4.3.0 20080428 (Red Hat 4.3.0-8)

time: Tue Aug 30 15:24:44 2016
elapsed time: 3 seconds (0d 0h 0m 3s)

