#
# A fatal error has been detected by the Java Runtime Environment:
#
#  SIGSEGV (0xb) at pc=0x00007f12a07325a3, pid=11984, tid=0x00007f129e2f9700
#
# JRE version: Java(TM) SE Runtime Environment (8.0_101-b13) (build 1.8.0_101-b13)
# Java VM: Java HotSpot(TM) 64-Bit Server VM (25.101-b13 mixed mode linux-amd64 compressed oops)
# Problematic frame:
# V  [libjvm.so+0x98c5a3]  oopDesc* PSPromotionManager::copy_to_survivor_space<false>(oopDesc*)+0x143
#
# Failed to write core dump. Core dumps have been disabled. To enable core dumping, try "ulimit -c unlimited" before starting Java again
#
# If you would like to submit a bug report, please visit:
#   http://bugreport.java.com/bugreport/crash.jsp
#

---------------  T H R E A D  ---------------

Current thread (0x00007f129801f000):  GCTaskThread [stack: 0x00007f129e1f9000,0x00007f129e2fa000] [id=11990]

siginfo: si_signo: 11 (SIGSEGV), si_code: 1 (SEGV_MAPERR), si_addr: 0x0000000000000290

Registers:
RAX=0x00007f12a0d33b90, RBX=0x00000000f66871d8, RCX=0x0000000000000003, RDX=0x0000000000000001
RSP=0x00007f129e2f8b30, RBP=0x00007f129e2f8ba0, RSI=0x00000000f8740da0, RDI=0x0000000000000288
R8 =0x00000000f66871c8, R9 =0x00007f1298071198, R10=0x00007f12a0d58059, R11=0x00007f129e2f8ae0
R12=0x00000000f8740da0, R13=0x0000000a2000016d, R14=0x0000000000000000, R15=0x00007f1298071168
RIP=0x00007f12a07325a3, EFLAGS=0x0000000000010206, CSGSFS=0x0000000000000033, ERR=0x0000000000000004
  TRAPNO=0x000000000000000e

Top of Stack: (sp=0x00007f129e2f8b30)
0x00007f129e2f8b30:   00007f129e2f8bb0 00007f12a0d58059
0x00007f129e2f8b40:   00007f1298071128 00007f1298071100
0x00007f129e2f8b50:   00000000f6682fe5 0000000000000400
0x00007f129e2f8b60:   00000000f87001e2 0000000000001000
0x00007f129e2f8b70:   00000000f0f7ffe4 00000000f66871d8
0x00007f129e2f8b80:   00007f1298071100 00007f12a0d33b80
0x00007f129e2f8b90:   0000000000000000 00007f1298071168
0x00007f129e2f8ba0:   00007f129e2f8c90 00007f12a0731e70
0x00007f129e2f8bb0:   00007f129e2f8c10 00007f129e2f8c20
0x00007f129e2f8bc0:   00007f129e2f8c30 00007f129e2f8bf0
0x00007f129e2f8bd0:   00007f129e2f8c00 00007f129e2f8c50
0x00007f129e2f8be0:   00000000c1f27fd0 00007f1298071198
0x00007f129e2f8bf0:   00000000c0871fb0 00007f1298071100
0x00007f129e2f8c00:   00007f129801ae40 00007f129e454415
0x00007f129e2f8c10:   00007f129e2f8c90 00007f12a06a55af
0x00007f129e2f8c20:   0000000100058d48 00000000c0f13494
0x00007f129e2f8c30:   00007f129e2f8c90 00007f12a03f4ac0
0x00007f129e2f8c40:   00000000c0ebb341 00007f12a0d67290
0x00007f129e2f8c50:   00000000f66871d9 00007f1298071160
0x00007f129e2f8c60:   0000000000000000 00000000c0f13810
0x00007f129e2f8c70:   00000000c0f13800 00007f129e45789c
0x00007f129e2f8c80:   00007f129801ae40 00007f129e457901
0x00007f129e2f8c90:   00007f129e2f8d50 00007f12a01a513e
0x00007f129e2f8ca0:   00007f129801ecd0 00007f129e457900
0x00007f129e2f8cb0:   00007f129e457881 00007f12a0d58059
0x00007f129e2f8cc0:   00007f1298071100 00000000c1fd7658
0x00007f129e2f8cd0:   00007f129801ab80 00007f129e45febc
0x00007f129e2f8ce0:   00000000c0f13020 0000000000000100
0x00007f129e2f8cf0:   00000000c0f20038 00007f129e45789a
0x00007f129e2f8d00:   0000000000000240 00007f129e457900
0x00007f129e2f8d10:   00007f129e457980 00007f129e45789c
0x00007f129e2f8d20:   00007f129e45789a 00007f12980236a0 

Instructions: (pc=0x00007f12a07325a3)
0x00007f12a0732583:   83 e0 07 48 83 f8 05 75 d3 31 db eb d6 48 8b 05
0x00007f12a0732593:   f1 24 5e 00 8b 7e 08 8b 48 08 48 d3 e7 48 03 38
0x00007f12a07325a3:   8b 77 08 83 fe 00 0f 8f 0a ff ff ff 0f 85 4b 02
0x00007f12a07325b3:   00 00 0f 1f 00 48 8b 07 4c 89 e6 4c 89 55 98 ff 

Register to memory mapping:

RAX=0x00007f12a0d33b90: <offset 0xf8db90> in /usr/lib/jvm/java-8-oracle/jre/lib/amd64/server/libjvm.so at 0x00007f129fda6000
RBX=0x00000000f66871d8 is an oop

[error occurred during error reporting (printing register info), id 0xb]

Stack: [0x00007f129e1f9000,0x00007f129e2fa000],  sp=0x00007f129e2f8b30,  free space=1022k
Native frames: (J=compiled Java code, j=interpreted, Vv=VM code, C=native code)
V  [libjvm.so+0x98c5a3]  oopDesc* PSPromotionManager::copy_to_survivor_space<false>(oopDesc*)+0x143
V  [libjvm.so+0x98be70]  PSPromotionManager::drain_stacks_depth(bool)+0x830
V  [libjvm.so+0x3ff13e]  CardTableExtension::scavenge_contents_parallel(ObjectStartArray*, MutableSpace*, HeapWord*, PSPromotionManager*, unsigned int, unsigned int)+0xafe
V  [libjvm.so+0x98f6eb]  OldToYoungRootsTask::do_it(GCTaskManager*, unsigned int)+0x4b
V  [libjvm.so+0x5d6b5f]  GCTaskThread::run()+0x12f
V  [libjvm.so+0x924698]  java_start(Thread*)+0x108


---------------  P R O C E S S  ---------------

Java Threads: ( => current thread )
  0x00007f1298148800 JavaThread "pool-1-thread-4" [_thread_blocked, id=12004, stack(0x00007f128270a000,0x00007f128280b000)]
  0x00007f1298147000 JavaThread "pool-1-thread-3" [_thread_blocked, id=12003, stack(0x00007f128280b000,0x00007f128290c000)]
  0x00007f1298146000 JavaThread "pool-1-thread-2" [_thread_blocked, id=12002, stack(0x00007f128290c000,0x00007f1282a0d000)]
  0x00007f1298143000 JavaThread "pool-2-thread-1" [_thread_blocked, id=12001, stack(0x00007f1282a0d000,0x00007f1282b0e000)]
  0x00007f1298141000 JavaThread "pool-1-thread-1" [_thread_blocked, id=12000, stack(0x00007f1282b0e000,0x00007f1282c0f000)]
  0x00007f12980c4000 JavaThread "Service Thread" daemon [_thread_blocked, id=11998, stack(0x00007f1282d10000,0x00007f1282e11000)]
  0x00007f12980b7800 JavaThread "C1 CompilerThread1" daemon [_thread_blocked, id=11997, stack(0x00007f1282e11000,0x00007f1282f12000)]
  0x00007f12980b4800 JavaThread "C2 CompilerThread0" daemon [_thread_blocked, id=11996, stack(0x00007f1282f12000,0x00007f1283013000)]
  0x00007f12980b3000 JavaThread "Signal Dispatcher" daemon [_thread_blocked, id=11995, stack(0x00007f1283013000,0x00007f1283114000)]
  0x00007f1298080000 JavaThread "Finalizer" daemon [_thread_blocked, id=11994, stack(0x00007f12837f8000,0x00007f12838f9000)]
  0x00007f129807b800 JavaThread "Reference Handler" daemon [_thread_blocked, id=11993, stack(0x00007f12838f9000,0x00007f12839fa000)]
  0x00007f129800a000 JavaThread "main" [_thread_blocked, id=11988, stack(0x00007f12a188b000,0x00007f12a198c000)]

Other Threads:
  0x00007f1298073800 VMThread [stack: 0x00007f12839fa000,0x00007f1283afb000] [id=11992]
  0x00007f12980c7800 WatcherThread [stack: 0x00007f1282c0f000,0x00007f1282d10000] [id=11999]

=>0x00007f129801f000 (exited) GCTaskThread [stack: 0x00007f129e1f9000,0x00007f129e2fa000] [id=11990]

VM state:at safepoint (normal execution)

VM Mutex/Monitor currently owned by a thread:  ([mutex/lock_event])
[0x00007f12980064c0] Threads_lock - owner thread: 0x00007f1298073800
[0x00007f12980069c0] Heap_lock - owner thread: 0x00007f1298141000

Heap:
 PSYoungGen      total 156160K, used 156132K [0x00000000eab00000, 0x00000000f9000000, 0x0000000100000000)
  eden space 136192K, 100% used [0x00000000eab00000,0x00000000f3000000,0x00000000f3000000)
  from space 19968K, 99% used [0x00000000f7c80000,0x00000000f8ff90a8,0x00000000f9000000)
  to   space 24576K, 27% used [0x00000000f6000000,0x00000000f6689ba8,0x00000000f7800000)
 ParOldGen       total 63488K, used 36868K [0x00000000c0000000, 0x00000000c3e00000, 0x00000000eab00000)
  object space 63488K, 58% used [0x00000000c0000000,0x00000000c24013d0,0x00000000c3e00000)
 Metaspace       used 6427K, capacity 7192K, committed 7424K, reserved 1056768K
  class space    used 615K, capacity 656K, committed 768K, reserved 1048576K

Card table byte_map: [0x00007f129e450000,0x00007f129e651000] byte_map_base: 0x00007f129de50000

Marking Bits: (ParMarkBitMap*) 0x00007f12a0d67120
 Begin Bits: [0x00007f129c0f8000, 0x00007f129d0f8000)
 End Bits:   [0x00007f129d0f8000, 0x00007f129e0f8000)

Polling page: 0x00007f12a19a8000

CodeCache: size=245760Kb used=7394Kb max_used=7394Kb free=238365Kb
 bounds [0x00007f1289000000, 0x00007f1289740000, 0x00007f1298000000]
 total_blobs=2240 nmethods=1973 adapters=182
 compilation: enabled

Compilation events (10 events):
Event: 22.740 Thread 0x00007f12980b7800 2607       2       com.android.dx.ssa.back.FirstFitLocalCombiningAllocator::findRangeAndAdjust (311 bytes)
Event: 22.743 Thread 0x00007f12980b7800 nmethod 2607 0x00007f12897373d0 code [0x00007f1289737640, 0x00007f1289738058]
Event: 22.815 Thread 0x00007f12980b7800 2608       2       java.util.Arrays::copyOf (19 bytes)
Event: 22.816 Thread 0x00007f12980b7800 nmethod 2608 0x00007f1289738c50 code [0x00007f1289738dc0, 0x00007f1289739028]
Event: 22.842 Thread 0x00007f12980b7800 2609       1       java.util.TreeMap$Entry::getKey (5 bytes)
Event: 22.843 Thread 0x00007f12980b7800 nmethod 2609 0x00007f1289739110 code [0x00007f1289739260, 0x00007f1289739370]
Event: 22.883 Thread 0x00007f12980b7800 2610       3       com.android.dx.cf.code.Merger::mergeLocals (122 bytes)
Event: 22.886 Thread 0x00007f12980b7800 nmethod 2610 0x00007f12897393d0 code [0x00007f1289739660, 0x00007f128973a768]
Event: 23.129 Thread 0x00007f12980b7800 2611       2       java.util.DualPivotQuicksort::sort (614 bytes)
Event: 23.146 Thread 0x00007f12980b7800 nmethod 2611 0x00007f128973b390 code [0x00007f128973b5e0, 0x00007f128973c338]

GC Heap History (10 events):
Event: 9.158 GC heap after
Heap after GC invocations=5 (full 0):
 PSYoungGen      total 50688K, used 1505K [0x00000000eab00000, 0x00000000f2000000, 0x0000000100000000)
  eden space 49152K, 0% used [0x00000000eab00000,0x00000000eab00000,0x00000000edb00000)
  from space 1536K, 98% used [0x00000000edb00000,0x00000000edc785c0,0x00000000edc80000)
  to   space 10752K, 0% used [0x00000000f1580000,0x00000000f1580000,0x00000000f2000000)
 ParOldGen       total 31744K, used 17867K [0x00000000c0000000, 0x00000000c1f00000, 0x00000000eab00000)
  object space 31744K, 56% used [0x00000000c0000000,0x00000000c1172ca8,0x00000000c1f00000)
 Metaspace       used 5869K, capacity 6832K, committed 7040K, reserved 1056768K
  class space    used 595K, capacity 616K, committed 640K, reserved 1048576K
}
Event: 10.383 GC heap before
{Heap before GC invocations=6 (full 0):
 PSYoungGen      total 50688K, used 50657K [0x00000000eab00000, 0x00000000f2000000, 0x0000000100000000)
  eden space 49152K, 100% used [0x00000000eab00000,0x00000000edb00000,0x00000000edb00000)
  from space 1536K, 98% used [0x00000000edb00000,0x00000000edc785c0,0x00000000edc80000)
  to   space 10752K, 0% used [0x00000000f1580000,0x00000000f1580000,0x00000000f2000000)
 ParOldGen       total 31744K, used 17867K [0x00000000c0000000, 0x00000000c1f00000, 0x00000000eab00000)
  object space 31744K, 56% used [0x00000000c0000000,0x00000000c1172ca8,0x00000000c1f00000)
 Metaspace       used 5977K, capacity 6896K, committed 7040K, reserved 1056768K
  class space    used 595K, capacity 616K, committed 640K, reserved 1048576K
Event: 10.575 GC heap after
Heap after GC invocations=6 (full 0):
 PSYoungGen      total 108032K, used 8556K [0x00000000eab00000, 0x00000000f2200000, 0x0000000100000000)
  eden space 97280K, 0% used [0x00000000eab00000,0x00000000eab00000,0x00000000f0a00000)
  from space 10752K, 79% used [0x00000000f1580000,0x00000000f1ddb338,0x00000000f2000000)
  to   space 11776K, 0% used [0x00000000f0a00000,0x00000000f0a00000,0x00000000f1580000)
 ParOldGen       total 31744K, used 17867K [0x00000000c0000000, 0x00000000c1f00000, 0x00000000eab00000)
  object space 31744K, 56% used [0x00000000c0000000,0x00000000c1172ca8,0x00000000c1f00000)
 Metaspace       used 5977K, capacity 6896K, committed 7040K, reserved 1056768K
  class space    used 595K, capacity 616K, committed 640K, reserved 1048576K
}
Event: 13.548 GC heap before
{Heap before GC invocations=7 (full 0):
 PSYoungGen      total 108032K, used 105836K [0x00000000eab00000, 0x00000000f2200000, 0x0000000100000000)
  eden space 97280K, 100% used [0x00000000eab00000,0x00000000f0a00000,0x00000000f0a00000)
  from space 10752K, 79% used [0x00000000f1580000,0x00000000f1ddb338,0x00000000f2000000)
  to   space 11776K, 0% used [0x00000000f0a00000,0x00000000f0a00000,0x00000000f1580000)
 ParOldGen       total 31744K, used 17867K [0x00000000c0000000, 0x00000000c1f00000, 0x00000000eab00000)
  object space 31744K, 56% used [0x00000000c0000000,0x00000000c1172ca8,0x00000000c1f00000)
 Metaspace       used 6090K, capacity 7024K, committed 7296K, reserved 1056768K
  class space    used 595K, capacity 616K, committed 640K, reserved 1048576K
Event: 13.928 GC heap after
Heap after GC invocations=7 (full 0):
 PSYoungGen      total 109056K, used 11766K [0x00000000eab00000, 0x00000000f9000000, 0x0000000100000000)
  eden space 97280K, 0% used [0x00000000eab00000,0x00000000eab00000,0x00000000f0a00000)
  from space 11776K, 99% used [0x00000000f0a00000,0x00000000f157d9b0,0x00000000f1580000)
  to   space 19968K, 0% used [0x00000000f7c80000,0x00000000f7c80000,0x00000000f9000000)
 ParOldGen       total 31744K, used 29685K [0x00000000c0000000, 0x00000000c1f00000, 0x00000000eab00000)
  object space 31744K, 93% used [0x00000000c0000000,0x00000000c1cfd758,0x00000000c1f00000)
 Metaspace       used 6090K, capacity 7024K, committed 7296K, reserved 1056768K
  class space    used 595K, capacity 616K, committed 640K, reserved 1048576K
}
Event: 13.928 GC heap before
{Heap before GC invocations=8 (full 1):
 PSYoungGen      total 109056K, used 11766K [0x00000000eab00000, 0x00000000f9000000, 0x0000000100000000)
  eden space 97280K, 0% used [0x00000000eab00000,0x00000000eab00000,0x00000000f0a00000)
  from space 11776K, 99% used [0x00000000f0a00000,0x00000000f157d9b0,0x00000000f1580000)
  to   space 19968K, 0% used [0x00000000f7c80000,0x00000000f7c80000,0x00000000f9000000)
 ParOldGen       total 31744K, used 29685K [0x00000000c0000000, 0x00000000c1f00000, 0x00000000eab00000)
  object space 31744K, 93% used [0x00000000c0000000,0x00000000c1cfd758,0x00000000c1f00000)
 Metaspace       used 6090K, capacity 7024K, committed 7296K, reserved 1056768K
  class space    used 595K, capacity 616K, committed 640K, reserved 1048576K
Event: 15.990 GC heap after
Heap after GC invocations=8 (full 1):
 PSYoungGen      total 109056K, used 6601K [0x00000000eab00000, 0x00000000f9000000, 0x0000000100000000)
  eden space 97280K, 0% used [0x00000000eab00000,0x00000000eab00000,0x00000000f0a00000)
  from space 11776K, 56% used [0x00000000f0a00000,0x00000000f10725f0,0x00000000f1580000)
  to   space 19968K, 0% used [0x00000000f7c80000,0x00000000f7c80000,0x00000000f9000000)
 ParOldGen       total 63488K, used 31429K [0x00000000c0000000, 0x00000000c3e00000, 0x00000000eab00000)
  object space 63488K, 49% used [0x00000000c0000000,0x00000000c1eb1790,0x00000000c3e00000)
 Metaspace       used 6090K, capacity 7024K, committed 7296K, reserved 1056768K
  class space    used 595K, capacity 616K, committed 640K, reserved 1048576K
}
Event: 18.946 GC heap before
{Heap before GC invocations=9 (full 1):
 PSYoungGen      total 109056K, used 103881K [0x00000000eab00000, 0x00000000f9000000, 0x0000000100000000)
  eden space 97280K, 100% used [0x00000000eab00000,0x00000000f0a00000,0x00000000f0a00000)
  from space 11776K, 56% used [0x00000000f0a00000,0x00000000f10725f0,0x00000000f1580000)
  to   space 19968K, 0% used [0x00000000f7c80000,0x00000000f7c80000,0x00000000f9000000)
 ParOldGen       total 63488K, used 31429K [0x00000000c0000000, 0x00000000c3e00000, 0x00000000eab00000)
  object space 63488K, 49% used [0x00000000c0000000,0x00000000c1eb1790,0x00000000c3e00000)
 Metaspace       used 6324K, capacity 7192K, committed 7424K, reserved 1056768K
  class space    used 615K, capacity 656K, committed 768K, reserved 1048576K
Event: 19.443 GC heap after
Heap after GC invocations=9 (full 1):
 PSYoungGen      total 156160K, used 19940K [0x00000000eab00000, 0x00000000f9000000, 0x0000000100000000)
  eden space 136192K, 0% used [0x00000000eab00000,0x00000000eab00000,0x00000000f3000000)
  from space 19968K, 99% used [0x00000000f7c80000,0x00000000f8ff90a8,0x00000000f9000000)
  to   space 24576K, 0% used [0x00000000f6000000,0x00000000f6000000,0x00000000f7800000)
 ParOldGen       total 63488K, used 32605K [0x00000000c0000000, 0x00000000c3e00000, 0x00000000eab00000)
  object space 63488K, 51% used [0x00000000c0000000,0x00000000c1fd7658,0x00000000c3e00000)
 Metaspace       used 6324K, capacity 7192K, committed 7424K, reserved 1056768K
  class space    used 615K, capacity 656K, committed 768K, reserved 1048576K
}
Event: 23.191 GC heap before
{Heap before GC invocations=10 (full 1):
 PSYoungGen      total 156160K, used 156132K [0x00000000eab00000, 0x00000000f9000000, 0x0000000100000000)
  eden space 136192K, 100% used [0x00000000eab00000,0x00000000f3000000,0x00000000f3000000)
  from space 19968K, 99% used [0x00000000f7c80000,0x00000000f8ff90a8,0x00000000f9000000)
  to   space 24576K, 0% used [0x00000000f6000000,0x00000000f6000000,0x00000000f7800000)
 ParOldGen       total 63488K, used 32605K [0x00000000c0000000, 0x00000000c3e00000, 0x00000000eab00000)
  object space 63488K, 51% used [0x00000000c0000000,0x00000000c1fd7658,0x00000000c3e00000)
 Metaspace       used 6427K, capacity 7192K, committed 7424K, reserved 1056768K
  class space    used 615K, capacity 656K, committed 768K, reserved 1048576K

Deoptimization events (10 events):
Event: 6.969 Thread 0x00007f1298141000 Uncommon trap: reason=unstable_if action=reinterpret pc=0x00007f12892d73ec method=com.android.dx.rop.code.RegisterSpec.equals(ILcom/android/dx/rop/type/TypeBearer;Lcom/android/dx/rop/code/LocalItem;)Z @ 42
Event: 7.199 Thread 0x00007f1298146000 Uncommon trap: reason=null_check action=make_not_entrant pc=0x00007f128929eee8 method=com.android.dx.ssa.SsaRenamer.getLocalForNewReg(I)Lcom/android/dx/rop/code/LocalItem; @ 19
Event: 7.358 Thread 0x00007f1298148800 Uncommon trap: reason=bimorphic action=maybe_recompile pc=0x00007f1289217fa8 method=java.util.HashMap.getNode(ILjava/lang/Object;)Ljava/util/HashMap$Node; @ 126
Event: 7.358 Thread 0x00007f1298148800 Uncommon trap: reason=bimorphic action=maybe_recompile pc=0x00007f1289217fa8 method=java.util.HashMap.getNode(ILjava/lang/Object;)Ljava/util/HashMap$Node; @ 126
Event: 7.358 Thread 0x00007f1298148800 Uncommon trap: reason=bimorphic action=maybe_recompile pc=0x00007f1289217fa8 method=java.util.HashMap.getNode(ILjava/lang/Object;)Ljava/util/HashMap$Node; @ 126
Event: 7.358 Thread 0x00007f1298148800 Uncommon trap: reason=bimorphic action=maybe_recompile pc=0x00007f1289217fa8 method=java.util.HashMap.getNode(ILjava/lang/Object;)Ljava/util/HashMap$Node; @ 126
Event: 7.359 Thread 0x00007f1298148800 Uncommon trap: reason=bimorphic action=maybe_recompile pc=0x00007f12892b7be0 method=java.util.HashMap.getNode(ILjava/lang/Object;)Ljava/util/HashMap$Node; @ 126
Event: 16.555 Thread 0x00007f1298146000 Uncommon trap: reason=unstable_if action=reinterpret pc=0x00007f1289324210 method=java.util.HashMap.putVal(ILjava/lang/Object;Ljava/lang/Object;ZZ)Ljava/lang/Object; @ 162
Event: 16.589 Thread 0x00007f1298146000 Uncommon trap: reason=unstable_if action=reinterpret pc=0x00007f12893a84bc method=java.util.HashMap.getNode(ILjava/lang/Object;)Ljava/util/HashMap$Node; @ 84
Event: 17.917 Thread 0x00007f1298147000 Uncommon trap: reason=unstable_if action=reinterpret pc=0x00007f12895decf4 method=java.util.HashMap.putVal(ILjava/lang/Object;Ljava/lang/Object;ZZ)Ljava/lang/Object; @ 206

Internal exceptions (6 events):
Event: 0.143 Thread 0x00007f129800a000 Exception <a 'java/lang/NoSuchMethodError': Method sun.misc.Unsafe.defineClass(Ljava/lang/String;[BII)Ljava/lang/Class; name or signature does not match> (0x00000000eab07cc0) thrown at [/HUDSON3/workspace/8-2-build-linux-amd64/jdk8u101/7261/hotspot/src/sh
Event: 0.143 Thread 0x00007f129800a000 Exception <a 'java/lang/NoSuchMethodError': Method sun.misc.Unsafe.prefetchRead(Ljava/lang/Object;J)V name or signature does not match> (0x00000000eab07fa8) thrown at [/HUDSON3/workspace/8-2-build-linux-amd64/jdk8u101/7261/hotspot/src/share/vm/prims/jni.c
Event: 7.199 Thread 0x00007f1298146000 Implicit null exception at 0x00007f128929ca03 to 0x00007f128929eec5
Event: 16.559 Thread 0x00007f1298146000 Exception <a 'java/lang/ArrayIndexOutOfBoundsException': 18> (0x00000000ebcc24f0) thrown at [/HUDSON3/workspace/8-2-build-linux-amd64/jdk8u101/7261/hotspot/src/share/vm/interpreter/interpreterRuntime.cpp, line 366]
Event: 16.569 Thread 0x00007f1298146000 Exception <a 'java/lang/ArrayIndexOutOfBoundsException': 145> (0x00000000ebcc4070) thrown at [/HUDSON3/workspace/8-2-build-linux-amd64/jdk8u101/7261/hotspot/src/share/vm/interpreter/interpreterRuntime.cpp, line 366]
Event: 16.577 Thread 0x00007f1298146000 Exception <a 'java/lang/ArrayIndexOutOfBoundsException': 40> (0x00000000ebcc5358) thrown at [/HUDSON3/workspace/8-2-build-linux-amd64/jdk8u101/7261/hotspot/src/share/vm/interpreter/interpreterRuntime.cpp, line 366]

Events (10 events):
Event: 22.624 Thread 0x00007f1298141000 DEOPT UNPACKING pc=0x00007f1289046f73 sp=0x00007f1282c0c920 mode 0
Event: 22.693 Thread 0x00007f129800a000 DEOPT PACKING pc=0x00007f128931d568 sp=0x00007f12a1989540
Event: 22.693 Thread 0x00007f129800a000 DEOPT UNPACKING pc=0x00007f1289046f73 sp=0x00007f12a19892a8 mode 0
Event: 22.762 Thread 0x00007f1298141000 DEOPT PACKING pc=0x00007f12893446a8 sp=0x00007f1282c0cdc0
Event: 22.762 Thread 0x00007f1298141000 DEOPT UNPACKING pc=0x00007f1289046f73 sp=0x00007f1282c0cb18 mode 0
Event: 22.886 Thread 0x00007f129800a000 DEOPT PACKING pc=0x00007f128956e210 sp=0x00007f12a19893a0
Event: 22.886 Thread 0x00007f129800a000 DEOPT UNPACKING pc=0x00007f1289046f73 sp=0x00007f12a1989180 mode 0
Event: 22.927 Thread 0x00007f1298141000 DEOPT PACKING pc=0x00007f128928658d sp=0x00007f1282c0ce10
Event: 22.927 Thread 0x00007f1298141000 DEOPT UNPACKING pc=0x00007f1289046f73 sp=0x00007f1282c0cba0 mode 0
Event: 23.191 Executing VM operation: ParallelGCFailedAllocation


Dynamic libraries:
00400000-00401000 r-xp 00000000 08:01 3279757                            /usr/lib/jvm/java-8-oracle/bin/java
00600000-00601000 rw-p 00000000 08:01 3279757                            /usr/lib/jvm/java-8-oracle/bin/java
00cb5000-00cd6000 rw-p 00000000 00:00 0                                  [heap]
c0000000-c3e00000 rw-p 00000000 00:00 0 
c3e00000-eab00000 ---p 00000000 00:00 0 
eab00000-f9000000 rw-p 00000000 00:00 0 
f9000000-100000000 ---p 00000000 00:00 0 
100000000-1000c0000 rw-p 00000000 00:00 0 
1000c0000-140000000 ---p 00000000 00:00 0 
7f1248000000-7f124802f000 rw-p 00000000 00:00 0 
7f124802f000-7f124c000000 ---p 00000000 00:00 0 
7f1250000000-7f1250021000 rw-p 00000000 00:00 0 
7f1250021000-7f1254000000 ---p 00000000 00:00 0 
7f1254000000-7f125402a000 rw-p 00000000 00:00 0 
7f125402a000-7f1258000000 ---p 00000000 00:00 0 
7f1258000000-7f1258021000 rw-p 00000000 00:00 0 
7f1258021000-7f125c000000 ---p 00000000 00:00 0 
7f125c000000-7f125c025000 rw-p 00000000 00:00 0 
7f125c025000-7f1260000000 ---p 00000000 00:00 0 
7f1260000000-7f126083d000 rw-p 00000000 00:00 0 
7f126083d000-7f1264000000 ---p 00000000 00:00 0 
7f1264000000-7f1264021000 rw-p 00000000 00:00 0 
7f1264021000-7f1268000000 ---p 00000000 00:00 0 
7f1268000000-7f1268021000 rw-p 00000000 00:00 0 
7f1268021000-7f126c000000 ---p 00000000 00:00 0 
7f126c000000-7f126c7d7000 rw-p 00000000 00:00 0 
7f126c7d7000-7f1270000000 ---p 00000000 00:00 0 
7f1270000000-7f1270021000 rw-p 00000000 00:00 0 
7f1270021000-7f1274000000 ---p 00000000 00:00 0 
7f1274000000-7f1274021000 rw-p 00000000 00:00 0 
7f1274021000-7f1278000000 ---p 00000000 00:00 0 
7f1278000000-7f1278021000 rw-p 00000000 00:00 0 
7f1278021000-7f127c000000 ---p 00000000 00:00 0 
7f127c000000-7f127c021000 rw-p 00000000 00:00 0 
7f127c021000-7f1280000000 ---p 00000000 00:00 0 
7f128270a000-7f128270d000 ---p 00000000 00:00 0 
7f128270d000-7f128280b000 rw-p 00000000 00:00 0                          [stack:12004]
7f128280b000-7f128280e000 ---p 00000000 00:00 0 
7f128280e000-7f128290c000 rw-p 00000000 00:00 0                          [stack:12003]
7f128290c000-7f128290f000 ---p 00000000 00:00 0 
7f128290f000-7f1282a0d000 rw-p 00000000 00:00 0                          [stack:12002]
7f1282a0d000-7f1282a10000 ---p 00000000 00:00 0 
7f1282a10000-7f1282b0e000 rw-p 00000000 00:00 0                          [stack:12001]
7f1282b0e000-7f1282b11000 ---p 00000000 00:00 0 
7f1282b11000-7f1282c0f000 rw-p 00000000 00:00 0                          [stack:12000]
7f1282c0f000-7f1282c10000 ---p 00000000 00:00 0 
7f1282c10000-7f1282d10000 rw-p 00000000 00:00 0                          [stack:11999]
7f1282d10000-7f1282d13000 ---p 00000000 00:00 0 
7f1282d13000-7f1282e11000 rw-p 00000000 00:00 0                          [stack:11998]
7f1282e11000-7f1282e14000 ---p 00000000 00:00 0 
7f1282e14000-7f1282f12000 rw-p 00000000 00:00 0                          [stack:11997]
7f1282f12000-7f1282f15000 ---p 00000000 00:00 0 
7f1282f15000-7f1283013000 rw-p 00000000 00:00 0                          [stack:11996]
7f1283013000-7f1283016000 ---p 00000000 00:00 0 
7f1283016000-7f1283114000 rw-p 00000000 00:00 0                          [stack:11995]
7f1283114000-7f12837f8000 r--p 00000000 08:01 13113697                   /usr/lib/locale/locale-archive
7f12837f8000-7f12837fb000 ---p 00000000 00:00 0 
7f12837fb000-7f12838f9000 rw-p 00000000 00:00 0                          [stack:11994]
7f12838f9000-7f12838fc000 ---p 00000000 00:00 0 
7f12838fc000-7f12839fa000 rw-p 00000000 00:00 0                          [stack:11993]
7f12839fa000-7f12839fb000 ---p 00000000 00:00 0 
7f12839fb000-7f1284000000 rw-p 00000000 00:00 0                          [stack:11992]
7f1284000000-7f1284294000 rw-p 00000000 00:00 0 
7f1284294000-7f1288000000 ---p 00000000 00:00 0 
7f128800d000-7f1288023000 r--s 000f1000 08:01 10629100                   /home/lin/other/AndroidProjects/Radio/app/build/intermediates/exploded-aar/com.android.support/support-v4/23.4.0/jars/classes.jar
7f1288023000-7f1288427000 rw-p 00000000 00:00 0 
7f1288427000-7f1288600000 r--s 03d29000 08:01 13118676                   /usr/lib/jvm/java-8-oracle/jre/lib/rt.jar
7f1288600000-7f1288c80000 rw-p 00000000 00:00 0 
7f1288c80000-7f1288e00000 ---p 00000000 00:00 0 
7f1288e00000-7f1289000000 rw-p 00000000 00:00 0 
7f1289000000-7f1289740000 rwxp 00000000 00:00 0 
7f1289740000-7f1298000000 ---p 00000000 00:00 0 
7f1298000000-7f129838f000 rw-p 00000000 00:00 0 
7f129838f000-7f129c000000 ---p 00000000 00:00 0 
7f129c012000-7f129e0f8000 rw-p 00000000 00:00 0 
7f129e0f8000-7f129e0f9000 ---p 00000000 00:00 0 
7f129e0f9000-7f129e1f9000 rw-p 00000000 00:00 0                          [stack:11991]
7f129e1f9000-7f129e1fa000 ---p 00000000 00:00 0 
7f129e1fa000-7f129e319000 rw-p 00000000 00:00 0                          [stack:11990]
7f129e319000-7f129e450000 ---p 00000000 00:00 0 
7f129e450000-7f129e46f000 rw-p 00000000 00:00 0 
7f129e46f000-7f129e5a5000 ---p 00000000 00:00 0 
7f129e5a5000-7f129e618000 rw-p 00000000 00:00 0 
7f129e618000-7f129e650000 ---p 00000000 00:00 0 
7f129e650000-7f129e66e000 rw-p 00000000 00:00 0 
7f129e66e000-7f129ea11000 ---p 00000000 00:00 0 
7f129ea11000-7f129ea2b000 r-xp 00000000 08:01 13766358                   /usr/lib/jvm/java-8-oracle/jre/lib/amd64/libzip.so
7f129ea2b000-7f129ec2b000 ---p 0001a000 08:01 13766358                   /usr/lib/jvm/java-8-oracle/jre/lib/amd64/libzip.so
7f129ec2b000-7f129ec2c000 rw-p 0001a000 08:01 13766358                   /usr/lib/jvm/java-8-oracle/jre/lib/amd64/libzip.so
7f129ec2c000-7f129ec37000 r-xp 00000000 08:01 2621673                    /lib/x86_64-linux-gnu/libnss_files-2.15.so
7f129ec37000-7f129ee36000 ---p 0000b000 08:01 2621673                    /lib/x86_64-linux-gnu/libnss_files-2.15.so
7f129ee36000-7f129ee37000 r--p 0000a000 08:01 2621673                    /lib/x86_64-linux-gnu/libnss_files-2.15.so
7f129ee37000-7f129ee38000 rw-p 0000b000 08:01 2621673                    /lib/x86_64-linux-gnu/libnss_files-2.15.so
7f129ee38000-7f129ee42000 r-xp 00000000 08:01 2621658                    /lib/x86_64-linux-gnu/libnss_nis-2.15.so
7f129ee42000-7f129f042000 ---p 0000a000 08:01 2621658                    /lib/x86_64-linux-gnu/libnss_nis-2.15.so
7f129f042000-7f129f043000 r--p 0000a000 08:01 2621658                    /lib/x86_64-linux-gnu/libnss_nis-2.15.so
7f129f043000-7f129f044000 rw-p 0000b000 08:01 2621658                    /lib/x86_64-linux-gnu/libnss_nis-2.15.so
7f129f044000-7f129f05b000 r-xp 00000000 08:01 2621667                    /lib/x86_64-linux-gnu/libnsl-2.15.so
7f129f05b000-7f129f25a000 ---p 00017000 08:01 2621667                    /lib/x86_64-linux-gnu/libnsl-2.15.so
7f129f25a000-7f129f25b000 r--p 00016000 08:01 2621667                    /lib/x86_64-linux-gnu/libnsl-2.15.so
7f129f25b000-7f129f25c000 rw-p 00017000 08:01 2621667                    /lib/x86_64-linux-gnu/libnsl-2.15.so
7f129f25c000-7f129f25e000 rw-p 00000000 00:00 0 
7f129f25e000-7f129f266000 r-xp 00000000 08:01 2621672                    /lib/x86_64-linux-gnu/libnss_compat-2.15.so
7f129f266000-7f129f465000 ---p 00008000 08:01 2621672                    /lib/x86_64-linux-gnu/libnss_compat-2.15.so
7f129f465000-7f129f466000 r--p 00007000 08:01 2621672                    /lib/x86_64-linux-gnu/libnss_compat-2.15.so
7f129f466000-7f129f467000 rw-p 00008000 08:01 2621672                    /lib/x86_64-linux-gnu/libnss_compat-2.15.so
7f129f467000-7f129f491000 r-xp 00000000 08:01 13766323                   /usr/lib/jvm/java-8-oracle/jre/lib/amd64/libjava.so
7f129f491000-7f129f691000 ---p 0002a000 08:01 13766323                   /usr/lib/jvm/java-8-oracle/jre/lib/amd64/libjava.so
7f129f691000-7f129f693000 rw-p 0002a000 08:01 13766323                   /usr/lib/jvm/java-8-oracle/jre/lib/amd64/libjava.so
7f129f693000-7f129f6a0000 r-xp 00000000 08:01 13766361                   /usr/lib/jvm/java-8-oracle/jre/lib/amd64/libverify.so
7f129f6a0000-7f129f8a0000 ---p 0000d000 08:01 13766361                   /usr/lib/jvm/java-8-oracle/jre/lib/amd64/libverify.so
7f129f8a0000-7f129f8a2000 rw-p 0000d000 08:01 13766361                   /usr/lib/jvm/java-8-oracle/jre/lib/amd64/libverify.so
7f129f8a2000-7f129f8a9000 r-xp 00000000 08:01 2621660                    /lib/x86_64-linux-gnu/librt-2.15.so
7f129f8a9000-7f129faa8000 ---p 00007000 08:01 2621660                    /lib/x86_64-linux-gnu/librt-2.15.so
7f129faa8000-7f129faa9000 r--p 00006000 08:01 2621660                    /lib/x86_64-linux-gnu/librt-2.15.so
7f129faa9000-7f129faaa000 rw-p 00007000 08:01 2621660                    /lib/x86_64-linux-gnu/librt-2.15.so
7f129faaa000-7f129fba5000 r-xp 00000000 08:01 2621674                    /lib/x86_64-linux-gnu/libm-2.15.so
7f129fba5000-7f129fda4000 ---p 000fb000 08:01 2621674                    /lib/x86_64-linux-gnu/libm-2.15.so
7f129fda4000-7f129fda5000 r--p 000fa000 08:01 2621674                    /lib/x86_64-linux-gnu/libm-2.15.so
7f129fda5000-7f129fda6000 rw-p 000fb000 08:01 2621674                    /lib/x86_64-linux-gnu/libm-2.15.so
7f129fda6000-7f12a0a71000 r-xp 00000000 08:01 13894575                   /usr/lib/jvm/java-8-oracle/jre/lib/amd64/server/libjvm.so
7f12a0a71000-7f12a0c70000 ---p 00ccb000 08:01 13894575                   /usr/lib/jvm/java-8-oracle/jre/lib/amd64/server/libjvm.so
7f12a0c70000-7f12a0d49000 rw-p 00cca000 08:01 13894575                   /usr/lib/jvm/java-8-oracle/jre/lib/amd64/server/libjvm.so
7f12a0d49000-7f12a0d94000 rw-p 00000000 00:00 0 
7f12a0d94000-7f12a0f48000 r-xp 00000000 08:01 2621665                    /lib/x86_64-linux-gnu/libc-2.15.so
7f12a0f48000-7f12a1147000 ---p 001b4000 08:01 2621665                    /lib/x86_64-linux-gnu/libc-2.15.so
7f12a1147000-7f12a114b000 r--p 001b3000 08:01 2621665                    /lib/x86_64-linux-gnu/libc-2.15.so
7f12a114b000-7f12a114d000 rw-p 001b7000 08:01 2621665                    /lib/x86_64-linux-gnu/libc-2.15.so
7f12a114d000-7f12a1152000 rw-p 00000000 00:00 0 
7f12a1152000-7f12a1154000 r-xp 00000000 08:01 2621657                    /lib/x86_64-linux-gnu/libdl-2.15.so
7f12a1154000-7f12a1354000 ---p 00002000 08:01 2621657                    /lib/x86_64-linux-gnu/libdl-2.15.so
7f12a1354000-7f12a1355000 r--p 00002000 08:01 2621657                    /lib/x86_64-linux-gnu/libdl-2.15.so
7f12a1355000-7f12a1356000 rw-p 00003000 08:01 2621657                    /lib/x86_64-linux-gnu/libdl-2.15.so
7f12a1356000-7f12a136b000 r-xp 00000000 08:01 2627921                    /usr/lib/jvm/java-8-oracle/lib/amd64/jli/libjli.so
7f12a136b000-7f12a156b000 ---p 00015000 08:01 2627921                    /usr/lib/jvm/java-8-oracle/lib/amd64/jli/libjli.so
7f12a156b000-7f12a156c000 rw-p 00015000 08:01 2627921                    /usr/lib/jvm/java-8-oracle/lib/amd64/jli/libjli.so
7f12a156c000-7f12a1584000 r-xp 00000000 08:01 2621668                    /lib/x86_64-linux-gnu/libpthread-2.15.so
7f12a1584000-7f12a1783000 ---p 00018000 08:01 2621668                    /lib/x86_64-linux-gnu/libpthread-2.15.so
7f12a1783000-7f12a1784000 r--p 00017000 08:01 2621668                    /lib/x86_64-linux-gnu/libpthread-2.15.so
7f12a1784000-7f12a1785000 rw-p 00018000 08:01 2621668                    /lib/x86_64-linux-gnu/libpthread-2.15.so
7f12a1785000-7f12a1789000 rw-p 00000000 00:00 0 
7f12a1789000-7f12a17ab000 r-xp 00000000 08:01 2621671                    /lib/x86_64-linux-gnu/ld-2.15.so
7f12a17b1000-7f12a188b000 rw-p 00000000 00:00 0 
7f12a188b000-7f12a188e000 ---p 00000000 00:00 0 
7f12a188e000-7f12a1990000 rw-p 00000000 00:00 0                          [stack:11988]
7f12a1990000-7f12a199f000 r--s 000df000 08:01 9309217                    /home/lin/Android/Sdk/build-tools/23.0.3/lib/dx.jar
7f12a199f000-7f12a19a7000 rw-s 00000000 08:01 4850201                    /tmp/hsperfdata_lin/11984
7f12a19a7000-7f12a19a8000 rw-p 00000000 00:00 0 
7f12a19a8000-7f12a19a9000 ---p 00000000 00:00 0 
7f12a19a9000-7f12a19ab000 rw-p 00000000 00:00 0 
7f12a19ab000-7f12a19ac000 r--p 00022000 08:01 2621671                    /lib/x86_64-linux-gnu/ld-2.15.so
7f12a19ac000-7f12a19ae000 rw-p 00023000 08:01 2621671                    /lib/x86_64-linux-gnu/ld-2.15.so
7ffebc1b0000-7ffebc1d1000 rw-p 00000000 00:00 0                          [stack]
7ffebc1dc000-7ffebc1de000 r-xp 00000000 00:00 0                          [vdso]
ffffffffff600000-ffffffffff601000 r-xp 00000000 00:00 0                  [vsyscall]

VM Arguments:
jvm_args: -Djava.awt.headless=true -Xmx1024M -Dfile.encoding=UTF-8 -Duser.country=US -Duser.language=en -Duser.variant 
java_command: com.android.dx.command.Main --dex --num-threads=4 --output /home/lin/other/AndroidProjects/Radio/app/build/intermediates/pre-dexed/debug/com.android.support-support-v4-23.4.0_ac3bdcdce9bb63a2e369af28a6b233d87e981259.jar /home/lin/other/AndroidProjects/Radio/app/build/intermediates/exploded-aar/com.android.support/support-v4/23.4.0/jars/classes.jar
java_class_path (initial): /home/lin/Android/Sdk/build-tools/23.0.3/lib/dx.jar
Launcher Type: SUN_STANDARD

Environment Variables:
PATH=/usr/lib/lightdm/lightdm:/usr/local/sbin:/usr/local/bin:/usr/sbin:/usr/bin:/sbin:/bin:/usr/games
LD_LIBRARY_PATH=/opt/android-studio/bin:
SHELL=/bin/bash
DISPLAY=:0.0

Signal Handlers:
SIGSEGV: [libjvm.so+0xac4790], sa_mask[0]=11111111011111111101111111111110, sa_flags=SA_RESTART|SA_SIGINFO
SIGBUS: [libjvm.so+0xac4790], sa_mask[0]=11111111011111111101111111111110, sa_flags=SA_RESTART|SA_SIGINFO
SIGFPE: [libjvm.so+0x91f140], sa_mask[0]=11111111011111111101111111111110, sa_flags=SA_RESTART|SA_SIGINFO
SIGPIPE: [libjvm.so+0x91f140], sa_mask[0]=11111111011111111101111111111110, sa_flags=SA_RESTART|SA_SIGINFO
SIGXFSZ: [libjvm.so+0x91f140], sa_mask[0]=11111111011111111101111111111110, sa_flags=SA_RESTART|SA_SIGINFO
SIGILL: [libjvm.so+0x91f140], sa_mask[0]=11111111011111111101111111111110, sa_flags=SA_RESTART|SA_SIGINFO
SIGUSR1: SIG_DFL, sa_mask[0]=00000000000000000000000000000000, sa_flags=none
SIGUSR2: [libjvm.so+0x920770], sa_mask[0]=00100000000000000000000000000000, sa_flags=SA_RESTART|SA_SIGINFO
SIGHUP: [libjvm.so+0x921b70], sa_mask[0]=11111111011111111101111111111110, sa_flags=SA_RESTART|SA_SIGINFO
SIGINT: [libjvm.so+0x921b70], sa_mask[0]=11111111011111111101111111111110, sa_flags=SA_RESTART|SA_SIGINFO
SIGTERM: [libjvm.so+0x921b70], sa_mask[0]=11111111011111111101111111111110, sa_flags=SA_RESTART|SA_SIGINFO
SIGQUIT: [libjvm.so+0x921b70], sa_mask[0]=11111111011111111101111111111110, sa_flags=SA_RESTART|SA_SIGINFO


---------------  S Y S T E M  ---------------

OS:DISTRIB_ID=Ubuntu
DISTRIB_RELEASE=12.04
DISTRIB_CODENAME=precise
DISTRIB_DESCRIPTION="Ubuntu 12.04.5 LTS"

uname:Linux 3.13.0-93-generic #140~precise1-Ubuntu SMP Tue Jul 19 19:55:11 UTC 2016 x86_64
libc:glibc 2.15 NPTL 2.15 
rlimit: STACK 8192k, CORE 0k, NPROC 22873, NOFILE 4096, AS infinity
load average:10.41 6.74 6.33

/proc/meminfo:
MemTotal:        2948840 kB
MemFree:          338336 kB
Buffers:           15056 kB
Cached:           432892 kB
SwapCached:        11528 kB
Active:          1981124 kB
Inactive:         467520 kB
Active(anon):    1848200 kB
Inactive(anon):   269992 kB
Active(file):     132924 kB
Inactive(file):   197528 kB
Unevictable:           0 kB
Mlocked:               0 kB
SwapTotal:       3008508 kB
SwapFree:        2886568 kB
Dirty:              8856 kB
Writeback:             0 kB
AnonPages:       1991220 kB
Mapped:           131096 kB
Shmem:            117496 kB
Slab:              77460 kB
SReclaimable:      51108 kB
SUnreclaim:        26352 kB
KernelStack:        4232 kB
PageTables:        29924 kB
NFS_Unstable:          0 kB
Bounce:                0 kB
WritebackTmp:          0 kB
CommitLimit:     4482928 kB
Committed_AS:    4491456 kB
VmallocTotal:   34359738367 kB
VmallocUsed:      346400 kB
VmallocChunk:   34359383644 kB
HardwareCorrupted:     0 kB
AnonHugePages:    792576 kB
HugePages_Total:       0
HugePages_Free:        0
HugePages_Rsvd:        0
HugePages_Surp:        0
Hugepagesize:       2048 kB
DirectMap4k:       65924 kB
DirectMap2M:     2945024 kB


CPU:total 2 (2 cores per cpu, 1 threads per core) family 6 model 15 stepping 13, cmov, cx8, fxsr, mmx, sse, sse2, sse3, ssse3, tsc

/proc/cpuinfo:
processor	: 0
vendor_id	: GenuineIntel
cpu family	: 6
model		: 15
model name	: Genuine Intel(R) CPU           T1600  @ 1.66GHz
stepping	: 13
microcode	: 0xa3
cpu MHz		: 1662.514
cache size	: 1024 KB
physical id	: 0
siblings	: 2
core id		: 0
cpu cores	: 2
apicid		: 0
initial apicid	: 0
fpu		: yes
fpu_exception	: yes
cpuid level	: 10
wp		: yes
flags		: fpu vme de pse tsc msr pae mce cx8 apic sep mtrr pge mca cmov pat pse36 clflush dts acpi mmx fxsr sse sse2 ss ht tm pbe syscall nx lm constant_tsc arch_perfmon pebs bts rep_good nopl aperfmperf pni dtes64 monitor ds_cpl tm2 ssse3 cx16 xtpr pdcm lahf_lm dtherm
bogomips	: 3325.02
clflush size	: 64
cache_alignment	: 64
address sizes	: 36 bits physical, 48 bits virtual
power management:

processor	: 1
vendor_id	: GenuineIntel
cpu family	: 6
model		: 15
model name	: Genuine Intel(R) CPU           T1600  @ 1.66GHz
stepping	: 13
microcode	: 0xa3
cpu MHz		: 1662.514
cache size	: 1024 KB
physical id	: 0
siblings	: 2
core id		: 1
cpu cores	: 2
apicid		: 1
initial apicid	: 1
fpu		: yes
fpu_exception	: yes
cpuid level	: 10
wp		: yes
flags		: fpu vme de pse tsc msr pae mce cx8 apic sep mtrr pge mca cmov pat pse36 clflush dts acpi mmx fxsr sse sse2 ss ht tm pbe syscall nx lm constant_tsc arch_perfmon pebs bts rep_good nopl aperfmperf pni dtes64 monitor ds_cpl tm2 ssse3 cx16 xtpr pdcm lahf_lm dtherm
bogomips	: 3325.02
clflush size	: 64
cache_alignment	: 64
address sizes	: 36 bits physical, 48 bits virtual
power management:



Memory: 4k page, physical 2948840k(338336k free), swap 3008508k(2886568k free)

vm_info: Java HotSpot(TM) 64-Bit Server VM (25.101-b13) for linux-amd64 JRE (1.8.0_101-b13), built on Jun 22 2016 02:59:44 by "java_re" with gcc 4.3.0 20080428 (Red Hat 4.3.0-8)

time: Tue Aug 16 00:15:55 2016
elapsed time: 23 seconds (0d 0h 0m 23s)

