#
# A fatal error has been detected by the Java Runtime Environment:
#
#  SIGSEGV (0xb) at pc=0x00007f961839a9e2, pid=21120, tid=0x00007f9607517700
#
# JRE version: Java(TM) SE Runtime Environment (8.0_101-b13) (build 1.8.0_101-b13)
# Java VM: Java HotSpot(TM) 64-Bit Server VM (25.101-b13 mixed mode linux-amd64 compressed oops)
# Problematic frame:
# j  com.android.dx.rop.code.RegisterSpecList.get(I)Lcom/android/dx/rop/code/RegisterSpec;+5
#
# Failed to write core dump. Core dumps have been disabled. To enable core dumping, try "ulimit -c unlimited" before starting Java again
#
# If you would like to submit a bug report, please visit:
#   http://bugreport.java.com/bugreport/crash.jsp
#

---------------  T H R E A D  ---------------

Current thread (0x00007f9628151800):  JavaThread "pool-1-thread-1" [_thread_in_Java, id=21160, stack(0x00007f9607417000,0x00007f9607518000)]

siginfo: si_signo: 11 (SIGSEGV), si_code: 1 (SEGV_MAPERR), si_addr: 0x000000000801b030

Registers:
RAX=0x0000000100080a58, RBX=0x000000000801b000, RCX=0x0000000000000030, RDX=0x00000000edb6c470
RSP=0x00007f9607515ea0, RBP=0x00007f9607515ee0, RSI=0x00000000ffffffff, RDI=0x0000000000000001
R8 =0x00007f962d6e7360, R9 =0x00000000000052a8, R10=0x00007f962d6d85c0, R11=0x00007f962cb024d0
R12=0x0000000000000000, R13=0x00007f9615550b05, R14=0x00007f9607515ef8, R15=0x00007f9628151800
RIP=0x00007f961839a9e2, EFLAGS=0x0000000000010293, CSGSFS=0x0000000000000033, ERR=0x0000000000000004
  TRAPNO=0x000000000000000e

Top of Stack: (sp=0x00007f9607515ea0)
0x00007f9607515ea0:   00007f9607515ea0 00007f9615550b05
0x00007f9607515eb0:   00007f9607515ef8 00007f96155519c8
0x00007f9607515ec0:   00007f96155f75f8 00007f9615550b28
0x00007f9607515ed0:   0000000000000000 00007f9607515ef0
0x00007f9607515ee0:   00007f9607515f58 00007f961837fd80
0x00007f9607515ef0:   0000000000000000 0000000000000000
0x00007f9607515f00:   00000000ec905ab0 deaddeaf00000000
0x00007f9607515f10:   00000000ec905c78 00007f9607515f18
0x00007f9607515f20:   00007f961557bf5e 00007f9607515f88
0x00007f9607515f30:   00007f961557f400 00007f96155f6318
0x00007f9607515f40:   00007f961557bfd0 00007f9607515ef0
0x00007f9607515f50:   00007f9607515f90 00000000ec905380
0x00007f9607515f60:   00007f961881cd98 deaddeaf00000000
0x00007f9607515f70:   00000000ec905c78 deaddeaf00000002
0x00007f9607515f80:   00000000ec905380 00000000ec905ab0
0x00007f9607515f90:   0000000000000002 00000000ec88bbe8
0x00007f9607515fa0:   00000000ec88d6c8 00000000ec890090
0x00007f9607515fb0:   ec905380ec905948 00007f96187f685c
0x00007f9607515fc0:   00000000ec8917f8 0000000000000000
0x00007f9607515fd0:   00000000c0010928 00000000ec9056d0
0x00007f9607515fe0:   00000000edc55260 00007f96186203bc
0x00007f9607515ff0:   0000000000000000 00007f961881cd98
0x00007f9607516000:   00007f9607516128 00007f961874fd44
0x00007f9607516010:   00000000ec88e850 0000000000000000
0x00007f9607516020:   00000000ffffffff 00000000ec905ac8
0x00007f9607516030:   00000000ec905a68 0000000000000000
0x00007f9607516040:   00007f96075160c0 00007f961837fffd
0x00007f9607516050:   00007f9607516128 00007f9618761e9c
0x00007f9607516060:   0000000000000004 00000000ec905ac8
0x00007f9607516070:   00000000ec905ac8 00000000ec905ab0
0x00007f9607516080:   00007f9607516080 00000000ec905ab0
0x00007f9607516090:   00000000ec905b08 00000000ec88ccc0 

Instructions: (pc=0x00007f961839a9e2)
0x00007f961839a9c2:   89 59 10 bf 01 00 00 00 48 89 79 18 48 83 c1 30
0x00007f961839a9d2:   48 89 4d e0 48 3b d8 0f 84 5b 00 00 00 8b 48 0c
0x00007f961839a9e2:   48 3b 04 0b 0f 84 4e 00 00 00 83 f9 18 0f 85 22
0x00007f961839a9f2:   00 00 00 50 48 8b c0 57 48 8b 7b 20 8b 0f 48 83 

Register to memory mapping:

RAX=0x0000000100080a58 is pointing into metadata
RBX=0x000000000801b000 is an unknown value
RCX=0x0000000000000030 is an unknown value
RDX=0x00000000edb6c470 is an oop

[error occurred during error reporting (printing register info), id 0xb]

Stack: [0x00007f9607417000,0x00007f9607518000],  sp=0x00007f9607515ea0,  free space=1019k
Native frames: (J=compiled Java code, j=interpreted, Vv=VM code, C=native code)
j  com.android.dx.rop.code.RegisterSpecList.get(I)Lcom/android/dx/rop/code/RegisterSpec;+5
j  com.android.dx.ssa.RegisterMapper.map(Lcom/android/dx/rop/code/RegisterSpecList;)Lcom/android/dx/rop/code/RegisterSpecList;+30
J 1895 C2 com.android.dx.ssa.NormalSsaInsn.mapSourceRegisters(Lcom/android/dx/ssa/RegisterMapper;)V (48 bytes) @ 0x00007f961881cd98 [0x00007f961881cd40+0x58]
J 1620 C1 com.android.dx.ssa.SsaMethod.mapRegisters(Lcom/android/dx/ssa/RegisterMapper;)V (87 bytes) @ 0x00007f961874fd44 [0x00007f961874f140+0xc04]
j  com.android.dx.ssa.back.SsaToRop.moveParametersToHighRegisters()V+84
j  com.android.dx.ssa.back.SsaToRop.convert()Lcom/android/dx/rop/code/RopMethod;+52
j  com.android.dx.ssa.back.SsaToRop.convertToRopMethod(Lcom/android/dx/ssa/SsaMethod;Z)Lcom/android/dx/rop/code/RopMethod;+9
j  com.android.dx.ssa.Optimizer.optimize(Lcom/android/dx/rop/code/RopMethod;IZZLcom/android/dx/rop/code/TranslationAdvice;Ljava/util/EnumSet;)Lcom/android/dx/rop/code/RopMethod;+30
j  com.android.dx.ssa.Optimizer.optimize(Lcom/android/dx/rop/code/RopMethod;IZZLcom/android/dx/rop/code/TranslationAdvice;)Lcom/android/dx/rop/code/RopMethod;+12
j  com.android.dx.dex.cf.CfTranslator.processMethods(Lcom/android/dx/cf/direct/DirectClassFile;Lcom/android/dx/dex/cf/CfOptions;Lcom/android/dx/dex/DexOptions;Lcom/android/dx/dex/file/ClassDefItem;Lcom/android/dx/dex/file/DexFile;)V+265
j  com.android.dx.dex.cf.CfTranslator.translate0(Lcom/android/dx/cf/direct/DirectClassFile;[BLcom/android/dx/dex/cf/CfOptions;Lcom/android/dx/dex/DexOptions;Lcom/android/dx/dex/file/DexFile;)Lcom/android/dx/dex/file/ClassDefItem;+120
j  com.android.dx.dex.cf.CfTranslator.translate(Lcom/android/dx/cf/direct/DirectClassFile;[BLcom/android/dx/dex/cf/CfOptions;Lcom/android/dx/dex/DexOptions;Lcom/android/dx/dex/file/DexFile;)Lcom/android/dx/dex/file/ClassDefItem;+6
j  com.android.dx.command.dexer.Main.translateClass([BLcom/android/dx/cf/direct/DirectClassFile;)Lcom/android/dx/dex/file/ClassDefItem;+17
j  com.android.dx.command.dexer.Main.access$2700([BLcom/android/dx/cf/direct/DirectClassFile;)Lcom/android/dx/dex/file/ClassDefItem;+2
j  com.android.dx.command.dexer.Main$ClassTranslatorTask.call()Lcom/android/dx/dex/file/ClassDefItem;+8
j  com.android.dx.command.dexer.Main$ClassTranslatorTask.call()Ljava/lang/Object;+1
j  java.util.concurrent.FutureTask.run()V+42
j  java.util.concurrent.ThreadPoolExecutor.runWorker(Ljava/util/concurrent/ThreadPoolExecutor$Worker;)V+95
j  java.util.concurrent.ThreadPoolExecutor$Worker.run()V+5
j  java.lang.Thread.run()V+11
v  ~StubRoutines::call_stub
V  [libjvm.so+0x68f6b6]  JavaCalls::call_helper(JavaValue*, methodHandle*, JavaCallArguments*, Thread*)+0x1056
V  [libjvm.so+0x68fbc1]  JavaCalls::call_virtual(JavaValue*, KlassHandle, Symbol*, Symbol*, JavaCallArguments*, Thread*)+0x321
V  [libjvm.so+0x690067]  JavaCalls::call_virtual(JavaValue*, Handle, KlassHandle, Symbol*, Symbol*, Thread*)+0x47
V  [libjvm.so+0x726fc0]  thread_entry(JavaThread*, Thread*)+0xa0
V  [libjvm.so+0xa7343f]  JavaThread::thread_main_inner()+0xdf
V  [libjvm.so+0xa7356c]  JavaThread::run()+0x11c
V  [libjvm.so+0x924698]  java_start(Thread*)+0x108
C  [libpthread.so.0+0x7e9a]  start_thread+0xda


---------------  P R O C E S S  ---------------

Java Threads: ( => current thread )
  0x00007f9628163000 JavaThread "pool-1-thread-4" [_thread_in_Java, id=21164, stack(0x00007f9607013000,0x00007f9607114000)]
  0x00007f9628161800 JavaThread "pool-1-thread-3" [_thread_in_Java, id=21163, stack(0x00007f9607114000,0x00007f9607215000)]
  0x00007f9628160800 JavaThread "pool-1-thread-2" [_thread_in_Java, id=21162, stack(0x00007f9607215000,0x00007f9607316000)]
  0x00007f9628153800 JavaThread "pool-2-thread-1" [_thread_blocked, id=21161, stack(0x00007f9607316000,0x00007f9607417000)]
=>0x00007f9628151800 JavaThread "pool-1-thread-1" [_thread_in_Java, id=21160, stack(0x00007f9607417000,0x00007f9607518000)]
  0x00007f96280c4000 JavaThread "Service Thread" daemon [_thread_blocked, id=21147, stack(0x00007f9607619000,0x00007f960771a000)]
  0x00007f96280b7800 JavaThread "C1 CompilerThread1" daemon [_thread_in_native, id=21146, stack(0x00007f960771a000,0x00007f960781b000)]
  0x00007f96280b4800 JavaThread "C2 CompilerThread0" daemon [_thread_in_vm, id=21145, stack(0x00007f960781b000,0x00007f960791c000)]
  0x00007f96280b3000 JavaThread "Signal Dispatcher" daemon [_thread_blocked, id=21144, stack(0x00007f9614093000,0x00007f9614194000)]
  0x00007f9628080000 JavaThread "Finalizer" daemon [_thread_blocked, id=21141, stack(0x00007f9614194000,0x00007f9614295000)]
  0x00007f962807b800 JavaThread "Reference Handler" daemon [_thread_blocked, id=21139, stack(0x00007f9614295000,0x00007f9614396000)]
  0x00007f962800a000 JavaThread "main" [_thread_in_Java, id=21125, stack(0x00007f962e1f5000,0x00007f962e2f6000)]

Other Threads:
  0x00007f9628073800 VMThread [stack: 0x00007f9614396000,0x00007f9614497000] [id=21138]
  0x00007f96280c7000 WatcherThread [stack: 0x00007f9607518000,0x00007f9607619000] [id=21149]

VM state:not at safepoint (normal execution)

VM Mutex/Monitor currently owned by a thread: None

Heap:
 PSYoungGen      total 56320K, used 40101K [0x00000000eab00000, 0x00000000f2000000, 0x0000000100000000)
  eden space 48640K, 66% used [0x00000000eab00000,0x00000000ecaae348,0x00000000eda80000)
  from space 7680K, 99% used [0x00000000eda80000,0x00000000ee1fb338,0x00000000ee200000)
  to   space 11264K, 0% used [0x00000000f1500000,0x00000000f1500000,0x00000000f2000000)
 ParOldGen       total 31744K, used 15071K [0x00000000c0000000, 0x00000000c1f00000, 0x00000000eab00000)
  object space 31744K, 47% used [0x00000000c0000000,0x00000000c0eb7d50,0x00000000c1f00000)
 Metaspace       used 5936K, capacity 6896K, committed 7040K, reserved 1056768K
  class space    used 595K, capacity 616K, committed 640K, reserved 1048576K

Card table byte_map: [0x00007f9617db7000,0x00007f9617fb8000] byte_map_base: 0x00007f96177b7000

Marking Bits: (ParMarkBitMap*) 0x00007f962d6d1120
 Begin Bits: [0x00007f9615a5f000, 0x00007f9616a5f000)
 End Bits:   [0x00007f9616a5f000, 0x00007f9617a5f000)

Polling page: 0x00007f962e312000

CodeCache: size=245760Kb used=4836Kb max_used=4836Kb free=240923Kb
 bounds [0x00007f9618378000, 0x00007f9618838000, 0x00007f9627378000]
 total_blobs=1425 nmethods=1158 adapters=182
 compilation: enabled

Compilation events (10 events):
Event: 15.278 Thread 0x00007f96280b4800 nmethod 1932 0x00007f96187f18d0 code [0x00007f96187f1a20, 0x00007f96187f1af8]
Event: 15.278 Thread 0x00007f96280b4800 1882       4       com.android.dx.util.FixedSizeList::equals (41 bytes)
Event: 15.289 Thread 0x00007f96280b7800 nmethod 2019% 0x00007f9618823090 code [0x00007f9618823440, 0x00007f9618825978]
Event: 15.290 Thread 0x00007f96280b7800 2026 % !   3       com.android.dx.rop.type.Type::intern @ 142 (319 bytes)
Event: 15.364 Thread 0x00007f96280b7800 nmethod 2026% 0x00007f9618826c50 code [0x00007f96188270e0, 0x00007f9618829be8]
Event: 15.364 Thread 0x00007f96280b7800 1989       3       com.android.dx.ssa.DeadCodeRemover::run (194 bytes)
Event: 15.372 Thread 0x00007f96280b7800 nmethod 1989 0x00007f961882b350 code [0x00007f961882b6e0, 0x00007f961882d488]
Event: 15.372 Thread 0x00007f96280b7800 2033       3       com.android.dx.ssa.PhiInsn::getSources (95 bytes)
Event: 15.378 Thread 0x00007f96280b7800 nmethod 2033 0x00007f961881ac50 code [0x00007f961881aec0, 0x00007f961881bed8]
Event: 15.378 Thread 0x00007f96280b7800 2025 %     3       com.android.dx.ssa.back.SsaToRop::removePhiFunctions @ 13 (83 bytes)

GC Heap History (10 events):
Event: 5.793 GC heap before
{Heap before GC invocations=3 (full 0):
 PSYoungGen      total 13824K, used 13815K [0x00000000eab00000, 0x00000000eba00000, 0x0000000100000000)
  eden space 12288K, 100% used [0x00000000eab00000,0x00000000eb700000,0x00000000eb700000)
  from space 1536K, 99% used [0x00000000eb880000,0x00000000eb9fdc60,0x00000000eba00000)
  to   space 1536K, 0% used [0x00000000eb700000,0x00000000eb700000,0x00000000eb880000)
 ParOldGen       total 31744K, used 1953K [0x00000000c0000000, 0x00000000c1f00000, 0x00000000eab00000)
  object space 31744K, 6% used [0x00000000c0000000,0x00000000c01e8420,0x00000000c1f00000)
 Metaspace       used 5676K, capacity 6640K, committed 6784K, reserved 1056768K
  class space    used 592K, capacity 616K, committed 640K, reserved 1048576K
Event: 5.877 GC heap after
Heap after GC invocations=3 (full 0):
 PSYoungGen      total 13824K, used 1520K [0x00000000eab00000, 0x00000000ec600000, 0x0000000100000000)
  eden space 12288K, 0% used [0x00000000eab00000,0x00000000eab00000,0x00000000eb700000)
  from space 1536K, 98% used [0x00000000eb700000,0x00000000eb87c0a8,0x00000000eb880000)
  to   space 1536K, 0% used [0x00000000ec480000,0x00000000ec480000,0x00000000ec600000)
 ParOldGen       total 31744K, used 4580K [0x00000000c0000000, 0x00000000c1f00000, 0x00000000eab00000)
  object space 31744K, 14% used [0x00000000c0000000,0x00000000c0479270,0x00000000c1f00000)
 Metaspace       used 5676K, capacity 6640K, committed 6784K, reserved 1056768K
  class space    used 592K, capacity 616K, committed 640K, reserved 1048576K
}
Event: 7.560 GC heap before
{Heap before GC invocations=4 (full 0):
 PSYoungGen      total 13824K, used 13808K [0x00000000eab00000, 0x00000000ec600000, 0x0000000100000000)
  eden space 12288K, 100% used [0x00000000eab00000,0x00000000eb700000,0x00000000eb700000)
  from space 1536K, 98% used [0x00000000eb700000,0x00000000eb87c0a8,0x00000000eb880000)
  to   space 1536K, 0% used [0x00000000ec480000,0x00000000ec480000,0x00000000ec600000)
 ParOldGen       total 31744K, used 4580K [0x00000000c0000000, 0x00000000c1f00000, 0x00000000eab00000)
  object space 31744K, 14% used [0x00000000c0000000,0x00000000c0479270,0x00000000c1f00000)
 Metaspace       used 5722K, capacity 6704K, committed 6784K, reserved 1056768K
  class space    used 593K, capacity 616K, committed 640K, reserved 1048576K
Event: 7.670 GC heap after
Heap after GC invocations=4 (full 0):
 PSYoungGen      total 26112K, used 1516K [0x00000000eab00000, 0x00000000ec600000, 0x0000000100000000)
  eden space 24576K, 0% used [0x00000000eab00000,0x00000000eab00000,0x00000000ec300000)
  from space 1536K, 98% used [0x00000000ec480000,0x00000000ec5fb338,0x00000000ec600000)
  to   space 1536K, 0% used [0x00000000ec300000,0x00000000ec300000,0x00000000ec480000)
 ParOldGen       total 31744K, used 7036K [0x00000000c0000000, 0x00000000c1f00000, 0x00000000eab00000)
  object space 31744K, 22% used [0x00000000c0000000,0x00000000c06df2b8,0x00000000c1f00000)
 Metaspace       used 5722K, capacity 6704K, committed 6784K, reserved 1056768K
  class space    used 593K, capacity 616K, committed 640K, reserved 1048576K
}
Event: 9.751 GC heap before
{Heap before GC invocations=5 (full 0):
 PSYoungGen      total 26112K, used 26092K [0x00000000eab00000, 0x00000000ec600000, 0x0000000100000000)
  eden space 24576K, 100% used [0x00000000eab00000,0x00000000ec300000,0x00000000ec300000)
  from space 1536K, 98% used [0x00000000ec480000,0x00000000ec5fb338,0x00000000ec600000)
  to   space 1536K, 0% used [0x00000000ec300000,0x00000000ec300000,0x00000000ec480000)
 ParOldGen       total 31744K, used 7036K [0x00000000c0000000, 0x00000000c1f00000, 0x00000000eab00000)
  object space 31744K, 22% used [0x00000000c0000000,0x00000000c06df2b8,0x00000000c1f00000)
 Metaspace       used 5768K, capacity 6768K, committed 7040K, reserved 1056768K
  class space    used 594K, capacity 616K, committed 640K, reserved 1048576K
Event: 9.883 GC heap after
Heap after GC invocations=5 (full 0):
 PSYoungGen      total 26112K, used 1516K [0x00000000eab00000, 0x00000000ee900000, 0x0000000100000000)
  eden space 24576K, 0% used [0x00000000eab00000,0x00000000eab00000,0x00000000ec300000)
  from space 1536K, 98% used [0x00000000ec300000,0x00000000ec47b338,0x00000000ec480000)
  to   space 7168K, 0% used [0x00000000ee200000,0x00000000ee200000,0x00000000ee900000)
 ParOldGen       total 31744K, used 10783K [0x00000000c0000000, 0x00000000c1f00000, 0x00000000eab00000)
  object space 31744K, 33% used [0x00000000c0000000,0x00000000c0a87e68,0x00000000c1f00000)
 Metaspace       used 5768K, capacity 6768K, committed 7040K, reserved 1056768K
  class space    used 594K, capacity 616K, committed 640K, reserved 1048576K
}
Event: 11.264 GC heap before
{Heap before GC invocations=6 (full 0):
 PSYoungGen      total 26112K, used 26092K [0x00000000eab00000, 0x00000000ee900000, 0x0000000100000000)
  eden space 24576K, 100% used [0x00000000eab00000,0x00000000ec300000,0x00000000ec300000)
  from space 1536K, 98% used [0x00000000ec300000,0x00000000ec47b338,0x00000000ec480000)
  to   space 7168K, 0% used [0x00000000ee200000,0x00000000ee200000,0x00000000ee900000)
 ParOldGen       total 31744K, used 10783K [0x00000000c0000000, 0x00000000c1f00000, 0x00000000eab00000)
  object space 31744K, 33% used [0x00000000c0000000,0x00000000c0a87e68,0x00000000c1f00000)
 Metaspace       used 5800K, capacity 6768K, committed 7040K, reserved 1056768K
  class space    used 594K, capacity 616K, committed 640K, reserved 1048576K
Event: 11.475 GC heap after
Heap after GC invocations=6 (full 0):
 PSYoungGen      total 55808K, used 6145K [0x00000000eab00000, 0x00000000eea00000, 0x0000000100000000)
  eden space 48640K, 0% used [0x00000000eab00000,0x00000000eab00000,0x00000000eda80000)
  from space 7168K, 85% used [0x00000000ee200000,0x00000000ee8005c0,0x00000000ee900000)
  to   space 7680K, 0% used [0x00000000eda80000,0x00000000eda80000,0x00000000ee200000)
 ParOldGen       total 31744K, used 10783K [0x00000000c0000000, 0x00000000c1f00000, 0x00000000eab00000)
  object space 31744K, 33% used [0x00000000c0000000,0x00000000c0a87e68,0x00000000c1f00000)
 Metaspace       used 5800K, capacity 6768K, committed 7040K, reserved 1056768K
  class space    used 594K, capacity 616K, committed 640K, reserved 1048576K
}
Event: 14.020 GC heap before
{Heap before GC invocations=7 (full 0):
 PSYoungGen      total 55808K, used 54785K [0x00000000eab00000, 0x00000000eea00000, 0x0000000100000000)
  eden space 48640K, 100% used [0x00000000eab00000,0x00000000eda80000,0x00000000eda80000)
  from space 7168K, 85% used [0x00000000ee200000,0x00000000ee8005c0,0x00000000ee900000)
  to   space 7680K, 0% used [0x00000000eda80000,0x00000000eda80000,0x00000000ee200000)
 ParOldGen       total 31744K, used 10783K [0x00000000c0000000, 0x00000000c1f00000, 0x00000000eab00000)
  object space 31744K, 33% used [0x00000000c0000000,0x00000000c0a87e68,0x00000000c1f00000)
 Metaspace       used 5913K, capacity 6896K, committed 7040K, reserved 1056768K
  class space    used 595K, capacity 616K, committed 640K, reserved 1048576K
Event: 14.292 GC heap after
Heap after GC invocations=7 (full 0):
 PSYoungGen      total 56320K, used 7660K [0x00000000eab00000, 0x00000000f2000000, 0x0000000100000000)
  eden space 48640K, 0% used [0x00000000eab00000,0x00000000eab00000,0x00000000eda80000)
  from space 7680K, 99% used [0x00000000eda80000,0x00000000ee1fb338,0x00000000ee200000)
  to   space 11264K, 0% used [0x00000000f1500000,0x00000000f1500000,0x00000000f2000000)
 ParOldGen       total 31744K, used 15071K [0x00000000c0000000, 0x00000000c1f00000, 0x00000000eab00000)
  object space 31744K, 47% used [0x00000000c0000000,0x00000000c0eb7d50,0x00000000c1f00000)
 Metaspace       used 5913K, capacity 6896K, committed 7040K, reserved 1056768K
  class space    used 595K, capacity 616K, committed 640K, reserved 1048576K
}

Deoptimization events (10 events):
Event: 6.733 Thread 0x00007f962800a000 Uncommon trap: reason=null_check action=make_not_entrant pc=0x00007f96185be980 method=com.android.dx.ssa.SsaRenamer.getLocalForNewReg(I)Lcom/android/dx/rop/code/LocalItem; @ 19
Event: 7.901 Thread 0x00007f962800a000 Uncommon trap: reason=unstable_if action=reinterpret pc=0x00007f961861e42c method=com.android.dx.rop.code.RegisterSpec.equals(ILcom/android/dx/rop/type/TypeBearer;Lcom/android/dx/rop/code/LocalItem;)Z @ 42
Event: 8.620 Thread 0x00007f962800a000 Uncommon trap: reason=bimorphic action=maybe_recompile pc=0x00007f96185716b4 method=java.util.HashMap.getNode(ILjava/lang/Object;)Ljava/util/HashMap$Node; @ 126
Event: 8.621 Thread 0x00007f962800a000 Uncommon trap: reason=bimorphic action=maybe_recompile pc=0x00007f96185716b4 method=java.util.HashMap.getNode(ILjava/lang/Object;)Ljava/util/HashMap$Node; @ 126
Event: 8.621 Thread 0x00007f962800a000 Uncommon trap: reason=bimorphic action=maybe_recompile pc=0x00007f96185716b4 method=java.util.HashMap.getNode(ILjava/lang/Object;)Ljava/util/HashMap$Node; @ 126
Event: 8.621 Thread 0x00007f962800a000 Uncommon trap: reason=bimorphic action=maybe_recompile pc=0x00007f96185716b4 method=java.util.HashMap.getNode(ILjava/lang/Object;)Ljava/util/HashMap$Node; @ 126
Event: 8.621 Thread 0x00007f962800a000 Uncommon trap: reason=unstable_if action=reinterpret pc=0x00007f96185db55c method=com.android.dx.rop.cst.Constant.compareTo(Lcom/android/dx/rop/cst/Constant;)I @ 12
Event: 8.621 Thread 0x00007f962800a000 Uncommon trap: reason=bimorphic action=maybe_recompile pc=0x00007f96185ccde4 method=java.util.HashMap.getNode(ILjava/lang/Object;)Ljava/util/HashMap$Node; @ 126
Event: 13.208 Thread 0x00007f962800a000 Uncommon trap: reason=null_check action=maybe_recompile pc=0x00007f961855a1b0 method=com.android.dx.util.IntList.get(I)I @ 23
Event: 15.393 Thread 0x00007f9628151800 Uncommon trap: reason=class_check action=maybe_recompile pc=0x00007f96187eff80 method=com.android.dx.rop.code.RegisterSpecList.get(I)Lcom/android/dx/rop/code/RegisterSpec; @ 5

Internal exceptions (4 events):
Event: 0.276 Thread 0x00007f962800a000 Exception <a 'java/lang/NoSuchMethodError': Method sun.misc.Unsafe.defineClass(Ljava/lang/String;[BII)Ljava/lang/Class; name or signature does not match> (0x00000000eab07cc0) thrown at [/HUDSON3/workspace/8-2-build-linux-amd64/jdk8u101/7261/hotspot/src/sh
Event: 0.276 Thread 0x00007f962800a000 Exception <a 'java/lang/NoSuchMethodError': Method sun.misc.Unsafe.prefetchRead(Ljava/lang/Object;J)V name or signature does not match> (0x00000000eab07fa8) thrown at [/HUDSON3/workspace/8-2-build-linux-amd64/jdk8u101/7261/hotspot/src/share/vm/prims/jni.c
Event: 6.733 Thread 0x00007f962800a000 Implicit null exception at 0x00007f96185bd4de to 0x00007f96185be95d
Event: 13.208 Thread 0x00007f962800a000 Implicit null exception at 0x00007f961855a158 to 0x00007f961855a1a1

Events (10 events):
Event: 14.498 Thread 0x00007f9628163000 DEOPT UNPACKING pc=0x00007f96183bef73 sp=0x00007f9607111c50 mode 0
Event: 14.872 Thread 0x00007f9628163000 DEOPT PACKING pc=0x00007f961857abb9 sp=0x00007f9607111ec0
Event: 14.872 Thread 0x00007f9628163000 DEOPT UNPACKING pc=0x00007f96183bef73 sp=0x00007f9607111c10 mode 0
Event: 14.965 Thread 0x00007f9628163000 DEOPT PACKING pc=0x00007f9618771c59 sp=0x00007f9607111b10
Event: 14.965 Thread 0x00007f9628163000 DEOPT UNPACKING pc=0x00007f96183bef73 sp=0x00007f9607111978 mode 0
Event: 15.221 Thread 0x00007f9628160800 DEOPT PACKING pc=0x00007f961857abb9 sp=0x00007f9607314000
Event: 15.221 Thread 0x00007f9628160800 DEOPT UNPACKING pc=0x00007f96183bef73 sp=0x00007f9607313d50 mode 0
Event: 15.393 Thread 0x00007f9628151800 Uncommon trap: trap_request=0xffffffde fr.pc=0x00007f96187eff80
Event: 15.393 Thread 0x00007f9628151800 DEOPT PACKING pc=0x00007f96187eff80 sp=0x00007f9607515f20
Event: 15.393 Thread 0x00007f9628151800 DEOPT UNPACKING pc=0x00007f961837cf69 sp=0x00007f9607515e88 mode 2


Dynamic libraries:
00400000-00401000 r-xp 00000000 08:01 3279757                            /usr/lib/jvm/java-8-oracle/bin/java
00600000-00601000 rw-p 00000000 08:01 3279757                            /usr/lib/jvm/java-8-oracle/bin/java
011ef000-01232000 rw-p 00000000 00:00 0                                  [heap]
c0000000-c1f00000 rw-p 00000000 00:00 0 
c1f00000-eab00000 ---p 00000000 00:00 0 
eab00000-f2000000 rw-p 00000000 00:00 0 
f2000000-100000000 ---p 00000000 00:00 0 
100000000-1000a0000 rw-p 00000000 00:00 0 
1000a0000-140000000 ---p 00000000 00:00 0 
7f95d4000000-7f95d4021000 rw-p 00000000 00:00 0 
7f95d4021000-7f95d8000000 ---p 00000000 00:00 0 
7f95dc000000-7f95dc021000 rw-p 00000000 00:00 0 
7f95dc021000-7f95e0000000 ---p 00000000 00:00 0 
7f95e0000000-7f95e0021000 rw-p 00000000 00:00 0 
7f95e0021000-7f95e4000000 ---p 00000000 00:00 0 
7f95e4000000-7f95e4021000 rw-p 00000000 00:00 0 
7f95e4021000-7f95e8000000 ---p 00000000 00:00 0 
7f95e8000000-7f95e82c0000 rw-p 00000000 00:00 0 
7f95e82c0000-7f95ec000000 ---p 00000000 00:00 0 
7f95ec000000-7f95ec5bb000 rw-p 00000000 00:00 0 
7f95ec5bb000-7f95f0000000 ---p 00000000 00:00 0 
7f95f0000000-7f95f0021000 rw-p 00000000 00:00 0 
7f95f0021000-7f95f4000000 ---p 00000000 00:00 0 
7f95f4000000-7f95f4021000 rw-p 00000000 00:00 0 
7f95f4021000-7f95f8000000 ---p 00000000 00:00 0 
7f95f8000000-7f95f84a3000 rw-p 00000000 00:00 0 
7f95f84a3000-7f95fc000000 ---p 00000000 00:00 0 
7f95fc000000-7f95fc021000 rw-p 00000000 00:00 0 
7f95fc021000-7f9600000000 ---p 00000000 00:00 0 
7f9600000000-7f9600021000 rw-p 00000000 00:00 0 
7f9600021000-7f9604000000 ---p 00000000 00:00 0 
7f9607013000-7f9607016000 ---p 00000000 00:00 0 
7f9607016000-7f9607114000 rw-p 00000000 00:00 0                          [stack:21164]
7f9607114000-7f9607117000 ---p 00000000 00:00 0 
7f9607117000-7f9607215000 rw-p 00000000 00:00 0                          [stack:21163]
7f9607215000-7f9607218000 ---p 00000000 00:00 0 
7f9607218000-7f9607316000 rw-p 00000000 00:00 0                          [stack:21162]
7f9607316000-7f9607319000 ---p 00000000 00:00 0 
7f9607319000-7f9607417000 rw-p 00000000 00:00 0                          [stack:21161]
7f9607417000-7f960741a000 ---p 00000000 00:00 0 
7f960741a000-7f9607518000 rw-p 00000000 00:00 0                          [stack:21160]
7f9607518000-7f9607519000 ---p 00000000 00:00 0 
7f9607519000-7f9607619000 rw-p 00000000 00:00 0                          [stack:21149]
7f9607619000-7f960761c000 ---p 00000000 00:00 0 
7f960761c000-7f960771a000 rw-p 00000000 00:00 0                          [stack:21147]
7f960771a000-7f960771d000 ---p 00000000 00:00 0 
7f960771d000-7f960781b000 rw-p 00000000 00:00 0                          [stack:21146]
7f960781b000-7f960781e000 ---p 00000000 00:00 0 
7f960781e000-7f960791c000 rw-p 00000000 00:00 0                          [stack:21145]
7f960791c000-7f9608000000 r--p 00000000 08:01 13113697                   /usr/lib/locale/locale-archive
7f9608000000-7f9608021000 rw-p 00000000 00:00 0 
7f9608021000-7f960c000000 ---p 00000000 00:00 0 
7f960c000000-7f960c021000 rw-p 00000000 00:00 0 
7f960c021000-7f9610000000 ---p 00000000 00:00 0 
7f9610000000-7f9610021000 rw-p 00000000 00:00 0 
7f9610021000-7f9614000000 ---p 00000000 00:00 0 
7f961407d000-7f9614093000 r--s 000f1000 08:01 10362130                   /home/lin/other/AndroidProjects/Radio/app/build/intermediates/exploded-aar/com.android.support/support-v4/23.4.0/jars/classes.jar
7f9614093000-7f9614096000 ---p 00000000 00:00 0 
7f9614096000-7f9614194000 rw-p 00000000 00:00 0                          [stack:21144]
7f9614194000-7f9614197000 ---p 00000000 00:00 0 
7f9614197000-7f9614295000 rw-p 00000000 00:00 0                          [stack:21141]
7f9614295000-7f9614298000 ---p 00000000 00:00 0 
7f9614298000-7f9614396000 rw-p 00000000 00:00 0                          [stack:21139]
7f9614396000-7f9614397000 ---p 00000000 00:00 0 
7f9614397000-7f9614e10000 rw-p 00000000 00:00 0                          [stack:21138]
7f9614e10000-7f9614fe9000 r--s 03d29000 08:01 13118676                   /usr/lib/jvm/java-8-oracle/jre/lib/rt.jar
7f9614fe9000-7f961569f000 rw-p 00000000 00:00 0 
7f961569f000-7f961585f000 ---p 00000000 00:00 0 
7f961585f000-7f9617a5f000 rw-p 00000000 00:00 0 
7f9617a5f000-7f9617a60000 ---p 00000000 00:00 0 
7f9617a60000-7f9617b60000 rw-p 00000000 00:00 0                          [stack:21130]
7f9617b60000-7f9617b61000 ---p 00000000 00:00 0 
7f9617b61000-7f9617c71000 rw-p 00000000 00:00 0                          [stack:21129]
7f9617c71000-7f9617db7000 ---p 00000000 00:00 0 
7f9617db7000-7f9617dc7000 rw-p 00000000 00:00 0 
7f9617dc7000-7f9617f0c000 ---p 00000000 00:00 0 
7f9617f0c000-7f9617f47000 rw-p 00000000 00:00 0 
7f9617f47000-7f9617fb7000 ---p 00000000 00:00 0 
7f9617fb7000-7f9617fcb000 rw-p 00000000 00:00 0 
7f9617fcb000-7f9618378000 ---p 00000000 00:00 0 
7f9618378000-7f9618838000 rwxp 00000000 00:00 0 
7f9618838000-7f9627378000 ---p 00000000 00:00 0 
7f9627378000-7f9627392000 r-xp 00000000 08:01 13766358                   /usr/lib/jvm/java-8-oracle/jre/lib/amd64/libzip.so
7f9627392000-7f9627592000 ---p 0001a000 08:01 13766358                   /usr/lib/jvm/java-8-oracle/jre/lib/amd64/libzip.so
7f9627592000-7f9627593000 rw-p 0001a000 08:01 13766358                   /usr/lib/jvm/java-8-oracle/jre/lib/amd64/libzip.so
7f9627593000-7f962759e000 r-xp 00000000 08:01 2621673                    /lib/x86_64-linux-gnu/libnss_files-2.15.so
7f962759e000-7f962779d000 ---p 0000b000 08:01 2621673                    /lib/x86_64-linux-gnu/libnss_files-2.15.so
7f962779d000-7f962779e000 r--p 0000a000 08:01 2621673                    /lib/x86_64-linux-gnu/libnss_files-2.15.so
7f962779e000-7f962779f000 rw-p 0000b000 08:01 2621673                    /lib/x86_64-linux-gnu/libnss_files-2.15.so
7f962779f000-7f96277a9000 r-xp 00000000 08:01 2621658                    /lib/x86_64-linux-gnu/libnss_nis-2.15.so
7f96277a9000-7f96279a9000 ---p 0000a000 08:01 2621658                    /lib/x86_64-linux-gnu/libnss_nis-2.15.so
7f96279a9000-7f96279aa000 r--p 0000a000 08:01 2621658                    /lib/x86_64-linux-gnu/libnss_nis-2.15.so
7f96279aa000-7f96279ab000 rw-p 0000b000 08:01 2621658                    /lib/x86_64-linux-gnu/libnss_nis-2.15.so
7f96279ab000-7f96279c2000 r-xp 00000000 08:01 2621667                    /lib/x86_64-linux-gnu/libnsl-2.15.so
7f96279c2000-7f9627bc1000 ---p 00017000 08:01 2621667                    /lib/x86_64-linux-gnu/libnsl-2.15.so
7f9627bc1000-7f9627bc2000 r--p 00016000 08:01 2621667                    /lib/x86_64-linux-gnu/libnsl-2.15.so
7f9627bc2000-7f9627bc3000 rw-p 00017000 08:01 2621667                    /lib/x86_64-linux-gnu/libnsl-2.15.so
7f9627bc3000-7f9627bc5000 rw-p 00000000 00:00 0 
7f9627bc5000-7f9627bef000 r-xp 00000000 08:01 13766323                   /usr/lib/jvm/java-8-oracle/jre/lib/amd64/libjava.so
7f9627bef000-7f9627def000 ---p 0002a000 08:01 13766323                   /usr/lib/jvm/java-8-oracle/jre/lib/amd64/libjava.so
7f9627def000-7f9627df1000 rw-p 0002a000 08:01 13766323                   /usr/lib/jvm/java-8-oracle/jre/lib/amd64/libjava.so
7f9627df1000-7f9627dfe000 r-xp 00000000 08:01 13766361                   /usr/lib/jvm/java-8-oracle/jre/lib/amd64/libverify.so
7f9627dfe000-7f9627ffe000 ---p 0000d000 08:01 13766361                   /usr/lib/jvm/java-8-oracle/jre/lib/amd64/libverify.so
7f9627ffe000-7f9628000000 rw-p 0000d000 08:01 13766361                   /usr/lib/jvm/java-8-oracle/jre/lib/amd64/libverify.so
7f9628000000-7f962838f000 rw-p 00000000 00:00 0 
7f962838f000-7f962c000000 ---p 00000000 00:00 0 
7f962c003000-7f962c00b000 r-xp 00000000 08:01 2621672                    /lib/x86_64-linux-gnu/libnss_compat-2.15.so
7f962c00b000-7f962c20a000 ---p 00008000 08:01 2621672                    /lib/x86_64-linux-gnu/libnss_compat-2.15.so
7f962c20a000-7f962c20b000 r--p 00007000 08:01 2621672                    /lib/x86_64-linux-gnu/libnss_compat-2.15.so
7f962c20b000-7f962c20c000 rw-p 00008000 08:01 2621672                    /lib/x86_64-linux-gnu/libnss_compat-2.15.so
7f962c20c000-7f962c213000 r-xp 00000000 08:01 2621660                    /lib/x86_64-linux-gnu/librt-2.15.so
7f962c213000-7f962c412000 ---p 00007000 08:01 2621660                    /lib/x86_64-linux-gnu/librt-2.15.so
7f962c412000-7f962c413000 r--p 00006000 08:01 2621660                    /lib/x86_64-linux-gnu/librt-2.15.so
7f962c413000-7f962c414000 rw-p 00007000 08:01 2621660                    /lib/x86_64-linux-gnu/librt-2.15.so
7f962c414000-7f962c50f000 r-xp 00000000 08:01 2621674                    /lib/x86_64-linux-gnu/libm-2.15.so
7f962c50f000-7f962c70e000 ---p 000fb000 08:01 2621674                    /lib/x86_64-linux-gnu/libm-2.15.so
7f962c70e000-7f962c70f000 r--p 000fa000 08:01 2621674                    /lib/x86_64-linux-gnu/libm-2.15.so
7f962c70f000-7f962c710000 rw-p 000fb000 08:01 2621674                    /lib/x86_64-linux-gnu/libm-2.15.so
7f962c710000-7f962d3db000 r-xp 00000000 08:01 13894575                   /usr/lib/jvm/java-8-oracle/jre/lib/amd64/server/libjvm.so
7f962d3db000-7f962d5da000 ---p 00ccb000 08:01 13894575                   /usr/lib/jvm/java-8-oracle/jre/lib/amd64/server/libjvm.so
7f962d5da000-7f962d6b3000 rw-p 00cca000 08:01 13894575                   /usr/lib/jvm/java-8-oracle/jre/lib/amd64/server/libjvm.so
7f962d6b3000-7f962d6fe000 rw-p 00000000 00:00 0 
7f962d6fe000-7f962d8b2000 r-xp 00000000 08:01 2621665                    /lib/x86_64-linux-gnu/libc-2.15.so
7f962d8b2000-7f962dab1000 ---p 001b4000 08:01 2621665                    /lib/x86_64-linux-gnu/libc-2.15.so
7f962dab1000-7f962dab5000 r--p 001b3000 08:01 2621665                    /lib/x86_64-linux-gnu/libc-2.15.so
7f962dab5000-7f962dab7000 rw-p 001b7000 08:01 2621665                    /lib/x86_64-linux-gnu/libc-2.15.so
7f962dab7000-7f962dabc000 rw-p 00000000 00:00 0 
7f962dabc000-7f962dabe000 r-xp 00000000 08:01 2621657                    /lib/x86_64-linux-gnu/libdl-2.15.so
7f962dabe000-7f962dcbe000 ---p 00002000 08:01 2621657                    /lib/x86_64-linux-gnu/libdl-2.15.so
7f962dcbe000-7f962dcbf000 r--p 00002000 08:01 2621657                    /lib/x86_64-linux-gnu/libdl-2.15.so
7f962dcbf000-7f962dcc0000 rw-p 00003000 08:01 2621657                    /lib/x86_64-linux-gnu/libdl-2.15.so
7f962dcc0000-7f962dcd5000 r-xp 00000000 08:01 2627921                    /usr/lib/jvm/java-8-oracle/lib/amd64/jli/libjli.so
7f962dcd5000-7f962ded5000 ---p 00015000 08:01 2627921                    /usr/lib/jvm/java-8-oracle/lib/amd64/jli/libjli.so
7f962ded5000-7f962ded6000 rw-p 00015000 08:01 2627921                    /usr/lib/jvm/java-8-oracle/lib/amd64/jli/libjli.so
7f962ded6000-7f962deee000 r-xp 00000000 08:01 2621668                    /lib/x86_64-linux-gnu/libpthread-2.15.so
7f962deee000-7f962e0ed000 ---p 00018000 08:01 2621668                    /lib/x86_64-linux-gnu/libpthread-2.15.so
7f962e0ed000-7f962e0ee000 r--p 00017000 08:01 2621668                    /lib/x86_64-linux-gnu/libpthread-2.15.so
7f962e0ee000-7f962e0ef000 rw-p 00018000 08:01 2621668                    /lib/x86_64-linux-gnu/libpthread-2.15.so
7f962e0ef000-7f962e0f3000 rw-p 00000000 00:00 0 
7f962e0f3000-7f962e115000 r-xp 00000000 08:01 2621671                    /lib/x86_64-linux-gnu/ld-2.15.so
7f962e11a000-7f962e1f5000 rw-p 00000000 00:00 0 
7f962e1f5000-7f962e1f8000 ---p 00000000 00:00 0 
7f962e1f8000-7f962e2fa000 rw-p 00000000 00:00 0                          [stack:21125]
7f962e2fa000-7f962e309000 r--s 000df000 08:01 9309217                    /home/lin/Android/Sdk/build-tools/23.0.3/lib/dx.jar
7f962e309000-7f962e311000 rw-s 00000000 08:01 4850226                    /tmp/hsperfdata_lin/21120
7f962e311000-7f962e312000 rw-p 00000000 00:00 0 
7f962e312000-7f962e313000 r--p 00000000 00:00 0 
7f962e313000-7f962e315000 rw-p 00000000 00:00 0 
7f962e315000-7f962e316000 r--p 00022000 08:01 2621671                    /lib/x86_64-linux-gnu/ld-2.15.so
7f962e316000-7f962e318000 rw-p 00023000 08:01 2621671                    /lib/x86_64-linux-gnu/ld-2.15.so
7ffd5f5b0000-7ffd5f5d1000 rw-p 00000000 00:00 0                          [stack]
7ffd5f5da000-7ffd5f5dc000 r-xp 00000000 00:00 0                          [vdso]
ffffffffff600000-ffffffffff601000 r-xp 00000000 00:00 0                  [vsyscall]

VM Arguments:
jvm_args: -Djava.awt.headless=true -Xmx1024M -Dfile.encoding=UTF-8 -Duser.country=US -Duser.language=en -Duser.variant 
java_command: com.android.dx.command.Main --dex --num-threads=4 --output /home/lin/other/AndroidProjects/Radio/app/build/intermediates/pre-dexed/debug/com.android.support-support-v4-23.4.0_ac3bdcdce9bb63a2e369af28a6b233d87e981259.jar /home/lin/other/AndroidProjects/Radio/app/build/intermediates/exploded-aar/com.android.support/support-v4/23.4.0/jars/classes.jar
java_class_path (initial): /home/lin/Android/Sdk/build-tools/23.0.3/lib/dx.jar
Launcher Type: SUN_STANDARD

Environment Variables:
PATH=/usr/lib/lightdm/lightdm:/usr/local/sbin:/usr/local/bin:/usr/sbin:/usr/bin:/sbin:/bin:/usr/games
LD_LIBRARY_PATH=/opt/android-studio/bin:
SHELL=/bin/bash
DISPLAY=:0.0

Signal Handlers:
SIGSEGV: [libjvm.so+0xac4790], sa_mask[0]=11111111011111111101111111111110, sa_flags=SA_RESTART|SA_SIGINFO
SIGBUS: [libjvm.so+0xac4790], sa_mask[0]=11111111011111111101111111111110, sa_flags=SA_RESTART|SA_SIGINFO
SIGFPE: [libjvm.so+0x91f140], sa_mask[0]=11111111011111111101111111111110, sa_flags=SA_RESTART|SA_SIGINFO
SIGPIPE: [libjvm.so+0x91f140], sa_mask[0]=11111111011111111101111111111110, sa_flags=SA_RESTART|SA_SIGINFO
SIGXFSZ: [libjvm.so+0x91f140], sa_mask[0]=11111111011111111101111111111110, sa_flags=SA_RESTART|SA_SIGINFO
SIGILL: [libjvm.so+0x91f140], sa_mask[0]=11111111011111111101111111111110, sa_flags=SA_RESTART|SA_SIGINFO
SIGUSR1: SIG_DFL, sa_mask[0]=00000000000000000000000000000000, sa_flags=none
SIGUSR2: [libjvm.so+0x920770], sa_mask[0]=00100000000000000000000000000000, sa_flags=SA_RESTART|SA_SIGINFO
SIGHUP: [libjvm.so+0x921b70], sa_mask[0]=11111111011111111101111111111110, sa_flags=SA_RESTART|SA_SIGINFO
SIGINT: [libjvm.so+0x921b70], sa_mask[0]=11111111011111111101111111111110, sa_flags=SA_RESTART|SA_SIGINFO
SIGTERM: [libjvm.so+0x921b70], sa_mask[0]=11111111011111111101111111111110, sa_flags=SA_RESTART|SA_SIGINFO
SIGQUIT: [libjvm.so+0x921b70], sa_mask[0]=11111111011111111101111111111110, sa_flags=SA_RESTART|SA_SIGINFO


---------------  S Y S T E M  ---------------

OS:DISTRIB_ID=Ubuntu
DISTRIB_RELEASE=12.04
DISTRIB_CODENAME=precise
DISTRIB_DESCRIPTION="Ubuntu 12.04.5 LTS"

uname:Linux 3.13.0-93-generic #140~precise1-Ubuntu SMP Tue Jul 19 19:55:11 UTC 2016 x86_64
libc:glibc 2.15 NPTL 2.15 
rlimit: STACK 8192k, CORE 0k, NPROC 22873, NOFILE 4096, AS infinity
load average:8.62 4.69 2.78

/proc/meminfo:
MemTotal:        2948840 kB
MemFree:           75948 kB
Buffers:           13444 kB
Cached:           429948 kB
SwapCached:        40988 kB
Active:          2091700 kB
Inactive:         630156 kB
Active(anon):    1929704 kB
Inactive(anon):   478012 kB
Active(file):     161996 kB
Inactive(file):   152144 kB
Unevictable:           0 kB
Mlocked:               0 kB
SwapTotal:       3008508 kB
SwapFree:        2801108 kB
Dirty:             14924 kB
Writeback:             0 kB
AnonPages:       2262532 kB
Mapped:           119400 kB
Shmem:            129252 kB
Slab:              66020 kB
SReclaimable:      39208 kB
SUnreclaim:        26812 kB
KernelStack:        4384 kB
PageTables:        30452 kB
NFS_Unstable:          0 kB
Bounce:                0 kB
WritebackTmp:          0 kB
CommitLimit:     4482928 kB
Committed_AS:    4663804 kB
VmallocTotal:   34359738367 kB
VmallocUsed:      346432 kB
VmallocChunk:   34359384156 kB
HardwareCorrupted:     0 kB
AnonHugePages:   1122304 kB
HugePages_Total:       0
HugePages_Free:        0
HugePages_Rsvd:        0
HugePages_Surp:        0
Hugepagesize:       2048 kB
DirectMap4k:       61828 kB
DirectMap2M:     2949120 kB


CPU:total 2 (2 cores per cpu, 1 threads per core) family 6 model 15 stepping 13, cmov, cx8, fxsr, mmx, sse, sse2, sse3, ssse3, tsc

/proc/cpuinfo:
processor	: 0
vendor_id	: GenuineIntel
cpu family	: 6
model		: 15
model name	: Genuine Intel(R) CPU           T1600  @ 1.66GHz
stepping	: 13
microcode	: 0xa3
cpu MHz		: 1662.448
cache size	: 1024 KB
physical id	: 0
siblings	: 2
core id		: 0
cpu cores	: 2
apicid		: 0
initial apicid	: 0
fpu		: yes
fpu_exception	: yes
cpuid level	: 10
wp		: yes
flags		: fpu vme de pse tsc msr pae mce cx8 apic sep mtrr pge mca cmov pat pse36 clflush dts acpi mmx fxsr sse sse2 ss ht tm pbe syscall nx lm constant_tsc arch_perfmon pebs bts rep_good nopl aperfmperf pni dtes64 monitor ds_cpl tm2 ssse3 cx16 xtpr pdcm lahf_lm dtherm
bogomips	: 3324.89
clflush size	: 64
cache_alignment	: 64
address sizes	: 36 bits physical, 48 bits virtual
power management:

processor	: 1
vendor_id	: GenuineIntel
cpu family	: 6
model		: 15
model name	: Genuine Intel(R) CPU           T1600  @ 1.66GHz
stepping	: 13
microcode	: 0xa3
cpu MHz		: 1662.448
cache size	: 1024 KB
physical id	: 0
siblings	: 2
core id		: 1
cpu cores	: 2
apicid		: 1
initial apicid	: 1
fpu		: yes
fpu_exception	: yes
cpuid level	: 10
wp		: yes
flags		: fpu vme de pse tsc msr pae mce cx8 apic sep mtrr pge mca cmov pat pse36 clflush dts acpi mmx fxsr sse sse2 ss ht tm pbe syscall nx lm constant_tsc arch_perfmon pebs bts rep_good nopl aperfmperf pni dtes64 monitor ds_cpl tm2 ssse3 cx16 xtpr pdcm lahf_lm dtherm
bogomips	: 3324.89
clflush size	: 64
cache_alignment	: 64
address sizes	: 36 bits physical, 48 bits virtual
power management:



Memory: 4k page, physical 2948840k(75576k free), swap 3008508k(2801108k free)

vm_info: Java HotSpot(TM) 64-Bit Server VM (25.101-b13) for linux-amd64 JRE (1.8.0_101-b13), built on Jun 22 2016 02:59:44 by "java_re" with gcc 4.3.0 20080428 (Red Hat 4.3.0-8)

time: Tue Aug 16 18:27:29 2016
elapsed time: 15 seconds (0d 0h 0m 15s)

