#
# A fatal error has been detected by the Java Runtime Environment:
#
#  SIGSEGV (0xb) at pc=0x00007feea76e417b, pid=20728, tid=0x00007feea8908700
#
# JRE version: Java(TM) SE Runtime Environment (8.0_101-b13) (build 1.8.0_101-b13)
# Java VM: Java HotSpot(TM) 64-Bit Server VM (25.101-b13 mixed mode linux-amd64 compressed oops)
# Problematic frame:
# V  [libjvm.so+0x9c117b]  AdapterHandlerLibrary::get_adapter(methodHandle)+0x13b
#
# Failed to write core dump. Core dumps have been disabled. To enable core dumping, try "ulimit -c unlimited" before starting Java again
#
# If you would like to submit a bug report, please visit:
#   http://bugreport.java.com/bugreport/crash.jsp
#

---------------  T H R E A D  ---------------

Current thread (0x00007feea000a000):  JavaThread "main" [_thread_in_vm, id=20731, stack(0x00007feea8808000,0x00007feea8909000)]

siginfo: si_signo: 11 (SIGSEGV), si_code: 1 (SEGV_MAPERR), si_addr: 0x0000000000000050

Registers:
RAX=0x0000000000000000, RBX=0x0000000000000001, RCX=0x00007feea87012c0, RDX=0x0000000000000000
RSP=0x00007feea8906980, RBP=0x00007feea8906ce0, RSI=0x0000000000000001, RDI=0x0000000000000010
R8 =0x000000000000000a, R9 =0x000000000000000a, R10=0x0000000000000009, R11=0x0000000000000060
R12=0x00007feea7875694, R13=0x00007feea0007630, R14=0x00007feea000a850, R15=0x00007feea000a840
RIP=0x00007feea76e417b, EFLAGS=0x0000000000010246, CSGSFS=0x0000000000000033, ERR=0x0000000000000004
  TRAPNO=0x000000000000000e

Top of Stack: (sp=0x00007feea8906980)
0x00007feea8906980:   00007feea8906af0 00007feea73b2835
0x00007feea8906990:   00007fee00000003 00007feea0006920
0x00007feea89069a0:   00007feea000a850 00007feea8907170
0x00007feea89069b0:   00000092910129c0 00007fee00000000
0x00007feea89069c0:   00000000000004a8 00007feea000a850
0x00007feea89069d0:   00007feea000ac28 00000000000003d8
0x00007feea89069e0:   00007feea89076b0 00007feea7797507
0x00007feea89069f0:   00007feea8906a60 00007feea7004e05
0x00007feea8906a00:   00007feea000a000 00007feea0007670
0x00007feea8906a10:   00007feea00076b0 00007feea00076f8
0x00007feea8906a20:   00007feea0007798 00000000000000d8
0x00007feea8906a30:   00007feea8907a00 00007feea0007630
0x00007feea8906a40:   0000000000007fe8 0000000000000000
0x00007feea8906a50:   0000000000000053 0000000000000150
0x00007feea8906a60:   00007feea8906ac0 00007feea70030bb
0x00007feea8906a70:   00007feea8906af0 00007feea76d1280
0x00007feea8906a80:   00007feea000a000 0000000000000000
0x00007feea8906a90:   00000000000000a4 00007feea8906cf0
0x00007feea8906aa0:   00007feea0023250 00007feea000a000
0x00007feea8906ab0:   00007feea0026760 00007feea0023250
0x00007feea8906ac0:   00007feea8906ae0 00007feea75c8bd2
0x00007feea8906ad0:   0000000000000310 0000000000000062
0x00007feea8906ae0:   00007feea8906b30 00007feea75c8d2c
0x00007feea8906af0:   0000000000000029 00007feea8906cf0
0x00007feea8906b00:   00007feea8906b90 00007feea000a000
0x00007feea8906b10:   0000000000000062 0000000000000000
0x00007feea8906b20:   00007feea00231f0 000000000000000c
0x00007feea8906b30:   00007feea8906b80 00007feea75c8f6e
0x00007feea8906b40:   00007feea49043c0 000000080000014c
0x00007feea8906b50:   00000001a8906d28 00007feea8906d28
0x00007feea8906b60:   00007feea8906d98 00007feea4903430
0x00007feea8906b70:   0000000000000018 00007feea000a000 

Instructions: (pc=0x00007feea76e417b)
0x00007feea76e415b:   24 31 db f6 40 20 08 0f 84 00 04 00 00 48 8b 40
0x00007feea76e416b:   08 4c 8d 25 21 15 19 00 0f b7 50 24 48 8b 40 08
0x00007feea76e417b:   48 8b 74 d0 50 48 8d 45 90 ba 01 00 00 00 48 89
0x00007feea76e418b:   c7 48 89 85 a8 fc ff ff e8 28 ef 01 00 0f 1f 84 

Register to memory mapping:

RAX=0x0000000000000000 is an unknown value
RBX=0x0000000000000001 is an unknown value
RCX=0x00007feea87012c0: <offset 0x2182c0> in /lib/x86_64-linux-gnu/libpthread.so.0 at 0x00007feea84e9000
RDX=0x0000000000000000 is an unknown value
RSP=0x00007feea8906980 is pointing into the stack for thread: 0x00007feea000a000
RBP=0x00007feea8906ce0 is pointing into the stack for thread: 0x00007feea000a000
RSI=0x0000000000000001 is an unknown value
RDI=0x0000000000000010 is an unknown value
R8 =0x000000000000000a is an unknown value
R9 =0x000000000000000a is an unknown value
R10=0x0000000000000009 is an unknown value
R11=0x0000000000000060 is an unknown value
R12=0x00007feea7875694: <offset 0xb52694> in /usr/lib/jvm/java-8-oracle/jre/lib/amd64/server/libjvm.so at 0x00007feea6d23000
R13=0x00007feea0007630 is an unknown value
R14=0x00007feea000a850 is an unknown value
R15=0x00007feea000a840 is an unknown value


Stack: [0x00007feea8808000,0x00007feea8909000],  sp=0x00007feea8906980,  free space=1018k
Native frames: (J=compiled Java code, j=interpreted, Vv=VM code, C=native code)
V  [libjvm.so+0x9c117b]  AdapterHandlerLibrary::get_adapter(methodHandle)+0x13b
V  [libjvm.so+0x8b1677]  Method::make_adapters(methodHandle, Thread*)+0x67
V  [libjvm.so+0x8b1917]  Method::link_method(methodHandle, Thread*)+0xb7
V  [libjvm.so+0x6411b1]  InstanceKlass::link_methods(Thread*)+0xa1
V  [libjvm.so+0x6424f9]  InstanceKlass::link_class_impl(instanceKlassHandle, bool, Thread*)+0x419
V  [libjvm.so+0x6439bf]  InstanceKlass::initialize_impl(instanceKlassHandle, Thread*)+0x6f
V  [libjvm.so+0x643ec1]  InstanceKlass::initialize(Thread*)+0x41
V  [libjvm.so+0x7fa206]  LinkResolver::resolve_static_call(CallInfo&, KlassHandle&, Symbol*, Symbol*, KlassHandle, bool, bool, Thread*)+0x246
V  [libjvm.so+0x7fa48f]  LinkResolver::resolve_invokestatic(CallInfo&, constantPoolHandle, int, Thread*)+0x23f
V  [libjvm.so+0x7fb541]  LinkResolver::resolve_invoke(CallInfo&, Handle, constantPoolHandle, int, Bytecodes::Code, Thread*)+0x4f1
V  [libjvm.so+0x688c32]  InterpreterRuntime::resolve_invoke(JavaThread*, Bytecodes::Code)+0x1b2
j  java.util.concurrent.ThreadPoolExecutor.<init>(IIJLjava/util/concurrent/TimeUnit;Ljava/util/concurrent/BlockingQueue;Ljava/util/concurrent/RejectedExecutionHandler;)V+8
j  com.android.dx.command.dexer.Main.processAllFiles()Z+80
j  com.android.dx.command.dexer.Main.runMonoDex()I+58
j  com.android.dx.command.dexer.Main.run(Lcom/android/dx/command/dexer/Main$Arguments;)I+76
j  com.android.dx.command.dexer.Main.main([Ljava/lang/String;)V+14
j  com.android.dx.command.Main.main([Ljava/lang/String;)V+61
v  ~StubRoutines::call_stub
V  [libjvm.so+0x68f6b6]  JavaCalls::call_helper(JavaValue*, methodHandle*, JavaCallArguments*, Thread*)+0x1056
V  [libjvm.so+0x6d0d42]  jni_invoke_static(JNIEnv_*, JavaValue*, _jobject*, JNICallType, _jmethodID*, JNI_ArgumentPusher*, Thread*)+0x362
V  [libjvm.so+0x6ed5aa]  jni_CallStaticVoidMethod+0x17a
C  [libjli.so+0x7bdf]  JavaMain+0x81f
C  [libpthread.so.0+0x7e9a]  start_thread+0xda

Java frames: (J=compiled Java code, j=interpreted, Vv=VM code)
j  java.util.concurrent.ThreadPoolExecutor.<init>(IIJLjava/util/concurrent/TimeUnit;Ljava/util/concurrent/BlockingQueue;Ljava/util/concurrent/RejectedExecutionHandler;)V+8
j  com.android.dx.command.dexer.Main.processAllFiles()Z+80
j  com.android.dx.command.dexer.Main.runMonoDex()I+58
j  com.android.dx.command.dexer.Main.run(Lcom/android/dx/command/dexer/Main$Arguments;)I+76
j  com.android.dx.command.dexer.Main.main([Ljava/lang/String;)V+14
j  com.android.dx.command.Main.main([Ljava/lang/String;)V+61
v  ~StubRoutines::call_stub

---------------  P R O C E S S  ---------------

Java Threads: ( => current thread )
  0x00007feea00c4000 JavaThread "Service Thread" daemon [_thread_blocked, id=20742, stack(0x00007fee8dc0f000,0x00007fee8dd10000)]
  0x00007feea00b7800 JavaThread "C1 CompilerThread1" daemon [_thread_blocked, id=20741, stack(0x00007fee8dd10000,0x00007fee8de11000)]
  0x00007feea00b4800 JavaThread "C2 CompilerThread0" daemon [_thread_blocked, id=20740, stack(0x00007fee8de11000,0x00007fee8df12000)]
  0x00007feea00b3000 JavaThread "Signal Dispatcher" daemon [_thread_blocked, id=20739, stack(0x00007fee8df12000,0x00007fee8e013000)]
  0x00007feea0080000 JavaThread "Finalizer" daemon [_thread_blocked, id=20738, stack(0x00007fee8e6f7000,0x00007fee8e7f8000)]
  0x00007feea007b800 JavaThread "Reference Handler" daemon [_thread_blocked, id=20737, stack(0x00007fee8e7f8000,0x00007fee8e8f9000)]
=>0x00007feea000a000 JavaThread "main" [_thread_in_vm, id=20731, stack(0x00007feea8808000,0x00007feea8909000)]

Other Threads:
  0x00007feea0073800 VMThread [stack: 0x00007fee8e8f9000,0x00007fee8e9fa000] [id=20736]
  0x00007feea00d7800 WatcherThread [stack: 0x00007fee8db0e000,0x00007fee8dc0f000] [id=20743]

VM state:not at safepoint (normal execution)

VM Mutex/Monitor currently owned by a thread:  ([mutex/lock_event])
[0x00007feea0006920] AdapterHandlerLibrary_lock - owner thread: 0x00007feea000a000

Heap:
 PSYoungGen      total 13824K, used 1539K [0x00000000eab00000, 0x00000000eba00000, 0x0000000100000000)
  eden space 12288K, 12% used [0x00000000eab00000,0x00000000eac80e58,0x00000000eb700000)
  from space 1536K, 0% used [0x00000000eb880000,0x00000000eb880000,0x00000000eba00000)
  to   space 1536K, 0% used [0x00000000eb700000,0x00000000eb700000,0x00000000eb880000)
 ParOldGen       total 31744K, used 0K [0x00000000c0000000, 0x00000000c1f00000, 0x00000000eab00000)
  object space 31744K, 0% used [0x00000000c0000000,0x00000000c0000000,0x00000000c1f00000)
 Metaspace       used 3150K, capacity 4720K, committed 4864K, reserved 1056768K
  class space    used 344K, capacity 424K, committed 512K, reserved 1048576K

Card table byte_map: [0x00007feea53cd000,0x00007feea55ce000] byte_map_base: 0x00007feea4dcd000

Marking Bits: (ParMarkBitMap*) 0x00007feea7ce4120
 Begin Bits: [0x00007fee8f000000, 0x00007fee90000000)
 End Bits:   [0x00007fee90000000, 0x00007fee91000000)

Polling page: 0x00007feea8925000

CodeCache: size=245760Kb used=1189Kb max_used=1189Kb free=244570Kb
 bounds [0x00007fee91000000, 0x00007fee91270000, 0x00007feea0000000]
 total_blobs=303 nmethods=67 adapters=152
 compilation: enabled

Compilation events (10 events):
Event: 0.929 Thread 0x00007feea00b7800   63       3       java.util.concurrent.ConcurrentHashMap$Node::<init> (26 bytes)
Event: 0.930 Thread 0x00007feea00b7800 nmethod 63 0x00007fee911251d0 code [0x00007fee91125340, 0x00007fee91125530]
Event: 0.940 Thread 0x00007feea00b7800   64   !   3       java.util.concurrent.ConcurrentHashMap::putVal (362 bytes)
Event: 0.944 Thread 0x00007feea00b7800 nmethod 64 0x00007fee91125610 code [0x00007fee911258e0, 0x00007fee91127278]
Event: 0.950 Thread 0x00007feea00b7800   65       3       java.lang.String::substring (79 bytes)
Event: 0.951 Thread 0x00007feea00b7800 nmethod 65 0x00007fee91127f10 code [0x00007fee911280e0, 0x00007fee91128578]
Event: 0.962 Thread 0x00007feea00b7800   66       3       java.util.concurrent.ConcurrentHashMap::putIfAbsent (8 bytes)
Event: 0.962 Thread 0x00007feea00b7800 nmethod 66 0x00007fee91128dd0 code [0x00007fee91128f40, 0x00007fee91129148]
Event: 0.965 Thread 0x00007feea00b7800   67       3       java.util.concurrent.ConcurrentHashMap::casTabAt (20 bytes)
Event: 0.965 Thread 0x00007feea00b7800 nmethod 67 0x00007fee911291d0 code [0x00007fee91129320, 0x00007fee91129490]

GC Heap History (0 events):
No events

Deoptimization events (0 events):
No events

Internal exceptions (2 events):
Event: 0.181 Thread 0x00007feea000a000 Exception <a 'java/lang/NoSuchMethodError': Method sun.misc.Unsafe.defineClass(Ljava/lang/String;[BII)Ljava/lang/Class; name or signature does not match> (0x00000000eab07cc0) thrown at [/HUDSON3/workspace/8-2-build-linux-amd64/jdk8u101/7261/hotspot/src/sh
Event: 0.181 Thread 0x00007feea000a000 Exception <a 'java/lang/NoSuchMethodError': Method sun.misc.Unsafe.prefetchRead(Ljava/lang/Object;J)V name or signature does not match> (0x00000000eab07fa8) thrown at [/HUDSON3/workspace/8-2-build-linux-amd64/jdk8u101/7261/hotspot/src/share/vm/prims/jni.c

Events (10 events):
Event: 0.973 loading class java/util/concurrent/locks/AbstractQueuedSynchronizer$Node
Event: 0.973 loading class java/util/concurrent/locks/AbstractQueuedSynchronizer$Node done
Event: 0.974 loading class java/util/concurrent/locks/AbstractQueuedSynchronizer$ConditionObject
Event: 0.974 loading class java/util/concurrent/locks/Condition
Event: 0.974 loading class java/util/concurrent/locks/Condition done
Event: 0.974 loading class java/util/concurrent/locks/AbstractQueuedSynchronizer$ConditionObject done
Event: 0.974 loading class java/util/concurrent/ThreadPoolExecutor$CallerRunsPolicy
Event: 0.974 loading class java/util/concurrent/ThreadPoolExecutor$CallerRunsPolicy done
Event: 0.975 loading class java/util/concurrent/Executors
Event: 0.975 loading class java/util/concurrent/Executors done


Dynamic libraries:
00400000-00401000 r-xp 00000000 08:01 3279757                            /usr/lib/jvm/java-8-oracle/bin/java
00600000-00601000 rw-p 00000000 08:01 3279757                            /usr/lib/jvm/java-8-oracle/bin/java
021ad000-021ce000 rw-p 00000000 00:00 0                                  [heap]
c0000000-c1f00000 rw-p 00000000 00:00 0 
c1f00000-eab00000 ---p 00000000 00:00 0 
eab00000-eba00000 rw-p 00000000 00:00 0 
eba00000-100000000 ---p 00000000 00:00 0 
100000000-100080000 rw-p 00000000 00:00 0 
100080000-140000000 ---p 00000000 00:00 0 
7fee60000000-7fee60021000 rw-p 00000000 00:00 0 
7fee60021000-7fee64000000 ---p 00000000 00:00 0 
7fee68000000-7fee6809a000 rw-p 00000000 00:00 0 
7fee6809a000-7fee6c000000 ---p 00000000 00:00 0 
7fee6c000000-7fee6c021000 rw-p 00000000 00:00 0 
7fee6c021000-7fee70000000 ---p 00000000 00:00 0 
7fee70000000-7fee70021000 rw-p 00000000 00:00 0 
7fee70021000-7fee74000000 ---p 00000000 00:00 0 
7fee74000000-7fee74046000 rw-p 00000000 00:00 0 
7fee74046000-7fee78000000 ---p 00000000 00:00 0 
7fee78000000-7fee78021000 rw-p 00000000 00:00 0 
7fee78021000-7fee7c000000 ---p 00000000 00:00 0 
7fee7c000000-7fee7c021000 rw-p 00000000 00:00 0 
7fee7c021000-7fee80000000 ---p 00000000 00:00 0 
7fee80000000-7fee80021000 rw-p 00000000 00:00 0 
7fee80021000-7fee84000000 ---p 00000000 00:00 0 
7fee84000000-7fee84021000 rw-p 00000000 00:00 0 
7fee84021000-7fee88000000 ---p 00000000 00:00 0 
7fee88000000-7fee88021000 rw-p 00000000 00:00 0 
7fee88021000-7fee8c000000 ---p 00000000 00:00 0 
7fee8db0e000-7fee8db0f000 ---p 00000000 00:00 0 
7fee8db0f000-7fee8dc0f000 rw-p 00000000 00:00 0                          [stack:20743]
7fee8dc0f000-7fee8dc12000 ---p 00000000 00:00 0 
7fee8dc12000-7fee8dd10000 rw-p 00000000 00:00 0                          [stack:20742]
7fee8dd10000-7fee8dd13000 ---p 00000000 00:00 0 
7fee8dd13000-7fee8de11000 rw-p 00000000 00:00 0                          [stack:20741]
7fee8de11000-7fee8de14000 ---p 00000000 00:00 0 
7fee8de14000-7fee8df12000 rw-p 00000000 00:00 0                          [stack:20740]
7fee8df12000-7fee8df15000 ---p 00000000 00:00 0 
7fee8df15000-7fee8e013000 rw-p 00000000 00:00 0                          [stack:20739]
7fee8e013000-7fee8e6f7000 r--p 00000000 08:01 13113697                   /usr/lib/locale/locale-archive
7fee8e6f7000-7fee8e6fa000 ---p 00000000 00:00 0 
7fee8e6fa000-7fee8e7f8000 rw-p 00000000 00:00 0                          [stack:20738]
7fee8e7f8000-7fee8e7fb000 ---p 00000000 00:00 0 
7fee8e7fb000-7fee8e8f9000 rw-p 00000000 00:00 0                          [stack:20737]
7fee8e8f9000-7fee8e8fa000 ---p 00000000 00:00 0 
7fee8e8fa000-7fee91000000 rw-p 00000000 00:00 0                          [stack:20736]
7fee91000000-7fee91270000 rwxp 00000000 00:00 0 
7fee91270000-7feea0000000 ---p 00000000 00:00 0 
7feea0000000-7feea03b7000 rw-p 00000000 00:00 0 
7feea03b7000-7feea4000000 ---p 00000000 00:00 0 
7feea40b3000-7feea4426000 rw-p 00000000 00:00 0 
7feea4426000-7feea45ff000 r--s 03d29000 08:01 13118676                   /usr/lib/jvm/java-8-oracle/jre/lib/rt.jar
7feea45ff000-7feea4ab5000 rw-p 00000000 00:00 0 
7feea4ab5000-7feea4e75000 ---p 00000000 00:00 0 
7feea4e75000-7feea5075000 rw-p 00000000 00:00 0 
7feea5075000-7feea5076000 ---p 00000000 00:00 0 
7feea5076000-7feea5176000 rw-p 00000000 00:00 0                          [stack:20735]
7feea5176000-7feea5177000 ---p 00000000 00:00 0 
7feea5177000-7feea5287000 rw-p 00000000 00:00 0                          [stack:20734]
7feea5287000-7feea53cd000 ---p 00000000 00:00 0 
7feea53cd000-7feea53dd000 rw-p 00000000 00:00 0 
7feea53dd000-7feea5522000 ---p 00000000 00:00 0 
7feea5522000-7feea552a000 rw-p 00000000 00:00 0 
7feea552a000-7feea55cd000 ---p 00000000 00:00 0 
7feea55cd000-7feea55d8000 rw-p 00000000 00:00 0 
7feea55d8000-7feea598e000 ---p 00000000 00:00 0 
7feea598e000-7feea59a8000 r-xp 00000000 08:01 13766358                   /usr/lib/jvm/java-8-oracle/jre/lib/amd64/libzip.so
7feea59a8000-7feea5ba8000 ---p 0001a000 08:01 13766358                   /usr/lib/jvm/java-8-oracle/jre/lib/amd64/libzip.so
7feea5ba8000-7feea5ba9000 rw-p 0001a000 08:01 13766358                   /usr/lib/jvm/java-8-oracle/jre/lib/amd64/libzip.so
7feea5ba9000-7feea5bb4000 r-xp 00000000 08:01 2621673                    /lib/x86_64-linux-gnu/libnss_files-2.15.so
7feea5bb4000-7feea5db3000 ---p 0000b000 08:01 2621673                    /lib/x86_64-linux-gnu/libnss_files-2.15.so
7feea5db3000-7feea5db4000 r--p 0000a000 08:01 2621673                    /lib/x86_64-linux-gnu/libnss_files-2.15.so
7feea5db4000-7feea5db5000 rw-p 0000b000 08:01 2621673                    /lib/x86_64-linux-gnu/libnss_files-2.15.so
7feea5db5000-7feea5dbf000 r-xp 00000000 08:01 2621658                    /lib/x86_64-linux-gnu/libnss_nis-2.15.so
7feea5dbf000-7feea5fbf000 ---p 0000a000 08:01 2621658                    /lib/x86_64-linux-gnu/libnss_nis-2.15.so
7feea5fbf000-7feea5fc0000 r--p 0000a000 08:01 2621658                    /lib/x86_64-linux-gnu/libnss_nis-2.15.so
7feea5fc0000-7feea5fc1000 rw-p 0000b000 08:01 2621658                    /lib/x86_64-linux-gnu/libnss_nis-2.15.so
7feea5fc1000-7feea5fd8000 r-xp 00000000 08:01 2621667                    /lib/x86_64-linux-gnu/libnsl-2.15.so
7feea5fd8000-7feea61d7000 ---p 00017000 08:01 2621667                    /lib/x86_64-linux-gnu/libnsl-2.15.so
7feea61d7000-7feea61d8000 r--p 00016000 08:01 2621667                    /lib/x86_64-linux-gnu/libnsl-2.15.so
7feea61d8000-7feea61d9000 rw-p 00017000 08:01 2621667                    /lib/x86_64-linux-gnu/libnsl-2.15.so
7feea61d9000-7feea61db000 rw-p 00000000 00:00 0 
7feea61db000-7feea61e3000 r-xp 00000000 08:01 2621672                    /lib/x86_64-linux-gnu/libnss_compat-2.15.so
7feea61e3000-7feea63e2000 ---p 00008000 08:01 2621672                    /lib/x86_64-linux-gnu/libnss_compat-2.15.so
7feea63e2000-7feea63e3000 r--p 00007000 08:01 2621672                    /lib/x86_64-linux-gnu/libnss_compat-2.15.so
7feea63e3000-7feea63e4000 rw-p 00008000 08:01 2621672                    /lib/x86_64-linux-gnu/libnss_compat-2.15.so
7feea63e4000-7feea640e000 r-xp 00000000 08:01 13766323                   /usr/lib/jvm/java-8-oracle/jre/lib/amd64/libjava.so
7feea640e000-7feea660e000 ---p 0002a000 08:01 13766323                   /usr/lib/jvm/java-8-oracle/jre/lib/amd64/libjava.so
7feea660e000-7feea6610000 rw-p 0002a000 08:01 13766323                   /usr/lib/jvm/java-8-oracle/jre/lib/amd64/libjava.so
7feea6610000-7feea661d000 r-xp 00000000 08:01 13766361                   /usr/lib/jvm/java-8-oracle/jre/lib/amd64/libverify.so
7feea661d000-7feea681d000 ---p 0000d000 08:01 13766361                   /usr/lib/jvm/java-8-oracle/jre/lib/amd64/libverify.so
7feea681d000-7feea681f000 rw-p 0000d000 08:01 13766361                   /usr/lib/jvm/java-8-oracle/jre/lib/amd64/libverify.so
7feea681f000-7feea6826000 r-xp 00000000 08:01 2621660                    /lib/x86_64-linux-gnu/librt-2.15.so
7feea6826000-7feea6a25000 ---p 00007000 08:01 2621660                    /lib/x86_64-linux-gnu/librt-2.15.so
7feea6a25000-7feea6a26000 r--p 00006000 08:01 2621660                    /lib/x86_64-linux-gnu/librt-2.15.so
7feea6a26000-7feea6a27000 rw-p 00007000 08:01 2621660                    /lib/x86_64-linux-gnu/librt-2.15.so
7feea6a27000-7feea6b22000 r-xp 00000000 08:01 2621674                    /lib/x86_64-linux-gnu/libm-2.15.so
7feea6b22000-7feea6d21000 ---p 000fb000 08:01 2621674                    /lib/x86_64-linux-gnu/libm-2.15.so
7feea6d21000-7feea6d22000 r--p 000fa000 08:01 2621674                    /lib/x86_64-linux-gnu/libm-2.15.so
7feea6d22000-7feea6d23000 rw-p 000fb000 08:01 2621674                    /lib/x86_64-linux-gnu/libm-2.15.so
7feea6d23000-7feea79ee000 r-xp 00000000 08:01 13894575                   /usr/lib/jvm/java-8-oracle/jre/lib/amd64/server/libjvm.so
7feea79ee000-7feea7bed000 ---p 00ccb000 08:01 13894575                   /usr/lib/jvm/java-8-oracle/jre/lib/amd64/server/libjvm.so
7feea7bed000-7feea7cc6000 rw-p 00cca000 08:01 13894575                   /usr/lib/jvm/java-8-oracle/jre/lib/amd64/server/libjvm.so
7feea7cc6000-7feea7d11000 rw-p 00000000 00:00 0 
7feea7d11000-7feea7ec5000 r-xp 00000000 08:01 2621665                    /lib/x86_64-linux-gnu/libc-2.15.so
7feea7ec5000-7feea80c4000 ---p 001b4000 08:01 2621665                    /lib/x86_64-linux-gnu/libc-2.15.so
7feea80c4000-7feea80c8000 r--p 001b3000 08:01 2621665                    /lib/x86_64-linux-gnu/libc-2.15.so
7feea80c8000-7feea80ca000 rw-p 001b7000 08:01 2621665                    /lib/x86_64-linux-gnu/libc-2.15.so
7feea80ca000-7feea80cf000 rw-p 00000000 00:00 0 
7feea80cf000-7feea80d1000 r-xp 00000000 08:01 2621657                    /lib/x86_64-linux-gnu/libdl-2.15.so
7feea80d1000-7feea82d1000 ---p 00002000 08:01 2621657                    /lib/x86_64-linux-gnu/libdl-2.15.so
7feea82d1000-7feea82d2000 r--p 00002000 08:01 2621657                    /lib/x86_64-linux-gnu/libdl-2.15.so
7feea82d2000-7feea82d3000 rw-p 00003000 08:01 2621657                    /lib/x86_64-linux-gnu/libdl-2.15.so
7feea82d3000-7feea82e8000 r-xp 00000000 08:01 2627921                    /usr/lib/jvm/java-8-oracle/lib/amd64/jli/libjli.so
7feea82e8000-7feea84e8000 ---p 00015000 08:01 2627921                    /usr/lib/jvm/java-8-oracle/lib/amd64/jli/libjli.so
7feea84e8000-7feea84e9000 rw-p 00015000 08:01 2627921                    /usr/lib/jvm/java-8-oracle/lib/amd64/jli/libjli.so
7feea84e9000-7feea8501000 r-xp 00000000 08:01 2621668                    /lib/x86_64-linux-gnu/libpthread-2.15.so
7feea8501000-7feea8700000 ---p 00018000 08:01 2621668                    /lib/x86_64-linux-gnu/libpthread-2.15.so
7feea8700000-7feea8701000 r--p 00017000 08:01 2621668                    /lib/x86_64-linux-gnu/libpthread-2.15.so
7feea8701000-7feea8702000 rw-p 00018000 08:01 2621668                    /lib/x86_64-linux-gnu/libpthread-2.15.so
7feea8702000-7feea8706000 rw-p 00000000 00:00 0 
7feea8706000-7feea8728000 r-xp 00000000 08:01 2621671                    /lib/x86_64-linux-gnu/ld-2.15.so
7feea872c000-7feea8808000 rw-p 00000000 00:00 0 
7feea8808000-7feea880b000 ---p 00000000 00:00 0 
7feea880b000-7feea890d000 rw-p 00000000 00:00 0                          [stack:20731]
7feea890d000-7feea891c000 r--s 000df000 08:01 9309217                    /home/lin/Android/Sdk/build-tools/23.0.3/lib/dx.jar
7feea891c000-7feea8924000 rw-s 00000000 08:01 4850221                    /tmp/hsperfdata_lin/20728
7feea8924000-7feea8925000 rw-p 00000000 00:00 0 
7feea8925000-7feea8926000 r--p 00000000 00:00 0 
7feea8926000-7feea8928000 rw-p 00000000 00:00 0 
7feea8928000-7feea8929000 r--p 00022000 08:01 2621671                    /lib/x86_64-linux-gnu/ld-2.15.so
7feea8929000-7feea892b000 rw-p 00023000 08:01 2621671                    /lib/x86_64-linux-gnu/ld-2.15.so
7fff05815000-7fff05836000 rw-p 00000000 00:00 0                          [stack]
7fff059a5000-7fff059a7000 r-xp 00000000 00:00 0                          [vdso]
ffffffffff600000-ffffffffff601000 r-xp 00000000 00:00 0                  [vsyscall]

VM Arguments:
jvm_args: -Djava.awt.headless=true -Xmx1024M -Dfile.encoding=UTF-8 -Duser.country=US -Duser.language=en -Duser.variant 
java_command: com.android.dx.command.Main --dex --num-threads=4 --output /home/lin/other/AndroidProjects/Radio/app/build/intermediates/pre-dexed/debug/support-annotations-23.4.0_8a3743f88299966ba5208e4b28fd47736bbe96c3.jar /home/lin/Android/Sdk/extras/android/m2repository/com/android/support/support-annotations/23.4.0/support-annotations-23.4.0.jar
java_class_path (initial): /home/lin/Android/Sdk/build-tools/23.0.3/lib/dx.jar
Launcher Type: SUN_STANDARD

Environment Variables:
PATH=/usr/lib/lightdm/lightdm:/usr/local/sbin:/usr/local/bin:/usr/sbin:/usr/bin:/sbin:/bin:/usr/games
LD_LIBRARY_PATH=/opt/android-studio/bin:
SHELL=/bin/bash
DISPLAY=:0.0

Signal Handlers:
SIGSEGV: [libjvm.so+0xac4790], sa_mask[0]=11111111011111111101111111111110, sa_flags=SA_RESTART|SA_SIGINFO
SIGBUS: [libjvm.so+0xac4790], sa_mask[0]=11111111011111111101111111111110, sa_flags=SA_RESTART|SA_SIGINFO
SIGFPE: [libjvm.so+0x91f140], sa_mask[0]=11111111011111111101111111111110, sa_flags=SA_RESTART|SA_SIGINFO
SIGPIPE: [libjvm.so+0x91f140], sa_mask[0]=11111111011111111101111111111110, sa_flags=SA_RESTART|SA_SIGINFO
SIGXFSZ: [libjvm.so+0x91f140], sa_mask[0]=11111111011111111101111111111110, sa_flags=SA_RESTART|SA_SIGINFO
SIGILL: [libjvm.so+0x91f140], sa_mask[0]=11111111011111111101111111111110, sa_flags=SA_RESTART|SA_SIGINFO
SIGUSR1: SIG_DFL, sa_mask[0]=00000000000000000000000000000000, sa_flags=none
SIGUSR2: [libjvm.so+0x920770], sa_mask[0]=00100000000000000000000000000000, sa_flags=SA_RESTART|SA_SIGINFO
SIGHUP: [libjvm.so+0x921b70], sa_mask[0]=11111111011111111101111111111110, sa_flags=SA_RESTART|SA_SIGINFO
SIGINT: [libjvm.so+0x921b70], sa_mask[0]=11111111011111111101111111111110, sa_flags=SA_RESTART|SA_SIGINFO
SIGTERM: [libjvm.so+0x921b70], sa_mask[0]=11111111011111111101111111111110, sa_flags=SA_RESTART|SA_SIGINFO
SIGQUIT: [libjvm.so+0x921b70], sa_mask[0]=11111111011111111101111111111110, sa_flags=SA_RESTART|SA_SIGINFO


---------------  S Y S T E M  ---------------

OS:DISTRIB_ID=Ubuntu
DISTRIB_RELEASE=12.04
DISTRIB_CODENAME=precise
DISTRIB_DESCRIPTION="Ubuntu 12.04.5 LTS"

uname:Linux 3.13.0-93-generic #140~precise1-Ubuntu SMP Tue Jul 19 19:55:11 UTC 2016 x86_64
libc:glibc 2.15 NPTL 2.15 
rlimit: STACK 8192k, CORE 0k, NPROC 22873, NOFILE 4096, AS infinity
load average:7.57 3.60 2.26

/proc/meminfo:
MemTotal:        2948840 kB
MemFree:          335880 kB
Buffers:           15052 kB
Cached:           397532 kB
SwapCached:        31528 kB
Active:          1875116 kB
Inactive:         591996 kB
Active(anon):    1711392 kB
Inactive(anon):   444336 kB
Active(file):     163724 kB
Inactive(file):   147660 kB
Unevictable:           0 kB
Mlocked:               0 kB
SwapTotal:       3008508 kB
SwapFree:        2803260 kB
Dirty:             26820 kB
Writeback:             0 kB
AnonPages:       2040456 kB
Mapped:           101760 kB
Shmem:            101152 kB
Slab:              64636 kB
SReclaimable:      38112 kB
SUnreclaim:        26524 kB
KernelStack:        4240 kB
PageTables:        29768 kB
NFS_Unstable:          0 kB
Bounce:                0 kB
WritebackTmp:          0 kB
CommitLimit:     4482928 kB
Committed_AS:    4371740 kB
VmallocTotal:   34359738367 kB
VmallocUsed:      346432 kB
VmallocChunk:   34359384156 kB
HardwareCorrupted:     0 kB
AnonHugePages:   1140736 kB
HugePages_Total:       0
HugePages_Free:        0
HugePages_Rsvd:        0
HugePages_Surp:        0
Hugepagesize:       2048 kB
DirectMap4k:       61828 kB
DirectMap2M:     2949120 kB


CPU:total 2 (2 cores per cpu, 1 threads per core) family 6 model 15 stepping 13, cmov, cx8, fxsr, mmx, sse, sse2, sse3, ssse3, tsc

/proc/cpuinfo:
processor	: 0
vendor_id	: GenuineIntel
cpu family	: 6
model		: 15
model name	: Genuine Intel(R) CPU           T1600  @ 1.66GHz
stepping	: 13
microcode	: 0xa3
cpu MHz		: 1662.448
cache size	: 1024 KB
physical id	: 0
siblings	: 2
core id		: 0
cpu cores	: 2
apicid		: 0
initial apicid	: 0
fpu		: yes
fpu_exception	: yes
cpuid level	: 10
wp		: yes
flags		: fpu vme de pse tsc msr pae mce cx8 apic sep mtrr pge mca cmov pat pse36 clflush dts acpi mmx fxsr sse sse2 ss ht tm pbe syscall nx lm constant_tsc arch_perfmon pebs bts rep_good nopl aperfmperf pni dtes64 monitor ds_cpl tm2 ssse3 cx16 xtpr pdcm lahf_lm dtherm
bogomips	: 3324.89
clflush size	: 64
cache_alignment	: 64
address sizes	: 36 bits physical, 48 bits virtual
power management:

processor	: 1
vendor_id	: GenuineIntel
cpu family	: 6
model		: 15
model name	: Genuine Intel(R) CPU           T1600  @ 1.66GHz
stepping	: 13
microcode	: 0xa3
cpu MHz		: 1662.448
cache size	: 1024 KB
physical id	: 0
siblings	: 2
core id		: 1
cpu cores	: 2
apicid		: 1
initial apicid	: 1
fpu		: yes
fpu_exception	: yes
cpuid level	: 10
wp		: yes
flags		: fpu vme de pse tsc msr pae mce cx8 apic sep mtrr pge mca cmov pat pse36 clflush dts acpi mmx fxsr sse sse2 ss ht tm pbe syscall nx lm constant_tsc arch_perfmon pebs bts rep_good nopl aperfmperf pni dtes64 monitor ds_cpl tm2 ssse3 cx16 xtpr pdcm lahf_lm dtherm
bogomips	: 3324.89
clflush size	: 64
cache_alignment	: 64
address sizes	: 36 bits physical, 48 bits virtual
power management:



Memory: 4k page, physical 2948840k(335880k free), swap 3008508k(2803260k free)

vm_info: Java HotSpot(TM) 64-Bit Server VM (25.101-b13) for linux-amd64 JRE (1.8.0_101-b13), built on Jun 22 2016 02:59:44 by "java_re" with gcc 4.3.0 20080428 (Red Hat 4.3.0-8)

time: Tue Aug 16 18:25:35 2016
elapsed time: 1 seconds (0d 0h 0m 1s)

