#
# A fatal error has been detected by the Java Runtime Environment:
#
#  SIGSEGV (0xb) at pc=0x00007efd34281ef8, pid=3200, tid=0x00007efd30220700
#
# JRE version: Java(TM) SE Runtime Environment (8.0_101-b13) (build 1.8.0_101-b13)
# Java VM: Java HotSpot(TM) 64-Bit Server VM (25.101-b13 mixed mode linux-amd64 compressed oops)
# Problematic frame:
# V  [libjvm.so+0x8e5ef8]  nmethod::flush()+0x48
#
# Failed to write core dump. Core dumps have been disabled. To enable core dumping, try "ulimit -c unlimited" before starting Java again
#
# If you would like to submit a bug report, please visit:
#   http://bugreport.java.com/bugreport/crash.jsp
#

---------------  T H R E A D  ---------------

Current thread (0x00007efd2c0b7800):  JavaThread "C1 CompilerThread1" daemon [_thread_in_vm, id=3221, stack(0x00007efd30120000,0x00007efd30221000)]

siginfo: si_signo: 11 (SIGSEGV), si_code: 128 (SI_KERNEL), si_addr: 0x0000000000000000

Registers:
RAX=0x0000000000000000, RBX=0x00007efd2c005820, RCX=0x00007efd2c0032a0, RDX=0x0000000000000000
RSP=0x00007efd3021f6b0, RBP=0x00007efd3021f6c0, RSI=0x0000000000000000, RDI=0x0f00000000087f81
R8 =0x00007efd34959100, R9 =0x00007efd1d000000, R10=0x0000000000000001, R11=0x0000000000000000
R12=0x00007efd1d105210, R13=0x00007efd3021f6f0, R14=0x00007efd2c01c1a0, R15=0x00007efd2c006b20
RIP=0x00007efd34281ef8, EFLAGS=0x0000000000010206, CSGSFS=0x6466000000000033, ERR=0x0000000000000000
  TRAPNO=0x000000000000000d

Top of Stack: (sp=0x00007efd3021f6b0)
0x00007efd3021f6b0:   00007efd2c005820 00007efd2c01c160
0x00007efd3021f6c0:   00007efd3021f7c0 00007efd343c63e4
0x00007efd3021f6d0:   00007efd1d105210 00007efd2c01c1e0
0x00007efd3021f6e0:   00007efd2c01c588 00000000000003d8
0x00007efd3021f6f0:   0000000000000000 00007efd1d145258
0x00007efd3021f700:   00007efd1d145258 00007efd1d105210
0x00007efd3021f710:   00007efd1d1305d9 00007efd3517008b
0x00007efd3021f720:   00007efd1d11a896 202020200000ffff
0x00007efd3021f730:   00007efd91999e20 00007efd1d145260
0x00007efd3021f740:   00007efca65c5a34 00007efd1d145260
0x00007efd3021f750:   00007efca65c5a34 00007efc9e58764c
0x00007efd3021f760:   00007efd34901550 00007efd3021f6f0
0x00007efd3021f770:   0000000000000000 00007efd2c0b7800
0x00007efd3021f780:   00007efd3021f7b0 00007efd3349c15d
0x00007efd3021f790:   000000b800000001 000000006ded35a3
0x00007efd3021f7a0:   00007efd1d105210 00007efd2c0b7800
0x00007efd3021f7b0:   0000000000000000 00007efd349588f8
0x00007efd3021f7c0:   00007efd3021f7f0 00007efd343c6549
0x00007efd3021f7d0:   00007efd2c005820 00007efd1d105390
0x00007efd3021f7e0:   0000000000000001 0000000000000000
0x00007efd3021f7f0:   00007efd3021f8e0 00007efd343c6a88
0x00007efd3021f800:   00007efd3021f820 00000002342b9b43
0x00007efd3021f810:   00007efd2c005820 00000000000be5cf
0x00007efd3021f820:   0000000050b5f8ce 0000000000000000
0x00007efd3021f830:   00007efd348eea00 0000000000000000
0x00007efd3021f840:   0000000000000000 0000000000000000
0x00007efd3021f850:   0000000000000000 00007efd3021f728
0x00007efd3021f860:   0000000000000036 0000000000000100
0x00007efd3021f870:   00000156db644c01 0000000000000000
0x00007efd3021f880:   00007efd2c0b0001 0000000000069577
0x00007efd3021f890:   0000000050af34b0 00007efd2c0b7800
0x00007efd3021f8a0:   0000000050b5f8ce 0000000000000000 

Instructions: (pc=0x00007efd34281ef8)
0x00007efd34281ed8:   84 83 c2 ff 49 8b bc 24 f8 00 00 00 49 c7 84 24
0x00007efd34281ee8:   f8 00 00 00 00 00 00 00 48 85 ff 74 1c 0f 1f 00
0x00007efd34281ef8:   48 8b 9f 10 01 00 00 be 04 00 00 00 e8 e7 41 03
0x00007efd34281f08:   00 48 85 db 48 89 df 75 e7 41 f6 84 24 db 00 00 

Register to memory mapping:

RAX=0x0000000000000000 is an unknown value
RBX=0x00007efd2c005820 is an unknown value
RCX=0x00007efd2c0032a0 is an unknown value
RDX=0x0000000000000000 is an unknown value
RSP=0x00007efd3021f6b0 is pointing into the stack for thread: 0x00007efd2c0b7800
RBP=0x00007efd3021f6c0 is pointing into the stack for thread: 0x00007efd2c0b7800
RSI=0x0000000000000000 is an unknown value
RDI=0x0f00000000087f81 is an unknown value
R8 =0x00007efd34959100: <offset 0xfbd100> in /usr/lib/jvm/java-8-oracle/jre/lib/amd64/server/libjvm.so at 0x00007efd3399c000
R9 =0x00007efd1d000000 is an unknown value
R10=0x0000000000000001 is an unknown value
R11=0x0000000000000000 is an unknown value
R12=0x00007efd1d105210 is at entry_point+-1467807296 in (nmethod*)0x00007efd1d105210

[error occurred during error reporting (printing register info), id 0xb]

Stack: [0x00007efd30120000,0x00007efd30221000],  sp=0x00007efd3021f6b0,  free space=1021k
Native frames: (J=compiled Java code, j=interpreted, Vv=VM code, C=native code)
V  [libjvm.so+0x8e5ef8]  nmethod::flush()+0x48
V  [libjvm.so+0xa2a3e4]  NMethodSweeper::release_nmethod(nmethod*)+0x184
V  [libjvm.so+0xa2a549]  NMethodSweeper::process_nmethod(nmethod*)+0xd9
V  [libjvm.so+0xa2aa88]  NMethodSweeper::sweep_code_cache()+0x328
V  [libjvm.so+0xa2adf4]  NMethodSweeper::possibly_sweep()+0xb4
V  [libjvm.so+0x4ade05]  CompileQueue::get()+0x15
V  [libjvm.so+0x4b017b]  CompileBroker::compiler_thread_loop()+0x18b
V  [libjvm.so+0xa7343f]  JavaThread::thread_main_inner()+0xdf
V  [libjvm.so+0xa7356c]  JavaThread::run()+0x11c
V  [libjvm.so+0x924698]  java_start(Thread*)+0x108
C  [libpthread.so.0+0x7e9a]  start_thread+0xda


---------------  P R O C E S S  ---------------

Java Threads: ( => current thread )
  0x00007efd2c0c4000 JavaThread "Service Thread" daemon [_thread_blocked, id=3222, stack(0x00007efd3001f000,0x00007efd30120000)]
=>0x00007efd2c0b7800 JavaThread "C1 CompilerThread1" daemon [_thread_in_vm, id=3221, stack(0x00007efd30120000,0x00007efd30221000)]
  0x00007efd2c0b4800 JavaThread "C2 CompilerThread0" daemon [_thread_blocked, id=3220, stack(0x00007efd30221000,0x00007efd30322000)]
  0x00007efd2c0b3000 JavaThread "Signal Dispatcher" daemon [_thread_blocked, id=3219, stack(0x00007efd30322000,0x00007efd30423000)]
  0x00007efd2c080000 JavaThread "Finalizer" daemon [_thread_blocked, id=3213, stack(0x00007efd30423000,0x00007efd30524000)]
  0x00007efd2c07b800 JavaThread "Reference Handler" daemon [_thread_blocked, id=3212, stack(0x00007efd30524000,0x00007efd30625000)]
  0x00007efd2c00a000 JavaThread "main" [_thread_in_vm, id=3203, stack(0x00007efd35481000,0x00007efd35582000)]

Other Threads:
  0x00007efd2c073800 VMThread [stack: 0x00007efd30625000,0x00007efd30726000] [id=3211]
  0x00007efd2c0c7000 WatcherThread [stack: 0x00007efd1a81b000,0x00007efd1a91c000] [id=3223]

VM state:not at safepoint (normal execution)

VM Mutex/Monitor currently owned by a thread:  ([mutex/lock_event])
[0x00007efd2c005820] CodeCache_lock - owner thread: 0x00007efd2c0b7800
[0x00007efd2c006ea0] Compile_lock - owner thread: 0x00007efd2c00a000

Heap:
 PSYoungGen      total 13824K, used 1290K [0x00000000eab00000, 0x00000000eba00000, 0x0000000100000000)
  eden space 12288K, 10% used [0x00000000eab00000,0x00000000eac42910,0x00000000eb700000)
  from space 1536K, 0% used [0x00000000eb880000,0x00000000eb880000,0x00000000eba00000)
  to   space 1536K, 0% used [0x00000000eb700000,0x00000000eb700000,0x00000000eb880000)
 ParOldGen       total 31744K, used 0K [0x00000000c0000000, 0x00000000c1f00000, 0x00000000eab00000)
  object space 31744K, 0% used [0x00000000c0000000,0x00000000c0000000,0x00000000c1f00000)
 Metaspace       used 2871K, capacity 4656K, committed 4864K, reserved 1056768K
  class space    used 311K, capacity 424K, committed 512K, reserved 1048576K

Card table byte_map: [0x00007efd32046000,0x00007efd32247000] byte_map_base: 0x00007efd31a46000

Marking Bits: (ParMarkBitMap*) 0x00007efd3495d120
 Begin Bits: [0x00007efd1b000000, 0x00007efd1c000000)
 End Bits:   [0x00007efd1c000000, 0x00007efd1d000000)

Polling page: 0x00007efd3559e000

CodeCache: size=245760Kb used=1131Kb max_used=1131Kb free=244628Kb
 bounds [0x00007efd1d000000, 0x00007efd1d270000, 0x00007efd2c000000]
 total_blobs=276 nmethods=46 adapters=146
 compilation: enabled

Compilation events (10 events):
Event: 1.217 Thread 0x00007efd2c0b7800   41  s    3       sun.misc.URLClassPath::getNextLoader (88 bytes)
Event: 1.218 Thread 0x00007efd2c0b7800 nmethod 41 0x00007efd1d117090 code [0x00007efd1d117280, 0x00007efd1d117ae8]
Event: 1.218 Thread 0x00007efd2c0b7800   42       3       java.lang.AbstractStringBuilder::expandCapacity (50 bytes)
Event: 1.219 Thread 0x00007efd2c0b7800 nmethod 42 0x00007efd1d117f50 code [0x00007efd1d118100, 0x00007efd1d118638]
Event: 1.227 Thread 0x00007efd2c0b7800   43       3       java.util.zip.ZStreamRef::address (5 bytes)
Event: 1.227 Thread 0x00007efd2c0b7800 nmethod 43 0x00007efd1d118810 code [0x00007efd1d118960, 0x00007efd1d118ab0]
Event: 1.228 Thread 0x00007efd2c0b7800   44   !   3       sun.misc.URLClassPath$JarLoader::getResource (85 bytes)
Event: 1.231 Thread 0x00007efd2c0b7800 nmethod 44 0x00007efd1d118b10 code [0x00007efd1d118dc0, 0x00007efd1d119d58]
Event: 1.354 Thread 0x00007efd2c0b7800   46       3       java.lang.String::<init> (10 bytes)
Event: 1.354 Thread 0x00007efd2c0b7800 nmethod 46 0x00007efd1d11aa90 code [0x00007efd1d11ac00, 0x00007efd1d11add0]

GC Heap History (0 events):
No events

Deoptimization events (0 events):
No events

Internal exceptions (2 events):
Event: 0.302 Thread 0x00007efd2c00a000 Exception <a 'java/lang/NoSuchMethodError': Method sun.misc.Unsafe.defineClass(Ljava/lang/String;[BII)Ljava/lang/Class; name or signature does not match> (0x00000000eab07cc0) thrown at [/HUDSON3/workspace/8-2-build-linux-amd64/jdk8u101/7261/hotspot/src/sh
Event: 0.303 Thread 0x00007efd2c00a000 Exception <a 'java/lang/NoSuchMethodError': Method sun.misc.Unsafe.prefetchRead(Ljava/lang/Object;J)V name or signature does not match> (0x00000000eab07fa8) thrown at [/HUDSON3/workspace/8-2-build-linux-amd64/jdk8u101/7261/hotspot/src/share/vm/prims/jni.c

Events (10 events):
Event: 1.232 loading class java/security/NoSuchAlgorithmException done
Event: 1.232 loading class java/security/DigestException
Event: 1.232 loading class java/security/DigestException done
Event: 1.233 loading class com/android/dx/rop/cst/Constant
Event: 1.233 loading class com/android/dx/rop/cst/Constant done
Event: 1.353 loading class com/android/dx/util/ToHuman
Event: 1.353 loading class com/android/dx/util/ToHuman done
Event: 1.353 loading class com/android/dx/rop/cst/CstType
Event: 1.353 loading class com/android/dx/rop/cst/CstType done
Event: 1.355 Thread 0x00007efd2c0b7800 flushing nmethod 0x00007efd1d105210


Dynamic libraries:
00400000-00401000 r-xp 00000000 08:01 3279757                            /usr/lib/jvm/java-8-oracle/bin/java
00600000-00601000 rw-p 00000000 08:01 3279757                            /usr/lib/jvm/java-8-oracle/bin/java
00d86000-00da7000 rw-p 00000000 00:00 0                                  [heap]
c0000000-c1f00000 rw-p 00000000 00:00 0 
c1f00000-eab00000 ---p 00000000 00:00 0 
eab00000-eba00000 rw-p 00000000 00:00 0 
eba00000-100000000 ---p 00000000 00:00 0 
100000000-100080000 rw-p 00000000 00:00 0 
100080000-140000000 ---p 00000000 00:00 0 
7efcec000000-7efcec021000 rw-p 00000000 00:00 0 
7efcec021000-7efcf0000000 ---p 00000000 00:00 0 
7efcf4000000-7efcf42e6000 rw-p 00000000 00:00 0 
7efcf42e6000-7efcf8000000 ---p 00000000 00:00 0 
7efcf8000000-7efcf8021000 rw-p 00000000 00:00 0 
7efcf8021000-7efcfc000000 ---p 00000000 00:00 0 
7efcfc000000-7efcfc021000 rw-p 00000000 00:00 0 
7efcfc021000-7efd00000000 ---p 00000000 00:00 0 
7efd00000000-7efd00046000 rw-p 00000000 00:00 0 
7efd00046000-7efd04000000 ---p 00000000 00:00 0 
7efd04000000-7efd04021000 rw-p 00000000 00:00 0 
7efd04021000-7efd08000000 ---p 00000000 00:00 0 
7efd08000000-7efd08021000 rw-p 00000000 00:00 0 
7efd08021000-7efd0c000000 ---p 00000000 00:00 0 
7efd0c000000-7efd0c021000 rw-p 00000000 00:00 0 
7efd0c021000-7efd10000000 ---p 00000000 00:00 0 
7efd10000000-7efd10021000 rw-p 00000000 00:00 0 
7efd10021000-7efd14000000 ---p 00000000 00:00 0 
7efd14000000-7efd14021000 rw-p 00000000 00:00 0 
7efd14021000-7efd18000000 ---p 00000000 00:00 0 
7efd1a81b000-7efd1a81c000 ---p 00000000 00:00 0 
7efd1a81c000-7efd1a91c000 rw-p 00000000 00:00 0                          [stack:3223]
7efd1a91c000-7efd1b000000 r--p 00000000 08:01 13113697                   /usr/lib/locale/locale-archive
7efd1b000000-7efd1d000000 rw-p 00000000 00:00 0 
7efd1d000000-7efd1d270000 rwxp 00000000 00:00 0 
7efd1d270000-7efd2c000000 ---p 00000000 00:00 0 
7efd2c000000-7efd2c38f000 rw-p 00000000 00:00 0 
7efd2c38f000-7efd30000000 ---p 00000000 00:00 0 
7efd3001f000-7efd30022000 ---p 00000000 00:00 0 
7efd30022000-7efd30120000 rw-p 00000000 00:00 0                          [stack:3222]
7efd30120000-7efd30123000 ---p 00000000 00:00 0 
7efd30123000-7efd30221000 rw-p 00000000 00:00 0                          [stack:3221]
7efd30221000-7efd30224000 ---p 00000000 00:00 0 
7efd30224000-7efd30322000 rw-p 00000000 00:00 0                          [stack:3220]
7efd30322000-7efd30325000 ---p 00000000 00:00 0 
7efd30325000-7efd30423000 rw-p 00000000 00:00 0                          [stack:3219]
7efd30423000-7efd30426000 ---p 00000000 00:00 0 
7efd30426000-7efd30524000 rw-p 00000000 00:00 0                          [stack:3213]
7efd30524000-7efd30527000 ---p 00000000 00:00 0 
7efd30527000-7efd30625000 rw-p 00000000 00:00 0                          [stack:3212]
7efd30625000-7efd30626000 ---p 00000000 00:00 0 
7efd30626000-7efd3109f000 rw-p 00000000 00:00 0                          [stack:3211]
7efd3109f000-7efd31278000 r--s 03d29000 08:01 13118676                   /usr/lib/jvm/java-8-oracle/jre/lib/rt.jar
7efd31278000-7efd3172e000 rw-p 00000000 00:00 0 
7efd3172e000-7efd31aee000 ---p 00000000 00:00 0 
7efd31aee000-7efd31cee000 rw-p 00000000 00:00 0 
7efd31cee000-7efd31cef000 ---p 00000000 00:00 0 
7efd31cef000-7efd31def000 rw-p 00000000 00:00 0                          [stack:3208]
7efd31def000-7efd31df0000 ---p 00000000 00:00 0 
7efd31df0000-7efd31f00000 rw-p 00000000 00:00 0                          [stack:3207]
7efd31f00000-7efd32046000 ---p 00000000 00:00 0 
7efd32046000-7efd32056000 rw-p 00000000 00:00 0 
7efd32056000-7efd3219b000 ---p 00000000 00:00 0 
7efd3219b000-7efd321a3000 rw-p 00000000 00:00 0 
7efd321a3000-7efd32246000 ---p 00000000 00:00 0 
7efd32246000-7efd32251000 rw-p 00000000 00:00 0 
7efd32251000-7efd32607000 ---p 00000000 00:00 0 
7efd32607000-7efd32621000 r-xp 00000000 08:01 13766358                   /usr/lib/jvm/java-8-oracle/jre/lib/amd64/libzip.so
7efd32621000-7efd32821000 ---p 0001a000 08:01 13766358                   /usr/lib/jvm/java-8-oracle/jre/lib/amd64/libzip.so
7efd32821000-7efd32822000 rw-p 0001a000 08:01 13766358                   /usr/lib/jvm/java-8-oracle/jre/lib/amd64/libzip.so
7efd32822000-7efd3282d000 r-xp 00000000 08:01 2621673                    /lib/x86_64-linux-gnu/libnss_files-2.15.so
7efd3282d000-7efd32a2c000 ---p 0000b000 08:01 2621673                    /lib/x86_64-linux-gnu/libnss_files-2.15.so
7efd32a2c000-7efd32a2d000 r--p 0000a000 08:01 2621673                    /lib/x86_64-linux-gnu/libnss_files-2.15.so
7efd32a2d000-7efd32a2e000 rw-p 0000b000 08:01 2621673                    /lib/x86_64-linux-gnu/libnss_files-2.15.so
7efd32a2e000-7efd32a38000 r-xp 00000000 08:01 2621658                    /lib/x86_64-linux-gnu/libnss_nis-2.15.so
7efd32a38000-7efd32c38000 ---p 0000a000 08:01 2621658                    /lib/x86_64-linux-gnu/libnss_nis-2.15.so
7efd32c38000-7efd32c39000 r--p 0000a000 08:01 2621658                    /lib/x86_64-linux-gnu/libnss_nis-2.15.so
7efd32c39000-7efd32c3a000 rw-p 0000b000 08:01 2621658                    /lib/x86_64-linux-gnu/libnss_nis-2.15.so
7efd32c3a000-7efd32c51000 r-xp 00000000 08:01 2621667                    /lib/x86_64-linux-gnu/libnsl-2.15.so
7efd32c51000-7efd32e50000 ---p 00017000 08:01 2621667                    /lib/x86_64-linux-gnu/libnsl-2.15.so
7efd32e50000-7efd32e51000 r--p 00016000 08:01 2621667                    /lib/x86_64-linux-gnu/libnsl-2.15.so
7efd32e51000-7efd32e52000 rw-p 00017000 08:01 2621667                    /lib/x86_64-linux-gnu/libnsl-2.15.so
7efd32e52000-7efd32e54000 rw-p 00000000 00:00 0 
7efd32e54000-7efd32e5c000 r-xp 00000000 08:01 2621672                    /lib/x86_64-linux-gnu/libnss_compat-2.15.so
7efd32e5c000-7efd3305b000 ---p 00008000 08:01 2621672                    /lib/x86_64-linux-gnu/libnss_compat-2.15.so
7efd3305b000-7efd3305c000 r--p 00007000 08:01 2621672                    /lib/x86_64-linux-gnu/libnss_compat-2.15.so
7efd3305c000-7efd3305d000 rw-p 00008000 08:01 2621672                    /lib/x86_64-linux-gnu/libnss_compat-2.15.so
7efd3305d000-7efd33087000 r-xp 00000000 08:01 13766323                   /usr/lib/jvm/java-8-oracle/jre/lib/amd64/libjava.so
7efd33087000-7efd33287000 ---p 0002a000 08:01 13766323                   /usr/lib/jvm/java-8-oracle/jre/lib/amd64/libjava.so
7efd33287000-7efd33289000 rw-p 0002a000 08:01 13766323                   /usr/lib/jvm/java-8-oracle/jre/lib/amd64/libjava.so
7efd33289000-7efd33296000 r-xp 00000000 08:01 13766361                   /usr/lib/jvm/java-8-oracle/jre/lib/amd64/libverify.so
7efd33296000-7efd33496000 ---p 0000d000 08:01 13766361                   /usr/lib/jvm/java-8-oracle/jre/lib/amd64/libverify.so
7efd33496000-7efd33498000 rw-p 0000d000 08:01 13766361                   /usr/lib/jvm/java-8-oracle/jre/lib/amd64/libverify.so
7efd33498000-7efd3349f000 r-xp 00000000 08:01 2621660                    /lib/x86_64-linux-gnu/librt-2.15.so
7efd3349f000-7efd3369e000 ---p 00007000 08:01 2621660                    /lib/x86_64-linux-gnu/librt-2.15.so
7efd3369e000-7efd3369f000 r--p 00006000 08:01 2621660                    /lib/x86_64-linux-gnu/librt-2.15.so
7efd3369f000-7efd336a0000 rw-p 00007000 08:01 2621660                    /lib/x86_64-linux-gnu/librt-2.15.so
7efd336a0000-7efd3379b000 r-xp 00000000 08:01 2621674                    /lib/x86_64-linux-gnu/libm-2.15.so
7efd3379b000-7efd3399a000 ---p 000fb000 08:01 2621674                    /lib/x86_64-linux-gnu/libm-2.15.so
7efd3399a000-7efd3399b000 r--p 000fa000 08:01 2621674                    /lib/x86_64-linux-gnu/libm-2.15.so
7efd3399b000-7efd3399c000 rw-p 000fb000 08:01 2621674                    /lib/x86_64-linux-gnu/libm-2.15.so
7efd3399c000-7efd34667000 r-xp 00000000 08:01 13894575                   /usr/lib/jvm/java-8-oracle/jre/lib/amd64/server/libjvm.so
7efd34667000-7efd34866000 ---p 00ccb000 08:01 13894575                   /usr/lib/jvm/java-8-oracle/jre/lib/amd64/server/libjvm.so
7efd34866000-7efd3493f000 rw-p 00cca000 08:01 13894575                   /usr/lib/jvm/java-8-oracle/jre/lib/amd64/server/libjvm.so
7efd3493f000-7efd3498a000 rw-p 00000000 00:00 0 
7efd3498a000-7efd34b3e000 r-xp 00000000 08:01 2621665                    /lib/x86_64-linux-gnu/libc-2.15.so
7efd34b3e000-7efd34d3d000 ---p 001b4000 08:01 2621665                    /lib/x86_64-linux-gnu/libc-2.15.so
7efd34d3d000-7efd34d41000 r--p 001b3000 08:01 2621665                    /lib/x86_64-linux-gnu/libc-2.15.so
7efd34d41000-7efd34d43000 rw-p 001b7000 08:01 2621665                    /lib/x86_64-linux-gnu/libc-2.15.so
7efd34d43000-7efd34d48000 rw-p 00000000 00:00 0 
7efd34d48000-7efd34d4a000 r-xp 00000000 08:01 2621657                    /lib/x86_64-linux-gnu/libdl-2.15.so
7efd34d4a000-7efd34f4a000 ---p 00002000 08:01 2621657                    /lib/x86_64-linux-gnu/libdl-2.15.so
7efd34f4a000-7efd34f4b000 r--p 00002000 08:01 2621657                    /lib/x86_64-linux-gnu/libdl-2.15.so
7efd34f4b000-7efd34f4c000 rw-p 00003000 08:01 2621657                    /lib/x86_64-linux-gnu/libdl-2.15.so
7efd34f4c000-7efd34f61000 r-xp 00000000 08:01 2627921                    /usr/lib/jvm/java-8-oracle/lib/amd64/jli/libjli.so
7efd34f61000-7efd35161000 ---p 00015000 08:01 2627921                    /usr/lib/jvm/java-8-oracle/lib/amd64/jli/libjli.so
7efd35161000-7efd35162000 rw-p 00015000 08:01 2627921                    /usr/lib/jvm/java-8-oracle/lib/amd64/jli/libjli.so
7efd35162000-7efd3517a000 r-xp 00000000 08:01 2621668                    /lib/x86_64-linux-gnu/libpthread-2.15.so
7efd3517a000-7efd35379000 ---p 00018000 08:01 2621668                    /lib/x86_64-linux-gnu/libpthread-2.15.so
7efd35379000-7efd3537a000 r--p 00017000 08:01 2621668                    /lib/x86_64-linux-gnu/libpthread-2.15.so
7efd3537a000-7efd3537b000 rw-p 00018000 08:01 2621668                    /lib/x86_64-linux-gnu/libpthread-2.15.so
7efd3537b000-7efd3537f000 rw-p 00000000 00:00 0 
7efd3537f000-7efd353a1000 r-xp 00000000 08:01 2621671                    /lib/x86_64-linux-gnu/ld-2.15.so
7efd353a6000-7efd35481000 rw-p 00000000 00:00 0 
7efd35481000-7efd35484000 ---p 00000000 00:00 0 
7efd35484000-7efd35586000 rw-p 00000000 00:00 0                          [stack:3203]
7efd35586000-7efd35595000 r--s 000df000 08:01 11274850                   /root/Android/Sdk/build-tools/23.0.3/lib/dx.jar
7efd35595000-7efd3559d000 rw-s 00000000 08:01 4849833                    /tmp/hsperfdata_root/3200
7efd3559d000-7efd3559e000 rw-p 00000000 00:00 0 
7efd3559e000-7efd3559f000 r--p 00000000 00:00 0 
7efd3559f000-7efd355a1000 rw-p 00000000 00:00 0 
7efd355a1000-7efd355a2000 r--p 00022000 08:01 2621671                    /lib/x86_64-linux-gnu/ld-2.15.so
7efd355a2000-7efd355a4000 rw-p 00023000 08:01 2621671                    /lib/x86_64-linux-gnu/ld-2.15.so
7fff1565a000-7fff1567b000 rw-p 00000000 00:00 0                          [stack]
7fff157ef000-7fff157f1000 r-xp 00000000 00:00 0                          [vdso]
ffffffffff600000-ffffffffff601000 r-xp 00000000 00:00 0                  [vsyscall]

VM Arguments:
jvm_args: -Djava.awt.headless=true -Xmx1024M -Dfile.encoding=UTF-8 -Duser.country=US -Duser.language=en -Duser.variant 
java_command: com.android.dx.command.Main --dex --force-jumbo --num-threads=4 --output /home/lin/other/AndroidProjects/Radio/app/build/intermediates/pre-dexed/debug/library-2.4.0_966625304e7208badec13abab7a99ab1be33bd6f.jar /root/.gradle/caches/modules-2/files-2.1/com.nineoldandroids/library/2.4.0/e9b63380f3a242dbdbf103a2355ad7e43bad17cb/library-2.4.0.jar
java_class_path (initial): /root/Android/Sdk/build-tools/23.0.3/lib/dx.jar
Launcher Type: SUN_STANDARD

Environment Variables:
PATH=/usr/local/sbin:/usr/local/bin:/usr/sbin:/usr/bin:/sbin:/bin
USERNAME=root
LD_LIBRARY_PATH=/opt/android-studio/bin:
SHELL=/bin/bash
DISPLAY=:0.0

Signal Handlers:
SIGSEGV: [libjvm.so+0xac4790], sa_mask[0]=11111111011111111101111111111110, sa_flags=SA_RESTART|SA_SIGINFO
SIGBUS: [libjvm.so+0xac4790], sa_mask[0]=11111111011111111101111111111110, sa_flags=SA_RESTART|SA_SIGINFO
SIGFPE: [libjvm.so+0x91f140], sa_mask[0]=11111111011111111101111111111110, sa_flags=SA_RESTART|SA_SIGINFO
SIGPIPE: [libjvm.so+0x91f140], sa_mask[0]=11111111011111111101111111111110, sa_flags=SA_RESTART|SA_SIGINFO
SIGXFSZ: [libjvm.so+0x91f140], sa_mask[0]=11111111011111111101111111111110, sa_flags=SA_RESTART|SA_SIGINFO
SIGILL: [libjvm.so+0x91f140], sa_mask[0]=11111111011111111101111111111110, sa_flags=SA_RESTART|SA_SIGINFO
SIGUSR1: SIG_DFL, sa_mask[0]=00000000000000000000000000000000, sa_flags=none
SIGUSR2: [libjvm.so+0x920770], sa_mask[0]=00100000000000000000000000000000, sa_flags=SA_RESTART|SA_SIGINFO
SIGHUP: [libjvm.so+0x921b70], sa_mask[0]=11111111011111111101111111111110, sa_flags=SA_RESTART|SA_SIGINFO
SIGINT: [libjvm.so+0x921b70], sa_mask[0]=11111111011111111101111111111110, sa_flags=SA_RESTART|SA_SIGINFO
SIGTERM: [libjvm.so+0x921b70], sa_mask[0]=11111111011111111101111111111110, sa_flags=SA_RESTART|SA_SIGINFO
SIGQUIT: [libjvm.so+0x921b70], sa_mask[0]=11111111011111111101111111111110, sa_flags=SA_RESTART|SA_SIGINFO


---------------  S Y S T E M  ---------------

OS:DISTRIB_ID=Ubuntu
DISTRIB_RELEASE=12.04
DISTRIB_CODENAME=precise
DISTRIB_DESCRIPTION="Ubuntu 12.04.5 LTS"

uname:Linux 3.13.0-95-generic #142~precise1-Ubuntu SMP Fri Aug 12 18:20:15 UTC 2016 x86_64
libc:glibc 2.15 NPTL 2.15 
rlimit: STACK 8192k, CORE 0k, NPROC 22873, NOFILE 4096, AS infinity
load average:6.79 3.80 1.92

/proc/meminfo:
MemTotal:        2948840 kB
MemFree:          188456 kB
Buffers:           39888 kB
Cached:           731612 kB
SwapCached:            0 kB
Active:          1965216 kB
Inactive:         631764 kB
Active(anon):    1630140 kB
Inactive(anon):   308856 kB
Active(file):     335076 kB
Inactive(file):   322908 kB
Unevictable:           0 kB
Mlocked:               0 kB
SwapTotal:       3008508 kB
SwapFree:        3008416 kB
Dirty:              4800 kB
Writeback:             0 kB
AnonPages:       1825516 kB
Mapped:           189372 kB
Shmem:            113516 kB
Slab:              80924 kB
SReclaimable:      56120 kB
SUnreclaim:        24804 kB
KernelStack:        4304 kB
PageTables:        30516 kB
NFS_Unstable:          0 kB
Bounce:                0 kB
WritebackTmp:          0 kB
CommitLimit:     4482928 kB
Committed_AS:    4475800 kB
VmallocTotal:   34359738367 kB
VmallocUsed:      346432 kB
VmallocChunk:   34359385180 kB
HardwareCorrupted:     0 kB
AnonHugePages:    751616 kB
HugePages_Total:       0
HugePages_Free:        0
HugePages_Rsvd:        0
HugePages_Surp:        0
Hugepagesize:       2048 kB
DirectMap4k:       57732 kB
DirectMap2M:     2953216 kB


CPU:total 2 (2 cores per cpu, 1 threads per core) family 6 model 15 stepping 13, cmov, cx8, fxsr, mmx, sse, sse2, sse3, ssse3, tsc

/proc/cpuinfo:
processor	: 0
vendor_id	: GenuineIntel
cpu family	: 6
model		: 15
model name	: Genuine Intel(R) CPU           T1600  @ 1.66GHz
stepping	: 13
microcode	: 0xa3
cpu MHz		: 1662.464
cache size	: 1024 KB
physical id	: 0
siblings	: 2
core id		: 0
cpu cores	: 2
apicid		: 0
initial apicid	: 0
fpu		: yes
fpu_exception	: yes
cpuid level	: 10
wp		: yes
flags		: fpu vme de pse tsc msr pae mce cx8 apic sep mtrr pge mca cmov pat pse36 clflush dts acpi mmx fxsr sse sse2 ss ht tm pbe syscall nx lm constant_tsc arch_perfmon pebs bts rep_good nopl aperfmperf pni dtes64 monitor ds_cpl tm2 ssse3 cx16 xtpr pdcm lahf_lm dtherm
bogomips	: 3324.92
clflush size	: 64
cache_alignment	: 64
address sizes	: 36 bits physical, 48 bits virtual
power management:

processor	: 1
vendor_id	: GenuineIntel
cpu family	: 6
model		: 15
model name	: Genuine Intel(R) CPU           T1600  @ 1.66GHz
stepping	: 13
microcode	: 0xa3
cpu MHz		: 1662.464
cache size	: 1024 KB
physical id	: 0
siblings	: 2
core id		: 1
cpu cores	: 2
apicid		: 1
initial apicid	: 1
fpu		: yes
fpu_exception	: yes
cpuid level	: 10
wp		: yes
flags		: fpu vme de pse tsc msr pae mce cx8 apic sep mtrr pge mca cmov pat pse36 clflush dts acpi mmx fxsr sse sse2 ss ht tm pbe syscall nx lm constant_tsc arch_perfmon pebs bts rep_good nopl aperfmperf pni dtes64 monitor ds_cpl tm2 ssse3 cx16 xtpr pdcm lahf_lm dtherm
bogomips	: 3324.92
clflush size	: 64
cache_alignment	: 64
address sizes	: 36 bits physical, 48 bits virtual
power management:



Memory: 4k page, physical 2948840k(188456k free), swap 3008508k(3008416k free)

vm_info: Java HotSpot(TM) 64-Bit Server VM (25.101-b13) for linux-amd64 JRE (1.8.0_101-b13), built on Jun 22 2016 02:59:44 by "java_re" with gcc 4.3.0 20080428 (Red Hat 4.3.0-8)

time: Tue Aug 30 15:19:58 2016
elapsed time: 1 seconds (0d 0h 0m 1s)

