#
# A fatal error has been detected by the Java Runtime Environment:
#
#  SIGSEGV (0xb) at pc=0x00007f45d7cf0323, pid=2897, tid=139937916929792
#
# JRE version: Java(TM) SE Runtime Environment (8.0_91-b14) (build 1.8.0_91-b14)
# Java VM: Java HotSpot(TM) 64-Bit Server VM (25.91-b14 mixed mode linux-amd64 compressed oops)
# Problematic frame:
# V  [libjvm.so+0x3fe323]  CardTableExtension::scavenge_contents_parallel(ObjectStartArray*, MutableSpace*, HeapWord*, PSPromotionManager*, unsigned int, unsigned int)+0x573
#
# Failed to write core dump. Core dumps have been disabled. To enable core dumping, try "ulimit -c unlimited" before starting Java again
#
# If you would like to submit a bug report, please visit:
#   http://bugreport.java.com/bugreport/crash.jsp
#

---------------  T H R E A D  ---------------

Current thread (0x00007f45d0021000):  GCTaskThread [stack: 0x00007f45d5c44000,0x00007f45d5d45000] [nId=2903]

siginfo: si_signo: 11 (SIGSEGV), si_code: 2 (SEGV_ACCERR), si_addr: 0x00000001002840a0

Registers:
RAX=0x00007f45d8875490, RBX=0x00000000c0904028, RCX=0x0000000000000003, RDX=0x00007f45d8899879
RSP=0x00007f45d5d43ca0, RBP=0x00007f45d5d43d50, RSI=0x0000000000000018, RDI=0x0000000100284098
R8 =0x00007f45d8875480, R9 =0x00007f45d88a8ed0, R10=0x00000000ee22f0d0, R11=0x00007f45d5d43c50
R12=0x00000000c0906600, R13=0x00007f45d5fa0833, R14=0x00007f45d001ae40, R15=0x00007f45d5fa0881
RIP=0x00007f45d7cf0323, EFLAGS=0x0000000000010202, CSGSFS=0x0000000000000033, ERR=0x0000000000000004
  TRAPNO=0x000000000000000e

Top of Stack: (sp=0x00007f45d5d43ca0)
0x00007f45d5d43ca0:   00007f45d001ecd0 00007f45d5fa0880
0x00007f45d5d43cb0:   00007f45d5fa0801 00007f45d8899879
0x00007f45d5d43cc0:   00007f45d0071280 00000000c0b2da50
0x00007f45d5d43cd0:   00007f45d001ab80 00007f45d5fa196e
0x00007f45d5d43ce0:   00000000c0900200 0000000000000100
0x00007f45d5d43cf0:   00000000c0910010 00007f45d5fa0809
0x00007f45d5d43d00:   0000000000000240 00007f45d5fa0900
0x00007f45d5d43d10:   00007f45d5fa0900 00007f45d5fa0833
0x00007f45d5d43d20:   00007f45d5fa0809 00007f45d0023640
0x00007f45d5d43d30:   00007f45d0071280 0000000000000001
0x00007f45d5d43d40:   00007f45d00215a0 00007f45d843816c
0x00007f45d5d43d50:   00007f45d5d43d80 00007f45d827b6cb
0x00007f45d5d43d60:   00007f4500000002 0000000000000001
0x00007f45d5d43d70:   00007f45d0023640 00007f45d0021000
0x00007f45d5d43d80:   00007f45d5d43e90 00007f45d7ec784f
0x00007f45d5d43d90:   0000000000000000 00007f45d5d43dd0
0x00007f45d5d43da0:   00007f45d5d43e50 0000000000000000
0x00007f45d5d43db0:   00007f45d00215e0 00007f45d00215f0
0x00007f45d5d43dc0:   00007f45d00219c8 00000000000003d8
0x00007f45d5d43dd0:   00007f45d0021000 00007f45d00219d0
0x00007f45d5d43de0:   00007f45d0021a10 00007f45d0021a20
0x00007f45d5d43df0:   00007f45d0021af8 00000000000000d8
0x00007f45d5d43e00:   00007f45d5d43e10 00007f45d81cb247
0x00007f45d5d43e10:   00007f45d0021000 00007f45d00219d0
0x00007f45d5d43e20:   00007f45d0021a10 00007f45d0021a20
0x00007f45d5d43e30:   00007f45d0021af8 00000000000000d8
0x00007f45d5d43e40:   00007f45d0021c30 00007f45d81cbb06
0x00007f45d5d43e50:   0000000000000000 00007f45d0021000
0x00007f45d5d43e60:   00007f45d5d43e90 0000000000000000
0x00007f45d5d43e70:   00007f45d00225a0 00007f45d00224b0
0x00007f45d5d43e80:   00007f45d0021000 0000000000000003
0x00007f45d5d43e90:   00007f45d5d43ee0 00007f45d8210f78 

Instructions: (pc=0x00007f45d7cf0323)
0x00007f45d7cf0303:   04 00 00 48 98 48 89 45 b0 eb 6d 66 90 48 8b 05
0x00007f45d7cf0313:   91 61 b6 00 8b 7b 08 8b 48 08 48 d3 e7 48 03 38
0x00007f45d7cf0323:   81 7f 08 ff ff ff bf 76 70 48 8b 8d 68 ff ff ff
0x00007f45d7cf0333:   0f b6 11 84 d2 0f 84 22 04 00 00 48 8b 05 63 61 

Register to memory mapping:

RAX=0x00007f45d8875490: <offset 0xf83490> in /usr/lib/jvm/java-8-oracle/jre/lib/amd64/server/libjvm.so at 0x00007f45d78f2000
RBX=
[error occurred during error reporting (printing register info), nId 0xb]

Stack: [0x00007f45d5c44000,0x00007f45d5d45000],  sp=0x00007f45d5d43ca0,  free space=1023k
Native frames: (J=compiled Java code, j=interpreted, Vv=VM code, C=native code)
V  [libjvm.so+0x3fe323]  CardTableExtension::scavenge_contents_parallel(ObjectStartArray*, MutableSpace*, HeapWord*, PSPromotionManager*, unsigned int, unsigned int)+0x573
V  [libjvm.so+0x9896cb]  OldToYoungRootsTask::do_it(GCTaskManager*, unsigned int)+0x4b
V  [libjvm.so+0x5d584f]  GCTaskThread::run()+0x12f
V  [libjvm.so+0x91ef78]  java_start(Thread*)+0x108


---------------  P R O C E S S  ---------------

Java Threads: ( => current thread )
  0x00007f45d015a000 JavaThread "pool-1-thread-4" [_thread_blocked, nId=2917, stack(0x00007f45be215000,0x00007f45be316000)]
  0x00007f45d0158800 JavaThread "pool-1-thread-3" [_thread_blocked, nId=2916, stack(0x00007f45be316000,0x00007f45be417000)]
  0x00007f45d0157800 JavaThread "pool-1-thread-2" [_thread_blocked, nId=2915, stack(0x00007f45be417000,0x00007f45be518000)]
  0x00007f45d0152800 JavaThread "pool-2-thread-1" [_thread_blocked, nId=2914, stack(0x00007f45be518000,0x00007f45be619000)]
  0x00007f45d0150800 JavaThread "pool-1-thread-1" [_thread_blocked, nId=2913, stack(0x00007f45be619000,0x00007f45be71a000)]
  0x00007f45d00ba000 JavaThread "Service Thread" daemon [_thread_blocked, nId=2910, stack(0x00007f45be81b000,0x00007f45be91c000)]
  0x00007f45d00b7800 JavaThread "C1 CompilerThread1" daemon [_thread_blocked, nId=2909, stack(0x00007f45d4076000,0x00007f45d4177000)]
  0x00007f45d00b4800 JavaThread "C2 CompilerThread0" daemon [_thread_in_native, nId=2908, stack(0x00007f45d4177000,0x00007f45d4278000)]
  0x00007f45d00b3000 JavaThread "Signal Dispatcher" daemon [_thread_blocked, nId=2907, stack(0x00007f45d4278000,0x00007f45d4379000)]
  0x00007f45d0080000 JavaThread "Finalizer" daemon [_thread_blocked, nId=2906, stack(0x00007f45d4379000,0x00007f45d447a000)]
  0x00007f45d007b800 JavaThread "Reference Handler" daemon [_thread_blocked, nId=2905, stack(0x00007f45d447a000,0x00007f45d457b000)]
  0x00007f45d000a000 JavaThread "main" [_thread_blocked, nId=2899, stack(0x00007f45d93cc000,0x00007f45d94cd000)]

Other Threads:
  0x00007f45d0073800 VMThread [stack: 0x00007f45d457b000,0x00007f45d467c000] [nId=2904]
  0x00007f45d00bd000 WatcherThread [stack: 0x00007f45be71a000,0x00007f45be81b000] [nId=2911]

=>0x00007f45d0021000 (exited) GCTaskThread [stack: 0x00007f45d5c44000,0x00007f45d5d45000] [nId=2903]

VM state:at safepoint (normal execution)

VM Mutex/Monitor currently owned by a thread:  ([mutex/lock_event])
[0x00007f45d00064c0] Threads_lock - owner thread: 0x00007f45d0073800
[0x00007f45d00069c0] Heap_lock - owner thread: 0x00007f45d0158800

Heap:
 PSYoungGen      total 26112K, used 26097K [0x00000000eab00000, 0x00000000ee900000, 0x0000000100000000)
  eden space 24576K, 100% used [0x00000000eab00000,0x00000000ec300000,0x00000000ec300000)
  from space 1536K, 99% used [0x00000000ec300000,0x00000000ec47c5c0,0x00000000ec480000)
  to   space 7168K, 57% used [0x00000000ee200000,0x00000000ee6085d0,0x00000000ee900000)
 ParOldGen       total 31744K, used 11446K [0x00000000c0000000, 0x00000000c1f00000, 0x00000000eab00000)
  object space 31744K, 36% used [0x00000000c0000000,0x00000000c0b2da50,0x00000000c1f00000)
 Metaspace       used 5855K, capacity 6832K, committed 7040K, reserved 1056768K
  class space    used 594K, capacity 616K, committed 640K, reserved 1048576K

Card table byte_map: [0x00007f45d5f9c000,0x00007f45d619d000] byte_map_base: 0x00007f45d599c000

Marking Bits: (ParMarkBitMap*) 0x00007f45d88a8d60
 Begin Bits: [0x00007f45bf000000, 0x00007f45c0000000)
 End Bits:   [0x00007f45c0000000, 0x00007f45c1000000)

Polling page: 0x00007f45d94e9000

CodeCache: size=245760Kb used=3635Kb max_used=3635Kb free=242124Kb
 bounds [0x00007f45c1000000, 0x00007f45c1390000, 0x00007f45d0000000]
 total_blobs=1258 nmethods=992 adapters=182
 compilation: enabled

Compilation events (10 events):
Event: 6.543 Thread 0x00007f45d00b7800 nmethod 1196 0x00007f45c1388b50 code [0x00007f45c1388cc0, 0x00007f45c1388ef0]
Event: 6.543 Thread 0x00007f45d00b7800 1205   !   2       com.android.dx.rop.type.Prototype::intern (233 bytes)
Event: 6.565 Thread 0x00007f45d00b7800 nmethod 1205 0x00007f45c13890d0 code [0x00007f45c13893e0, 0x00007f45c138a338]
Event: 6.565 Thread 0x00007f45d00b7800 1128       2       com.android.dx.dex.file.Section::throwIfPrepared (18 bytes)
Event: 6.565 Thread 0x00007f45d00b7800 nmethod 1128 0x00007f45c138b590 code [0x00007f45c138b700, 0x00007f45c138b908]
Event: 6.565 Thread 0x00007f45d00b7800 1076       2       com.android.dx.dex.file.Item::<init> (5 bytes)
Event: 6.566 Thread 0x00007f45d00b7800 nmethod 1076 0x00007f45c138b9d0 code [0x00007f45c138bb20, 0x00007f45c138bc70]
Event: 6.566 Thread 0x00007f45d00b7800 1206   !   2       com.android.dx.cf.direct.AttributeFactory::parse (248 bytes)
Event: 6.606 Thread 0x00007f45d00b7800 nmethod 1206 0x00007f45c138bd10 code [0x00007f45c138c120, 0x00007f45c138da68]
Event: 6.606 Thread 0x00007f45d00b7800 1221       3       com.android.dx.rop.code.LocalVariableExtractor::processBlock (327 bytes)

GC Heap History (10 events):
Event: 0.871 GC heap after
Heap after GC invocations=1 (full 0):
 PSYoungGen      total 13824K, used 861K [0x00000000eab00000, 0x00000000eba00000, 0x0000000100000000)
  eden space 12288K, 0% used [0x00000000eab00000,0x00000000eab00000,0x00000000eb700000)
  from space 1536K, 56% used [0x00000000eb700000,0x00000000eb7d7620,0x00000000eb880000)
  to   space 1536K, 0% used [0x00000000eb880000,0x00000000eb880000,0x00000000eba00000)
 ParOldGen       total 31744K, used 0K [0x00000000c0000000, 0x00000000c1f00000, 0x00000000eab00000)
  object space 31744K, 0% used [0x00000000c0000000,0x00000000c0000000,0x00000000c1f00000)
 Metaspace       used 3344K, capacity 4720K, committed 4864K, reserved 1056768K
  class space    used 359K, capacity 424K, committed 512K, reserved 1048576K
}
Event: 2.480 GC heap before
{Heap before GC invocations=2 (full 0):
 PSYoungGen      total 13824K, used 13149K [0x00000000eab00000, 0x00000000eba00000, 0x0000000100000000)
  eden space 12288K, 100% used [0x00000000eab00000,0x00000000eb700000,0x00000000eb700000)
  from space 1536K, 56% used [0x00000000eb700000,0x00000000eb7d7620,0x00000000eb880000)
  to   space 1536K, 0% used [0x00000000eb880000,0x00000000eb880000,0x00000000eba00000)
 ParOldGen       total 31744K, used 0K [0x00000000c0000000, 0x00000000c1f00000, 0x00000000eab00000)
  object space 31744K, 0% used [0x00000000c0000000,0x00000000c0000000,0x00000000c1f00000)
 Metaspace       used 5562K, capacity 6576K, committed 6784K, reserved 1056768K
  class space    used 590K, capacity 616K, committed 640K, reserved 1048576K
Event: 2.536 GC heap after
Heap after GC invocations=2 (full 0):
 PSYoungGen      total 13824K, used 1514K [0x00000000eab00000, 0x00000000ec600000, 0x0000000100000000)
  eden space 12288K, 0% used [0x00000000eab00000,0x00000000eab00000,0x00000000eb700000)
  from space 1536K, 98% used [0x00000000eb880000,0x00000000eb9faa90,0x00000000eba00000)
  to   space 1536K, 0% used [0x00000000eb700000,0x00000000eb700000,0x00000000eb880000)
 ParOldGen       total 31744K, used 2077K [0x00000000c0000000, 0x00000000c1f00000, 0x00000000eab00000)
  object space 31744K, 6% used [0x00000000c0000000,0x00000000c02077b8,0x00000000c1f00000)
 Metaspace       used 5562K, capacity 6576K, committed 6784K, reserved 1056768K
  class space    used 590K, capacity 616K, committed 640K, reserved 1048576K
}
Event: 3.685 GC heap before
{Heap before GC invocations=3 (full 0):
 PSYoungGen      total 13824K, used 13802K [0x00000000eab00000, 0x00000000ec600000, 0x0000000100000000)
  eden space 12288K, 100% used [0x00000000eab00000,0x00000000eb700000,0x00000000eb700000)
  from space 1536K, 98% used [0x00000000eb880000,0x00000000eb9faa90,0x00000000eba00000)
  to   space 1536K, 0% used [0x00000000eb700000,0x00000000eb700000,0x00000000eb880000)
 ParOldGen       total 31744K, used 2077K [0x00000000c0000000, 0x00000000c1f00000, 0x00000000eab00000)
  object space 31744K, 6% used [0x00000000c0000000,0x00000000c02077b8,0x00000000c1f00000)
 Metaspace       used 5730K, capacity 6704K, committed 6784K, reserved 1056768K
  class space    used 593K, capacity 616K, committed 640K, reserved 1048576K
Event: 3.785 GC heap after
Heap after GC invocations=3 (full 0):
 PSYoungGen      total 13824K, used 1504K [0x00000000eab00000, 0x00000000ec600000, 0x0000000100000000)
  eden space 12288K, 0% used [0x00000000eab00000,0x00000000eab00000,0x00000000eb700000)
  from space 1536K, 97% used [0x00000000eb700000,0x00000000eb878098,0x00000000eb880000)
  to   space 1536K, 0% used [0x00000000ec480000,0x00000000ec480000,0x00000000ec600000)
 ParOldGen       total 31744K, used 4844K [0x00000000c0000000, 0x00000000c1f00000, 0x00000000eab00000)
  object space 31744K, 15% used [0x00000000c0000000,0x00000000c04bb048,0x00000000c1f00000)
 Metaspace       used 5730K, capacity 6704K, committed 6784K, reserved 1056768K
  class space    used 593K, capacity 616K, committed 640K, reserved 1048576K
}
Event: 4.696 GC heap before
{Heap before GC invocations=4 (full 0):
 PSYoungGen      total 13824K, used 13792K [0x00000000eab00000, 0x00000000ec600000, 0x0000000100000000)
  eden space 12288K, 100% used [0x00000000eab00000,0x00000000eb700000,0x00000000eb700000)
  from space 1536K, 97% used [0x00000000eb700000,0x00000000eb878098,0x00000000eb880000)
  to   space 1536K, 0% used [0x00000000ec480000,0x00000000ec480000,0x00000000ec600000)
 ParOldGen       total 31744K, used 4844K [0x00000000c0000000, 0x00000000c1f00000, 0x00000000eab00000)
  object space 31744K, 15% used [0x00000000c0000000,0x00000000c04bb048,0x00000000c1f00000)
 Metaspace       used 5756K, capacity 6768K, committed 7040K, reserved 1056768K
  class space    used 593K, capacity 616K, committed 640K, reserved 1048576K
Event: 4.777 GC heap after
Heap after GC invocations=4 (full 0):
 PSYoungGen      total 26112K, used 1505K [0x00000000eab00000, 0x00000000ec600000, 0x0000000100000000)
  eden space 24576K, 0% used [0x00000000eab00000,0x00000000eab00000,0x00000000ec300000)
  from space 1536K, 98% used [0x00000000ec480000,0x00000000ec5f85d0,0x00000000ec600000)
  to   space 1536K, 0% used [0x00000000ec300000,0x00000000ec300000,0x00000000ec480000)
 ParOldGen       total 31744K, used 7229K [0x00000000c0000000, 0x00000000c1f00000, 0x00000000eab00000)
  object space 31744K, 22% used [0x00000000c0000000,0x00000000c070f558,0x00000000c1f00000)
 Metaspace       used 5756K, capacity 6768K, committed 7040K, reserved 1056768K
  class space    used 593K, capacity 616K, committed 640K, reserved 1048576K
}
Event: 5.847 GC heap before
{Heap before GC invocations=5 (full 0):
 PSYoungGen      total 26112K, used 26081K [0x00000000eab00000, 0x00000000ec600000, 0x0000000100000000)
  eden space 24576K, 100% used [0x00000000eab00000,0x00000000ec300000,0x00000000ec300000)
  from space 1536K, 98% used [0x00000000ec480000,0x00000000ec5f85d0,0x00000000ec600000)
  to   space 1536K, 0% used [0x00000000ec300000,0x00000000ec300000,0x00000000ec480000)
 ParOldGen       total 31744K, used 7229K [0x00000000c0000000, 0x00000000c1f00000, 0x00000000eab00000)
  object space 31744K, 22% used [0x00000000c0000000,0x00000000c070f558,0x00000000c1f00000)
 Metaspace       used 5820K, capacity 6768K, committed 7040K, reserved 1056768K
  class space    used 594K, capacity 616K, committed 640K, reserved 1048576K
Event: 5.966 GC heap after
Heap after GC invocations=5 (full 0):
 PSYoungGen      total 26112K, used 1521K [0x00000000eab00000, 0x00000000ee900000, 0x0000000100000000)
  eden space 24576K, 0% used [0x00000000eab00000,0x00000000eab00000,0x00000000ec300000)
  from space 1536K, 99% used [0x00000000ec300000,0x00000000ec47c5c0,0x00000000ec480000)
  to   space 7168K, 0% used [0x00000000ee200000,0x00000000ee200000,0x00000000ee900000)
 ParOldGen       total 31744K, used 11446K [0x00000000c0000000, 0x00000000c1f00000, 0x00000000eab00000)
  object space 31744K, 36% used [0x00000000c0000000,0x00000000c0b2da50,0x00000000c1f00000)
 Metaspace       used 5820K, capacity 6768K, committed 7040K, reserved 1056768K
  class space    used 594K, capacity 616K, committed 640K, reserved 1048576K
}
Event: 6.644 GC heap before
{Heap before GC invocations=6 (full 0):
 PSYoungGen      total 26112K, used 26097K [0x00000000eab00000, 0x00000000ee900000, 0x0000000100000000)
  eden space 24576K, 100% used [0x00000000eab00000,0x00000000ec300000,0x00000000ec300000)
  from space 1536K, 99% used [0x00000000ec300000,0x00000000ec47c5c0,0x00000000ec480000)
  to   space 7168K, 0% used [0x00000000ee200000,0x00000000ee200000,0x00000000ee900000)
 ParOldGen       total 31744K, used 11446K [0x00000000c0000000, 0x00000000c1f00000, 0x00000000eab00000)
  object space 31744K, 36% used [0x00000000c0000000,0x00000000c0b2da50,0x00000000c1f00000)
 Metaspace       used 5855K, capacity 6832K, committed 7040K, reserved 1056768K
  class space    used 594K, capacity 616K, committed 640K, reserved 1048576K

Deoptimization events (10 events):
Event: 1.393 Thread 0x00007f45d000a000 Uncommon trap: reason=unstable_if action=reinterpret pc=0x00007f45c11482c8 method=java.lang.String.indexOf(II)I @ 49
Event: 2.336 Thread 0x00007f45d0150800 Uncommon trap: reason=unstable_if action=reinterpret pc=0x00007f45c11eda10 method=java.util.HashMap.getNode(ILjava/lang/Object;)Ljava/util/HashMap$Node; @ 62
Event: 3.309 Thread 0x00007f45d0158800 Uncommon trap: reason=unstable_if action=reinterpret pc=0x00007f45c11e7bec method=java.util.BitSet.nextSetBit(I)I @ 87
Event: 6.095 Thread 0x00007f45d0157800 Uncommon trap: reason=unstable_if action=reinterpret pc=0x00007f45c12ec6ec method=com.android.dx.rop.code.RegisterSpec.equals(ILcom/android/dx/rop/type/TypeBearer;Lcom/android/dx/rop/code/LocalItem;)Z @ 42
Event: 6.151 Thread 0x00007f45d015a000 Uncommon trap: reason=null_check action=make_not_entrant pc=0x00007f45c12d2f9c method=com.android.dx.ssa.SsaRenamer.getLocalForNewReg(I)Lcom/android/dx/rop/code/LocalItem; @ 19
Event: 6.398 Thread 0x00007f45d0157800 Uncommon trap: reason=bimorphic action=maybe_recompile pc=0x00007f45c121c658 method=java.util.HashMap.getNode(ILjava/lang/Object;)Ljava/util/HashMap$Node; @ 126
Event: 6.398 Thread 0x00007f45d0157800 Uncommon trap: reason=bimorphic action=maybe_recompile pc=0x00007f45c121c658 method=java.util.HashMap.getNode(ILjava/lang/Object;)Ljava/util/HashMap$Node; @ 126
Event: 6.398 Thread 0x00007f45d0157800 Uncommon trap: reason=bimorphic action=maybe_recompile pc=0x00007f45c121c658 method=java.util.HashMap.getNode(ILjava/lang/Object;)Ljava/util/HashMap$Node; @ 126
Event: 6.398 Thread 0x00007f45d0157800 Uncommon trap: reason=bimorphic action=maybe_recompile pc=0x00007f45c121c658 method=java.util.HashMap.getNode(ILjava/lang/Object;)Ljava/util/HashMap$Node; @ 126
Event: 6.404 Thread 0x00007f45d0157800 Uncommon trap: reason=bimorphic action=maybe_recompile pc=0x00007f45c1230658 method=java.util.HashMap.getNode(ILjava/lang/Object;)Ljava/util/HashMap$Node; @ 126

Internal exceptions (3 events):
Event: 0.125 Thread 0x00007f45d000a000 Exception <a 'java/lang/NoSuchMethodError': Method sun.misc.Unsafe.defineClass(Ljava/lang/String;[BII)Ljava/lang/Class; name or signature does not match> (0x00000000eab07cc0) thrown at [/HUDSON/workspace/8-2-build-linux-amd64/jdk8u91/6644/hotspot/src/shar
Event: 0.125 Thread 0x00007f45d000a000 Exception <a 'java/lang/NoSuchMethodError': Method sun.misc.Unsafe.prefetchRead(Ljava/lang/Object;J)V name or signature does not match> (0x00000000eab07fa8) thrown at [/HUDSON/workspace/8-2-build-linux-amd64/jdk8u91/6644/hotspot/src/share/vm/prims/jni.cpp
Event: 6.151 Thread 0x00007f45d015a000 Implicit null exception at 0x00007f45c12d094c to 0x00007f45c12d2f79

Events (10 events):
Event: 6.398 Thread 0x00007f45d0157800 Uncommon trap: trap_request=0xffffffc6 fr.pc=0x00007f45c121c658
Event: 6.398 Thread 0x00007f45d0157800 DEOPT PACKING pc=0x00007f45c121c658 sp=0x00007f45be515ad0
Event: 6.398 Thread 0x00007f45d0157800 DEOPT UNPACKING pc=0x00007f45c1004f69 sp=0x00007f45be515a18 mode 2
Event: 6.398 Thread 0x00007f45d0157800 Uncommon trap: trap_request=0xffffffc6 fr.pc=0x00007f45c121c658
Event: 6.403 Thread 0x00007f45d0157800 DEOPT PACKING pc=0x00007f45c121c658 sp=0x00007f45be515ad0
Event: 6.403 Thread 0x00007f45d0157800 DEOPT UNPACKING pc=0x00007f45c1004f69 sp=0x00007f45be515a18 mode 2
Event: 6.404 Thread 0x00007f45d0157800 Uncommon trap: trap_request=0xffffffc6 fr.pc=0x00007f45c1230658
Event: 6.404 Thread 0x00007f45d0157800 DEOPT PACKING pc=0x00007f45c1230658 sp=0x00007f45be515d80
Event: 6.404 Thread 0x00007f45d0157800 DEOPT UNPACKING pc=0x00007f45c1004f69 sp=0x00007f45be515d38 mode 2
Event: 6.619 Executing VM operation: ParallelGCFailedAllocation


Dynamic libraries:
00400000-00401000 r-xp 00000000 08:01 13635200                           /usr/lib/jvm/java-8-oracle/bin/java
00600000-00601000 rw-p 00000000 08:01 13635200                           /usr/lib/jvm/java-8-oracle/bin/java
01f86000-01fa7000 rw-p 00000000 00:00 0                                  [heap]
c0000000-c1f00000 rw-p 00000000 00:00 0 
c1f00000-eab00000 ---p 00000000 00:00 0 
eab00000-ee900000 rw-p 00000000 00:00 0 
ee900000-100000000 ---p 00000000 00:00 0 
100000000-1000a0000 rw-p 00000000 00:00 0 
1000a0000-140000000 ---p 00000000 00:00 0 
7f4580000000-7f4580021000 rw-p 00000000 00:00 0 
7f4580021000-7f4584000000 ---p 00000000 00:00 0 
7f4588000000-7f4588021000 rw-p 00000000 00:00 0 
7f4588021000-7f458c000000 ---p 00000000 00:00 0 
7f458c000000-7f458c021000 rw-p 00000000 00:00 0 
7f458c021000-7f4590000000 ---p 00000000 00:00 0 
7f4590000000-7f4590021000 rw-p 00000000 00:00 0 
7f4590021000-7f4594000000 ---p 00000000 00:00 0 
7f4594000000-7f4594025000 rw-p 00000000 00:00 0 
7f4594025000-7f4598000000 ---p 00000000 00:00 0 
7f4598000000-7f4598514000 rw-p 00000000 00:00 0 
7f4598514000-7f459c000000 ---p 00000000 00:00 0 
7f459c000000-7f459c021000 rw-p 00000000 00:00 0 
7f459c021000-7f45a0000000 ---p 00000000 00:00 0 
7f45a0000000-7f45a0021000 rw-p 00000000 00:00 0 
7f45a0021000-7f45a4000000 ---p 00000000 00:00 0 
7f45a4000000-7f45a4508000 rw-p 00000000 00:00 0 
7f45a4508000-7f45a8000000 ---p 00000000 00:00 0 
7f45a8000000-7f45a8021000 rw-p 00000000 00:00 0 
7f45a8021000-7f45ac000000 ---p 00000000 00:00 0 
7f45ac000000-7f45ac021000 rw-p 00000000 00:00 0 
7f45ac021000-7f45b0000000 ---p 00000000 00:00 0 
7f45b0000000-7f45b0298000 rw-p 00000000 00:00 0 
7f45b0298000-7f45b4000000 ---p 00000000 00:00 0 
7f45b4000000-7f45b4021000 rw-p 00000000 00:00 0 
7f45b4021000-7f45b8000000 ---p 00000000 00:00 0 
7f45b8000000-7f45b8021000 rw-p 00000000 00:00 0 
7f45b8021000-7f45bc000000 ---p 00000000 00:00 0 
7f45be215000-7f45be218000 ---p 00000000 00:00 0 
7f45be218000-7f45be316000 rw-p 00000000 00:00 0                          [stack:2917]
7f45be316000-7f45be319000 ---p 00000000 00:00 0 
7f45be319000-7f45be417000 rw-p 00000000 00:00 0                          [stack:2916]
7f45be417000-7f45be41a000 ---p 00000000 00:00 0 
7f45be41a000-7f45be518000 rw-p 00000000 00:00 0                          [stack:2915]
7f45be518000-7f45be51b000 ---p 00000000 00:00 0 
7f45be51b000-7f45be619000 rw-p 00000000 00:00 0                          [stack:2914]
7f45be619000-7f45be61c000 ---p 00000000 00:00 0 
7f45be61c000-7f45be71a000 rw-p 00000000 00:00 0                          [stack:2913]
7f45be71a000-7f45be71b000 ---p 00000000 00:00 0 
7f45be71b000-7f45be81b000 rw-p 00000000 00:00 0                          [stack:2911]
7f45be81b000-7f45be81e000 ---p 00000000 00:00 0 
7f45be81e000-7f45be91c000 rw-p 00000000 00:00 0                          [stack:2910]
7f45be91c000-7f45bf000000 r--p 00000000 08:01 13113697                   /usr/lib/locale/locale-archive
7f45bf000000-7f45c1000000 rw-p 00000000 00:00 0 
7f45c1000000-7f45c1390000 rwxp 00000000 00:00 0 
7f45c1390000-7f45d0000000 ---p 00000000 00:00 0 
7f45d0000000-7f45d039d000 rw-p 00000000 00:00 0 
7f45d039d000-7f45d4000000 ---p 00000000 00:00 0 
7f45d4060000-7f45d4076000 r--s 000f1000 08:01 10629058                   /home/lin/other/AndroidProjects/Radio/app/build/intermediates/exploded-aar/com.android.support/support-v4/23.4.0/jars/classes.jar
7f45d4076000-7f45d4079000 ---p 00000000 00:00 0 
7f45d4079000-7f45d4177000 rw-p 00000000 00:00 0                          [stack:2909]
7f45d4177000-7f45d417a000 ---p 00000000 00:00 0 
7f45d417a000-7f45d4278000 rw-p 00000000 00:00 0                          [stack:2908]
7f45d4278000-7f45d427b000 ---p 00000000 00:00 0 
7f45d427b000-7f45d4379000 rw-p 00000000 00:00 0                          [stack:2907]
7f45d4379000-7f45d437c000 ---p 00000000 00:00 0 
7f45d437c000-7f45d447a000 rw-p 00000000 00:00 0                          [stack:2906]
7f45d447a000-7f45d447d000 ---p 00000000 00:00 0 
7f45d447d000-7f45d457b000 rw-p 00000000 00:00 0                          [stack:2905]
7f45d457b000-7f45d457c000 ---p 00000000 00:00 0 
7f45d457c000-7f45d4ff5000 rw-p 00000000 00:00 0                          [stack:2904]
7f45d4ff5000-7f45d51ce000 r--s 03d1f000 08:01 13766388                   /usr/lib/jvm/java-8-oracle/jre/lib/rt.jar
7f45d51ce000-7f45d5884000 rw-p 00000000 00:00 0 
7f45d5884000-7f45d5a44000 ---p 00000000 00:00 0 
7f45d5a44000-7f45d5c44000 rw-p 00000000 00:00 0 
7f45d5c44000-7f45d5c45000 ---p 00000000 00:00 0 
7f45d5c45000-7f45d5d45000 rw-p 00000000 00:00 0                          [stack:2903]
7f45d5d45000-7f45d5d46000 ---p 00000000 00:00 0 
7f45d5d46000-7f45d5e56000 rw-p 00000000 00:00 0                          [stack:2902]
7f45d5e56000-7f45d5f9c000 ---p 00000000 00:00 0 
7f45d5f9c000-7f45d5fac000 rw-p 00000000 00:00 0 
7f45d5fac000-7f45d60f1000 ---p 00000000 00:00 0 
7f45d60f1000-7f45d6111000 rw-p 00000000 00:00 0 
7f45d6111000-7f45d619c000 ---p 00000000 00:00 0 
7f45d619c000-7f45d61ac000 rw-p 00000000 00:00 0 
7f45d61ac000-7f45d655d000 ---p 00000000 00:00 0 
7f45d655d000-7f45d6577000 r-xp 00000000 08:01 13766351                   /usr/lib/jvm/java-8-oracle/jre/lib/amd64/libzip.so
7f45d6577000-7f45d6777000 ---p 0001a000 08:01 13766351                   /usr/lib/jvm/java-8-oracle/jre/lib/amd64/libzip.so
7f45d6777000-7f45d6778000 rw-p 0001a000 08:01 13766351                   /usr/lib/jvm/java-8-oracle/jre/lib/amd64/libzip.so
7f45d6778000-7f45d6783000 r-xp 00000000 08:01 2621673                    /lib/x86_64-linux-gnu/libnss_files-2.15.so
7f45d6783000-7f45d6982000 ---p 0000b000 08:01 2621673                    /lib/x86_64-linux-gnu/libnss_files-2.15.so
7f45d6982000-7f45d6983000 r--p 0000a000 08:01 2621673                    /lib/x86_64-linux-gnu/libnss_files-2.15.so
7f45d6983000-7f45d6984000 rw-p 0000b000 08:01 2621673                    /lib/x86_64-linux-gnu/libnss_files-2.15.so
7f45d6984000-7f45d698e000 r-xp 00000000 08:01 2621658                    /lib/x86_64-linux-gnu/libnss_nis-2.15.so
7f45d698e000-7f45d6b8e000 ---p 0000a000 08:01 2621658                    /lib/x86_64-linux-gnu/libnss_nis-2.15.so
7f45d6b8e000-7f45d6b8f000 r--p 0000a000 08:01 2621658                    /lib/x86_64-linux-gnu/libnss_nis-2.15.so
7f45d6b8f000-7f45d6b90000 rw-p 0000b000 08:01 2621658                    /lib/x86_64-linux-gnu/libnss_nis-2.15.so
7f45d6b90000-7f45d6ba7000 r-xp 00000000 08:01 2621667                    /lib/x86_64-linux-gnu/libnsl-2.15.so
7f45d6ba7000-7f45d6da6000 ---p 00017000 08:01 2621667                    /lib/x86_64-linux-gnu/libnsl-2.15.so
7f45d6da6000-7f45d6da7000 r--p 00016000 08:01 2621667                    /lib/x86_64-linux-gnu/libnsl-2.15.so
7f45d6da7000-7f45d6da8000 rw-p 00017000 08:01 2621667                    /lib/x86_64-linux-gnu/libnsl-2.15.so
7f45d6da8000-7f45d6daa000 rw-p 00000000 00:00 0 
7f45d6daa000-7f45d6db2000 r-xp 00000000 08:01 2621672                    /lib/x86_64-linux-gnu/libnss_compat-2.15.so
7f45d6db2000-7f45d6fb1000 ---p 00008000 08:01 2621672                    /lib/x86_64-linux-gnu/libnss_compat-2.15.so
7f45d6fb1000-7f45d6fb2000 r--p 00007000 08:01 2621672                    /lib/x86_64-linux-gnu/libnss_compat-2.15.so
7f45d6fb2000-7f45d6fb3000 rw-p 00008000 08:01 2621672                    /lib/x86_64-linux-gnu/libnss_compat-2.15.so
7f45d6fb3000-7f45d6fdd000 r-xp 00000000 08:01 13766318                   /usr/lib/jvm/java-8-oracle/jre/lib/amd64/libjava.so
7f45d6fdd000-7f45d71dd000 ---p 0002a000 08:01 13766318                   /usr/lib/jvm/java-8-oracle/jre/lib/amd64/libjava.so
7f45d71dd000-7f45d71df000 rw-p 0002a000 08:01 13766318                   /usr/lib/jvm/java-8-oracle/jre/lib/amd64/libjava.so
7f45d71df000-7f45d71ec000 r-xp 00000000 08:01 13766354                   /usr/lib/jvm/java-8-oracle/jre/lib/amd64/libverify.so
7f45d71ec000-7f45d73ec000 ---p 0000d000 08:01 13766354                   /usr/lib/jvm/java-8-oracle/jre/lib/amd64/libverify.so
7f45d73ec000-7f45d73ee000 rw-p 0000d000 08:01 13766354                   /usr/lib/jvm/java-8-oracle/jre/lib/amd64/libverify.so
7f45d73ee000-7f45d73f5000 r-xp 00000000 08:01 2621660                    /lib/x86_64-linux-gnu/librt-2.15.so
7f45d73f5000-7f45d75f4000 ---p 00007000 08:01 2621660                    /lib/x86_64-linux-gnu/librt-2.15.so
7f45d75f4000-7f45d75f5000 r--p 00006000 08:01 2621660                    /lib/x86_64-linux-gnu/librt-2.15.so
7f45d75f5000-7f45d75f6000 rw-p 00007000 08:01 2621660                    /lib/x86_64-linux-gnu/librt-2.15.so
7f45d75f6000-7f45d76f1000 r-xp 00000000 08:01 2621674                    /lib/x86_64-linux-gnu/libm-2.15.so
7f45d76f1000-7f45d78f0000 ---p 000fb000 08:01 2621674                    /lib/x86_64-linux-gnu/libm-2.15.so
7f45d78f0000-7f45d78f1000 r--p 000fa000 08:01 2621674                    /lib/x86_64-linux-gnu/libm-2.15.so
7f45d78f1000-7f45d78f2000 rw-p 000fb000 08:01 2621674                    /lib/x86_64-linux-gnu/libm-2.15.so
7f45d78f2000-7f45d85b2000 r-xp 00000000 08:01 14164915                   /usr/lib/jvm/java-8-oracle/jre/lib/amd64/server/libjvm.so
7f45d85b2000-7f45d87b2000 ---p 00cc0000 08:01 14164915                   /usr/lib/jvm/java-8-oracle/jre/lib/amd64/server/libjvm.so
7f45d87b2000-7f45d888a000 rw-p 00cc0000 08:01 14164915                   /usr/lib/jvm/java-8-oracle/jre/lib/amd64/server/libjvm.so
7f45d888a000-7f45d88d5000 rw-p 00000000 00:00 0 
7f45d88d5000-7f45d8a89000 r-xp 00000000 08:01 2621665                    /lib/x86_64-linux-gnu/libc-2.15.so
7f45d8a89000-7f45d8c88000 ---p 001b4000 08:01 2621665                    /lib/x86_64-linux-gnu/libc-2.15.so
7f45d8c88000-7f45d8c8c000 r--p 001b3000 08:01 2621665                    /lib/x86_64-linux-gnu/libc-2.15.so
7f45d8c8c000-7f45d8c8e000 rw-p 001b7000 08:01 2621665                    /lib/x86_64-linux-gnu/libc-2.15.so
7f45d8c8e000-7f45d8c93000 rw-p 00000000 00:00 0 
7f45d8c93000-7f45d8c95000 r-xp 00000000 08:01 2621657                    /lib/x86_64-linux-gnu/libdl-2.15.so
7f45d8c95000-7f45d8e95000 ---p 00002000 08:01 2621657                    /lib/x86_64-linux-gnu/libdl-2.15.so
7f45d8e95000-7f45d8e96000 r--p 00002000 08:01 2621657                    /lib/x86_64-linux-gnu/libdl-2.15.so
7f45d8e96000-7f45d8e97000 rw-p 00003000 08:01 2621657                    /lib/x86_64-linux-gnu/libdl-2.15.so
7f45d8e97000-7f45d8eac000 r-xp 00000000 08:01 1311205                    /usr/lib/jvm/java-8-oracle/lib/amd64/jli/libjli.so
7f45d8eac000-7f45d90ac000 ---p 00015000 08:01 1311205                    /usr/lib/jvm/java-8-oracle/lib/amd64/jli/libjli.so
7f45d90ac000-7f45d90ad000 rw-p 00015000 08:01 1311205                    /usr/lib/jvm/java-8-oracle/lib/amd64/jli/libjli.so
7f45d90ad000-7f45d90c5000 r-xp 00000000 08:01 2621668                    /lib/x86_64-linux-gnu/libpthread-2.15.so
7f45d90c5000-7f45d92c4000 ---p 00018000 08:01 2621668                    /lib/x86_64-linux-gnu/libpthread-2.15.so
7f45d92c4000-7f45d92c5000 r--p 00017000 08:01 2621668                    /lib/x86_64-linux-gnu/libpthread-2.15.so
7f45d92c5000-7f45d92c6000 rw-p 00018000 08:01 2621668                    /lib/x86_64-linux-gnu/libpthread-2.15.so
7f45d92c6000-7f45d92ca000 rw-p 00000000 00:00 0 
7f45d92ca000-7f45d92ec000 r-xp 00000000 08:01 2621671                    /lib/x86_64-linux-gnu/ld-2.15.so
7f45d92f2000-7f45d93cc000 rw-p 00000000 00:00 0 
7f45d93cc000-7f45d93cf000 ---p 00000000 00:00 0 
7f45d93cf000-7f45d94d1000 rw-p 00000000 00:00 0                          [stack:2899]
7f45d94d1000-7f45d94e0000 r--s 000df000 08:01 9309217                    /home/lin/Android/Sdk/build-tools/23.0.3/lib/dx.jar
7f45d94e0000-7f45d94e8000 rw-s 00000000 08:01 4850083                    /tmp/hsperfdata_lin/2897
7f45d94e8000-7f45d94e9000 rw-p 00000000 00:00 0 
7f45d94e9000-7f45d94ea000 ---p 00000000 00:00 0 
7f45d94ea000-7f45d94ec000 rw-p 00000000 00:00 0 
7f45d94ec000-7f45d94ed000 r--p 00022000 08:01 2621671                    /lib/x86_64-linux-gnu/ld-2.15.so
7f45d94ed000-7f45d94ef000 rw-p 00023000 08:01 2621671                    /lib/x86_64-linux-gnu/ld-2.15.so
7ffd45b9f000-7ffd45bc0000 rw-p 00000000 00:00 0                          [stack]
7ffd45bc6000-7ffd45bc8000 r-xp 00000000 00:00 0                          [vdso]
ffffffffff600000-ffffffffff601000 r-xp 00000000 00:00 0                  [vsyscall]

VM Arguments:
jvm_args: -Djava.awt.headless=true -Xmx1024M -Dfile.encoding=UTF-8 -Duser.country=US -Duser.language=en -Duser.variant 
java_command: com.android.dx.command.Main --dex --num-threads=4 --output /home/lin/other/AndroidProjects/Radio/app/build/intermediates/pre-dexed/debug/com.android.support-support-v4-23.4.0_ac3bdcdce9bb63a2e369af28a6b233d87e981259.jar /home/lin/other/AndroidProjects/Radio/app/build/intermediates/exploded-aar/com.android.support/support-v4/23.4.0/jars/classes.jar
java_class_path (initial): /home/lin/Android/Sdk/build-tools/23.0.3/lib/dx.jar
Launcher Type: SUN_STANDARD

Environment Variables:
PATH=/usr/lib/lightdm/lightdm:/usr/local/sbin:/usr/local/bin:/usr/sbin:/usr/bin:/sbin:/bin:/usr/games
LD_LIBRARY_PATH=/opt/android-studio/bin:
SHELL=/bin/bash
DISPLAY=:0.0

Signal Handlers:
SIGSEGV: [libjvm.so+0xabca10], sa_mask[0]=11111111011111111101111111111110, sa_flags=SA_RESTART|SA_SIGINFO
SIGBUS: [libjvm.so+0xabca10], sa_mask[0]=11111111011111111101111111111110, sa_flags=SA_RESTART|SA_SIGINFO
SIGFPE: [libjvm.so+0x919a20], sa_mask[0]=11111111011111111101111111111110, sa_flags=SA_RESTART|SA_SIGINFO
SIGPIPE: [libjvm.so+0x919a20], sa_mask[0]=11111111011111111101111111111110, sa_flags=SA_RESTART|SA_SIGINFO
SIGXFSZ: [libjvm.so+0x919a20], sa_mask[0]=11111111011111111101111111111110, sa_flags=SA_RESTART|SA_SIGINFO
SIGILL: [libjvm.so+0x919a20], sa_mask[0]=11111111011111111101111111111110, sa_flags=SA_RESTART|SA_SIGINFO
SIGUSR1: SIG_DFL, sa_mask[0]=00000000000000000000000000000000, sa_flags=none
SIGUSR2: [libjvm.so+0x91b050], sa_mask[0]=00100000000000000000000000000000, sa_flags=SA_RESTART|SA_SIGINFO
SIGHUP: [libjvm.so+0x91c450], sa_mask[0]=11111111011111111101111111111110, sa_flags=SA_RESTART|SA_SIGINFO
SIGINT: [libjvm.so+0x91c450], sa_mask[0]=11111111011111111101111111111110, sa_flags=SA_RESTART|SA_SIGINFO
SIGTERM: [libjvm.so+0x91c450], sa_mask[0]=11111111011111111101111111111110, sa_flags=SA_RESTART|SA_SIGINFO
SIGQUIT: [libjvm.so+0x91c450], sa_mask[0]=11111111011111111101111111111110, sa_flags=SA_RESTART|SA_SIGINFO


---------------  S Y S T E M  ---------------

OS:DISTRIB_ID=Ubuntu
DISTRIB_RELEASE=12.04
DISTRIB_CODENAME=precise
DISTRIB_DESCRIPTION="Ubuntu 12.04.5 LTS"

uname:Linux 3.13.0-92-generic #139~precise1-Ubuntu SMP Wed Jun 29 21:30:37 UTC 2016 x86_64
libc:glibc 2.15 NPTL 2.15 
rlimit: STACK 8192k, CORE 0k, NPROC 22873, NOFILE 4096, AS infinity
load average:5.86 2.94 1.30

/proc/meminfo:
MemTotal:        2948840 kB
MemFree:          232712 kB
Buffers:           71916 kB
Cached:           861576 kB
SwapCached:            0 kB
Active:          1951196 kB
Inactive:         615800 kB
Active(anon):    1634392 kB
Inactive(anon):    76476 kB
Active(file):     316804 kB
Inactive(file):   539324 kB
Unevictable:           0 kB
Mlocked:               0 kB
SwapTotal:       3008508 kB
SwapFree:        3008508 kB
Dirty:               624 kB
Writeback:             0 kB
AnonPages:       1633500 kB
Mapped:           157432 kB
Shmem:             77368 kB
Slab:              70336 kB
SReclaimable:      48108 kB
SUnreclaim:        22228 kB
KernelStack:        3672 kB
PageTables:        25872 kB
NFS_Unstable:          0 kB
Bounce:                0 kB
WritebackTmp:          0 kB
CommitLimit:     4482928 kB
Committed_AS:    3615160 kB
VmallocTotal:   34359738367 kB
VmallocUsed:      346400 kB
VmallocChunk:   34359385692 kB
HardwareCorrupted:     0 kB
AnonHugePages:    794624 kB
HugePages_Total:       0
HugePages_Free:        0
HugePages_Rsvd:        0
HugePages_Surp:        0
Hugepagesize:       2048 kB
DirectMap4k:       53636 kB
DirectMap2M:     2957312 kB


CPU:total 2 (2 cores per cpu, 1 threads per core) family 6 model 15 stepping 13, cmov, cx8, fxsr, mmx, sse, sse2, sse3, ssse3, tsc

/proc/cpuinfo:
processor	: 0
vendor_id	: GenuineIntel
cpu family	: 6
model		: 15
model name	: Genuine Intel(R) CPU           T1600  @ 1.66GHz
stepping	: 13
microcode	: 0xa3
cpu MHz		: 1662.550
cache size	: 1024 KB
physical nId	: 0
siblings	: 2
core nId		: 0
cpu cores	: 2
apicid		: 0
initial apicid	: 0
fpu		: yes
fpu_exception	: yes
cpuid level	: 10
wp		: yes
flags		: fpu vme de pse tsc msr pae mce cx8 apic sep mtrr pge mca cmov pat pse36 clflush dts acpi mmx fxsr sse sse2 ss ht tm pbe syscall nx lm constant_tsc arch_perfmon pebs bts rep_good nopl aperfmperf pni dtes64 monitor ds_cpl tm2 ssse3 cx16 xtpr pdcm lahf_lm dtherm
bogomips	: 3325.10
clflush size	: 64
cache_alignment	: 64
address sizes	: 36 bits physical, 48 bits virtual
power management:

processor	: 1
vendor_id	: GenuineIntel
cpu family	: 6
model		: 15
model name	: Genuine Intel(R) CPU           T1600  @ 1.66GHz
stepping	: 13
microcode	: 0xa3
cpu MHz		: 1662.550
cache size	: 1024 KB
physical nId	: 0
siblings	: 2
core nId		: 1
cpu cores	: 2
apicid		: 1
initial apicid	: 1
fpu		: yes
fpu_exception	: yes
cpuid level	: 10
wp		: yes
flags		: fpu vme de pse tsc msr pae mce cx8 apic sep mtrr pge mca cmov pat pse36 clflush dts acpi mmx fxsr sse sse2 ss ht tm pbe syscall nx lm constant_tsc arch_perfmon pebs bts rep_good nopl aperfmperf pni dtes64 monitor ds_cpl tm2 ssse3 cx16 xtpr pdcm lahf_lm dtherm
bogomips	: 3325.10
clflush size	: 64
cache_alignment	: 64
address sizes	: 36 bits physical, 48 bits virtual
power management:



Memory: 4k page, physical 2948840k(232712k free), swap 3008508k(3008508k free)

vm_info: Java HotSpot(TM) 64-Bit Server VM (25.91-b14) for linux-amd64 JRE (1.8.0_91-b14), built on Apr  1 2016 00:57:21 by "java_re" with gcc 4.3.0 20080428 (Red Hat 4.3.0-8)

time: Sat Jul 16 14:28:41 2016
elapsed time: 6 seconds (0d 0h 0m 6s)

