#
# A fatal error has been detected by the Java Runtime Environment:
#
#  SIGSEGV (0xb) at pc=0x00007f1ae2109c6b, pid=13825, tid=0x00007f1ac87be700
#
# JRE version: Java(TM) SE Runtime Environment (8.0_101-b13) (build 1.8.0_101-b13)
# Java VM: Java HotSpot(TM) 64-Bit Server VM (25.101-b13 mixed mode linux-amd64 compressed oops)
# Problematic frame:
# V  [libjvm.so+0x7c9c6b]  Klass::external_name() const+0x1b
#
# Failed to write core dump. Core dumps have been disabled. To enable core dumping, try "ulimit -c unlimited" before starting Java again
#
# If you would like to submit a bug report, please visit:
#   http://bugreport.java.com/bugreport/crash.jsp
#

---------------  T H R E A D  ---------------

Current thread (0x00007f1adc122000):  JavaThread "pool-1-thread-1" [_thread_in_vm, id=13846, stack(0x00007f1ac86be000,0x00007f1ac87bf000)]

siginfo: si_signo: 11 (SIGSEGV), si_code: 1 (SEGV_MAPERR), si_addr: 0x0000000000000018

Registers:
RAX=0x00007f1ae28cdb90, RBX=0x00007f1adc121460, RCX=0x0000000000000003, RDX=0x0000000000000000
RSP=0x00007f1ac87bcef0, RBP=0x00007f1ac87bcf40, RSI=0x00000000eb83dbe8, RDI=0x0000000000000010
R8 =0x0000000000000000, R9 =0x0000000000000006, R10=0x0000000000000001, R11=0x00000000ebafaad0
R12=0x00007f1ab0011280, R13=0x0000000000000010, R14=0x00000000000003d8, R15=0x00007f1ab0011668
RIP=0x00007f1ae2109c6b, EFLAGS=0x0000000000010206, CSGSFS=0x0000000000000033, ERR=0x0000000000000004
  TRAPNO=0x000000000000000e

Top of Stack: (sp=0x00007f1ac87bcef0)
0x00007f1ac87bcef0:   0000000000000000 00007f1ac87bcf80
0x00007f1ac87bcf00:   00007f1ac87bd138 00007f1acd18c1bc
0x00007f1ac87bcf10:   0000000000000000 00000000eb522870
0x00007f1ac87bcf20:   00007f1adc121460 00007f1ab0011280
0x00007f1ac87bcf30:   00007f1adc122000 00000000000003d8
0x00007f1ac87bcf40:   00007f1ac87bcf90 00007f1ae1d1bcad
0x00007f1ac87bcf50:   0000000000000600 00007f1ab0011290
0x00007f1ac87bcf60:   0000000000000300 000000010006c1f0
0x00007f1ac87bcf70:   0000000000000000 00007f1ac87bd1d0
0x00007f1ac87bcf80:   00007f1ac87bd250 00007f1adc122000
0x00007f1ac87bcf90:   00007f1ac87bd170 00007f1acd104b66
0x00007f1ac87bcfa0:   00007f1ac87bd028 4096300000000000
0x00007f1ac87bcfb0:   4094c40000000000 402c666666666666
0x00007f1ac87bcfc0:   402c666666666666 152b66c8e808ec83
0x00007f1ac87bcfd0:   00000fc4f7ff8b49 be48525600000034
0x00007f1ac87bcfe0:   80000001d8a78949 0000000000000000
0x00007f1ac87bcff0:   0000ffff00000000 0000000000000000
0x00007f1ac87bd000:   0000ffff00000000 0000000000000000
0x00007f1ac87bd010:   0000000000000000 0000000000000000
0x00007f1ac87bd020:   0000000000000000 00007f1acd18cf5c
0x00007f1ac87bd030:   00000000ebafaa48 00007f1acd1ac2ac
0x00007f1ac87bd040:   00000000ec481c20 0000000000000001
0x00007f1ac87bd050:   00007f1ac87bd0c0 00007f1acd007d80
0x00007f1ac87bd060:   00007f1acd007d80 00000000ebafaa48
0x00007f1ac87bd070:   0000000000000000 0000000000000000
0x00007f1ac87bd080:   00007f1ac87bd080 00000000c0332bb8
0x00007f1ac87bd090:   00000000ebafaa48 00000000ebafaae8
0x00007f1ac87bd0a0:   00007f1aca45e7e8 00007f1aca2e4e30
0x00007f1ac87bd0b0:   00007f1ac87bd138 00007f1acd007d80
0x00007f1ac87bd0c0:   00007f1ac87bd138 00007f1acd007d80
0x00007f1ac87bd0d0:   00000000ebafaae8 00000000c0332bb8
0x00007f1ac87bd0e0:   00000000ebafaae8 0000000000000009 

Instructions: (pc=0x00007f1ae2109c6b)
0x00007f1ae2109c4b:   00 00 00 00 00 55 48 89 e5 4c 89 6d f0 48 89 5d
0x00007f1ae2109c5b:   e0 49 89 fd 4c 89 65 e8 4c 89 75 f8 48 83 ec 50
0x00007f1ae2109c6b:   8b 47 08 85 c0 0f 8e e2 00 00 00 f6 87 0e 01 00
0x00007f1ae2109c7b:   00 08 0f 84 d5 00 00 00 48 8b 7f 68 31 d2 48 85 

Register to memory mapping:

RAX=0x00007f1ae28cdb90: <offset 0xf8db90> in /usr/lib/jvm/java-8-oracle/jre/lib/amd64/server/libjvm.so at 0x00007f1ae1940000
RBX=0x00007f1adc121460 is an unknown value
RCX=0x0000000000000003 is an unknown value
RDX=0x0000000000000000 is an unknown value
RSP=0x00007f1ac87bcef0 is pointing into the stack for thread: 0x00007f1adc122000
RBP=0x00007f1ac87bcf40 is pointing into the stack for thread: 0x00007f1adc122000
RSI=0x00000000eb83dbe8 is an oop

[error occurred during error reporting (printing register info), id 0xb]

Stack: [0x00007f1ac86be000,0x00007f1ac87bf000],  sp=0x00007f1ac87bcef0,  free space=1019k
Native frames: (J=compiled Java code, j=interpreted, Vv=VM code, C=native code)
V  [libjvm.so+0x7c9c6b]  Klass::external_name() const+0x1b
V  [libjvm.so+0x3dbcad]  Runtime1::throw_class_cast_exception(JavaThread*, oopDesc*)+0x5d
v  ~RuntimeStub::throw_class_cast_exception Runtime1 stub
J 975 C1 com.android.dx.rop.type.StdTypeList.get(I)Lcom/android/dx/rop/type/Type; (9 bytes) @ 0x00007f1acd2d29f6 [0x00007f1acd2d2940+0xb6]
j  com.android.dx.rop.type.StdTypeList.getWordCount()I+17
j  com.android.dx.rop.cst.CstBaseMethodRef.getParameterWordCount(Z)I+8
j  com.android.dx.dex.cf.CfTranslator.processMethods(Lcom/android/dx/cf/direct/DirectClassFile;Lcom/android/dx/dex/cf/CfOptions;Lcom/android/dx/dex/DexOptions;Lcom/android/dx/dex/file/ClassDefItem;Lcom/android/dx/dex/file/DexFile;)V+188
j  com.android.dx.dex.cf.CfTranslator.translate0(Lcom/android/dx/cf/direct/DirectClassFile;[BLcom/android/dx/dex/cf/CfOptions;Lcom/android/dx/dex/DexOptions;Lcom/android/dx/dex/file/DexFile;)Lcom/android/dx/dex/file/ClassDefItem;+120
j  com.android.dx.dex.cf.CfTranslator.translate(Lcom/android/dx/cf/direct/DirectClassFile;[BLcom/android/dx/dex/cf/CfOptions;Lcom/android/dx/dex/DexOptions;Lcom/android/dx/dex/file/DexFile;)Lcom/android/dx/dex/file/ClassDefItem;+6
j  com.android.dx.command.dexer.Main.translateClass([BLcom/android/dx/cf/direct/DirectClassFile;)Lcom/android/dx/dex/file/ClassDefItem;+17
j  com.android.dx.command.dexer.Main.access$2700([BLcom/android/dx/cf/direct/DirectClassFile;)Lcom/android/dx/dex/file/ClassDefItem;+2
j  com.android.dx.command.dexer.Main$ClassTranslatorTask.call()Lcom/android/dx/dex/file/ClassDefItem;+8
j  com.android.dx.command.dexer.Main$ClassTranslatorTask.call()Ljava/lang/Object;+1
j  java.util.concurrent.FutureTask.run()V+42
j  java.util.concurrent.ThreadPoolExecutor.runWorker(Ljava/util/concurrent/ThreadPoolExecutor$Worker;)V+95
j  java.util.concurrent.ThreadPoolExecutor$Worker.run()V+5
j  java.lang.Thread.run()V+11
v  ~StubRoutines::call_stub
V  [libjvm.so+0x68f6b6]  JavaCalls::call_helper(JavaValue*, methodHandle*, JavaCallArguments*, Thread*)+0x1056
V  [libjvm.so+0x68fbc1]  JavaCalls::call_virtual(JavaValue*, KlassHandle, Symbol*, Symbol*, JavaCallArguments*, Thread*)+0x321
V  [libjvm.so+0x690067]  JavaCalls::call_virtual(JavaValue*, Handle, KlassHandle, Symbol*, Symbol*, Thread*)+0x47
V  [libjvm.so+0x726fc0]  thread_entry(JavaThread*, Thread*)+0xa0
V  [libjvm.so+0xa7343f]  JavaThread::thread_main_inner()+0xdf
V  [libjvm.so+0xa7356c]  JavaThread::run()+0x11c
V  [libjvm.so+0x924698]  java_start(Thread*)+0x108
C  [libpthread.so.0+0x7e9a]  start_thread+0xda

Java frames: (J=compiled Java code, j=interpreted, Vv=VM code)
v  ~RuntimeStub::throw_class_cast_exception Runtime1 stub
J 975 C1 com.android.dx.rop.type.StdTypeList.get(I)Lcom/android/dx/rop/type/Type; (9 bytes) @ 0x00007f1acd2d29f6 [0x00007f1acd2d2940+0xb6]
j  com.android.dx.rop.type.StdTypeList.getWordCount()I+17
j  com.android.dx.rop.cst.CstBaseMethodRef.getParameterWordCount(Z)I+8
j  com.android.dx.dex.cf.CfTranslator.processMethods(Lcom/android/dx/cf/direct/DirectClassFile;Lcom/android/dx/dex/cf/CfOptions;Lcom/android/dx/dex/DexOptions;Lcom/android/dx/dex/file/ClassDefItem;Lcom/android/dx/dex/file/DexFile;)V+188
j  com.android.dx.dex.cf.CfTranslator.translate0(Lcom/android/dx/cf/direct/DirectClassFile;[BLcom/android/dx/dex/cf/CfOptions;Lcom/android/dx/dex/DexOptions;Lcom/android/dx/dex/file/DexFile;)Lcom/android/dx/dex/file/ClassDefItem;+120
j  com.android.dx.dex.cf.CfTranslator.translate(Lcom/android/dx/cf/direct/DirectClassFile;[BLcom/android/dx/dex/cf/CfOptions;Lcom/android/dx/dex/DexOptions;Lcom/android/dx/dex/file/DexFile;)Lcom/android/dx/dex/file/ClassDefItem;+6
j  com.android.dx.command.dexer.Main.translateClass([BLcom/android/dx/cf/direct/DirectClassFile;)Lcom/android/dx/dex/file/ClassDefItem;+17
j  com.android.dx.command.dexer.Main.access$2700([BLcom/android/dx/cf/direct/DirectClassFile;)Lcom/android/dx/dex/file/ClassDefItem;+2
j  com.android.dx.command.dexer.Main$ClassTranslatorTask.call()Lcom/android/dx/dex/file/ClassDefItem;+8
j  com.android.dx.command.dexer.Main$ClassTranslatorTask.call()Ljava/lang/Object;+1
j  java.util.concurrent.FutureTask.run()V+42
j  java.util.concurrent.ThreadPoolExecutor.runWorker(Ljava/util/concurrent/ThreadPoolExecutor$Worker;)V+95
j  java.util.concurrent.ThreadPoolExecutor$Worker.run()V+5
j  java.lang.Thread.run()V+11
v  ~StubRoutines::call_stub

---------------  P R O C E S S  ---------------

Java Threads: ( => current thread )
  0x00007f1adc137000 JavaThread "pool-1-thread-4" [_thread_in_Java, id=13850, stack(0x00007f1ac82ba000,0x00007f1ac83bb000)]
  0x00007f1adc135800 JavaThread "pool-1-thread-3" [_thread_blocked, id=13849, stack(0x00007f1ac83bb000,0x00007f1ac84bc000)]
  0x00007f1adc131800 JavaThread "pool-1-thread-2" [_thread_blocked, id=13848, stack(0x00007f1ac84bc000,0x00007f1ac85bd000)]
  0x00007f1adc124800 JavaThread "pool-2-thread-1" [_thread_blocked, id=13847, stack(0x00007f1ac85bd000,0x00007f1ac86be000)]
=>0x00007f1adc122000 JavaThread "pool-1-thread-1" [_thread_in_vm, id=13846, stack(0x00007f1ac86be000,0x00007f1ac87bf000)]
  0x00007f1adc0c4000 JavaThread "Service Thread" daemon [_thread_blocked, id=13839, stack(0x00007f1ac88c0000,0x00007f1ac89c1000)]
  0x00007f1adc0b7800 JavaThread "C1 CompilerThread1" daemon [_thread_in_native, id=13838, stack(0x00007f1ac89c1000,0x00007f1ac8ac2000)]
  0x00007f1adc0b4800 JavaThread "C2 CompilerThread0" daemon [_thread_in_native, id=13837, stack(0x00007f1ac8ac2000,0x00007f1ac8bc3000)]
  0x00007f1adc0b3000 JavaThread "Signal Dispatcher" daemon [_thread_blocked, id=13836, stack(0x00007f1ac8bc3000,0x00007f1ac8cc4000)]
  0x00007f1adc080000 JavaThread "Finalizer" daemon [_thread_blocked, id=13835, stack(0x00007f1ac93a8000,0x00007f1ac94a9000)]
  0x00007f1adc07b800 JavaThread "Reference Handler" daemon [_thread_blocked, id=13834, stack(0x00007f1ac94a9000,0x00007f1ac95aa000)]
  0x00007f1adc00a000 JavaThread "main" [_thread_blocked, id=13828, stack(0x00007f1ae3425000,0x00007f1ae3526000)]

Other Threads:
  0x00007f1adc073800 VMThread [stack: 0x00007f1ac95aa000,0x00007f1ac96ab000] [id=13833]
  0x00007f1adc0c7000 WatcherThread [stack: 0x00007f1ac87bf000,0x00007f1ac88c0000] [id=13840]

VM state:not at safepoint (normal execution)

VM Mutex/Monitor currently owned by a thread: None

Heap:
 PSYoungGen      total 26112K, used 19056K [0x00000000eab00000, 0x00000000ec600000, 0x0000000100000000)
  eden space 24576K, 71% used [0x00000000eab00000,0x00000000ebc20058,0x00000000ec300000)
  from space 1536K, 98% used [0x00000000ec480000,0x00000000ec5fbfb8,0x00000000ec600000)
  to   space 1536K, 0% used [0x00000000ec300000,0x00000000ec300000,0x00000000ec480000)
 ParOldGen       total 31744K, used 4996K [0x00000000c0000000, 0x00000000c1f00000, 0x00000000eab00000)
  object space 31744K, 15% used [0x00000000c0000000,0x00000000c04e1030,0x00000000c1f00000)
 Metaspace       used 5613K, capacity 6768K, committed 7040K, reserved 1056768K
  class space    used 576K, capacity 616K, committed 640K, reserved 1048576K

Card table byte_map: [0x00007f1accdff000,0x00007f1acd000000] byte_map_base: 0x00007f1acc7ff000

Marking Bits: (ParMarkBitMap*) 0x00007f1ae2901120
 Begin Bits: [0x00007f1acabfd000, 0x00007f1acbbfd000)
 End Bits:   [0x00007f1acbbfd000, 0x00007f1accbfd000)

Polling page: 0x00007f1ae3542000

CodeCache: size=245760Kb used=3098Kb max_used=3098Kb free=242661Kb
 bounds [0x00007f1acd000000, 0x00007f1acd310000, 0x00007f1adc000000]
 total_blobs=1057 nmethods=798 adapters=175
 compilation: enabled

Compilation events (10 events):
Event: 6.004 Thread 0x00007f1adc0b7800 nmethod 1063 0x00007f1acd2faa50 code [0x00007f1acd2fabe0, 0x00007f1acd2fae18]
Event: 6.004 Thread 0x00007f1adc0b7800 1064       1       com.android.dx.ssa.SsaRenamer$BlockRenamer::access$1000 (5 bytes)
Event: 6.004 Thread 0x00007f1adc0b7800 nmethod 1064 0x00007f1acd2faf90 code [0x00007f1acd2fb0e0, 0x00007f1acd2fb1d0]
Event: 6.004 Thread 0x00007f1adc0b7800 1061       2       com.android.dx.util.IntList::shrink (42 bytes)
Event: 6.005 Thread 0x00007f1adc0b7800 nmethod 1061 0x00007f1acd2fb250 code [0x00007f1acd2fb400, 0x00007f1acd2fb788]
Event: 6.005 Thread 0x00007f1adc0b7800 1066       2       com.android.dx.ssa.SCCP::setLatticeValueTo (67 bytes)
Event: 6.005 Thread 0x00007f1adc0b7800 nmethod 1066 0x00007f1acd2fb950 code [0x00007f1acd2fbae0, 0x00007f1acd2fbe28]
Event: 6.005 Thread 0x00007f1adc0b7800 1062       2       com.android.dx.ssa.SsaMethod::getEntryBlock (15 bytes)
Event: 6.034 Thread 0x00007f1adc0b7800 nmethod 1062 0x00007f1acd2fc150 code [0x00007f1acd2fc2e0, 0x00007f1acd2fc598]
Event: 6.034 Thread 0x00007f1adc0b7800 1071   !   2       com.android.dx.cf.code.Ropper::processBlock (1101 bytes)

GC Heap History (4 events):
Event: 2.716 GC heap before
{Heap before GC invocations=1 (full 0):
 PSYoungGen      total 13824K, used 12288K [0x00000000eab00000, 0x00000000eba00000, 0x0000000100000000)
  eden space 12288K, 100% used [0x00000000eab00000,0x00000000eb700000,0x00000000eb700000)
  from space 1536K, 0% used [0x00000000eb880000,0x00000000eb880000,0x00000000eba00000)
  to   space 1536K, 0% used [0x00000000eb700000,0x00000000eb700000,0x00000000eb880000)
 ParOldGen       total 31744K, used 0K [0x00000000c0000000, 0x00000000c1f00000, 0x00000000eab00000)
  object space 31744K, 0% used [0x00000000c0000000,0x00000000c0000000,0x00000000c1f00000)
 Metaspace       used 5227K, capacity 6512K, committed 6784K, reserved 1056768K
  class space    used 562K, capacity 616K, committed 640K, reserved 1048576K
Event: 2.764 GC heap after
Heap after GC invocations=1 (full 0):
 PSYoungGen      total 13824K, used 1523K [0x00000000eab00000, 0x00000000ec600000, 0x0000000100000000)
  eden space 12288K, 0% used [0x00000000eab00000,0x00000000eab00000,0x00000000eb700000)
  from space 1536K, 99% used [0x00000000eb700000,0x00000000eb87cd88,0x00000000eb880000)
  to   space 1536K, 0% used [0x00000000ec480000,0x00000000ec480000,0x00000000ec600000)
 ParOldGen       total 31744K, used 2456K [0x00000000c0000000, 0x00000000c1f00000, 0x00000000eab00000)
  object space 31744K, 7% used [0x00000000c0000000,0x00000000c0266170,0x00000000c1f00000)
 Metaspace       used 5227K, capacity 6512K, committed 6784K, reserved 1056768K
  class space    used 562K, capacity 616K, committed 640K, reserved 1048576K
}
Event: 4.336 GC heap before
{Heap before GC invocations=2 (full 0):
 PSYoungGen      total 13824K, used 13811K [0x00000000eab00000, 0x00000000ec600000, 0x0000000100000000)
  eden space 12288K, 100% used [0x00000000eab00000,0x00000000eb700000,0x00000000eb700000)
  from space 1536K, 99% used [0x00000000eb700000,0x00000000eb87cd88,0x00000000eb880000)
  to   space 1536K, 0% used [0x00000000ec480000,0x00000000ec480000,0x00000000ec600000)
 ParOldGen       total 31744K, used 2456K [0x00000000c0000000, 0x00000000c1f00000, 0x00000000eab00000)
  object space 31744K, 7% used [0x00000000c0000000,0x00000000c0266170,0x00000000c1f00000)
 Metaspace       used 5509K, capacity 6704K, committed 6784K, reserved 1056768K
  class space    used 573K, capacity 616K, committed 640K, reserved 1048576K
Event: 4.428 GC heap after
Heap after GC invocations=2 (full 0):
 PSYoungGen      total 26112K, used 1519K [0x00000000eab00000, 0x00000000ec600000, 0x0000000100000000)
  eden space 24576K, 0% used [0x00000000eab00000,0x00000000eab00000,0x00000000ec300000)
  from space 1536K, 98% used [0x00000000ec480000,0x00000000ec5fbfb8,0x00000000ec600000)
  to   space 1536K, 0% used [0x00000000ec300000,0x00000000ec300000,0x00000000ec480000)
 ParOldGen       total 31744K, used 4996K [0x00000000c0000000, 0x00000000c1f00000, 0x00000000eab00000)
  object space 31744K, 15% used [0x00000000c0000000,0x00000000c04e1030,0x00000000c1f00000)
 Metaspace       used 5509K, capacity 6704K, committed 6784K, reserved 1056768K
  class space    used 573K, capacity 616K, committed 640K, reserved 1048576K
}

Deoptimization events (10 events):
Event: 3.313 Thread 0x00007f1adc122000 Uncommon trap: reason=unstable_if action=reinterpret pc=0x00007f1acd251244 method=com.android.dx.rop.code.RegisterSpec.equals(ILcom/android/dx/rop/type/TypeBearer;Lcom/android/dx/rop/code/LocalItem;)Z @ 24
Event: 3.692 Thread 0x00007f1adc135800 Uncommon trap: reason=class_check action=maybe_recompile pc=0x00007f1acd25ad90 method=com.android.dx.ssa.NormalSsaInsn.accept(Lcom/android/dx/ssa/SsaInsn$Visitor;)V @ 9
Event: 3.692 Thread 0x00007f1adc135800 Uncommon trap: reason=class_check action=maybe_recompile pc=0x00007f1acd25ad90 method=com.android.dx.ssa.NormalSsaInsn.accept(Lcom/android/dx/ssa/SsaInsn$Visitor;)V @ 9
Event: 3.790 Thread 0x00007f1adc137000 Uncommon trap: reason=class_check action=maybe_recompile pc=0x00007f1acd25ad90 method=com.android.dx.ssa.NormalSsaInsn.accept(Lcom/android/dx/ssa/SsaInsn$Visitor;)V @ 9
Event: 3.790 Thread 0x00007f1adc137000 Uncommon trap: reason=class_check action=maybe_recompile pc=0x00007f1acd25ad90 method=com.android.dx.ssa.NormalSsaInsn.accept(Lcom/android/dx/ssa/SsaInsn$Visitor;)V @ 9
Event: 5.747 Thread 0x00007f1adc135800 Uncommon trap: reason=bimorphic action=maybe_recompile pc=0x00007f1acd268860 method=java.util.HashMap.getNode(ILjava/lang/Object;)Ljava/util/HashMap$Node; @ 126
Event: 5.775 Thread 0x00007f1adc135800 Uncommon trap: reason=bimorphic action=maybe_recompile pc=0x00007f1acd268860 method=java.util.HashMap.getNode(ILjava/lang/Object;)Ljava/util/HashMap$Node; @ 126
Event: 5.817 Thread 0x00007f1adc135800 Uncommon trap: reason=bimorphic action=maybe_recompile pc=0x00007f1acd268860 method=java.util.HashMap.getNode(ILjava/lang/Object;)Ljava/util/HashMap$Node; @ 126
Event: 5.818 Thread 0x00007f1adc135800 Uncommon trap: reason=bimorphic action=maybe_recompile pc=0x00007f1acd268860 method=java.util.HashMap.getNode(ILjava/lang/Object;)Ljava/util/HashMap$Node; @ 126
Event: 5.818 Thread 0x00007f1adc135800 Uncommon trap: reason=bimorphic action=maybe_recompile pc=0x00007f1acd2f311c method=java.util.HashMap.getNode(ILjava/lang/Object;)Ljava/util/HashMap$Node; @ 126

Internal exceptions (2 events):
Event: 0.064 Thread 0x00007f1adc00a000 Exception <a 'java/lang/NoSuchMethodError': Method sun.misc.Unsafe.defineClass(Ljava/lang/String;[BII)Ljava/lang/Class; name or signature does not match> (0x00000000eab07cc0) thrown at [/HUDSON3/workspace/8-2-build-linux-amd64/jdk8u101/7261/hotspot/src/sh
Event: 0.065 Thread 0x00007f1adc00a000 Exception <a 'java/lang/NoSuchMethodError': Method sun.misc.Unsafe.prefetchRead(Ljava/lang/Object;J)V name or signature does not match> (0x00000000eab07fa8) thrown at [/HUDSON3/workspace/8-2-build-linux-amd64/jdk8u101/7261/hotspot/src/share/vm/prims/jni.c

Events (10 events):
Event: 5.775 Thread 0x00007f1adc135800 DEOPT UNPACKING pc=0x00007f1acd004f69 sp=0x00007f1ac84b9dd8 mode 2
Event: 5.817 Thread 0x00007f1adc135800 Uncommon trap: trap_request=0xffffffc6 fr.pc=0x00007f1acd268860
Event: 5.817 Thread 0x00007f1adc135800 DEOPT PACKING pc=0x00007f1acd268860 sp=0x00007f1ac84b9e90
Event: 5.817 Thread 0x00007f1adc135800 DEOPT UNPACKING pc=0x00007f1acd004f69 sp=0x00007f1ac84b9dd8 mode 2
Event: 5.817 Thread 0x00007f1adc135800 Uncommon trap: trap_request=0xffffffc6 fr.pc=0x00007f1acd268860
Event: 5.818 Thread 0x00007f1adc135800 DEOPT PACKING pc=0x00007f1acd268860 sp=0x00007f1ac84b9e70
Event: 5.818 Thread 0x00007f1adc135800 DEOPT UNPACKING pc=0x00007f1acd004f69 sp=0x00007f1ac84b9db8 mode 2
Event: 5.818 Thread 0x00007f1adc135800 Uncommon trap: trap_request=0xffffffc6 fr.pc=0x00007f1acd2f311c
Event: 5.818 Thread 0x00007f1adc135800 DEOPT PACKING pc=0x00007f1acd2f311c sp=0x00007f1ac84b9e00
Event: 5.818 Thread 0x00007f1adc135800 DEOPT UNPACKING pc=0x00007f1acd004f69 sp=0x00007f1ac84b9db8 mode 2


Dynamic libraries:
00400000-00401000 r-xp 00000000 08:01 3279757                            /usr/lib/jvm/java-8-oracle/bin/java
00600000-00601000 rw-p 00000000 08:01 3279757                            /usr/lib/jvm/java-8-oracle/bin/java
015bc000-015fe000 rw-p 00000000 00:00 0                                  [heap]
c0000000-c1f00000 rw-p 00000000 00:00 0 
c1f00000-eab00000 ---p 00000000 00:00 0 
eab00000-ec600000 rw-p 00000000 00:00 0 
ec600000-100000000 ---p 00000000 00:00 0 
100000000-1000a0000 rw-p 00000000 00:00 0 
1000a0000-140000000 ---p 00000000 00:00 0 
7f1a8c000000-7f1a8c021000 rw-p 00000000 00:00 0 
7f1a8c021000-7f1a90000000 ---p 00000000 00:00 0 
7f1a94000000-7f1a94021000 rw-p 00000000 00:00 0 
7f1a94021000-7f1a98000000 ---p 00000000 00:00 0 
7f1a98000000-7f1a98051000 rw-p 00000000 00:00 0 
7f1a98051000-7f1a9c000000 ---p 00000000 00:00 0 
7f1a9c000000-7f1a9c021000 rw-p 00000000 00:00 0 
7f1a9c021000-7f1aa0000000 ---p 00000000 00:00 0 
7f1aa0000000-7f1aa02b6000 rw-p 00000000 00:00 0 
7f1aa02b6000-7f1aa4000000 ---p 00000000 00:00 0 
7f1aa4000000-7f1aa44af000 rw-p 00000000 00:00 0 
7f1aa44af000-7f1aa8000000 ---p 00000000 00:00 0 
7f1aa8000000-7f1aa8021000 rw-p 00000000 00:00 0 
7f1aa8021000-7f1aac000000 ---p 00000000 00:00 0 
7f1aac000000-7f1aac021000 rw-p 00000000 00:00 0 
7f1aac021000-7f1ab0000000 ---p 00000000 00:00 0 
7f1ab0000000-7f1ab047c000 rw-p 00000000 00:00 0 
7f1ab047c000-7f1ab4000000 ---p 00000000 00:00 0 
7f1ab4000000-7f1ab4021000 rw-p 00000000 00:00 0 
7f1ab4021000-7f1ab8000000 ---p 00000000 00:00 0 
7f1ab8000000-7f1ab8021000 rw-p 00000000 00:00 0 
7f1ab8021000-7f1abc000000 ---p 00000000 00:00 0 
7f1abc000000-7f1abc021000 rw-p 00000000 00:00 0 
7f1abc021000-7f1ac0000000 ---p 00000000 00:00 0 
7f1ac0000000-7f1ac0021000 rw-p 00000000 00:00 0 
7f1ac0021000-7f1ac4000000 ---p 00000000 00:00 0 
7f1ac4000000-7f1ac4021000 rw-p 00000000 00:00 0 
7f1ac4021000-7f1ac8000000 ---p 00000000 00:00 0 
7f1ac82ba000-7f1ac82bd000 ---p 00000000 00:00 0 
7f1ac82bd000-7f1ac83bb000 rw-p 00000000 00:00 0                          [stack:13850]
7f1ac83bb000-7f1ac83be000 ---p 00000000 00:00 0 
7f1ac83be000-7f1ac84bc000 rw-p 00000000 00:00 0                          [stack:13849]
7f1ac84bc000-7f1ac84bf000 ---p 00000000 00:00 0 
7f1ac84bf000-7f1ac85bd000 rw-p 00000000 00:00 0                          [stack:13848]
7f1ac85bd000-7f1ac85c0000 ---p 00000000 00:00 0 
7f1ac85c0000-7f1ac86be000 rw-p 00000000 00:00 0                          [stack:13847]
7f1ac86be000-7f1ac86c1000 ---p 00000000 00:00 0 
7f1ac86c1000-7f1ac87bf000 rw-p 00000000 00:00 0                          [stack:13846]
7f1ac87bf000-7f1ac87c0000 ---p 00000000 00:00 0 
7f1ac87c0000-7f1ac88c0000 rw-p 00000000 00:00 0                          [stack:13840]
7f1ac88c0000-7f1ac88c3000 ---p 00000000 00:00 0 
7f1ac88c3000-7f1ac89c1000 rw-p 00000000 00:00 0                          [stack:13839]
7f1ac89c1000-7f1ac89c4000 ---p 00000000 00:00 0 
7f1ac89c4000-7f1ac8ac2000 rw-p 00000000 00:00 0                          [stack:13838]
7f1ac8ac2000-7f1ac8ac5000 ---p 00000000 00:00 0 
7f1ac8ac5000-7f1ac8bc3000 rw-p 00000000 00:00 0                          [stack:13837]
7f1ac8bc3000-7f1ac8bc6000 ---p 00000000 00:00 0 
7f1ac8bc6000-7f1ac8cc4000 rw-p 00000000 00:00 0                          [stack:13836]
7f1ac8cc4000-7f1ac93a8000 r--p 00000000 08:01 13113697                   /usr/lib/locale/locale-archive
7f1ac93a8000-7f1ac93ab000 ---p 00000000 00:00 0 
7f1ac93ab000-7f1ac94a9000 rw-p 00000000 00:00 0                          [stack:13835]
7f1ac94a9000-7f1ac94ac000 ---p 00000000 00:00 0 
7f1ac94ac000-7f1ac95aa000 rw-p 00000000 00:00 0                          [stack:13834]
7f1ac95aa000-7f1ac95ab000 ---p 00000000 00:00 0 
7f1ac95ab000-7f1aca024000 rw-p 00000000 00:00 0                          [stack:13833]
7f1aca024000-7f1aca1fd000 r--s 03d29000 08:01 13118676                   /usr/lib/jvm/java-8-oracle/jre/lib/rt.jar
7f1aca1fd000-7f1aca83d000 rw-p 00000000 00:00 0 
7f1aca83d000-7f1aca9fd000 ---p 00000000 00:00 0 
7f1aca9fd000-7f1accbfd000 rw-p 00000000 00:00 0 
7f1accbfd000-7f1accbfe000 ---p 00000000 00:00 0 
7f1accbfe000-7f1acccfe000 rw-p 00000000 00:00 0                          [stack:13832]
7f1acccfe000-7f1acccff000 ---p 00000000 00:00 0 
7f1acccff000-7f1acce0f000 rw-p 00000000 00:00 0                          [stack:13831]
7f1acce0f000-7f1accf54000 ---p 00000000 00:00 0 
7f1accf54000-7f1accf62000 rw-p 00000000 00:00 0 
7f1accf62000-7f1accfff000 ---p 00000000 00:00 0 
7f1accfff000-7f1acd000000 rw-p 00000000 00:00 0 
7f1acd000000-7f1acd310000 rwxp 00000000 00:00 0 
7f1acd310000-7f1adc000000 ---p 00000000 00:00 0 
7f1adc000000-7f1adc38e000 rw-p 00000000 00:00 0 
7f1adc38e000-7f1ae0000000 ---p 00000000 00:00 0 
7f1ae001f000-7f1ae00a5000 rw-p 00000000 00:00 0 
7f1ae00a5000-7f1ae01eb000 ---p 00000000 00:00 0 
7f1ae01eb000-7f1ae01f8000 rw-p 00000000 00:00 0 
7f1ae01f8000-7f1ae05ab000 ---p 00000000 00:00 0 
7f1ae05ab000-7f1ae05c5000 r-xp 00000000 08:01 13766358                   /usr/lib/jvm/java-8-oracle/jre/lib/amd64/libzip.so
7f1ae05c5000-7f1ae07c5000 ---p 0001a000 08:01 13766358                   /usr/lib/jvm/java-8-oracle/jre/lib/amd64/libzip.so
7f1ae07c5000-7f1ae07c6000 rw-p 0001a000 08:01 13766358                   /usr/lib/jvm/java-8-oracle/jre/lib/amd64/libzip.so
7f1ae07c6000-7f1ae07d1000 r-xp 00000000 08:01 2621673                    /lib/x86_64-linux-gnu/libnss_files-2.15.so
7f1ae07d1000-7f1ae09d0000 ---p 0000b000 08:01 2621673                    /lib/x86_64-linux-gnu/libnss_files-2.15.so
7f1ae09d0000-7f1ae09d1000 r--p 0000a000 08:01 2621673                    /lib/x86_64-linux-gnu/libnss_files-2.15.so
7f1ae09d1000-7f1ae09d2000 rw-p 0000b000 08:01 2621673                    /lib/x86_64-linux-gnu/libnss_files-2.15.so
7f1ae09d2000-7f1ae09dc000 r-xp 00000000 08:01 2621658                    /lib/x86_64-linux-gnu/libnss_nis-2.15.so
7f1ae09dc000-7f1ae0bdc000 ---p 0000a000 08:01 2621658                    /lib/x86_64-linux-gnu/libnss_nis-2.15.so
7f1ae0bdc000-7f1ae0bdd000 r--p 0000a000 08:01 2621658                    /lib/x86_64-linux-gnu/libnss_nis-2.15.so
7f1ae0bdd000-7f1ae0bde000 rw-p 0000b000 08:01 2621658                    /lib/x86_64-linux-gnu/libnss_nis-2.15.so
7f1ae0bde000-7f1ae0bf5000 r-xp 00000000 08:01 2621667                    /lib/x86_64-linux-gnu/libnsl-2.15.so
7f1ae0bf5000-7f1ae0df4000 ---p 00017000 08:01 2621667                    /lib/x86_64-linux-gnu/libnsl-2.15.so
7f1ae0df4000-7f1ae0df5000 r--p 00016000 08:01 2621667                    /lib/x86_64-linux-gnu/libnsl-2.15.so
7f1ae0df5000-7f1ae0df6000 rw-p 00017000 08:01 2621667                    /lib/x86_64-linux-gnu/libnsl-2.15.so
7f1ae0df6000-7f1ae0df8000 rw-p 00000000 00:00 0 
7f1ae0df8000-7f1ae0e00000 r-xp 00000000 08:01 2621672                    /lib/x86_64-linux-gnu/libnss_compat-2.15.so
7f1ae0e00000-7f1ae0fff000 ---p 00008000 08:01 2621672                    /lib/x86_64-linux-gnu/libnss_compat-2.15.so
7f1ae0fff000-7f1ae1000000 r--p 00007000 08:01 2621672                    /lib/x86_64-linux-gnu/libnss_compat-2.15.so
7f1ae1000000-7f1ae1001000 rw-p 00008000 08:01 2621672                    /lib/x86_64-linux-gnu/libnss_compat-2.15.so
7f1ae1001000-7f1ae102b000 r-xp 00000000 08:01 13766323                   /usr/lib/jvm/java-8-oracle/jre/lib/amd64/libjava.so
7f1ae102b000-7f1ae122b000 ---p 0002a000 08:01 13766323                   /usr/lib/jvm/java-8-oracle/jre/lib/amd64/libjava.so
7f1ae122b000-7f1ae122d000 rw-p 0002a000 08:01 13766323                   /usr/lib/jvm/java-8-oracle/jre/lib/amd64/libjava.so
7f1ae122d000-7f1ae123a000 r-xp 00000000 08:01 13766361                   /usr/lib/jvm/java-8-oracle/jre/lib/amd64/libverify.so
7f1ae123a000-7f1ae143a000 ---p 0000d000 08:01 13766361                   /usr/lib/jvm/java-8-oracle/jre/lib/amd64/libverify.so
7f1ae143a000-7f1ae143c000 rw-p 0000d000 08:01 13766361                   /usr/lib/jvm/java-8-oracle/jre/lib/amd64/libverify.so
7f1ae143c000-7f1ae1443000 r-xp 00000000 08:01 2621660                    /lib/x86_64-linux-gnu/librt-2.15.so
7f1ae1443000-7f1ae1642000 ---p 00007000 08:01 2621660                    /lib/x86_64-linux-gnu/librt-2.15.so
7f1ae1642000-7f1ae1643000 r--p 00006000 08:01 2621660                    /lib/x86_64-linux-gnu/librt-2.15.so
7f1ae1643000-7f1ae1644000 rw-p 00007000 08:01 2621660                    /lib/x86_64-linux-gnu/librt-2.15.so
7f1ae1644000-7f1ae173f000 r-xp 00000000 08:01 2621674                    /lib/x86_64-linux-gnu/libm-2.15.so
7f1ae173f000-7f1ae193e000 ---p 000fb000 08:01 2621674                    /lib/x86_64-linux-gnu/libm-2.15.so
7f1ae193e000-7f1ae193f000 r--p 000fa000 08:01 2621674                    /lib/x86_64-linux-gnu/libm-2.15.so
7f1ae193f000-7f1ae1940000 rw-p 000fb000 08:01 2621674                    /lib/x86_64-linux-gnu/libm-2.15.so
7f1ae1940000-7f1ae260b000 r-xp 00000000 08:01 13894575                   /usr/lib/jvm/java-8-oracle/jre/lib/amd64/server/libjvm.so
7f1ae260b000-7f1ae280a000 ---p 00ccb000 08:01 13894575                   /usr/lib/jvm/java-8-oracle/jre/lib/amd64/server/libjvm.so
7f1ae280a000-7f1ae28e3000 rw-p 00cca000 08:01 13894575                   /usr/lib/jvm/java-8-oracle/jre/lib/amd64/server/libjvm.so
7f1ae28e3000-7f1ae292e000 rw-p 00000000 00:00 0 
7f1ae292e000-7f1ae2ae2000 r-xp 00000000 08:01 2621665                    /lib/x86_64-linux-gnu/libc-2.15.so
7f1ae2ae2000-7f1ae2ce1000 ---p 001b4000 08:01 2621665                    /lib/x86_64-linux-gnu/libc-2.15.so
7f1ae2ce1000-7f1ae2ce5000 r--p 001b3000 08:01 2621665                    /lib/x86_64-linux-gnu/libc-2.15.so
7f1ae2ce5000-7f1ae2ce7000 rw-p 001b7000 08:01 2621665                    /lib/x86_64-linux-gnu/libc-2.15.so
7f1ae2ce7000-7f1ae2cec000 rw-p 00000000 00:00 0 
7f1ae2cec000-7f1ae2cee000 r-xp 00000000 08:01 2621657                    /lib/x86_64-linux-gnu/libdl-2.15.so
7f1ae2cee000-7f1ae2eee000 ---p 00002000 08:01 2621657                    /lib/x86_64-linux-gnu/libdl-2.15.so
7f1ae2eee000-7f1ae2eef000 r--p 00002000 08:01 2621657                    /lib/x86_64-linux-gnu/libdl-2.15.so
7f1ae2eef000-7f1ae2ef0000 rw-p 00003000 08:01 2621657                    /lib/x86_64-linux-gnu/libdl-2.15.so
7f1ae2ef0000-7f1ae2f05000 r-xp 00000000 08:01 2627921                    /usr/lib/jvm/java-8-oracle/lib/amd64/jli/libjli.so
7f1ae2f05000-7f1ae3105000 ---p 00015000 08:01 2627921                    /usr/lib/jvm/java-8-oracle/lib/amd64/jli/libjli.so
7f1ae3105000-7f1ae3106000 rw-p 00015000 08:01 2627921                    /usr/lib/jvm/java-8-oracle/lib/amd64/jli/libjli.so
7f1ae3106000-7f1ae311e000 r-xp 00000000 08:01 2621668                    /lib/x86_64-linux-gnu/libpthread-2.15.so
7f1ae311e000-7f1ae331d000 ---p 00018000 08:01 2621668                    /lib/x86_64-linux-gnu/libpthread-2.15.so
7f1ae331d000-7f1ae331e000 r--p 00017000 08:01 2621668                    /lib/x86_64-linux-gnu/libpthread-2.15.so
7f1ae331e000-7f1ae331f000 rw-p 00018000 08:01 2621668                    /lib/x86_64-linux-gnu/libpthread-2.15.so
7f1ae331f000-7f1ae3323000 rw-p 00000000 00:00 0 
7f1ae3323000-7f1ae3345000 r-xp 00000000 08:01 2621671                    /lib/x86_64-linux-gnu/ld-2.15.so
7f1ae334a000-7f1ae3425000 rw-p 00000000 00:00 0 
7f1ae3425000-7f1ae3428000 ---p 00000000 00:00 0 
7f1ae3428000-7f1ae352a000 rw-p 00000000 00:00 0                          [stack:13828]
7f1ae352a000-7f1ae3539000 r--s 000df000 08:01 11274850                   /root/Android/Sdk/build-tools/23.0.3/lib/dx.jar
7f1ae3539000-7f1ae3541000 rw-s 00000000 08:01 4850464                    /tmp/hsperfdata_root/13825
7f1ae3541000-7f1ae3542000 rw-p 00000000 00:00 0 
7f1ae3542000-7f1ae3543000 r--p 00000000 00:00 0 
7f1ae3543000-7f1ae3545000 rw-p 00000000 00:00 0 
7f1ae3545000-7f1ae3546000 r--p 00022000 08:01 2621671                    /lib/x86_64-linux-gnu/ld-2.15.so
7f1ae3546000-7f1ae3548000 rw-p 00023000 08:01 2621671                    /lib/x86_64-linux-gnu/ld-2.15.so
7ffed5c85000-7ffed5ca6000 rw-p 00000000 00:00 0                          [stack]
7ffed5d7d000-7ffed5d7f000 r-xp 00000000 00:00 0                          [vdso]
ffffffffff600000-ffffffffff601000 r-xp 00000000 00:00 0                  [vsyscall]

VM Arguments:
jvm_args: -Djava.awt.headless=true -Xmx1024M -Dfile.encoding=UTF-8 -Duser.country=US -Duser.language=en -Duser.variant 
java_command: com.android.dx.command.Main --dex --num-threads=4 --output /home/lin/other/AndroidProjects/Radio/app/build/intermediates/pre-dexed/debug/debug_4494840425f35f9b88898c4e537e7dcf5593f492.jar /home/lin/other/AndroidProjects/Radio/app/build/intermediates/classes/debug
java_class_path (initial): /root/Android/Sdk/build-tools/23.0.3/lib/dx.jar
Launcher Type: SUN_STANDARD

Environment Variables:
PATH=/usr/local/sbin:/usr/local/bin:/usr/sbin:/usr/bin:/sbin:/bin
USERNAME=root
LD_LIBRARY_PATH=/opt/android-studio/bin:
SHELL=/bin/bash
DISPLAY=:0.0

Signal Handlers:
SIGSEGV: [libjvm.so+0xac4790], sa_mask[0]=11111111011111111101111111111110, sa_flags=SA_RESTART|SA_SIGINFO
SIGBUS: [libjvm.so+0xac4790], sa_mask[0]=11111111011111111101111111111110, sa_flags=SA_RESTART|SA_SIGINFO
SIGFPE: [libjvm.so+0x91f140], sa_mask[0]=11111111011111111101111111111110, sa_flags=SA_RESTART|SA_SIGINFO
SIGPIPE: [libjvm.so+0x91f140], sa_mask[0]=11111111011111111101111111111110, sa_flags=SA_RESTART|SA_SIGINFO
SIGXFSZ: [libjvm.so+0x91f140], sa_mask[0]=11111111011111111101111111111110, sa_flags=SA_RESTART|SA_SIGINFO
SIGILL: [libjvm.so+0x91f140], sa_mask[0]=11111111011111111101111111111110, sa_flags=SA_RESTART|SA_SIGINFO
SIGUSR1: SIG_DFL, sa_mask[0]=00000000000000000000000000000000, sa_flags=none
SIGUSR2: [libjvm.so+0x920770], sa_mask[0]=00100000000000000000000000000000, sa_flags=SA_RESTART|SA_SIGINFO
SIGHUP: [libjvm.so+0x921b70], sa_mask[0]=11111111011111111101111111111110, sa_flags=SA_RESTART|SA_SIGINFO
SIGINT: [libjvm.so+0x921b70], sa_mask[0]=11111111011111111101111111111110, sa_flags=SA_RESTART|SA_SIGINFO
SIGTERM: [libjvm.so+0x921b70], sa_mask[0]=11111111011111111101111111111110, sa_flags=SA_RESTART|SA_SIGINFO
SIGQUIT: [libjvm.so+0x921b70], sa_mask[0]=11111111011111111101111111111110, sa_flags=SA_RESTART|SA_SIGINFO


---------------  S Y S T E M  ---------------

OS:DISTRIB_ID=Ubuntu
DISTRIB_RELEASE=12.04
DISTRIB_CODENAME=precise
DISTRIB_DESCRIPTION="Ubuntu 12.04.5 LTS"

uname:Linux 3.13.0-95-generic #142~precise1-Ubuntu SMP Fri Aug 12 18:20:15 UTC 2016 x86_64
libc:glibc 2.15 NPTL 2.15 
rlimit: STACK 8192k, CORE 0k, NPROC 22873, NOFILE 4096, AS infinity
load average:2.98 1.40 1.09

/proc/meminfo:
MemTotal:        2948840 kB
MemFree:          174700 kB
Buffers:           39396 kB
Cached:           696288 kB
SwapCached:        51044 kB
Active:          1817412 kB
Inactive:         772788 kB
Active(anon):    1487860 kB
Inactive(anon):   542616 kB
Active(file):     329552 kB
Inactive(file):   230172 kB
Unevictable:           0 kB
Mlocked:               0 kB
SwapTotal:       3008508 kB
SwapFree:        2750728 kB
Dirty:              3884 kB
Writeback:             0 kB
AnonPages:       1835976 kB
Mapped:           238176 kB
Shmem:            175960 kB
Slab:              96980 kB
SReclaimable:      67096 kB
SUnreclaim:        29884 kB
KernelStack:        4560 kB
PageTables:        33136 kB
NFS_Unstable:          0 kB
Bounce:                0 kB
WritebackTmp:          0 kB
CommitLimit:     4482928 kB
Committed_AS:    4789336 kB
VmallocTotal:   34359738367 kB
VmallocUsed:      346464 kB
VmallocChunk:   34359383644 kB
HardwareCorrupted:     0 kB
AnonHugePages:    770048 kB
HugePages_Total:       0
HugePages_Free:        0
HugePages_Rsvd:        0
HugePages_Surp:        0
Hugepagesize:       2048 kB
DirectMap4k:       67972 kB
DirectMap2M:     2942976 kB


CPU:total 2 (2 cores per cpu, 1 threads per core) family 6 model 15 stepping 13, cmov, cx8, fxsr, mmx, sse, sse2, sse3, ssse3, tsc

/proc/cpuinfo:
processor	: 0
vendor_id	: GenuineIntel
cpu family	: 6
model		: 15
model name	: Genuine Intel(R) CPU           T1600  @ 1.66GHz
stepping	: 13
microcode	: 0xa3
cpu MHz		: 1662.438
cache size	: 1024 KB
physical id	: 0
siblings	: 2
core id		: 0
cpu cores	: 2
apicid		: 0
initial apicid	: 0
fpu		: yes
fpu_exception	: yes
cpuid level	: 10
wp		: yes
flags		: fpu vme de pse tsc msr pae mce cx8 apic sep mtrr pge mca cmov pat pse36 clflush dts acpi mmx fxsr sse sse2 ss ht tm pbe syscall nx lm constant_tsc arch_perfmon pebs bts rep_good nopl aperfmperf pni dtes64 monitor ds_cpl tm2 ssse3 cx16 xtpr pdcm lahf_lm dtherm
bogomips	: 3324.87
clflush size	: 64
cache_alignment	: 64
address sizes	: 36 bits physical, 48 bits virtual
power management:

processor	: 1
vendor_id	: GenuineIntel
cpu family	: 6
model		: 15
model name	: Genuine Intel(R) CPU           T1600  @ 1.66GHz
stepping	: 13
microcode	: 0xa3
cpu MHz		: 1662.438
cache size	: 1024 KB
physical id	: 0
siblings	: 2
core id		: 1
cpu cores	: 2
apicid		: 1
initial apicid	: 1
fpu		: yes
fpu_exception	: yes
cpuid level	: 10
wp		: yes
flags		: fpu vme de pse tsc msr pae mce cx8 apic sep mtrr pge mca cmov pat pse36 clflush dts acpi mmx fxsr sse sse2 ss ht tm pbe syscall nx lm constant_tsc arch_perfmon pebs bts rep_good nopl aperfmperf pni dtes64 monitor ds_cpl tm2 ssse3 cx16 xtpr pdcm lahf_lm dtherm
bogomips	: 3324.87
clflush size	: 64
cache_alignment	: 64
address sizes	: 36 bits physical, 48 bits virtual
power management:



Memory: 4k page, physical 2948840k(174700k free), swap 3008508k(2750728k free)

vm_info: Java HotSpot(TM) 64-Bit Server VM (25.101-b13) for linux-amd64 JRE (1.8.0_101-b13), built on Jun 22 2016 02:59:44 by "java_re" with gcc 4.3.0 20080428 (Red Hat 4.3.0-8)

time: Tue Sep 27 21:03:29 2016
elapsed time: 6 seconds (0d 0h 0m 6s)

