#
# A fatal error has been detected by the Java Runtime Environment:
#
#  SIGSEGV (0xb) at pc=0x00007f5bc0184b2d, pid=3408, tid=0x00007f5bb6e10700
#
# JRE version: Java(TM) SE Runtime Environment (8.0_101-b13) (build 1.8.0_101-b13)
# Java VM: Java HotSpot(TM) 64-Bit Server VM (25.101-b13 mixed mode linux-amd64 compressed oops)
# Problematic frame:
# J 591 C1 com.android.dx.rop.code.BasicBlockList$RegCountVisitor.visit(Lcom/android/dx/rop/code/Insn;)V (52 bytes) @ 0x00007f5bc0184b2d [0x00007f5bc0184520+0x60d]
#
# Failed to write core dump. Core dumps have been disabled. To enable core dumping, try "ulimit -c unlimited" before starting Java again
#
# If you would like to submit a bug report, please visit:
#   http://bugreport.java.com/bugreport/crash.jsp
#

---------------  T H R E A D  ---------------

Current thread (0x00007f5bd014f800):  JavaThread "pool-1-thread-3" [_thread_in_Java, id=3430, stack(0x00007f5bb6d10000,0x00007f5bb6e11000)]

siginfo: si_signo: 11 (SIGSEGV), si_code: 1 (SEGV_MAPERR), si_addr: 0x00000000200002e6

Registers:
RAX=0x0000000000000138, RBX=0x000000000001fea8, RCX=0x0000000000000aff, RDX=0x00000000200002da
RSP=0x00007f5bb6e0ee30, RBP=0x00007f5bb6e0f010, RSI=0x00000000eb304aa8, RDI=0x00000000eb765878
R8 =0x0000000000002294, R9 =0x000000000000000a, R10=0x0000000100084408, R11=0x0000000000000248
R12=0x0000000000000000, R13=0x00007f5bc017fb34, R14=0x00007f5bb6e0ef40, R15=0x00007f5bd014f800
RIP=0x00007f5bc0184b2d, EFLAGS=0x0000000000010202, CSGSFS=0x0000000000000033, ERR=0x0000000000000004
  TRAPNO=0x000000000000000e

Top of Stack: (sp=0x00007f5bb6e0ee30)
0x00007f5bb6e0ee30:   00007f5b00000000 00000000eb304aa8
0x00007f5bb6e0ee40:   00000000eb3044d0 0000000000000000
0x00007f5bb6e0ee50:   00000000eb725878 00007f5bc007ad99
0x00007f5bb6e0ee60:   00007f5bb6e0eec8 00007f5bbff6effd
0x00007f5bb6e0ee70:   00007f5bbff6effd 00000000eb3044d0
0x00007f5bb6e0ee80:   00000000eb304aa8 00007f5bb6e0ee88
0x00007f5bb6e0ee90:   00007f5bbd163dda 00000000eb304aa8
0x00007f5bb6e0eea0:   00007f5bbd164370 0000000000000000
0x00007f5bb6e0eeb0:   00000000eb765878 0000000000000000
0x00007f5bb6e0eec0:   00007f5bb6e0f010 00007f5bc01af53c
0x00007f5bb6e0eed0:   00007f5bbff6f042 00000000eb3044d0
0x00007f5bb6e0eee0:   00000000eb304aa8 00007f5bb6e0eee8
0x00007f5bb6e0eef0:   00007f5bbd0f61c2 00007f5bb6e0ef40
0x00007f5bb6e0ef00:   00007f5bb6e0f010 00007f5bc019200c
0x00007f5bb6e0ef10:   00007f5bbd0f61e8 0000000000000000
0x00007f5bb6e0ef20:   00007f5bb6e0ef50 00007f5bb6e0f010
0x00007f5bb6e0ef30:   00007f5bc017fb34 00000000eb304aa8
0x00007f5bb6e0ef40:   00007f5bb6e0f010 00007f5bc017fb34
0x00007f5bb6e0ef50:   0000000000000000 00007f5bb6e0efd8
0x00007f5bb6e0ef60:   00007f5bb6e0f020 00007f5bbff6ed80
0x00007f5bb6e0ef70:   0000000000000000 0000000000000000
0x00007f5bb6e0ef80:   00000000eb304aa8 0000000200000001
0x00007f5bb6e0ef90:   00000000eb3044a0 00007f5bc007ad99
0x00007f5bb6e0efa0:   00007f5bb6e0f010 00007f5bbff6effd
0x00007f5bb6e0efb0:   00007f5bb6e0f010 00007f5bbff6effd
0x00007f5bb6e0efc0:   00000000eb304aa8 00000000eb3044a0
0x00007f5bb6e0efd0:   00007f5bb6e0efd0 00007f5bbd154f7d
0x00007f5bb6e0efe0:   00007f5bb6e0f048 00007f5bbd155a68
0x00007f5bb6e0eff0:   0000000000000000 00007f5bbd154fe0
0x00007f5bb6e0f000:   00007f5bb6e0efc0 00007f5bb6e0f040
0x00007f5bb6e0f010:   00007f5bb6e0f090 00007f5bbff6effd
0x00007f5bb6e0f020:   00000000eb3044a0 00000000eb304480 

Instructions: (pc=0x00007f5bc0184b2d)
0x00007f5bc0184b0d:   dc 00 00 00 48 ba b0 0c 0a bd 5b 7f 00 00 81 e3
0x00007f5bc0184b1d:   f8 ff 7f 00 83 fb 00 0f 84 de 06 00 00 8b 57 10
0x00007f5bc0184b2d:   8b 5a 0c 89 5c 24 78 b8 00 00 00 00 0f 1f 80 00
0x00007f5bc0184b3d:   00 00 00 3b c3 48 ba a0 be 1f bd 5b 7f 00 00 48 

Register to memory mapping:

RAX=0x0000000000000138 is an unknown value
RBX=0x000000000001fea8 is an unknown value
RCX=0x0000000000000aff is an unknown value
RDX=0x00000000200002da is an unknown value
RSP=0x00007f5bb6e0ee30 is pointing into the stack for thread: 0x00007f5bd014f800
RBP=0x00007f5bb6e0f010 is pointing into the stack for thread: 0x00007f5bd014f800
RSI=0x00000000eb304aa8 is an oop
com.android.dx.rop.code.BasicBlockList$RegCountVisitor 
 - klass: 'com/android/dx/rop/code/BasicBlockList$RegCountVisitor'
RDI=0x00000000eb765878 is an oop

[error occurred during error reporting (printing register info), id 0xb]

Stack: [0x00007f5bb6d10000,0x00007f5bb6e11000],  sp=0x00007f5bb6e0ee30,  free space=1019k
Native frames: (J=compiled Java code, j=interpreted, Vv=VM code, C=native code)
J 591 C1 com.android.dx.rop.code.BasicBlockList$RegCountVisitor.visit(Lcom/android/dx/rop/code/Insn;)V (52 bytes) @ 0x00007f5bc0184b2d [0x00007f5bc0184520+0x60d]
J 643 C1 com.android.dx.rop.code.BasicBlockList$RegCountVisitor.visitPlainInsn(Lcom/android/dx/rop/code/PlainInsn;)V (6 bytes) @ 0x00007f5bc01af53c [0x00007f5bc01af4c0+0x7c]
J 578 C1 com.android.dx.rop.code.PlainInsn.accept(Lcom/android/dx/rop/code/Insn$Visitor;)V (8 bytes) @ 0x00007f5bc019200c [0x00007f5bc0191f00+0x10c]
J 579 C1 com.android.dx.rop.code.InsnList.forEach(Lcom/android/dx/rop/code/Insn$Visitor;)V (28 bytes) @ 0x00007f5bc017fb34 [0x00007f5bc017f700+0x434]
j  com.android.dx.rop.code.BasicBlockList.forEachInsn(Lcom/android/dx/rop/code/Insn$Visitor;)V+29
j  com.android.dx.rop.code.BasicBlockList.getRegCount()I+18
j  com.android.dx.ssa.Optimizer.optimize(Lcom/android/dx/rop/code/RopMethod;IZZLcom/android/dx/rop/code/TranslationAdvice;Ljava/util/EnumSet;)Lcom/android/dx/rop/code/RopMethod;+40
j  com.android.dx.ssa.Optimizer.optimize(Lcom/android/dx/rop/code/RopMethod;IZZLcom/android/dx/rop/code/TranslationAdvice;)Lcom/android/dx/rop/code/RopMethod;+12
j  com.android.dx.dex.cf.CfTranslator.processMethods(Lcom/android/dx/cf/direct/DirectClassFile;Lcom/android/dx/dex/cf/CfOptions;Lcom/android/dx/dex/DexOptions;Lcom/android/dx/dex/file/ClassDefItem;Lcom/android/dx/dex/file/DexFile;)V+265
j  com.android.dx.dex.cf.CfTranslator.translate0(Lcom/android/dx/cf/direct/DirectClassFile;[BLcom/android/dx/dex/cf/CfOptions;Lcom/android/dx/dex/DexOptions;Lcom/android/dx/dex/file/DexFile;)Lcom/android/dx/dex/file/ClassDefItem;+120
j  com.android.dx.dex.cf.CfTranslator.translate(Lcom/android/dx/cf/direct/DirectClassFile;[BLcom/android/dx/dex/cf/CfOptions;Lcom/android/dx/dex/DexOptions;Lcom/android/dx/dex/file/DexFile;)Lcom/android/dx/dex/file/ClassDefItem;+6
j  com.android.dx.command.dexer.Main.translateClass([BLcom/android/dx/cf/direct/DirectClassFile;)Lcom/android/dx/dex/file/ClassDefItem;+17
j  com.android.dx.command.dexer.Main.access$2700([BLcom/android/dx/cf/direct/DirectClassFile;)Lcom/android/dx/dex/file/ClassDefItem;+2
j  com.android.dx.command.dexer.Main$ClassTranslatorTask.call()Lcom/android/dx/dex/file/ClassDefItem;+8
j  com.android.dx.command.dexer.Main$ClassTranslatorTask.call()Ljava/lang/Object;+1
j  java.util.concurrent.FutureTask.run()V+42
j  java.util.concurrent.ThreadPoolExecutor.runWorker(Ljava/util/concurrent/ThreadPoolExecutor$Worker;)V+95
j  java.util.concurrent.ThreadPoolExecutor$Worker.run()V+5
j  java.lang.Thread.run()V+11
v  ~StubRoutines::call_stub
V  [libjvm.so+0x68f6b6]  JavaCalls::call_helper(JavaValue*, methodHandle*, JavaCallArguments*, Thread*)+0x1056
V  [libjvm.so+0x68fbc1]  JavaCalls::call_virtual(JavaValue*, KlassHandle, Symbol*, Symbol*, JavaCallArguments*, Thread*)+0x321
V  [libjvm.so+0x690067]  JavaCalls::call_virtual(JavaValue*, Handle, KlassHandle, Symbol*, Symbol*, Thread*)+0x47
V  [libjvm.so+0x726fc0]  thread_entry(JavaThread*, Thread*)+0xa0
V  [libjvm.so+0xa7343f]  JavaThread::thread_main_inner()+0xdf
V  [libjvm.so+0xa7356c]  JavaThread::run()+0x11c
V  [libjvm.so+0x924698]  java_start(Thread*)+0x108
C  [libpthread.so.0+0x7e9a]  start_thread+0xda


---------------  P R O C E S S  ---------------

Java Threads: ( => current thread )
  0x00007f5bd0151800 JavaThread "pool-1-thread-4" [_thread_in_Java, id=3431, stack(0x00007f5bb6c0f000,0x00007f5bb6d10000)]
=>0x00007f5bd014f800 JavaThread "pool-1-thread-3" [_thread_in_Java, id=3430, stack(0x00007f5bb6d10000,0x00007f5bb6e11000)]
  0x00007f5bd014f000 JavaThread "pool-1-thread-2" [_thread_in_Java, id=3429, stack(0x00007f5bb6e11000,0x00007f5bb6f12000)]
  0x00007f5bd0147800 JavaThread "pool-2-thread-1" [_thread_blocked, id=3427, stack(0x00007f5bb6f12000,0x00007f5bb7013000)]
  0x00007f5bd0145800 JavaThread "pool-1-thread-1" [_thread_in_Java, id=3426, stack(0x00007f5bb7013000,0x00007f5bb7114000)]
  0x00007f5bd00ba000 JavaThread "Service Thread" daemon [_thread_blocked, id=3423, stack(0x00007f5bb7215000,0x00007f5bb7316000)]
  0x00007f5bd00b7800 JavaThread "C1 CompilerThread1" daemon [_thread_in_native, id=3422, stack(0x00007f5bb7316000,0x00007f5bb7417000)]
  0x00007f5bd00b4800 JavaThread "C2 CompilerThread0" daemon [_thread_in_native, id=3421, stack(0x00007f5bb7417000,0x00007f5bb7518000)]
  0x00007f5bd00b3000 JavaThread "Signal Dispatcher" daemon [_thread_blocked, id=3420, stack(0x00007f5bb7518000,0x00007f5bb7619000)]
  0x00007f5bd0080000 JavaThread "Finalizer" daemon [_thread_blocked, id=3418, stack(0x00007f5bb7cfd000,0x00007f5bb7dfe000)]
  0x00007f5bd007b800 JavaThread "Reference Handler" daemon [_thread_blocked, id=3417, stack(0x00007f5bb7dfe000,0x00007f5bb7eff000)]
  0x00007f5bd000a000 JavaThread "main" [_thread_in_Java, id=3410, stack(0x00007f5bd5e30000,0x00007f5bd5f31000)]

Other Threads:
  0x00007f5bd0073800 VMThread [stack: 0x00007f5bb7eff000,0x00007f5bb8000000] [id=3416]
  0x00007f5bd00bd000 WatcherThread [stack: 0x00007f5bb7114000,0x00007f5bb7215000] [id=3424]

VM state:not at safepoint (normal execution)

VM Mutex/Monitor currently owned by a thread: None

Heap:
 PSYoungGen      total 13824K, used 10667K [0x00000000eab00000, 0x00000000eba00000, 0x0000000100000000)
  eden space 12288K, 74% used [0x00000000eab00000,0x00000000eb3f0ce8,0x00000000eb700000)
  from space 1536K, 98% used [0x00000000eb700000,0x00000000eb87a1a0,0x00000000eb880000)
  to   space 1536K, 0% used [0x00000000eb880000,0x00000000eb880000,0x00000000eba00000)
 ParOldGen       total 31744K, used 1849K [0x00000000c0000000, 0x00000000c1f00000, 0x00000000eab00000)
  object space 31744K, 5% used [0x00000000c0000000,0x00000000c01ce6c8,0x00000000c1f00000)
 Metaspace       used 5703K, capacity 6704K, committed 6784K, reserved 1056768K
  class space    used 594K, capacity 616K, committed 640K, reserved 1048576K

Card table byte_map: [0x00007f5bbf9a6000,0x00007f5bbfba7000] byte_map_base: 0x00007f5bbf3a6000

Marking Bits: (ParMarkBitMap*) 0x00007f5bd530c120
 Begin Bits: [0x00007f5bbd64e000, 0x00007f5bbe64e000)
 End Bits:   [0x00007f5bbe64e000, 0x00007f5bbf64e000)

Polling page: 0x00007f5bd5f4d000

CodeCache: size=245760Kb used=2329Kb max_used=2329Kb free=243430Kb
 bounds [0x00007f5bbff67000, 0x00007f5bc01d7000, 0x00007f5bcef67000]
 total_blobs=859 nmethods=593 adapters=182
 compilation: enabled

Compilation events (10 events):
Event: 7.826 Thread 0x00007f5bd00b7800 nmethod 697 0x00007f5bc01aba50 code [0x00007f5bc01abd60, 0x00007f5bc01accf8]
Event: 7.827 Thread 0x00007f5bd00b7800  698       2       com.android.dx.rop.cst.CstBaseMethodRef::compareTo0 (29 bytes)
Event: 7.827 Thread 0x00007f5bd00b7800 nmethod 698 0x00007f5bc01ae450 code [0x00007f5bc01ae5c0, 0x00007f5bc01ae7b8]
Event: 7.827 Thread 0x00007f5bd00b7800  658       2       java.util.AbstractSet::<init> (5 bytes)
Event: 7.828 Thread 0x00007f5bd00b7800 nmethod 658 0x00007f5bc01ae910 code [0x00007f5bc01aea60, 0x00007f5bc01aebb0]
Event: 7.828 Thread 0x00007f5bd00b7800  663       2       com.android.dx.rop.code.LocalItem::compareHandlesNulls (25 bytes)
Event: 7.829 Thread 0x00007f5bd00b7800 nmethod 663 0x00007f5bc01aec50 code [0x00007f5bc01aede0, 0x00007f5bc01af098]
Event: 7.829 Thread 0x00007f5bd00b7800  643       3       com.android.dx.rop.code.BasicBlockList$RegCountVisitor::visitPlainInsn (6 bytes)
Event: 7.829 Thread 0x00007f5bd00b7800 nmethod 643 0x00007f5bc01af350 code [0x00007f5bc01af4c0, 0x00007f5bc01af648]
Event: 7.829 Thread 0x00007f5bd00b7800  595   !   3       com.android.dx.cf.code.BytecodeArray::parseInstruction (2764 bytes)

GC Heap History (2 events):
Event: 6.382 GC heap before
{Heap before GC invocations=1 (full 0):
 PSYoungGen      total 13824K, used 12288K [0x00000000eab00000, 0x00000000eba00000, 0x0000000100000000)
  eden space 12288K, 100% used [0x00000000eab00000,0x00000000eb700000,0x00000000eb700000)
  from space 1536K, 0% used [0x00000000eb880000,0x00000000eb880000,0x00000000eba00000)
  to   space 1536K, 0% used [0x00000000eb700000,0x00000000eb700000,0x00000000eb880000)
 ParOldGen       total 31744K, used 0K [0x00000000c0000000, 0x00000000c1f00000, 0x00000000eab00000)
  object space 31744K, 0% used [0x00000000c0000000,0x00000000c0000000,0x00000000c1f00000)
 Metaspace       used 5430K, capacity 6512K, committed 6784K, reserved 1056768K
  class space    used 588K, capacity 616K, committed 640K, reserved 1048576K
Event: 6.438 GC heap after
Heap after GC invocations=1 (full 0):
 PSYoungGen      total 13824K, used 1512K [0x00000000eab00000, 0x00000000eba00000, 0x0000000100000000)
  eden space 12288K, 0% used [0x00000000eab00000,0x00000000eab00000,0x00000000eb700000)
  from space 1536K, 98% used [0x00000000eb700000,0x00000000eb87a1a0,0x00000000eb880000)
  to   space 1536K, 0% used [0x00000000eb880000,0x00000000eb880000,0x00000000eba00000)
 ParOldGen       total 31744K, used 1849K [0x00000000c0000000, 0x00000000c1f00000, 0x00000000eab00000)
  object space 31744K, 5% used [0x00000000c0000000,0x00000000c01ce6c8,0x00000000c1f00000)
 Metaspace       used 5430K, capacity 6512K, committed 6784K, reserved 1056768K
  class space    used 588K, capacity 616K, committed 640K, reserved 1048576K
}

Deoptimization events (3 events):
Event: 4.686 Thread 0x00007f5bd000a000 Uncommon trap: reason=unstable_if action=reinterpret pc=0x00007f5bc00a5488 method=java.lang.String.indexOf(II)I @ 49
Event: 6.567 Thread 0x00007f5bd014f000 Uncommon trap: reason=unstable_if action=reinterpret pc=0x00007f5bc01651ec method=java.util.BitSet.nextSetBit(I)I @ 87
Event: 6.587 Thread 0x00007f5bd014f800 Uncommon trap: reason=unstable_if action=reinterpret pc=0x00007f5bc0163560 method=java.util.HashMap.getNode(ILjava/lang/Object;)Ljava/util/HashMap$Node; @ 129

Internal exceptions (8 events):
Event: 0.696 Thread 0x00007f5bd000a000 Exception <a 'java/lang/NoSuchMethodError': Method sun.misc.Unsafe.defineClass(Ljava/lang/String;[BII)Ljava/lang/Class; name or signature does not match> (0x00000000eab07cc0) thrown at [/HUDSON3/workspace/8-2-build-linux-amd64/jdk8u101/7261/hotspot/src/sh
Event: 0.696 Thread 0x00007f5bd000a000 Exception <a 'java/lang/NoSuchMethodError': Method sun.misc.Unsafe.prefetchRead(Ljava/lang/Object;J)V name or signature does not match> (0x00000000eab07fa8) thrown at [/HUDSON3/workspace/8-2-build-linux-amd64/jdk8u101/7261/hotspot/src/share/vm/prims/jni.c
Event: 5.245 Thread 0x00007f5bd0151800 Exception <a 'java/lang/ClassFormatError': Illegal exception table range in class file com/android/dx/cf/code/Simulator$SimVisitor> (0x00000000eb30c9d8) thrown at [/HUDSON3/workspace/8-2-build-linux-amd64/jdk8u101/7261/hotspot/src/share/vm/classfile/class
Event: 5.245 Thread 0x00007f5bd0151800 Exception <a 'java/lang/ClassFormatError'> (0x00000000eb30c9d8) thrown at [/HUDSON3/workspace/8-2-build-linux-amd64/jdk8u101/7261/hotspot/src/share/vm/prims/jvm.cpp, line 1390]
Event: 5.247 Thread 0x00007f5bd0151800 Exception <a 'java/lang/ClassFormatError': com/android/dx/cf/code/Simulator$SimVisitor> (0x00000000eb30df80) thrown at [/HUDSON3/workspace/8-2-build-linux-amd64/jdk8u101/7261/hotspot/src/share/vm/oops/constantPool.cpp, line 235]
Event: 5.249 Thread 0x00007f5bd0151800 Exception <a 'java/lang/ClassFormatError': com/android/dx/cf/code/Simulator$SimVisitor> (0x00000000eb3108d8) thrown at [/HUDSON3/workspace/8-2-build-linux-amd64/jdk8u101/7261/hotspot/src/share/vm/oops/constantPool.cpp, line 235]
Event: 5.249 Thread 0x00007f5bd0151800 Exception <a 'java/lang/ClassFormatError': com/android/dx/cf/code/Simulator$SimVisitor> (0x00000000eb311a60) thrown at [/HUDSON3/workspace/8-2-build-linux-amd64/jdk8u101/7261/hotspot/src/share/vm/oops/constantPool.cpp, line 235]
Event: 5.250 Thread 0x00007f5bd0151800 Exception <a 'java/lang/ClassFormatError': com/android/dx/cf/code/Simulator$SimVisitor> (0x00000000eb312d88) thrown at [/HUDSON3/workspace/8-2-build-linux-amd64/jdk8u101/7261/hotspot/src/share/vm/oops/constantPool.cpp, line 235]

Events (10 events):
Event: 6.967 loading class com/android/dx/ssa/back/FirstFitLocalCombiningAllocator$Multiset
Event: 6.967 loading class com/android/dx/ssa/back/FirstFitLocalCombiningAllocator$Multiset done
Event: 7.382 loading class java/util/TreeMap$EntrySet
Event: 7.383 loading class java/util/TreeMap$EntrySet done
Event: 7.383 loading class java/util/TreeMap$EntryIterator
Event: 7.399 loading class java/util/TreeMap$EntryIterator done
Event: 7.716 loading class com/android/dx/cf/attrib/AttRuntimeVisibleAnnotations
Event: 7.716 loading class com/android/dx/cf/attrib/AttRuntimeVisibleAnnotations done
Event: 7.856 loading class java/util/DualPivotQuicksort
Event: 7.856 loading class java/util/DualPivotQuicksort done


Dynamic libraries:
00400000-00401000 r-xp 00000000 08:01 3279757                            /usr/lib/jvm/java-8-oracle/bin/java
00600000-00601000 rw-p 00000000 08:01 3279757                            /usr/lib/jvm/java-8-oracle/bin/java
00c2c000-00c4d000 rw-p 00000000 00:00 0                                  [heap]
c0000000-c1f00000 rw-p 00000000 00:00 0 
c1f00000-eab00000 ---p 00000000 00:00 0 
eab00000-eba00000 rw-p 00000000 00:00 0 
eba00000-100000000 ---p 00000000 00:00 0 
100000000-1000a0000 rw-p 00000000 00:00 0 
1000a0000-140000000 ---p 00000000 00:00 0 
7f5b7c000000-7f5b7c2a4000 rw-p 00000000 00:00 0 
7f5b7c2a4000-7f5b80000000 ---p 00000000 00:00 0 
7f5b84000000-7f5b84021000 rw-p 00000000 00:00 0 
7f5b84021000-7f5b88000000 ---p 00000000 00:00 0 
7f5b88000000-7f5b88031000 rw-p 00000000 00:00 0 
7f5b88031000-7f5b8c000000 ---p 00000000 00:00 0 
7f5b8c000000-7f5b8c021000 rw-p 00000000 00:00 0 
7f5b8c021000-7f5b90000000 ---p 00000000 00:00 0 
7f5b90000000-7f5b9002f000 rw-p 00000000 00:00 0 
7f5b9002f000-7f5b94000000 ---p 00000000 00:00 0 
7f5b94000000-7f5b94391000 rw-p 00000000 00:00 0 
7f5b94391000-7f5b98000000 ---p 00000000 00:00 0 
7f5b98000000-7f5b98021000 rw-p 00000000 00:00 0 
7f5b98021000-7f5b9c000000 ---p 00000000 00:00 0 
7f5b9c000000-7f5b9c021000 rw-p 00000000 00:00 0 
7f5b9c021000-7f5ba0000000 ---p 00000000 00:00 0 
7f5ba0000000-7f5ba02b6000 rw-p 00000000 00:00 0 
7f5ba02b6000-7f5ba4000000 ---p 00000000 00:00 0 
7f5ba4000000-7f5ba4021000 rw-p 00000000 00:00 0 
7f5ba4021000-7f5ba8000000 ---p 00000000 00:00 0 
7f5ba8000000-7f5ba8021000 rw-p 00000000 00:00 0 
7f5ba8021000-7f5bac000000 ---p 00000000 00:00 0 
7f5bac000000-7f5bac021000 rw-p 00000000 00:00 0 
7f5bac021000-7f5bb0000000 ---p 00000000 00:00 0 
7f5bb0000000-7f5bb0021000 rw-p 00000000 00:00 0 
7f5bb0021000-7f5bb4000000 ---p 00000000 00:00 0 
7f5bb6c0f000-7f5bb6c12000 ---p 00000000 00:00 0 
7f5bb6c12000-7f5bb6d10000 rw-p 00000000 00:00 0                          [stack:3431]
7f5bb6d10000-7f5bb6d13000 ---p 00000000 00:00 0 
7f5bb6d13000-7f5bb6e11000 rw-p 00000000 00:00 0                          [stack:3430]
7f5bb6e11000-7f5bb6e14000 ---p 00000000 00:00 0 
7f5bb6e14000-7f5bb6f12000 rw-p 00000000 00:00 0                          [stack:3429]
7f5bb6f12000-7f5bb6f15000 ---p 00000000 00:00 0 
7f5bb6f15000-7f5bb7013000 rw-p 00000000 00:00 0                          [stack:3427]
7f5bb7013000-7f5bb7016000 ---p 00000000 00:00 0 
7f5bb7016000-7f5bb7114000 rw-p 00000000 00:00 0                          [stack:3426]
7f5bb7114000-7f5bb7115000 ---p 00000000 00:00 0 
7f5bb7115000-7f5bb7215000 rw-p 00000000 00:00 0                          [stack:3424]
7f5bb7215000-7f5bb7218000 ---p 00000000 00:00 0 
7f5bb7218000-7f5bb7316000 rw-p 00000000 00:00 0                          [stack:3423]
7f5bb7316000-7f5bb7319000 ---p 00000000 00:00 0 
7f5bb7319000-7f5bb7417000 rw-p 00000000 00:00 0                          [stack:3422]
7f5bb7417000-7f5bb741a000 ---p 00000000 00:00 0 
7f5bb741a000-7f5bb7518000 rw-p 00000000 00:00 0                          [stack:3421]
7f5bb7518000-7f5bb751b000 ---p 00000000 00:00 0 
7f5bb751b000-7f5bb7619000 rw-p 00000000 00:00 0                          [stack:3420]
7f5bb7619000-7f5bb7cfd000 r--p 00000000 08:01 13113697                   /usr/lib/locale/locale-archive
7f5bb7cfd000-7f5bb7d00000 ---p 00000000 00:00 0 
7f5bb7d00000-7f5bb7dfe000 rw-p 00000000 00:00 0                          [stack:3418]
7f5bb7dfe000-7f5bb7e01000 ---p 00000000 00:00 0 
7f5bb7e01000-7f5bb7eff000 rw-p 00000000 00:00 0                          [stack:3417]
7f5bb7eff000-7f5bb7f00000 ---p 00000000 00:00 0 
7f5bb7f00000-7f5bb8000000 rw-p 00000000 00:00 0                          [stack:3416]
7f5bb8000000-7f5bb8021000 rw-p 00000000 00:00 0 
7f5bb8021000-7f5bbc000000 ---p 00000000 00:00 0 
7f5bbc0d3000-7f5bbc9ff000 rw-p 00000000 00:00 0 
7f5bbc9ff000-7f5bbcbd8000 r--s 03d29000 08:01 13118676                   /usr/lib/jvm/java-8-oracle/jre/lib/rt.jar
7f5bbcbd8000-7f5bbd24e000 rw-p 00000000 00:00 0 
7f5bbd24e000-7f5bbd44e000 ---p 00000000 00:00 0 
7f5bbd44e000-7f5bbf64e000 rw-p 00000000 00:00 0 
7f5bbf64e000-7f5bbf64f000 ---p 00000000 00:00 0 
7f5bbf64f000-7f5bbf74f000 rw-p 00000000 00:00 0                          [stack:3415]
7f5bbf74f000-7f5bbf750000 ---p 00000000 00:00 0 
7f5bbf750000-7f5bbf860000 rw-p 00000000 00:00 0                          [stack:3414]
7f5bbf860000-7f5bbf9a6000 ---p 00000000 00:00 0 
7f5bbf9a6000-7f5bbf9b6000 rw-p 00000000 00:00 0 
7f5bbf9b6000-7f5bbfafb000 ---p 00000000 00:00 0 
7f5bbfafb000-7f5bbfb03000 rw-p 00000000 00:00 0 
7f5bbfb03000-7f5bbfba6000 ---p 00000000 00:00 0 
7f5bbfba6000-7f5bbfbb1000 rw-p 00000000 00:00 0 
7f5bbfbb1000-7f5bbff67000 ---p 00000000 00:00 0 
7f5bbff67000-7f5bc01d7000 rwxp 00000000 00:00 0 
7f5bc01d7000-7f5bcef67000 ---p 00000000 00:00 0 
7f5bcef67000-7f5bcef81000 r-xp 00000000 08:01 13766358                   /usr/lib/jvm/java-8-oracle/jre/lib/amd64/libzip.so
7f5bcef81000-7f5bcf181000 ---p 0001a000 08:01 13766358                   /usr/lib/jvm/java-8-oracle/jre/lib/amd64/libzip.so
7f5bcf181000-7f5bcf182000 rw-p 0001a000 08:01 13766358                   /usr/lib/jvm/java-8-oracle/jre/lib/amd64/libzip.so
7f5bcf182000-7f5bcf18d000 r-xp 00000000 08:01 2621673                    /lib/x86_64-linux-gnu/libnss_files-2.15.so
7f5bcf18d000-7f5bcf38c000 ---p 0000b000 08:01 2621673                    /lib/x86_64-linux-gnu/libnss_files-2.15.so
7f5bcf38c000-7f5bcf38d000 r--p 0000a000 08:01 2621673                    /lib/x86_64-linux-gnu/libnss_files-2.15.so
7f5bcf38d000-7f5bcf38e000 rw-p 0000b000 08:01 2621673                    /lib/x86_64-linux-gnu/libnss_files-2.15.so
7f5bcf38e000-7f5bcf398000 r-xp 00000000 08:01 2621658                    /lib/x86_64-linux-gnu/libnss_nis-2.15.so
7f5bcf398000-7f5bcf598000 ---p 0000a000 08:01 2621658                    /lib/x86_64-linux-gnu/libnss_nis-2.15.so
7f5bcf598000-7f5bcf599000 r--p 0000a000 08:01 2621658                    /lib/x86_64-linux-gnu/libnss_nis-2.15.so
7f5bcf599000-7f5bcf59a000 rw-p 0000b000 08:01 2621658                    /lib/x86_64-linux-gnu/libnss_nis-2.15.so
7f5bcf59a000-7f5bcf5b1000 r-xp 00000000 08:01 2621667                    /lib/x86_64-linux-gnu/libnsl-2.15.so
7f5bcf5b1000-7f5bcf7b0000 ---p 00017000 08:01 2621667                    /lib/x86_64-linux-gnu/libnsl-2.15.so
7f5bcf7b0000-7f5bcf7b1000 r--p 00016000 08:01 2621667                    /lib/x86_64-linux-gnu/libnsl-2.15.so
7f5bcf7b1000-7f5bcf7b2000 rw-p 00017000 08:01 2621667                    /lib/x86_64-linux-gnu/libnsl-2.15.so
7f5bcf7b2000-7f5bcf7b4000 rw-p 00000000 00:00 0 
7f5bcf7b4000-7f5bcf7bc000 r-xp 00000000 08:01 2621672                    /lib/x86_64-linux-gnu/libnss_compat-2.15.so
7f5bcf7bc000-7f5bcf9bb000 ---p 00008000 08:01 2621672                    /lib/x86_64-linux-gnu/libnss_compat-2.15.so
7f5bcf9bb000-7f5bcf9bc000 r--p 00007000 08:01 2621672                    /lib/x86_64-linux-gnu/libnss_compat-2.15.so
7f5bcf9bc000-7f5bcf9bd000 rw-p 00008000 08:01 2621672                    /lib/x86_64-linux-gnu/libnss_compat-2.15.so
7f5bcf9bd000-7f5bcf9e7000 r-xp 00000000 08:01 13766323                   /usr/lib/jvm/java-8-oracle/jre/lib/amd64/libjava.so
7f5bcf9e7000-7f5bcfbe7000 ---p 0002a000 08:01 13766323                   /usr/lib/jvm/java-8-oracle/jre/lib/amd64/libjava.so
7f5bcfbe7000-7f5bcfbe9000 rw-p 0002a000 08:01 13766323                   /usr/lib/jvm/java-8-oracle/jre/lib/amd64/libjava.so
7f5bcfbe9000-7f5bcfbf6000 r-xp 00000000 08:01 13766361                   /usr/lib/jvm/java-8-oracle/jre/lib/amd64/libverify.so
7f5bcfbf6000-7f5bcfdf6000 ---p 0000d000 08:01 13766361                   /usr/lib/jvm/java-8-oracle/jre/lib/amd64/libverify.so
7f5bcfdf6000-7f5bcfdf8000 rw-p 0000d000 08:01 13766361                   /usr/lib/jvm/java-8-oracle/jre/lib/amd64/libverify.so
7f5bcfdf8000-7f5bcfdff000 r-xp 00000000 08:01 2621660                    /lib/x86_64-linux-gnu/librt-2.15.so
7f5bcfdff000-7f5bcfffe000 ---p 00007000 08:01 2621660                    /lib/x86_64-linux-gnu/librt-2.15.so
7f5bcfffe000-7f5bcffff000 r--p 00006000 08:01 2621660                    /lib/x86_64-linux-gnu/librt-2.15.so
7f5bcffff000-7f5bd0000000 rw-p 00007000 08:01 2621660                    /lib/x86_64-linux-gnu/librt-2.15.so
7f5bd0000000-7f5bd0386000 rw-p 00000000 00:00 0 
7f5bd0386000-7f5bd4000000 ---p 00000000 00:00 0 
7f5bd4000000-7f5bd404f000 rw-p 00000000 00:00 0 
7f5bd404f000-7f5bd414a000 r-xp 00000000 08:01 2621674                    /lib/x86_64-linux-gnu/libm-2.15.so
7f5bd414a000-7f5bd4349000 ---p 000fb000 08:01 2621674                    /lib/x86_64-linux-gnu/libm-2.15.so
7f5bd4349000-7f5bd434a000 r--p 000fa000 08:01 2621674                    /lib/x86_64-linux-gnu/libm-2.15.so
7f5bd434a000-7f5bd434b000 rw-p 000fb000 08:01 2621674                    /lib/x86_64-linux-gnu/libm-2.15.so
7f5bd434b000-7f5bd5016000 r-xp 00000000 08:01 13894575                   /usr/lib/jvm/java-8-oracle/jre/lib/amd64/server/libjvm.so
7f5bd5016000-7f5bd5215000 ---p 00ccb000 08:01 13894575                   /usr/lib/jvm/java-8-oracle/jre/lib/amd64/server/libjvm.so
7f5bd5215000-7f5bd52ee000 rw-p 00cca000 08:01 13894575                   /usr/lib/jvm/java-8-oracle/jre/lib/amd64/server/libjvm.so
7f5bd52ee000-7f5bd5339000 rw-p 00000000 00:00 0 
7f5bd5339000-7f5bd54ed000 r-xp 00000000 08:01 2621665                    /lib/x86_64-linux-gnu/libc-2.15.so
7f5bd54ed000-7f5bd56ec000 ---p 001b4000 08:01 2621665                    /lib/x86_64-linux-gnu/libc-2.15.so
7f5bd56ec000-7f5bd56f0000 r--p 001b3000 08:01 2621665                    /lib/x86_64-linux-gnu/libc-2.15.so
7f5bd56f0000-7f5bd56f2000 rw-p 001b7000 08:01 2621665                    /lib/x86_64-linux-gnu/libc-2.15.so
7f5bd56f2000-7f5bd56f7000 rw-p 00000000 00:00 0 
7f5bd56f7000-7f5bd56f9000 r-xp 00000000 08:01 2621657                    /lib/x86_64-linux-gnu/libdl-2.15.so
7f5bd56f9000-7f5bd58f9000 ---p 00002000 08:01 2621657                    /lib/x86_64-linux-gnu/libdl-2.15.so
7f5bd58f9000-7f5bd58fa000 r--p 00002000 08:01 2621657                    /lib/x86_64-linux-gnu/libdl-2.15.so
7f5bd58fa000-7f5bd58fb000 rw-p 00003000 08:01 2621657                    /lib/x86_64-linux-gnu/libdl-2.15.so
7f5bd58fb000-7f5bd5910000 r-xp 00000000 08:01 2627921                    /usr/lib/jvm/java-8-oracle/lib/amd64/jli/libjli.so
7f5bd5910000-7f5bd5b10000 ---p 00015000 08:01 2627921                    /usr/lib/jvm/java-8-oracle/lib/amd64/jli/libjli.so
7f5bd5b10000-7f5bd5b11000 rw-p 00015000 08:01 2627921                    /usr/lib/jvm/java-8-oracle/lib/amd64/jli/libjli.so
7f5bd5b11000-7f5bd5b29000 r-xp 00000000 08:01 2621668                    /lib/x86_64-linux-gnu/libpthread-2.15.so
7f5bd5b29000-7f5bd5d28000 ---p 00018000 08:01 2621668                    /lib/x86_64-linux-gnu/libpthread-2.15.so
7f5bd5d28000-7f5bd5d29000 r--p 00017000 08:01 2621668                    /lib/x86_64-linux-gnu/libpthread-2.15.so
7f5bd5d29000-7f5bd5d2a000 rw-p 00018000 08:01 2621668                    /lib/x86_64-linux-gnu/libpthread-2.15.so
7f5bd5d2a000-7f5bd5d2e000 rw-p 00000000 00:00 0 
7f5bd5d2e000-7f5bd5d50000 r-xp 00000000 08:01 2621671                    /lib/x86_64-linux-gnu/ld-2.15.so
7f5bd5d50000-7f5bd5d57000 r--s 00046000 08:01 10753560                   /home/lin/other/AndroidProjects/Radio/app/build/intermediates/exploded-aar/com.vk/androidsdk/1.6.5/jars/classes.jar
7f5bd5d57000-7f5bd5e30000 rw-p 00000000 00:00 0 
7f5bd5e30000-7f5bd5e33000 ---p 00000000 00:00 0 
7f5bd5e33000-7f5bd5f35000 rw-p 00000000 00:00 0                          [stack:3410]
7f5bd5f35000-7f5bd5f44000 r--s 000df000 08:01 11274850                   /root/Android/Sdk/build-tools/23.0.3/lib/dx.jar
7f5bd5f44000-7f5bd5f4c000 rw-s 00000000 08:01 4849833                    /tmp/hsperfdata_root/3408
7f5bd5f4c000-7f5bd5f4d000 rw-p 00000000 00:00 0 
7f5bd5f4d000-7f5bd5f4e000 r--p 00000000 00:00 0 
7f5bd5f4e000-7f5bd5f50000 rw-p 00000000 00:00 0 
7f5bd5f50000-7f5bd5f51000 r--p 00022000 08:01 2621671                    /lib/x86_64-linux-gnu/ld-2.15.so
7f5bd5f51000-7f5bd5f53000 rw-p 00023000 08:01 2621671                    /lib/x86_64-linux-gnu/ld-2.15.so
7ffd85a91000-7ffd85ab2000 rw-p 00000000 00:00 0                          [stack]
7ffd85b0b000-7ffd85b0d000 r-xp 00000000 00:00 0                          [vdso]
ffffffffff600000-ffffffffff601000 r-xp 00000000 00:00 0                  [vsyscall]

VM Arguments:
jvm_args: -Djava.awt.headless=true -Xmx1024M -Dfile.encoding=UTF-8 -Duser.country=US -Duser.language=en -Duser.variant 
java_command: com.android.dx.command.Main --dex --force-jumbo --num-threads=4 --output /home/lin/other/AndroidProjects/Radio/app/build/intermediates/pre-dexed/debug/com.vk-androidsdk-1.6.5_1fa86cae056da7c033d88ebb23cbb7b434f1ea53.jar /home/lin/other/AndroidProjects/Radio/app/build/intermediates/exploded-aar/com.vk/androidsdk/1.6.5/jars/classes.jar
java_class_path (initial): /root/Android/Sdk/build-tools/23.0.3/lib/dx.jar
Launcher Type: SUN_STANDARD

Environment Variables:
PATH=/usr/local/sbin:/usr/local/bin:/usr/sbin:/usr/bin:/sbin:/bin
USERNAME=root
LD_LIBRARY_PATH=/opt/android-studio/bin:
SHELL=/bin/bash
DISPLAY=:0.0

Signal Handlers:
SIGSEGV: [libjvm.so+0xac4790], sa_mask[0]=11111111011111111101111111111110, sa_flags=SA_RESTART|SA_SIGINFO
SIGBUS: [libjvm.so+0xac4790], sa_mask[0]=11111111011111111101111111111110, sa_flags=SA_RESTART|SA_SIGINFO
SIGFPE: [libjvm.so+0x91f140], sa_mask[0]=11111111011111111101111111111110, sa_flags=SA_RESTART|SA_SIGINFO
SIGPIPE: [libjvm.so+0x91f140], sa_mask[0]=11111111011111111101111111111110, sa_flags=SA_RESTART|SA_SIGINFO
SIGXFSZ: [libjvm.so+0x91f140], sa_mask[0]=11111111011111111101111111111110, sa_flags=SA_RESTART|SA_SIGINFO
SIGILL: [libjvm.so+0x91f140], sa_mask[0]=11111111011111111101111111111110, sa_flags=SA_RESTART|SA_SIGINFO
SIGUSR1: SIG_DFL, sa_mask[0]=00000000000000000000000000000000, sa_flags=none
SIGUSR2: [libjvm.so+0x920770], sa_mask[0]=00100000000000000000000000000000, sa_flags=SA_RESTART|SA_SIGINFO
SIGHUP: [libjvm.so+0x921b70], sa_mask[0]=11111111011111111101111111111110, sa_flags=SA_RESTART|SA_SIGINFO
SIGINT: [libjvm.so+0x921b70], sa_mask[0]=11111111011111111101111111111110, sa_flags=SA_RESTART|SA_SIGINFO
SIGTERM: [libjvm.so+0x921b70], sa_mask[0]=11111111011111111101111111111110, sa_flags=SA_RESTART|SA_SIGINFO
SIGQUIT: [libjvm.so+0x921b70], sa_mask[0]=11111111011111111101111111111110, sa_flags=SA_RESTART|SA_SIGINFO


---------------  S Y S T E M  ---------------

OS:DISTRIB_ID=Ubuntu
DISTRIB_RELEASE=12.04
DISTRIB_CODENAME=precise
DISTRIB_DESCRIPTION="Ubuntu 12.04.5 LTS"

uname:Linux 3.13.0-95-generic #142~precise1-Ubuntu SMP Fri Aug 12 18:20:15 UTC 2016 x86_64
libc:glibc 2.15 NPTL 2.15 
rlimit: STACK 8192k, CORE 0k, NPROC 22873, NOFILE 4096, AS infinity
load average:9.10 4.75 2.32

/proc/meminfo:
MemTotal:        2948840 kB
MemFree:           76632 kB
Buffers:           40180 kB
Cached:           748892 kB
SwapCached:            0 kB
Active:          2063968 kB
Inactive:         642860 kB
Active(anon):    1722432 kB
Inactive(anon):   317276 kB
Active(file):     341536 kB
Inactive(file):   325584 kB
Unevictable:           0 kB
Mlocked:               0 kB
SwapTotal:       3008508 kB
SwapFree:        3008416 kB
Dirty:              7852 kB
Writeback:             0 kB
AnonPages:       1917700 kB
Mapped:           193248 kB
Shmem:            121952 kB
Slab:              80912 kB
SReclaimable:      56204 kB
SUnreclaim:        24708 kB
KernelStack:        4296 kB
PageTables:        30736 kB
NFS_Unstable:          0 kB
Bounce:                0 kB
WritebackTmp:          0 kB
CommitLimit:     4482928 kB
Committed_AS:    4523080 kB
VmallocTotal:   34359738367 kB
VmallocUsed:      346432 kB
VmallocChunk:   34359385180 kB
HardwareCorrupted:     0 kB
AnonHugePages:    774144 kB
HugePages_Total:       0
HugePages_Free:        0
HugePages_Rsvd:        0
HugePages_Surp:        0
Hugepagesize:       2048 kB
DirectMap4k:       57732 kB
DirectMap2M:     2953216 kB


CPU:total 2 (2 cores per cpu, 1 threads per core) family 6 model 15 stepping 13, cmov, cx8, fxsr, mmx, sse, sse2, sse3, ssse3, tsc

/proc/cpuinfo:
processor	: 0
vendor_id	: GenuineIntel
cpu family	: 6
model		: 15
model name	: Genuine Intel(R) CPU           T1600  @ 1.66GHz
stepping	: 13
microcode	: 0xa3
cpu MHz		: 1662.464
cache size	: 1024 KB
physical id	: 0
siblings	: 2
core id		: 0
cpu cores	: 2
apicid		: 0
initial apicid	: 0
fpu		: yes
fpu_exception	: yes
cpuid level	: 10
wp		: yes
flags		: fpu vme de pse tsc msr pae mce cx8 apic sep mtrr pge mca cmov pat pse36 clflush dts acpi mmx fxsr sse sse2 ss ht tm pbe syscall nx lm constant_tsc arch_perfmon pebs bts rep_good nopl aperfmperf pni dtes64 monitor ds_cpl tm2 ssse3 cx16 xtpr pdcm lahf_lm dtherm
bogomips	: 3324.92
clflush size	: 64
cache_alignment	: 64
address sizes	: 36 bits physical, 48 bits virtual
power management:

processor	: 1
vendor_id	: GenuineIntel
cpu family	: 6
model		: 15
model name	: Genuine Intel(R) CPU           T1600  @ 1.66GHz
stepping	: 13
microcode	: 0xa3
cpu MHz		: 1662.464
cache size	: 1024 KB
physical id	: 0
siblings	: 2
core id		: 1
cpu cores	: 2
apicid		: 1
initial apicid	: 1
fpu		: yes
fpu_exception	: yes
cpuid level	: 10
wp		: yes
flags		: fpu vme de pse tsc msr pae mce cx8 apic sep mtrr pge mca cmov pat pse36 clflush dts acpi mmx fxsr sse sse2 ss ht tm pbe syscall nx lm constant_tsc arch_perfmon pebs bts rep_good nopl aperfmperf pni dtes64 monitor ds_cpl tm2 ssse3 cx16 xtpr pdcm lahf_lm dtherm
bogomips	: 3324.92
clflush size	: 64
cache_alignment	: 64
address sizes	: 36 bits physical, 48 bits virtual
power management:



Memory: 4k page, physical 2948840k(76508k free), swap 3008508k(3008416k free)

vm_info: Java HotSpot(TM) 64-Bit Server VM (25.101-b13) for linux-amd64 JRE (1.8.0_101-b13), built on Jun 22 2016 02:59:44 by "java_re" with gcc 4.3.0 20080428 (Red Hat 4.3.0-8)

time: Tue Aug 30 15:20:40 2016
elapsed time: 8 seconds (0d 0h 0m 8s)

