#
# A fatal error has been detected by the Java Runtime Environment:
#
#  SIGSEGV (0xb) at pc=0x00007fd9877b85a3, pid=3193, tid=0x00007fd98527e700
#
# JRE version: Java(TM) SE Runtime Environment (8.0_101-b13) (build 1.8.0_101-b13)
# Java VM: Java HotSpot(TM) 64-Bit Server VM (25.101-b13 mixed mode linux-amd64 compressed oops)
# Problematic frame:
# V  [libjvm.so+0x98c5a3]  oopDesc* PSPromotionManager::copy_to_survivor_space<false>(oopDesc*)+0x143
#
# Failed to write core dump. Core dumps have been disabled. To enable core dumping, try "ulimit -c unlimited" before starting Java again
#
# If you would like to submit a bug report, please visit:
#   http://bugreport.java.com/bugreport/crash.jsp
#

---------------  T H R E A D  ---------------

Current thread (0x00007fd980021000):  GCTaskThread [stack: 0x00007fd98517e000,0x00007fd98527f000] [id=3200]

siginfo: si_signo: 11 (SIGSEGV), si_code: 1 (SEGV_MAPERR), si_addr: 0x0000000000000148

Registers:
RAX=0x00007fd987db9b90, RBX=0x00000000eb714d48, RCX=0x0000000000000003, RDX=0x0000000000000001
RSP=0x00007fd98527db30, RBP=0x00007fd98527dba0, RSI=0x00000000eb1450b8, RDI=0x0000000000000140
R8 =0x00000000eb714d38, R9 =0x00007fd987ded290, R10=0x00007fd987dde059, R11=0x00730069004c0065
R12=0x00000000eb1450b8, R13=0x0000001020000041, R14=0x0000000000000000, R15=0x00007fd980071328
RIP=0x00007fd9877b85a3, EFLAGS=0x0000000000010202, CSGSFS=0x0000000000000033, ERR=0x0000000000000004
  TRAPNO=0x000000000000000e

Top of Stack: (sp=0x00007fd98527db30)
0x00007fd98527db30:   00007fd98527dbb0 00007fd987dde059
0x00007fd98527db40:   000000010006cee0 00007fd9800712c0
0x00007fd98527db50:   00000000eb703f69 00007fd98747aac0
0x00007fd98527db60:   00000000eb920832 0000000000001000
0x00007fd98527db70:   00000000eb9e920d 00000000eb714d48
0x00007fd98527db80:   00007fd9800712c0 00007fd987db9b80
0x00007fd98527db90:   0000000000000000 00007fd980071328
0x00007fd98527dba0:   00007fd98527dc90 00007fd9877b7e70
0x00007fd98527dbb0:   00000000c004ef29 00007fd98527dc20
0x00007fd98527dbc0:   00007fd98527dc30 00007fd98527dbf0
0x00007fd98527dbd0:   00007fd98527dc00 00007fd98527dc50
0x00007fd98527dbe0:   00000000c000c000 00007fd980071358
0x00007fd98527dbf0:   00000000c0000600 00007fd980071320
0x00007fd98527dc00:   00007fd98001ae40 00000000c004ef2c
0x00007fd98527dc10:   00007fd98527dc90 00007fd98772b5af
0x00007fd98527dc20:   00000001000084c8 00000000c004f4f4
0x00007fd98527dc30:   00007fd98527dc90 00007fd98747aac0
0x00007fd98527dc40:   00000000c004f699 00007fd987ded290
0x00007fd98527dc50:   00000000eb714d49 00007fd980071320
0x00007fd98527dc60:   0000000000000000 00000000c004f808
0x00007fd98527dc70:   00000000c004f800 00007fd9854d627c
0x00007fd98527dc80:   00007fd98001ae40 00007fd9854d6281
0x00007fd98527dc90:   00007fd98527dd50 00007fd98722b13e
0x00007fd98527dca0:   00007fd98001ecd0 00007fd9854d6280
0x00007fd98527dcb0:   00007fd9854d6271 00007fd987dde059
0x00007fd98527dcc0:   00007fd9800712c0 00000000c0205d78
0x00007fd98527dcd0:   00007fd98001ab80 00007fd9854d702f
0x00007fd98527dce0:   00000000c004e400 0000000000000100
0x00007fd98527dcf0:   00000000c0050018 00007fd9854d6274
0x00007fd98527dd00:   0000000000000240 00007fd9854d6300
0x00007fd98527dd10:   00007fd9854d6300 00007fd9854d627c
0x00007fd98527dd20:   00007fd9854d6274 00007fd980023660 

Instructions: (pc=0x00007fd9877b85a3)
0x00007fd9877b8583:   83 e0 07 48 83 f8 05 75 d3 31 db eb d6 48 8b 05
0x00007fd9877b8593:   f1 24 5e 00 8b 7e 08 8b 48 08 48 d3 e7 48 03 38
0x00007fd9877b85a3:   8b 77 08 83 fe 00 0f 8f 0a ff ff ff 0f 85 4b 02
0x00007fd9877b85b3:   00 00 0f 1f 00 48 8b 07 4c 89 e6 4c 89 55 98 ff 

Register to memory mapping:

RAX=0x00007fd987db9b90: <offset 0xf8db90> in /usr/lib/jvm/java-8-oracle/jre/lib/amd64/server/libjvm.so at 0x00007fd986e2c000
RBX=0x00000000eb714d48 is an oop

[error occurred during error reporting (printing register info), id 0xb]

Stack: [0x00007fd98517e000,0x00007fd98527f000],  sp=0x00007fd98527db30,  free space=1022k
Native frames: (J=compiled Java code, j=interpreted, Vv=VM code, C=native code)
V  [libjvm.so+0x98c5a3]  oopDesc* PSPromotionManager::copy_to_survivor_space<false>(oopDesc*)+0x143
V  [libjvm.so+0x98be70]  PSPromotionManager::drain_stacks_depth(bool)+0x830
V  [libjvm.so+0x3ff13e]  CardTableExtension::scavenge_contents_parallel(ObjectStartArray*, MutableSpace*, HeapWord*, PSPromotionManager*, unsigned int, unsigned int)+0xafe
V  [libjvm.so+0x98f6eb]  OldToYoungRootsTask::do_it(GCTaskManager*, unsigned int)+0x4b
V  [libjvm.so+0x5d6b5f]  GCTaskThread::run()+0x12f
V  [libjvm.so+0x924698]  java_start(Thread*)+0x108


---------------  P R O C E S S  ---------------

Java Threads: ( => current thread )
  0x00007fd980150800 JavaThread "pool-1-thread-4" [_thread_blocked, id=3214, stack(0x00007fd96d70a000,0x00007fd96d80b000)]
  0x00007fd98014e800 JavaThread "pool-1-thread-3" [_thread_blocked, id=3213, stack(0x00007fd96d80b000,0x00007fd96d90c000)]
  0x00007fd98014d800 JavaThread "pool-1-thread-2" [_thread_blocked, id=3212, stack(0x00007fd96d90c000,0x00007fd96da0d000)]
  0x00007fd98014a800 JavaThread "pool-2-thread-1" [_thread_blocked, id=3211, stack(0x00007fd96da0d000,0x00007fd96db0e000)]
  0x00007fd980148800 JavaThread "pool-1-thread-1" [_thread_blocked, id=3210, stack(0x00007fd96db0e000,0x00007fd96dc0f000)]
  0x00007fd9800c4000 JavaThread "Service Thread" daemon [_thread_blocked, id=3207, stack(0x00007fd96dd10000,0x00007fd96de11000)]
  0x00007fd9800b7800 JavaThread "C1 CompilerThread1" daemon [_thread_blocked, id=3206, stack(0x00007fd96de11000,0x00007fd96df12000)]
  0x00007fd9800b4800 JavaThread "C2 CompilerThread0" daemon [_thread_in_native, id=3205, stack(0x00007fd96df12000,0x00007fd96e013000)]
  0x00007fd9800b3000 JavaThread "Signal Dispatcher" daemon [_thread_blocked, id=3204, stack(0x00007fd96e013000,0x00007fd96e114000)]
  0x00007fd980080000 JavaThread "Finalizer" daemon [_thread_blocked, id=3203, stack(0x00007fd96e7f8000,0x00007fd96e8f9000)]
  0x00007fd98007b800 JavaThread "Reference Handler" daemon [_thread_blocked, id=3202, stack(0x00007fd96e8f9000,0x00007fd96e9fa000)]
  0x00007fd98000a000 JavaThread "main" [_thread_blocked, id=3195, stack(0x00007fd988911000,0x00007fd988a12000)]

Other Threads:
  0x00007fd980073800 VMThread [stack: 0x00007fd96e9fa000,0x00007fd96eafb000] [id=3201]
  0x00007fd9800c7000 WatcherThread [stack: 0x00007fd96dc0f000,0x00007fd96dd10000] [id=3208]

=>0x00007fd980021000 (exited) GCTaskThread [stack: 0x00007fd98517e000,0x00007fd98527f000] [id=3200]

VM state:at safepoint (normal execution)

VM Mutex/Monitor currently owned by a thread:  ([mutex/lock_event])
[0x00007fd9800064c0] Threads_lock - owner thread: 0x00007fd980073800
[0x00007fd9800069c0] Heap_lock - owner thread: 0x00007fd980148800

Heap:
 PSYoungGen      total 13824K, used 13818K [0x00000000eab00000, 0x00000000ec600000, 0x0000000100000000)
  eden space 12288K, 100% used [0x00000000eab00000,0x00000000eb700000,0x00000000eb700000)
  from space 1536K, 99% used [0x00000000eb880000,0x00000000eb9fea80,0x00000000eba00000)
  to   space 1536K, 98% used [0x00000000eb700000,0x00000000eb8785b0,0x00000000eb880000)
 ParOldGen       total 31744K, used 2903K [0x00000000c0000000, 0x00000000c1f00000, 0x00000000eab00000)
  object space 31744K, 9% used [0x00000000c0000000,0x00000000c02d5d78,0x00000000c1f00000)
 Metaspace       used 5687K, capacity 6640K, committed 6784K, reserved 1056768K
  class space    used 594K, capacity 616K, committed 640K, reserved 1048576K

Card table byte_map: [0x00007fd9854d6000,0x00007fd9856d7000] byte_map_base: 0x00007fd984ed6000

Marking Bits: (ParMarkBitMap*) 0x00007fd987ded120
 Begin Bits: [0x00007fd96f000000, 0x00007fd970000000)
 End Bits:   [0x00007fd970000000, 0x00007fd971000000)

Polling page: 0x00007fd988a2e000

CodeCache: size=245760Kb used=2360Kb max_used=2360Kb free=243399Kb
 bounds [0x00007fd971000000, 0x00007fd971270000, 0x00007fd980000000]
 total_blobs=894 nmethods=628 adapters=182
 compilation: enabled

Compilation events (10 events):
Event: 4.202 Thread 0x00007fd9800b7800 nmethod 721 0x00007fd97124b950 code [0x00007fd97124bac0, 0x00007fd97124bc48]
Event: 4.202 Thread 0x00007fd9800b7800  744       2       com.android.dx.ssa.SCCP::simulateBranch (666 bytes)
Event: 4.235 Thread 0x00007fd9800b7800 nmethod 744 0x00007fd97124bcd0 code [0x00007fd97124bfe0, 0x00007fd97124cf58]
Event: 4.235 Thread 0x00007fd9800b7800  746       2       com.android.dx.cf.iface.StdAttributeList::findFirst (44 bytes)
Event: 4.236 Thread 0x00007fd9800b7800 nmethod 746 0x00007fd97124e5d0 code [0x00007fd97124e760, 0x00007fd97124ea38]
Event: 4.236 Thread 0x00007fd9800b7800  730   !   2       java.util.BitSet::clone (49 bytes)
Event: 4.237 Thread 0x00007fd9800b7800 nmethod 730 0x00007fd97124ec50 code [0x00007fd97124ee20, 0x00007fd97124f2b8]
Event: 4.237 Thread 0x00007fd9800b7800  753   !   2       com.android.dx.rop.code.RegisterSpecSet::get (18 bytes)
Event: 4.238 Thread 0x00007fd9800b7800 nmethod 753 0x00007fd97124f5d0 code [0x00007fd97124f740, 0x00007fd97124f968]
Event: 4.238 Thread 0x00007fd9800b7800  494       1       com.android.dx.rop.code.ThrowingCstInsn::getCatches (5 bytes)

GC Heap History (5 events):
Event: 1.519 GC heap before
{Heap before GC invocations=1 (full 0):
 PSYoungGen      total 13824K, used 12288K [0x00000000eab00000, 0x00000000eba00000, 0x0000000100000000)
  eden space 12288K, 100% used [0x00000000eab00000,0x00000000eb700000,0x00000000eb700000)
  from space 1536K, 0% used [0x00000000eb880000,0x00000000eb880000,0x00000000eba00000)
  to   space 1536K, 0% used [0x00000000eb700000,0x00000000eb700000,0x00000000eb880000)
 ParOldGen       total 31744K, used 0K [0x00000000c0000000, 0x00000000c1f00000, 0x00000000eab00000)
  object space 31744K, 0% used [0x00000000c0000000,0x00000000c0000000,0x00000000c1f00000)
 Metaspace       used 3345K, capacity 4720K, committed 4864K, reserved 1056768K
  class space    used 359K, capacity 424K, committed 512K, reserved 1048576K
Event: 1.526 GC heap after
Heap after GC invocations=1 (full 0):
 PSYoungGen      total 13824K, used 813K [0x00000000eab00000, 0x00000000eba00000, 0x0000000100000000)
  eden space 12288K, 0% used [0x00000000eab00000,0x00000000eab00000,0x00000000eb700000)
  from space 1536K, 52% used [0x00000000eb700000,0x00000000eb7cb630,0x00000000eb880000)
  to   space 1536K, 0% used [0x00000000eb880000,0x00000000eb880000,0x00000000eba00000)
 ParOldGen       total 31744K, used 8K [0x00000000c0000000, 0x00000000c1f00000, 0x00000000eab00000)
  object space 31744K, 0% used [0x00000000c0000000,0x00000000c0002000,0x00000000c1f00000)
 Metaspace       used 3345K, capacity 4720K, committed 4864K, reserved 1056768K
  class space    used 359K, capacity 424K, committed 512K, reserved 1048576K
}
Event: 3.161 GC heap before
{Heap before GC invocations=2 (full 0):
 PSYoungGen      total 13824K, used 13101K [0x00000000eab00000, 0x00000000eba00000, 0x0000000100000000)
  eden space 12288K, 100% used [0x00000000eab00000,0x00000000eb700000,0x00000000eb700000)
  from space 1536K, 52% used [0x00000000eb700000,0x00000000eb7cb630,0x00000000eb880000)
  to   space 1536K, 0% used [0x00000000eb880000,0x00000000eb880000,0x00000000eba00000)
 ParOldGen       total 31744K, used 8K [0x00000000c0000000, 0x00000000c1f00000, 0x00000000eab00000)
  object space 31744K, 0% used [0x00000000c0000000,0x00000000c0002000,0x00000000c1f00000)
 Metaspace       used 5599K, capacity 6576K, committed 6784K, reserved 1056768K
  class space    used 591K, capacity 616K, committed 640K, reserved 1048576K
Event: 3.191 GC heap after
Heap after GC invocations=2 (full 0):
 PSYoungGen      total 13824K, used 1530K [0x00000000eab00000, 0x00000000ec600000, 0x0000000100000000)
  eden space 12288K, 0% used [0x00000000eab00000,0x00000000eab00000,0x00000000eb700000)
  from space 1536K, 99% used [0x00000000eb880000,0x00000000eb9fea80,0x00000000eba00000)
  to   space 1536K, 0% used [0x00000000eb700000,0x00000000eb700000,0x00000000eb880000)
 ParOldGen       total 31744K, used 2071K [0x00000000c0000000, 0x00000000c1f00000, 0x00000000eab00000)
  object space 31744K, 6% used [0x00000000c0000000,0x00000000c0205d78,0x00000000c1f00000)
 Metaspace       used 5599K, capacity 6576K, committed 6784K, reserved 1056768K
  class space    used 591K, capacity 616K, committed 640K, reserved 1048576K
}
Event: 4.286 GC heap before
{Heap before GC invocations=3 (full 0):
 PSYoungGen      total 13824K, used 13818K [0x00000000eab00000, 0x00000000ec600000, 0x0000000100000000)
  eden space 12288K, 100% used [0x00000000eab00000,0x00000000eb700000,0x00000000eb700000)
  from space 1536K, 99% used [0x00000000eb880000,0x00000000eb9fea80,0x00000000eba00000)
  to   space 1536K, 0% used [0x00000000eb700000,0x00000000eb700000,0x00000000eb880000)
 ParOldGen       total 31744K, used 2071K [0x00000000c0000000, 0x00000000c1f00000, 0x00000000eab00000)
  object space 31744K, 6% used [0x00000000c0000000,0x00000000c0205d78,0x00000000c1f00000)
 Metaspace       used 5687K, capacity 6640K, committed 6784K, reserved 1056768K
  class space    used 594K, capacity 616K, committed 640K, reserved 1048576K

Deoptimization events (5 events):
Event: 2.104 Thread 0x00007fd98000a000 Uncommon trap: reason=unstable_if action=reinterpret pc=0x00007fd971171c10 method=java.lang.String.indexOf(II)I @ 49
Event: 2.940 Thread 0x00007fd980148800 Uncommon trap: reason=unstable_if action=reinterpret pc=0x00007fd9711e4b90 method=java.util.HashMap.getNode(ILjava/lang/Object;)Ljava/util/HashMap$Node; @ 62
Event: 3.828 Thread 0x00007fd98014e800 Uncommon trap: reason=unstable_if action=reinterpret pc=0x00007fd971201a6c method=java.util.BitSet.nextSetBit(I)I @ 87
Event: 4.245 Thread 0x00007fd980150800 Uncommon trap: reason=class_check action=maybe_recompile pc=0x00007fd971220230 method=com.android.dx.rop.type.Type.equals(Ljava/lang/Object;)Z @ 8
Event: 4.246 Thread 0x00007fd980150800 Uncommon trap: reason=class_check action=maybe_recompile pc=0x00007fd971220230 method=com.android.dx.rop.type.Type.equals(Ljava/lang/Object;)Z @ 8

Internal exceptions (6 events):
Event: 0.223 Thread 0x00007fd98000a000 Exception <a 'java/lang/NoSuchMethodError': Method sun.misc.Unsafe.defineClass(Ljava/lang/String;[BII)Ljava/lang/Class; name or signature does not match> (0x00000000eab07cc0) thrown at [/HUDSON3/workspace/8-2-build-linux-amd64/jdk8u101/7261/hotspot/src/sh
Event: 0.223 Thread 0x00007fd98000a000 Exception <a 'java/lang/NoSuchMethodError': Method sun.misc.Unsafe.prefetchRead(Ljava/lang/Object;J)V name or signature does not match> (0x00000000eab07fa8) thrown at [/HUDSON3/workspace/8-2-build-linux-amd64/jdk8u101/7261/hotspot/src/share/vm/prims/jni.c
Event: 2.405 Thread 0x00007fd98014d800 Exception <a 'java/lang/ClassFormatError': LineNumberTable attribute has wrong length in class file com/android/dx/rop/code/Rops> (0x00000000eb0fc580) thrown at [/HUDSON3/workspace/8-2-build-linux-amd64/jdk8u101/7261/hotspot/src/share/vm/classfile/classFi
Event: 2.405 Thread 0x00007fd98014d800 Exception <a 'java/lang/ClassFormatError'> (0x00000000eb0fc580) thrown at [/HUDSON3/workspace/8-2-build-linux-amd64/jdk8u101/7261/hotspot/src/share/vm/prims/jvm.cpp, line 1390]
Event: 2.406 Thread 0x00007fd98014d800 Exception <a 'java/lang/ClassFormatError': com/android/dx/rop/code/Rops> (0x00000000eb0fd758) thrown at [/HUDSON3/workspace/8-2-build-linux-amd64/jdk8u101/7261/hotspot/src/share/vm/oops/constantPool.cpp, line 235]
Event: 3.872 Thread 0x00007fd980150800 Exception <a 'java/lang/ArrayIndexOutOfBoundsException': 262145> (0x00000000eb104c30) thrown at [/HUDSON3/workspace/8-2-build-linux-amd64/jdk8u101/7261/hotspot/src/share/vm/interpreter/interpreterRuntime.cpp, line 366]

Events (10 events):
Event: 4.071 loading class java/util/HashMap$Values done
Event: 4.071 loading class java/util/HashMap$ValueIterator
Event: 4.071 loading class java/util/HashMap$ValueIterator done
Event: 4.245 Thread 0x00007fd980150800 Uncommon trap: trap_request=0xffffffde fr.pc=0x00007fd971220230
Event: 4.245 Thread 0x00007fd980150800 DEOPT PACKING pc=0x00007fd971220230 sp=0x00007fd96d808760
Event: 4.245 Thread 0x00007fd980150800 DEOPT UNPACKING pc=0x00007fd971004f69 sp=0x00007fd96d808560 mode 2
Event: 4.246 Thread 0x00007fd980150800 Uncommon trap: trap_request=0xffffffde fr.pc=0x00007fd971220230
Event: 4.246 Thread 0x00007fd980150800 DEOPT PACKING pc=0x00007fd971220230 sp=0x00007fd96d8086c0
Event: 4.246 Thread 0x00007fd980150800 DEOPT UNPACKING pc=0x00007fd971004f69 sp=0x00007fd96d8084c0 mode 2
Event: 4.278 Executing VM operation: ParallelGCFailedAllocation


Dynamic libraries:
00400000-00401000 r-xp 00000000 08:01 3279757                            /usr/lib/jvm/java-8-oracle/bin/java
00600000-00601000 rw-p 00000000 08:01 3279757                            /usr/lib/jvm/java-8-oracle/bin/java
021fe000-0221f000 rw-p 00000000 00:00 0                                  [heap]
c0000000-c1f00000 rw-p 00000000 00:00 0 
c1f00000-eab00000 ---p 00000000 00:00 0 
eab00000-ec600000 rw-p 00000000 00:00 0 
ec600000-100000000 ---p 00000000 00:00 0 
100000000-1000a0000 rw-p 00000000 00:00 0 
1000a0000-140000000 ---p 00000000 00:00 0 
7fd930000000-7fd93004f000 rw-p 00000000 00:00 0 
7fd93004f000-7fd934000000 ---p 00000000 00:00 0 
7fd938000000-7fd938021000 rw-p 00000000 00:00 0 
7fd938021000-7fd93c000000 ---p 00000000 00:00 0 
7fd93c000000-7fd93c021000 rw-p 00000000 00:00 0 
7fd93c021000-7fd940000000 ---p 00000000 00:00 0 
7fd940000000-7fd940021000 rw-p 00000000 00:00 0 
7fd940021000-7fd944000000 ---p 00000000 00:00 0 
7fd944000000-7fd944025000 rw-p 00000000 00:00 0 
7fd944025000-7fd948000000 ---p 00000000 00:00 0 
7fd948000000-7fd948405000 rw-p 00000000 00:00 0 
7fd948405000-7fd94c000000 ---p 00000000 00:00 0 
7fd94c000000-7fd94c021000 rw-p 00000000 00:00 0 
7fd94c021000-7fd950000000 ---p 00000000 00:00 0 
7fd950000000-7fd950021000 rw-p 00000000 00:00 0 
7fd950021000-7fd954000000 ---p 00000000 00:00 0 
7fd954000000-7fd954228000 rw-p 00000000 00:00 0 
7fd954228000-7fd958000000 ---p 00000000 00:00 0 
7fd958000000-7fd958021000 rw-p 00000000 00:00 0 
7fd958021000-7fd95c000000 ---p 00000000 00:00 0 
7fd95c000000-7fd95c021000 rw-p 00000000 00:00 0 
7fd95c021000-7fd960000000 ---p 00000000 00:00 0 
7fd960000000-7fd960294000 rw-p 00000000 00:00 0 
7fd960294000-7fd964000000 ---p 00000000 00:00 0 
7fd964000000-7fd964021000 rw-p 00000000 00:00 0 
7fd964021000-7fd968000000 ---p 00000000 00:00 0 
7fd968000000-7fd968021000 rw-p 00000000 00:00 0 
7fd968021000-7fd96c000000 ---p 00000000 00:00 0 
7fd96d70a000-7fd96d70d000 ---p 00000000 00:00 0 
7fd96d70d000-7fd96d80b000 rw-p 00000000 00:00 0                          [stack:3214]
7fd96d80b000-7fd96d80e000 ---p 00000000 00:00 0 
7fd96d80e000-7fd96d90c000 rw-p 00000000 00:00 0                          [stack:3213]
7fd96d90c000-7fd96d90f000 ---p 00000000 00:00 0 
7fd96d90f000-7fd96da0d000 rw-p 00000000 00:00 0                          [stack:3212]
7fd96da0d000-7fd96da10000 ---p 00000000 00:00 0 
7fd96da10000-7fd96db0e000 rw-p 00000000 00:00 0                          [stack:3211]
7fd96db0e000-7fd96db11000 ---p 00000000 00:00 0 
7fd96db11000-7fd96dc0f000 rw-p 00000000 00:00 0                          [stack:3210]
7fd96dc0f000-7fd96dc10000 ---p 00000000 00:00 0 
7fd96dc10000-7fd96dd10000 rw-p 00000000 00:00 0                          [stack:3208]
7fd96dd10000-7fd96dd13000 ---p 00000000 00:00 0 
7fd96dd13000-7fd96de11000 rw-p 00000000 00:00 0                          [stack:3207]
7fd96de11000-7fd96de14000 ---p 00000000 00:00 0 
7fd96de14000-7fd96df12000 rw-p 00000000 00:00 0                          [stack:3206]
7fd96df12000-7fd96df15000 ---p 00000000 00:00 0 
7fd96df15000-7fd96e013000 rw-p 00000000 00:00 0                          [stack:3205]
7fd96e013000-7fd96e016000 ---p 00000000 00:00 0 
7fd96e016000-7fd96e114000 rw-p 00000000 00:00 0                          [stack:3204]
7fd96e114000-7fd96e7f8000 r--p 00000000 08:01 13113697                   /usr/lib/locale/locale-archive
7fd96e7f8000-7fd96e7fb000 ---p 00000000 00:00 0 
7fd96e7fb000-7fd96e8f9000 rw-p 00000000 00:00 0                          [stack:3203]
7fd96e8f9000-7fd96e8fc000 ---p 00000000 00:00 0 
7fd96e8fc000-7fd96e9fa000 rw-p 00000000 00:00 0                          [stack:3202]
7fd96e9fa000-7fd96e9fb000 ---p 00000000 00:00 0 
7fd96e9fb000-7fd971000000 rw-p 00000000 00:00 0                          [stack:3201]
7fd971000000-7fd971270000 rwxp 00000000 00:00 0 
7fd971270000-7fd980000000 ---p 00000000 00:00 0 
7fd980000000-7fd98038e000 rw-p 00000000 00:00 0 
7fd98038e000-7fd984000000 ---p 00000000 00:00 0 
7fd9840a5000-7fd9840bb000 r--s 000f1000 08:01 10496447                   /home/lin/other/AndroidProjects/Radio/app/build/intermediates/exploded-aar/com.android.support/support-v4/23.4.0/jars/classes.jar
7fd9840bb000-7fd98452f000 rw-p 00000000 00:00 0 
7fd98452f000-7fd984708000 r--s 03d29000 08:01 13118676                   /usr/lib/jvm/java-8-oracle/jre/lib/rt.jar
7fd984708000-7fd984d7e000 rw-p 00000000 00:00 0 
7fd984d7e000-7fd984f7e000 ---p 00000000 00:00 0 
7fd984f7e000-7fd98517e000 rw-p 00000000 00:00 0 
7fd98517e000-7fd98517f000 ---p 00000000 00:00 0 
7fd98517f000-7fd98527f000 rw-p 00000000 00:00 0                          [stack:3200]
7fd98527f000-7fd985280000 ---p 00000000 00:00 0 
7fd985280000-7fd985390000 rw-p 00000000 00:00 0                          [stack:3199]
7fd985390000-7fd9854d6000 ---p 00000000 00:00 0 
7fd9854d6000-7fd9854e6000 rw-p 00000000 00:00 0 
7fd9854e6000-7fd98562b000 ---p 00000000 00:00 0 
7fd98562b000-7fd985639000 rw-p 00000000 00:00 0 
7fd985639000-7fd9856d6000 ---p 00000000 00:00 0 
7fd9856d6000-7fd9856e1000 rw-p 00000000 00:00 0 
7fd9856e1000-7fd985a97000 ---p 00000000 00:00 0 
7fd985a97000-7fd985ab1000 r-xp 00000000 08:01 13766358                   /usr/lib/jvm/java-8-oracle/jre/lib/amd64/libzip.so
7fd985ab1000-7fd985cb1000 ---p 0001a000 08:01 13766358                   /usr/lib/jvm/java-8-oracle/jre/lib/amd64/libzip.so
7fd985cb1000-7fd985cb2000 rw-p 0001a000 08:01 13766358                   /usr/lib/jvm/java-8-oracle/jre/lib/amd64/libzip.so
7fd985cb2000-7fd985cbd000 r-xp 00000000 08:01 2621673                    /lib/x86_64-linux-gnu/libnss_files-2.15.so
7fd985cbd000-7fd985ebc000 ---p 0000b000 08:01 2621673                    /lib/x86_64-linux-gnu/libnss_files-2.15.so
7fd985ebc000-7fd985ebd000 r--p 0000a000 08:01 2621673                    /lib/x86_64-linux-gnu/libnss_files-2.15.so
7fd985ebd000-7fd985ebe000 rw-p 0000b000 08:01 2621673                    /lib/x86_64-linux-gnu/libnss_files-2.15.so
7fd985ebe000-7fd985ec8000 r-xp 00000000 08:01 2621658                    /lib/x86_64-linux-gnu/libnss_nis-2.15.so
7fd985ec8000-7fd9860c8000 ---p 0000a000 08:01 2621658                    /lib/x86_64-linux-gnu/libnss_nis-2.15.so
7fd9860c8000-7fd9860c9000 r--p 0000a000 08:01 2621658                    /lib/x86_64-linux-gnu/libnss_nis-2.15.so
7fd9860c9000-7fd9860ca000 rw-p 0000b000 08:01 2621658                    /lib/x86_64-linux-gnu/libnss_nis-2.15.so
7fd9860ca000-7fd9860e1000 r-xp 00000000 08:01 2621667                    /lib/x86_64-linux-gnu/libnsl-2.15.so
7fd9860e1000-7fd9862e0000 ---p 00017000 08:01 2621667                    /lib/x86_64-linux-gnu/libnsl-2.15.so
7fd9862e0000-7fd9862e1000 r--p 00016000 08:01 2621667                    /lib/x86_64-linux-gnu/libnsl-2.15.so
7fd9862e1000-7fd9862e2000 rw-p 00017000 08:01 2621667                    /lib/x86_64-linux-gnu/libnsl-2.15.so
7fd9862e2000-7fd9862e4000 rw-p 00000000 00:00 0 
7fd9862e4000-7fd9862ec000 r-xp 00000000 08:01 2621672                    /lib/x86_64-linux-gnu/libnss_compat-2.15.so
7fd9862ec000-7fd9864eb000 ---p 00008000 08:01 2621672                    /lib/x86_64-linux-gnu/libnss_compat-2.15.so
7fd9864eb000-7fd9864ec000 r--p 00007000 08:01 2621672                    /lib/x86_64-linux-gnu/libnss_compat-2.15.so
7fd9864ec000-7fd9864ed000 rw-p 00008000 08:01 2621672                    /lib/x86_64-linux-gnu/libnss_compat-2.15.so
7fd9864ed000-7fd986517000 r-xp 00000000 08:01 13766323                   /usr/lib/jvm/java-8-oracle/jre/lib/amd64/libjava.so
7fd986517000-7fd986717000 ---p 0002a000 08:01 13766323                   /usr/lib/jvm/java-8-oracle/jre/lib/amd64/libjava.so
7fd986717000-7fd986719000 rw-p 0002a000 08:01 13766323                   /usr/lib/jvm/java-8-oracle/jre/lib/amd64/libjava.so
7fd986719000-7fd986726000 r-xp 00000000 08:01 13766361                   /usr/lib/jvm/java-8-oracle/jre/lib/amd64/libverify.so
7fd986726000-7fd986926000 ---p 0000d000 08:01 13766361                   /usr/lib/jvm/java-8-oracle/jre/lib/amd64/libverify.so
7fd986926000-7fd986928000 rw-p 0000d000 08:01 13766361                   /usr/lib/jvm/java-8-oracle/jre/lib/amd64/libverify.so
7fd986928000-7fd98692f000 r-xp 00000000 08:01 2621660                    /lib/x86_64-linux-gnu/librt-2.15.so
7fd98692f000-7fd986b2e000 ---p 00007000 08:01 2621660                    /lib/x86_64-linux-gnu/librt-2.15.so
7fd986b2e000-7fd986b2f000 r--p 00006000 08:01 2621660                    /lib/x86_64-linux-gnu/librt-2.15.so
7fd986b2f000-7fd986b30000 rw-p 00007000 08:01 2621660                    /lib/x86_64-linux-gnu/librt-2.15.so
7fd986b30000-7fd986c2b000 r-xp 00000000 08:01 2621674                    /lib/x86_64-linux-gnu/libm-2.15.so
7fd986c2b000-7fd986e2a000 ---p 000fb000 08:01 2621674                    /lib/x86_64-linux-gnu/libm-2.15.so
7fd986e2a000-7fd986e2b000 r--p 000fa000 08:01 2621674                    /lib/x86_64-linux-gnu/libm-2.15.so
7fd986e2b000-7fd986e2c000 rw-p 000fb000 08:01 2621674                    /lib/x86_64-linux-gnu/libm-2.15.so
7fd986e2c000-7fd987af7000 r-xp 00000000 08:01 13894575                   /usr/lib/jvm/java-8-oracle/jre/lib/amd64/server/libjvm.so
7fd987af7000-7fd987cf6000 ---p 00ccb000 08:01 13894575                   /usr/lib/jvm/java-8-oracle/jre/lib/amd64/server/libjvm.so
7fd987cf6000-7fd987dcf000 rw-p 00cca000 08:01 13894575                   /usr/lib/jvm/java-8-oracle/jre/lib/amd64/server/libjvm.so
7fd987dcf000-7fd987e1a000 rw-p 00000000 00:00 0 
7fd987e1a000-7fd987fce000 r-xp 00000000 08:01 2621665                    /lib/x86_64-linux-gnu/libc-2.15.so
7fd987fce000-7fd9881cd000 ---p 001b4000 08:01 2621665                    /lib/x86_64-linux-gnu/libc-2.15.so
7fd9881cd000-7fd9881d1000 r--p 001b3000 08:01 2621665                    /lib/x86_64-linux-gnu/libc-2.15.so
7fd9881d1000-7fd9881d3000 rw-p 001b7000 08:01 2621665                    /lib/x86_64-linux-gnu/libc-2.15.so
7fd9881d3000-7fd9881d8000 rw-p 00000000 00:00 0 
7fd9881d8000-7fd9881da000 r-xp 00000000 08:01 2621657                    /lib/x86_64-linux-gnu/libdl-2.15.so
7fd9881da000-7fd9883da000 ---p 00002000 08:01 2621657                    /lib/x86_64-linux-gnu/libdl-2.15.so
7fd9883da000-7fd9883db000 r--p 00002000 08:01 2621657                    /lib/x86_64-linux-gnu/libdl-2.15.so
7fd9883db000-7fd9883dc000 rw-p 00003000 08:01 2621657                    /lib/x86_64-linux-gnu/libdl-2.15.so
7fd9883dc000-7fd9883f1000 r-xp 00000000 08:01 2627921                    /usr/lib/jvm/java-8-oracle/lib/amd64/jli/libjli.so
7fd9883f1000-7fd9885f1000 ---p 00015000 08:01 2627921                    /usr/lib/jvm/java-8-oracle/lib/amd64/jli/libjli.so
7fd9885f1000-7fd9885f2000 rw-p 00015000 08:01 2627921                    /usr/lib/jvm/java-8-oracle/lib/amd64/jli/libjli.so
7fd9885f2000-7fd98860a000 r-xp 00000000 08:01 2621668                    /lib/x86_64-linux-gnu/libpthread-2.15.so
7fd98860a000-7fd988809000 ---p 00018000 08:01 2621668                    /lib/x86_64-linux-gnu/libpthread-2.15.so
7fd988809000-7fd98880a000 r--p 00017000 08:01 2621668                    /lib/x86_64-linux-gnu/libpthread-2.15.so
7fd98880a000-7fd98880b000 rw-p 00018000 08:01 2621668                    /lib/x86_64-linux-gnu/libpthread-2.15.so
7fd98880b000-7fd98880f000 rw-p 00000000 00:00 0 
7fd98880f000-7fd988831000 r-xp 00000000 08:01 2621671                    /lib/x86_64-linux-gnu/ld-2.15.so
7fd988837000-7fd988911000 rw-p 00000000 00:00 0 
7fd988911000-7fd988914000 ---p 00000000 00:00 0 
7fd988914000-7fd988a16000 rw-p 00000000 00:00 0                          [stack:3195]
7fd988a16000-7fd988a25000 r--s 000df000 08:01 9309217                    /home/lin/Android/Sdk/build-tools/23.0.3/lib/dx.jar
7fd988a25000-7fd988a2d000 rw-s 00000000 08:01 4850081                    /tmp/hsperfdata_lin/3193
7fd988a2d000-7fd988a2e000 rw-p 00000000 00:00 0 
7fd988a2e000-7fd988a2f000 ---p 00000000 00:00 0 
7fd988a2f000-7fd988a31000 rw-p 00000000 00:00 0 
7fd988a31000-7fd988a32000 r--p 00022000 08:01 2621671                    /lib/x86_64-linux-gnu/ld-2.15.so
7fd988a32000-7fd988a34000 rw-p 00023000 08:01 2621671                    /lib/x86_64-linux-gnu/ld-2.15.so
7fffe24bb000-7fffe24dc000 rw-p 00000000 00:00 0                          [stack]
7fffe2566000-7fffe2568000 r-xp 00000000 00:00 0                          [vdso]
ffffffffff600000-ffffffffff601000 r-xp 00000000 00:00 0                  [vsyscall]

VM Arguments:
jvm_args: -Djava.awt.headless=true -Xmx1024M -Dfile.encoding=UTF-8 -Duser.country=US -Duser.language=en -Duser.variant 
java_command: com.android.dx.command.Main --dex --num-threads=4 --output /home/lin/other/AndroidProjects/Radio/app/build/intermediates/pre-dexed/debug/com.android.support-support-v4-23.4.0_ac3bdcdce9bb63a2e369af28a6b233d87e981259.jar /home/lin/other/AndroidProjects/Radio/app/build/intermediates/exploded-aar/com.android.support/support-v4/23.4.0/jars/classes.jar
java_class_path (initial): /home/lin/Android/Sdk/build-tools/23.0.3/lib/dx.jar
Launcher Type: SUN_STANDARD

Environment Variables:
PATH=/usr/lib/lightdm/lightdm:/usr/local/sbin:/usr/local/bin:/usr/sbin:/usr/bin:/sbin:/bin:/usr/games
LD_LIBRARY_PATH=/opt/android-studio/bin:
SHELL=/bin/bash
DISPLAY=:0.0

Signal Handlers:
SIGSEGV: [libjvm.so+0xac4790], sa_mask[0]=11111111011111111101111111111110, sa_flags=SA_RESTART|SA_SIGINFO
SIGBUS: [libjvm.so+0xac4790], sa_mask[0]=11111111011111111101111111111110, sa_flags=SA_RESTART|SA_SIGINFO
SIGFPE: [libjvm.so+0x91f140], sa_mask[0]=11111111011111111101111111111110, sa_flags=SA_RESTART|SA_SIGINFO
SIGPIPE: [libjvm.so+0x91f140], sa_mask[0]=11111111011111111101111111111110, sa_flags=SA_RESTART|SA_SIGINFO
SIGXFSZ: [libjvm.so+0x91f140], sa_mask[0]=11111111011111111101111111111110, sa_flags=SA_RESTART|SA_SIGINFO
SIGILL: [libjvm.so+0x91f140], sa_mask[0]=11111111011111111101111111111110, sa_flags=SA_RESTART|SA_SIGINFO
SIGUSR1: SIG_DFL, sa_mask[0]=00000000000000000000000000000000, sa_flags=none
SIGUSR2: [libjvm.so+0x920770], sa_mask[0]=00100000000000000000000000000000, sa_flags=SA_RESTART|SA_SIGINFO
SIGHUP: [libjvm.so+0x921b70], sa_mask[0]=11111111011111111101111111111110, sa_flags=SA_RESTART|SA_SIGINFO
SIGINT: [libjvm.so+0x921b70], sa_mask[0]=11111111011111111101111111111110, sa_flags=SA_RESTART|SA_SIGINFO
SIGTERM: [libjvm.so+0x921b70], sa_mask[0]=11111111011111111101111111111110, sa_flags=SA_RESTART|SA_SIGINFO
SIGQUIT: [libjvm.so+0x921b70], sa_mask[0]=11111111011111111101111111111110, sa_flags=SA_RESTART|SA_SIGINFO


---------------  S Y S T E M  ---------------

OS:DISTRIB_ID=Ubuntu
DISTRIB_RELEASE=12.04
DISTRIB_CODENAME=precise
DISTRIB_DESCRIPTION="Ubuntu 12.04.5 LTS"

uname:Linux 3.13.0-93-generic #140~precise1-Ubuntu SMP Tue Jul 19 19:55:11 UTC 2016 x86_64
libc:glibc 2.15 NPTL 2.15 
rlimit: STACK 8192k, CORE 0k, NPROC 22873, NOFILE 4096, AS infinity
load average:7.71 3.52 1.70

/proc/meminfo:
MemTotal:        2948840 kB
MemFree:          101052 kB
Buffers:           62152 kB
Cached:           965564 kB
SwapCached:            0 kB
Active:          1974156 kB
Inactive:         717172 kB
Active(anon):    1664728 kB
Inactive(anon):    89112 kB
Active(file):     309428 kB
Inactive(file):   628060 kB
Unevictable:           0 kB
Mlocked:               0 kB
SwapTotal:       3008508 kB
SwapFree:        3008508 kB
Dirty:             23756 kB
Writeback:             0 kB
AnonPages:       1663648 kB
Mapped:           163764 kB
Shmem:             90204 kB
Slab:              75936 kB
SReclaimable:      52372 kB
SUnreclaim:        23564 kB
KernelStack:        4016 kB
PageTables:        27176 kB
NFS_Unstable:          0 kB
Bounce:                0 kB
WritebackTmp:          0 kB
CommitLimit:     4482928 kB
Committed_AS:    3978500 kB
VmallocTotal:   34359738367 kB
VmallocUsed:      346400 kB
VmallocChunk:   34359385692 kB
HardwareCorrupted:     0 kB
AnonHugePages:    765952 kB
HugePages_Total:       0
HugePages_Free:        0
HugePages_Rsvd:        0
HugePages_Surp:        0
Hugepagesize:       2048 kB
DirectMap4k:       61828 kB
DirectMap2M:     2949120 kB


CPU:total 2 (2 cores per cpu, 1 threads per core) family 6 model 15 stepping 13, cmov, cx8, fxsr, mmx, sse, sse2, sse3, ssse3, tsc

/proc/cpuinfo:
processor	: 0
vendor_id	: GenuineIntel
cpu family	: 6
model		: 15
model name	: Genuine Intel(R) CPU           T1600  @ 1.66GHz
stepping	: 13
microcode	: 0xa3
cpu MHz		: 1662.552
cache size	: 1024 KB
physical id	: 0
siblings	: 2
core id		: 0
cpu cores	: 2
apicid		: 0
initial apicid	: 0
fpu		: yes
fpu_exception	: yes
cpuid level	: 10
wp		: yes
flags		: fpu vme de pse tsc msr pae mce cx8 apic sep mtrr pge mca cmov pat pse36 clflush dts acpi mmx fxsr sse sse2 ss ht tm pbe syscall nx lm constant_tsc arch_perfmon pebs bts rep_good nopl aperfmperf pni dtes64 monitor ds_cpl tm2 ssse3 cx16 xtpr pdcm lahf_lm dtherm
bogomips	: 3325.10
clflush size	: 64
cache_alignment	: 64
address sizes	: 36 bits physical, 48 bits virtual
power management:

processor	: 1
vendor_id	: GenuineIntel
cpu family	: 6
model		: 15
model name	: Genuine Intel(R) CPU           T1600  @ 1.66GHz
stepping	: 13
microcode	: 0xa3
cpu MHz		: 1662.552
cache size	: 1024 KB
physical id	: 0
siblings	: 2
core id		: 1
cpu cores	: 2
apicid		: 1
initial apicid	: 1
fpu		: yes
fpu_exception	: yes
cpuid level	: 10
wp		: yes
flags		: fpu vme de pse tsc msr pae mce cx8 apic sep mtrr pge mca cmov pat pse36 clflush dts acpi mmx fxsr sse sse2 ss ht tm pbe syscall nx lm constant_tsc arch_perfmon pebs bts rep_good nopl aperfmperf pni dtes64 monitor ds_cpl tm2 ssse3 cx16 xtpr pdcm lahf_lm dtherm
bogomips	: 3325.10
clflush size	: 64
cache_alignment	: 64
address sizes	: 36 bits physical, 48 bits virtual
power management:



Memory: 4k page, physical 2948840k(103504k free), swap 3008508k(3008508k free)

vm_info: Java HotSpot(TM) 64-Bit Server VM (25.101-b13) for linux-amd64 JRE (1.8.0_101-b13), built on Jun 22 2016 02:59:44 by "java_re" with gcc 4.3.0 20080428 (Red Hat 4.3.0-8)

time: Fri Aug 19 16:19:09 2016
elapsed time: 4 seconds (0d 0h 0m 4s)

