#
# A fatal error has been detected by the Java Runtime Environment:
#
#  SIGSEGV (0xb) at pc=0x00007f3e8f642ca3, pid=11298, tid=0x00007f3e75f11700
#
# JRE version: Java(TM) SE Runtime Environment (8.0_101-b13) (build 1.8.0_101-b13)
# Java VM: Java HotSpot(TM) 64-Bit Server VM (25.101-b13 mixed mode linux-amd64 compressed oops)
# Problematic frame:
# V  [libjvm.so+0x9a0ca3]  PhaseChaitin::Split(unsigned int, ResourceArea*)+0x1623
#
# Failed to write core dump. Core dumps have been disabled. To enable core dumping, try "ulimit -c unlimited" before starting Java again
#
# If you would like to submit a bug report, please visit:
#   http://bugreport.java.com/bugreport/crash.jsp
#

---------------  T H R E A D  ---------------

Current thread (0x00007f3e880b4800):  JavaThread "C2 CompilerThread0" daemon [_thread_in_native, id=11310, stack(0x00007f3e75e11000,0x00007f3e75f12000)]

siginfo: si_signo: 11 (SIGSEGV), si_code: 1 (SEGV_MAPERR), si_addr: 0x00007f40d0e235e0

Registers:
RAX=0x0000000050191fa0, RBX=0x0000000000000003, RCX=0x00007f3e500ddb58, RDX=0x00007f3e501938e0
RSP=0x00007f3e75f0d040, RBP=0x00007f3e75f0d550, RSI=0x0000000000000000, RDI=0x00007f3e500ddb58
R8 =0x00007f3e75f0ee00, R9 =0x00007f3e500ddb58, R10=0x00007f3e501615b0, R11=0x00007f3e8fd1ac5e
R12=0x00007f3e8fc45540, R13=0x00007f3e5c066560, R14=0x0000000000000000, R15=0x0000000000000002
RIP=0x00007f3e8f642ca3, EFLAGS=0x0000000000010202, CSGSFS=0x0000000000000033, ERR=0x0000000000000006
  TRAPNO=0x000000000000000e

Top of Stack: (sp=0x00007f3e75f0d040)
0x00007f3e75f0d040:   00007f3e00000001 00007f3e00000000
0x00007f3e75f0d050:   00007f3e75f0d340 00007f3e0000000b
0x00007f3e75f0d060:   00007f3e00000002 000000000000000a
0x00007f3e75f0d070:   0000000000000004 ffffffffffffffff
0x00007f3e75f0d080:   00000010ffffffff 00007f3e8fc076d0
0x00007f3e75f0d090:   00007f3e75f0d3e0 00007f3e75f0d3a0
0x00007f3e75f0d0a0:   00007f3e75f0d3c0 00007f3e75f0d480
0x00007f3e75f0d0b0:   00007f3e75f0d400 00007f3e75f0d4c0
0x00007f3e75f0d0c0:   00007f3e75f0d30c 00007f3e75f0d4a0
0x00007f3e75f0d0d0:   00007f3e75f0d460 00007f3e75f0d440
0x00007f3e75f0d0e0:   00007f3e75f0d420 00007f3e75f0d340
0x00007f3e75f0d0f0:   00007f3e75f0d30c 00007f3e75f0d360
0x00007f3e75f0d100:   0000000000000028 0000000000000000
0x00007f3e75f0d110:   0000000000008338 00007f3e75f0d730
0x00007f3e75f0d120:   00007f3e75f0ee00 0000000000000000
0x00007f3e75f0d130:   0000000000000000 00007f3e50193b00
0x00007f3e75f0d140:   00007f3e50193b10 00007f3e75f0eee8
0x00007f3e75f0d150:   0000000000000058 00007f3e5014b9d0
0x00007f3e75f0d160:   000000000000000b 0000000100000000
0x00007f3e75f0d170:   00007f3e8811d0d0 00007f3e8811d110
0x00007f3e75f0d180:   00007f3e501938f0 01007f3e75f0d700
0x00007f3e75f0d190:   00007f3e50115390 0000017f00000000
0x00007f3e75f0d1a0:   00007f3e501938e0 0000014300000660
0x00007f3e75f0d1b0:   00007f3e75f0d200 00007f3e8f2dcea8
0x00007f3e75f0d1c0:   00007f3e50172870 0000000100000060
0x00007f3e75f0d1d0:   0000000000000000 0000000000000000
0x00007f3e75f0d1e0:   0000000000000001 00007f3e500e5a68
0x00007f3e75f0d1f0:   0101003e5c067438 0000000000000003
0x00007f3e75f0d200:   0100000050191fa0 00007f3e50188c60
0x00007f3e75f0d210:   00007f3e75f0d2b0 00007f3e8f2d72cc
0x00007f3e75f0d220:   0000000000000084 00007f3e75f0d240
0x00007f3e75f0d230:   00000000000003d8 00007f3e50023078 

Instructions: (pc=0x00007f3e8f642ca3)
0x00007f3e8f642c83:   f9 05 f5 ff 84 c0 0f 84 63 12 00 00 8b 85 b0 fc
0x00007f3e8f642c93:   ff ff 48 8b 8d a0 fd ff ff 48 8b 95 50 fc ff ff
0x00007f3e8f642ca3:   48 89 0c c2 0f b6 9d b7 fc ff ff 31 c9 48 8b b5
0x00007f3e8f642cb3:   30 fc ff ff 88 1c 06 48 8b 95 50 fd ff ff 84 db 

Register to memory mapping:

RAX=0x0000000050191fa0 is an unknown value
RBX=0x0000000000000003 is an unknown value
RCX=0x00007f3e500ddb58 is an unknown value
RDX=0x00007f3e501938e0 is an unknown value
RSP=0x00007f3e75f0d040 is pointing into the stack for thread: 0x00007f3e880b4800
RBP=0x00007f3e75f0d550 is pointing into the stack for thread: 0x00007f3e880b4800
RSI=0x0000000000000000 is an unknown value
RDI=0x00007f3e500ddb58 is an unknown value
R8 =0x00007f3e75f0ee00 is pointing into the stack for thread: 0x00007f3e880b4800
R9 =0x00007f3e500ddb58 is an unknown value
R10=0x00007f3e501615b0 is an unknown value
R11=0x00007f3e8fd1ac5e: <offset 0x8ac5e> in /lib/x86_64-linux-gnu/libc.so.6 at 0x00007f3e8fc90000
R12=0x00007f3e8fc45540: <offset 0xfa3540> in /usr/lib/jvm/java-8-oracle/jre/lib/amd64/server/libjvm.so at 0x00007f3e8eca2000
R13=0x00007f3e5c066560 is an unknown value
R14=0x0000000000000000 is an unknown value
R15=0x0000000000000002 is an unknown value


Stack: [0x00007f3e75e11000,0x00007f3e75f12000],  sp=0x00007f3e75f0d040,  free space=1008k
Native frames: (J=compiled Java code, j=interpreted, Vv=VM code, C=native code)
V  [libjvm.so+0x9a0ca3]  PhaseChaitin::Split(unsigned int, ResourceArea*)+0x1623
V  [libjvm.so+0x40e994]  PhaseChaitin::Register_Allocate()+0xb44
V  [libjvm.so+0x4a28e0]  Compile::Code_Gen()+0x260
V  [libjvm.so+0x4a6933]  Compile::Compile(ciEnv*, C2Compiler*, ciMethod*, int, bool, bool, bool)+0x14b3
V  [libjvm.so+0x3f20a8]  C2Compiler::compile_method(ciEnv*, ciMethod*, int)+0x198
V  [libjvm.so+0x4af61a]  CompileBroker::invoke_compiler_on_method(CompileTask*)+0xc9a
V  [libjvm.so+0x4b05c6]  CompileBroker::compiler_thread_loop()+0x5d6
V  [libjvm.so+0xa7343f]  JavaThread::thread_main_inner()+0xdf
V  [libjvm.so+0xa7356c]  JavaThread::run()+0x11c
V  [libjvm.so+0x924698]  java_start(Thread*)+0x108
C  [libpthread.so.0+0x7e9a]  start_thread+0xda


Current CompileTask:
C2:   3172  100 %     4       java.lang.String::replace @ 20 (127 bytes)


---------------  P R O C E S S  ---------------

Java Threads: ( => current thread )
  0x00007f3e880ba000 JavaThread "Service Thread" daemon [_thread_blocked, id=11313, stack(0x00007f3e75c0f000,0x00007f3e75d10000)]
  0x00007f3e880b7800 JavaThread "C1 CompilerThread1" daemon [_thread_blocked, id=11312, stack(0x00007f3e75d10000,0x00007f3e75e11000)]
=>0x00007f3e880b4800 JavaThread "C2 CompilerThread0" daemon [_thread_in_native, id=11310, stack(0x00007f3e75e11000,0x00007f3e75f12000)]
  0x00007f3e880b3000 JavaThread "Signal Dispatcher" daemon [_thread_blocked, id=11309, stack(0x00007f3e75f12000,0x00007f3e76013000)]
  0x00007f3e88080000 JavaThread "Finalizer" daemon [_thread_blocked, id=11308, stack(0x00007f3e766f7000,0x00007f3e767f8000)]
  0x00007f3e8807b800 JavaThread "Reference Handler" daemon [_thread_blocked, id=11307, stack(0x00007f3e767f8000,0x00007f3e768f9000)]
  0x00007f3e8800a000 JavaThread "main" [_thread_in_native, id=11300, stack(0x00007f3e90787000,0x00007f3e90888000)]

Other Threads:
  0x00007f3e88073800 VMThread [stack: 0x00007f3e768f9000,0x00007f3e769fa000] [id=11306]
  0x00007f3e880bd000 WatcherThread [stack: 0x00007f3e75b0e000,0x00007f3e75c0f000] [id=11314]

VM state:not at safepoint (normal execution)

VM Mutex/Monitor currently owned by a thread: None

Heap:
 PSYoungGen      total 13824K, used 4242K [0x00000000eab00000, 0x00000000eba00000, 0x0000000100000000)
  eden space 12288K, 34% used [0x00000000eab00000,0x00000000eaf24be8,0x00000000eb700000)
  from space 1536K, 0% used [0x00000000eb880000,0x00000000eb880000,0x00000000eba00000)
  to   space 1536K, 0% used [0x00000000eb700000,0x00000000eb700000,0x00000000eb880000)
 ParOldGen       total 31744K, used 0K [0x00000000c0000000, 0x00000000c1f00000, 0x00000000eab00000)
  object space 31744K, 0% used [0x00000000c0000000,0x00000000c0000000,0x00000000c1f00000)
 Metaspace       used 3452K, capacity 4720K, committed 4864K, reserved 1056768K
  class space    used 370K, capacity 424K, committed 512K, reserved 1048576K

Card table byte_map: [0x00007f3e8d34c000,0x00007f3e8d54d000] byte_map_base: 0x00007f3e8cd4c000

Marking Bits: (ParMarkBitMap*) 0x00007f3e8fc63120
 Begin Bits: [0x00007f3e77000000, 0x00007f3e78000000)
 End Bits:   [0x00007f3e78000000, 0x00007f3e79000000)

Polling page: 0x00007f3e908a4000

CodeCache: size=245760Kb used=1348Kb max_used=1348Kb free=244411Kb
 bounds [0x00007f3e79000000, 0x00007f3e79270000, 0x00007f3e88000000]
 total_blobs=367 nmethods=121 adapters=162
 compilation: enabled

Compilation events (10 events):
Event: 2.965 Thread 0x00007f3e880b7800 nmethod 103 0x00007f3e7913f5d0 code [0x00007f3e7913f740, 0x00007f3e7913f990]
Event: 2.965 Thread 0x00007f3e880b7800  104   !   3       java.util.regex.Pattern::matcher (44 bytes)
Event: 2.966 Thread 0x00007f3e880b7800 nmethod 104 0x00007f3e79143490 code [0x00007f3e79143620, 0x00007f3e79143a98]
Event: 2.966 Thread 0x00007f3e880b7800  105       3       java.util.regex.Matcher::<init> (84 bytes)
Event: 2.967 Thread 0x00007f3e880b7800 nmethod 105 0x00007f3e79143bd0 code [0x00007f3e79143d60, 0x00007f3e79144228]
Event: 2.967 Thread 0x00007f3e880b7800   93       3       java.lang.String::replace (28 bytes)
Event: 2.967 Thread 0x00007f3e880b7800 nmethod 93 0x00007f3e79144390 code [0x00007f3e79144560, 0x00007f3e79144ad8]
Event: 2.967 Thread 0x00007f3e880b7800   97       3       java.util.regex.Pattern::compile (10 bytes)
Event: 2.968 Thread 0x00007f3e880b7800 nmethod 97 0x00007f3e7913f1d0 code [0x00007f3e7913f340, 0x00007f3e7913f528]
Event: 2.968 Thread 0x00007f3e880b7800  106       3       java.util.regex.Matcher::quoteReplacement (82 bytes)

GC Heap History (0 events):
No events

Deoptimization events (0 events):
No events

Internal exceptions (2 events):
Event: 0.586 Thread 0x00007f3e8800a000 Exception <a 'java/lang/NoSuchMethodError': Method sun.misc.Unsafe.defineClass(Ljava/lang/String;[BII)Ljava/lang/Class; name or signature does not match> (0x00000000eab07cc0) thrown at [/HUDSON3/workspace/8-2-build-linux-amd64/jdk8u101/7261/hotspot/src/sh
Event: 0.586 Thread 0x00007f3e8800a000 Exception <a 'java/lang/NoSuchMethodError': Method sun.misc.Unsafe.prefetchRead(Ljava/lang/Object;J)V name or signature does not match> (0x00000000eab07fa8) thrown at [/HUDSON3/workspace/8-2-build-linux-amd64/jdk8u101/7261/hotspot/src/share/vm/prims/jni.c

Events (10 events):
Event: 2.755 loading class java/util/regex/Pattern$SliceS done
Event: 2.755 loading class java/util/regex/Matcher
Event: 2.755 loading class java/util/regex/MatchResult
Event: 2.755 loading class java/util/regex/MatchResult done
Event: 2.755 loading class java/util/regex/Matcher done
Event: 2.983 loading class java/util/ArrayList$Itr
Event: 2.983 loading class java/util/ArrayList$Itr done
Event: 2.984 loading class java/util/zip/ZipUtils
Event: 2.984 loading class java/util/zip/ZipUtils done
Event: 2.984 loading class java/util/Date


Dynamic libraries:
00400000-00401000 r-xp 00000000 08:01 3279757                            /usr/lib/jvm/java-8-oracle/bin/java
00600000-00601000 rw-p 00000000 08:01 3279757                            /usr/lib/jvm/java-8-oracle/bin/java
00e0b000-00e2c000 rw-p 00000000 00:00 0                                  [heap]
c0000000-c1f00000 rw-p 00000000 00:00 0 
c1f00000-eab00000 ---p 00000000 00:00 0 
eab00000-eba00000 rw-p 00000000 00:00 0 
eba00000-100000000 ---p 00000000 00:00 0 
100000000-100080000 rw-p 00000000 00:00 0 
100080000-140000000 ---p 00000000 00:00 0 
7f3e48000000-7f3e48021000 rw-p 00000000 00:00 0 
7f3e48021000-7f3e4c000000 ---p 00000000 00:00 0 
7f3e50000000-7f3e501a4000 rw-p 00000000 00:00 0 
7f3e501a4000-7f3e54000000 ---p 00000000 00:00 0 
7f3e54000000-7f3e54021000 rw-p 00000000 00:00 0 
7f3e54021000-7f3e58000000 ---p 00000000 00:00 0 
7f3e58000000-7f3e58021000 rw-p 00000000 00:00 0 
7f3e58021000-7f3e5c000000 ---p 00000000 00:00 0 
7f3e5c000000-7f3e5c2fc000 rw-p 00000000 00:00 0 
7f3e5c2fc000-7f3e60000000 ---p 00000000 00:00 0 
7f3e60000000-7f3e60021000 rw-p 00000000 00:00 0 
7f3e60021000-7f3e64000000 ---p 00000000 00:00 0 
7f3e64000000-7f3e64021000 rw-p 00000000 00:00 0 
7f3e64021000-7f3e68000000 ---p 00000000 00:00 0 
7f3e68000000-7f3e68021000 rw-p 00000000 00:00 0 
7f3e68021000-7f3e6c000000 ---p 00000000 00:00 0 
7f3e6c000000-7f3e6c021000 rw-p 00000000 00:00 0 
7f3e6c021000-7f3e70000000 ---p 00000000 00:00 0 
7f3e70000000-7f3e70021000 rw-p 00000000 00:00 0 
7f3e70021000-7f3e74000000 ---p 00000000 00:00 0 
7f3e75b0e000-7f3e75b0f000 ---p 00000000 00:00 0 
7f3e75b0f000-7f3e75c0f000 rw-p 00000000 00:00 0                          [stack:11314]
7f3e75c0f000-7f3e75c12000 ---p 00000000 00:00 0 
7f3e75c12000-7f3e75d10000 rw-p 00000000 00:00 0                          [stack:11313]
7f3e75d10000-7f3e75d13000 ---p 00000000 00:00 0 
7f3e75d13000-7f3e75e11000 rw-p 00000000 00:00 0                          [stack:11312]
7f3e75e11000-7f3e75e14000 ---p 00000000 00:00 0 
7f3e75e14000-7f3e75f12000 rw-p 00000000 00:00 0                          [stack:11310]
7f3e75f12000-7f3e75f15000 ---p 00000000 00:00 0 
7f3e75f15000-7f3e76013000 rw-p 00000000 00:00 0                          [stack:11309]
7f3e76013000-7f3e766f7000 r--p 00000000 08:01 13113697                   /usr/lib/locale/locale-archive
7f3e766f7000-7f3e766fa000 ---p 00000000 00:00 0 
7f3e766fa000-7f3e767f8000 rw-p 00000000 00:00 0                          [stack:11308]
7f3e767f8000-7f3e767fb000 ---p 00000000 00:00 0 
7f3e767fb000-7f3e768f9000 rw-p 00000000 00:00 0                          [stack:11307]
7f3e768f9000-7f3e768fa000 ---p 00000000 00:00 0 
7f3e768fa000-7f3e79000000 rw-p 00000000 00:00 0                          [stack:11306]
7f3e79000000-7f3e79270000 rwxp 00000000 00:00 0 
7f3e79270000-7f3e88000000 ---p 00000000 00:00 0 
7f3e88000000-7f3e8838f000 rw-p 00000000 00:00 0 
7f3e8838f000-7f3e8c000000 ---p 00000000 00:00 0 
7f3e8c032000-7f3e8c3a5000 rw-p 00000000 00:00 0 
7f3e8c3a5000-7f3e8c57e000 r--s 03d29000 08:01 13118676                   /usr/lib/jvm/java-8-oracle/jre/lib/rt.jar
7f3e8c57e000-7f3e8ca34000 rw-p 00000000 00:00 0 
7f3e8ca34000-7f3e8cdf4000 ---p 00000000 00:00 0 
7f3e8cdf4000-7f3e8cff4000 rw-p 00000000 00:00 0 
7f3e8cff4000-7f3e8cff5000 ---p 00000000 00:00 0 
7f3e8cff5000-7f3e8d0f5000 rw-p 00000000 00:00 0                          [stack:11305]
7f3e8d0f5000-7f3e8d0f6000 ---p 00000000 00:00 0 
7f3e8d0f6000-7f3e8d206000 rw-p 00000000 00:00 0                          [stack:11304]
7f3e8d206000-7f3e8d34c000 ---p 00000000 00:00 0 
7f3e8d34c000-7f3e8d35c000 rw-p 00000000 00:00 0 
7f3e8d35c000-7f3e8d4a1000 ---p 00000000 00:00 0 
7f3e8d4a1000-7f3e8d4a9000 rw-p 00000000 00:00 0 
7f3e8d4a9000-7f3e8d54c000 ---p 00000000 00:00 0 
7f3e8d54c000-7f3e8d557000 rw-p 00000000 00:00 0 
7f3e8d557000-7f3e8d90d000 ---p 00000000 00:00 0 
7f3e8d90d000-7f3e8d927000 r-xp 00000000 08:01 13766358                   /usr/lib/jvm/java-8-oracle/jre/lib/amd64/libzip.so
7f3e8d927000-7f3e8db27000 ---p 0001a000 08:01 13766358                   /usr/lib/jvm/java-8-oracle/jre/lib/amd64/libzip.so
7f3e8db27000-7f3e8db28000 rw-p 0001a000 08:01 13766358                   /usr/lib/jvm/java-8-oracle/jre/lib/amd64/libzip.so
7f3e8db28000-7f3e8db33000 r-xp 00000000 08:01 2621673                    /lib/x86_64-linux-gnu/libnss_files-2.15.so
7f3e8db33000-7f3e8dd32000 ---p 0000b000 08:01 2621673                    /lib/x86_64-linux-gnu/libnss_files-2.15.so
7f3e8dd32000-7f3e8dd33000 r--p 0000a000 08:01 2621673                    /lib/x86_64-linux-gnu/libnss_files-2.15.so
7f3e8dd33000-7f3e8dd34000 rw-p 0000b000 08:01 2621673                    /lib/x86_64-linux-gnu/libnss_files-2.15.so
7f3e8dd34000-7f3e8dd3e000 r-xp 00000000 08:01 2621658                    /lib/x86_64-linux-gnu/libnss_nis-2.15.so
7f3e8dd3e000-7f3e8df3e000 ---p 0000a000 08:01 2621658                    /lib/x86_64-linux-gnu/libnss_nis-2.15.so
7f3e8df3e000-7f3e8df3f000 r--p 0000a000 08:01 2621658                    /lib/x86_64-linux-gnu/libnss_nis-2.15.so
7f3e8df3f000-7f3e8df40000 rw-p 0000b000 08:01 2621658                    /lib/x86_64-linux-gnu/libnss_nis-2.15.so
7f3e8df40000-7f3e8df57000 r-xp 00000000 08:01 2621667                    /lib/x86_64-linux-gnu/libnsl-2.15.so
7f3e8df57000-7f3e8e156000 ---p 00017000 08:01 2621667                    /lib/x86_64-linux-gnu/libnsl-2.15.so
7f3e8e156000-7f3e8e157000 r--p 00016000 08:01 2621667                    /lib/x86_64-linux-gnu/libnsl-2.15.so
7f3e8e157000-7f3e8e158000 rw-p 00017000 08:01 2621667                    /lib/x86_64-linux-gnu/libnsl-2.15.so
7f3e8e158000-7f3e8e15a000 rw-p 00000000 00:00 0 
7f3e8e15a000-7f3e8e162000 r-xp 00000000 08:01 2621672                    /lib/x86_64-linux-gnu/libnss_compat-2.15.so
7f3e8e162000-7f3e8e361000 ---p 00008000 08:01 2621672                    /lib/x86_64-linux-gnu/libnss_compat-2.15.so
7f3e8e361000-7f3e8e362000 r--p 00007000 08:01 2621672                    /lib/x86_64-linux-gnu/libnss_compat-2.15.so
7f3e8e362000-7f3e8e363000 rw-p 00008000 08:01 2621672                    /lib/x86_64-linux-gnu/libnss_compat-2.15.so
7f3e8e363000-7f3e8e38d000 r-xp 00000000 08:01 13766323                   /usr/lib/jvm/java-8-oracle/jre/lib/amd64/libjava.so
7f3e8e38d000-7f3e8e58d000 ---p 0002a000 08:01 13766323                   /usr/lib/jvm/java-8-oracle/jre/lib/amd64/libjava.so
7f3e8e58d000-7f3e8e58f000 rw-p 0002a000 08:01 13766323                   /usr/lib/jvm/java-8-oracle/jre/lib/amd64/libjava.so
7f3e8e58f000-7f3e8e59c000 r-xp 00000000 08:01 13766361                   /usr/lib/jvm/java-8-oracle/jre/lib/amd64/libverify.so
7f3e8e59c000-7f3e8e79c000 ---p 0000d000 08:01 13766361                   /usr/lib/jvm/java-8-oracle/jre/lib/amd64/libverify.so
7f3e8e79c000-7f3e8e79e000 rw-p 0000d000 08:01 13766361                   /usr/lib/jvm/java-8-oracle/jre/lib/amd64/libverify.so
7f3e8e79e000-7f3e8e7a5000 r-xp 00000000 08:01 2621660                    /lib/x86_64-linux-gnu/librt-2.15.so
7f3e8e7a5000-7f3e8e9a4000 ---p 00007000 08:01 2621660                    /lib/x86_64-linux-gnu/librt-2.15.so
7f3e8e9a4000-7f3e8e9a5000 r--p 00006000 08:01 2621660                    /lib/x86_64-linux-gnu/librt-2.15.so
7f3e8e9a5000-7f3e8e9a6000 rw-p 00007000 08:01 2621660                    /lib/x86_64-linux-gnu/librt-2.15.so
7f3e8e9a6000-7f3e8eaa1000 r-xp 00000000 08:01 2621674                    /lib/x86_64-linux-gnu/libm-2.15.so
7f3e8eaa1000-7f3e8eca0000 ---p 000fb000 08:01 2621674                    /lib/x86_64-linux-gnu/libm-2.15.so
7f3e8eca0000-7f3e8eca1000 r--p 000fa000 08:01 2621674                    /lib/x86_64-linux-gnu/libm-2.15.so
7f3e8eca1000-7f3e8eca2000 rw-p 000fb000 08:01 2621674                    /lib/x86_64-linux-gnu/libm-2.15.so
7f3e8eca2000-7f3e8f96d000 r-xp 00000000 08:01 13894575                   /usr/lib/jvm/java-8-oracle/jre/lib/amd64/server/libjvm.so
7f3e8f96d000-7f3e8fb6c000 ---p 00ccb000 08:01 13894575                   /usr/lib/jvm/java-8-oracle/jre/lib/amd64/server/libjvm.so
7f3e8fb6c000-7f3e8fc45000 rw-p 00cca000 08:01 13894575                   /usr/lib/jvm/java-8-oracle/jre/lib/amd64/server/libjvm.so
7f3e8fc45000-7f3e8fc90000 rw-p 00000000 00:00 0 
7f3e8fc90000-7f3e8fe44000 r-xp 00000000 08:01 2621665                    /lib/x86_64-linux-gnu/libc-2.15.so
7f3e8fe44000-7f3e90043000 ---p 001b4000 08:01 2621665                    /lib/x86_64-linux-gnu/libc-2.15.so
7f3e90043000-7f3e90047000 r--p 001b3000 08:01 2621665                    /lib/x86_64-linux-gnu/libc-2.15.so
7f3e90047000-7f3e90049000 rw-p 001b7000 08:01 2621665                    /lib/x86_64-linux-gnu/libc-2.15.so
7f3e90049000-7f3e9004e000 rw-p 00000000 00:00 0 
7f3e9004e000-7f3e90050000 r-xp 00000000 08:01 2621657                    /lib/x86_64-linux-gnu/libdl-2.15.so
7f3e90050000-7f3e90250000 ---p 00002000 08:01 2621657                    /lib/x86_64-linux-gnu/libdl-2.15.so
7f3e90250000-7f3e90251000 r--p 00002000 08:01 2621657                    /lib/x86_64-linux-gnu/libdl-2.15.so
7f3e90251000-7f3e90252000 rw-p 00003000 08:01 2621657                    /lib/x86_64-linux-gnu/libdl-2.15.so
7f3e90252000-7f3e90267000 r-xp 00000000 08:01 2627921                    /usr/lib/jvm/java-8-oracle/lib/amd64/jli/libjli.so
7f3e90267000-7f3e90467000 ---p 00015000 08:01 2627921                    /usr/lib/jvm/java-8-oracle/lib/amd64/jli/libjli.so
7f3e90467000-7f3e90468000 rw-p 00015000 08:01 2627921                    /usr/lib/jvm/java-8-oracle/lib/amd64/jli/libjli.so
7f3e90468000-7f3e90480000 r-xp 00000000 08:01 2621668                    /lib/x86_64-linux-gnu/libpthread-2.15.so
7f3e90480000-7f3e9067f000 ---p 00018000 08:01 2621668                    /lib/x86_64-linux-gnu/libpthread-2.15.so
7f3e9067f000-7f3e90680000 r--p 00017000 08:01 2621668                    /lib/x86_64-linux-gnu/libpthread-2.15.so
7f3e90680000-7f3e90681000 rw-p 00018000 08:01 2621668                    /lib/x86_64-linux-gnu/libpthread-2.15.so
7f3e90681000-7f3e90685000 rw-p 00000000 00:00 0 
7f3e90685000-7f3e906a7000 r-xp 00000000 08:01 2621671                    /lib/x86_64-linux-gnu/ld-2.15.so
7f3e906a7000-7f3e906a9000 rw-p 00000000 00:00 0 
7f3e906a9000-7f3e906ae000 r--s 00031000 08:01 10626531                   /home/lin/other/AndroidProjects/Radio/app/build/intermediates/exploded-aar/com.android.support/design/23.0.1/jars/classes.jar
7f3e906ae000-7f3e90787000 rw-p 00000000 00:00 0 
7f3e90787000-7f3e9078a000 ---p 00000000 00:00 0 
7f3e9078a000-7f3e9088c000 rw-p 00000000 00:00 0                          [stack:11300]
7f3e9088c000-7f3e9089b000 r--s 000df000 08:01 11274850                   /root/Android/Sdk/build-tools/23.0.3/lib/dx.jar
7f3e9089b000-7f3e908a3000 rw-s 00000000 08:01 4850378                    /tmp/hsperfdata_root/11298
7f3e908a3000-7f3e908a4000 rw-p 00000000 00:00 0 
7f3e908a4000-7f3e908a5000 r--p 00000000 00:00 0 
7f3e908a5000-7f3e908a7000 rw-p 00000000 00:00 0 
7f3e908a7000-7f3e908a8000 r--p 00022000 08:01 2621671                    /lib/x86_64-linux-gnu/ld-2.15.so
7f3e908a8000-7f3e908aa000 rw-p 00023000 08:01 2621671                    /lib/x86_64-linux-gnu/ld-2.15.so
7ffdf42c3000-7ffdf42e4000 rw-p 00000000 00:00 0                          [stack]
7ffdf4302000-7ffdf4304000 r-xp 00000000 00:00 0                          [vdso]
ffffffffff600000-ffffffffff601000 r-xp 00000000 00:00 0                  [vsyscall]

VM Arguments:
jvm_args: -Djava.awt.headless=true -Xmx1024M -Dfile.encoding=UTF-8 -Duser.country=US -Duser.language=en -Duser.variant 
java_command: com.android.dx.command.Main --dex --force-jumbo --num-threads=4 --output /home/lin/other/AndroidProjects/Radio/app/build/intermediates/pre-dexed/debug/com.android.support-design-23.0.1_5d73c620161e44835afa29aaa533057ce1e7991f.jar /home/lin/other/AndroidProjects/Radio/app/build/intermediates/exploded-aar/com.android.support/design/23.0.1/jars/classes.jar
java_class_path (initial): /root/Android/Sdk/build-tools/23.0.3/lib/dx.jar
Launcher Type: SUN_STANDARD

Environment Variables:
PATH=/usr/local/sbin:/usr/local/bin:/usr/sbin:/usr/bin:/sbin:/bin
USERNAME=root
LD_LIBRARY_PATH=/opt/android-studio/bin:
SHELL=/bin/bash
DISPLAY=:0.0

Signal Handlers:
SIGSEGV: [libjvm.so+0xac4790], sa_mask[0]=11111111011111111101111111111110, sa_flags=SA_RESTART|SA_SIGINFO
SIGBUS: [libjvm.so+0xac4790], sa_mask[0]=11111111011111111101111111111110, sa_flags=SA_RESTART|SA_SIGINFO
SIGFPE: [libjvm.so+0x91f140], sa_mask[0]=11111111011111111101111111111110, sa_flags=SA_RESTART|SA_SIGINFO
SIGPIPE: [libjvm.so+0x91f140], sa_mask[0]=11111111011111111101111111111110, sa_flags=SA_RESTART|SA_SIGINFO
SIGXFSZ: [libjvm.so+0x91f140], sa_mask[0]=11111111011111111101111111111110, sa_flags=SA_RESTART|SA_SIGINFO
SIGILL: [libjvm.so+0x91f140], sa_mask[0]=11111111011111111101111111111110, sa_flags=SA_RESTART|SA_SIGINFO
SIGUSR1: SIG_DFL, sa_mask[0]=00000000000000000000000000000000, sa_flags=none
SIGUSR2: [libjvm.so+0x920770], sa_mask[0]=00100000000000000000000000000000, sa_flags=SA_RESTART|SA_SIGINFO
SIGHUP: [libjvm.so+0x921b70], sa_mask[0]=11111111011111111101111111111110, sa_flags=SA_RESTART|SA_SIGINFO
SIGINT: [libjvm.so+0x921b70], sa_mask[0]=11111111011111111101111111111110, sa_flags=SA_RESTART|SA_SIGINFO
SIGTERM: [libjvm.so+0x921b70], sa_mask[0]=11111111011111111101111111111110, sa_flags=SA_RESTART|SA_SIGINFO
SIGQUIT: [libjvm.so+0x921b70], sa_mask[0]=11111111011111111101111111111110, sa_flags=SA_RESTART|SA_SIGINFO


---------------  S Y S T E M  ---------------

OS:DISTRIB_ID=Ubuntu
DISTRIB_RELEASE=12.04
DISTRIB_CODENAME=precise
DISTRIB_DESCRIPTION="Ubuntu 12.04.5 LTS"

uname:Linux 3.13.0-95-generic #142~precise1-Ubuntu SMP Fri Aug 12 18:20:15 UTC 2016 x86_64
libc:glibc 2.15 NPTL 2.15 
rlimit: STACK 8192k, CORE 0k, NPROC 22873, NOFILE 4096, AS infinity
load average:11.60 6.94 4.68

/proc/meminfo:
MemTotal:        2948840 kB
MemFree:          178132 kB
Buffers:            9812 kB
Cached:           322340 kB
SwapCached:        30636 kB
Active:          2006872 kB
Inactive:         594656 kB
Active(anon):    1891792 kB
Inactive(anon):   496604 kB
Active(file):     115080 kB
Inactive(file):    98052 kB
Unevictable:           0 kB
Mlocked:               0 kB
SwapTotal:       3008508 kB
SwapFree:        2800192 kB
Dirty:              1012 kB
Writeback:             0 kB
AnonPages:       2253996 kB
Mapped:            80788 kB
Shmem:            119016 kB
Slab:              83872 kB
SReclaimable:      56864 kB
SUnreclaim:        27008 kB
KernelStack:        4432 kB
PageTables:        33296 kB
NFS_Unstable:          0 kB
Bounce:                0 kB
WritebackTmp:          0 kB
CommitLimit:     4482928 kB
Committed_AS:    5107808 kB
VmallocTotal:   34359738367 kB
VmallocUsed:      346432 kB
VmallocChunk:   34359385692 kB
HardwareCorrupted:     0 kB
AnonHugePages:    579584 kB
HugePages_Total:       0
HugePages_Free:        0
HugePages_Rsvd:        0
HugePages_Surp:        0
Hugepagesize:       2048 kB
DirectMap4k:       55684 kB
DirectMap2M:     2955264 kB


CPU:total 2 (2 cores per cpu, 1 threads per core) family 6 model 15 stepping 13, cmov, cx8, fxsr, mmx, sse, sse2, sse3, ssse3, tsc

/proc/cpuinfo:
processor	: 0
vendor_id	: GenuineIntel
cpu family	: 6
model		: 15
model name	: Genuine Intel(R) CPU           T1600  @ 1.66GHz
stepping	: 13
microcode	: 0xa3
cpu MHz		: 1662.567
cache size	: 1024 KB
physical id	: 0
siblings	: 2
core id		: 0
cpu cores	: 2
apicid		: 0
initial apicid	: 0
fpu		: yes
fpu_exception	: yes
cpuid level	: 10
wp		: yes
flags		: fpu vme de pse tsc msr pae mce cx8 apic sep mtrr pge mca cmov pat pse36 clflush dts acpi mmx fxsr sse sse2 ss ht tm pbe syscall nx lm constant_tsc arch_perfmon pebs bts rep_good nopl aperfmperf pni dtes64 monitor ds_cpl tm2 ssse3 cx16 xtpr pdcm lahf_lm dtherm
bogomips	: 3325.13
clflush size	: 64
cache_alignment	: 64
address sizes	: 36 bits physical, 48 bits virtual
power management:

processor	: 1
vendor_id	: GenuineIntel
cpu family	: 6
model		: 15
model name	: Genuine Intel(R) CPU           T1600  @ 1.66GHz
stepping	: 13
microcode	: 0xa3
cpu MHz		: 1662.567
cache size	: 1024 KB
physical id	: 0
siblings	: 2
core id		: 1
cpu cores	: 2
apicid		: 1
initial apicid	: 1
fpu		: yes
fpu_exception	: yes
cpuid level	: 10
wp		: yes
flags		: fpu vme de pse tsc msr pae mce cx8 apic sep mtrr pge mca cmov pat pse36 clflush dts acpi mmx fxsr sse sse2 ss ht tm pbe syscall nx lm constant_tsc arch_perfmon pebs bts rep_good nopl aperfmperf pni dtes64 monitor ds_cpl tm2 ssse3 cx16 xtpr pdcm lahf_lm dtherm
bogomips	: 3325.13
clflush size	: 64
cache_alignment	: 64
address sizes	: 36 bits physical, 48 bits virtual
power management:



Memory: 4k page, physical 2948840k(178132k free), swap 3008508k(2800192k free)

vm_info: Java HotSpot(TM) 64-Bit Server VM (25.101-b13) for linux-amd64 JRE (1.8.0_101-b13), built on Jun 22 2016 02:59:44 by "java_re" with gcc 4.3.0 20080428 (Red Hat 4.3.0-8)

time: Thu Sep  8 14:27:50 2016
elapsed time: 3 seconds (0d 0h 0m 3s)

