#
# A fatal error has been detected by the Java Runtime Environment:
#
#  SIGSEGV (0xb) at pc=0x00007f8719f72ef8, pid=17559, tid=0x00007f870081c700
#
# JRE version: Java(TM) SE Runtime Environment (8.0_101-b13) (build 1.8.0_101-b13)
# Java VM: Java HotSpot(TM) 64-Bit Server VM (25.101-b13 mixed mode linux-amd64 compressed oops)
# Problematic frame:
# V  [libjvm.so+0x8e5ef8]  nmethod::flush()+0x48
#
# Failed to write core dump. Core dumps have been disabled. To enable core dumping, try "ulimit -c unlimited" before starting Java again
#
# If you would like to submit a bug report, please visit:
#   http://bugreport.java.com/bugreport/crash.jsp
#

---------------  T H R E A D  ---------------

Current thread (0x00007f87140b7800):  JavaThread "C1 CompilerThread1" daemon [_thread_in_vm, id=17572, stack(0x00007f870071c000,0x00007f870081d000)]

siginfo: si_signo: 11 (SIGSEGV), si_code: 128 (SI_KERNEL), si_addr: 0x0000000000000000

Registers:
RAX=0x0000000000000000, RBX=0x00007f8714005880, RCX=0x00007f8714003300, RDX=0x0000000000000000
RSP=0x00007f870081ba30, RBP=0x00007f870081ba40, RSI=0x0000000000000000, RDI=0x247c110ff23c2474
R8 =0x00007f871a64a100, R9 =0x00007f8705000000, R10=0x0000000000000001, R11=0x0000000000000000
R12=0x00007f8705104950, R13=0x00007f870081ba70, R14=0x00007f871401c200, R15=0x00007f8714006b80
RIP=0x00007f8719f72ef8, EFLAGS=0x0000000000010206, CSGSFS=0x3738000000000033, ERR=0x0000000000000000
  TRAPNO=0x000000000000000d

Top of Stack: (sp=0x00007f870081ba30)
0x00007f870081ba30:   00007f8714005880 00007f871401c1c0
0x00007f870081ba40:   00007f870081bb40 00007f871a0b73e4
0x00007f870081ba50:   00007f8705104950 00007f871401c240
0x00007f870081ba60:   00007f871401c5e8 00000000000003d8
0x00007f870081ba70:   0000000000000000 00007f87051449a8
0x00007f870081ba80:   00007f87051449a8 00007f8705104950
0x00007f870081ba90:   00007f870514591e 00007f871ae60403
0x00007f870081baa0:   00007f870511c4ea 202020200000ffff
0x00007f870081bab0:   00007f8751506dcc 00007f87051449c0
0x00007f870081bac0:   00007f873d348dd9 00007f87051449c0
0x00007f870081bad0:   00007f873d348dd9 00007f87295cd29c
0x00007f870081bae0:   00007f871a5f2550 00007f870081ba70
0x00007f870081baf0:   0000000000000000 00007f87140b7800
0x00007f870081bb00:   00007f870081bb30 00007f871918d15d
0x00007f870081bb10:   000000b80000000b 00000000cbc4200d
0x00007f870081bb20:   00007f8705104950 00007f87140b7800
0x00007f870081bb30:   0000000000000000 00007f871a6498f8
0x00007f870081bb40:   00007f870081bb70 00007f871a0b7549
0x00007f870081bb50:   00007f8714005880 0000000000000000
0x00007f870081bb60:   0000000000000001 0000000000000000
0x00007f870081bb70:   00007f870081bc60 00007f871a0b7a88
0x00007f870081bb80:   00007f870081bba0 0000000319faab43
0x00007f870081bb90:   00007f8714005880 000000000003c0db
0x00007f870081bba0:   000000004b20641d 0000000000000000
0x00007f870081bbb0:   00007f871a5dfa00 0000000000000000
0x00007f870081bbc0:   0000000000000000 0000000000000000
0x00007f870081bbd0:   0000000000000000 00007f870081baa8
0x00007f870081bbe0:   0000000000000038 0000000000000100
0x00007f870081bbf0:   00000156d7f81d01 0000000000000000
0x00007f870081bc00:   00007f87140b0001 0000000000120486
0x00007f870081bc10:   000000004b0e1fc0 00007f87140b7800
0x00007f870081bc20:   000000004b20641d 0000000000000000 

Instructions: (pc=0x00007f8719f72ef8)
0x00007f8719f72ed8:   84 83 c2 ff 49 8b bc 24 f8 00 00 00 49 c7 84 24
0x00007f8719f72ee8:   f8 00 00 00 00 00 00 00 48 85 ff 74 1c 0f 1f 00
0x00007f8719f72ef8:   48 8b 9f 10 01 00 00 be 04 00 00 00 e8 e7 41 03
0x00007f8719f72f08:   00 48 85 db 48 89 df 75 e7 41 f6 84 24 db 00 00 

Register to memory mapping:

RAX=0x0000000000000000 is an unknown value
RBX=0x00007f8714005880 is an unknown value
RCX=0x00007f8714003300 is an unknown value
RDX=0x0000000000000000 is an unknown value
RSP=0x00007f870081ba30 is pointing into the stack for thread: 0x00007f87140b7800
RBP=0x00007f870081ba40 is pointing into the stack for thread: 0x00007f87140b7800
RSI=0x0000000000000000 is an unknown value
RDI=0x247c110ff23c2474 is an unknown value
R8 =0x00007f871a64a100: <offset 0xfbd100> in /usr/lib/jvm/java-8-oracle/jre/lib/amd64/server/libjvm.so at 0x00007f871968d000
R9 =0x00007f8705000000 is an unknown value
R10=0x0000000000000001 is an unknown value
R11=0x0000000000000000 is an unknown value
R12=0x00007f8705104950 is at entry_point+411762808 in (nmethod*)0x00007f8705104950

[error occurred during error reporting (printing register info), id 0xb]

Stack: [0x00007f870071c000,0x00007f870081d000],  sp=0x00007f870081ba30,  free space=1022k
Native frames: (J=compiled Java code, j=interpreted, Vv=VM code, C=native code)
V  [libjvm.so+0x8e5ef8]  nmethod::flush()+0x48
V  [libjvm.so+0xa2a3e4]  NMethodSweeper::release_nmethod(nmethod*)+0x184
V  [libjvm.so+0xa2a549]  NMethodSweeper::process_nmethod(nmethod*)+0xd9
V  [libjvm.so+0xa2aa88]  NMethodSweeper::sweep_code_cache()+0x328
V  [libjvm.so+0xa2adf4]  NMethodSweeper::possibly_sweep()+0xb4
V  [libjvm.so+0x4ade05]  CompileQueue::get()+0x15
V  [libjvm.so+0x4b017b]  CompileBroker::compiler_thread_loop()+0x18b
V  [libjvm.so+0xa7343f]  JavaThread::thread_main_inner()+0xdf
V  [libjvm.so+0xa7356c]  JavaThread::run()+0x11c
V  [libjvm.so+0x924698]  java_start(Thread*)+0x108
C  [libpthread.so.0+0x7e9a]  start_thread+0xda


---------------  P R O C E S S  ---------------

Java Threads: ( => current thread )
  0x00007f87140c4000 JavaThread "Service Thread" daemon [_thread_blocked, id=17573, stack(0x00007f870061b000,0x00007f870071c000)]
=>0x00007f87140b7800 JavaThread "C1 CompilerThread1" daemon [_thread_in_vm, id=17572, stack(0x00007f870071c000,0x00007f870081d000)]
  0x00007f87140b4800 JavaThread "C2 CompilerThread0" daemon [_thread_blocked, id=17571, stack(0x00007f870081d000,0x00007f870091e000)]
  0x00007f87140b3000 JavaThread "Signal Dispatcher" daemon [_thread_blocked, id=17570, stack(0x00007f870091e000,0x00007f8700a1f000)]
  0x00007f8714080000 JavaThread "Finalizer" daemon [_thread_blocked, id=17569, stack(0x00007f8701103000,0x00007f8701204000)]
  0x00007f871407b800 JavaThread "Reference Handler" daemon [_thread_blocked, id=17568, stack(0x00007f8701204000,0x00007f8701305000)]
  0x00007f871400a000 JavaThread "main" [_thread_in_vm, id=17564, stack(0x00007f871b172000,0x00007f871b273000)]

Other Threads:
  0x00007f8714073800 VMThread [stack: 0x00007f8701305000,0x00007f8701406000] [id=17567]
  0x00007f87140cf000 WatcherThread [stack: 0x00007f870051a000,0x00007f870061b000] [id=17574]

VM state:not at safepoint (normal execution)

VM Mutex/Monitor currently owned by a thread:  ([mutex/lock_event])
[0x00007f8714005880] CodeCache_lock - owner thread: 0x00007f87140b7800
[0x00007f8714006f00] Compile_lock - owner thread: 0x00007f871400a000

Heap:
 PSYoungGen      total 13824K, used 1289K [0x00000000eab00000, 0x00000000eba00000, 0x0000000100000000)
  eden space 12288K, 10% used [0x00000000eab00000,0x00000000eac42658,0x00000000eb700000)
  from space 1536K, 0% used [0x00000000eb880000,0x00000000eb880000,0x00000000eba00000)
  to   space 1536K, 0% used [0x00000000eb700000,0x00000000eb700000,0x00000000eb880000)
 ParOldGen       total 31744K, used 0K [0x00000000c0000000, 0x00000000c1f00000, 0x00000000eab00000)
  object space 31744K, 0% used [0x00000000c0000000,0x00000000c0000000,0x00000000c1f00000)
 Metaspace       used 2873K, capacity 4656K, committed 4864K, reserved 1056768K
  class space    used 311K, capacity 424K, committed 512K, reserved 1048576K

Card table byte_map: [0x00007f87180f7000,0x00007f87182f8000] byte_map_base: 0x00007f8717af7000

Marking Bits: (ParMarkBitMap*) 0x00007f871a64e120
 Begin Bits: [0x00007f87028e8000, 0x00007f87038e8000)
 End Bits:   [0x00007f87038e8000, 0x00007f87048e8000)

Polling page: 0x00007f871b28f000

CodeCache: size=245760Kb used=1139Kb max_used=1139Kb free=244620Kb
 bounds [0x00007f8705000000, 0x00007f8705270000, 0x00007f8714000000]
 total_blobs=281 nmethods=51 adapters=146
 compilation: enabled

Compilation events (10 events):
Event: 1.209 Thread 0x00007f87140b7800   47       1       java.net.URL::getRef (5 bytes)
Event: 1.210 Thread 0x00007f87140b7800 nmethod 47 0x00007f870511ae90 code [0x00007f870511afe0, 0x00007f870511b0f0]
Event: 1.221 Thread 0x00007f87140b7800   48       3       java.lang.Character::toLowerCase (9 bytes)
Event: 1.222 Thread 0x00007f87140b7800 nmethod 48 0x00007f870511b150 code [0x00007f870511b2c0, 0x00007f870511b4f8]
Event: 1.222 Thread 0x00007f87140b7800   49       3       java.lang.CharacterDataLatin1::toLowerCase (39 bytes)
Event: 1.222 Thread 0x00007f87140b7800 nmethod 49 0x00007f870511b5d0 code [0x00007f870511b740, 0x00007f870511b9d0]
Event: 1.223 Thread 0x00007f87140b7800   50       3       java.util.HashMap::get (23 bytes)
Event: 1.224 Thread 0x00007f87140b7800 nmethod 50 0x00007f870511bb50 code [0x00007f870511bce0, 0x00007f870511c0d8]
Event: 1.259 Thread 0x00007f87140b7800   51       3       java.lang.String::replace (127 bytes)
Event: 1.260 Thread 0x00007f87140b7800 nmethod 51 0x00007f870511c250 code [0x00007f870511c400, 0x00007f870511cab0]

GC Heap History (0 events):
No events

Deoptimization events (0 events):
No events

Internal exceptions (2 events):
Event: 0.310 Thread 0x00007f871400a000 Exception <a 'java/lang/NoSuchMethodError': Method sun.misc.Unsafe.defineClass(Ljava/lang/String;[BII)Ljava/lang/Class; name or signature does not match> (0x00000000eab07cc0) thrown at [/HUDSON3/workspace/8-2-build-linux-amd64/jdk8u101/7261/hotspot/src/sh
Event: 0.311 Thread 0x00007f871400a000 Exception <a 'java/lang/NoSuchMethodError': Method sun.misc.Unsafe.prefetchRead(Ljava/lang/Object;J)V name or signature does not match> (0x00000000eab07fa8) thrown at [/HUDSON3/workspace/8-2-build-linux-amd64/jdk8u101/7261/hotspot/src/share/vm/prims/jni.c

Events (10 events):
Event: 1.084 loading class com/android/dx/rop/cst/Constant done
Event: 1.201 loading class com/android/dx/util/ToHuman
Event: 1.201 loading class com/android/dx/util/ToHuman done
Event: 1.204 loading class com/android/dx/rop/cst/CstType
Event: 1.204 loading class com/android/dx/rop/cst/CstType done
Event: 1.210 loading class com/android/dx/rop/cst/TypedConstant
Event: 1.210 loading class com/android/dx/rop/cst/TypedConstant done
Event: 1.224 loading class com/android/dx/rop/type/TypeBearer
Event: 1.224 loading class com/android/dx/rop/type/TypeBearer done
Event: 1.261 Thread 0x00007f87140b7800 flushing nmethod 0x00007f8705104950


Dynamic libraries:
00400000-00401000 r-xp 00000000 08:01 3279757                            /usr/lib/jvm/java-8-oracle/bin/java
00600000-00601000 rw-p 00000000 08:01 3279757                            /usr/lib/jvm/java-8-oracle/bin/java
01b24000-01b45000 rw-p 00000000 00:00 0                                  [heap]
c0000000-c1f00000 rw-p 00000000 00:00 0 
c1f00000-eab00000 ---p 00000000 00:00 0 
eab00000-eba00000 rw-p 00000000 00:00 0 
eba00000-100000000 ---p 00000000 00:00 0 
100000000-100080000 rw-p 00000000 00:00 0 
100080000-140000000 ---p 00000000 00:00 0 
7f86d4000000-7f86d4021000 rw-p 00000000 00:00 0 
7f86d4021000-7f86d8000000 ---p 00000000 00:00 0 
7f86dc000000-7f86dc2de000 rw-p 00000000 00:00 0 
7f86dc2de000-7f86e0000000 ---p 00000000 00:00 0 
7f86e0000000-7f86e0021000 rw-p 00000000 00:00 0 
7f86e0021000-7f86e4000000 ---p 00000000 00:00 0 
7f86e4000000-7f86e4021000 rw-p 00000000 00:00 0 
7f86e4021000-7f86e8000000 ---p 00000000 00:00 0 
7f86e8000000-7f86e8046000 rw-p 00000000 00:00 0 
7f86e8046000-7f86ec000000 ---p 00000000 00:00 0 
7f86ec000000-7f86ec021000 rw-p 00000000 00:00 0 
7f86ec021000-7f86f0000000 ---p 00000000 00:00 0 
7f86f0000000-7f86f0021000 rw-p 00000000 00:00 0 
7f86f0021000-7f86f4000000 ---p 00000000 00:00 0 
7f86f4000000-7f86f4021000 rw-p 00000000 00:00 0 
7f86f4021000-7f86f8000000 ---p 00000000 00:00 0 
7f86f8000000-7f86f8021000 rw-p 00000000 00:00 0 
7f86f8021000-7f86fc000000 ---p 00000000 00:00 0 
7f86fc000000-7f86fc021000 rw-p 00000000 00:00 0 
7f86fc021000-7f8700000000 ---p 00000000 00:00 0 
7f870051a000-7f870051b000 ---p 00000000 00:00 0 
7f870051b000-7f870061b000 rw-p 00000000 00:00 0                          [stack:17574]
7f870061b000-7f870061e000 ---p 00000000 00:00 0 
7f870061e000-7f870071c000 rw-p 00000000 00:00 0                          [stack:17573]
7f870071c000-7f870071f000 ---p 00000000 00:00 0 
7f870071f000-7f870081d000 rw-p 00000000 00:00 0                          [stack:17572]
7f870081d000-7f8700820000 ---p 00000000 00:00 0 
7f8700820000-7f870091e000 rw-p 00000000 00:00 0                          [stack:17571]
7f870091e000-7f8700921000 ---p 00000000 00:00 0 
7f8700921000-7f8700a1f000 rw-p 00000000 00:00 0                          [stack:17570]
7f8700a1f000-7f8701103000 r--p 00000000 08:01 13113697                   /usr/lib/locale/locale-archive
7f8701103000-7f8701106000 ---p 00000000 00:00 0 
7f8701106000-7f8701204000 rw-p 00000000 00:00 0                          [stack:17569]
7f8701204000-7f8701207000 ---p 00000000 00:00 0 
7f8701207000-7f8701305000 rw-p 00000000 00:00 0                          [stack:17568]
7f8701305000-7f8701306000 ---p 00000000 00:00 0 
7f8701306000-7f8701d0f000 rw-p 00000000 00:00 0                          [stack:17567]
7f8701d0f000-7f8701ee8000 r--s 03d29000 08:01 13118676                   /usr/lib/jvm/java-8-oracle/jre/lib/rt.jar
7f8701ee8000-7f8702328000 rw-p 00000000 00:00 0 
7f8702328000-7f87026e8000 ---p 00000000 00:00 0 
7f87026e8000-7f87048e8000 rw-p 00000000 00:00 0 
7f87048e8000-7f87048e9000 ---p 00000000 00:00 0 
7f87048e9000-7f87049e9000 rw-p 00000000 00:00 0                          [stack:17566]
7f87049e9000-7f87049ea000 ---p 00000000 00:00 0 
7f87049ea000-7f8704afa000 rw-p 00000000 00:00 0                          [stack:17565]
7f8704afa000-7f8704c40000 ---p 00000000 00:00 0 
7f8704c40000-7f8704c4a000 rw-p 00000000 00:00 0 
7f8704c4a000-7f8705000000 ---p 00000000 00:00 0 
7f8705000000-7f8705270000 rwxp 00000000 00:00 0 
7f8705270000-7f8714000000 ---p 00000000 00:00 0 
7f8714000000-7f8714397000 rw-p 00000000 00:00 0 
7f8714397000-7f8718000000 ---p 00000000 00:00 0 
7f8718011000-7f8718107000 rw-p 00000000 00:00 0 
7f8718107000-7f871824c000 ---p 00000000 00:00 0 
7f871824c000-7f8718254000 rw-p 00000000 00:00 0 
7f8718254000-7f87182f7000 ---p 00000000 00:00 0 
7f87182f7000-7f87182f8000 rw-p 00000000 00:00 0 
7f87182f8000-7f8718312000 r-xp 00000000 08:01 13766358                   /usr/lib/jvm/java-8-oracle/jre/lib/amd64/libzip.so
7f8718312000-7f8718512000 ---p 0001a000 08:01 13766358                   /usr/lib/jvm/java-8-oracle/jre/lib/amd64/libzip.so
7f8718512000-7f8718513000 rw-p 0001a000 08:01 13766358                   /usr/lib/jvm/java-8-oracle/jre/lib/amd64/libzip.so
7f8718513000-7f871851e000 r-xp 00000000 08:01 2621673                    /lib/x86_64-linux-gnu/libnss_files-2.15.so
7f871851e000-7f871871d000 ---p 0000b000 08:01 2621673                    /lib/x86_64-linux-gnu/libnss_files-2.15.so
7f871871d000-7f871871e000 r--p 0000a000 08:01 2621673                    /lib/x86_64-linux-gnu/libnss_files-2.15.so
7f871871e000-7f871871f000 rw-p 0000b000 08:01 2621673                    /lib/x86_64-linux-gnu/libnss_files-2.15.so
7f871871f000-7f8718729000 r-xp 00000000 08:01 2621658                    /lib/x86_64-linux-gnu/libnss_nis-2.15.so
7f8718729000-7f8718929000 ---p 0000a000 08:01 2621658                    /lib/x86_64-linux-gnu/libnss_nis-2.15.so
7f8718929000-7f871892a000 r--p 0000a000 08:01 2621658                    /lib/x86_64-linux-gnu/libnss_nis-2.15.so
7f871892a000-7f871892b000 rw-p 0000b000 08:01 2621658                    /lib/x86_64-linux-gnu/libnss_nis-2.15.so
7f871892b000-7f8718942000 r-xp 00000000 08:01 2621667                    /lib/x86_64-linux-gnu/libnsl-2.15.so
7f8718942000-7f8718b41000 ---p 00017000 08:01 2621667                    /lib/x86_64-linux-gnu/libnsl-2.15.so
7f8718b41000-7f8718b42000 r--p 00016000 08:01 2621667                    /lib/x86_64-linux-gnu/libnsl-2.15.so
7f8718b42000-7f8718b43000 rw-p 00017000 08:01 2621667                    /lib/x86_64-linux-gnu/libnsl-2.15.so
7f8718b43000-7f8718b45000 rw-p 00000000 00:00 0 
7f8718b45000-7f8718b4d000 r-xp 00000000 08:01 2621672                    /lib/x86_64-linux-gnu/libnss_compat-2.15.so
7f8718b4d000-7f8718d4c000 ---p 00008000 08:01 2621672                    /lib/x86_64-linux-gnu/libnss_compat-2.15.so
7f8718d4c000-7f8718d4d000 r--p 00007000 08:01 2621672                    /lib/x86_64-linux-gnu/libnss_compat-2.15.so
7f8718d4d000-7f8718d4e000 rw-p 00008000 08:01 2621672                    /lib/x86_64-linux-gnu/libnss_compat-2.15.so
7f8718d4e000-7f8718d78000 r-xp 00000000 08:01 13766323                   /usr/lib/jvm/java-8-oracle/jre/lib/amd64/libjava.so
7f8718d78000-7f8718f78000 ---p 0002a000 08:01 13766323                   /usr/lib/jvm/java-8-oracle/jre/lib/amd64/libjava.so
7f8718f78000-7f8718f7a000 rw-p 0002a000 08:01 13766323                   /usr/lib/jvm/java-8-oracle/jre/lib/amd64/libjava.so
7f8718f7a000-7f8718f87000 r-xp 00000000 08:01 13766361                   /usr/lib/jvm/java-8-oracle/jre/lib/amd64/libverify.so
7f8718f87000-7f8719187000 ---p 0000d000 08:01 13766361                   /usr/lib/jvm/java-8-oracle/jre/lib/amd64/libverify.so
7f8719187000-7f8719189000 rw-p 0000d000 08:01 13766361                   /usr/lib/jvm/java-8-oracle/jre/lib/amd64/libverify.so
7f8719189000-7f8719190000 r-xp 00000000 08:01 2621660                    /lib/x86_64-linux-gnu/librt-2.15.so
7f8719190000-7f871938f000 ---p 00007000 08:01 2621660                    /lib/x86_64-linux-gnu/librt-2.15.so
7f871938f000-7f8719390000 r--p 00006000 08:01 2621660                    /lib/x86_64-linux-gnu/librt-2.15.so
7f8719390000-7f8719391000 rw-p 00007000 08:01 2621660                    /lib/x86_64-linux-gnu/librt-2.15.so
7f8719391000-7f871948c000 r-xp 00000000 08:01 2621674                    /lib/x86_64-linux-gnu/libm-2.15.so
7f871948c000-7f871968b000 ---p 000fb000 08:01 2621674                    /lib/x86_64-linux-gnu/libm-2.15.so
7f871968b000-7f871968c000 r--p 000fa000 08:01 2621674                    /lib/x86_64-linux-gnu/libm-2.15.so
7f871968c000-7f871968d000 rw-p 000fb000 08:01 2621674                    /lib/x86_64-linux-gnu/libm-2.15.so
7f871968d000-7f871a358000 r-xp 00000000 08:01 13894575                   /usr/lib/jvm/java-8-oracle/jre/lib/amd64/server/libjvm.so
7f871a358000-7f871a557000 ---p 00ccb000 08:01 13894575                   /usr/lib/jvm/java-8-oracle/jre/lib/amd64/server/libjvm.so
7f871a557000-7f871a630000 rw-p 00cca000 08:01 13894575                   /usr/lib/jvm/java-8-oracle/jre/lib/amd64/server/libjvm.so
7f871a630000-7f871a67b000 rw-p 00000000 00:00 0 
7f871a67b000-7f871a82f000 r-xp 00000000 08:01 2621665                    /lib/x86_64-linux-gnu/libc-2.15.so
7f871a82f000-7f871aa2e000 ---p 001b4000 08:01 2621665                    /lib/x86_64-linux-gnu/libc-2.15.so
7f871aa2e000-7f871aa32000 r--p 001b3000 08:01 2621665                    /lib/x86_64-linux-gnu/libc-2.15.so
7f871aa32000-7f871aa34000 rw-p 001b7000 08:01 2621665                    /lib/x86_64-linux-gnu/libc-2.15.so
7f871aa34000-7f871aa39000 rw-p 00000000 00:00 0 
7f871aa39000-7f871aa3b000 r-xp 00000000 08:01 2621657                    /lib/x86_64-linux-gnu/libdl-2.15.so
7f871aa3b000-7f871ac3b000 ---p 00002000 08:01 2621657                    /lib/x86_64-linux-gnu/libdl-2.15.so
7f871ac3b000-7f871ac3c000 r--p 00002000 08:01 2621657                    /lib/x86_64-linux-gnu/libdl-2.15.so
7f871ac3c000-7f871ac3d000 rw-p 00003000 08:01 2621657                    /lib/x86_64-linux-gnu/libdl-2.15.so
7f871ac3d000-7f871ac52000 r-xp 00000000 08:01 2627921                    /usr/lib/jvm/java-8-oracle/lib/amd64/jli/libjli.so
7f871ac52000-7f871ae52000 ---p 00015000 08:01 2627921                    /usr/lib/jvm/java-8-oracle/lib/amd64/jli/libjli.so
7f871ae52000-7f871ae53000 rw-p 00015000 08:01 2627921                    /usr/lib/jvm/java-8-oracle/lib/amd64/jli/libjli.so
7f871ae53000-7f871ae6b000 r-xp 00000000 08:01 2621668                    /lib/x86_64-linux-gnu/libpthread-2.15.so
7f871ae6b000-7f871b06a000 ---p 00018000 08:01 2621668                    /lib/x86_64-linux-gnu/libpthread-2.15.so
7f871b06a000-7f871b06b000 r--p 00017000 08:01 2621668                    /lib/x86_64-linux-gnu/libpthread-2.15.so
7f871b06b000-7f871b06c000 rw-p 00018000 08:01 2621668                    /lib/x86_64-linux-gnu/libpthread-2.15.so
7f871b06c000-7f871b070000 rw-p 00000000 00:00 0 
7f871b070000-7f871b092000 r-xp 00000000 08:01 2621671                    /lib/x86_64-linux-gnu/ld-2.15.so
7f871b097000-7f871b172000 rw-p 00000000 00:00 0 
7f871b172000-7f871b175000 ---p 00000000 00:00 0 
7f871b175000-7f871b277000 rw-p 00000000 00:00 0                          [stack:17564]
7f871b277000-7f871b286000 r--s 000df000 08:01 9309217                    /home/lin/Android/Sdk/build-tools/23.0.3/lib/dx.jar
7f871b286000-7f871b28e000 rw-s 00000000 08:01 4850478                    /tmp/hsperfdata_root/17559
7f871b28e000-7f871b28f000 rw-p 00000000 00:00 0 
7f871b28f000-7f871b290000 r--p 00000000 00:00 0 
7f871b290000-7f871b292000 rw-p 00000000 00:00 0 
7f871b292000-7f871b293000 r--p 00022000 08:01 2621671                    /lib/x86_64-linux-gnu/ld-2.15.so
7f871b293000-7f871b295000 rw-p 00023000 08:01 2621671                    /lib/x86_64-linux-gnu/ld-2.15.so
7fff7d27d000-7fff7d29e000 rw-p 00000000 00:00 0                          [stack]
7fff7d3d1000-7fff7d3d3000 r-xp 00000000 00:00 0                          [vdso]
ffffffffff600000-ffffffffff601000 r-xp 00000000 00:00 0                  [vsyscall]

VM Arguments:
jvm_args: -Djava.awt.headless=true -Xmx1024M -Dfile.encoding=UTF-8 -Duser.country=US -Duser.language=en -Duser.variant 
java_command: com.android.dx.command.Main --dex --force-jumbo --num-threads=4 --output /home/lin/other/AndroidProjects/Radio/app/build/intermediates/pre-dexed/debug/com.code-troopers.betterpickers-library-3.0.0_de1491c5a7e4b879dd6a810e4d1a9e50ccac2e9a.jar /home/lin/other/AndroidProjects/Radio/app/build/intermediates/exploded-aar/com.code-troopers.betterpickers/library/3.0.0/jars/classes.jar
java_class_path (initial): /home/lin/Android/Sdk/build-tools/23.0.3/lib/dx.jar
Launcher Type: SUN_STANDARD

Environment Variables:
PATH=/usr/local/sbin:/usr/local/bin:/usr/sbin:/usr/bin:/sbin:/bin
USERNAME=root
LD_LIBRARY_PATH=/opt/android-studio/bin:
SHELL=/bin/bash
DISPLAY=:0.0

Signal Handlers:
SIGSEGV: [libjvm.so+0xac4790], sa_mask[0]=11111111011111111101111111111110, sa_flags=SA_RESTART|SA_SIGINFO
SIGBUS: [libjvm.so+0xac4790], sa_mask[0]=11111111011111111101111111111110, sa_flags=SA_RESTART|SA_SIGINFO
SIGFPE: [libjvm.so+0x91f140], sa_mask[0]=11111111011111111101111111111110, sa_flags=SA_RESTART|SA_SIGINFO
SIGPIPE: [libjvm.so+0x91f140], sa_mask[0]=11111111011111111101111111111110, sa_flags=SA_RESTART|SA_SIGINFO
SIGXFSZ: [libjvm.so+0x91f140], sa_mask[0]=11111111011111111101111111111110, sa_flags=SA_RESTART|SA_SIGINFO
SIGILL: [libjvm.so+0x91f140], sa_mask[0]=11111111011111111101111111111110, sa_flags=SA_RESTART|SA_SIGINFO
SIGUSR1: SIG_DFL, sa_mask[0]=00000000000000000000000000000000, sa_flags=none
SIGUSR2: [libjvm.so+0x920770], sa_mask[0]=00100000000000000000000000000000, sa_flags=SA_RESTART|SA_SIGINFO
SIGHUP: [libjvm.so+0x921b70], sa_mask[0]=11111111011111111101111111111110, sa_flags=SA_RESTART|SA_SIGINFO
SIGINT: [libjvm.so+0x921b70], sa_mask[0]=11111111011111111101111111111110, sa_flags=SA_RESTART|SA_SIGINFO
SIGTERM: [libjvm.so+0x921b70], sa_mask[0]=11111111011111111101111111111110, sa_flags=SA_RESTART|SA_SIGINFO
SIGQUIT: [libjvm.so+0x921b70], sa_mask[0]=11111111011111111101111111111110, sa_flags=SA_RESTART|SA_SIGINFO


---------------  S Y S T E M  ---------------

OS:DISTRIB_ID=Ubuntu
DISTRIB_RELEASE=12.04
DISTRIB_CODENAME=precise
DISTRIB_DESCRIPTION="Ubuntu 12.04.5 LTS"

uname:Linux 3.13.0-93-generic #140~precise1-Ubuntu SMP Tue Jul 19 19:55:11 UTC 2016 x86_64
libc:glibc 2.15 NPTL 2.15 
rlimit: STACK 8192k, CORE 0k, NPROC 22873, NOFILE 4096, AS infinity
load average:9.33 5.53 3.54

/proc/meminfo:
MemTotal:        2948840 kB
MemFree:          186056 kB
Buffers:           14732 kB
Cached:           435016 kB
SwapCached:        49600 kB
Active:          1986520 kB
Inactive:         614144 kB
Active(anon):    1833848 kB
Inactive(anon):   475220 kB
Active(file):     152672 kB
Inactive(file):   138924 kB
Unevictable:           0 kB
Mlocked:               0 kB
SwapTotal:       3008508 kB
SwapFree:        2761988 kB
Dirty:              9108 kB
Writeback:             0 kB
AnonPages:       2131336 kB
Mapped:           123416 kB
Shmem:            158184 kB
Slab:              72544 kB
SReclaimable:      44352 kB
SUnreclaim:        28192 kB
KernelStack:        4624 kB
PageTables:        35024 kB
NFS_Unstable:          0 kB
Bounce:                0 kB
WritebackTmp:          0 kB
CommitLimit:     4482928 kB
Committed_AS:    5473588 kB
VmallocTotal:   34359738367 kB
VmallocUsed:      346432 kB
VmallocChunk:   34359383644 kB
HardwareCorrupted:     0 kB
AnonHugePages:    862208 kB
HugePages_Total:       0
HugePages_Free:        0
HugePages_Rsvd:        0
HugePages_Surp:        0
Hugepagesize:       2048 kB
DirectMap4k:       65924 kB
DirectMap2M:     2945024 kB


CPU:total 2 (2 cores per cpu, 1 threads per core) family 6 model 15 stepping 13, cmov, cx8, fxsr, mmx, sse, sse2, sse3, ssse3, tsc

/proc/cpuinfo:
processor	: 0
vendor_id	: GenuineIntel
cpu family	: 6
model		: 15
model name	: Genuine Intel(R) CPU           T1600  @ 1.66GHz
stepping	: 13
microcode	: 0xa3
cpu MHz		: 1662.521
cache size	: 1024 KB
physical id	: 0
siblings	: 2
core id		: 0
cpu cores	: 2
apicid		: 0
initial apicid	: 0
fpu		: yes
fpu_exception	: yes
cpuid level	: 10
wp		: yes
flags		: fpu vme de pse tsc msr pae mce cx8 apic sep mtrr pge mca cmov pat pse36 clflush dts acpi mmx fxsr sse sse2 ss ht tm pbe syscall nx lm constant_tsc arch_perfmon pebs bts rep_good nopl aperfmperf pni dtes64 monitor ds_cpl tm2 ssse3 cx16 xtpr pdcm lahf_lm dtherm
bogomips	: 3325.04
clflush size	: 64
cache_alignment	: 64
address sizes	: 36 bits physical, 48 bits virtual
power management:

processor	: 1
vendor_id	: GenuineIntel
cpu family	: 6
model		: 15
model name	: Genuine Intel(R) CPU           T1600  @ 1.66GHz
stepping	: 13
microcode	: 0xa3
cpu MHz		: 1662.521
cache size	: 1024 KB
physical id	: 0
siblings	: 2
core id		: 1
cpu cores	: 2
apicid		: 1
initial apicid	: 1
fpu		: yes
fpu_exception	: yes
cpuid level	: 10
wp		: yes
flags		: fpu vme de pse tsc msr pae mce cx8 apic sep mtrr pge mca cmov pat pse36 clflush dts acpi mmx fxsr sse sse2 ss ht tm pbe syscall nx lm constant_tsc arch_perfmon pebs bts rep_good nopl aperfmperf pni dtes64 monitor ds_cpl tm2 ssse3 cx16 xtpr pdcm lahf_lm dtherm
bogomips	: 3325.04
clflush size	: 64
cache_alignment	: 64
address sizes	: 36 bits physical, 48 bits virtual
power management:



Memory: 4k page, physical 2948840k(186056k free), swap 3008508k(2761988k free)

vm_info: Java HotSpot(TM) 64-Bit Server VM (25.101-b13) for linux-amd64 JRE (1.8.0_101-b13), built on Jun 22 2016 02:59:44 by "java_re" with gcc 4.3.0 20080428 (Red Hat 4.3.0-8)

time: Mon Aug 29 23:22:57 2016
elapsed time: 1 seconds (0d 0h 0m 1s)

