#
# A fatal error has been detected by the Java Runtime Environment:
#
#  SIGSEGV (0xb) at pc=0x00007f076f57839d, pid=15140, tid=0x00007f0756315700
#
# JRE version: Java(TM) SE Runtime Environment (8.0_101-b13) (build 1.8.0_101-b13)
# Java VM: Java HotSpot(TM) 64-Bit Server VM (25.101-b13 mixed mode linux-amd64 compressed oops)
# Problematic frame:
# V  [libjvm.so+0x3c439d]  LinearScanWalker::alloc_free_reg(Interval*)+0x25d
#
# Failed to write core dump. Core dumps have been disabled. To enable core dumping, try "ulimit -c unlimited" before starting Java again
#
# If you would like to submit a bug report, please visit:
#   http://bugreport.java.com/bugreport/crash.jsp
#

---------------  T H R E A D  ---------------

Current thread (0x00007f07680b7800):  JavaThread "C1 CompilerThread1" daemon [_thread_in_native, id=15153, stack(0x00007f0756215000,0x00007f0756316000)]

siginfo: si_signo: 11 (SIGSEGV), si_code: 1 (SEGV_MAPERR), si_addr: 0x000000000004003c

Registers:
RAX=0x0000000000040000, RBX=0x00007f0756313cb0, RCX=0x0000000000000000, RDX=0x0000000000000000
RSP=0x00007f07563137c0, RBP=0x00007f0756313810, RSI=0x000000000000000a, RDI=0x00007f0756313cb0
R8 =0x00007f07301bdb90, R9 =0x00000000ffffffff, R10=0x00000000000002b4, R11=0x00007f07300c1b60
R12=0x00007f073c011f80, R13=0x00007f0756313cb0, R14=0x00007f07301c5100, R15=0x00007f0756313cb0
RIP=0x00007f076f57839d, EFLAGS=0x0000000000010206, CSGSFS=0x0000000000000033, ERR=0x0000000000000004
  TRAPNO=0x000000000000000e

Top of Stack: (sp=0x00007f07563137c0)
0x00007f07563137c0:   00007f07563137e0 00007f076fb62280
0x00007f07563137d0:   00007f0756313810 00007f076f56fd4a
0x00007f07563137e0:   00007f0756313810 00007f07301c5100
0x00007f07563137f0:   00007f0756313cb0 00007f0756313cb0
0x00007f0756313800:   00007f07300f6e20 00007f0756313cb0
0x00007f0756313810:   00007f0756313840 00007f076f57e24d
0x00007f0756313820:   00007f0756313cb0 000000000000006a
0x00007f0756313830:   00007f0756313cb0 000000007fffffff
0x00007f0756313840:   00007f0756313870 00007f076f571f6f
0x00007f0756313850:   00007f0756313870 00007f07301c8770
0x00007f0756313860:   00007f0756313f98 00007f0756313f98
0x00007f0756313870:   00007f0756314130 00007f076f57f459
0x00007f0756313880:   00007f073015c620 00007f073015c620
0x00007f0756313890:   000000000132d00b 00007f07300a2d80
0x00007f07563138a0:   00007f0756313940 00007f076f565939
0x00007f07563138b0:   00007f07300c6730 00007f0756314170
0x00007f07563138c0:   00007f073015c620 00007f076810b500
0x00007f07563138d0:   ffffffffffffffff 00007f076f50e490
0x00007f07563138e0:   000000000133100b 0000000000000000
0x00007f07563138f0:   00007f0756313930 00007f076f56357d
0x00007f0756313900:   ffffffffffffffff 000000000133100b
0x00007f0756313910:   00007f0756314170 000000000133100b
0x00007f0756313920:   00007f0756314170 0000000000000078
0x00007f0756313930:   00007f0756313970 00007f076f537a9a
0x00007f0756313940:   ffffffffffffffff 00007f073015ce70
0x00007f0756313950:   00007f07563139c0 ffffffffffffffff
0x00007f0756313960:   00007f0756314170 00007f07300a3150
0x00007f0756313970:   00007f0756313a20 00007f076f565ad3
0x00007f0756313980:   00007f07563139a0 000000000133100b
0x00007f0756313990:   00007f07300c7b50 00007f0756314170
0x00007f07563139a0:   00007f073015ce70 0000000000000000
0x00007f07563139b0:   ffffffffffffffff 00007f076f4a7ed8 

Instructions: (pc=0x00007f076f57839d)
0x00007f076f57837d:   00 00 4d 8b 64 24 30 4c 3b 25 95 30 be 00 0f 85
0x00007f076f57838d:   67 ff ff ff 49 8b 86 90 00 00 00 48 85 c0 74 1e
0x00007f076f57839d:   44 8b 48 3c 45 85 c9 78 0a 41 83 f9 27 0f 8e 30
0x00007f076f5783ad:   01 00 00 8b 48 60 85 c9 0f 8f fe 00 00 00 41 b9 

Register to memory mapping:

RAX=0x0000000000040000 is an unknown value
RBX=0x00007f0756313cb0 is pointing into the stack for thread: 0x00007f07680b7800
RCX=0x0000000000000000 is an unknown value
RDX=0x0000000000000000 is an unknown value
RSP=0x00007f07563137c0 is pointing into the stack for thread: 0x00007f07680b7800
RBP=0x00007f0756313810 is pointing into the stack for thread: 0x00007f07680b7800
RSI=0x000000000000000a is an unknown value
RDI=0x00007f0756313cb0 is pointing into the stack for thread: 0x00007f07680b7800
R8 =0x00007f07301bdb90 is an unknown value
R9 =0x00000000ffffffff is an unallocated location in the heap
R10=0x00000000000002b4 is an unknown value
R11=0x00007f07300c1b60 is an unknown value
R12=0x00007f073c011f80 is an unknown value
R13=0x00007f0756313cb0 is pointing into the stack for thread: 0x00007f07680b7800
R14=0x00007f07301c5100 is an unknown value
R15=0x00007f0756313cb0 is pointing into the stack for thread: 0x00007f07680b7800


Stack: [0x00007f0756215000,0x00007f0756316000],  sp=0x00007f07563137c0,  free space=1017k
Native frames: (J=compiled Java code, j=interpreted, Vv=VM code, C=native code)
V  [libjvm.so+0x3c439d]  LinearScanWalker::alloc_free_reg(Interval*)+0x25d
V  [libjvm.so+0x3ca24d]  LinearScanWalker::activate_current()+0x1bd
V  [libjvm.so+0x3bdf6f]  IntervalWalker::walk_to(int)+0x6f
V  [libjvm.so+0x3cb459]  LinearScan::allocate_registers()+0x1a9
V  [libjvm.so+0x3cb58a]  LinearScan::do_linear_scan()+0x5a
V  [libjvm.so+0x358972]  Compilation::emit_lir()+0x252
V  [libjvm.so+0x35987b]  Compilation::compile_java_method()+0xdb
V  [libjvm.so+0x35993e]  Compilation::compile_method()+0x4e
V  [libjvm.so+0x359cae]  Compilation::Compilation(AbstractCompiler*, ciEnv*, ciMethod*, int, BufferBlob*)+0x25e
V  [libjvm.so+0x35aa59]  Compiler::compile_method(ciEnv*, ciMethod*, int)+0xa9
V  [libjvm.so+0x4af61a]  CompileBroker::invoke_compiler_on_method(CompileTask*)+0xc9a
V  [libjvm.so+0x4b05c6]  CompileBroker::compiler_thread_loop()+0x5d6
V  [libjvm.so+0xa7343f]  JavaThread::thread_main_inner()+0xdf
V  [libjvm.so+0xa7356c]  JavaThread::run()+0x11c
V  [libjvm.so+0x924698]  java_start(Thread*)+0x108
C  [libpthread.so.0+0x7e9a]  start_thread+0xda


Current CompileTask:
C1:   4262  275       3       java.util.zip.ZipEntry::setExtra0 (360 bytes)


---------------  P R O C E S S  ---------------

Java Threads: ( => current thread )
  0x00007f0768150800 JavaThread "pool-1-thread-4" [_thread_in_vm, id=15160, stack(0x00007f0755b0e000,0x00007f0755c0f000)]
  0x00007f076814c800 JavaThread "pool-1-thread-3" [_thread_blocked, id=15159, stack(0x00007f0755c0f000,0x00007f0755d10000)]
  0x00007f076814b000 JavaThread "pool-1-thread-2" [_thread_blocked, id=15158, stack(0x00007f0755d10000,0x00007f0755e11000)]
  0x00007f0768148000 JavaThread "pool-2-thread-1" [_thread_blocked, id=15157, stack(0x00007f0755e11000,0x00007f0755f12000)]
  0x00007f0768146000 JavaThread "pool-1-thread-1" [_thread_blocked, id=15156, stack(0x00007f0755f12000,0x00007f0756013000)]
  0x00007f07680ba000 JavaThread "Service Thread" daemon [_thread_blocked, id=15154, stack(0x00007f0756114000,0x00007f0756215000)]
=>0x00007f07680b7800 JavaThread "C1 CompilerThread1" daemon [_thread_in_native, id=15153, stack(0x00007f0756215000,0x00007f0756316000)]
  0x00007f07680b4800 JavaThread "C2 CompilerThread0" daemon [_thread_blocked, id=15152, stack(0x00007f0756316000,0x00007f0756417000)]
  0x00007f07680b3000 JavaThread "Signal Dispatcher" daemon [_thread_blocked, id=15151, stack(0x00007f0756417000,0x00007f0756518000)]
  0x00007f0768080000 JavaThread "Finalizer" daemon [_thread_blocked, id=15150, stack(0x00007f0756bfc000,0x00007f0756cfd000)]
  0x00007f076807b800 JavaThread "Reference Handler" daemon [_thread_blocked, id=15149, stack(0x00007f0756cfd000,0x00007f0756dfe000)]
  0x00007f076800a000 JavaThread "main" [_thread_in_Java, id=15144, stack(0x00007f0770c99000,0x00007f0770d9a000)]

Other Threads:
  0x00007f0768073800 VMThread [stack: 0x00007f0756dfe000,0x00007f0756eff000] [id=15148]
  0x00007f07680bd000 WatcherThread [stack: 0x00007f0756013000,0x00007f0756114000] [id=15155]

VM state:not at safepoint (normal execution)

VM Mutex/Monitor currently owned by a thread: None

Heap:
 PSYoungGen      total 13824K, used 9478K [0x00000000eab00000, 0x00000000eba00000, 0x0000000100000000)
  eden space 12288K, 77% used [0x00000000eab00000,0x00000000eb441af0,0x00000000eb700000)
  from space 1536K, 0% used [0x00000000eb880000,0x00000000eb880000,0x00000000eba00000)
  to   space 1536K, 0% used [0x00000000eb700000,0x00000000eb700000,0x00000000eb880000)
 ParOldGen       total 31744K, used 0K [0x00000000c0000000, 0x00000000c1f00000, 0x00000000eab00000)
  object space 31744K, 0% used [0x00000000c0000000,0x00000000c0000000,0x00000000c1f00000)
 Metaspace       used 4745K, capacity 5872K, committed 6016K, reserved 1056768K
  class space    used 521K, capacity 552K, committed 640K, reserved 1048576K

Card table byte_map: [0x00007f076d85e000,0x00007f076da5f000] byte_map_base: 0x00007f076d25e000

Marking Bits: (ParMarkBitMap*) 0x00007f0770175120
 Begin Bits: [0x00007f0757000000, 0x00007f0758000000)
 End Bits:   [0x00007f0758000000, 0x00007f0759000000)

Polling page: 0x00007f0770db6000

CodeCache: size=245760Kb used=1679Kb max_used=1690Kb free=244080Kb
 bounds [0x00007f0759000000, 0x00007f0759270000, 0x00007f0768000000]
 total_blobs=535 nmethods=273 adapters=178
 compilation: enabled

Compilation events (10 events):
Event: 4.067 Thread 0x00007f07680b7800 nmethod 264 0x00007f07591a2550 code [0x00007f07591a26c0, 0x00007f07591a2868]
Event: 4.067 Thread 0x00007f07680b7800  266       1       com.android.dx.cf.direct.MemberListParser::getDefiner (5 bytes)
Event: 4.067 Thread 0x00007f07680b7800 nmethod 266 0x00007f07591a2910 code [0x00007f07591a2a60, 0x00007f07591a2b70]
Event: 4.067 Thread 0x00007f07680b7800  251       3       java.lang.ClassLoader::loadClass (7 bytes)
Event: 4.067 Thread 0x00007f07680b7800 nmethod 251 0x00007f07591a2bd0 code [0x00007f07591a2d40, 0x00007f07591a2f48]
Event: 4.099 Thread 0x00007f07680b7800  274       3       java.util.zip.ZipEntry::<init> (43 bytes)
Event: 4.100 Thread 0x00007f07680b7800 nmethod 274 0x00007f07591a3610 code [0x00007f07591a3780, 0x00007f07591a3990]
Event: 4.100 Thread 0x00007f07680b7800  275       3       java.util.zip.ZipEntry::setExtra0 (360 bytes)
Event: 4.107 Thread 0x00007f07680b4800 nmethod 257 0x00007f07591a3a50 code [0x00007f07591a3d00, 0x00007f07591a4610]
Event: 4.107 Thread 0x00007f07680b4800  269       4       java.lang.String::indexOf (70 bytes)

GC Heap History (0 events):
No events

Deoptimization events (1 events):
Event: 3.656 Thread 0x00007f076800a000 Uncommon trap: reason=unstable_if action=reinterpret pc=0x00007f0759156450 method=java.lang.String.indexOf(II)I @ 49

Internal exceptions (2 events):
Event: 0.373 Thread 0x00007f076800a000 Exception <a 'java/lang/NoSuchMethodError': Method sun.misc.Unsafe.defineClass(Ljava/lang/String;[BII)Ljava/lang/Class; name or signature does not match> (0x00000000eab07cc0) thrown at [/HUDSON3/workspace/8-2-build-linux-amd64/jdk8u101/7261/hotspot/src/sh
Event: 0.373 Thread 0x00007f076800a000 Exception <a 'java/lang/NoSuchMethodError': Method sun.misc.Unsafe.prefetchRead(Ljava/lang/Object;J)V name or signature does not match> (0x00000000eab07fa8) thrown at [/HUDSON3/workspace/8-2-build-linux-amd64/jdk8u101/7261/hotspot/src/share/vm/prims/jni.c

Events (10 events):
Event: 4.140 loading class java/lang/Class$4
Event: 4.140 loading class java/lang/Class$4 done
Event: 4.142 loading class sun/reflect/NativeMethodAccessorImpl
Event: 4.142 loading class sun/reflect/NativeMethodAccessorImpl done
Event: 4.142 loading class sun/reflect/DelegatingMethodAccessorImpl
Event: 4.142 loading class sun/reflect/DelegatingMethodAccessorImpl done
Event: 4.143 loading class java/util/RegularEnumSet
Event: 4.143 loading class java/util/RegularEnumSet done
Event: 4.143 loading class com/android/dx/ssa/SsaConverter
Event: 4.143 loading class com/android/dx/ssa/SsaConverter done


Dynamic libraries:
00400000-00401000 r-xp 00000000 08:01 3279757                            /usr/lib/jvm/java-8-oracle/bin/java
00600000-00601000 rw-p 00000000 08:01 3279757                            /usr/lib/jvm/java-8-oracle/bin/java
01d12000-01d33000 rw-p 00000000 00:00 0                                  [heap]
c0000000-c1f00000 rw-p 00000000 00:00 0 
c1f00000-eab00000 ---p 00000000 00:00 0 
eab00000-eba00000 rw-p 00000000 00:00 0 
eba00000-100000000 ---p 00000000 00:00 0 
100000000-1000a0000 rw-p 00000000 00:00 0 
1000a0000-140000000 ---p 00000000 00:00 0 
7f0718000000-7f0718021000 rw-p 00000000 00:00 0 
7f0718021000-7f071c000000 ---p 00000000 00:00 0 
7f0720000000-7f0720021000 rw-p 00000000 00:00 0 
7f0720021000-7f0724000000 ---p 00000000 00:00 0 
7f0724000000-7f0724023000 rw-p 00000000 00:00 0 
7f0724023000-7f0728000000 ---p 00000000 00:00 0 
7f0728000000-7f0728021000 rw-p 00000000 00:00 0 
7f0728021000-7f072c000000 ---p 00000000 00:00 0 
7f072c000000-7f072c030000 rw-p 00000000 00:00 0 
7f072c030000-7f0730000000 ---p 00000000 00:00 0 
7f0730000000-7f0730462000 rw-p 00000000 00:00 0 
7f0730462000-7f0734000000 ---p 00000000 00:00 0 
7f0734000000-7f0734021000 rw-p 00000000 00:00 0 
7f0734021000-7f0738000000 ---p 00000000 00:00 0 
7f0738000000-7f0738021000 rw-p 00000000 00:00 0 
7f0738021000-7f073c000000 ---p 00000000 00:00 0 
7f073c000000-7f073c084000 rw-p 00000000 00:00 0 
7f073c084000-7f0740000000 ---p 00000000 00:00 0 
7f0740000000-7f0740021000 rw-p 00000000 00:00 0 
7f0740021000-7f0744000000 ---p 00000000 00:00 0 
7f0744000000-7f0744021000 rw-p 00000000 00:00 0 
7f0744021000-7f0748000000 ---p 00000000 00:00 0 
7f0748000000-7f0748021000 rw-p 00000000 00:00 0 
7f0748021000-7f074c000000 ---p 00000000 00:00 0 
7f074c000000-7f074c021000 rw-p 00000000 00:00 0 
7f074c021000-7f0750000000 ---p 00000000 00:00 0 
7f0750000000-7f0750021000 rw-p 00000000 00:00 0 
7f0750021000-7f0754000000 ---p 00000000 00:00 0 
7f0755b0e000-7f0755b11000 ---p 00000000 00:00 0 
7f0755b11000-7f0755c0f000 rw-p 00000000 00:00 0                          [stack:15160]
7f0755c0f000-7f0755c12000 ---p 00000000 00:00 0 
7f0755c12000-7f0755d10000 rw-p 00000000 00:00 0                          [stack:15159]
7f0755d10000-7f0755d13000 ---p 00000000 00:00 0 
7f0755d13000-7f0755e11000 rw-p 00000000 00:00 0                          [stack:15158]
7f0755e11000-7f0755e14000 ---p 00000000 00:00 0 
7f0755e14000-7f0755f12000 rw-p 00000000 00:00 0                          [stack:15157]
7f0755f12000-7f0755f15000 ---p 00000000 00:00 0 
7f0755f15000-7f0756013000 rw-p 00000000 00:00 0                          [stack:15156]
7f0756013000-7f0756014000 ---p 00000000 00:00 0 
7f0756014000-7f0756114000 rw-p 00000000 00:00 0                          [stack:15155]
7f0756114000-7f0756117000 ---p 00000000 00:00 0 
7f0756117000-7f0756215000 rw-p 00000000 00:00 0                          [stack:15154]
7f0756215000-7f0756218000 ---p 00000000 00:00 0 
7f0756218000-7f0756316000 rw-p 00000000 00:00 0                          [stack:15153]
7f0756316000-7f0756319000 ---p 00000000 00:00 0 
7f0756319000-7f0756417000 rw-p 00000000 00:00 0                          [stack:15152]
7f0756417000-7f075641a000 ---p 00000000 00:00 0 
7f075641a000-7f0756518000 rw-p 00000000 00:00 0                          [stack:15151]
7f0756518000-7f0756bfc000 r--p 00000000 08:01 13113697                   /usr/lib/locale/locale-archive
7f0756bfc000-7f0756bff000 ---p 00000000 00:00 0 
7f0756bff000-7f0756cfd000 rw-p 00000000 00:00 0                          [stack:15150]
7f0756cfd000-7f0756d00000 ---p 00000000 00:00 0 
7f0756d00000-7f0756dfe000 rw-p 00000000 00:00 0                          [stack:15149]
7f0756dfe000-7f0756dff000 ---p 00000000 00:00 0 
7f0756dff000-7f0759000000 rw-p 00000000 00:00 0                          [stack:15148]
7f0759000000-7f0759270000 rwxp 00000000 00:00 0 
7f0759270000-7f0768000000 ---p 00000000 00:00 0 
7f0768000000-7f0768386000 rw-p 00000000 00:00 0 
7f0768386000-7f076c000000 ---p 00000000 00:00 0 
7f076c03e000-7f076c8b7000 rw-p 00000000 00:00 0 
7f076c8b7000-7f076ca90000 r--s 03d29000 08:01 13118676                   /usr/lib/jvm/java-8-oracle/jre/lib/rt.jar
7f076ca90000-7f076d046000 rw-p 00000000 00:00 0 
7f076d046000-7f076d306000 ---p 00000000 00:00 0 
7f076d306000-7f076d506000 rw-p 00000000 00:00 0 
7f076d506000-7f076d507000 ---p 00000000 00:00 0 
7f076d507000-7f076d607000 rw-p 00000000 00:00 0                          [stack:15146]
7f076d607000-7f076d608000 ---p 00000000 00:00 0 
7f076d608000-7f076d718000 rw-p 00000000 00:00 0                          [stack:15145]
7f076d718000-7f076d85e000 ---p 00000000 00:00 0 
7f076d85e000-7f076d86e000 rw-p 00000000 00:00 0 
7f076d86e000-7f076d9b3000 ---p 00000000 00:00 0 
7f076d9b3000-7f076d9bb000 rw-p 00000000 00:00 0 
7f076d9bb000-7f076da5e000 ---p 00000000 00:00 0 
7f076da5e000-7f076da69000 rw-p 00000000 00:00 0 
7f076da69000-7f076de1f000 ---p 00000000 00:00 0 
7f076de1f000-7f076de39000 r-xp 00000000 08:01 13766358                   /usr/lib/jvm/java-8-oracle/jre/lib/amd64/libzip.so
7f076de39000-7f076e039000 ---p 0001a000 08:01 13766358                   /usr/lib/jvm/java-8-oracle/jre/lib/amd64/libzip.so
7f076e039000-7f076e03a000 rw-p 0001a000 08:01 13766358                   /usr/lib/jvm/java-8-oracle/jre/lib/amd64/libzip.so
7f076e03a000-7f076e045000 r-xp 00000000 08:01 2621673                    /lib/x86_64-linux-gnu/libnss_files-2.15.so
7f076e045000-7f076e244000 ---p 0000b000 08:01 2621673                    /lib/x86_64-linux-gnu/libnss_files-2.15.so
7f076e244000-7f076e245000 r--p 0000a000 08:01 2621673                    /lib/x86_64-linux-gnu/libnss_files-2.15.so
7f076e245000-7f076e246000 rw-p 0000b000 08:01 2621673                    /lib/x86_64-linux-gnu/libnss_files-2.15.so
7f076e246000-7f076e250000 r-xp 00000000 08:01 2621658                    /lib/x86_64-linux-gnu/libnss_nis-2.15.so
7f076e250000-7f076e450000 ---p 0000a000 08:01 2621658                    /lib/x86_64-linux-gnu/libnss_nis-2.15.so
7f076e450000-7f076e451000 r--p 0000a000 08:01 2621658                    /lib/x86_64-linux-gnu/libnss_nis-2.15.so
7f076e451000-7f076e452000 rw-p 0000b000 08:01 2621658                    /lib/x86_64-linux-gnu/libnss_nis-2.15.so
7f076e452000-7f076e469000 r-xp 00000000 08:01 2621667                    /lib/x86_64-linux-gnu/libnsl-2.15.so
7f076e469000-7f076e668000 ---p 00017000 08:01 2621667                    /lib/x86_64-linux-gnu/libnsl-2.15.so
7f076e668000-7f076e669000 r--p 00016000 08:01 2621667                    /lib/x86_64-linux-gnu/libnsl-2.15.so
7f076e669000-7f076e66a000 rw-p 00017000 08:01 2621667                    /lib/x86_64-linux-gnu/libnsl-2.15.so
7f076e66a000-7f076e66c000 rw-p 00000000 00:00 0 
7f076e66c000-7f076e674000 r-xp 00000000 08:01 2621672                    /lib/x86_64-linux-gnu/libnss_compat-2.15.so
7f076e674000-7f076e873000 ---p 00008000 08:01 2621672                    /lib/x86_64-linux-gnu/libnss_compat-2.15.so
7f076e873000-7f076e874000 r--p 00007000 08:01 2621672                    /lib/x86_64-linux-gnu/libnss_compat-2.15.so
7f076e874000-7f076e875000 rw-p 00008000 08:01 2621672                    /lib/x86_64-linux-gnu/libnss_compat-2.15.so
7f076e875000-7f076e89f000 r-xp 00000000 08:01 13766323                   /usr/lib/jvm/java-8-oracle/jre/lib/amd64/libjava.so
7f076e89f000-7f076ea9f000 ---p 0002a000 08:01 13766323                   /usr/lib/jvm/java-8-oracle/jre/lib/amd64/libjava.so
7f076ea9f000-7f076eaa1000 rw-p 0002a000 08:01 13766323                   /usr/lib/jvm/java-8-oracle/jre/lib/amd64/libjava.so
7f076eaa1000-7f076eaae000 r-xp 00000000 08:01 13766361                   /usr/lib/jvm/java-8-oracle/jre/lib/amd64/libverify.so
7f076eaae000-7f076ecae000 ---p 0000d000 08:01 13766361                   /usr/lib/jvm/java-8-oracle/jre/lib/amd64/libverify.so
7f076ecae000-7f076ecb0000 rw-p 0000d000 08:01 13766361                   /usr/lib/jvm/java-8-oracle/jre/lib/amd64/libverify.so
7f076ecb0000-7f076ecb7000 r-xp 00000000 08:01 2621660                    /lib/x86_64-linux-gnu/librt-2.15.so
7f076ecb7000-7f076eeb6000 ---p 00007000 08:01 2621660                    /lib/x86_64-linux-gnu/librt-2.15.so
7f076eeb6000-7f076eeb7000 r--p 00006000 08:01 2621660                    /lib/x86_64-linux-gnu/librt-2.15.so
7f076eeb7000-7f076eeb8000 rw-p 00007000 08:01 2621660                    /lib/x86_64-linux-gnu/librt-2.15.so
7f076eeb8000-7f076efb3000 r-xp 00000000 08:01 2621674                    /lib/x86_64-linux-gnu/libm-2.15.so
7f076efb3000-7f076f1b2000 ---p 000fb000 08:01 2621674                    /lib/x86_64-linux-gnu/libm-2.15.so
7f076f1b2000-7f076f1b3000 r--p 000fa000 08:01 2621674                    /lib/x86_64-linux-gnu/libm-2.15.so
7f076f1b3000-7f076f1b4000 rw-p 000fb000 08:01 2621674                    /lib/x86_64-linux-gnu/libm-2.15.so
7f076f1b4000-7f076fe7f000 r-xp 00000000 08:01 13894575                   /usr/lib/jvm/java-8-oracle/jre/lib/amd64/server/libjvm.so
7f076fe7f000-7f077007e000 ---p 00ccb000 08:01 13894575                   /usr/lib/jvm/java-8-oracle/jre/lib/amd64/server/libjvm.so
7f077007e000-7f0770157000 rw-p 00cca000 08:01 13894575                   /usr/lib/jvm/java-8-oracle/jre/lib/amd64/server/libjvm.so
7f0770157000-7f07701a2000 rw-p 00000000 00:00 0 
7f07701a2000-7f0770356000 r-xp 00000000 08:01 2621665                    /lib/x86_64-linux-gnu/libc-2.15.so
7f0770356000-7f0770555000 ---p 001b4000 08:01 2621665                    /lib/x86_64-linux-gnu/libc-2.15.so
7f0770555000-7f0770559000 r--p 001b3000 08:01 2621665                    /lib/x86_64-linux-gnu/libc-2.15.so
7f0770559000-7f077055b000 rw-p 001b7000 08:01 2621665                    /lib/x86_64-linux-gnu/libc-2.15.so
7f077055b000-7f0770560000 rw-p 00000000 00:00 0 
7f0770560000-7f0770562000 r-xp 00000000 08:01 2621657                    /lib/x86_64-linux-gnu/libdl-2.15.so
7f0770562000-7f0770762000 ---p 00002000 08:01 2621657                    /lib/x86_64-linux-gnu/libdl-2.15.so
7f0770762000-7f0770763000 r--p 00002000 08:01 2621657                    /lib/x86_64-linux-gnu/libdl-2.15.so
7f0770763000-7f0770764000 rw-p 00003000 08:01 2621657                    /lib/x86_64-linux-gnu/libdl-2.15.so
7f0770764000-7f0770779000 r-xp 00000000 08:01 2627921                    /usr/lib/jvm/java-8-oracle/lib/amd64/jli/libjli.so
7f0770779000-7f0770979000 ---p 00015000 08:01 2627921                    /usr/lib/jvm/java-8-oracle/lib/amd64/jli/libjli.so
7f0770979000-7f077097a000 rw-p 00015000 08:01 2627921                    /usr/lib/jvm/java-8-oracle/lib/amd64/jli/libjli.so
7f077097a000-7f0770992000 r-xp 00000000 08:01 2621668                    /lib/x86_64-linux-gnu/libpthread-2.15.so
7f0770992000-7f0770b91000 ---p 00018000 08:01 2621668                    /lib/x86_64-linux-gnu/libpthread-2.15.so
7f0770b91000-7f0770b92000 r--p 00017000 08:01 2621668                    /lib/x86_64-linux-gnu/libpthread-2.15.so
7f0770b92000-7f0770b93000 rw-p 00018000 08:01 2621668                    /lib/x86_64-linux-gnu/libpthread-2.15.so
7f0770b93000-7f0770b97000 rw-p 00000000 00:00 0 
7f0770b97000-7f0770bb9000 r-xp 00000000 08:01 2621671                    /lib/x86_64-linux-gnu/ld-2.15.so
7f0770bb9000-7f0770bba000 rw-p 00000000 00:00 0 
7f0770bba000-7f0770bc0000 r--s 00048000 08:01 10753492                   /home/lin/other/AndroidProjects/Radio/app/build/intermediates/exploded-aar/com.code-troopers.betterpickers/library/3.0.0/jars/classes.jar
7f0770bc0000-7f0770c99000 rw-p 00000000 00:00 0 
7f0770c99000-7f0770c9c000 ---p 00000000 00:00 0 
7f0770c9c000-7f0770d9e000 rw-p 00000000 00:00 0                          [stack:15144]
7f0770d9e000-7f0770dad000 r--s 000df000 08:01 11274850                   /root/Android/Sdk/build-tools/23.0.3/lib/dx.jar
7f0770dad000-7f0770db5000 rw-s 00000000 08:01 4850501                    /tmp/hsperfdata_root/15140
7f0770db5000-7f0770db6000 rw-p 00000000 00:00 0 
7f0770db6000-7f0770db7000 r--p 00000000 00:00 0 
7f0770db7000-7f0770db9000 rw-p 00000000 00:00 0 
7f0770db9000-7f0770dba000 r--p 00022000 08:01 2621671                    /lib/x86_64-linux-gnu/ld-2.15.so
7f0770dba000-7f0770dbc000 rw-p 00023000 08:01 2621671                    /lib/x86_64-linux-gnu/ld-2.15.so
7ffe864a7000-7ffe864c8000 rw-p 00000000 00:00 0                          [stack]
7ffe8650e000-7ffe86510000 r-xp 00000000 00:00 0                          [vdso]
ffffffffff600000-ffffffffff601000 r-xp 00000000 00:00 0                  [vsyscall]

VM Arguments:
jvm_args: -Djava.awt.headless=true -Xmx1024M -Dfile.encoding=UTF-8 -Duser.country=US -Duser.language=en -Duser.variant 
java_command: com.android.dx.command.Main --dex --num-threads=4 --output /home/lin/other/AndroidProjects/Radio/app/build/intermediates/pre-dexed/debug/com.code-troopers.betterpickers-library-3.0.0_de1491c5a7e4b879dd6a810e4d1a9e50ccac2e9a.jar /home/lin/other/AndroidProjects/Radio/app/build/intermediates/exploded-aar/com.code-troopers.betterpickers/library/3.0.0/jars/classes.jar
java_class_path (initial): /root/Android/Sdk/build-tools/23.0.3/lib/dx.jar
Launcher Type: SUN_STANDARD

Environment Variables:
PATH=/usr/local/sbin:/usr/local/bin:/usr/sbin:/usr/bin:/sbin:/bin
USERNAME=root
LD_LIBRARY_PATH=/opt/android-studio/bin:
SHELL=/bin/bash
DISPLAY=:0.0

Signal Handlers:
SIGSEGV: [libjvm.so+0xac4790], sa_mask[0]=11111111011111111101111111111110, sa_flags=SA_RESTART|SA_SIGINFO
SIGBUS: [libjvm.so+0xac4790], sa_mask[0]=11111111011111111101111111111110, sa_flags=SA_RESTART|SA_SIGINFO
SIGFPE: [libjvm.so+0x91f140], sa_mask[0]=11111111011111111101111111111110, sa_flags=SA_RESTART|SA_SIGINFO
SIGPIPE: [libjvm.so+0x91f140], sa_mask[0]=11111111011111111101111111111110, sa_flags=SA_RESTART|SA_SIGINFO
SIGXFSZ: [libjvm.so+0x91f140], sa_mask[0]=11111111011111111101111111111110, sa_flags=SA_RESTART|SA_SIGINFO
SIGILL: [libjvm.so+0x91f140], sa_mask[0]=11111111011111111101111111111110, sa_flags=SA_RESTART|SA_SIGINFO
SIGUSR1: SIG_DFL, sa_mask[0]=00000000000000000000000000000000, sa_flags=none
SIGUSR2: [libjvm.so+0x920770], sa_mask[0]=00100000000000000000000000000000, sa_flags=SA_RESTART|SA_SIGINFO
SIGHUP: [libjvm.so+0x921b70], sa_mask[0]=11111111011111111101111111111110, sa_flags=SA_RESTART|SA_SIGINFO
SIGINT: [libjvm.so+0x921b70], sa_mask[0]=11111111011111111101111111111110, sa_flags=SA_RESTART|SA_SIGINFO
SIGTERM: [libjvm.so+0x921b70], sa_mask[0]=11111111011111111101111111111110, sa_flags=SA_RESTART|SA_SIGINFO
SIGQUIT: [libjvm.so+0x921b70], sa_mask[0]=11111111011111111101111111111110, sa_flags=SA_RESTART|SA_SIGINFO


---------------  S Y S T E M  ---------------

OS:DISTRIB_ID=Ubuntu
DISTRIB_RELEASE=12.04
DISTRIB_CODENAME=precise
DISTRIB_DESCRIPTION="Ubuntu 12.04.5 LTS"

uname:Linux 3.13.0-95-generic #142~precise1-Ubuntu SMP Fri Aug 12 18:20:15 UTC 2016 x86_64
libc:glibc 2.15 NPTL 2.15 
rlimit: STACK 8192k, CORE 0k, NPROC 22873, NOFILE 4096, AS infinity
load average:10.12 5.24 3.15

/proc/meminfo:
MemTotal:        2948840 kB
MemFree:           99196 kB
Buffers:           25260 kB
Cached:           862936 kB
SwapCached:        45580 kB
Active:          1830288 kB
Inactive:         825760 kB
Active(anon):    1451732 kB
Inactive(anon):   491700 kB
Active(file):     378556 kB
Inactive(file):   334060 kB
Unevictable:           0 kB
Mlocked:               0 kB
SwapTotal:       3008508 kB
SwapFree:        2749732 kB
Dirty:             34956 kB
Writeback:             0 kB
AnonPages:       1754408 kB
Mapped:           236300 kB
Shmem:            175580 kB
Slab:             106216 kB
SReclaimable:      76640 kB
SUnreclaim:        29576 kB
KernelStack:        4664 kB
PageTables:        33300 kB
NFS_Unstable:          0 kB
Bounce:                0 kB
WritebackTmp:          0 kB
CommitLimit:     4482928 kB
Committed_AS:    4849544 kB
VmallocTotal:   34359738367 kB
VmallocUsed:      346464 kB
VmallocChunk:   34359383644 kB
HardwareCorrupted:     0 kB
AnonHugePages:    792576 kB
HugePages_Total:       0
HugePages_Free:        0
HugePages_Rsvd:        0
HugePages_Surp:        0
Hugepagesize:       2048 kB
DirectMap4k:       67972 kB
DirectMap2M:     2942976 kB


CPU:total 2 (2 cores per cpu, 1 threads per core) family 6 model 15 stepping 13, cmov, cx8, fxsr, mmx, sse, sse2, sse3, ssse3, tsc

/proc/cpuinfo:
processor	: 0
vendor_id	: GenuineIntel
cpu family	: 6
model		: 15
model name	: Genuine Intel(R) CPU           T1600  @ 1.66GHz
stepping	: 13
microcode	: 0xa3
cpu MHz		: 1662.438
cache size	: 1024 KB
physical id	: 0
siblings	: 2
core id		: 0
cpu cores	: 2
apicid		: 0
initial apicid	: 0
fpu		: yes
fpu_exception	: yes
cpuid level	: 10
wp		: yes
flags		: fpu vme de pse tsc msr pae mce cx8 apic sep mtrr pge mca cmov pat pse36 clflush dts acpi mmx fxsr sse sse2 ss ht tm pbe syscall nx lm constant_tsc arch_perfmon pebs bts rep_good nopl aperfmperf pni dtes64 monitor ds_cpl tm2 ssse3 cx16 xtpr pdcm lahf_lm dtherm
bogomips	: 3324.87
clflush size	: 64
cache_alignment	: 64
address sizes	: 36 bits physical, 48 bits virtual
power management:

processor	: 1
vendor_id	: GenuineIntel
cpu family	: 6
model		: 15
model name	: Genuine Intel(R) CPU           T1600  @ 1.66GHz
stepping	: 13
microcode	: 0xa3
cpu MHz		: 1662.438
cache size	: 1024 KB
physical id	: 0
siblings	: 2
core id		: 1
cpu cores	: 2
apicid		: 1
initial apicid	: 1
fpu		: yes
fpu_exception	: yes
cpuid level	: 10
wp		: yes
flags		: fpu vme de pse tsc msr pae mce cx8 apic sep mtrr pge mca cmov pat pse36 clflush dts acpi mmx fxsr sse sse2 ss ht tm pbe syscall nx lm constant_tsc arch_perfmon pebs bts rep_good nopl aperfmperf pni dtes64 monitor ds_cpl tm2 ssse3 cx16 xtpr pdcm lahf_lm dtherm
bogomips	: 3324.87
clflush size	: 64
cache_alignment	: 64
address sizes	: 36 bits physical, 48 bits virtual
power management:



Memory: 4k page, physical 2948840k(99196k free), swap 3008508k(2749732k free)

vm_info: Java HotSpot(TM) 64-Bit Server VM (25.101-b13) for linux-amd64 JRE (1.8.0_101-b13), built on Jun 22 2016 02:59:44 by "java_re" with gcc 4.3.0 20080428 (Red Hat 4.3.0-8)

time: Tue Sep 27 21:12:43 2016
elapsed time: 4 seconds (0d 0h 0m 4s)

