#
# A fatal error has been detected by the Java Runtime Environment:
#
#  SIGSEGV (0xb) at pc=0x00007f84910229e2, pid=18465, tid=0x00007f84a89bd700
#
# JRE version: Java(TM) SE Runtime Environment (8.0_101-b13) (build 1.8.0_101-b13)
# Java VM: Java HotSpot(TM) 64-Bit Server VM (25.101-b13 mixed mode linux-amd64 compressed oops)
# Problematic frame:
# j  com.android.dx.dex.file.ClassDefsSection.orderItems()V+45
#
# Failed to write core dump. Core dumps have been disabled. To enable core dumping, try "ulimit -c unlimited" before starting Java again
#
# If you would like to submit a bug report, please visit:
#   http://bugreport.java.com/bugreport/crash.jsp
#

---------------  T H R E A D  ---------------

Current thread (0x00007f84a000a000):  JavaThread "main" [_thread_in_Java, id=18469, stack(0x00007f84a88bd000,0x00007f84a89be000)]

siginfo: si_signo: 11 (SIGSEGV), si_code: 2 (SEGV_ACCERR), si_addr: 0x000000010026c220

Registers:
RAX=0x000000010006c1f0, RBX=0x000000010026c1f0, RCX=0x0000000000000030, RDX=0x00000000ee304c40
RSP=0x00007f84a89bc4a8, RBP=0x00007f84a89bc4e8, RSI=0x00007f84a89bc450, RDI=0x00000000ee407f58
R8 =0x00000000c07beb48, R9 =0x00000000000000b1, R10=0x00007f84a7d9fdc0, R11=0x00007f84912d1bc0
R12=0x0000000000000000, R13=0x00007f84a4b5753a, R14=0x00007f84a89bc518, R15=0x00007f84a000a000
RIP=0x00007f84910229e2, EFLAGS=0x0000000000010206, CSGSFS=0x0000000000000033, ERR=0x0000000000000004
  TRAPNO=0x000000000000000e

Top of Stack: (sp=0x00007f84a89bc4a8)
0x00007f84a89bc4a8:   00007f84a89bc4a8 00007f84a4b57535
0x00007f84a89bc4b8:   00007f84a89bc518 00007f84a4b577f0
0x00007f84a89bc4c8:   0000000000000000 00007f84a4b575a0
0x00007f84a89bc4d8:   0000000000000000 00007f84a89bc518
0x00007f84a89bc4e8:   00007f84a89bc560 00007f8491007ffd
0x00007f84a89bc4f8:   00000000ee2f76d0 00000000ec045f00
0x00007f84a89bc508:   00000000000000b1 000000000000014f
0x00007f84a89bc518:   00000000c0397ae8 00007f84a89bc520
0x00007f84a89bc528:   00007f84a4b4aa66 00007f84a89bc588
0x00007f84a89bc538:   00007f84a4b4b110 0000000000000000
0x00007f84a89bc548:   00007f84a4b4aad0 00007f84a89bc518
0x00007f84a89bc558:   00007f84a89bc588 00007f84a89bc5d0
0x00007f84a89bc568:   00007f8491007ffd 0000000000000000
0x00007f84a89bc578:   0000000000000000 00000000c0381430
0x00007f84a89bc588:   00000000c0397ae8 00007f84a89bc590
0x00007f84a89bc598:   00007f84a4b4362d 00007f84a89bc5e0
0x00007f84a89bc5a8:   00007f84a4b4add8 0000000000000000
0x00007f84a89bc5b8:   00007f84a4b43650 00007f84a89bc588
0x00007f84a89bc5c8:   00007f84a89bc5e0 00007f84a89bc628
0x00007f84a89bc5d8:   00007f8491007ffd 00000000c0397ae8
0x00007f84a89bc5e8:   00007f84a89bc5e8 00007f84a4b41fa4
0x00007f84a89bc5f8:   00007f84a89bc680 00007f84a4b49220
0x00007f84a89bc608:   0000000000000000 00007f84a4b422c8
0x00007f84a89bc618:   00007f84a89bc5e0 00007f84a89bc670
0x00007f84a89bc628:   00007f84a89bc6c8 00007f8491007d80
0x00007f84a89bc638:   0000000000000000 0000000000000000
0x00007f84a89bc648:   0000000000000000 0000000000000000
0x00007f84a89bc658:   0000000000000000 0000000000000000
0x00007f84a89bc668:   0000000000000000 0000000000000000
0x00007f84a89bc678:   0000000000000000 00000000c0381430
0x00007f84a89bc688:   00007f84a89bc688 00007f84a4b411d5
0x00007f84a89bc698:   00007f84a89bc6f8 00007f84a4b49220 

Instructions: (pc=0x00007f84910229e2)
0x00007f84910229c2:   89 59 10 bf 01 00 00 00 48 89 79 18 48 83 c1 30
0x00007f84910229d2:   48 89 4d e0 48 3b d8 0f 84 5b 00 00 00 8b 48 0c
0x00007f84910229e2:   48 3b 04 0b 0f 84 4e 00 00 00 83 f9 18 0f 85 22
0x00007f84910229f2:   00 00 00 50 48 8b c0 57 48 8b 7b 20 8b 0f 48 83 

Register to memory mapping:

RAX=0x000000010006c1f0 is pointing into metadata
RBX=0x000000010026c1f0 is an unknown value
RCX=0x0000000000000030 is an unknown value
RDX=0x00000000ee304c40 is an oop

[error occurred during error reporting (printing register info), id 0xb]

Stack: [0x00007f84a88bd000,0x00007f84a89be000],  sp=0x00007f84a89bc4a8,  free space=1021k
Native frames: (J=compiled Java code, j=interpreted, Vv=VM code, C=native code)
j  com.android.dx.dex.file.ClassDefsSection.orderItems()V+45
j  com.android.dx.dex.file.UniformItemSection.prepare0()V+6
j  com.android.dx.dex.file.Section.prepare()V+5
j  com.android.dx.dex.file.DexFile.toDex0(ZZ)Lcom/android/dx/util/ByteArrayAnnotatedOutput;+4
j  com.android.dx.dex.file.DexFile.toDex(Ljava/io/Writer;Z)[B+13
j  com.android.dx.command.dexer.Main.writeDex(Lcom/android/dx/dex/file/DexFile;)[B+44
j  com.android.dx.command.dexer.Main.runMonoDex()I+106
j  com.android.dx.command.dexer.Main.run(Lcom/android/dx/command/dexer/Main$Arguments;)I+76
j  com.android.dx.command.dexer.Main.main([Ljava/lang/String;)V+14
j  com.android.dx.command.Main.main([Ljava/lang/String;)V+61
v  ~StubRoutines::call_stub
V  [libjvm.so+0x68f6b6]  JavaCalls::call_helper(JavaValue*, methodHandle*, JavaCallArguments*, Thread*)+0x1056
V  [libjvm.so+0x6d0d42]  jni_invoke_static(JNIEnv_*, JavaValue*, _jobject*, JNICallType, _jmethodID*, JNI_ArgumentPusher*, Thread*)+0x362
V  [libjvm.so+0x6ed5aa]  jni_CallStaticVoidMethod+0x17a
C  [libjli.so+0x7bdf]  JavaMain+0x81f
C  [libpthread.so.0+0x7e9a]  start_thread+0xda


---------------  P R O C E S S  ---------------

Java Threads: ( => current thread )
  0x00007f84a00ba000 JavaThread "Service Thread" daemon [_thread_blocked, id=18480, stack(0x00007f848dd10000,0x00007f848de11000)]
  0x00007f84a00b7800 JavaThread "C1 CompilerThread1" daemon [_thread_in_native, id=18479, stack(0x00007f848de11000,0x00007f848df12000)]
  0x00007f84a00b4800 JavaThread "C2 CompilerThread0" daemon [_thread_in_vm, id=18478, stack(0x00007f848df12000,0x00007f848e013000)]
  0x00007f84a00b3000 JavaThread "Signal Dispatcher" daemon [_thread_blocked, id=18477, stack(0x00007f848e013000,0x00007f848e114000)]
  0x00007f84a0080000 JavaThread "Finalizer" daemon [_thread_blocked, id=18476, stack(0x00007f848e7f8000,0x00007f848e8f9000)]
  0x00007f84a007b800 JavaThread "Reference Handler" daemon [_thread_blocked, id=18475, stack(0x00007f848e8f9000,0x00007f848e9fa000)]
=>0x00007f84a000a000 JavaThread "main" [_thread_in_Java, id=18469, stack(0x00007f84a88bd000,0x00007f84a89be000)]

Other Threads:
  0x00007f84a0073800 VMThread [stack: 0x00007f848e9fa000,0x00007f848eafb000] [id=18474]
  0x00007f84a00bd800 WatcherThread [stack: 0x00007f848dc0f000,0x00007f848dd10000] [id=18481]

VM state:not at safepoint (normal execution)

VM Mutex/Monitor currently owned by a thread: None

Heap:
 PSYoungGen      total 54784K, used 27721K [0x00000000eab00000, 0x00000000ee800000, 0x0000000100000000)
  eden space 48640K, 45% used [0x00000000eab00000,0x00000000ec0be550,0x00000000eda80000)
  from space 6144K, 88% used [0x00000000ee100000,0x00000000ee654038,0x00000000ee700000)
  to   space 6656K, 0% used [0x00000000eda80000,0x00000000eda80000,0x00000000ee100000)
 ParOldGen       total 31744K, used 11073K [0x00000000c0000000, 0x00000000c1f00000, 0x00000000eab00000)
  object space 31744K, 34% used [0x00000000c0000000,0x00000000c0ad0700,0x00000000c1f00000)
 Metaspace       used 5943K, capacity 6896K, committed 7040K, reserved 1056768K
  class space    used 597K, capacity 616K, committed 640K, reserved 1048576K

Card table byte_map: [0x00007f84a5482000,0x00007f84a5683000] byte_map_base: 0x00007f84a4e82000

Marking Bits: (ParMarkBitMap*) 0x00007f84a7d99120
 Begin Bits: [0x00007f848f000000, 0x00007f8490000000)
 End Bits:   [0x00007f8490000000, 0x00007f8491000000)

Polling page: 0x00007f84a89da000

CodeCache: size=245760Kb used=4395Kb max_used=4395Kb free=241364Kb
 bounds [0x00007f8491000000, 0x00007f8491450000, 0x00007f84a0000000]
 total_blobs=1366 nmethods=1100 adapters=182
 compilation: enabled

Compilation events (10 events):
Event: 15.674 Thread 0x00007f84a00b7800 nmethod 1519 0x00007f849142f750 code [0x00007f849142f8c0, 0x00007f849142faa8]
Event: 15.674 Thread 0x00007f84a00b7800 1667       2       com.android.dx.dex.file.OffsettedItem::<init> (44 bytes)
Event: 15.674 Thread 0x00007f84a00b7800 nmethod 1667 0x00007f849143c8d0 code [0x00007f849143ca60, 0x00007f849143cd58]
Event: 15.675 Thread 0x00007f84a00b7800 1524       2       java.lang.Float::isNaN (12 bytes)
Event: 15.675 Thread 0x00007f84a00b7800 nmethod 1524 0x00007f8491439a50 code [0x00007f8491439ba0, 0x00007f8491439d10]
Event: 15.675 Thread 0x00007f84a00b7800 1554       2       java.util.HashMap::<init> (98 bytes)
Event: 15.676 Thread 0x00007f84a00b4800 nmethod 1421 0x00007f8491438fd0 code [0x00007f8491439160, 0x00007f8491439538]
Event: 15.676 Thread 0x00007f84a00b4800 1422   !   4       com.android.dx.rop.code.RegisterSpec::intern (70 bytes)
Event: 15.704 Thread 0x00007f84a00b7800 nmethod 1554 0x00007f84914463d0 code [0x00007f84914465c0, 0x00007f8491446ce8]
Event: 15.704 Thread 0x00007f84a00b7800 1691 %     3       com.android.dx.ssa.SsaConverter::placePhiFunctions @ 229 (394 bytes)

GC Heap History (10 events):
Event: 8.712 GC heap before
{Heap before GC invocations=2 (full 0):
 PSYoungGen      total 13824K, used 13812K [0x00000000eab00000, 0x00000000eba00000, 0x0000000100000000)
  eden space 12288K, 100% used [0x00000000eab00000,0x00000000eb700000,0x00000000eb700000)
  from space 1536K, 99% used [0x00000000eb700000,0x00000000eb87d278,0x00000000eb880000)
  to   space 1536K, 0% used [0x00000000eb880000,0x00000000eb880000,0x00000000eba00000)
 ParOldGen       total 31744K, used 760K [0x00000000c0000000, 0x00000000c1f00000, 0x00000000eab00000)
  object space 31744K, 2% used [0x00000000c0000000,0x00000000c00be2d0,0x00000000c1f00000)
 Metaspace       used 5620K, capacity 6640K, committed 6784K, reserved 1056768K
  class space    used 586K, capacity 616K, committed 640K, reserved 1048576K
Event: 8.773 GC heap after
Heap after GC invocations=2 (full 0):
 PSYoungGen      total 13824K, used 1527K [0x00000000eab00000, 0x00000000ec600000, 0x0000000100000000)
  eden space 12288K, 0% used [0x00000000eab00000,0x00000000eab00000,0x00000000eb700000)
  from space 1536K, 99% used [0x00000000eb880000,0x00000000eb9fdc78,0x00000000eba00000)
  to   space 1536K, 0% used [0x00000000eb700000,0x00000000eb700000,0x00000000eb880000)
 ParOldGen       total 31744K, used 2546K [0x00000000c0000000, 0x00000000c1f00000, 0x00000000eab00000)
  object space 31744K, 8% used [0x00000000c0000000,0x00000000c027cba8,0x00000000c1f00000)
 Metaspace       used 5620K, capacity 6640K, committed 6784K, reserved 1056768K
  class space    used 586K, capacity 616K, committed 640K, reserved 1048576K
}
Event: 9.928 GC heap before
{Heap before GC invocations=3 (full 0):
 PSYoungGen      total 13824K, used 13815K [0x00000000eab00000, 0x00000000ec600000, 0x0000000100000000)
  eden space 12288K, 100% used [0x00000000eab00000,0x00000000eb700000,0x00000000eb700000)
  from space 1536K, 99% used [0x00000000eb880000,0x00000000eb9fdc78,0x00000000eba00000)
  to   space 1536K, 0% used [0x00000000eb700000,0x00000000eb700000,0x00000000eb880000)
 ParOldGen       total 31744K, used 2546K [0x00000000c0000000, 0x00000000c1f00000, 0x00000000eab00000)
  object space 31744K, 8% used [0x00000000c0000000,0x00000000c027cba8,0x00000000c1f00000)
 Metaspace       used 5672K, capacity 6704K, committed 6784K, reserved 1056768K
  class space    used 586K, capacity 616K, committed 640K, reserved 1048576K
Event: 10.027 GC heap after
Heap after GC invocations=3 (full 0):
 PSYoungGen      total 13824K, used 1504K [0x00000000eab00000, 0x00000000ec600000, 0x0000000100000000)
  eden space 12288K, 0% used [0x00000000eab00000,0x00000000eab00000,0x00000000eb700000)
  from space 1536K, 97% used [0x00000000eb700000,0x00000000eb878028,0x00000000eb880000)
  to   space 1536K, 0% used [0x00000000ec480000,0x00000000ec480000,0x00000000ec600000)
 ParOldGen       total 31744K, used 4885K [0x00000000c0000000, 0x00000000c1f00000, 0x00000000eab00000)
  object space 31744K, 15% used [0x00000000c0000000,0x00000000c04c5688,0x00000000c1f00000)
 Metaspace       used 5672K, capacity 6704K, committed 6784K, reserved 1056768K
  class space    used 586K, capacity 616K, committed 640K, reserved 1048576K
}
Event: 11.101 GC heap before
{Heap before GC invocations=4 (full 0):
 PSYoungGen      total 13824K, used 13792K [0x00000000eab00000, 0x00000000ec600000, 0x0000000100000000)
  eden space 12288K, 100% used [0x00000000eab00000,0x00000000eb700000,0x00000000eb700000)
  from space 1536K, 97% used [0x00000000eb700000,0x00000000eb878028,0x00000000eb880000)
  to   space 1536K, 0% used [0x00000000ec480000,0x00000000ec480000,0x00000000ec600000)
 ParOldGen       total 31744K, used 4885K [0x00000000c0000000, 0x00000000c1f00000, 0x00000000eab00000)
  object space 31744K, 15% used [0x00000000c0000000,0x00000000c04c5688,0x00000000c1f00000)
 Metaspace       used 5767K, capacity 6768K, committed 7040K, reserved 1056768K
  class space    used 592K, capacity 616K, committed 640K, reserved 1048576K
Event: 11.192 GC heap after
Heap after GC invocations=4 (full 0):
 PSYoungGen      total 26112K, used 1504K [0x00000000eab00000, 0x00000000ec600000, 0x0000000100000000)
  eden space 24576K, 0% used [0x00000000eab00000,0x00000000eab00000,0x00000000ec300000)
  from space 1536K, 97% used [0x00000000ec480000,0x00000000ec5f8028,0x00000000ec600000)
  to   space 1536K, 0% used [0x00000000ec300000,0x00000000ec300000,0x00000000ec480000)
 ParOldGen       total 31744K, used 6969K [0x00000000c0000000, 0x00000000c1f00000, 0x00000000eab00000)
  object space 31744K, 21% used [0x00000000c0000000,0x00000000c06ce490,0x00000000c1f00000)
 Metaspace       used 5767K, capacity 6768K, committed 7040K, reserved 1056768K
  class space    used 592K, capacity 616K, committed 640K, reserved 1048576K
}
Event: 12.769 GC heap before
{Heap before GC invocations=5 (full 0):
 PSYoungGen      total 26112K, used 26080K [0x00000000eab00000, 0x00000000ec600000, 0x0000000100000000)
  eden space 24576K, 100% used [0x00000000eab00000,0x00000000ec300000,0x00000000ec300000)
  from space 1536K, 97% used [0x00000000ec480000,0x00000000ec5f8028,0x00000000ec600000)
  to   space 1536K, 0% used [0x00000000ec300000,0x00000000ec300000,0x00000000ec480000)
 ParOldGen       total 31744K, used 6969K [0x00000000c0000000, 0x00000000c1f00000, 0x00000000eab00000)
  object space 31744K, 21% used [0x00000000c0000000,0x00000000c06ce490,0x00000000c1f00000)
 Metaspace       used 5855K, capacity 6832K, committed 7040K, reserved 1056768K
  class space    used 592K, capacity 616K, committed 640K, reserved 1048576K
Event: 12.882 GC heap after
Heap after GC invocations=5 (full 0):
 PSYoungGen      total 26112K, used 1504K [0x00000000eab00000, 0x00000000ee700000, 0x0000000100000000)
  eden space 24576K, 0% used [0x00000000eab00000,0x00000000eab00000,0x00000000ec300000)
  from space 1536K, 97% used [0x00000000ec300000,0x00000000ec478018,0x00000000ec480000)
  to   space 6144K, 0% used [0x00000000ee100000,0x00000000ee100000,0x00000000ee700000)
 ParOldGen       total 31744K, used 11073K [0x00000000c0000000, 0x00000000c1f00000, 0x00000000eab00000)
  object space 31744K, 34% used [0x00000000c0000000,0x00000000c0ad0700,0x00000000c1f00000)
 Metaspace       used 5855K, capacity 6832K, committed 7040K, reserved 1056768K
  class space    used 592K, capacity 616K, committed 640K, reserved 1048576K
}
Event: 14.382 GC heap before
{Heap before GC invocations=6 (full 0):
 PSYoungGen      total 26112K, used 26080K [0x00000000eab00000, 0x00000000ee700000, 0x0000000100000000)
  eden space 24576K, 100% used [0x00000000eab00000,0x00000000ec300000,0x00000000ec300000)
  from space 1536K, 97% used [0x00000000ec300000,0x00000000ec478018,0x00000000ec480000)
  to   space 6144K, 0% used [0x00000000ee100000,0x00000000ee100000,0x00000000ee700000)
 ParOldGen       total 31744K, used 11073K [0x00000000c0000000, 0x00000000c1f00000, 0x00000000eab00000)
  object space 31744K, 34% used [0x00000000c0000000,0x00000000c0ad0700,0x00000000c1f00000)
 Metaspace       used 5881K, capacity 6896K, committed 7040K, reserved 1056768K
  class space    used 593K, capacity 616K, committed 640K, reserved 1048576K
Event: 14.575 GC heap after
Heap after GC invocations=6 (full 0):
 PSYoungGen      total 54784K, used 5456K [0x00000000eab00000, 0x00000000ee800000, 0x0000000100000000)
  eden space 48640K, 0% used [0x00000000eab00000,0x00000000eab00000,0x00000000eda80000)
  from space 6144K, 88% used [0x00000000ee100000,0x00000000ee654038,0x00000000ee700000)
  to   space 6656K, 0% used [0x00000000eda80000,0x00000000eda80000,0x00000000ee100000)
 ParOldGen       total 31744K, used 11073K [0x00000000c0000000, 0x00000000c1f00000, 0x00000000eab00000)
  object space 31744K, 34% used [0x00000000c0000000,0x00000000c0ad0700,0x00000000c1f00000)
 Metaspace       used 5881K, capacity 6896K, committed 7040K, reserved 1056768K
  class space    used 593K, capacity 616K, committed 640K, reserved 1048576K
}

Deoptimization events (4 events):
Event: 4.067 Thread 0x00007f84a000a000 Uncommon trap: reason=unstable_if action=reinterpret pc=0x00007f849113dc88 method=java.lang.String.indexOf(II)I @ 49
Event: 6.072 Thread 0x00007f84a0149800 Uncommon trap: reason=unstable_if action=reinterpret pc=0x00007f84911ec7ec method=java.util.HashMap.getNode(ILjava/lang/Object;)Ljava/util/HashMap$Node; @ 129
Event: 6.198 Thread 0x00007f84a0123800 Uncommon trap: reason=unstable_if action=reinterpret pc=0x00007f84911f2aec method=java.util.BitSet.nextSetBit(I)I @ 87
Event: 10.065 Thread 0x00007f84a0149800 Uncommon trap: reason=null_check action=make_not_entrant pc=0x00007f84912b0d84 method=com.android.dx.ssa.SsaRenamer.getLocalForNewReg(I)Lcom/android/dx/rop/code/LocalItem; @ 19

Internal exceptions (3 events):
Event: 0.548 Thread 0x00007f84a000a000 Exception <a 'java/lang/NoSuchMethodError': Method sun.misc.Unsafe.defineClass(Ljava/lang/String;[BII)Ljava/lang/Class; name or signature does not match> (0x00000000eab07cc0) thrown at [/HUDSON3/workspace/8-2-build-linux-amd64/jdk8u101/7261/hotspot/src/sh
Event: 0.548 Thread 0x00007f84a000a000 Exception <a 'java/lang/NoSuchMethodError': Method sun.misc.Unsafe.prefetchRead(Ljava/lang/Object;J)V name or signature does not match> (0x00000000eab07fa8) thrown at [/HUDSON3/workspace/8-2-build-linux-amd64/jdk8u101/7261/hotspot/src/share/vm/prims/jni.c
Event: 10.065 Thread 0x00007f84a0149800 Implicit null exception at 0x00007f84912ae603 to 0x00007f84912b0d61

Events (10 events):
Event: 15.730 Thread 0x00007f84a014b000 Thread exited: 0x00007f84a014b000
Event: 15.730 Thread 0x00007f84a0148800 Thread exited: 0x00007f84a0148800
Event: 15.731 loading class java/util/TreeMap$KeySet
Event: 15.731 loading class java/util/NavigableSet
Event: 15.731 loading class java/util/SortedSet
Event: 15.731 loading class java/util/SortedSet done
Event: 15.732 loading class java/util/NavigableSet done
Event: 15.732 loading class java/util/TreeMap$KeySet done
Event: 15.732 loading class java/util/TreeMap$KeyIterator
Event: 15.732 loading class java/util/TreeMap$KeyIterator done


Dynamic libraries:
00400000-00401000 r-xp 00000000 08:01 3279757                            /usr/lib/jvm/java-8-oracle/bin/java
00600000-00601000 rw-p 00000000 08:01 3279757                            /usr/lib/jvm/java-8-oracle/bin/java
00c17000-00c59000 rw-p 00000000 00:00 0                                  [heap]
c0000000-c1f00000 rw-p 00000000 00:00 0 
c1f00000-eab00000 ---p 00000000 00:00 0 
eab00000-ee800000 rw-p 00000000 00:00 0 
ee800000-100000000 ---p 00000000 00:00 0 
100000000-1000a0000 rw-p 00000000 00:00 0 
1000a0000-140000000 ---p 00000000 00:00 0 
7f8450000000-7f8450021000 rw-p 00000000 00:00 0 
7f8450021000-7f8454000000 ---p 00000000 00:00 0 
7f8458000000-7f8458021000 rw-p 00000000 00:00 0 
7f8458021000-7f845c000000 ---p 00000000 00:00 0 
7f845c000000-7f845c02d000 rw-p 00000000 00:00 0 
7f845c02d000-7f8460000000 ---p 00000000 00:00 0 
7f8460000000-7f8460021000 rw-p 00000000 00:00 0 
7f8460021000-7f8464000000 ---p 00000000 00:00 0 
7f8464000000-7f8464021000 rw-p 00000000 00:00 0 
7f8464021000-7f8468000000 ---p 00000000 00:00 0 
7f8468000000-7f846851f000 rw-p 00000000 00:00 0 
7f846851f000-7f846c000000 ---p 00000000 00:00 0 
7f846c000000-7f846c021000 rw-p 00000000 00:00 0 
7f846c021000-7f8470000000 ---p 00000000 00:00 0 
7f8470000000-7f8470021000 rw-p 00000000 00:00 0 
7f8470021000-7f8474000000 ---p 00000000 00:00 0 
7f8474000000-7f84745ed000 rw-p 00000000 00:00 0 
7f84745ed000-7f8478000000 ---p 00000000 00:00 0 
7f8478000000-7f8478021000 rw-p 00000000 00:00 0 
7f8478021000-7f847c000000 ---p 00000000 00:00 0 
7f847c000000-7f847c021000 rw-p 00000000 00:00 0 
7f847c021000-7f8480000000 ---p 00000000 00:00 0 
7f8480000000-7f8480021000 rw-p 00000000 00:00 0 
7f8480021000-7f8484000000 ---p 00000000 00:00 0 
7f8484000000-7f8484021000 rw-p 00000000 00:00 0 
7f8484021000-7f8488000000 ---p 00000000 00:00 0 
7f8488000000-7f8488021000 rw-p 00000000 00:00 0 
7f8488021000-7f848c000000 ---p 00000000 00:00 0 
7f848d70a000-7f848d70d000 ---p 00000000 00:00 0 
7f848d70d000-7f848d80b000 rw-p 00000000 00:00 0 
7f848d80b000-7f848d80e000 ---p 00000000 00:00 0 
7f848d80e000-7f848d90c000 rw-p 00000000 00:00 0 
7f848d90c000-7f848d90f000 ---p 00000000 00:00 0 
7f848d90f000-7f848da0d000 rw-p 00000000 00:00 0 
7f848da0d000-7f848da10000 ---p 00000000 00:00 0 
7f848da10000-7f848db0e000 rw-p 00000000 00:00 0 
7f848db0e000-7f848db11000 ---p 00000000 00:00 0 
7f848db11000-7f848dc0f000 rw-p 00000000 00:00 0 
7f848dc0f000-7f848dc10000 ---p 00000000 00:00 0 
7f848dc10000-7f848dd10000 rw-p 00000000 00:00 0                          [stack:18481]
7f848dd10000-7f848dd13000 ---p 00000000 00:00 0 
7f848dd13000-7f848de11000 rw-p 00000000 00:00 0                          [stack:18480]
7f848de11000-7f848de14000 ---p 00000000 00:00 0 
7f848de14000-7f848df12000 rw-p 00000000 00:00 0                          [stack:18479]
7f848df12000-7f848df15000 ---p 00000000 00:00 0 
7f848df15000-7f848e013000 rw-p 00000000 00:00 0                          [stack:18478]
7f848e013000-7f848e016000 ---p 00000000 00:00 0 
7f848e016000-7f848e114000 rw-p 00000000 00:00 0                          [stack:18477]
7f848e114000-7f848e7f8000 r--p 00000000 08:01 13113697                   /usr/lib/locale/locale-archive
7f848e7f8000-7f848e7fb000 ---p 00000000 00:00 0 
7f848e7fb000-7f848e8f9000 rw-p 00000000 00:00 0                          [stack:18476]
7f848e8f9000-7f848e8fc000 ---p 00000000 00:00 0 
7f848e8fc000-7f848e9fa000 rw-p 00000000 00:00 0                          [stack:18475]
7f848e9fa000-7f848e9fb000 ---p 00000000 00:00 0 
7f848e9fb000-7f8491000000 rw-p 00000000 00:00 0                          [stack:18474]
7f8491000000-7f8491450000 rwxp 00000000 00:00 0 
7f8491450000-7f84a0000000 ---p 00000000 00:00 0 
7f84a0000000-7f84a0400000 rw-p 00000000 00:00 0 
7f84a0400000-7f84a4000000 ---p 00000000 00:00 0 
7f84a4067000-7f84a44db000 rw-p 00000000 00:00 0 
7f84a44db000-7f84a46b4000 r--s 03d29000 08:01 13118676                   /usr/lib/jvm/java-8-oracle/jre/lib/rt.jar
7f84a46b4000-7f84a4d6a000 rw-p 00000000 00:00 0 
7f84a4d6a000-7f84a4f2a000 ---p 00000000 00:00 0 
7f84a4f2a000-7f84a512a000 rw-p 00000000 00:00 0 
7f84a512a000-7f84a512b000 ---p 00000000 00:00 0 
7f84a512b000-7f84a522b000 rw-p 00000000 00:00 0                          [stack:18473]
7f84a522b000-7f84a522c000 ---p 00000000 00:00 0 
7f84a522c000-7f84a533c000 rw-p 00000000 00:00 0                          [stack:18472]
7f84a533c000-7f84a5482000 ---p 00000000 00:00 0 
7f84a5482000-7f84a5492000 rw-p 00000000 00:00 0 
7f84a5492000-7f84a55d7000 ---p 00000000 00:00 0 
7f84a55d7000-7f84a55f6000 rw-p 00000000 00:00 0 
7f84a55f6000-7f84a5682000 ---p 00000000 00:00 0 
7f84a5682000-7f84a5695000 rw-p 00000000 00:00 0 
7f84a5695000-7f84a5a43000 ---p 00000000 00:00 0 
7f84a5a43000-7f84a5a5d000 r-xp 00000000 08:01 13766358                   /usr/lib/jvm/java-8-oracle/jre/lib/amd64/libzip.so
7f84a5a5d000-7f84a5c5d000 ---p 0001a000 08:01 13766358                   /usr/lib/jvm/java-8-oracle/jre/lib/amd64/libzip.so
7f84a5c5d000-7f84a5c5e000 rw-p 0001a000 08:01 13766358                   /usr/lib/jvm/java-8-oracle/jre/lib/amd64/libzip.so
7f84a5c5e000-7f84a5c69000 r-xp 00000000 08:01 2621673                    /lib/x86_64-linux-gnu/libnss_files-2.15.so
7f84a5c69000-7f84a5e68000 ---p 0000b000 08:01 2621673                    /lib/x86_64-linux-gnu/libnss_files-2.15.so
7f84a5e68000-7f84a5e69000 r--p 0000a000 08:01 2621673                    /lib/x86_64-linux-gnu/libnss_files-2.15.so
7f84a5e69000-7f84a5e6a000 rw-p 0000b000 08:01 2621673                    /lib/x86_64-linux-gnu/libnss_files-2.15.so
7f84a5e6a000-7f84a5e74000 r-xp 00000000 08:01 2621658                    /lib/x86_64-linux-gnu/libnss_nis-2.15.so
7f84a5e74000-7f84a6074000 ---p 0000a000 08:01 2621658                    /lib/x86_64-linux-gnu/libnss_nis-2.15.so
7f84a6074000-7f84a6075000 r--p 0000a000 08:01 2621658                    /lib/x86_64-linux-gnu/libnss_nis-2.15.so
7f84a6075000-7f84a6076000 rw-p 0000b000 08:01 2621658                    /lib/x86_64-linux-gnu/libnss_nis-2.15.so
7f84a6076000-7f84a608d000 r-xp 00000000 08:01 2621667                    /lib/x86_64-linux-gnu/libnsl-2.15.so
7f84a608d000-7f84a628c000 ---p 00017000 08:01 2621667                    /lib/x86_64-linux-gnu/libnsl-2.15.so
7f84a628c000-7f84a628d000 r--p 00016000 08:01 2621667                    /lib/x86_64-linux-gnu/libnsl-2.15.so
7f84a628d000-7f84a628e000 rw-p 00017000 08:01 2621667                    /lib/x86_64-linux-gnu/libnsl-2.15.so
7f84a628e000-7f84a6290000 rw-p 00000000 00:00 0 
7f84a6290000-7f84a6298000 r-xp 00000000 08:01 2621672                    /lib/x86_64-linux-gnu/libnss_compat-2.15.so
7f84a6298000-7f84a6497000 ---p 00008000 08:01 2621672                    /lib/x86_64-linux-gnu/libnss_compat-2.15.so
7f84a6497000-7f84a6498000 r--p 00007000 08:01 2621672                    /lib/x86_64-linux-gnu/libnss_compat-2.15.so
7f84a6498000-7f84a6499000 rw-p 00008000 08:01 2621672                    /lib/x86_64-linux-gnu/libnss_compat-2.15.so
7f84a6499000-7f84a64c3000 r-xp 00000000 08:01 13766323                   /usr/lib/jvm/java-8-oracle/jre/lib/amd64/libjava.so
7f84a64c3000-7f84a66c3000 ---p 0002a000 08:01 13766323                   /usr/lib/jvm/java-8-oracle/jre/lib/amd64/libjava.so
7f84a66c3000-7f84a66c5000 rw-p 0002a000 08:01 13766323                   /usr/lib/jvm/java-8-oracle/jre/lib/amd64/libjava.so
7f84a66c5000-7f84a66d2000 r-xp 00000000 08:01 13766361                   /usr/lib/jvm/java-8-oracle/jre/lib/amd64/libverify.so
7f84a66d2000-7f84a68d2000 ---p 0000d000 08:01 13766361                   /usr/lib/jvm/java-8-oracle/jre/lib/amd64/libverify.so
7f84a68d2000-7f84a68d4000 rw-p 0000d000 08:01 13766361                   /usr/lib/jvm/java-8-oracle/jre/lib/amd64/libverify.so
7f84a68d4000-7f84a68db000 r-xp 00000000 08:01 2621660                    /lib/x86_64-linux-gnu/librt-2.15.so
7f84a68db000-7f84a6ada000 ---p 00007000 08:01 2621660                    /lib/x86_64-linux-gnu/librt-2.15.so
7f84a6ada000-7f84a6adb000 r--p 00006000 08:01 2621660                    /lib/x86_64-linux-gnu/librt-2.15.so
7f84a6adb000-7f84a6adc000 rw-p 00007000 08:01 2621660                    /lib/x86_64-linux-gnu/librt-2.15.so
7f84a6adc000-7f84a6bd7000 r-xp 00000000 08:01 2621674                    /lib/x86_64-linux-gnu/libm-2.15.so
7f84a6bd7000-7f84a6dd6000 ---p 000fb000 08:01 2621674                    /lib/x86_64-linux-gnu/libm-2.15.so
7f84a6dd6000-7f84a6dd7000 r--p 000fa000 08:01 2621674                    /lib/x86_64-linux-gnu/libm-2.15.so
7f84a6dd7000-7f84a6dd8000 rw-p 000fb000 08:01 2621674                    /lib/x86_64-linux-gnu/libm-2.15.so
7f84a6dd8000-7f84a7aa3000 r-xp 00000000 08:01 13894575                   /usr/lib/jvm/java-8-oracle/jre/lib/amd64/server/libjvm.so
7f84a7aa3000-7f84a7ca2000 ---p 00ccb000 08:01 13894575                   /usr/lib/jvm/java-8-oracle/jre/lib/amd64/server/libjvm.so
7f84a7ca2000-7f84a7d7b000 rw-p 00cca000 08:01 13894575                   /usr/lib/jvm/java-8-oracle/jre/lib/amd64/server/libjvm.so
7f84a7d7b000-7f84a7dc6000 rw-p 00000000 00:00 0 
7f84a7dc6000-7f84a7f7a000 r-xp 00000000 08:01 2621665                    /lib/x86_64-linux-gnu/libc-2.15.so
7f84a7f7a000-7f84a8179000 ---p 001b4000 08:01 2621665                    /lib/x86_64-linux-gnu/libc-2.15.so
7f84a8179000-7f84a817d000 r--p 001b3000 08:01 2621665                    /lib/x86_64-linux-gnu/libc-2.15.so
7f84a817d000-7f84a817f000 rw-p 001b7000 08:01 2621665                    /lib/x86_64-linux-gnu/libc-2.15.so
7f84a817f000-7f84a8184000 rw-p 00000000 00:00 0 
7f84a8184000-7f84a8186000 r-xp 00000000 08:01 2621657                    /lib/x86_64-linux-gnu/libdl-2.15.so
7f84a8186000-7f84a8386000 ---p 00002000 08:01 2621657                    /lib/x86_64-linux-gnu/libdl-2.15.so
7f84a8386000-7f84a8387000 r--p 00002000 08:01 2621657                    /lib/x86_64-linux-gnu/libdl-2.15.so
7f84a8387000-7f84a8388000 rw-p 00003000 08:01 2621657                    /lib/x86_64-linux-gnu/libdl-2.15.so
7f84a8388000-7f84a839d000 r-xp 00000000 08:01 2627921                    /usr/lib/jvm/java-8-oracle/lib/amd64/jli/libjli.so
7f84a839d000-7f84a859d000 ---p 00015000 08:01 2627921                    /usr/lib/jvm/java-8-oracle/lib/amd64/jli/libjli.so
7f84a859d000-7f84a859e000 rw-p 00015000 08:01 2627921                    /usr/lib/jvm/java-8-oracle/lib/amd64/jli/libjli.so
7f84a859e000-7f84a85b6000 r-xp 00000000 08:01 2621668                    /lib/x86_64-linux-gnu/libpthread-2.15.so
7f84a85b6000-7f84a87b5000 ---p 00018000 08:01 2621668                    /lib/x86_64-linux-gnu/libpthread-2.15.so
7f84a87b5000-7f84a87b6000 r--p 00017000 08:01 2621668                    /lib/x86_64-linux-gnu/libpthread-2.15.so
7f84a87b6000-7f84a87b7000 rw-p 00018000 08:01 2621668                    /lib/x86_64-linux-gnu/libpthread-2.15.so
7f84a87b7000-7f84a87bb000 rw-p 00000000 00:00 0 
7f84a87bb000-7f84a87dd000 r-xp 00000000 08:01 2621671                    /lib/x86_64-linux-gnu/ld-2.15.so
7f84a87e1000-7f84a88bd000 rw-p 00000000 00:00 0 
7f84a88bd000-7f84a88c0000 ---p 00000000 00:00 0 
7f84a88c0000-7f84a89c2000 rw-p 00000000 00:00 0                          [stack:18469]
7f84a89c2000-7f84a89d1000 r--s 000df000 08:01 9309217                    /home/lin/Android/Sdk/build-tools/23.0.3/lib/dx.jar
7f84a89d1000-7f84a89d9000 rw-s 00000000 08:01 4850480                    /tmp/hsperfdata_root/18465
7f84a89d9000-7f84a89da000 rw-p 00000000 00:00 0 
7f84a89da000-7f84a89db000 r--p 00000000 00:00 0 
7f84a89db000-7f84a89dd000 rw-p 00000000 00:00 0 
7f84a89dd000-7f84a89de000 r--p 00022000 08:01 2621671                    /lib/x86_64-linux-gnu/ld-2.15.so
7f84a89de000-7f84a89e0000 rw-p 00023000 08:01 2621671                    /lib/x86_64-linux-gnu/ld-2.15.so
7fff79c78000-7fff79c99000 rw-p 00000000 00:00 0                          [stack]
7fff79d46000-7fff79d48000 r-xp 00000000 00:00 0                          [vdso]
ffffffffff600000-ffffffffff601000 r-xp 00000000 00:00 0                  [vsyscall]

VM Arguments:
jvm_args: -Djava.awt.headless=true -Xmx1024M -Dfile.encoding=UTF-8 -Duser.country=US -Duser.language=en -Duser.variant 
java_command: com.android.dx.command.Main --dex --force-jumbo --num-threads=4 --output /home/lin/other/AndroidProjects/Radio/app/build/intermediates/pre-dexed/debug/internal_impl-23.4.0_b5619ed93d7f9003535a36ca45adce4d95a69933.jar /home/lin/other/AndroidProjects/Radio/app/build/intermediates/exploded-aar/com.android.support/support-v4/23.4.0/jars/libs/internal_impl-23.4.0.jar
java_class_path (initial): /home/lin/Android/Sdk/build-tools/23.0.3/lib/dx.jar
Launcher Type: SUN_STANDARD

Environment Variables:
PATH=/usr/local/sbin:/usr/local/bin:/usr/sbin:/usr/bin:/sbin:/bin
USERNAME=root
LD_LIBRARY_PATH=/opt/android-studio/bin:
SHELL=/bin/bash
DISPLAY=:0.0

Signal Handlers:
SIGSEGV: [libjvm.so+0xac4790], sa_mask[0]=11111111011111111101111111111110, sa_flags=SA_RESTART|SA_SIGINFO
SIGBUS: [libjvm.so+0xac4790], sa_mask[0]=11111111011111111101111111111110, sa_flags=SA_RESTART|SA_SIGINFO
SIGFPE: [libjvm.so+0x91f140], sa_mask[0]=11111111011111111101111111111110, sa_flags=SA_RESTART|SA_SIGINFO
SIGPIPE: [libjvm.so+0x91f140], sa_mask[0]=11111111011111111101111111111110, sa_flags=SA_RESTART|SA_SIGINFO
SIGXFSZ: [libjvm.so+0x91f140], sa_mask[0]=11111111011111111101111111111110, sa_flags=SA_RESTART|SA_SIGINFO
SIGILL: [libjvm.so+0x91f140], sa_mask[0]=11111111011111111101111111111110, sa_flags=SA_RESTART|SA_SIGINFO
SIGUSR1: SIG_DFL, sa_mask[0]=00000000000000000000000000000000, sa_flags=none
SIGUSR2: [libjvm.so+0x920770], sa_mask[0]=00100000000000000000000000000000, sa_flags=SA_RESTART|SA_SIGINFO
SIGHUP: [libjvm.so+0x921b70], sa_mask[0]=11111111011111111101111111111110, sa_flags=SA_RESTART|SA_SIGINFO
SIGINT: [libjvm.so+0x921b70], sa_mask[0]=11111111011111111101111111111110, sa_flags=SA_RESTART|SA_SIGINFO
SIGTERM: [libjvm.so+0x921b70], sa_mask[0]=11111111011111111101111111111110, sa_flags=SA_RESTART|SA_SIGINFO
SIGQUIT: [libjvm.so+0x921b70], sa_mask[0]=11111111011111111101111111111110, sa_flags=SA_RESTART|SA_SIGINFO


---------------  S Y S T E M  ---------------

OS:DISTRIB_ID=Ubuntu
DISTRIB_RELEASE=12.04
DISTRIB_CODENAME=precise
DISTRIB_DESCRIPTION="Ubuntu 12.04.5 LTS"

uname:Linux 3.13.0-93-generic #140~precise1-Ubuntu SMP Tue Jul 19 19:55:11 UTC 2016 x86_64
libc:glibc 2.15 NPTL 2.15 
rlimit: STACK 8192k, CORE 0k, NPROC 22873, NOFILE 4096, AS infinity
load average:9.66 7.89 5.06

/proc/meminfo:
MemTotal:        2948840 kB
MemFree:          227588 kB
Buffers:           13900 kB
Cached:           351792 kB
SwapCached:        40760 kB
Active:          1961176 kB
Inactive:         599404 kB
Active(anon):    1842728 kB
Inactive(anon):   511396 kB
Active(file):     118448 kB
Inactive(file):    88008 kB
Unevictable:           0 kB
Mlocked:               0 kB
SwapTotal:       3008508 kB
SwapFree:        2758148 kB
Dirty:               564 kB
Writeback:             0 kB
AnonPages:       2184100 kB
Mapped:            96532 kB
Shmem:            159236 kB
Slab:              71000 kB
SReclaimable:      42728 kB
SUnreclaim:        28272 kB
KernelStack:        4768 kB
PageTables:        35104 kB
NFS_Unstable:          0 kB
Bounce:                0 kB
WritebackTmp:          0 kB
CommitLimit:     4482928 kB
Committed_AS:    5522768 kB
VmallocTotal:   34359738367 kB
VmallocUsed:      346432 kB
VmallocChunk:   34359383644 kB
HardwareCorrupted:     0 kB
AnonHugePages:    903168 kB
HugePages_Total:       0
HugePages_Free:        0
HugePages_Rsvd:        0
HugePages_Surp:        0
Hugepagesize:       2048 kB
DirectMap4k:       65924 kB
DirectMap2M:     2945024 kB


CPU:total 2 (2 cores per cpu, 1 threads per core) family 6 model 15 stepping 13, cmov, cx8, fxsr, mmx, sse, sse2, sse3, ssse3, tsc

/proc/cpuinfo:
processor	: 0
vendor_id	: GenuineIntel
cpu family	: 6
model		: 15
model name	: Genuine Intel(R) CPU           T1600  @ 1.66GHz
stepping	: 13
microcode	: 0xa3
cpu MHz		: 1662.521
cache size	: 1024 KB
physical id	: 0
siblings	: 2
core id		: 0
cpu cores	: 2
apicid		: 0
initial apicid	: 0
fpu		: yes
fpu_exception	: yes
cpuid level	: 10
wp		: yes
flags		: fpu vme de pse tsc msr pae mce cx8 apic sep mtrr pge mca cmov pat pse36 clflush dts acpi mmx fxsr sse sse2 ss ht tm pbe syscall nx lm constant_tsc arch_perfmon pebs bts rep_good nopl aperfmperf pni dtes64 monitor ds_cpl tm2 ssse3 cx16 xtpr pdcm lahf_lm dtherm
bogomips	: 3325.04
clflush size	: 64
cache_alignment	: 64
address sizes	: 36 bits physical, 48 bits virtual
power management:

processor	: 1
vendor_id	: GenuineIntel
cpu family	: 6
model		: 15
model name	: Genuine Intel(R) CPU           T1600  @ 1.66GHz
stepping	: 13
microcode	: 0xa3
cpu MHz		: 1662.521
cache size	: 1024 KB
physical id	: 0
siblings	: 2
core id		: 1
cpu cores	: 2
apicid		: 1
initial apicid	: 1
fpu		: yes
fpu_exception	: yes
cpuid level	: 10
wp		: yes
flags		: fpu vme de pse tsc msr pae mce cx8 apic sep mtrr pge mca cmov pat pse36 clflush dts acpi mmx fxsr sse sse2 ss ht tm pbe syscall nx lm constant_tsc arch_perfmon pebs bts rep_good nopl aperfmperf pni dtes64 monitor ds_cpl tm2 ssse3 cx16 xtpr pdcm lahf_lm dtherm
bogomips	: 3325.04
clflush size	: 64
cache_alignment	: 64
address sizes	: 36 bits physical, 48 bits virtual
power management:



Memory: 4k page, physical 2948840k(227588k free), swap 3008508k(2758148k free)

vm_info: Java HotSpot(TM) 64-Bit Server VM (25.101-b13) for linux-amd64 JRE (1.8.0_101-b13), built on Jun 22 2016 02:59:44 by "java_re" with gcc 4.3.0 20080428 (Red Hat 4.3.0-8)

time: Mon Aug 29 23:27:39 2016
elapsed time: 15 seconds (0d 0h 0m 15s)

