#
# A fatal error has been detected by the Java Runtime Environment:
#
#  SIGSEGV (0xb) at pc=0x00007f8989113860, pid=3651, tid=0x00007f898290b700
#
# JRE version: Java(TM) SE Runtime Environment (8.0_101-b13) (build 1.8.0_101-b13)
# Java VM: Java HotSpot(TM) 64-Bit Server VM (25.101-b13 mixed mode linux-amd64 compressed oops)
# Problematic frame:
# v  ~BufferBlob::vtable chunks
#
# Failed to write core dump. Core dumps have been disabled. To enable core dumping, try "ulimit -c unlimited" before starting Java again
#
# If you would like to submit a bug report, please visit:
#   http://bugreport.java.com/bugreport/crash.jsp
#

---------------  T H R E A D  ---------------

Current thread (0x00007f8998133800):  JavaThread "pool-1-thread-4" [_thread_in_Java, id=3674, stack(0x00007f898280b000,0x00007f898290c000)]

siginfo: si_signo: 11 (SIGSEGV), si_code: 2 (SEGV_ACCERR), si_addr: 0x0000000100256918

Registers:
RAX=0x0000000100024ec0, RBX=0x0000000000000590, RCX=0x00000000eb904508, RDX=0x0000000000000000
RSP=0x00007f8982909e88, RBP=0x00007f8982909f20, RSI=0x00000000eb904520, RDI=0x00007f89888be930
R8 =0x0000000000000000, R9 =0x0000000000000001, R10=0x00000001002567f8, R11=0x00007f8989235fa0
R12=0x0000000000000000, R13=0x00007f8982909ed8, R14=0x00007f8982909f60, R15=0x00007f8998133800
RIP=0x00007f8989113860, EFLAGS=0x0000000000010202, CSGSFS=0x0000000000000033, ERR=0x0000000000000004
  TRAPNO=0x000000000000000e

Top of Stack: (sp=0x00007f8982909e88)
0x00007f8982909e88:   00007f8989235fec 0000000000000000
0x00007f8982909e98:   00007f89886ce740 0000000000000000
0x00007f8982909ea8:   00000000eb904478 00007f8982909f20
0x00007f8982909eb8:   00007f8989007a40 00007f8982909f20
0x00007f8982909ec8:   00007f8989007815 00007f8989007815
0x00007f8982909ed8:   00000000eb904508 00007f8982909ee0
0x00007f8982909ee8:   00007f8988b3c10c 00007f8982909f60
0x00007f8982909ef8:   00007f8988b3c7f0 0000000000000000
0x00007f8982909f08:   00007f8988b3c260 00007f8982909ed8
0x00007f8982909f18:   00007f8982909f60 00007f8982909fa8
0x00007f8982909f28:   00007f8989007ffd 0000000000000000
0x00007f8982909f38:   0000000000000000 0000000000000000
0x00007f8982909f48:   00000000eb8fbc50 00000000eb904508
0x00007f8982909f58:   00000000eb9017e0 00000000eb904478
0x00007f8982909f68:   00007f8982909f68 00007f8988b3bdd7
0x00007f8982909f78:   00007f8982909fd0 00007f8988b3c7f0
0x00007f8982909f88:   0000000000000000 00007f8988b3be28
0x00007f8982909f98:   00007f8982909f60 00007f8982909fd0
0x00007f8982909fa8:   00007f898290a020 00007f8989007d80
0x00007f8982909fb8:   000000000000000a 00000000eb903708
0x00007f8982909fc8:   000000000000000f 00000000eb8fa928
0x00007f8982909fd8:   00000000eb9036f0 00007f8982909fe0
0x00007f8982909fe8:   00007f8988b334e8 00007f898290a040
0x00007f8982909ff8:   00007f8988b3aa10 0000000000000000
0x00007f898290a008:   00007f8988b33520 00007f8982909fd0
0x00007f898290a018:   00007f898290a030 00007f898290a090
0x00007f898290a028:   00007f8989007ffd 0000000000000000
0x00007f898290a038:   00000000eb8fa928 00000000eb9036f0
0x00007f898290a048:   00000000eb9036f0 00007f898290a050
0x00007f898290a058:   00007f8988b33426 00007f898290a0a8
0x00007f898290a068:   00007f8988b3aa10 0000000000000000
0x00007f898290a078:   00007f8988b33450 00007f898290a030 

Instructions: (pc=0x00007f8989113860)
0x00007f8989113840:   00 00 00 00 00 00 00 00 00 00 00 00 00 00 00 00
0x00007f8989113850:   01 00 40 00 00 00 00 00 44 8b 56 08 49 c1 e2 03
0x00007f8989113860:   45 8b 9a 20 01 00 00 4f 8d 9c da b8 01 00 00 4d
0x00007f8989113870:   8d 52 08 49 8b 1b 48 3b c3 74 15 48 85 db 0f 84 

Register to memory mapping:

RAX=0x0000000100024ec0 is pointing into metadata
RBX=0x0000000000000590 is an unknown value
RCX=0x00000000eb904508 is an oop
java.util.Collections$UnmodifiableCollection$1 
 - klass: 'java/util/Collections$UnmodifiableCollection$1'
RDX=0x0000000000000000 is an unknown value
RSP=0x00007f8982909e88 is pointing into the stack for thread: 0x00007f8998133800
RBP=0x00007f8982909f20 is pointing into the stack for thread: 0x00007f8998133800
RSI=0x00000000eb904520 is an oop

[error occurred during error reporting (printing register info), id 0xb]

Stack: [0x00007f898280b000,0x00007f898290c000],  sp=0x00007f8982909e88,  free space=1019k
Native frames: (J=compiled Java code, j=interpreted, Vv=VM code, C=native code)
v  ~BufferBlob::vtable chunks
j  com.android.dx.ssa.back.LivenessAnalyzer.constructInterferenceGraph(Lcom/android/dx/ssa/SsaMethod;)Lcom/android/dx/ssa/back/InterferenceGraph;+31
j  com.android.dx.ssa.back.SsaToRop.<init>(Lcom/android/dx/ssa/SsaMethod;Z)V+16
j  com.android.dx.ssa.back.SsaToRop.convertToRopMethod(Lcom/android/dx/ssa/SsaMethod;Z)Lcom/android/dx/rop/code/RopMethod;+6
j  com.android.dx.ssa.Optimizer.optimize(Lcom/android/dx/rop/code/RopMethod;IZZLcom/android/dx/rop/code/TranslationAdvice;Ljava/util/EnumSet;)Lcom/android/dx/rop/code/RopMethod;+30
j  com.android.dx.ssa.Optimizer.optimize(Lcom/android/dx/rop/code/RopMethod;IZZLcom/android/dx/rop/code/TranslationAdvice;)Lcom/android/dx/rop/code/RopMethod;+12
j  com.android.dx.dex.cf.CfTranslator.processMethods(Lcom/android/dx/cf/direct/DirectClassFile;Lcom/android/dx/dex/cf/CfOptions;Lcom/android/dx/dex/DexOptions;Lcom/android/dx/dex/file/ClassDefItem;Lcom/android/dx/dex/file/DexFile;)V+265
j  com.android.dx.dex.cf.CfTranslator.translate0(Lcom/android/dx/cf/direct/DirectClassFile;[BLcom/android/dx/dex/cf/CfOptions;Lcom/android/dx/dex/DexOptions;Lcom/android/dx/dex/file/DexFile;)Lcom/android/dx/dex/file/ClassDefItem;+120
j  com.android.dx.dex.cf.CfTranslator.translate(Lcom/android/dx/cf/direct/DirectClassFile;[BLcom/android/dx/dex/cf/CfOptions;Lcom/android/dx/dex/DexOptions;Lcom/android/dx/dex/file/DexFile;)Lcom/android/dx/dex/file/ClassDefItem;+6
j  com.android.dx.command.dexer.Main.translateClass([BLcom/android/dx/cf/direct/DirectClassFile;)Lcom/android/dx/dex/file/ClassDefItem;+17
j  com.android.dx.command.dexer.Main.access$2700([BLcom/android/dx/cf/direct/DirectClassFile;)Lcom/android/dx/dex/file/ClassDefItem;+2
j  com.android.dx.command.dexer.Main$ClassTranslatorTask.call()Lcom/android/dx/dex/file/ClassDefItem;+8
j  com.android.dx.command.dexer.Main$ClassTranslatorTask.call()Ljava/lang/Object;+1
j  java.util.concurrent.FutureTask.run()V+42
j  java.util.concurrent.ThreadPoolExecutor.runWorker(Ljava/util/concurrent/ThreadPoolExecutor$Worker;)V+95
j  java.util.concurrent.ThreadPoolExecutor$Worker.run()V+5
j  java.lang.Thread.run()V+11
v  ~StubRoutines::call_stub
V  [libjvm.so+0x68f6b6]  JavaCalls::call_helper(JavaValue*, methodHandle*, JavaCallArguments*, Thread*)+0x1056
V  [libjvm.so+0x68fbc1]  JavaCalls::call_virtual(JavaValue*, KlassHandle, Symbol*, Symbol*, JavaCallArguments*, Thread*)+0x321
V  [libjvm.so+0x690067]  JavaCalls::call_virtual(JavaValue*, Handle, KlassHandle, Symbol*, Symbol*, Thread*)+0x47
V  [libjvm.so+0x726fc0]  thread_entry(JavaThread*, Thread*)+0xa0
V  [libjvm.so+0xa7343f]  JavaThread::thread_main_inner()+0xdf
V  [libjvm.so+0xa7356c]  JavaThread::run()+0x11c
V  [libjvm.so+0x924698]  java_start(Thread*)+0x108
C  [libpthread.so.0+0x7e9a]  start_thread+0xda


---------------  P R O C E S S  ---------------

Java Threads: ( => current thread )
=>0x00007f8998133800 JavaThread "pool-1-thread-4" [_thread_in_Java, id=3674, stack(0x00007f898280b000,0x00007f898290c000)]
  0x00007f8998132000 JavaThread "pool-1-thread-3" [_thread_in_vm, id=3673, stack(0x00007f898290c000,0x00007f8982a0d000)]
  0x00007f899812e000 JavaThread "pool-1-thread-2" [_thread_in_vm, id=3672, stack(0x00007f8982a0d000,0x00007f8982b0e000)]
  0x00007f899812c800 JavaThread "pool-2-thread-1" [_thread_in_vm, id=3671, stack(0x00007f8982b0e000,0x00007f8982c0f000)]
  0x00007f899812a800 JavaThread "pool-1-thread-1" [_thread_in_Java, id=3670, stack(0x00007f8982c0f000,0x00007f8982d10000)]
  0x00007f89980c4000 JavaThread "Service Thread" daemon [_thread_blocked, id=3667, stack(0x00007f8982e11000,0x00007f8982f12000)]
  0x00007f89980b7800 JavaThread "C1 CompilerThread1" daemon [_thread_in_vm, id=3666, stack(0x00007f8982f12000,0x00007f8983013000)]
  0x00007f89980b4800 JavaThread "C2 CompilerThread0" daemon [_thread_in_native, id=3665, stack(0x00007f8983013000,0x00007f8983114000)]
  0x00007f89980b3000 JavaThread "Signal Dispatcher" daemon [_thread_blocked, id=3664, stack(0x00007f8983114000,0x00007f8983215000)]
  0x00007f8998080000 JavaThread "Finalizer" daemon [_thread_blocked, id=3663, stack(0x00007f89838f9000,0x00007f89839fa000)]
  0x00007f899807b800 JavaThread "Reference Handler" daemon [_thread_blocked, id=3662, stack(0x00007f89839fa000,0x00007f8983afb000)]
  0x00007f899800a000 JavaThread "main" [_thread_in_vm, id=3656, stack(0x00007f89a197e000,0x00007f89a1a7f000)]

Other Threads:
  0x00007f8998073800 VMThread [stack: 0x00007f8983afb000,0x00007f8983bfc000] [id=3661]
  0x00007f89980cf000 WatcherThread [stack: 0x00007f8982d10000,0x00007f8982e11000] [id=3668]

VM state:synchronizing (normal execution)

VM Mutex/Monitor currently owned by a thread:  ([mutex/lock_event])
[0x00007f8998006380] Safepoint_lock - owner thread: 0x00007f8998073800
[0x00007f8998006400] Threads_lock - owner thread: 0x00007f8998073800

Heap:
 PSYoungGen      total 26112K, used 18219K [0x00000000eab00000, 0x00000000ec600000, 0x0000000100000000)
  eden space 24576K, 68% used [0x00000000eab00000,0x00000000ebb52150,0x00000000ec300000)
  from space 1536K, 98% used [0x00000000ec480000,0x00000000ec5f8ab8,0x00000000ec600000)
  to   space 1536K, 0% used [0x00000000ec300000,0x00000000ec300000,0x00000000ec480000)
 ParOldGen       total 31744K, used 5089K [0x00000000c0000000, 0x00000000c1f00000, 0x00000000eab00000)
  object space 31744K, 16% used [0x00000000c0000000,0x00000000c04f8488,0x00000000c1f00000)
 Metaspace       used 5470K, capacity 6704K, committed 6784K, reserved 1056768K
  class space    used 576K, capacity 616K, committed 640K, reserved 1048576K

Card table byte_map: [0x00007f899e543000,0x00007f899e744000] byte_map_base: 0x00007f899df43000

Marking Bits: (ParMarkBitMap*) 0x00007f89a0e5a120
 Begin Bits: [0x00007f899c1eb000, 0x00007f899d1eb000)
 End Bits:   [0x00007f899d1eb000, 0x00007f899e1eb000)

Polling page: 0x00007f89a1a9b000

CodeCache: size=245760Kb used=2721Kb max_used=2721Kb free=243038Kb
 bounds [0x00007f8989000000, 0x00007f89892b0000, 0x00007f8998000000]
 total_blobs=948 nmethods=689 adapters=175
 compilation: enabled

Compilation events (10 events):
Event: 5.983 Thread 0x00007f89980b7800  930       2       com.android.dx.ssa.SsaBasicBlock::newFromRop (183 bytes)
Event: 6.007 Thread 0x00007f89980b7800 nmethod 930 0x00007f89892a6510 code [0x00007f89892a6720, 0x00007f89892a6eb8]
Event: 6.007 Thread 0x00007f89980b7800  936       2       com.android.dx.ssa.back.SsaToRop::convertInsns (53 bytes)
Event: 6.009 Thread 0x00007f89980b7800 nmethod 936 0x00007f89892a77d0 code [0x00007f89892a79e0, 0x00007f89892a80e8]
Event: 6.009 Thread 0x00007f89980b7800  934       2       com.android.dx.ssa.SsaBasicBlock::getRopLabelSuccessorList (57 bytes)
Event: 6.010 Thread 0x00007f89980b7800 nmethod 934 0x00007f89892a8b50 code [0x00007f89892a8d20, 0x00007f89892a9188]
Event: 6.010 Thread 0x00007f89980b7800  899       2       java.util.ArrayList::grow (45 bytes)
Event: 6.011 Thread 0x00007f89980b7800 nmethod 899 0x00007f89892a9710 code [0x00007f89892a98a0, 0x00007f89892a9b38]
Event: 6.011 Thread 0x00007f89980b7800  863       2       com.android.dx.ssa.SsaBasicBlock::isExitBlock (20 bytes)
Event: 6.011 Thread 0x00007f89980b7800 nmethod 863 0x00007f89892a9cd0 code [0x00007f89892a9e20, 0x00007f89892a9f90]

GC Heap History (4 events):
Event: 3.706 GC heap before
{Heap before GC invocations=1 (full 0):
 PSYoungGen      total 13824K, used 12288K [0x00000000eab00000, 0x00000000eba00000, 0x0000000100000000)
  eden space 12288K, 100% used [0x00000000eab00000,0x00000000eb700000,0x00000000eb700000)
  from space 1536K, 0% used [0x00000000eb880000,0x00000000eb880000,0x00000000eba00000)
  to   space 1536K, 0% used [0x00000000eb700000,0x00000000eb700000,0x00000000eb880000)
 ParOldGen       total 31744K, used 0K [0x00000000c0000000, 0x00000000c1f00000, 0x00000000eab00000)
  object space 31744K, 0% used [0x00000000c0000000,0x00000000c0000000,0x00000000c1f00000)
 Metaspace       used 5225K, capacity 6448K, committed 6528K, reserved 1056768K
  class space    used 562K, capacity 616K, committed 640K, reserved 1048576K
Event: 3.752 GC heap after
Heap after GC invocations=1 (full 0):
 PSYoungGen      total 13824K, used 1523K [0x00000000eab00000, 0x00000000ec600000, 0x0000000100000000)
  eden space 12288K, 0% used [0x00000000eab00000,0x00000000eab00000,0x00000000eb700000)
  from space 1536K, 99% used [0x00000000eb700000,0x00000000eb87cff0,0x00000000eb880000)
  to   space 1536K, 0% used [0x00000000ec480000,0x00000000ec480000,0x00000000ec600000)
 ParOldGen       total 31744K, used 2511K [0x00000000c0000000, 0x00000000c1f00000, 0x00000000eab00000)
  object space 31744K, 7% used [0x00000000c0000000,0x00000000c0273f68,0x00000000c1f00000)
 Metaspace       used 5225K, capacity 6448K, committed 6528K, reserved 1056768K
  class space    used 562K, capacity 616K, committed 640K, reserved 1048576K
}
Event: 4.944 GC heap before
{Heap before GC invocations=2 (full 0):
 PSYoungGen      total 13824K, used 13811K [0x00000000eab00000, 0x00000000ec600000, 0x0000000100000000)
  eden space 12288K, 100% used [0x00000000eab00000,0x00000000eb700000,0x00000000eb700000)
  from space 1536K, 99% used [0x00000000eb700000,0x00000000eb87cff0,0x00000000eb880000)
  to   space 1536K, 0% used [0x00000000ec480000,0x00000000ec480000,0x00000000ec600000)
 ParOldGen       total 31744K, used 2511K [0x00000000c0000000, 0x00000000c1f00000, 0x00000000eab00000)
  object space 31744K, 7% used [0x00000000c0000000,0x00000000c0273f68,0x00000000c1f00000)
 Metaspace       used 5383K, capacity 6640K, committed 6784K, reserved 1056768K
  class space    used 576K, capacity 616K, committed 640K, reserved 1048576K
Event: 5.080 GC heap after
Heap after GC invocations=2 (full 0):
 PSYoungGen      total 26112K, used 1506K [0x00000000eab00000, 0x00000000ec600000, 0x0000000100000000)
  eden space 24576K, 0% used [0x00000000eab00000,0x00000000eab00000,0x00000000ec300000)
  from space 1536K, 98% used [0x00000000ec480000,0x00000000ec5f8ab8,0x00000000ec600000)
  to   space 1536K, 0% used [0x00000000ec300000,0x00000000ec300000,0x00000000ec480000)
 ParOldGen       total 31744K, used 5089K [0x00000000c0000000, 0x00000000c1f00000, 0x00000000eab00000)
  object space 31744K, 16% used [0x00000000c0000000,0x00000000c04f8488,0x00000000c1f00000)
 Metaspace       used 5383K, capacity 6640K, committed 6784K, reserved 1056768K
  class space    used 576K, capacity 616K, committed 640K, reserved 1048576K
}

Deoptimization events (8 events):
Event: 2.347 Thread 0x00007f899812a800 Uncommon trap: reason=unstable_if action=reinterpret pc=0x00007f8989132244 method=java.lang.String.indexOf(II)I @ 49
Event: 3.316 Thread 0x00007f899800a000 Uncommon trap: reason=unstable_if action=reinterpret pc=0x00007f89891b012c method=java.util.HashMap.getNode(ILjava/lang/Object;)Ljava/util/HashMap$Node; @ 62
Event: 3.416 Thread 0x00007f899800a000 Uncommon trap: reason=unstable_if action=reinterpret pc=0x00007f8989181b64 method=com.android.dx.rop.cst.CstFieldRef.compareTo0(Lcom/android/dx/rop/cst/Constant;)I @ 7
Event: 3.932 Thread 0x00007f899800a000 Uncommon trap: reason=unstable_if action=reinterpret pc=0x00007f8989178cbc method=java.lang.String.<init>([CII)V @ 18
Event: 5.407 Thread 0x00007f8998132000 Uncommon trap: reason=bimorphic action=maybe_recompile pc=0x00007f8989241a60 method=java.util.HashMap.getNode(ILjava/lang/Object;)Ljava/util/HashMap$Node; @ 126
Event: 5.433 Thread 0x00007f8998132000 Uncommon trap: reason=bimorphic action=maybe_recompile pc=0x00007f8989241a60 method=java.util.HashMap.getNode(ILjava/lang/Object;)Ljava/util/HashMap$Node; @ 126
Event: 5.484 Thread 0x00007f8998132000 Uncommon trap: reason=bimorphic action=maybe_recompile pc=0x00007f8989241a60 method=java.util.HashMap.getNode(ILjava/lang/Object;)Ljava/util/HashMap$Node; @ 126
Event: 5.484 Thread 0x00007f8998132000 Uncommon trap: reason=bimorphic action=maybe_recompile pc=0x00007f8989241a60 method=java.util.HashMap.getNode(ILjava/lang/Object;)Ljava/util/HashMap$Node; @ 126

Internal exceptions (2 events):
Event: 0.113 Thread 0x00007f899800a000 Exception <a 'java/lang/NoSuchMethodError': Method sun.misc.Unsafe.defineClass(Ljava/lang/String;[BII)Ljava/lang/Class; name or signature does not match> (0x00000000eab07cc0) thrown at [/HUDSON3/workspace/8-2-build-linux-amd64/jdk8u101/7261/hotspot/src/sh
Event: 0.113 Thread 0x00007f899800a000 Exception <a 'java/lang/NoSuchMethodError': Method sun.misc.Unsafe.prefetchRead(Ljava/lang/Object;J)V name or signature does not match> (0x00000000eab07fa8) thrown at [/HUDSON3/workspace/8-2-build-linux-amd64/jdk8u101/7261/hotspot/src/share/vm/prims/jni.c

Events (10 events):
Event: 5.407 Thread 0x00007f8998132000 DEOPT UNPACKING pc=0x00007f8989004f69 sp=0x00007f8982a0acc0 mode 2
Event: 5.433 Thread 0x00007f8998132000 Uncommon trap: trap_request=0xffffffc6 fr.pc=0x00007f8989241a60
Event: 5.433 Thread 0x00007f8998132000 DEOPT PACKING pc=0x00007f8989241a60 sp=0x00007f8982a0ad30
Event: 5.433 Thread 0x00007f8998132000 DEOPT UNPACKING pc=0x00007f8989004f69 sp=0x00007f8982a0acc0 mode 2
Event: 5.484 Thread 0x00007f8998132000 Uncommon trap: trap_request=0xffffffc6 fr.pc=0x00007f8989241a60
Event: 5.484 Thread 0x00007f8998132000 DEOPT PACKING pc=0x00007f8989241a60 sp=0x00007f8982a0ad30
Event: 5.484 Thread 0x00007f8998132000 DEOPT UNPACKING pc=0x00007f8989004f69 sp=0x00007f8982a0acc0 mode 2
Event: 5.484 Thread 0x00007f8998132000 Uncommon trap: trap_request=0xffffffc6 fr.pc=0x00007f8989241a60
Event: 5.484 Thread 0x00007f8998132000 DEOPT PACKING pc=0x00007f8989241a60 sp=0x00007f8982a0ad10
Event: 5.484 Thread 0x00007f8998132000 DEOPT UNPACKING pc=0x00007f8989004f69 sp=0x00007f8982a0aca0 mode 2


Dynamic libraries:
00400000-00401000 r-xp 00000000 08:01 3279757                            /usr/lib/jvm/java-8-oracle/bin/java
00600000-00601000 rw-p 00000000 08:01 3279757                            /usr/lib/jvm/java-8-oracle/bin/java
00b66000-00e37000 rw-p 00000000 00:00 0                                  [heap]
c0000000-c1f00000 rw-p 00000000 00:00 0 
c1f00000-eab00000 ---p 00000000 00:00 0 
eab00000-ec600000 rw-p 00000000 00:00 0 
ec600000-100000000 ---p 00000000 00:00 0 
100000000-1000a0000 rw-p 00000000 00:00 0 
1000a0000-140000000 ---p 00000000 00:00 0 
7f8948000000-7f8948021000 rw-p 00000000 00:00 0 
7f8948021000-7f894c000000 ---p 00000000 00:00 0 
7f8950000000-7f8950021000 rw-p 00000000 00:00 0 
7f8950021000-7f8954000000 ---p 00000000 00:00 0 
7f8954000000-7f8954021000 rw-p 00000000 00:00 0 
7f8954021000-7f8958000000 ---p 00000000 00:00 0 
7f8958000000-7f8958021000 rw-p 00000000 00:00 0 
7f8958021000-7f895c000000 ---p 00000000 00:00 0 
7f895c000000-7f895c032000 rw-p 00000000 00:00 0 
7f895c032000-7f8960000000 ---p 00000000 00:00 0 
7f8960000000-7f896054a000 rw-p 00000000 00:00 0 
7f896054a000-7f8964000000 ---p 00000000 00:00 0 
7f8964000000-7f8964021000 rw-p 00000000 00:00 0 
7f8964021000-7f8968000000 ---p 00000000 00:00 0 
7f8968000000-7f8968021000 rw-p 00000000 00:00 0 
7f8968021000-7f896c000000 ---p 00000000 00:00 0 
7f896c000000-7f896c405000 rw-p 00000000 00:00 0 
7f896c405000-7f8970000000 ---p 00000000 00:00 0 
7f8970000000-7f8970021000 rw-p 00000000 00:00 0 
7f8970021000-7f8974000000 ---p 00000000 00:00 0 
7f8974000000-7f8974021000 rw-p 00000000 00:00 0 
7f8974021000-7f8978000000 ---p 00000000 00:00 0 
7f8978000000-7f8978021000 rw-p 00000000 00:00 0 
7f8978021000-7f897c000000 ---p 00000000 00:00 0 
7f897c000000-7f897c021000 rw-p 00000000 00:00 0 
7f897c021000-7f8980000000 ---p 00000000 00:00 0 
7f898280b000-7f898280e000 ---p 00000000 00:00 0 
7f898280e000-7f898290c000 rw-p 00000000 00:00 0                          [stack:3674]
7f898290c000-7f898290f000 ---p 00000000 00:00 0 
7f898290f000-7f8982a0d000 rw-p 00000000 00:00 0                          [stack:3673]
7f8982a0d000-7f8982a10000 ---p 00000000 00:00 0 
7f8982a10000-7f8982b0e000 rw-p 00000000 00:00 0                          [stack:3672]
7f8982b0e000-7f8982b11000 ---p 00000000 00:00 0 
7f8982b11000-7f8982c0f000 rw-p 00000000 00:00 0                          [stack:3671]
7f8982c0f000-7f8982c12000 ---p 00000000 00:00 0 
7f8982c12000-7f8982d10000 rw-p 00000000 00:00 0                          [stack:3670]
7f8982d10000-7f8982d11000 ---p 00000000 00:00 0 
7f8982d11000-7f8982e11000 rw-p 00000000 00:00 0                          [stack:3668]
7f8982e11000-7f8982e14000 ---p 00000000 00:00 0 
7f8982e14000-7f8982f12000 rw-p 00000000 00:00 0                          [stack:3667]
7f8982f12000-7f8982f15000 ---p 00000000 00:00 0 
7f8982f15000-7f8983013000 rw-p 00000000 00:00 0                          [stack:3666]
7f8983013000-7f8983016000 ---p 00000000 00:00 0 
7f8983016000-7f8983114000 rw-p 00000000 00:00 0                          [stack:3665]
7f8983114000-7f8983117000 ---p 00000000 00:00 0 
7f8983117000-7f8983215000 rw-p 00000000 00:00 0                          [stack:3664]
7f8983215000-7f89838f9000 r--p 00000000 08:01 13113697                   /usr/lib/locale/locale-archive
7f89838f9000-7f89838fc000 ---p 00000000 00:00 0 
7f89838fc000-7f89839fa000 rw-p 00000000 00:00 0                          [stack:3663]
7f89839fa000-7f89839fd000 ---p 00000000 00:00 0 
7f89839fd000-7f8983afb000 rw-p 00000000 00:00 0                          [stack:3662]
7f8983afb000-7f8983afc000 ---p 00000000 00:00 0 
7f8983afc000-7f8984000000 rw-p 00000000 00:00 0                          [stack:3661]
7f8984000000-7f8984021000 rw-p 00000000 00:00 0 
7f8984021000-7f8988000000 ---p 00000000 00:00 0 
7f8988023000-7f8988427000 rw-p 00000000 00:00 0 
7f8988427000-7f8988600000 r--s 03d29000 08:01 13118676                   /usr/lib/jvm/java-8-oracle/jre/lib/rt.jar
7f8988600000-7f8988c00000 rw-p 00000000 00:00 0 
7f8988c00000-7f8988e00000 ---p 00000000 00:00 0 
7f8988e00000-7f8989000000 rw-p 00000000 00:00 0 
7f8989000000-7f89892b0000 rwxp 00000000 00:00 0 
7f89892b0000-7f8998000000 ---p 00000000 00:00 0 
7f8998000000-7f8998397000 rw-p 00000000 00:00 0 
7f8998397000-7f899c000000 ---p 00000000 00:00 0 
7f899c004000-7f899e1eb000 rw-p 00000000 00:00 0 
7f899e1eb000-7f899e1ec000 ---p 00000000 00:00 0 
7f899e1ec000-7f899e2ec000 rw-p 00000000 00:00 0                          [stack:3660]
7f899e2ec000-7f899e2ed000 ---p 00000000 00:00 0 
7f899e2ed000-7f899e3fd000 rw-p 00000000 00:00 0                          [stack:3659]
7f899e3fd000-7f899e543000 ---p 00000000 00:00 0 
7f899e543000-7f899e553000 rw-p 00000000 00:00 0 
7f899e553000-7f899e698000 ---p 00000000 00:00 0 
7f899e698000-7f899e6a6000 rw-p 00000000 00:00 0 
7f899e6a6000-7f899e743000 ---p 00000000 00:00 0 
7f899e743000-7f899e74f000 rw-p 00000000 00:00 0 
7f899e74f000-7f899eb04000 ---p 00000000 00:00 0 
7f899eb04000-7f899eb1e000 r-xp 00000000 08:01 13766358                   /usr/lib/jvm/java-8-oracle/jre/lib/amd64/libzip.so
7f899eb1e000-7f899ed1e000 ---p 0001a000 08:01 13766358                   /usr/lib/jvm/java-8-oracle/jre/lib/amd64/libzip.so
7f899ed1e000-7f899ed1f000 rw-p 0001a000 08:01 13766358                   /usr/lib/jvm/java-8-oracle/jre/lib/amd64/libzip.so
7f899ed1f000-7f899ed2a000 r-xp 00000000 08:01 2621673                    /lib/x86_64-linux-gnu/libnss_files-2.15.so
7f899ed2a000-7f899ef29000 ---p 0000b000 08:01 2621673                    /lib/x86_64-linux-gnu/libnss_files-2.15.so
7f899ef29000-7f899ef2a000 r--p 0000a000 08:01 2621673                    /lib/x86_64-linux-gnu/libnss_files-2.15.so
7f899ef2a000-7f899ef2b000 rw-p 0000b000 08:01 2621673                    /lib/x86_64-linux-gnu/libnss_files-2.15.so
7f899ef2b000-7f899ef35000 r-xp 00000000 08:01 2621658                    /lib/x86_64-linux-gnu/libnss_nis-2.15.so
7f899ef35000-7f899f135000 ---p 0000a000 08:01 2621658                    /lib/x86_64-linux-gnu/libnss_nis-2.15.so
7f899f135000-7f899f136000 r--p 0000a000 08:01 2621658                    /lib/x86_64-linux-gnu/libnss_nis-2.15.so
7f899f136000-7f899f137000 rw-p 0000b000 08:01 2621658                    /lib/x86_64-linux-gnu/libnss_nis-2.15.so
7f899f137000-7f899f14e000 r-xp 00000000 08:01 2621667                    /lib/x86_64-linux-gnu/libnsl-2.15.so
7f899f14e000-7f899f34d000 ---p 00017000 08:01 2621667                    /lib/x86_64-linux-gnu/libnsl-2.15.so
7f899f34d000-7f899f34e000 r--p 00016000 08:01 2621667                    /lib/x86_64-linux-gnu/libnsl-2.15.so
7f899f34e000-7f899f34f000 rw-p 00017000 08:01 2621667                    /lib/x86_64-linux-gnu/libnsl-2.15.so
7f899f34f000-7f899f351000 rw-p 00000000 00:00 0 
7f899f351000-7f899f359000 r-xp 00000000 08:01 2621672                    /lib/x86_64-linux-gnu/libnss_compat-2.15.so
7f899f359000-7f899f558000 ---p 00008000 08:01 2621672                    /lib/x86_64-linux-gnu/libnss_compat-2.15.so
7f899f558000-7f899f559000 r--p 00007000 08:01 2621672                    /lib/x86_64-linux-gnu/libnss_compat-2.15.so
7f899f559000-7f899f55a000 rw-p 00008000 08:01 2621672                    /lib/x86_64-linux-gnu/libnss_compat-2.15.so
7f899f55a000-7f899f584000 r-xp 00000000 08:01 13766323                   /usr/lib/jvm/java-8-oracle/jre/lib/amd64/libjava.so
7f899f584000-7f899f784000 ---p 0002a000 08:01 13766323                   /usr/lib/jvm/java-8-oracle/jre/lib/amd64/libjava.so
7f899f784000-7f899f786000 rw-p 0002a000 08:01 13766323                   /usr/lib/jvm/java-8-oracle/jre/lib/amd64/libjava.so
7f899f786000-7f899f793000 r-xp 00000000 08:01 13766361                   /usr/lib/jvm/java-8-oracle/jre/lib/amd64/libverify.so
7f899f793000-7f899f993000 ---p 0000d000 08:01 13766361                   /usr/lib/jvm/java-8-oracle/jre/lib/amd64/libverify.so
7f899f993000-7f899f995000 rw-p 0000d000 08:01 13766361                   /usr/lib/jvm/java-8-oracle/jre/lib/amd64/libverify.so
7f899f995000-7f899f99c000 r-xp 00000000 08:01 2621660                    /lib/x86_64-linux-gnu/librt-2.15.so
7f899f99c000-7f899fb9b000 ---p 00007000 08:01 2621660                    /lib/x86_64-linux-gnu/librt-2.15.so
7f899fb9b000-7f899fb9c000 r--p 00006000 08:01 2621660                    /lib/x86_64-linux-gnu/librt-2.15.so
7f899fb9c000-7f899fb9d000 rw-p 00007000 08:01 2621660                    /lib/x86_64-linux-gnu/librt-2.15.so
7f899fb9d000-7f899fc98000 r-xp 00000000 08:01 2621674                    /lib/x86_64-linux-gnu/libm-2.15.so
7f899fc98000-7f899fe97000 ---p 000fb000 08:01 2621674                    /lib/x86_64-linux-gnu/libm-2.15.so
7f899fe97000-7f899fe98000 r--p 000fa000 08:01 2621674                    /lib/x86_64-linux-gnu/libm-2.15.so
7f899fe98000-7f899fe99000 rw-p 000fb000 08:01 2621674                    /lib/x86_64-linux-gnu/libm-2.15.so
7f899fe99000-7f89a0b64000 r-xp 00000000 08:01 13894575                   /usr/lib/jvm/java-8-oracle/jre/lib/amd64/server/libjvm.so
7f89a0b64000-7f89a0d63000 ---p 00ccb000 08:01 13894575                   /usr/lib/jvm/java-8-oracle/jre/lib/amd64/server/libjvm.so
7f89a0d63000-7f89a0e3c000 rw-p 00cca000 08:01 13894575                   /usr/lib/jvm/java-8-oracle/jre/lib/amd64/server/libjvm.so
7f89a0e3c000-7f89a0e87000 rw-p 00000000 00:00 0 
7f89a0e87000-7f89a103b000 r-xp 00000000 08:01 2621665                    /lib/x86_64-linux-gnu/libc-2.15.so
7f89a103b000-7f89a123a000 ---p 001b4000 08:01 2621665                    /lib/x86_64-linux-gnu/libc-2.15.so
7f89a123a000-7f89a123e000 r--p 001b3000 08:01 2621665                    /lib/x86_64-linux-gnu/libc-2.15.so
7f89a123e000-7f89a1240000 rw-p 001b7000 08:01 2621665                    /lib/x86_64-linux-gnu/libc-2.15.so
7f89a1240000-7f89a1245000 rw-p 00000000 00:00 0 
7f89a1245000-7f89a1247000 r-xp 00000000 08:01 2621657                    /lib/x86_64-linux-gnu/libdl-2.15.so
7f89a1247000-7f89a1447000 ---p 00002000 08:01 2621657                    /lib/x86_64-linux-gnu/libdl-2.15.so
7f89a1447000-7f89a1448000 r--p 00002000 08:01 2621657                    /lib/x86_64-linux-gnu/libdl-2.15.so
7f89a1448000-7f89a1449000 rw-p 00003000 08:01 2621657                    /lib/x86_64-linux-gnu/libdl-2.15.so
7f89a1449000-7f89a145e000 r-xp 00000000 08:01 2627921                    /usr/lib/jvm/java-8-oracle/lib/amd64/jli/libjli.so
7f89a145e000-7f89a165e000 ---p 00015000 08:01 2627921                    /usr/lib/jvm/java-8-oracle/lib/amd64/jli/libjli.so
7f89a165e000-7f89a165f000 rw-p 00015000 08:01 2627921                    /usr/lib/jvm/java-8-oracle/lib/amd64/jli/libjli.so
7f89a165f000-7f89a1677000 r-xp 00000000 08:01 2621668                    /lib/x86_64-linux-gnu/libpthread-2.15.so
7f89a1677000-7f89a1876000 ---p 00018000 08:01 2621668                    /lib/x86_64-linux-gnu/libpthread-2.15.so
7f89a1876000-7f89a1877000 r--p 00017000 08:01 2621668                    /lib/x86_64-linux-gnu/libpthread-2.15.so
7f89a1877000-7f89a1878000 rw-p 00018000 08:01 2621668                    /lib/x86_64-linux-gnu/libpthread-2.15.so
7f89a1878000-7f89a187c000 rw-p 00000000 00:00 0 
7f89a187c000-7f89a189e000 r-xp 00000000 08:01 2621671                    /lib/x86_64-linux-gnu/ld-2.15.so
7f89a18a3000-7f89a197e000 rw-p 00000000 00:00 0 
7f89a197e000-7f89a1981000 ---p 00000000 00:00 0 
7f89a1981000-7f89a1a83000 rw-p 00000000 00:00 0                          [stack:3656]
7f89a1a83000-7f89a1a92000 r--s 000df000 08:01 11274850                   /root/Android/Sdk/build-tools/23.0.3/lib/dx.jar
7f89a1a92000-7f89a1a9a000 rw-s 00000000 08:01 4849842                    /tmp/hsperfdata_root/3651
7f89a1a9a000-7f89a1a9b000 rw-p 00000000 00:00 0 
7f89a1a9b000-7f89a1a9c000 ---p 00000000 00:00 0 
7f89a1a9c000-7f89a1a9e000 rw-p 00000000 00:00 0 
7f89a1a9e000-7f89a1a9f000 r--p 00022000 08:01 2621671                    /lib/x86_64-linux-gnu/ld-2.15.so
7f89a1a9f000-7f89a1aa1000 rw-p 00023000 08:01 2621671                    /lib/x86_64-linux-gnu/ld-2.15.so
7ffd5c41f000-7ffd5c440000 rw-p 00000000 00:00 0                          [stack]
7ffd5c4d3000-7ffd5c4d5000 r-xp 00000000 00:00 0                          [vdso]
ffffffffff600000-ffffffffff601000 r-xp 00000000 00:00 0                  [vsyscall]

VM Arguments:
jvm_args: -Djava.awt.headless=true -Xmx1024M -Dfile.encoding=UTF-8 -Duser.country=US -Duser.language=en -Duser.variant 
java_command: com.android.dx.command.Main --dex --num-threads=4 --output /home/lin/other/AndroidProjects/Radio/app/build/intermediates/pre-dexed/debug/debug_4494840425f35f9b88898c4e537e7dcf5593f492.jar /home/lin/other/AndroidProjects/Radio/app/build/intermediates/classes/debug
java_class_path (initial): /root/Android/Sdk/build-tools/23.0.3/lib/dx.jar
Launcher Type: SUN_STANDARD

Environment Variables:
PATH=/usr/local/sbin:/usr/local/bin:/usr/sbin:/usr/bin:/sbin:/bin
USERNAME=root
LD_LIBRARY_PATH=/opt/android-studio/bin:
SHELL=/bin/bash
DISPLAY=:0.0

Signal Handlers:
SIGSEGV: [libjvm.so+0xac4790], sa_mask[0]=11111111011111111101111111111110, sa_flags=SA_RESTART|SA_SIGINFO
SIGBUS: [libjvm.so+0xac4790], sa_mask[0]=11111111011111111101111111111110, sa_flags=SA_RESTART|SA_SIGINFO
SIGFPE: [libjvm.so+0x91f140], sa_mask[0]=11111111011111111101111111111110, sa_flags=SA_RESTART|SA_SIGINFO
SIGPIPE: [libjvm.so+0x91f140], sa_mask[0]=11111111011111111101111111111110, sa_flags=SA_RESTART|SA_SIGINFO
SIGXFSZ: [libjvm.so+0x91f140], sa_mask[0]=11111111011111111101111111111110, sa_flags=SA_RESTART|SA_SIGINFO
SIGILL: [libjvm.so+0x91f140], sa_mask[0]=11111111011111111101111111111110, sa_flags=SA_RESTART|SA_SIGINFO
SIGUSR1: SIG_DFL, sa_mask[0]=00000000000000000000000000000000, sa_flags=none
SIGUSR2: [libjvm.so+0x920770], sa_mask[0]=00100000000000000000000000000000, sa_flags=SA_RESTART|SA_SIGINFO
SIGHUP: [libjvm.so+0x921b70], sa_mask[0]=11111111011111111101111111111110, sa_flags=SA_RESTART|SA_SIGINFO
SIGINT: [libjvm.so+0x921b70], sa_mask[0]=11111111011111111101111111111110, sa_flags=SA_RESTART|SA_SIGINFO
SIGTERM: [libjvm.so+0x921b70], sa_mask[0]=11111111011111111101111111111110, sa_flags=SA_RESTART|SA_SIGINFO
SIGQUIT: [libjvm.so+0x921b70], sa_mask[0]=11111111011111111101111111111110, sa_flags=SA_RESTART|SA_SIGINFO


---------------  S Y S T E M  ---------------

OS:DISTRIB_ID=Ubuntu
DISTRIB_RELEASE=12.04
DISTRIB_CODENAME=precise
DISTRIB_DESCRIPTION="Ubuntu 12.04.5 LTS"

uname:Linux 3.13.0-95-generic #142~precise1-Ubuntu SMP Fri Aug 12 18:20:15 UTC 2016 x86_64
libc:glibc 2.15 NPTL 2.15 
rlimit: STACK 8192k, CORE 0k, NPROC 22873, NOFILE 4096, AS infinity
load average:2.36 1.85 1.23

/proc/meminfo:
MemTotal:        2948840 kB
MemFree:          155472 kB
Buffers:           83712 kB
Cached:          1005756 kB
SwapCached:            0 kB
Active:          1902132 kB
Inactive:         714328 kB
Active(anon):    1528240 kB
Inactive(anon):    93368 kB
Active(file):     373892 kB
Inactive(file):   620960 kB
Unevictable:           0 kB
Mlocked:               0 kB
SwapTotal:       3008508 kB
SwapFree:        3008508 kB
Dirty:              1292 kB
Writeback:             0 kB
AnonPages:       1528992 kB
Mapped:           129448 kB
Shmem:             94612 kB
Slab:              91384 kB
SReclaimable:      66560 kB
SUnreclaim:        24824 kB
KernelStack:        3952 kB
PageTables:        29224 kB
NFS_Unstable:          0 kB
Bounce:                0 kB
WritebackTmp:          0 kB
CommitLimit:     4482928 kB
Committed_AS:    3637820 kB
VmallocTotal:   34359738367 kB
VmallocUsed:      346432 kB
VmallocChunk:   34359384668 kB
HardwareCorrupted:     0 kB
AnonHugePages:    706560 kB
HugePages_Total:       0
HugePages_Free:        0
HugePages_Rsvd:        0
HugePages_Surp:        0
Hugepagesize:       2048 kB
DirectMap4k:       55684 kB
DirectMap2M:     2955264 kB


CPU:total 2 (2 cores per cpu, 1 threads per core) family 6 model 15 stepping 13, cmov, cx8, fxsr, mmx, sse, sse2, sse3, ssse3, tsc

/proc/cpuinfo:
processor	: 0
vendor_id	: GenuineIntel
cpu family	: 6
model		: 15
model name	: Genuine Intel(R) CPU           T1600  @ 1.66GHz
stepping	: 13
microcode	: 0xa3
cpu MHz		: 1662.579
cache size	: 1024 KB
physical id	: 0
siblings	: 2
core id		: 0
cpu cores	: 2
apicid		: 0
initial apicid	: 0
fpu		: yes
fpu_exception	: yes
cpuid level	: 10
wp		: yes
flags		: fpu vme de pse tsc msr pae mce cx8 apic sep mtrr pge mca cmov pat pse36 clflush dts acpi mmx fxsr sse sse2 ss ht tm pbe syscall nx lm constant_tsc arch_perfmon pebs bts rep_good nopl aperfmperf pni dtes64 monitor ds_cpl tm2 ssse3 cx16 xtpr pdcm lahf_lm dtherm
bogomips	: 3325.15
clflush size	: 64
cache_alignment	: 64
address sizes	: 36 bits physical, 48 bits virtual
power management:

processor	: 1
vendor_id	: GenuineIntel
cpu family	: 6
model		: 15
model name	: Genuine Intel(R) CPU           T1600  @ 1.66GHz
stepping	: 13
microcode	: 0xa3
cpu MHz		: 1662.579
cache size	: 1024 KB
physical id	: 0
siblings	: 2
core id		: 1
cpu cores	: 2
apicid		: 1
initial apicid	: 1
fpu		: yes
fpu_exception	: yes
cpuid level	: 10
wp		: yes
flags		: fpu vme de pse tsc msr pae mce cx8 apic sep mtrr pge mca cmov pat pse36 clflush dts acpi mmx fxsr sse sse2 ss ht tm pbe syscall nx lm constant_tsc arch_perfmon pebs bts rep_good nopl aperfmperf pni dtes64 monitor ds_cpl tm2 ssse3 cx16 xtpr pdcm lahf_lm dtherm
bogomips	: 3325.15
clflush size	: 64
cache_alignment	: 64
address sizes	: 36 bits physical, 48 bits virtual
power management:



Memory: 4k page, physical 2948840k(155472k free), swap 3008508k(3008508k free)

vm_info: Java HotSpot(TM) 64-Bit Server VM (25.101-b13) for linux-amd64 JRE (1.8.0_101-b13), built on Jun 22 2016 02:59:44 by "java_re" with gcc 4.3.0 20080428 (Red Hat 4.3.0-8)

time: Thu Sep  8 18:13:32 2016
elapsed time: 6 seconds (0d 0h 0m 6s)

