#
# A fatal error has been detected by the Java Runtime Environment:
#
#  SIGSEGV (0xb) at pc=0x00007f8d4e6eebb3, pid=3232, tid=0x00007f8d4c742700
#
# JRE version: Java(TM) SE Runtime Environment (8.0_101-b13) (build 1.8.0_101-b13)
# Java VM: Java HotSpot(TM) 64-Bit Server VM (25.101-b13 mixed mode linux-amd64 compressed oops)
# Problematic frame:
# V  [libjvm.so+0x3febb3]  CardTableExtension::scavenge_contents_parallel(ObjectStartArray*, MutableSpace*, HeapWord*, PSPromotionManager*, unsigned int, unsigned int)+0x573
#
# Failed to write core dump. Core dumps have been disabled. To enable core dumping, try "ulimit -c unlimited" before starting Java again
#
# If you would like to submit a bug report, please visit:
#   http://bugreport.java.com/bugreport/crash.jsp
#

---------------  T H R E A D  ---------------

Current thread (0x00007f8d48021000):  GCTaskThread [stack: 0x00007f8d4c642000,0x00007f8d4c743000] [id=3239]

siginfo: si_signo: 11 (SIGSEGV), si_code: 2 (SEGV_ACCERR), si_addr: 0x0000000100211798

Registers:
RAX=0x00007f8d4f27db90, RBX=0x00000000c0304030, RCX=0x0000000000000003, RDX=0x00007f8d4f2a2059
RSP=0x00007f8d4c741c20, RBP=0x00007f8d4c741cd0, RSI=0x0000000000000018, RDI=0x0000000100211790
R8 =0x00007f8d4f27db80, R9 =0x00007f8d4f2b1290, R10=0x00000000eb70bba8, R11=0x00007f8d4c741bd0
R12=0x00000000c0309a00, R13=0x00007f8d4c99b84d, R14=0x00007f8d4801ae40, R15=0x00007f8d4c99b881
RIP=0x00007f8d4e6eebb3, EFLAGS=0x0000000000010206, CSGSFS=0x0000000000000033, ERR=0x0000000000000004
  TRAPNO=0x000000000000000e

Top of Stack: (sp=0x00007f8d4c741c20)
0x00007f8d4c741c20:   00007f8d4801ecd0 00007f8d4c99b880
0x00007f8d4c741c30:   00007f8d4c99b801 00007f8d4f2a2059
0x00007f8d4c741c40:   00007f8d480712c0 00000000c03f87b8
0x00007f8d4c741c50:   00007f8d4801ab80 00007f8d4c99bfc4
0x00007f8d4c741c60:   00000000c0303a08 0000000000000100
0x00007f8d4c741c70:   00000000c0310010 00007f8d4c99b81e
0x00007f8d4c741c80:   0000000000000240 00007f8d4c99b900
0x00007f8d4c741c90:   00007f8d4c99b900 00007f8d4c99b84d
0x00007f8d4c741ca0:   00007f8d4c99b81e 00007f8d48023660
0x00007f8d4c741cb0:   00007f8d480712c0 0000000000000001
0x00007f8d4c741cc0:   00007f8d480215a0 00007f8d4ee3fb16
0x00007f8d4c741cd0:   00007f8d4c741d00 00007f8d4ec7f6eb
0x00007f8d4c741ce0:   00007f8d00000002 0000000000000003
0x00007f8d4c741cf0:   00007f8d48023660 00007f8d48021000
0x00007f8d4c741d00:   00007f8d4c741e10 00007f8d4e8c6b5f
0x00007f8d4c741d10:   0000000000000000 00007f8d4c741d50
0x00007f8d4c741d20:   00007f8d4c741dd0 0000000000000000
0x00007f8d4c741d30:   00007f8d480215e0 00007f8d480215f0
0x00007f8d4c741d40:   00007f8d480219c8 00000000000003d8
0x00007f8d4c741d50:   00007f8d48021000 00007f8d480219d0
0x00007f8d4c741d60:   00007f8d48021a10 00007f8d48021a20
0x00007f8d4c741d70:   00007f8d48021af8 00000000000000d8
0x00007f8d4c741d80:   00007f8d4c741d90 00007f8d4ebce897
0x00007f8d4c741d90:   00007f8d48021000 00007f8d480219d0
0x00007f8d4c741da0:   00007f8d48021a10 00007f8d48021a20
0x00007f8d4c741db0:   00007f8d48021af8 00000000000000d8
0x00007f8d4c741dc0:   00007f8d48021c30 00007f8d4ebcf156
0x00007f8d4c741dd0:   0000000000000000 00007f8d48021000
0x00007f8d4c741de0:   00007f8d4c741e10 0000000000000000
0x00007f8d4c741df0:   00007f8d480225a0 00007f8d480224b0
0x00007f8d4c741e00:   00007f8d48021000 0000000000000003
0x00007f8d4c741e10:   00007f8d4c741ee0 00007f8d4ec14698 

Instructions: (pc=0x00007f8d4e6eebb3)
0x00007f8d4e6eeb93:   04 00 00 48 98 48 89 45 b0 eb 6d 66 90 48 8b 05
0x00007f8d4e6eeba3:   e1 fe b6 00 8b 7b 08 8b 48 08 48 d3 e7 48 03 38
0x00007f8d4e6eebb3:   81 7f 08 ff ff ff bf 76 70 48 8b 8d 68 ff ff ff
0x00007f8d4e6eebc3:   0f b6 11 84 d2 0f 84 22 04 00 00 48 8b 05 b3 fe 

Register to memory mapping:

RAX=0x00007f8d4f27db90: <offset 0xf8db90> in /usr/lib/jvm/java-8-oracle/jre/lib/amd64/server/libjvm.so at 0x00007f8d4e2f0000
RBX=
[error occurred during error reporting (printing register info), id 0xb]

Stack: [0x00007f8d4c642000,0x00007f8d4c743000],  sp=0x00007f8d4c741c20,  free space=1023k
Native frames: (J=compiled Java code, j=interpreted, Vv=VM code, C=native code)
V  [libjvm.so+0x3febb3]  CardTableExtension::scavenge_contents_parallel(ObjectStartArray*, MutableSpace*, HeapWord*, PSPromotionManager*, unsigned int, unsigned int)+0x573
V  [libjvm.so+0x98f6eb]  OldToYoungRootsTask::do_it(GCTaskManager*, unsigned int)+0x4b
V  [libjvm.so+0x5d6b5f]  GCTaskThread::run()+0x12f
V  [libjvm.so+0x924698]  java_start(Thread*)+0x108


---------------  P R O C E S S  ---------------

Java Threads: ( => current thread )
  0x00007f8d4815d000 JavaThread "pool-1-thread-4" [_thread_blocked, id=3256, stack(0x00007f8d30b0e000,0x00007f8d30c0f000)]
  0x00007f8d4815c000 JavaThread "pool-1-thread-3" [_thread_blocked, id=3254, stack(0x00007f8d30c0f000,0x00007f8d30d10000)]
  0x00007f8d4815a000 JavaThread "pool-1-thread-2" [_thread_blocked, id=3253, stack(0x00007f8d30d10000,0x00007f8d30e11000)]
  0x00007f8d48157000 JavaThread "pool-2-thread-1" [_thread_blocked, id=3252, stack(0x00007f8d30e11000,0x00007f8d30f12000)]
  0x00007f8d48155800 JavaThread "pool-1-thread-1" [_thread_blocked, id=3251, stack(0x00007f8d30f12000,0x00007f8d31013000)]
  0x00007f8d480c4000 JavaThread "Service Thread" daemon [_thread_blocked, id=3246, stack(0x00007f8d31114000,0x00007f8d31215000)]
  0x00007f8d480b7800 JavaThread "C1 CompilerThread1" daemon [_thread_blocked, id=3245, stack(0x00007f8d31215000,0x00007f8d31316000)]
  0x00007f8d480b4800 JavaThread "C2 CompilerThread0" daemon [_thread_blocked, id=3244, stack(0x00007f8d31316000,0x00007f8d31417000)]
  0x00007f8d480b3000 JavaThread "Signal Dispatcher" daemon [_thread_blocked, id=3243, stack(0x00007f8d31417000,0x00007f8d31518000)]
  0x00007f8d48080000 JavaThread "Finalizer" daemon [_thread_blocked, id=3242, stack(0x00007f8d31bfc000,0x00007f8d31cfd000)]
  0x00007f8d4807b800 JavaThread "Reference Handler" daemon [_thread_blocked, id=3241, stack(0x00007f8d31cfd000,0x00007f8d31dfe000)]
  0x00007f8d4800a000 JavaThread "main" [_thread_blocked, id=3235, stack(0x00007f8d4fdd5000,0x00007f8d4fed6000)]

Other Threads:
  0x00007f8d48073800 VMThread [stack: 0x00007f8d31dfe000,0x00007f8d31eff000] [id=3240]
  0x00007f8d480c7000 WatcherThread [stack: 0x00007f8d31013000,0x00007f8d31114000] [id=3247]

=>0x00007f8d48021000 (exited) GCTaskThread [stack: 0x00007f8d4c642000,0x00007f8d4c743000] [id=3239]

VM state:at safepoint (normal execution)

VM Mutex/Monitor currently owned by a thread:  ([mutex/lock_event])
[0x00007f8d480064c0] Threads_lock - owner thread: 0x00007f8d48073800
[0x00007f8d480069c0] Heap_lock - owner thread: 0x00007f8d4800a000

Heap:
 PSYoungGen      total 13824K, used 13824K [0x00000000eab00000, 0x00000000ec600000, 0x0000000100000000)
  eden space 12288K, 100% used [0x00000000eab00000,0x00000000eb700000,0x00000000eb700000)
  from space 1536K, 100% used [0x00000000eb880000,0x00000000eba00000,0x00000000eba00000)
  to   space 1536K, 99% used [0x00000000eb700000,0x00000000eb87cb08,0x00000000eb880000)
 ParOldGen       total 31744K, used 6033K [0x00000000c0000000, 0x00000000c1f00000, 0x00000000eab00000)
  object space 31744K, 19% used [0x00000000c0000000,0x00000000c05e47f8,0x00000000c1f00000)
 Metaspace       used 5696K, capacity 6704K, committed 6784K, reserved 1056768K
  class space    used 589K, capacity 616K, committed 640K, reserved 1048576K

Card table byte_map: [0x00007f8d4c99a000,0x00007f8d4cb9b000] byte_map_base: 0x00007f8d4c39a000

Marking Bits: (ParMarkBitMap*) 0x00007f8d4f2b1120
 Begin Bits: [0x00007f8d32000000, 0x00007f8d33000000)
 End Bits:   [0x00007f8d33000000, 0x00007f8d34000000)

Polling page: 0x00007f8d4fef2000

CodeCache: size=245760Kb used=2663Kb max_used=2663Kb free=243096Kb
 bounds [0x00007f8d39000000, 0x00007f8d392a0000, 0x00007f8d48000000]
 total_blobs=927 nmethods=659 adapters=182
 compilation: enabled

Compilation events (10 events):
Event: 5.961 Thread 0x00007f8d480b7800 nmethod 801 0x00007f8d39291510 code [0x00007f8d392916a0, 0x00007f8d392918e8]
Event: 5.961 Thread 0x00007f8d480b7800  798       2       com.android.dx.ssa.back.FirstFitLocalCombiningAllocator::getParameterIndexForReg (55 bytes)
Event: 5.972 Thread 0x00007f8d480b7800 nmethod 798 0x00007f8d39291a50 code [0x00007f8d39291be0, 0x00007f8d39291e68]
Event: 5.972 Thread 0x00007f8d480b7800  857       2       com.android.dx.ssa.SsaBasicBlock::newFromRop (183 bytes)
Event: 5.983 Thread 0x00007f8d480b7800 nmethod 857 0x00007f8d39293550 code [0x00007f8d39293760, 0x00007f8d39293ef8]
Event: 5.983 Thread 0x00007f8d480b7800  856       2       com.android.dx.ssa.SCCP::simulatePhiBlock (50 bytes)
Event: 6.009 Thread 0x00007f8d480b7800 nmethod 856 0x00007f8d39299110 code [0x00007f8d392992a0, 0x00007f8d39299618]
Event: 6.009 Thread 0x00007f8d480b7800  859       2       com.android.dx.ssa.back.SsaToRop::convertInsns (53 bytes)
Event: 6.011 Thread 0x00007f8d480b7800 nmethod 859 0x00007f8d39299850 code [0x00007f8d39299a60, 0x00007f8d3929a168]
Event: 6.011 Thread 0x00007f8d480b7800  861       2       com.android.dx.ssa.SsaBasicBlock::getRopLabelSuccessorList (57 bytes)

GC Heap History (5 events):
Event: 3.484 GC heap before
{Heap before GC invocations=1 (full 0):
 PSYoungGen      total 13824K, used 12288K [0x00000000eab00000, 0x00000000eba00000, 0x0000000100000000)
  eden space 12288K, 100% used [0x00000000eab00000,0x00000000eb700000,0x00000000eb700000)
  from space 1536K, 0% used [0x00000000eb880000,0x00000000eb880000,0x00000000eba00000)
  to   space 1536K, 0% used [0x00000000eb700000,0x00000000eb700000,0x00000000eb880000)
 ParOldGen       total 31744K, used 0K [0x00000000c0000000, 0x00000000c1f00000, 0x00000000eab00000)
  object space 31744K, 0% used [0x00000000c0000000,0x00000000c0000000,0x00000000c1f00000)
 Metaspace       used 5428K, capacity 6448K, committed 6528K, reserved 1056768K
  class space    used 586K, capacity 616K, committed 640K, reserved 1048576K
Event: 3.511 GC heap after
Heap after GC invocations=1 (full 0):
 PSYoungGen      total 13824K, used 1514K [0x00000000eab00000, 0x00000000eba00000, 0x0000000100000000)
  eden space 12288K, 0% used [0x00000000eab00000,0x00000000eab00000,0x00000000eb700000)
  from space 1536K, 98% used [0x00000000eb700000,0x00000000eb87aab0,0x00000000eb880000)
  to   space 1536K, 0% used [0x00000000eb880000,0x00000000eb880000,0x00000000eba00000)
 ParOldGen       total 31744K, used 1879K [0x00000000c0000000, 0x00000000c1f00000, 0x00000000eab00000)
  object space 31744K, 5% used [0x00000000c0000000,0x00000000c01d5e20,0x00000000c1f00000)
 Metaspace       used 5428K, capacity 6448K, committed 6528K, reserved 1056768K
  class space    used 586K, capacity 616K, committed 640K, reserved 1048576K
}
Event: 4.765 GC heap before
{Heap before GC invocations=2 (full 0):
 PSYoungGen      total 13824K, used 13802K [0x00000000eab00000, 0x00000000eba00000, 0x0000000100000000)
  eden space 12288K, 100% used [0x00000000eab00000,0x00000000eb700000,0x00000000eb700000)
  from space 1536K, 98% used [0x00000000eb700000,0x00000000eb87aab0,0x00000000eb880000)
  to   space 1536K, 0% used [0x00000000eb880000,0x00000000eb880000,0x00000000eba00000)
 ParOldGen       total 31744K, used 1879K [0x00000000c0000000, 0x00000000c1f00000, 0x00000000eab00000)
  object space 31744K, 5% used [0x00000000c0000000,0x00000000c01d5e20,0x00000000c1f00000)
 Metaspace       used 5659K, capacity 6640K, committed 6784K, reserved 1056768K
  class space    used 589K, capacity 616K, committed 640K, reserved 1048576K
Event: 4.910 GC heap after
Heap after GC invocations=2 (full 0):
 PSYoungGen      total 13824K, used 1536K [0x00000000eab00000, 0x00000000ec600000, 0x0000000100000000)
  eden space 12288K, 0% used [0x00000000eab00000,0x00000000eab00000,0x00000000eb700000)
  from space 1536K, 100% used [0x00000000eb880000,0x00000000eba00000,0x00000000eba00000)
  to   space 1536K, 0% used [0x00000000eb700000,0x00000000eb700000,0x00000000eb880000)
 ParOldGen       total 31744K, used 4065K [0x00000000c0000000, 0x00000000c1f00000, 0x00000000eab00000)
  object space 31744K, 12% used [0x00000000c0000000,0x00000000c03f87b8,0x00000000c1f00000)
 Metaspace       used 5659K, capacity 6640K, committed 6784K, reserved 1056768K
  class space    used 589K, capacity 616K, committed 640K, reserved 1048576K
}
Event: 6.048 GC heap before
{Heap before GC invocations=3 (full 0):
 PSYoungGen      total 13824K, used 13824K [0x00000000eab00000, 0x00000000ec600000, 0x0000000100000000)
  eden space 12288K, 100% used [0x00000000eab00000,0x00000000eb700000,0x00000000eb700000)
  from space 1536K, 100% used [0x00000000eb880000,0x00000000eba00000,0x00000000eba00000)
  to   space 1536K, 0% used [0x00000000eb700000,0x00000000eb700000,0x00000000eb880000)
 ParOldGen       total 31744K, used 4065K [0x00000000c0000000, 0x00000000c1f00000, 0x00000000eab00000)
  object space 31744K, 12% used [0x00000000c0000000,0x00000000c03f87b8,0x00000000c1f00000)
 Metaspace       used 5696K, capacity 6704K, committed 6784K, reserved 1056768K
  class space    used 589K, capacity 616K, committed 640K, reserved 1048576K

Deoptimization events (6 events):
Event: 2.203 Thread 0x00007f8d4800a000 Uncommon trap: reason=unstable_if action=reinterpret pc=0x00007f8d391592d0 method=java.lang.String.indexOf(II)I @ 49
Event: 5.022 Thread 0x00007f8d4815c000 Uncommon trap: reason=bimorphic action=maybe_recompile pc=0x00007f8d391fa1b8 method=java.util.HashMap.getNode(ILjava/lang/Object;)Ljava/util/HashMap$Node; @ 126
Event: 5.143 Thread 0x00007f8d4815c000 Uncommon trap: reason=bimorphic action=maybe_recompile pc=0x00007f8d391fa1b8 method=java.util.HashMap.getNode(ILjava/lang/Object;)Ljava/util/HashMap$Node; @ 126
Event: 5.144 Thread 0x00007f8d4815c000 Uncommon trap: reason=bimorphic action=maybe_recompile pc=0x00007f8d391fa1b8 method=java.util.HashMap.getNode(ILjava/lang/Object;)Ljava/util/HashMap$Node; @ 126
Event: 5.151 Thread 0x00007f8d4815c000 Uncommon trap: reason=bimorphic action=maybe_recompile pc=0x00007f8d391fa1b8 method=java.util.HashMap.getNode(ILjava/lang/Object;)Ljava/util/HashMap$Node; @ 126
Event: 5.151 Thread 0x00007f8d4815c000 Uncommon trap: reason=bimorphic action=maybe_recompile pc=0x00007f8d391dd8cc method=java.util.HashMap.getNode(ILjava/lang/Object;)Ljava/util/HashMap$Node; @ 126

Internal exceptions (2 events):
Event: 0.202 Thread 0x00007f8d4800a000 Exception <a 'java/lang/NoSuchMethodError': Method sun.misc.Unsafe.defineClass(Ljava/lang/String;[BII)Ljava/lang/Class; name or signature does not match> (0x00000000eab07cc0) thrown at [/HUDSON3/workspace/8-2-build-linux-amd64/jdk8u101/7261/hotspot/src/sh
Event: 0.203 Thread 0x00007f8d4800a000 Exception <a 'java/lang/NoSuchMethodError': Method sun.misc.Unsafe.prefetchRead(Ljava/lang/Object;J)V name or signature does not match> (0x00000000eab07fa8) thrown at [/HUDSON3/workspace/8-2-build-linux-amd64/jdk8u101/7261/hotspot/src/share/vm/prims/jni.c

Events (10 events):
Event: 5.144 Thread 0x00007f8d4815c000 Uncommon trap: trap_request=0xffffffc6 fr.pc=0x00007f8d391fa1b8
Event: 5.151 Thread 0x00007f8d4815c000 DEOPT PACKING pc=0x00007f8d391fa1b8 sp=0x00007f8d30d0de10
Event: 5.151 Thread 0x00007f8d4815c000 DEOPT UNPACKING pc=0x00007f8d39004f69 sp=0x00007f8d30d0dd58 mode 2
Event: 5.151 Thread 0x00007f8d4815c000 Uncommon trap: trap_request=0xffffffc6 fr.pc=0x00007f8d391fa1b8
Event: 5.151 Thread 0x00007f8d4815c000 DEOPT PACKING pc=0x00007f8d391fa1b8 sp=0x00007f8d30d0de10
Event: 5.151 Thread 0x00007f8d4815c000 DEOPT UNPACKING pc=0x00007f8d39004f69 sp=0x00007f8d30d0dd58 mode 2
Event: 5.151 Thread 0x00007f8d4815c000 Uncommon trap: trap_request=0xffffffc6 fr.pc=0x00007f8d391dd8cc
Event: 5.151 Thread 0x00007f8d4815c000 DEOPT PACKING pc=0x00007f8d391dd8cc sp=0x00007f8d30d0da70
Event: 5.151 Thread 0x00007f8d4815c000 DEOPT UNPACKING pc=0x00007f8d39004f69 sp=0x00007f8d30d0da18 mode 2
Event: 6.024 Executing VM operation: ParallelGCFailedAllocation


Dynamic libraries:
00400000-00401000 r-xp 00000000 08:01 3279757                            /usr/lib/jvm/java-8-oracle/bin/java
00600000-00601000 rw-p 00000000 08:01 3279757                            /usr/lib/jvm/java-8-oracle/bin/java
019fd000-01a1e000 rw-p 00000000 00:00 0                                  [heap]
c0000000-c1f00000 rw-p 00000000 00:00 0 
c1f00000-eab00000 ---p 00000000 00:00 0 
eab00000-ec600000 rw-p 00000000 00:00 0 
ec600000-100000000 ---p 00000000 00:00 0 
100000000-1000a0000 rw-p 00000000 00:00 0 
1000a0000-140000000 ---p 00000000 00:00 0 
7f8cfc000000-7f8cfc021000 rw-p 00000000 00:00 0 
7f8cfc021000-7f8d00000000 ---p 00000000 00:00 0 
7f8d00000000-7f8d00021000 rw-p 00000000 00:00 0 
7f8d00021000-7f8d04000000 ---p 00000000 00:00 0 
7f8d04000000-7f8d04036000 rw-p 00000000 00:00 0 
7f8d04036000-7f8d08000000 ---p 00000000 00:00 0 
7f8d08000000-7f8d08021000 rw-p 00000000 00:00 0 
7f8d08021000-7f8d0c000000 ---p 00000000 00:00 0 
7f8d0c000000-7f8d0c021000 rw-p 00000000 00:00 0 
7f8d0c021000-7f8d10000000 ---p 00000000 00:00 0 
7f8d10000000-7f8d10021000 rw-p 00000000 00:00 0 
7f8d10021000-7f8d14000000 ---p 00000000 00:00 0 
7f8d14000000-7f8d1444f000 rw-p 00000000 00:00 0 
7f8d1444f000-7f8d18000000 ---p 00000000 00:00 0 
7f8d18000000-7f8d18712000 rw-p 00000000 00:00 0 
7f8d18712000-7f8d1c000000 ---p 00000000 00:00 0 
7f8d1c000000-7f8d1c021000 rw-p 00000000 00:00 0 
7f8d1c021000-7f8d20000000 ---p 00000000 00:00 0 
7f8d20000000-7f8d20021000 rw-p 00000000 00:00 0 
7f8d20021000-7f8d24000000 ---p 00000000 00:00 0 
7f8d24000000-7f8d24021000 rw-p 00000000 00:00 0 
7f8d24021000-7f8d28000000 ---p 00000000 00:00 0 
7f8d28000000-7f8d28021000 rw-p 00000000 00:00 0 
7f8d28021000-7f8d2c000000 ---p 00000000 00:00 0 
7f8d2c000000-7f8d2c28e000 rw-p 00000000 00:00 0 
7f8d2c28e000-7f8d30000000 ---p 00000000 00:00 0 
7f8d30b0e000-7f8d30b11000 ---p 00000000 00:00 0 
7f8d30b11000-7f8d30c0f000 rw-p 00000000 00:00 0                          [stack:3256]
7f8d30c0f000-7f8d30c12000 ---p 00000000 00:00 0 
7f8d30c12000-7f8d30d10000 rw-p 00000000 00:00 0                          [stack:3254]
7f8d30d10000-7f8d30d13000 ---p 00000000 00:00 0 
7f8d30d13000-7f8d30e11000 rw-p 00000000 00:00 0                          [stack:3253]
7f8d30e11000-7f8d30e14000 ---p 00000000 00:00 0 
7f8d30e14000-7f8d30f12000 rw-p 00000000 00:00 0                          [stack:3252]
7f8d30f12000-7f8d30f15000 ---p 00000000 00:00 0 
7f8d30f15000-7f8d31013000 rw-p 00000000 00:00 0                          [stack:3251]
7f8d31013000-7f8d31014000 ---p 00000000 00:00 0 
7f8d31014000-7f8d31114000 rw-p 00000000 00:00 0                          [stack:3247]
7f8d31114000-7f8d31117000 ---p 00000000 00:00 0 
7f8d31117000-7f8d31215000 rw-p 00000000 00:00 0                          [stack:3246]
7f8d31215000-7f8d31218000 ---p 00000000 00:00 0 
7f8d31218000-7f8d31316000 rw-p 00000000 00:00 0                          [stack:3245]
7f8d31316000-7f8d31319000 ---p 00000000 00:00 0 
7f8d31319000-7f8d31417000 rw-p 00000000 00:00 0                          [stack:3244]
7f8d31417000-7f8d3141a000 ---p 00000000 00:00 0 
7f8d3141a000-7f8d31518000 rw-p 00000000 00:00 0                          [stack:3243]
7f8d31518000-7f8d31bfc000 r--p 00000000 08:01 13113697                   /usr/lib/locale/locale-archive
7f8d31bfc000-7f8d31bff000 ---p 00000000 00:00 0 
7f8d31bff000-7f8d31cfd000 rw-p 00000000 00:00 0                          [stack:3242]
7f8d31cfd000-7f8d31d00000 ---p 00000000 00:00 0 
7f8d31d00000-7f8d31dfe000 rw-p 00000000 00:00 0                          [stack:3241]
7f8d31dfe000-7f8d31dff000 ---p 00000000 00:00 0 
7f8d31dff000-7f8d34000000 rw-p 00000000 00:00 0                          [stack:3240]
7f8d34000000-7f8d34021000 rw-p 00000000 00:00 0 
7f8d34021000-7f8d38000000 ---p 00000000 00:00 0 
7f8d380f9000-7f8d38e00000 rw-p 00000000 00:00 0 
7f8d38e00000-7f8d39000000 ---p 00000000 00:00 0 
7f8d39000000-7f8d392a0000 rwxp 00000000 00:00 0 
7f8d392a0000-7f8d48000000 ---p 00000000 00:00 0 
7f8d48000000-7f8d4838f000 rw-p 00000000 00:00 0 
7f8d4838f000-7f8d4c000000 ---p 00000000 00:00 0 
7f8d4c082000-7f8d4c1f3000 rw-p 00000000 00:00 0 
7f8d4c1f3000-7f8d4c3cc000 r--s 03d29000 08:01 13118676                   /usr/lib/jvm/java-8-oracle/jre/lib/rt.jar
7f8d4c3cc000-7f8d4c642000 rw-p 00000000 00:00 0 
7f8d4c642000-7f8d4c643000 ---p 00000000 00:00 0 
7f8d4c643000-7f8d4c743000 rw-p 00000000 00:00 0                          [stack:3239]
7f8d4c743000-7f8d4c744000 ---p 00000000 00:00 0 
7f8d4c744000-7f8d4c854000 rw-p 00000000 00:00 0                          [stack:3238]
7f8d4c854000-7f8d4c99a000 ---p 00000000 00:00 0 
7f8d4c99a000-7f8d4c9aa000 rw-p 00000000 00:00 0 
7f8d4c9aa000-7f8d4caef000 ---p 00000000 00:00 0 
7f8d4caef000-7f8d4cafd000 rw-p 00000000 00:00 0 
7f8d4cafd000-7f8d4cb9a000 ---p 00000000 00:00 0 
7f8d4cb9a000-7f8d4cba6000 rw-p 00000000 00:00 0 
7f8d4cba6000-7f8d4cf5b000 ---p 00000000 00:00 0 
7f8d4cf5b000-7f8d4cf75000 r-xp 00000000 08:01 13766358                   /usr/lib/jvm/java-8-oracle/jre/lib/amd64/libzip.so
7f8d4cf75000-7f8d4d175000 ---p 0001a000 08:01 13766358                   /usr/lib/jvm/java-8-oracle/jre/lib/amd64/libzip.so
7f8d4d175000-7f8d4d176000 rw-p 0001a000 08:01 13766358                   /usr/lib/jvm/java-8-oracle/jre/lib/amd64/libzip.so
7f8d4d176000-7f8d4d181000 r-xp 00000000 08:01 2621673                    /lib/x86_64-linux-gnu/libnss_files-2.15.so
7f8d4d181000-7f8d4d380000 ---p 0000b000 08:01 2621673                    /lib/x86_64-linux-gnu/libnss_files-2.15.so
7f8d4d380000-7f8d4d381000 r--p 0000a000 08:01 2621673                    /lib/x86_64-linux-gnu/libnss_files-2.15.so
7f8d4d381000-7f8d4d382000 rw-p 0000b000 08:01 2621673                    /lib/x86_64-linux-gnu/libnss_files-2.15.so
7f8d4d382000-7f8d4d38c000 r-xp 00000000 08:01 2621658                    /lib/x86_64-linux-gnu/libnss_nis-2.15.so
7f8d4d38c000-7f8d4d58c000 ---p 0000a000 08:01 2621658                    /lib/x86_64-linux-gnu/libnss_nis-2.15.so
7f8d4d58c000-7f8d4d58d000 r--p 0000a000 08:01 2621658                    /lib/x86_64-linux-gnu/libnss_nis-2.15.so
7f8d4d58d000-7f8d4d58e000 rw-p 0000b000 08:01 2621658                    /lib/x86_64-linux-gnu/libnss_nis-2.15.so
7f8d4d58e000-7f8d4d5a5000 r-xp 00000000 08:01 2621667                    /lib/x86_64-linux-gnu/libnsl-2.15.so
7f8d4d5a5000-7f8d4d7a4000 ---p 00017000 08:01 2621667                    /lib/x86_64-linux-gnu/libnsl-2.15.so
7f8d4d7a4000-7f8d4d7a5000 r--p 00016000 08:01 2621667                    /lib/x86_64-linux-gnu/libnsl-2.15.so
7f8d4d7a5000-7f8d4d7a6000 rw-p 00017000 08:01 2621667                    /lib/x86_64-linux-gnu/libnsl-2.15.so
7f8d4d7a6000-7f8d4d7a8000 rw-p 00000000 00:00 0 
7f8d4d7a8000-7f8d4d7b0000 r-xp 00000000 08:01 2621672                    /lib/x86_64-linux-gnu/libnss_compat-2.15.so
7f8d4d7b0000-7f8d4d9af000 ---p 00008000 08:01 2621672                    /lib/x86_64-linux-gnu/libnss_compat-2.15.so
7f8d4d9af000-7f8d4d9b0000 r--p 00007000 08:01 2621672                    /lib/x86_64-linux-gnu/libnss_compat-2.15.so
7f8d4d9b0000-7f8d4d9b1000 rw-p 00008000 08:01 2621672                    /lib/x86_64-linux-gnu/libnss_compat-2.15.so
7f8d4d9b1000-7f8d4d9db000 r-xp 00000000 08:01 13766323                   /usr/lib/jvm/java-8-oracle/jre/lib/amd64/libjava.so
7f8d4d9db000-7f8d4dbdb000 ---p 0002a000 08:01 13766323                   /usr/lib/jvm/java-8-oracle/jre/lib/amd64/libjava.so
7f8d4dbdb000-7f8d4dbdd000 rw-p 0002a000 08:01 13766323                   /usr/lib/jvm/java-8-oracle/jre/lib/amd64/libjava.so
7f8d4dbdd000-7f8d4dbea000 r-xp 00000000 08:01 13766361                   /usr/lib/jvm/java-8-oracle/jre/lib/amd64/libverify.so
7f8d4dbea000-7f8d4ddea000 ---p 0000d000 08:01 13766361                   /usr/lib/jvm/java-8-oracle/jre/lib/amd64/libverify.so
7f8d4ddea000-7f8d4ddec000 rw-p 0000d000 08:01 13766361                   /usr/lib/jvm/java-8-oracle/jre/lib/amd64/libverify.so
7f8d4ddec000-7f8d4ddf3000 r-xp 00000000 08:01 2621660                    /lib/x86_64-linux-gnu/librt-2.15.so
7f8d4ddf3000-7f8d4dff2000 ---p 00007000 08:01 2621660                    /lib/x86_64-linux-gnu/librt-2.15.so
7f8d4dff2000-7f8d4dff3000 r--p 00006000 08:01 2621660                    /lib/x86_64-linux-gnu/librt-2.15.so
7f8d4dff3000-7f8d4dff4000 rw-p 00007000 08:01 2621660                    /lib/x86_64-linux-gnu/librt-2.15.so
7f8d4dff4000-7f8d4e0ef000 r-xp 00000000 08:01 2621674                    /lib/x86_64-linux-gnu/libm-2.15.so
7f8d4e0ef000-7f8d4e2ee000 ---p 000fb000 08:01 2621674                    /lib/x86_64-linux-gnu/libm-2.15.so
7f8d4e2ee000-7f8d4e2ef000 r--p 000fa000 08:01 2621674                    /lib/x86_64-linux-gnu/libm-2.15.so
7f8d4e2ef000-7f8d4e2f0000 rw-p 000fb000 08:01 2621674                    /lib/x86_64-linux-gnu/libm-2.15.so
7f8d4e2f0000-7f8d4efbb000 r-xp 00000000 08:01 13894575                   /usr/lib/jvm/java-8-oracle/jre/lib/amd64/server/libjvm.so
7f8d4efbb000-7f8d4f1ba000 ---p 00ccb000 08:01 13894575                   /usr/lib/jvm/java-8-oracle/jre/lib/amd64/server/libjvm.so
7f8d4f1ba000-7f8d4f293000 rw-p 00cca000 08:01 13894575                   /usr/lib/jvm/java-8-oracle/jre/lib/amd64/server/libjvm.so
7f8d4f293000-7f8d4f2de000 rw-p 00000000 00:00 0 
7f8d4f2de000-7f8d4f492000 r-xp 00000000 08:01 2621665                    /lib/x86_64-linux-gnu/libc-2.15.so
7f8d4f492000-7f8d4f691000 ---p 001b4000 08:01 2621665                    /lib/x86_64-linux-gnu/libc-2.15.so
7f8d4f691000-7f8d4f695000 r--p 001b3000 08:01 2621665                    /lib/x86_64-linux-gnu/libc-2.15.so
7f8d4f695000-7f8d4f697000 rw-p 001b7000 08:01 2621665                    /lib/x86_64-linux-gnu/libc-2.15.so
7f8d4f697000-7f8d4f69c000 rw-p 00000000 00:00 0 
7f8d4f69c000-7f8d4f69e000 r-xp 00000000 08:01 2621657                    /lib/x86_64-linux-gnu/libdl-2.15.so
7f8d4f69e000-7f8d4f89e000 ---p 00002000 08:01 2621657                    /lib/x86_64-linux-gnu/libdl-2.15.so
7f8d4f89e000-7f8d4f89f000 r--p 00002000 08:01 2621657                    /lib/x86_64-linux-gnu/libdl-2.15.so
7f8d4f89f000-7f8d4f8a0000 rw-p 00003000 08:01 2621657                    /lib/x86_64-linux-gnu/libdl-2.15.so
7f8d4f8a0000-7f8d4f8b5000 r-xp 00000000 08:01 2627921                    /usr/lib/jvm/java-8-oracle/lib/amd64/jli/libjli.so
7f8d4f8b5000-7f8d4fab5000 ---p 00015000 08:01 2627921                    /usr/lib/jvm/java-8-oracle/lib/amd64/jli/libjli.so
7f8d4fab5000-7f8d4fab6000 rw-p 00015000 08:01 2627921                    /usr/lib/jvm/java-8-oracle/lib/amd64/jli/libjli.so
7f8d4fab6000-7f8d4face000 r-xp 00000000 08:01 2621668                    /lib/x86_64-linux-gnu/libpthread-2.15.so
7f8d4face000-7f8d4fccd000 ---p 00018000 08:01 2621668                    /lib/x86_64-linux-gnu/libpthread-2.15.so
7f8d4fccd000-7f8d4fcce000 r--p 00017000 08:01 2621668                    /lib/x86_64-linux-gnu/libpthread-2.15.so
7f8d4fcce000-7f8d4fccf000 rw-p 00018000 08:01 2621668                    /lib/x86_64-linux-gnu/libpthread-2.15.so
7f8d4fccf000-7f8d4fcd3000 rw-p 00000000 00:00 0 
7f8d4fcd3000-7f8d4fcf5000 r-xp 00000000 08:01 2621671                    /lib/x86_64-linux-gnu/ld-2.15.so
7f8d4fcf6000-7f8d4fcf7000 rw-p 00000000 00:00 0 
7f8d4fcf7000-7f8d4fcfc000 r--s 00040000 08:01 10629042                   /home/lin/other/AndroidProjects/Radio/app/build/intermediates/exploded-aar/com.android.support/recyclerview-v7/23.0.1/jars/classes.jar
7f8d4fcfc000-7f8d4fdd5000 rw-p 00000000 00:00 0 
7f8d4fdd5000-7f8d4fdd8000 ---p 00000000 00:00 0 
7f8d4fdd8000-7f8d4feda000 rw-p 00000000 00:00 0                          [stack:3235]
7f8d4feda000-7f8d4fee9000 r--s 000df000 08:01 9309217                    /home/lin/Android/Sdk/build-tools/23.0.3/lib/dx.jar
7f8d4fee9000-7f8d4fef1000 rw-s 00000000 08:01 4850087                    /tmp/hsperfdata_lin/3232
7f8d4fef1000-7f8d4fef2000 rw-p 00000000 00:00 0 
7f8d4fef2000-7f8d4fef3000 ---p 00000000 00:00 0 
7f8d4fef3000-7f8d4fef5000 rw-p 00000000 00:00 0 
7f8d4fef5000-7f8d4fef6000 r--p 00022000 08:01 2621671                    /lib/x86_64-linux-gnu/ld-2.15.so
7f8d4fef6000-7f8d4fef8000 rw-p 00023000 08:01 2621671                    /lib/x86_64-linux-gnu/ld-2.15.so
7fff9db8a000-7fff9dbab000 rw-p 00000000 00:00 0                          [stack]
7fff9dbb3000-7fff9dbb5000 r-xp 00000000 00:00 0                          [vdso]
ffffffffff600000-ffffffffff601000 r-xp 00000000 00:00 0                  [vsyscall]

VM Arguments:
jvm_args: -Djava.awt.headless=true -Xmx1024M -Dfile.encoding=UTF-8 -Duser.country=US -Duser.language=en -Duser.variant 
java_command: com.android.dx.command.Main --dex --num-threads=4 --output /home/lin/other/AndroidProjects/Radio/app/build/intermediates/pre-dexed/debug/com.android.support-recyclerview-v7-23.0.1_4d66548410a3b3ff8b552055a86666757e800a86.jar /home/lin/other/AndroidProjects/Radio/app/build/intermediates/exploded-aar/com.android.support/recyclerview-v7/23.0.1/jars/classes.jar
java_class_path (initial): /home/lin/Android/Sdk/build-tools/23.0.3/lib/dx.jar
Launcher Type: SUN_STANDARD

Environment Variables:
PATH=/usr/lib/lightdm/lightdm:/usr/local/sbin:/usr/local/bin:/usr/sbin:/usr/bin:/sbin:/bin:/usr/games
LD_LIBRARY_PATH=/opt/android-studio/bin:
SHELL=/bin/bash
DISPLAY=:0.0

Signal Handlers:
SIGSEGV: [libjvm.so+0xac4790], sa_mask[0]=11111111011111111101111111111110, sa_flags=SA_RESTART|SA_SIGINFO
SIGBUS: [libjvm.so+0xac4790], sa_mask[0]=11111111011111111101111111111110, sa_flags=SA_RESTART|SA_SIGINFO
SIGFPE: [libjvm.so+0x91f140], sa_mask[0]=11111111011111111101111111111110, sa_flags=SA_RESTART|SA_SIGINFO
SIGPIPE: [libjvm.so+0x91f140], sa_mask[0]=11111111011111111101111111111110, sa_flags=SA_RESTART|SA_SIGINFO
SIGXFSZ: [libjvm.so+0x91f140], sa_mask[0]=11111111011111111101111111111110, sa_flags=SA_RESTART|SA_SIGINFO
SIGILL: [libjvm.so+0x91f140], sa_mask[0]=11111111011111111101111111111110, sa_flags=SA_RESTART|SA_SIGINFO
SIGUSR1: SIG_DFL, sa_mask[0]=00000000000000000000000000000000, sa_flags=none
SIGUSR2: [libjvm.so+0x920770], sa_mask[0]=00100000000000000000000000000000, sa_flags=SA_RESTART|SA_SIGINFO
SIGHUP: [libjvm.so+0x921b70], sa_mask[0]=11111111011111111101111111111110, sa_flags=SA_RESTART|SA_SIGINFO
SIGINT: [libjvm.so+0x921b70], sa_mask[0]=11111111011111111101111111111110, sa_flags=SA_RESTART|SA_SIGINFO
SIGTERM: [libjvm.so+0x921b70], sa_mask[0]=11111111011111111101111111111110, sa_flags=SA_RESTART|SA_SIGINFO
SIGQUIT: [libjvm.so+0x921b70], sa_mask[0]=11111111011111111101111111111110, sa_flags=SA_RESTART|SA_SIGINFO


---------------  S Y S T E M  ---------------

OS:DISTRIB_ID=Ubuntu
DISTRIB_RELEASE=12.04
DISTRIB_CODENAME=precise
DISTRIB_DESCRIPTION="Ubuntu 12.04.5 LTS"

uname:Linux 3.13.0-93-generic #140~precise1-Ubuntu SMP Tue Jul 19 19:55:11 UTC 2016 x86_64
libc:glibc 2.15 NPTL 2.15 
rlimit: STACK 8192k, CORE 0k, NPROC 22873, NOFILE 4096, AS infinity
load average:8.54 4.12 1.85

/proc/meminfo:
MemTotal:        2948840 kB
MemFree:          188440 kB
Buffers:           34096 kB
Cached:           803360 kB
SwapCached:            0 kB
Active:          2005300 kB
Inactive:         596748 kB
Active(anon):    1579808 kB
Inactive(anon):   276936 kB
Active(file):     425492 kB
Inactive(file):   319812 kB
Unevictable:           0 kB
Mlocked:               0 kB
SwapTotal:       3008508 kB
SwapFree:        3008412 kB
Dirty:              2452 kB
Writeback:             0 kB
AnonPages:       1764592 kB
Mapped:           170268 kB
Shmem:             92152 kB
Slab:              76792 kB
SReclaimable:      52832 kB
SUnreclaim:        23960 kB
KernelStack:        4088 kB
PageTables:        27940 kB
NFS_Unstable:          0 kB
Bounce:                0 kB
WritebackTmp:          0 kB
CommitLimit:     4482928 kB
Committed_AS:    4178932 kB
VmallocTotal:   34359738367 kB
VmallocUsed:      346400 kB
VmallocChunk:   34359384156 kB
HardwareCorrupted:     0 kB
AnonHugePages:    626688 kB
HugePages_Total:       0
HugePages_Free:        0
HugePages_Rsvd:        0
HugePages_Surp:        0
Hugepagesize:       2048 kB
DirectMap4k:       61828 kB
DirectMap2M:     2949120 kB


CPU:total 2 (2 cores per cpu, 1 threads per core) family 6 model 15 stepping 13, cmov, cx8, fxsr, mmx, sse, sse2, sse3, ssse3, tsc

/proc/cpuinfo:
processor	: 0
vendor_id	: GenuineIntel
cpu family	: 6
model		: 15
model name	: Genuine Intel(R) CPU           T1600  @ 1.66GHz
stepping	: 13
microcode	: 0xa3
cpu MHz		: 1662.448
cache size	: 1024 KB
physical id	: 0
siblings	: 2
core id		: 0
cpu cores	: 2
apicid		: 0
initial apicid	: 0
fpu		: yes
fpu_exception	: yes
cpuid level	: 10
wp		: yes
flags		: fpu vme de pse tsc msr pae mce cx8 apic sep mtrr pge mca cmov pat pse36 clflush dts acpi mmx fxsr sse sse2 ss ht tm pbe syscall nx lm constant_tsc arch_perfmon pebs bts rep_good nopl aperfmperf pni dtes64 monitor ds_cpl tm2 ssse3 cx16 xtpr pdcm lahf_lm dtherm
bogomips	: 3324.89
clflush size	: 64
cache_alignment	: 64
address sizes	: 36 bits physical, 48 bits virtual
power management:

processor	: 1
vendor_id	: GenuineIntel
cpu family	: 6
model		: 15
model name	: Genuine Intel(R) CPU           T1600  @ 1.66GHz
stepping	: 13
microcode	: 0xa3
cpu MHz		: 1662.448
cache size	: 1024 KB
physical id	: 0
siblings	: 2
core id		: 1
cpu cores	: 2
apicid		: 1
initial apicid	: 1
fpu		: yes
fpu_exception	: yes
cpuid level	: 10
wp		: yes
flags		: fpu vme de pse tsc msr pae mce cx8 apic sep mtrr pge mca cmov pat pse36 clflush dts acpi mmx fxsr sse sse2 ss ht tm pbe syscall nx lm constant_tsc arch_perfmon pebs bts rep_good nopl aperfmperf pni dtes64 monitor ds_cpl tm2 ssse3 cx16 xtpr pdcm lahf_lm dtherm
bogomips	: 3324.89
clflush size	: 64
cache_alignment	: 64
address sizes	: 36 bits physical, 48 bits virtual
power management:



Memory: 4k page, physical 2948840k(188440k free), swap 3008508k(3008412k free)

vm_info: Java HotSpot(TM) 64-Bit Server VM (25.101-b13) for linux-amd64 JRE (1.8.0_101-b13), built on Jun 22 2016 02:59:44 by "java_re" with gcc 4.3.0 20080428 (Red Hat 4.3.0-8)

time: Tue Aug 16 08:29:02 2016
elapsed time: 6 seconds (0d 0h 0m 6s)

