#
# A fatal error has been detected by the Java Runtime Environment:
#
#  SIGSEGV (0xb) at pc=0x00007f51e4cccbb3, pid=20474, tid=0x00007f51cfdbc700
#
# JRE version: Java(TM) SE Runtime Environment (8.0_101-b13) (build 1.8.0_101-b13)
# Java VM: Java HotSpot(TM) 64-Bit Server VM (25.101-b13 mixed mode linux-amd64 compressed oops)
# Problematic frame:
# V  [libjvm.so+0x3febb3]  CardTableExtension::scavenge_contents_parallel(ObjectStartArray*, MutableSpace*, HeapWord*, PSPromotionManager*, unsigned int, unsigned int)+0x573
#
# Failed to write core dump. Core dumps have been disabled. To enable core dumping, try "ulimit -c unlimited" before starting Java again
#
# If you would like to submit a bug report, please visit:
#   http://bugreport.java.com/bugreport/crash.jsp
#

---------------  T H R E A D  ---------------

Current thread (0x00007f51e001f000):  GCTaskThread [stack: 0x00007f51cfcbc000,0x00007f51cfdbd000] [id=20483]

siginfo: si_signo: 11 (SIGSEGV), si_code: 2 (SEGV_ACCERR), si_addr: 0x000000010028c5e8

Registers:
RAX=0x00007f51e585bb90, RBX=0x00000000c0504008, RCX=0x0000000000000003, RDX=0x00007f51e5880059
RSP=0x00007f51cfdbbba0, RBP=0x00007f51cfdbbc50, RSI=0x0000000000000018, RDI=0x000000010028c5e0
R8 =0x00007f51e585bb80, R9 =0x00007f51e588f290, R10=0x00000000ec3296d0, R11=0x00007f51cfdbbb50
R12=0x00000000c0510010, R13=0x00007f51cfdbf881, R14=0x00007f51e001ae40, R15=0x00007f51cfdbf881
RIP=0x00007f51e4cccbb3, EFLAGS=0x0000000000010202, CSGSFS=0x0000000000000033, ERR=0x0000000000000004
  TRAPNO=0x000000000000000e

Top of Stack: (sp=0x00007f51cfdbbba0)
0x00007f51cfdbbba0:   00007f51e001ecd0 00007f51cfdbf880
0x00007f51cfdbbbb0:   00007f51cfdbf801 00007f51e5880059
0x00007f51cfdbbbc0:   00007f51e0071100 00000000c06dec10
0x00007f51cfdbbbd0:   00007f51e001ab80 00007f51cfdc06f7
0x00007f51cfdbbbe0:   00000000c0503400 0000000000000100
0x00007f51cfdbbbf0:   00000000c0510010 00007f51cfdbf81e
0x00007f51cfdbbc00:   0000000000000240 00007f51cfdbf900
0x00007f51cfdbbc10:   00007f51cfdbf900 00007f51cfdbf881
0x00007f51cfdbbc20:   00007f51cfdbf81e 00007f51e0023660
0x00007f51cfdbbc30:   00007f51e0071100 0000000000000001
0x00007f51cfdbbc40:   00007f51e001f9a0 00007f51e541db16
0x00007f51cfdbbc50:   00007f51cfdbbc80 00007f51e525d6eb
0x00007f51cfdbbc60:   00007f5100000002 0000000000000001
0x00007f51cfdbbc70:   00007f51e0023660 00007f51e001f000
0x00007f51cfdbbc80:   00007f51cfdbbd90 00007f51e4ea4b5f
0x00007f51cfdbbc90:   0000000000000000 00007f51cfdbbcd0
0x00007f51cfdbbca0:   00007f51cfdbbd50 0000000000000000
0x00007f51cfdbbcb0:   00007f51e001f9e0 00007f51e001f9f0
0x00007f51cfdbbcc0:   00007f51e001fdc8 00000000000003d8
0x00007f51cfdbbcd0:   00007f51e001f000 00007f51e001fdd0
0x00007f51cfdbbce0:   00007f51e001fe10 00007f51e001fe20
0x00007f51cfdbbcf0:   00007f51e001fef8 00000000000000d8
0x00007f51cfdbbd00:   00007f51cfdbbd10 00007f51e51ac897
0x00007f51cfdbbd10:   00007f51e001f000 00007f51e001fdd0
0x00007f51cfdbbd20:   00007f51e001fe10 00007f51e001fe20
0x00007f51cfdbbd30:   00007f51e001fef8 00000000000000d8
0x00007f51cfdbbd40:   00007f51e0020030 00007f51e51ad156
0x00007f51cfdbbd50:   0000000000000000 00007f51e001f000
0x00007f51cfdbbd60:   00007f51cfdbbd90 0000000000000000
0x00007f51cfdbbd70:   00007f51e00209a0 00007f51e00208b0
0x00007f51cfdbbd80:   00007f51e001f000 0000000000000003
0x00007f51cfdbbd90:   00007f51cfdbbee0 00007f51e51f2698 

Instructions: (pc=0x00007f51e4cccbb3)
0x00007f51e4cccb93:   04 00 00 48 98 48 89 45 b0 eb 6d 66 90 48 8b 05
0x00007f51e4cccba3:   e1 fe b6 00 8b 7b 08 8b 48 08 48 d3 e7 48 03 38
0x00007f51e4cccbb3:   81 7f 08 ff ff ff bf 76 70 48 8b 8d 68 ff ff ff
0x00007f51e4cccbc3:   0f b6 11 84 d2 0f 84 22 04 00 00 48 8b 05 b3 fe 

Register to memory mapping:

RAX=0x00007f51e585bb90: <offset 0xf8db90> in /usr/lib/jvm/java-8-oracle/jre/lib/amd64/server/libjvm.so at 0x00007f51e48ce000
RBX=
[error occurred during error reporting (printing register info), id 0xb]

Stack: [0x00007f51cfcbc000,0x00007f51cfdbd000],  sp=0x00007f51cfdbbba0,  free space=1022k
Native frames: (J=compiled Java code, j=interpreted, Vv=VM code, C=native code)
V  [libjvm.so+0x3febb3]  CardTableExtension::scavenge_contents_parallel(ObjectStartArray*, MutableSpace*, HeapWord*, PSPromotionManager*, unsigned int, unsigned int)+0x573
V  [libjvm.so+0x98f6eb]  OldToYoungRootsTask::do_it(GCTaskManager*, unsigned int)+0x4b
V  [libjvm.so+0x5d6b5f]  GCTaskThread::run()+0x12f
V  [libjvm.so+0x924698]  java_start(Thread*)+0x108


---------------  P R O C E S S  ---------------

Java Threads: ( => current thread )
  0x00007f51e014d000 JavaThread "pool-1-thread-4" [_thread_blocked, id=20516, stack(0x00007f51bf215000,0x00007f51bf316000)]
  0x00007f51e014b000 JavaThread "pool-1-thread-3" [_thread_blocked, id=20515, stack(0x00007f51bf316000,0x00007f51bf417000)]
  0x00007f51e0149000 JavaThread "pool-1-thread-2" [_thread_blocked, id=20514, stack(0x00007f51bf417000,0x00007f51bf518000)]
  0x00007f51e0147800 JavaThread "pool-2-thread-1" [_thread_blocked, id=20513, stack(0x00007f51bf518000,0x00007f51bf619000)]
  0x00007f51e0147000 JavaThread "pool-1-thread-1" [_thread_blocked, id=20512, stack(0x00007f51bf619000,0x00007f51bf71a000)]
  0x00007f51e00ba000 JavaThread "Service Thread" daemon [_thread_blocked, id=20503, stack(0x00007f51bf81b000,0x00007f51bf91c000)]
  0x00007f51e00b7800 JavaThread "C1 CompilerThread1" daemon [_thread_blocked, id=20500, stack(0x00007f51cc03c000,0x00007f51cc13d000)]
  0x00007f51e00b4800 JavaThread "C2 CompilerThread0" daemon [_thread_blocked, id=20498, stack(0x00007f51cc13d000,0x00007f51cc23e000)]
  0x00007f51e00b3000 JavaThread "Signal Dispatcher" daemon [_thread_blocked, id=20496, stack(0x00007f51cc23e000,0x00007f51cc33f000)]
  0x00007f51e0080000 JavaThread "Finalizer" daemon [_thread_blocked, id=20495, stack(0x00007f51cc33f000,0x00007f51cc440000)]
  0x00007f51e007b800 JavaThread "Reference Handler" daemon [_thread_blocked, id=20493, stack(0x00007f51cc440000,0x00007f51cc541000)]
  0x00007f51e000a000 JavaThread "main" [_thread_blocked, id=20482, stack(0x00007f51e63b3000,0x00007f51e64b4000)]

Other Threads:
  0x00007f51e0073800 VMThread [stack: 0x00007f51cc541000,0x00007f51cc642000] [id=20490]
  0x00007f51e00bd000 WatcherThread [stack: 0x00007f51bf71a000,0x00007f51bf81b000] [id=20505]

=>0x00007f51e001f000 (exited) GCTaskThread [stack: 0x00007f51cfcbc000,0x00007f51cfdbd000] [id=20483]

VM state:at safepoint (normal execution)

VM Mutex/Monitor currently owned by a thread:  ([mutex/lock_event])
[0x00007f51e00064c0] Threads_lock - owner thread: 0x00007f51e0073800
[0x00007f51e00069c0] Heap_lock - owner thread: 0x00007f51e014b000

Heap:
 PSYoungGen      total 26112K, used 26080K [0x00000000eab00000, 0x00000000ec600000, 0x0000000100000000)
  eden space 24576K, 100% used [0x00000000eab00000,0x00000000ec300000,0x00000000ec300000)
  from space 1536K, 97% used [0x00000000ec480000,0x00000000ec5f8028,0x00000000ec600000)
  to   space 1536K, 97% used [0x00000000ec300000,0x00000000ec478028,0x00000000ec480000)
 ParOldGen       total 31744K, used 10606K [0x00000000c0000000, 0x00000000c1f00000, 0x00000000eab00000)
  object space 31744K, 33% used [0x00000000c0000000,0x00000000c0a5ba30,0x00000000c1f00000)
 Metaspace       used 5857K, capacity 6832K, committed 7040K, reserved 1056768K
  class space    used 591K, capacity 616K, committed 640K, reserved 1048576K

Card table byte_map: [0x00007f51cfdbd000,0x00007f51cffbe000] byte_map_base: 0x00007f51cf7bd000

Marking Bits: (ParMarkBitMap*) 0x00007f51e588f120
 Begin Bits: [0x00007f51cdbbb000, 0x00007f51cebbb000)
 End Bits:   [0x00007f51cebbb000, 0x00007f51cfbbb000)

Polling page: 0x00007f51e64d0000

CodeCache: size=245760Kb used=3388Kb max_used=3388Kb free=242371Kb
 bounds [0x00007f51d037e000, 0x00007f51d06de000, 0x00007f51df37e000]
 total_blobs=1212 nmethods=946 adapters=182
 compilation: enabled

Compilation events (10 events):
Event: 11.615 Thread 0x00007f51e00b7800 nmethod 1155 0x00007f51d06ccb90 code [0x00007f51d06ccd60, 0x00007f51d06cd1d8]
Event: 11.615 Thread 0x00007f51e00b7800 1170       2       java.util.TreeMap$ValueIterator::<init> (12 bytes)
Event: 11.616 Thread 0x00007f51e00b7800 nmethod 1170 0x00007f51d06cd550 code [0x00007f51d06cd6a0, 0x00007f51d06cd850]
Event: 11.616 Thread 0x00007f51e00b7800 1171       2       java.util.TreeMap::values (25 bytes)
Event: 11.617 Thread 0x00007f51e00b7800 nmethod 1171 0x00007f51d06cd910 code [0x00007f51d06cda80, 0x00007f51d06cdc50]
Event: 11.617 Thread 0x00007f51e00b7800 1177       2       com.android.dx.util.MutabilityControl::<init> (10 bytes)
Event: 11.617 Thread 0x00007f51e00b7800 nmethod 1177 0x00007f51d06cdcd0 code [0x00007f51d06cde20, 0x00007f51d06cdf70]
Event: 11.617 Thread 0x00007f51e00b7800 1126       2       com.android.dx.rop.type.StdTypeList::set (7 bytes)
Event: 11.618 Thread 0x00007f51e00b7800 nmethod 1126 0x00007f51d06ce010 code [0x00007f51d06ce1c0, 0x00007f51d06ce628]
Event: 11.618 Thread 0x00007f51e00b7800  632       1       com.android.dx.cf.attrib.BaseLocalVariables::getLocalVariables (5 bytes)

GC Heap History (9 events):
Event: 6.686 GC heap before
{Heap before GC invocations=1 (full 0):
 PSYoungGen      total 13824K, used 12288K [0x00000000eab00000, 0x00000000eba00000, 0x0000000100000000)
  eden space 12288K, 100% used [0x00000000eab00000,0x00000000eb700000,0x00000000eb700000)
  from space 1536K, 0% used [0x00000000eb880000,0x00000000eb880000,0x00000000eba00000)
  to   space 1536K, 0% used [0x00000000eb700000,0x00000000eb700000,0x00000000eb880000)
 ParOldGen       total 31744K, used 0K [0x00000000c0000000, 0x00000000c1f00000, 0x00000000eab00000)
  object space 31744K, 0% used [0x00000000c0000000,0x00000000c0000000,0x00000000c1f00000)
 Metaspace       used 4726K, capacity 5872K, committed 6016K, reserved 1056768K
  class space    used 520K, capacity 552K, committed 640K, reserved 1048576K
Event: 6.730 GC heap after
Heap after GC invocations=1 (full 0):
 PSYoungGen      total 13824K, used 1512K [0x00000000eab00000, 0x00000000eba00000, 0x0000000100000000)
  eden space 12288K, 0% used [0x00000000eab00000,0x00000000eab00000,0x00000000eb700000)
  from space 1536K, 98% used [0x00000000eb700000,0x00000000eb87a0a8,0x00000000eb880000)
  to   space 1536K, 0% used [0x00000000eb880000,0x00000000eb880000,0x00000000eba00000)
 ParOldGen       total 31744K, used 822K [0x00000000c0000000, 0x00000000c1f00000, 0x00000000eab00000)
  object space 31744K, 2% used [0x00000000c0000000,0x00000000c00cdbc8,0x00000000c1f00000)
 Metaspace       used 4726K, capacity 5872K, committed 6016K, reserved 1056768K
  class space    used 520K, capacity 552K, committed 640K, reserved 1048576K
}
Event: 8.343 GC heap before
{Heap before GC invocations=2 (full 0):
 PSYoungGen      total 13824K, used 13800K [0x00000000eab00000, 0x00000000eba00000, 0x0000000100000000)
  eden space 12288K, 100% used [0x00000000eab00000,0x00000000eb700000,0x00000000eb700000)
  from space 1536K, 98% used [0x00000000eb700000,0x00000000eb87a0a8,0x00000000eb880000)
  to   space 1536K, 0% used [0x00000000eb880000,0x00000000eb880000,0x00000000eba00000)
 ParOldGen       total 31744K, used 822K [0x00000000c0000000, 0x00000000c1f00000, 0x00000000eab00000)
  object space 31744K, 2% used [0x00000000c0000000,0x00000000c00cdbc8,0x00000000c1f00000)
 Metaspace       used 5592K, capacity 6576K, committed 6784K, reserved 1056768K
  class space    used 584K, capacity 616K, committed 640K, reserved 1048576K
Event: 8.452 GC heap after
Heap after GC invocations=2 (full 0):
 PSYoungGen      total 13824K, used 1520K [0x00000000eab00000, 0x00000000ec600000, 0x0000000100000000)
  eden space 12288K, 0% used [0x00000000eab00000,0x00000000eab00000,0x00000000eb700000)
  from space 1536K, 98% used [0x00000000eb880000,0x00000000eb9fc028,0x00000000eba00000)
  to   space 1536K, 0% used [0x00000000eb700000,0x00000000eb700000,0x00000000eb880000)
 ParOldGen       total 31744K, used 3043K [0x00000000c0000000, 0x00000000c1f00000, 0x00000000eab00000)
  object space 31744K, 9% used [0x00000000c0000000,0x00000000c02f8d50,0x00000000c1f00000)
 Metaspace       used 5592K, capacity 6576K, committed 6784K, reserved 1056768K
  class space    used 584K, capacity 616K, committed 640K, reserved 1048576K
}
Event: 9.575 GC heap before
{Heap before GC invocations=3 (full 0):
 PSYoungGen      total 13824K, used 13808K [0x00000000eab00000, 0x00000000ec600000, 0x0000000100000000)
  eden space 12288K, 100% used [0x00000000eab00000,0x00000000eb700000,0x00000000eb700000)
  from space 1536K, 98% used [0x00000000eb880000,0x00000000eb9fc028,0x00000000eba00000)
  to   space 1536K, 0% used [0x00000000eb700000,0x00000000eb700000,0x00000000eb880000)
 ParOldGen       total 31744K, used 3043K [0x00000000c0000000, 0x00000000c1f00000, 0x00000000eab00000)
  object space 31744K, 9% used [0x00000000c0000000,0x00000000c02f8d50,0x00000000c1f00000)
 Metaspace       used 5637K, capacity 6640K, committed 6784K, reserved 1056768K
  class space    used 585K, capacity 616K, committed 640K, reserved 1048576K
Event: 9.648 GC heap after
Heap after GC invocations=3 (full 0):
 PSYoungGen      total 13824K, used 1504K [0x00000000eab00000, 0x00000000ec600000, 0x0000000100000000)
  eden space 12288K, 0% used [0x00000000eab00000,0x00000000eab00000,0x00000000eb700000)
  from space 1536K, 97% used [0x00000000eb700000,0x00000000eb878028,0x00000000eb880000)
  to   space 1536K, 0% used [0x00000000ec480000,0x00000000ec480000,0x00000000ec600000)
 ParOldGen       total 31744K, used 5049K [0x00000000c0000000, 0x00000000c1f00000, 0x00000000eab00000)
  object space 31744K, 15% used [0x00000000c0000000,0x00000000c04ee458,0x00000000c1f00000)
 Metaspace       used 5637K, capacity 6640K, committed 6784K, reserved 1056768K
  class space    used 585K, capacity 616K, committed 640K, reserved 1048576K
}
Event: 10.575 GC heap before
{Heap before GC invocations=4 (full 0):
 PSYoungGen      total 13824K, used 13792K [0x00000000eab00000, 0x00000000ec600000, 0x0000000100000000)
  eden space 12288K, 100% used [0x00000000eab00000,0x00000000eb700000,0x00000000eb700000)
  from space 1536K, 97% used [0x00000000eb700000,0x00000000eb878028,0x00000000eb880000)
  to   space 1536K, 0% used [0x00000000ec480000,0x00000000ec480000,0x00000000ec600000)
 ParOldGen       total 31744K, used 5049K [0x00000000c0000000, 0x00000000c1f00000, 0x00000000eab00000)
  object space 31744K, 15% used [0x00000000c0000000,0x00000000c04ee458,0x00000000c1f00000)
 Metaspace       used 5706K, capacity 6704K, committed 6784K, reserved 1056768K
  class space    used 591K, capacity 616K, committed 640K, reserved 1048576K
Event: 10.730 GC heap after
Heap after GC invocations=4 (full 0):
 PSYoungGen      total 26112K, used 1504K [0x00000000eab00000, 0x00000000ec600000, 0x0000000100000000)
  eden space 24576K, 0% used [0x00000000eab00000,0x00000000eab00000,0x00000000ec300000)
  from space 1536K, 97% used [0x00000000ec480000,0x00000000ec5f8028,0x00000000ec600000)
  to   space 1536K, 0% used [0x00000000ec300000,0x00000000ec300000,0x00000000ec480000)
 ParOldGen       total 31744K, used 7035K [0x00000000c0000000, 0x00000000c1f00000, 0x00000000eab00000)
  object space 31744K, 22% used [0x00000000c0000000,0x00000000c06dec10,0x00000000c1f00000)
 Metaspace       used 5706K, capacity 6704K, committed 6784K, reserved 1056768K
  class space    used 591K, capacity 616K, committed 640K, reserved 1048576K
}
Event: 11.640 GC heap before
{Heap before GC invocations=5 (full 0):
 PSYoungGen      total 26112K, used 26080K [0x00000000eab00000, 0x00000000ec600000, 0x0000000100000000)
  eden space 24576K, 100% used [0x00000000eab00000,0x00000000ec300000,0x00000000ec300000)
  from space 1536K, 97% used [0x00000000ec480000,0x00000000ec5f8028,0x00000000ec600000)
  to   space 1536K, 0% used [0x00000000ec300000,0x00000000ec300000,0x00000000ec480000)
 ParOldGen       total 31744K, used 7035K [0x00000000c0000000, 0x00000000c1f00000, 0x00000000eab00000)
  object space 31744K, 22% used [0x00000000c0000000,0x00000000c06dec10,0x00000000c1f00000)
 Metaspace       used 5857K, capacity 6832K, committed 7040K, reserved 1056768K
  class space    used 591K, capacity 616K, committed 640K, reserved 1048576K

Deoptimization events (4 events):
Event: 6.263 Thread 0x00007f51e000a000 Uncommon trap: reason=unstable_if action=reinterpret pc=0x00007f51d04b7408 method=java.lang.String.indexOf(II)I @ 49
Event: 7.428 Thread 0x00007f51e0147000 Uncommon trap: reason=unstable_if action=reinterpret pc=0x00007f51d05545a8 method=java.util.HashMap.getNode(ILjava/lang/Object;)Ljava/util/HashMap$Node; @ 129
Event: 7.459 Thread 0x00007f51e014d000 Uncommon trap: reason=unstable_if action=reinterpret pc=0x00007f51d0556fec method=java.util.BitSet.nextSetBit(I)I @ 87
Event: 9.948 Thread 0x00007f51e0149000 Uncommon trap: reason=null_check action=make_not_entrant pc=0x00007f51d0612d94 method=com.android.dx.ssa.SsaRenamer.getLocalForNewReg(I)Lcom/android/dx/rop/code/LocalItem; @ 19

Internal exceptions (3 events):
Event: 2.783 Thread 0x00007f51e000a000 Exception <a 'java/lang/NoSuchMethodError': Method sun.misc.Unsafe.defineClass(Ljava/lang/String;[BII)Ljava/lang/Class; name or signature does not match> (0x00000000eab07cc0) thrown at [/HUDSON3/workspace/8-2-build-linux-amd64/jdk8u101/7261/hotspot/src/sh
Event: 2.783 Thread 0x00007f51e000a000 Exception <a 'java/lang/NoSuchMethodError': Method sun.misc.Unsafe.prefetchRead(Ljava/lang/Object;J)V name or signature does not match> (0x00000000eab07fa8) thrown at [/HUDSON3/workspace/8-2-build-linux-amd64/jdk8u101/7261/hotspot/src/share/vm/prims/jni.c
Event: 9.948 Thread 0x00007f51e0149000 Implicit null exception at 0x00007f51d0610783 to 0x00007f51d0612d71

Events (10 events):
Event: 10.274 loading class com/android/dx/dex/file/AnnotationSetRefItem done
Event: 10.344 loading class com/android/dx/cf/attrib/AttRuntimeInvisibleAnnotations
Event: 10.344 loading class com/android/dx/cf/attrib/AttRuntimeInvisibleAnnotations done
Event: 10.344 loading class com/android/dx/cf/attrib/BaseAnnotations
Event: 10.344 loading class com/android/dx/cf/attrib/BaseAnnotations done
Event: 10.566 Executing VM operation: ParallelGCFailedAllocation
Event: 10.730 Executing VM operation: ParallelGCFailedAllocation done
Event: 11.041 loading class com/android/dx/cf/code/SwitchList
Event: 11.041 loading class com/android/dx/cf/code/SwitchList done
Event: 11.639 Executing VM operation: ParallelGCFailedAllocation


Dynamic libraries:
00400000-00401000 r-xp 00000000 08:01 3279757                            /usr/lib/jvm/java-8-oracle/bin/java
00600000-00601000 rw-p 00000000 08:01 3279757                            /usr/lib/jvm/java-8-oracle/bin/java
00f24000-00f45000 rw-p 00000000 00:00 0                                  [heap]
c0000000-c1f00000 rw-p 00000000 00:00 0 
c1f00000-eab00000 ---p 00000000 00:00 0 
eab00000-ec600000 rw-p 00000000 00:00 0 
ec600000-100000000 ---p 00000000 00:00 0 
100000000-1000a0000 rw-p 00000000 00:00 0 
1000a0000-140000000 ---p 00000000 00:00 0 
7f518c000000-7f518c021000 rw-p 00000000 00:00 0 
7f518c021000-7f5190000000 ---p 00000000 00:00 0 
7f5194000000-7f5194021000 rw-p 00000000 00:00 0 
7f5194021000-7f5198000000 ---p 00000000 00:00 0 
7f5198000000-7f519802e000 rw-p 00000000 00:00 0 
7f519802e000-7f519c000000 ---p 00000000 00:00 0 
7f519c000000-7f519c021000 rw-p 00000000 00:00 0 
7f519c021000-7f51a0000000 ---p 00000000 00:00 0 
7f51a0000000-7f51a004b000 rw-p 00000000 00:00 0 
7f51a004b000-7f51a4000000 ---p 00000000 00:00 0 
7f51a4000000-7f51a4589000 rw-p 00000000 00:00 0 
7f51a4589000-7f51a8000000 ---p 00000000 00:00 0 
7f51a8000000-7f51a8021000 rw-p 00000000 00:00 0 
7f51a8021000-7f51ac000000 ---p 00000000 00:00 0 
7f51ac000000-7f51ac021000 rw-p 00000000 00:00 0 
7f51ac021000-7f51b0000000 ---p 00000000 00:00 0 
7f51b0000000-7f51b0521000 rw-p 00000000 00:00 0 
7f51b0521000-7f51b4000000 ---p 00000000 00:00 0 
7f51b4000000-7f51b4021000 rw-p 00000000 00:00 0 
7f51b4021000-7f51b8000000 ---p 00000000 00:00 0 
7f51b8000000-7f51b8021000 rw-p 00000000 00:00 0 
7f51b8021000-7f51bc000000 ---p 00000000 00:00 0 
7f51bf215000-7f51bf218000 ---p 00000000 00:00 0 
7f51bf218000-7f51bf316000 rw-p 00000000 00:00 0                          [stack:20516]
7f51bf316000-7f51bf319000 ---p 00000000 00:00 0 
7f51bf319000-7f51bf417000 rw-p 00000000 00:00 0                          [stack:20515]
7f51bf417000-7f51bf41a000 ---p 00000000 00:00 0 
7f51bf41a000-7f51bf518000 rw-p 00000000 00:00 0                          [stack:20514]
7f51bf518000-7f51bf51b000 ---p 00000000 00:00 0 
7f51bf51b000-7f51bf619000 rw-p 00000000 00:00 0                          [stack:20513]
7f51bf619000-7f51bf61c000 ---p 00000000 00:00 0 
7f51bf61c000-7f51bf71a000 rw-p 00000000 00:00 0                          [stack:20512]
7f51bf71a000-7f51bf71b000 ---p 00000000 00:00 0 
7f51bf71b000-7f51bf81b000 rw-p 00000000 00:00 0                          [stack:20505]
7f51bf81b000-7f51bf81e000 ---p 00000000 00:00 0 
7f51bf81e000-7f51bf91c000 rw-p 00000000 00:00 0                          [stack:20503]
7f51bf91c000-7f51c0000000 r--p 00000000 08:01 13113697                   /usr/lib/locale/locale-archive
7f51c0000000-7f51c029d000 rw-p 00000000 00:00 0 
7f51c029d000-7f51c4000000 ---p 00000000 00:00 0 
7f51c4000000-7f51c4021000 rw-p 00000000 00:00 0 
7f51c4021000-7f51c8000000 ---p 00000000 00:00 0 
7f51c8000000-7f51c8021000 rw-p 00000000 00:00 0 
7f51c8021000-7f51cc000000 ---p 00000000 00:00 0 
7f51cc03c000-7f51cc03f000 ---p 00000000 00:00 0 
7f51cc03f000-7f51cc13d000 rw-p 00000000 00:00 0                          [stack:20500]
7f51cc13d000-7f51cc140000 ---p 00000000 00:00 0 
7f51cc140000-7f51cc23e000 rw-p 00000000 00:00 0                          [stack:20498]
7f51cc23e000-7f51cc241000 ---p 00000000 00:00 0 
7f51cc241000-7f51cc33f000 rw-p 00000000 00:00 0                          [stack:20496]
7f51cc33f000-7f51cc342000 ---p 00000000 00:00 0 
7f51cc342000-7f51cc440000 rw-p 00000000 00:00 0                          [stack:20495]
7f51cc440000-7f51cc443000 ---p 00000000 00:00 0 
7f51cc443000-7f51cc541000 rw-p 00000000 00:00 0                          [stack:20493]
7f51cc541000-7f51cc542000 ---p 00000000 00:00 0 
7f51cc542000-7f51ccf6c000 rw-p 00000000 00:00 0                          [stack:20490]
7f51ccf6c000-7f51cd145000 r--s 03d29000 08:01 13118676                   /usr/lib/jvm/java-8-oracle/jre/lib/rt.jar
7f51cd145000-7f51cd7fb000 rw-p 00000000 00:00 0 
7f51cd7fb000-7f51cd9bb000 ---p 00000000 00:00 0 
7f51cd9bb000-7f51cfbbb000 rw-p 00000000 00:00 0 
7f51cfbbb000-7f51cfbbc000 ---p 00000000 00:00 0 
7f51cfbbc000-7f51cfcbc000 rw-p 00000000 00:00 0                          [stack:20485]
7f51cfcbc000-7f51cfcbd000 ---p 00000000 00:00 0 
7f51cfcbd000-7f51cfdcd000 rw-p 00000000 00:00 0                          [stack:20483]
7f51cfdcd000-7f51cff12000 ---p 00000000 00:00 0 
7f51cff12000-7f51cff20000 rw-p 00000000 00:00 0 
7f51cff20000-7f51cffbd000 ---p 00000000 00:00 0 
7f51cffbd000-7f51cffcc000 rw-p 00000000 00:00 0 
7f51cffcc000-7f51d037e000 ---p 00000000 00:00 0 
7f51d037e000-7f51d06de000 rwxp 00000000 00:00 0 
7f51d06de000-7f51df37e000 ---p 00000000 00:00 0 
7f51df37e000-7f51df398000 r-xp 00000000 08:01 13766358                   /usr/lib/jvm/java-8-oracle/jre/lib/amd64/libzip.so
7f51df398000-7f51df598000 ---p 0001a000 08:01 13766358                   /usr/lib/jvm/java-8-oracle/jre/lib/amd64/libzip.so
7f51df598000-7f51df599000 rw-p 0001a000 08:01 13766358                   /usr/lib/jvm/java-8-oracle/jre/lib/amd64/libzip.so
7f51df599000-7f51df5a4000 r-xp 00000000 08:01 2621673                    /lib/x86_64-linux-gnu/libnss_files-2.15.so
7f51df5a4000-7f51df7a3000 ---p 0000b000 08:01 2621673                    /lib/x86_64-linux-gnu/libnss_files-2.15.so
7f51df7a3000-7f51df7a4000 r--p 0000a000 08:01 2621673                    /lib/x86_64-linux-gnu/libnss_files-2.15.so
7f51df7a4000-7f51df7a5000 rw-p 0000b000 08:01 2621673                    /lib/x86_64-linux-gnu/libnss_files-2.15.so
7f51df7a5000-7f51df7af000 r-xp 00000000 08:01 2621658                    /lib/x86_64-linux-gnu/libnss_nis-2.15.so
7f51df7af000-7f51df9af000 ---p 0000a000 08:01 2621658                    /lib/x86_64-linux-gnu/libnss_nis-2.15.so
7f51df9af000-7f51df9b0000 r--p 0000a000 08:01 2621658                    /lib/x86_64-linux-gnu/libnss_nis-2.15.so
7f51df9b0000-7f51df9b1000 rw-p 0000b000 08:01 2621658                    /lib/x86_64-linux-gnu/libnss_nis-2.15.so
7f51df9b1000-7f51df9c8000 r-xp 00000000 08:01 2621667                    /lib/x86_64-linux-gnu/libnsl-2.15.so
7f51df9c8000-7f51dfbc7000 ---p 00017000 08:01 2621667                    /lib/x86_64-linux-gnu/libnsl-2.15.so
7f51dfbc7000-7f51dfbc8000 r--p 00016000 08:01 2621667                    /lib/x86_64-linux-gnu/libnsl-2.15.so
7f51dfbc8000-7f51dfbc9000 rw-p 00017000 08:01 2621667                    /lib/x86_64-linux-gnu/libnsl-2.15.so
7f51dfbc9000-7f51dfbcb000 rw-p 00000000 00:00 0 
7f51dfbcb000-7f51dfbd3000 r-xp 00000000 08:01 2621672                    /lib/x86_64-linux-gnu/libnss_compat-2.15.so
7f51dfbd3000-7f51dfdd2000 ---p 00008000 08:01 2621672                    /lib/x86_64-linux-gnu/libnss_compat-2.15.so
7f51dfdd2000-7f51dfdd3000 r--p 00007000 08:01 2621672                    /lib/x86_64-linux-gnu/libnss_compat-2.15.so
7f51dfdd3000-7f51dfdd4000 rw-p 00008000 08:01 2621672                    /lib/x86_64-linux-gnu/libnss_compat-2.15.so
7f51dfdd4000-7f51dfdfe000 r-xp 00000000 08:01 13766323                   /usr/lib/jvm/java-8-oracle/jre/lib/amd64/libjava.so
7f51dfdfe000-7f51dfffe000 ---p 0002a000 08:01 13766323                   /usr/lib/jvm/java-8-oracle/jre/lib/amd64/libjava.so
7f51dfffe000-7f51e0000000 rw-p 0002a000 08:01 13766323                   /usr/lib/jvm/java-8-oracle/jre/lib/amd64/libjava.so
7f51e0000000-7f51e0387000 rw-p 00000000 00:00 0 
7f51e0387000-7f51e4000000 ---p 00000000 00:00 0 
7f51e400c000-7f51e4016000 r--s 00046000 08:01 10362094                   /home/lin/other/AndroidProjects/Radio/app/build/intermediates/exploded-aar/com.android.support/support-v4/23.4.0/jars/libs/internal_impl-23.4.0.jar
7f51e4016000-7f51e4075000 rw-p 00000000 00:00 0 
7f51e4075000-7f51e41bb000 ---p 00000000 00:00 0 
7f51e41bb000-7f51e41c8000 r-xp 00000000 08:01 13766361                   /usr/lib/jvm/java-8-oracle/jre/lib/amd64/libverify.so
7f51e41c8000-7f51e43c8000 ---p 0000d000 08:01 13766361                   /usr/lib/jvm/java-8-oracle/jre/lib/amd64/libverify.so
7f51e43c8000-7f51e43ca000 rw-p 0000d000 08:01 13766361                   /usr/lib/jvm/java-8-oracle/jre/lib/amd64/libverify.so
7f51e43ca000-7f51e43d1000 r-xp 00000000 08:01 2621660                    /lib/x86_64-linux-gnu/librt-2.15.so
7f51e43d1000-7f51e45d0000 ---p 00007000 08:01 2621660                    /lib/x86_64-linux-gnu/librt-2.15.so
7f51e45d0000-7f51e45d1000 r--p 00006000 08:01 2621660                    /lib/x86_64-linux-gnu/librt-2.15.so
7f51e45d1000-7f51e45d2000 rw-p 00007000 08:01 2621660                    /lib/x86_64-linux-gnu/librt-2.15.so
7f51e45d2000-7f51e46cd000 r-xp 00000000 08:01 2621674                    /lib/x86_64-linux-gnu/libm-2.15.so
7f51e46cd000-7f51e48cc000 ---p 000fb000 08:01 2621674                    /lib/x86_64-linux-gnu/libm-2.15.so
7f51e48cc000-7f51e48cd000 r--p 000fa000 08:01 2621674                    /lib/x86_64-linux-gnu/libm-2.15.so
7f51e48cd000-7f51e48ce000 rw-p 000fb000 08:01 2621674                    /lib/x86_64-linux-gnu/libm-2.15.so
7f51e48ce000-7f51e5599000 r-xp 00000000 08:01 13894575                   /usr/lib/jvm/java-8-oracle/jre/lib/amd64/server/libjvm.so
7f51e5599000-7f51e5798000 ---p 00ccb000 08:01 13894575                   /usr/lib/jvm/java-8-oracle/jre/lib/amd64/server/libjvm.so
7f51e5798000-7f51e5871000 rw-p 00cca000 08:01 13894575                   /usr/lib/jvm/java-8-oracle/jre/lib/amd64/server/libjvm.so
7f51e5871000-7f51e58bc000 rw-p 00000000 00:00 0 
7f51e58bc000-7f51e5a70000 r-xp 00000000 08:01 2621665                    /lib/x86_64-linux-gnu/libc-2.15.so
7f51e5a70000-7f51e5c6f000 ---p 001b4000 08:01 2621665                    /lib/x86_64-linux-gnu/libc-2.15.so
7f51e5c6f000-7f51e5c73000 r--p 001b3000 08:01 2621665                    /lib/x86_64-linux-gnu/libc-2.15.so
7f51e5c73000-7f51e5c75000 rw-p 001b7000 08:01 2621665                    /lib/x86_64-linux-gnu/libc-2.15.so
7f51e5c75000-7f51e5c7a000 rw-p 00000000 00:00 0 
7f51e5c7a000-7f51e5c7c000 r-xp 00000000 08:01 2621657                    /lib/x86_64-linux-gnu/libdl-2.15.so
7f51e5c7c000-7f51e5e7c000 ---p 00002000 08:01 2621657                    /lib/x86_64-linux-gnu/libdl-2.15.so
7f51e5e7c000-7f51e5e7d000 r--p 00002000 08:01 2621657                    /lib/x86_64-linux-gnu/libdl-2.15.so
7f51e5e7d000-7f51e5e7e000 rw-p 00003000 08:01 2621657                    /lib/x86_64-linux-gnu/libdl-2.15.so
7f51e5e7e000-7f51e5e93000 r-xp 00000000 08:01 2627921                    /usr/lib/jvm/java-8-oracle/lib/amd64/jli/libjli.so
7f51e5e93000-7f51e6093000 ---p 00015000 08:01 2627921                    /usr/lib/jvm/java-8-oracle/lib/amd64/jli/libjli.so
7f51e6093000-7f51e6094000 rw-p 00015000 08:01 2627921                    /usr/lib/jvm/java-8-oracle/lib/amd64/jli/libjli.so
7f51e6094000-7f51e60ac000 r-xp 00000000 08:01 2621668                    /lib/x86_64-linux-gnu/libpthread-2.15.so
7f51e60ac000-7f51e62ab000 ---p 00018000 08:01 2621668                    /lib/x86_64-linux-gnu/libpthread-2.15.so
7f51e62ab000-7f51e62ac000 r--p 00017000 08:01 2621668                    /lib/x86_64-linux-gnu/libpthread-2.15.so
7f51e62ac000-7f51e62ad000 rw-p 00018000 08:01 2621668                    /lib/x86_64-linux-gnu/libpthread-2.15.so
7f51e62ad000-7f51e62b1000 rw-p 00000000 00:00 0 
7f51e62b1000-7f51e62d3000 r-xp 00000000 08:01 2621671                    /lib/x86_64-linux-gnu/ld-2.15.so
7f51e62d9000-7f51e63b3000 rw-p 00000000 00:00 0 
7f51e63b3000-7f51e63b6000 ---p 00000000 00:00 0 
7f51e63b6000-7f51e64b8000 rw-p 00000000 00:00 0                          [stack:20482]
7f51e64b8000-7f51e64c7000 r--s 000df000 08:01 9309217                    /home/lin/Android/Sdk/build-tools/23.0.3/lib/dx.jar
7f51e64c7000-7f51e64cf000 rw-s 00000000 08:01 4850224                    /tmp/hsperfdata_lin/20474
7f51e64cf000-7f51e64d0000 rw-p 00000000 00:00 0 
7f51e64d0000-7f51e64d1000 ---p 00000000 00:00 0 
7f51e64d1000-7f51e64d3000 rw-p 00000000 00:00 0 
7f51e64d3000-7f51e64d4000 r--p 00022000 08:01 2621671                    /lib/x86_64-linux-gnu/ld-2.15.so
7f51e64d4000-7f51e64d6000 rw-p 00023000 08:01 2621671                    /lib/x86_64-linux-gnu/ld-2.15.so
7ffd852ed000-7ffd8530e000 rw-p 00000000 00:00 0                          [stack]
7ffd85394000-7ffd85396000 r-xp 00000000 00:00 0                          [vdso]
ffffffffff600000-ffffffffff601000 r-xp 00000000 00:00 0                  [vsyscall]

VM Arguments:
jvm_args: -Djava.awt.headless=true -Xmx1024M -Dfile.encoding=UTF-8 -Duser.country=US -Duser.language=en -Duser.variant 
java_command: com.android.dx.command.Main --dex --num-threads=4 --output /home/lin/other/AndroidProjects/Radio/app/build/intermediates/pre-dexed/debug/internal_impl-23.4.0_b5619ed93d7f9003535a36ca45adce4d95a69933.jar /home/lin/other/AndroidProjects/Radio/app/build/intermediates/exploded-aar/com.android.support/support-v4/23.4.0/jars/libs/internal_impl-23.4.0.jar
java_class_path (initial): /home/lin/Android/Sdk/build-tools/23.0.3/lib/dx.jar
Launcher Type: SUN_STANDARD

Environment Variables:
PATH=/usr/lib/lightdm/lightdm:/usr/local/sbin:/usr/local/bin:/usr/sbin:/usr/bin:/sbin:/bin:/usr/games
LD_LIBRARY_PATH=/opt/android-studio/bin:
SHELL=/bin/bash
DISPLAY=:0.0

Signal Handlers:
SIGSEGV: [libjvm.so+0xac4790], sa_mask[0]=11111111011111111101111111111110, sa_flags=SA_RESTART|SA_SIGINFO
SIGBUS: [libjvm.so+0xac4790], sa_mask[0]=11111111011111111101111111111110, sa_flags=SA_RESTART|SA_SIGINFO
SIGFPE: [libjvm.so+0x91f140], sa_mask[0]=11111111011111111101111111111110, sa_flags=SA_RESTART|SA_SIGINFO
SIGPIPE: [libjvm.so+0x91f140], sa_mask[0]=11111111011111111101111111111110, sa_flags=SA_RESTART|SA_SIGINFO
SIGXFSZ: [libjvm.so+0x91f140], sa_mask[0]=11111111011111111101111111111110, sa_flags=SA_RESTART|SA_SIGINFO
SIGILL: [libjvm.so+0x91f140], sa_mask[0]=11111111011111111101111111111110, sa_flags=SA_RESTART|SA_SIGINFO
SIGUSR1: SIG_DFL, sa_mask[0]=00000000000000000000000000000000, sa_flags=none
SIGUSR2: [libjvm.so+0x920770], sa_mask[0]=00100000000000000000000000000000, sa_flags=SA_RESTART|SA_SIGINFO
SIGHUP: [libjvm.so+0x921b70], sa_mask[0]=11111111011111111101111111111110, sa_flags=SA_RESTART|SA_SIGINFO
SIGINT: [libjvm.so+0x921b70], sa_mask[0]=11111111011111111101111111111110, sa_flags=SA_RESTART|SA_SIGINFO
SIGTERM: [libjvm.so+0x921b70], sa_mask[0]=11111111011111111101111111111110, sa_flags=SA_RESTART|SA_SIGINFO
SIGQUIT: [libjvm.so+0x921b70], sa_mask[0]=11111111011111111101111111111110, sa_flags=SA_RESTART|SA_SIGINFO


---------------  S Y S T E M  ---------------

OS:DISTRIB_ID=Ubuntu
DISTRIB_RELEASE=12.04
DISTRIB_CODENAME=precise
DISTRIB_DESCRIPTION="Ubuntu 12.04.5 LTS"

uname:Linux 3.13.0-93-generic #140~precise1-Ubuntu SMP Tue Jul 19 19:55:11 UTC 2016 x86_64
libc:glibc 2.15 NPTL 2.15 
rlimit: STACK 8192k, CORE 0k, NPROC 22873, NOFILE 4096, AS infinity
load average:5.72 2.87 1.99

/proc/meminfo:
MemTotal:        2948840 kB
MemFree:          499796 kB
Buffers:           11264 kB
Cached:           369252 kB
SwapCached:        30208 kB
Active:          1670496 kB
Inactive:         631924 kB
Active(anon):    1581596 kB
Inactive(anon):   454440 kB
Active(file):      88900 kB
Inactive(file):   177484 kB
Unevictable:           0 kB
Mlocked:               0 kB
SwapTotal:       3008508 kB
SwapFree:        2802668 kB
Dirty:              5340 kB
Writeback:             0 kB
AnonPages:       1908824 kB
Mapped:            65304 kB
Shmem:            114068 kB
Slab:              66304 kB
SReclaimable:      39608 kB
SUnreclaim:        26696 kB
KernelStack:        4080 kB
PageTables:        28980 kB
NFS_Unstable:          0 kB
Bounce:                0 kB
WritebackTmp:          0 kB
CommitLimit:     4482928 kB
Committed_AS:    3935812 kB
VmallocTotal:   34359738367 kB
VmallocUsed:      346432 kB
VmallocChunk:   34359384156 kB
HardwareCorrupted:     0 kB
AnonHugePages:   1099776 kB
HugePages_Total:       0
HugePages_Free:        0
HugePages_Rsvd:        0
HugePages_Surp:        0
Hugepagesize:       2048 kB
DirectMap4k:       61828 kB
DirectMap2M:     2949120 kB


CPU:total 2 (2 cores per cpu, 1 threads per core) family 6 model 15 stepping 13, cmov, cx8, fxsr, mmx, sse, sse2, sse3, ssse3, tsc

/proc/cpuinfo:
processor	: 0
vendor_id	: GenuineIntel
cpu family	: 6
model		: 15
model name	: Genuine Intel(R) CPU           T1600  @ 1.66GHz
stepping	: 13
microcode	: 0xa3
cpu MHz		: 1662.448
cache size	: 1024 KB
physical id	: 0
siblings	: 2
core id		: 0
cpu cores	: 2
apicid		: 0
initial apicid	: 0
fpu		: yes
fpu_exception	: yes
cpuid level	: 10
wp		: yes
flags		: fpu vme de pse tsc msr pae mce cx8 apic sep mtrr pge mca cmov pat pse36 clflush dts acpi mmx fxsr sse sse2 ss ht tm pbe syscall nx lm constant_tsc arch_perfmon pebs bts rep_good nopl aperfmperf pni dtes64 monitor ds_cpl tm2 ssse3 cx16 xtpr pdcm lahf_lm dtherm
bogomips	: 3324.89
clflush size	: 64
cache_alignment	: 64
address sizes	: 36 bits physical, 48 bits virtual
power management:

processor	: 1
vendor_id	: GenuineIntel
cpu family	: 6
model		: 15
model name	: Genuine Intel(R) CPU           T1600  @ 1.66GHz
stepping	: 13
microcode	: 0xa3
cpu MHz		: 1662.448
cache size	: 1024 KB
physical id	: 0
siblings	: 2
core id		: 1
cpu cores	: 2
apicid		: 1
initial apicid	: 1
fpu		: yes
fpu_exception	: yes
cpuid level	: 10
wp		: yes
flags		: fpu vme de pse tsc msr pae mce cx8 apic sep mtrr pge mca cmov pat pse36 clflush dts acpi mmx fxsr sse sse2 ss ht tm pbe syscall nx lm constant_tsc arch_perfmon pebs bts rep_good nopl aperfmperf pni dtes64 monitor ds_cpl tm2 ssse3 cx16 xtpr pdcm lahf_lm dtherm
bogomips	: 3324.89
clflush size	: 64
cache_alignment	: 64
address sizes	: 36 bits physical, 48 bits virtual
power management:



Memory: 4k page, physical 2948840k(499796k free), swap 3008508k(2802668k free)

vm_info: Java HotSpot(TM) 64-Bit Server VM (25.101-b13) for linux-amd64 JRE (1.8.0_101-b13), built on Jun 22 2016 02:59:44 by "java_re" with gcc 4.3.0 20080428 (Red Hat 4.3.0-8)

time: Tue Aug 16 18:25:05 2016
elapsed time: 11 seconds (0d 0h 0m 11s)

