#
# A fatal error has been detected by the Java Runtime Environment:
#
#  SIGSEGV (0xb) at pc=0x00007f5219021065, pid=14060, tid=0x00007f5214d07700
#
# JRE version: Java(TM) SE Runtime Environment (8.0_101-b13) (build 1.8.0_101-b13)
# Java VM: Java HotSpot(TM) 64-Bit Server VM (25.101-b13 mixed mode linux-amd64 compressed oops)
# Problematic frame:
# j  com.android.dx.dex.file.AnnotationUtils.makeSignature(Lcom/android/dx/rop/cst/CstString;)Lcom/android/dx/rop/annotation/Annotation;+246
#
# Failed to write core dump. Core dumps have been disabled. To enable core dumping, try "ulimit -c unlimited" before starting Java again
#
# If you would like to submit a bug report, please visit:
#   http://bugreport.java.com/bugreport/crash.jsp
#

---------------  T H R E A D  ---------------

Current thread (0x00007f5228167800):  JavaThread "pool-1-thread-4" [_thread_in_Java, id=14081, stack(0x00007f5214c07000,0x00007f5214d08000)]

siginfo: si_signo: 11 (SIGSEGV), si_code: 2 (SEGV_ACCERR), si_addr: 0x0000000100273a30

Registers:
RAX=0x0000000100273850, RBX=0x0000000000000005, RCX=0x00000000eb237d70, RDX=0x0000000090000001
RSP=0x00007f5214d06260, RBP=0x00007f5214d062b0, RSI=0x00007f5214d06210, RDI=0x00000000eb2383d0
R8 =0x00007f5216ae7c38, R9 =0x0000000000000118, R10=0x00007f522f2c0ca0, R11=0x00007f5219113d00
R12=0x0000000000000000, R13=0x00007f5216c9d706, R14=0x0000000000000000, R15=0x00007f5228167800
RIP=0x00007f5219021065, EFLAGS=0x0000000000010246, CSGSFS=0x0000000000000033, ERR=0x0000000000000004
  TRAPNO=0x000000000000000e

Top of Stack: (sp=0x00007f5214d06260)
0x00007f5214d06260:   00007f5219007ffd 00000000eb237d70
0x00007f5214d06270:   00007f5214d06270 00007f5216c9d706
0x00007f5214d06280:   00007f5214d062f8 00007f5216c9db60
0x00007f5214d06290:   0000000000000000 00007f5216c9d7b8
0x00007f5214d062a0:   0000000000000000 00007f5214d062f8
0x00007f5214d062b0:   00007f5214d06340 00007f5219007d80
0x00007f5214d062c0:   0000000000000005 00000000eb237ff0
0x00007f5214d062d0:   0000000000000005 00000000eb237dc0
0x00007f5214d062e0:   0000000000000070 00000000eaf7afe0
0x00007f5214d062f0:   00000000eb237d70 00000000eaf7aed8
0x00007f5214d06300:   00007f5214d06300 00007f5216c9583e
0x00007f5214d06310:   00007f5214d06358 00007f5216c96228
0x00007f5214d06320:   0000000000000000 00007f5216c95868
0x00007f5214d06330:   00007f5214d062f8 00007f5214d06358
0x00007f5214d06340:   00007f5214d063a0 00007f5219007d80
0x00007f5214d06350:   00000000eaf875f0 00000000eaf875b8
0x00007f5214d06360:   00007f5214d06360 00007f5216c95336
0x00007f5214d06370:   00007f5214d063c0 00007f5216c96228
0x00007f5214d06380:   0000000000000000 00007f5216c95378
0x00007f5214d06390:   00007f5214d06358 00007f5214d063c0
0x00007f5214d063a0:   00007f5214d06408 00007f5219007d80
0x00007f5214d063b0:   0000000000000000 00000000eadf7948
0x00007f5214d063c0:   00000000eaf875b8 00007f5214d063c8
0x00007f5214d063d0:   00007f5216c95423 00007f5214d06448
0x00007f5214d063e0:   00007f5216c96228 0000000000000000
0x00007f5214d063f0:   00007f5216c95530 00007f5214d063c0
0x00007f5214d06400:   00007f5214d06440 00007f5214d06490
0x00007f5214d06410:   00007f5219007d80 0000000000000000
0x00007f5214d06420:   0000000000000000 0000000000000000
0x00007f5214d06430:   00000000eaf875b8 00000000eae35938
0x00007f5214d06440:   00000000eac05428 00000000eae34488
0x00007f5214d06450:   00007f5214d06450 00007f5216c837c5 

Instructions: (pc=0x00007f5219021065)
0x00007f5219021045:   01 49 83 5e 28 00 e9 0d 00 00 00 49 89 46 10 ba
0x00007f5219021055:   01 00 00 00 49 89 56 18 49 83 c6 30 4c 89 75 e0
0x00007f5219021065:   48 8b 9c d8 b8 01 00 00 48 8b 55 e0 48 85 d2 0f
0x00007f5219021075:   84 2f 01 00 00 80 7a d0 0b 0f 85 25 01 00 00 48 

Register to memory mapping:

RAX=0x0000000100273850 is an unknown value
RBX=0x0000000000000005 is an unknown value
RCX=0x00000000eb237d70 is an oop

[error occurred during error reporting (printing register info), id 0xb]

Stack: [0x00007f5214c07000,0x00007f5214d08000],  sp=0x00007f5214d06260,  free space=1020k
Native frames: (J=compiled Java code, j=interpreted, Vv=VM code, C=native code)
j  com.android.dx.dex.file.AnnotationUtils.makeSignature(Lcom/android/dx/rop/cst/CstString;)Lcom/android/dx/rop/annotation/Annotation;+246
j  com.android.dx.dex.cf.AttributeTranslator.getSignature(Lcom/android/dx/cf/iface/AttributeList;)Lcom/android/dx/rop/annotation/Annotation;+22
j  com.android.dx.dex.cf.AttributeTranslator.getAnnotations(Lcom/android/dx/cf/iface/AttributeList;)Lcom/android/dx/rop/annotation/Annotations;+6
j  com.android.dx.dex.cf.AttributeTranslator.getClassAnnotations(Lcom/android/dx/cf/direct/DirectClassFile;Lcom/android/dx/dex/cf/CfOptions;)Lcom/android/dx/rop/annotation/Annotations;+11
j  com.android.dx.dex.cf.CfTranslator.translate0(Lcom/android/dx/cf/direct/DirectClassFile;[BLcom/android/dx/dex/cf/CfOptions;Lcom/android/dx/dex/DexOptions;Lcom/android/dx/dex/file/DexFile;)Lcom/android/dx/dex/file/ClassDefItem;+69
j  com.android.dx.dex.cf.CfTranslator.translate(Lcom/android/dx/cf/direct/DirectClassFile;[BLcom/android/dx/dex/cf/CfOptions;Lcom/android/dx/dex/DexOptions;Lcom/android/dx/dex/file/DexFile;)Lcom/android/dx/dex/file/ClassDefItem;+6
j  com.android.dx.command.dexer.Main.translateClass([BLcom/android/dx/cf/direct/DirectClassFile;)Lcom/android/dx/dex/file/ClassDefItem;+17
j  com.android.dx.command.dexer.Main.access$2700([BLcom/android/dx/cf/direct/DirectClassFile;)Lcom/android/dx/dex/file/ClassDefItem;+2
j  com.android.dx.command.dexer.Main$ClassTranslatorTask.call()Lcom/android/dx/dex/file/ClassDefItem;+8
j  com.android.dx.command.dexer.Main$ClassTranslatorTask.call()Ljava/lang/Object;+1
j  java.util.concurrent.FutureTask.run()V+42
j  java.util.concurrent.ThreadPoolExecutor.runWorker(Ljava/util/concurrent/ThreadPoolExecutor$Worker;)V+95
j  java.util.concurrent.ThreadPoolExecutor$Worker.run()V+5
j  java.lang.Thread.run()V+11
v  ~StubRoutines::call_stub
V  [libjvm.so+0x68f6b6]  JavaCalls::call_helper(JavaValue*, methodHandle*, JavaCallArguments*, Thread*)+0x1056
V  [libjvm.so+0x68fbc1]  JavaCalls::call_virtual(JavaValue*, KlassHandle, Symbol*, Symbol*, JavaCallArguments*, Thread*)+0x321
V  [libjvm.so+0x690067]  JavaCalls::call_virtual(JavaValue*, Handle, KlassHandle, Symbol*, Symbol*, Thread*)+0x47
V  [libjvm.so+0x726fc0]  thread_entry(JavaThread*, Thread*)+0xa0
V  [libjvm.so+0xa7343f]  JavaThread::thread_main_inner()+0xdf
V  [libjvm.so+0xa7356c]  JavaThread::run()+0x11c
V  [libjvm.so+0x924698]  java_start(Thread*)+0x108
C  [libpthread.so.0+0x7e9a]  start_thread+0xda


---------------  P R O C E S S  ---------------

Java Threads: ( => current thread )
=>0x00007f5228167800 JavaThread "pool-1-thread-4" [_thread_in_Java, id=14081, stack(0x00007f5214c07000,0x00007f5214d08000)]
  0x00007f5228166000 JavaThread "pool-1-thread-3" [_thread_blocked, id=14080, stack(0x00007f5214d08000,0x00007f5214e09000)]
  0x00007f5228164000 JavaThread "pool-1-thread-2" [_thread_in_native, id=14079, stack(0x00007f5214e09000,0x00007f5214f0a000)]
  0x00007f5228163000 JavaThread "pool-2-thread-1" [_thread_blocked, id=14078, stack(0x00007f5214f0a000,0x00007f521500b000)]
  0x00007f5228161000 JavaThread "pool-1-thread-1" [_thread_blocked, id=14077, stack(0x00007f521500b000,0x00007f521510c000)]
  0x00007f52280ba000 JavaThread "Service Thread" daemon [_thread_blocked, id=14074, stack(0x00007f521520d000,0x00007f521530e000)]
  0x00007f52280b7800 JavaThread "C1 CompilerThread1" daemon [_thread_blocked, id=14073, stack(0x00007f521530e000,0x00007f521540f000)]
  0x00007f52280b4800 JavaThread "C2 CompilerThread0" daemon [_thread_in_native, id=14072, stack(0x00007f521540f000,0x00007f5215510000)]
  0x00007f52280b3000 JavaThread "Signal Dispatcher" daemon [_thread_blocked, id=14071, stack(0x00007f5215510000,0x00007f5215611000)]
  0x00007f5228080000 JavaThread "Finalizer" daemon [_thread_blocked, id=14070, stack(0x00007f5215cf5000,0x00007f5215df6000)]
  0x00007f522807b800 JavaThread "Reference Handler" daemon [_thread_blocked, id=14069, stack(0x00007f5215df6000,0x00007f5215ef7000)]
  0x00007f522800a000 JavaThread "main" [_thread_blocked, id=14064, stack(0x00007f522fde2000,0x00007f522fee3000)]

Other Threads:
  0x00007f5228073800 VMThread [stack: 0x00007f5215ef7000,0x00007f5215ff8000] [id=14068]
  0x00007f52280bd000 WatcherThread [stack: 0x00007f521510c000,0x00007f521520d000] [id=14075]

VM state:not at safepoint (normal execution)

VM Mutex/Monitor currently owned by a thread: None

Heap:
 PSYoungGen      total 13824K, used 7761K [0x00000000eab00000, 0x00000000eba00000, 0x0000000100000000)
  eden space 12288K, 63% used [0x00000000eab00000,0x00000000eb294708,0x00000000eb700000)
  from space 1536K, 0% used [0x00000000eb880000,0x00000000eb880000,0x00000000eba00000)
  to   space 1536K, 0% used [0x00000000eb700000,0x00000000eb700000,0x00000000eb880000)
 ParOldGen       total 31744K, used 0K [0x00000000c0000000, 0x00000000c1f00000, 0x00000000eab00000)
  object space 31744K, 0% used [0x00000000c0000000,0x00000000c0000000,0x00000000c1f00000)
 Metaspace       used 5079K, capacity 6160K, committed 6272K, reserved 1056768K
  class space    used 563K, capacity 584K, committed 640K, reserved 1048576K

Card table byte_map: [0x00007f522c9a7000,0x00007f522cba8000] byte_map_base: 0x00007f522c3a7000

Marking Bits: (ParMarkBitMap*) 0x00007f522f2be120
 Begin Bits: [0x00007f5217000000, 0x00007f5218000000)
 End Bits:   [0x00007f5218000000, 0x00007f5219000000)

Polling page: 0x00007f522feff000

CodeCache: size=245760Kb used=1745Kb max_used=1756Kb free=244014Kb
 bounds [0x00007f5219000000, 0x00007f5219270000, 0x00007f5228000000]
 total_blobs=592 nmethods=327 adapters=181
 compilation: enabled

Compilation events (10 events):
Event: 1.913 Thread 0x00007f52280b7800  327       1       com.android.dx.rop.code.BasicBlock::getSuccessors (5 bytes)
Event: 1.913 Thread 0x00007f52280b7800 nmethod 327 0x00007f52191b2cd0 code [0x00007f52191b2e20, 0x00007f52191b2f30]
Event: 1.913 Thread 0x00007f52280b7800  323       1       com.android.dx.ssa.SsaInsn::getBlock (5 bytes)
Event: 1.913 Thread 0x00007f52280b7800 nmethod 323 0x00007f52191b2f90 code [0x00007f52191b30e0, 0x00007f52191b31f0]
Event: 1.924 Thread 0x00007f52280b7800  326       1       com.android.dx.ssa.SsaBasicBlock::getParent (5 bytes)
Event: 1.925 Thread 0x00007f52280b7800 nmethod 326 0x00007f52191b3250 code [0x00007f52191b33a0, 0x00007f52191b34b0]
Event: 1.925 Thread 0x00007f52280b7800  322       3       com.android.dx.rop.code.RegisterSpec::hashCodeOf (30 bytes)
Event: 1.925 Thread 0x00007f52280b7800 nmethod 322 0x00007f52191b3510 code [0x00007f52191b36a0, 0x00007f52191b3958]
Event: 1.925 Thread 0x00007f52280b7800  328       1       com.android.dx.rop.code.BasicBlock::getInsns (5 bytes)
Event: 1.925 Thread 0x00007f52280b7800 nmethod 328 0x00007f52191b3a90 code [0x00007f52191b3be0, 0x00007f52191b3cf0]

GC Heap History (0 events):
No events

Deoptimization events (1 events):
Event: 1.058 Thread 0x00007f522800a000 Uncommon trap: reason=unstable_if action=reinterpret pc=0x00007f521913f244 method=java.lang.String.indexOf(II)I @ 49

Internal exceptions (4 events):
Event: 0.215 Thread 0x00007f522800a000 Exception <a 'java/lang/NoSuchMethodError': Method sun.misc.Unsafe.defineClass(Ljava/lang/String;[BII)Ljava/lang/Class; name or signature does not match> (0x00000000eab07cc0) thrown at [/HUDSON3/workspace/8-2-build-linux-amd64/jdk8u101/7261/hotspot/src/sh
Event: 0.215 Thread 0x00007f522800a000 Exception <a 'java/lang/NoSuchMethodError': Method sun.misc.Unsafe.prefetchRead(Ljava/lang/Object;J)V name or signature does not match> (0x00000000eab07fa8) thrown at [/HUDSON3/workspace/8-2-build-linux-amd64/jdk8u101/7261/hotspot/src/share/vm/prims/jni.c
Event: 1.932 Thread 0x00007f5228167800 Exception <a 'java/lang/ClassFormatError': Signature index 1051 in LocalVariableTable has bad constant type in class file com/android/dx/dex/code/TargetInsn> (0x00000000eb237818) thrown at [/HUDSON3/workspace/8-2-build-linux-amd64/jdk8u101/7261/hotspot/sr
Event: 1.932 Thread 0x00007f5228167800 Exception <a 'java/lang/ClassFormatError'> (0x00000000eb237818) thrown at [/HUDSON3/workspace/8-2-build-linux-amd64/jdk8u101/7261/hotspot/src/share/vm/prims/jvm.cpp, line 1390]

Events (10 events):
Event: 1.931 loading class java/lang/ClassFormatError
Event: 1.932 loading class java/lang/ClassFormatError done
Event: 1.932 loading class java/security/PrivilegedActionException
Event: 1.932 loading class java/security/PrivilegedActionException done
Event: 1.932 loading class com/android/dx/dex/code/TargetInsn
Event: 1.932 loading class com/android/dx/dex/code/TargetInsn done
Event: 1.933 loading class com/android/dx/dex/code/FixedSizeInsn
Event: 1.933 loading class com/android/dx/dex/code/FixedSizeInsn done
Event: 1.934 loading class com/android/dx/dex/code/RopTranslator$TranslationVisitor
Event: 1.934 loading class com/android/dx/dex/code/RopTranslator$TranslationVisitor done


Dynamic libraries:
00400000-00401000 r-xp 00000000 08:01 3279757                            /usr/lib/jvm/java-8-oracle/bin/java
00600000-00601000 rw-p 00000000 08:01 3279757                            /usr/lib/jvm/java-8-oracle/bin/java
00985000-00c43000 rw-p 00000000 00:00 0                                  [heap]
c0000000-c1f00000 rw-p 00000000 00:00 0 
c1f00000-eab00000 ---p 00000000 00:00 0 
eab00000-eba00000 rw-p 00000000 00:00 0 
eba00000-100000000 ---p 00000000 00:00 0 
100000000-1000a0000 rw-p 00000000 00:00 0 
1000a0000-140000000 ---p 00000000 00:00 0 
7f51d8000000-7f51d8021000 rw-p 00000000 00:00 0 
7f51d8021000-7f51dc000000 ---p 00000000 00:00 0 
7f51e0000000-7f51e0021000 rw-p 00000000 00:00 0 
7f51e0021000-7f51e4000000 ---p 00000000 00:00 0 
7f51e4000000-7f51e4026000 rw-p 00000000 00:00 0 
7f51e4026000-7f51e8000000 ---p 00000000 00:00 0 
7f51e8000000-7f51e8021000 rw-p 00000000 00:00 0 
7f51e8021000-7f51ec000000 ---p 00000000 00:00 0 
7f51ec000000-7f51ec021000 rw-p 00000000 00:00 0 
7f51ec021000-7f51f0000000 ---p 00000000 00:00 0 
7f51f0000000-7f51f019e000 rw-p 00000000 00:00 0 
7f51f019e000-7f51f4000000 ---p 00000000 00:00 0 
7f51f4000000-7f51f4021000 rw-p 00000000 00:00 0 
7f51f4021000-7f51f8000000 ---p 00000000 00:00 0 
7f51f8000000-7f51f8021000 rw-p 00000000 00:00 0 
7f51f8021000-7f51fc000000 ---p 00000000 00:00 0 
7f51fc000000-7f51fc07b000 rw-p 00000000 00:00 0 
7f51fc07b000-7f5200000000 ---p 00000000 00:00 0 
7f5200000000-7f5200021000 rw-p 00000000 00:00 0 
7f5200021000-7f5204000000 ---p 00000000 00:00 0 
7f5204000000-7f5204021000 rw-p 00000000 00:00 0 
7f5204021000-7f5208000000 ---p 00000000 00:00 0 
7f5208000000-7f5208021000 rw-p 00000000 00:00 0 
7f5208021000-7f520c000000 ---p 00000000 00:00 0 
7f520c000000-7f520c021000 rw-p 00000000 00:00 0 
7f520c021000-7f5210000000 ---p 00000000 00:00 0 
7f5210000000-7f5210021000 rw-p 00000000 00:00 0 
7f5210021000-7f5214000000 ---p 00000000 00:00 0 
7f5214c07000-7f5214c0a000 ---p 00000000 00:00 0 
7f5214c0a000-7f5214d08000 rw-p 00000000 00:00 0                          [stack:14081]
7f5214d08000-7f5214d0b000 ---p 00000000 00:00 0 
7f5214d0b000-7f5214e09000 rw-p 00000000 00:00 0                          [stack:14080]
7f5214e09000-7f5214e0c000 ---p 00000000 00:00 0 
7f5214e0c000-7f5214f0a000 rw-p 00000000 00:00 0                          [stack:14079]
7f5214f0a000-7f5214f0d000 ---p 00000000 00:00 0 
7f5214f0d000-7f521500b000 rw-p 00000000 00:00 0                          [stack:14078]
7f521500b000-7f521500e000 ---p 00000000 00:00 0 
7f521500e000-7f521510c000 rw-p 00000000 00:00 0                          [stack:14077]
7f521510c000-7f521510d000 ---p 00000000 00:00 0 
7f521510d000-7f521520d000 rw-p 00000000 00:00 0                          [stack:14075]
7f521520d000-7f5215210000 ---p 00000000 00:00 0 
7f5215210000-7f521530e000 rw-p 00000000 00:00 0                          [stack:14074]
7f521530e000-7f5215311000 ---p 00000000 00:00 0 
7f5215311000-7f521540f000 rw-p 00000000 00:00 0                          [stack:14073]
7f521540f000-7f5215412000 ---p 00000000 00:00 0 
7f5215412000-7f5215510000 rw-p 00000000 00:00 0                          [stack:14072]
7f5215510000-7f5215513000 ---p 00000000 00:00 0 
7f5215513000-7f5215611000 rw-p 00000000 00:00 0                          [stack:14071]
7f5215611000-7f5215cf5000 r--p 00000000 08:01 13113697                   /usr/lib/locale/locale-archive
7f5215cf5000-7f5215cf8000 ---p 00000000 00:00 0 
7f5215cf8000-7f5215df6000 rw-p 00000000 00:00 0                          [stack:14070]
7f5215df6000-7f5215df9000 ---p 00000000 00:00 0 
7f5215df9000-7f5215ef7000 rw-p 00000000 00:00 0                          [stack:14069]
7f5215ef7000-7f5215ef8000 ---p 00000000 00:00 0 
7f5215ef8000-7f5216d80000 rw-p 00000000 00:00 0                          [stack:14068]
7f5216d80000-7f5217000000 ---p 00000000 00:00 0 
7f5217000000-7f5219000000 rw-p 00000000 00:00 0 
7f5219000000-7f5219270000 rwxp 00000000 00:00 0 
7f5219270000-7f5228000000 ---p 00000000 00:00 0 
7f5228000000-7f5228387000 rw-p 00000000 00:00 0 
7f5228387000-7f522c000000 ---p 00000000 00:00 0 
7f522c08f000-7f522c200000 rw-p 00000000 00:00 0 
7f522c200000-7f522c3d9000 r--s 03d29000 08:01 13118676                   /usr/lib/jvm/java-8-oracle/jre/lib/rt.jar
7f522c3d9000-7f522c64f000 rw-p 00000000 00:00 0 
7f522c64f000-7f522c650000 ---p 00000000 00:00 0 
7f522c650000-7f522c750000 rw-p 00000000 00:00 0                          [stack:14067]
7f522c750000-7f522c751000 ---p 00000000 00:00 0 
7f522c751000-7f522c861000 rw-p 00000000 00:00 0                          [stack:14066]
7f522c861000-7f522c9a7000 ---p 00000000 00:00 0 
7f522c9a7000-7f522c9b7000 rw-p 00000000 00:00 0 
7f522c9b7000-7f522cafc000 ---p 00000000 00:00 0 
7f522cafc000-7f522cb04000 rw-p 00000000 00:00 0 
7f522cb04000-7f522cba7000 ---p 00000000 00:00 0 
7f522cba7000-7f522cbb2000 rw-p 00000000 00:00 0 
7f522cbb2000-7f522cf68000 ---p 00000000 00:00 0 
7f522cf68000-7f522cf82000 r-xp 00000000 08:01 13766358                   /usr/lib/jvm/java-8-oracle/jre/lib/amd64/libzip.so
7f522cf82000-7f522d182000 ---p 0001a000 08:01 13766358                   /usr/lib/jvm/java-8-oracle/jre/lib/amd64/libzip.so
7f522d182000-7f522d183000 rw-p 0001a000 08:01 13766358                   /usr/lib/jvm/java-8-oracle/jre/lib/amd64/libzip.so
7f522d183000-7f522d18e000 r-xp 00000000 08:01 2621673                    /lib/x86_64-linux-gnu/libnss_files-2.15.so
7f522d18e000-7f522d38d000 ---p 0000b000 08:01 2621673                    /lib/x86_64-linux-gnu/libnss_files-2.15.so
7f522d38d000-7f522d38e000 r--p 0000a000 08:01 2621673                    /lib/x86_64-linux-gnu/libnss_files-2.15.so
7f522d38e000-7f522d38f000 rw-p 0000b000 08:01 2621673                    /lib/x86_64-linux-gnu/libnss_files-2.15.so
7f522d38f000-7f522d399000 r-xp 00000000 08:01 2621658                    /lib/x86_64-linux-gnu/libnss_nis-2.15.so
7f522d399000-7f522d599000 ---p 0000a000 08:01 2621658                    /lib/x86_64-linux-gnu/libnss_nis-2.15.so
7f522d599000-7f522d59a000 r--p 0000a000 08:01 2621658                    /lib/x86_64-linux-gnu/libnss_nis-2.15.so
7f522d59a000-7f522d59b000 rw-p 0000b000 08:01 2621658                    /lib/x86_64-linux-gnu/libnss_nis-2.15.so
7f522d59b000-7f522d5b2000 r-xp 00000000 08:01 2621667                    /lib/x86_64-linux-gnu/libnsl-2.15.so
7f522d5b2000-7f522d7b1000 ---p 00017000 08:01 2621667                    /lib/x86_64-linux-gnu/libnsl-2.15.so
7f522d7b1000-7f522d7b2000 r--p 00016000 08:01 2621667                    /lib/x86_64-linux-gnu/libnsl-2.15.so
7f522d7b2000-7f522d7b3000 rw-p 00017000 08:01 2621667                    /lib/x86_64-linux-gnu/libnsl-2.15.so
7f522d7b3000-7f522d7b5000 rw-p 00000000 00:00 0 
7f522d7b5000-7f522d7bd000 r-xp 00000000 08:01 2621672                    /lib/x86_64-linux-gnu/libnss_compat-2.15.so
7f522d7bd000-7f522d9bc000 ---p 00008000 08:01 2621672                    /lib/x86_64-linux-gnu/libnss_compat-2.15.so
7f522d9bc000-7f522d9bd000 r--p 00007000 08:01 2621672                    /lib/x86_64-linux-gnu/libnss_compat-2.15.so
7f522d9bd000-7f522d9be000 rw-p 00008000 08:01 2621672                    /lib/x86_64-linux-gnu/libnss_compat-2.15.so
7f522d9be000-7f522d9e8000 r-xp 00000000 08:01 13766323                   /usr/lib/jvm/java-8-oracle/jre/lib/amd64/libjava.so
7f522d9e8000-7f522dbe8000 ---p 0002a000 08:01 13766323                   /usr/lib/jvm/java-8-oracle/jre/lib/amd64/libjava.so
7f522dbe8000-7f522dbea000 rw-p 0002a000 08:01 13766323                   /usr/lib/jvm/java-8-oracle/jre/lib/amd64/libjava.so
7f522dbea000-7f522dbf7000 r-xp 00000000 08:01 13766361                   /usr/lib/jvm/java-8-oracle/jre/lib/amd64/libverify.so
7f522dbf7000-7f522ddf7000 ---p 0000d000 08:01 13766361                   /usr/lib/jvm/java-8-oracle/jre/lib/amd64/libverify.so
7f522ddf7000-7f522ddf9000 rw-p 0000d000 08:01 13766361                   /usr/lib/jvm/java-8-oracle/jre/lib/amd64/libverify.so
7f522ddf9000-7f522de00000 r-xp 00000000 08:01 2621660                    /lib/x86_64-linux-gnu/librt-2.15.so
7f522de00000-7f522dfff000 ---p 00007000 08:01 2621660                    /lib/x86_64-linux-gnu/librt-2.15.so
7f522dfff000-7f522e000000 r--p 00006000 08:01 2621660                    /lib/x86_64-linux-gnu/librt-2.15.so
7f522e000000-7f522e001000 rw-p 00007000 08:01 2621660                    /lib/x86_64-linux-gnu/librt-2.15.so
7f522e001000-7f522e0fc000 r-xp 00000000 08:01 2621674                    /lib/x86_64-linux-gnu/libm-2.15.so
7f522e0fc000-7f522e2fb000 ---p 000fb000 08:01 2621674                    /lib/x86_64-linux-gnu/libm-2.15.so
7f522e2fb000-7f522e2fc000 r--p 000fa000 08:01 2621674                    /lib/x86_64-linux-gnu/libm-2.15.so
7f522e2fc000-7f522e2fd000 rw-p 000fb000 08:01 2621674                    /lib/x86_64-linux-gnu/libm-2.15.so
7f522e2fd000-7f522efc8000 r-xp 00000000 08:01 13894575                   /usr/lib/jvm/java-8-oracle/jre/lib/amd64/server/libjvm.so
7f522efc8000-7f522f1c7000 ---p 00ccb000 08:01 13894575                   /usr/lib/jvm/java-8-oracle/jre/lib/amd64/server/libjvm.so
7f522f1c7000-7f522f2a0000 rw-p 00cca000 08:01 13894575                   /usr/lib/jvm/java-8-oracle/jre/lib/amd64/server/libjvm.so
7f522f2a0000-7f522f2eb000 rw-p 00000000 00:00 0 
7f522f2eb000-7f522f49f000 r-xp 00000000 08:01 2621665                    /lib/x86_64-linux-gnu/libc-2.15.so
7f522f49f000-7f522f69e000 ---p 001b4000 08:01 2621665                    /lib/x86_64-linux-gnu/libc-2.15.so
7f522f69e000-7f522f6a2000 r--p 001b3000 08:01 2621665                    /lib/x86_64-linux-gnu/libc-2.15.so
7f522f6a2000-7f522f6a4000 rw-p 001b7000 08:01 2621665                    /lib/x86_64-linux-gnu/libc-2.15.so
7f522f6a4000-7f522f6a9000 rw-p 00000000 00:00 0 
7f522f6a9000-7f522f6ab000 r-xp 00000000 08:01 2621657                    /lib/x86_64-linux-gnu/libdl-2.15.so
7f522f6ab000-7f522f8ab000 ---p 00002000 08:01 2621657                    /lib/x86_64-linux-gnu/libdl-2.15.so
7f522f8ab000-7f522f8ac000 r--p 00002000 08:01 2621657                    /lib/x86_64-linux-gnu/libdl-2.15.so
7f522f8ac000-7f522f8ad000 rw-p 00003000 08:01 2621657                    /lib/x86_64-linux-gnu/libdl-2.15.so
7f522f8ad000-7f522f8c2000 r-xp 00000000 08:01 2627921                    /usr/lib/jvm/java-8-oracle/lib/amd64/jli/libjli.so
7f522f8c2000-7f522fac2000 ---p 00015000 08:01 2627921                    /usr/lib/jvm/java-8-oracle/lib/amd64/jli/libjli.so
7f522fac2000-7f522fac3000 rw-p 00015000 08:01 2627921                    /usr/lib/jvm/java-8-oracle/lib/amd64/jli/libjli.so
7f522fac3000-7f522fadb000 r-xp 00000000 08:01 2621668                    /lib/x86_64-linux-gnu/libpthread-2.15.so
7f522fadb000-7f522fcda000 ---p 00018000 08:01 2621668                    /lib/x86_64-linux-gnu/libpthread-2.15.so
7f522fcda000-7f522fcdb000 r--p 00017000 08:01 2621668                    /lib/x86_64-linux-gnu/libpthread-2.15.so
7f522fcdb000-7f522fcdc000 rw-p 00018000 08:01 2621668                    /lib/x86_64-linux-gnu/libpthread-2.15.so
7f522fcdc000-7f522fce0000 rw-p 00000000 00:00 0 
7f522fce0000-7f522fd02000 r-xp 00000000 08:01 2621671                    /lib/x86_64-linux-gnu/ld-2.15.so
7f522fd07000-7f522fde2000 rw-p 00000000 00:00 0 
7f522fde2000-7f522fde5000 ---p 00000000 00:00 0 
7f522fde5000-7f522fee7000 rw-p 00000000 00:00 0                          [stack:14064]
7f522fee7000-7f522fef6000 r--s 000df000 08:01 11274850                   /root/Android/Sdk/build-tools/23.0.3/lib/dx.jar
7f522fef6000-7f522fefe000 rw-s 00000000 08:01 4850444                    /tmp/hsperfdata_root/14060
7f522fefe000-7f522feff000 rw-p 00000000 00:00 0 
7f522feff000-7f522ff00000 r--p 00000000 00:00 0 
7f522ff00000-7f522ff02000 rw-p 00000000 00:00 0 
7f522ff02000-7f522ff03000 r--p 00022000 08:01 2621671                    /lib/x86_64-linux-gnu/ld-2.15.so
7f522ff03000-7f522ff05000 rw-p 00023000 08:01 2621671                    /lib/x86_64-linux-gnu/ld-2.15.so
7ffc468ff000-7ffc46920000 rw-p 00000000 00:00 0                          [stack]
7ffc469e0000-7ffc469e2000 r-xp 00000000 00:00 0                          [vdso]
ffffffffff600000-ffffffffff601000 r-xp 00000000 00:00 0                  [vsyscall]

VM Arguments:
jvm_args: -Djava.awt.headless=true -Xmx1024M -Dfile.encoding=UTF-8 -Duser.country=US -Duser.language=en -Duser.variant 
java_command: com.android.dx.command.Main --dex --num-threads=4 --output /home/lin/other/AndroidProjects/Radio/app/build/intermediates/pre-dexed/debug/com.crashlytics.sdk.android-beta-1.2.2_84618d5cb1860e9b783c1a9e923f98f1f0f46645.jar /home/lin/other/AndroidProjects/Radio/app/build/intermediates/exploded-aar/com.crashlytics.sdk.android/beta/1.2.2/jars/classes.jar
java_class_path (initial): /root/Android/Sdk/build-tools/23.0.3/lib/dx.jar
Launcher Type: SUN_STANDARD

Environment Variables:
PATH=/usr/local/sbin:/usr/local/bin:/usr/sbin:/usr/bin:/sbin:/bin
USERNAME=root
LD_LIBRARY_PATH=/opt/android-studio/bin:
SHELL=/bin/bash
DISPLAY=:0.0

Signal Handlers:
SIGSEGV: [libjvm.so+0xac4790], sa_mask[0]=11111111011111111101111111111110, sa_flags=SA_RESTART|SA_SIGINFO
SIGBUS: [libjvm.so+0xac4790], sa_mask[0]=11111111011111111101111111111110, sa_flags=SA_RESTART|SA_SIGINFO
SIGFPE: [libjvm.so+0x91f140], sa_mask[0]=11111111011111111101111111111110, sa_flags=SA_RESTART|SA_SIGINFO
SIGPIPE: [libjvm.so+0x91f140], sa_mask[0]=11111111011111111101111111111110, sa_flags=SA_RESTART|SA_SIGINFO
SIGXFSZ: [libjvm.so+0x91f140], sa_mask[0]=11111111011111111101111111111110, sa_flags=SA_RESTART|SA_SIGINFO
SIGILL: [libjvm.so+0x91f140], sa_mask[0]=11111111011111111101111111111110, sa_flags=SA_RESTART|SA_SIGINFO
SIGUSR1: SIG_DFL, sa_mask[0]=00000000000000000000000000000000, sa_flags=none
SIGUSR2: [libjvm.so+0x920770], sa_mask[0]=00100000000000000000000000000000, sa_flags=SA_RESTART|SA_SIGINFO
SIGHUP: [libjvm.so+0x921b70], sa_mask[0]=11111111011111111101111111111110, sa_flags=SA_RESTART|SA_SIGINFO
SIGINT: [libjvm.so+0x921b70], sa_mask[0]=11111111011111111101111111111110, sa_flags=SA_RESTART|SA_SIGINFO
SIGTERM: [libjvm.so+0x921b70], sa_mask[0]=11111111011111111101111111111110, sa_flags=SA_RESTART|SA_SIGINFO
SIGQUIT: [libjvm.so+0x921b70], sa_mask[0]=11111111011111111101111111111110, sa_flags=SA_RESTART|SA_SIGINFO


---------------  S Y S T E M  ---------------

OS:DISTRIB_ID=Ubuntu
DISTRIB_RELEASE=12.04
DISTRIB_CODENAME=precise
DISTRIB_DESCRIPTION="Ubuntu 12.04.5 LTS"

uname:Linux 3.13.0-95-generic #142~precise1-Ubuntu SMP Fri Aug 12 18:20:15 UTC 2016 x86_64
libc:glibc 2.15 NPTL 2.15 
rlimit: STACK 8192k, CORE 0k, NPROC 22873, NOFILE 4096, AS infinity
load average:7.51 2.73 1.55

/proc/meminfo:
MemTotal:        2948840 kB
MemFree:          187024 kB
Buffers:           39620 kB
Cached:           696388 kB
SwapCached:        51044 kB
Active:          1808544 kB
Inactive:         769132 kB
Active(anon):    1475024 kB
Inactive(anon):   542616 kB
Active(file):     333520 kB
Inactive(file):   226516 kB
Unevictable:           0 kB
Mlocked:               0 kB
SwapTotal:       3008508 kB
SwapFree:        2750728 kB
Dirty:             28920 kB
Writeback:             0 kB
AnonPages:       1823196 kB
Mapped:           249416 kB
Shmem:            175960 kB
Slab:              97040 kB
SReclaimable:      67216 kB
SUnreclaim:        29824 kB
KernelStack:        4624 kB
PageTables:        33260 kB
NFS_Unstable:          0 kB
Bounce:                0 kB
WritebackTmp:          0 kB
CommitLimit:     4482928 kB
Committed_AS:    4758552 kB
VmallocTotal:   34359738367 kB
VmallocUsed:      346480 kB
VmallocChunk:   34359383644 kB
HardwareCorrupted:     0 kB
AnonHugePages:    768000 kB
HugePages_Total:       0
HugePages_Free:        0
HugePages_Rsvd:        0
HugePages_Surp:        0
Hugepagesize:       2048 kB
DirectMap4k:       67972 kB
DirectMap2M:     2942976 kB


CPU:total 2 (2 cores per cpu, 1 threads per core) family 6 model 15 stepping 13, cmov, cx8, fxsr, mmx, sse, sse2, sse3, ssse3, tsc

/proc/cpuinfo:
processor	: 0
vendor_id	: GenuineIntel
cpu family	: 6
model		: 15
model name	: Genuine Intel(R) CPU           T1600  @ 1.66GHz
stepping	: 13
microcode	: 0xa3
cpu MHz		: 1662.438
cache size	: 1024 KB
physical id	: 0
siblings	: 2
core id		: 0
cpu cores	: 2
apicid		: 0
initial apicid	: 0
fpu		: yes
fpu_exception	: yes
cpuid level	: 10
wp		: yes
flags		: fpu vme de pse tsc msr pae mce cx8 apic sep mtrr pge mca cmov pat pse36 clflush dts acpi mmx fxsr sse sse2 ss ht tm pbe syscall nx lm constant_tsc arch_perfmon pebs bts rep_good nopl aperfmperf pni dtes64 monitor ds_cpl tm2 ssse3 cx16 xtpr pdcm lahf_lm dtherm
bogomips	: 3324.87
clflush size	: 64
cache_alignment	: 64
address sizes	: 36 bits physical, 48 bits virtual
power management:

processor	: 1
vendor_id	: GenuineIntel
cpu family	: 6
model		: 15
model name	: Genuine Intel(R) CPU           T1600  @ 1.66GHz
stepping	: 13
microcode	: 0xa3
cpu MHz		: 1662.438
cache size	: 1024 KB
physical id	: 0
siblings	: 2
core id		: 1
cpu cores	: 2
apicid		: 1
initial apicid	: 1
fpu		: yes
fpu_exception	: yes
cpuid level	: 10
wp		: yes
flags		: fpu vme de pse tsc msr pae mce cx8 apic sep mtrr pge mca cmov pat pse36 clflush dts acpi mmx fxsr sse sse2 ss ht tm pbe syscall nx lm constant_tsc arch_perfmon pebs bts rep_good nopl aperfmperf pni dtes64 monitor ds_cpl tm2 ssse3 cx16 xtpr pdcm lahf_lm dtherm
bogomips	: 3324.87
clflush size	: 64
cache_alignment	: 64
address sizes	: 36 bits physical, 48 bits virtual
power management:



Memory: 4k page, physical 2948840k(186900k free), swap 3008508k(2750728k free)

vm_info: Java HotSpot(TM) 64-Bit Server VM (25.101-b13) for linux-amd64 JRE (1.8.0_101-b13), built on Jun 22 2016 02:59:44 by "java_re" with gcc 4.3.0 20080428 (Red Hat 4.3.0-8)

time: Tue Sep 27 21:04:05 2016
elapsed time: 2 seconds (0d 0h 0m 2s)

