#
# A fatal error has been detected by the Java Runtime Environment:
#
#  SIGSEGV (0xb) at pc=0x00007f9d752ea17b, pid=17577, tid=0x00007f9d7650e700
#
# JRE version: Java(TM) SE Runtime Environment (8.0_101-b13) (build 1.8.0_101-b13)
# Java VM: Java HotSpot(TM) 64-Bit Server VM (25.101-b13 mixed mode linux-amd64 compressed oops)
# Problematic frame:
# V  [libjvm.so+0x9c117b]  AdapterHandlerLibrary::get_adapter(methodHandle)+0x13b
#
# Failed to write core dump. Core dumps have been disabled. To enable core dumping, try "ulimit -c unlimited" before starting Java again
#
# If you would like to submit a bug report, please visit:
#   http://bugreport.java.com/bugreport/crash.jsp
#

---------------  T H R E A D  ---------------

Current thread (0x00007f9d7000a000):  JavaThread "main" [_thread_in_vm, id=17581, stack(0x00007f9d7640e000,0x00007f9d7650f000)]

siginfo: si_signo: 11 (SIGSEGV), si_code: 1 (SEGV_MAPERR), si_addr: 0x0000000000000050

Registers:
RAX=0x0000000000000000, RBX=0x0000000000000001, RCX=0x00007f9d763072c0, RDX=0x0000000000000000
RSP=0x00007f9d7650cc80, RBP=0x00007f9d7650cfe0, RSI=0x0000000000000001, RDI=0x0000000000000010
R8 =0x0000000000000006, R9 =0x0000000000000006, R10=0x0000000000000005, R11=0x00007f9d7006ef50
R12=0x00007f9d7547b694, R13=0x00007f9d70007670, R14=0x00007f9d7000a890, R15=0x00007f9d7000a880
RIP=0x00007f9d752ea17b, EFLAGS=0x0000000000010246, CSGSFS=0x0000000000000033, ERR=0x0000000000000004
  TRAPNO=0x000000000000000e

Top of Stack: (sp=0x00007f9d7650cc80)
0x00007f9d7650cc80:   00007f9d7000a000 00007f9d7650cf70
0x00007f9d7650cc90:   00007f9d7650cc90 00007f9d70006960
0x00007f9d7650cca0:   00007f9d7000a890 00007f9d5d31ca20
0x00007f9d7650ccb0:   0000000000000000 00007f9d00000000
0x00007f9d7650ccc0:   00007f9d7650ce20 00007f9d7000a890
0x00007f9d7650ccd0:   00007f9d7000ac68 00000000000003d8
0x00007f9d7650cce0:   0000000000000000 00007f9d7539d507
0x00007f9d7650ccf0:   00007f9d7650cd60 00007f9d74c0ae05
0x00007f9d7650cd00:   00007f9d5d466a30 00007f9d7000a000
0x00007f9d7650cd10:   00000000eab6d060 00007f9d700077e0
0x00007f9d7650cd20:   00000000ffffffff 00007f9d7650cd90
0x00007f9d7650cd30:   00007f9d7650cd80 00007f9d70007670
0x00007f9d7650cd40:   0000000000007fe8 0000000000000000
0x00007f9d7650cd50:   000000000000003e 0000000100000f28
0x00007f9d7650cd60:   00007f9d7000a000 0000000000000001
0x00007f9d7650cd70:   00007f9d7000a000 0000000000000001
0x00007f9d7650cd80:   00007f9d7650ce00 00007f9d74f6830d
0x00007f9d7650cd90:   00007f9d7650cdb0 00007f9d751cebd2
0x00007f9d7650cda0:   0000000000000018 0000000000000003
0x00007f9d7650cdb0:   00007f9d7650ce00 00007f9d751ced2c
0x00007f9d7650cdc0:   00007f9d7650cde0 00000005751cebd2
0x00007f9d7650cdd0:   00000000eac7ab30 00000000eac7ab30
0x00007f9d7650cde0:   00007f9d70023290 00007f9d750366d6
0x00007f9d7650cdf0:   00007f9d70007718 00007f9d70023230
0x00007f9d7650ce00:   00007f9d70023290 00007f9d70007718
0x00007f9d7650ce10:   0000000000000006 00007f9d70023230
0x00007f9d7650ce20:   00007f9d7650ce50 00007f9d74d92184
0x00007f9d7650ce30:   00007f9d7000a000 0000000000000006
0x00007f9d7650ce40:   00007f9d7000a000 00007f9d34097600
0x00007f9d7650ce50:   00007f9d7650ceb0 00007f9d74e1b046
0x00007f9d7650ce60:   00007f9d7650d098 00007f9d5d503a98
0x00007f9d7650ce70:   00007f9d70007718 00007f9d7000a000 

Instructions: (pc=0x00007f9d752ea17b)
0x00007f9d752ea15b:   24 31 db f6 40 20 08 0f 84 00 04 00 00 48 8b 40
0x00007f9d752ea16b:   08 4c 8d 25 21 15 19 00 0f b7 50 24 48 8b 40 08
0x00007f9d752ea17b:   48 8b 74 d0 50 48 8d 45 90 ba 01 00 00 00 48 89
0x00007f9d752ea18b:   c7 48 89 85 a8 fc ff ff e8 28 ef 01 00 0f 1f 84 

Register to memory mapping:

RAX=0x0000000000000000 is an unknown value
RBX=0x0000000000000001 is an unknown value
RCX=0x00007f9d763072c0: <offset 0x2182c0> in /lib/x86_64-linux-gnu/libpthread.so.0 at 0x00007f9d760ef000
RDX=0x0000000000000000 is an unknown value
RSP=0x00007f9d7650cc80 is pointing into the stack for thread: 0x00007f9d7000a000
RBP=0x00007f9d7650cfe0 is pointing into the stack for thread: 0x00007f9d7000a000
RSI=0x0000000000000001 is an unknown value
RDI=0x0000000000000010 is an unknown value
R8 =0x0000000000000006 is an unknown value
R9 =0x0000000000000006 is an unknown value
R10=0x0000000000000005 is an unknown value
R11=0x00007f9d7006ef50 is an unknown value
R12=0x00007f9d7547b694: <offset 0xb52694> in /usr/lib/jvm/java-8-oracle/jre/lib/amd64/server/libjvm.so at 0x00007f9d74929000
R13=0x00007f9d70007670 is an unknown value
R14=0x00007f9d7000a890 is an unknown value
R15=0x00007f9d7000a880 is an unknown value


Stack: [0x00007f9d7640e000,0x00007f9d7650f000],  sp=0x00007f9d7650cc80,  free space=1019k
Native frames: (J=compiled Java code, j=interpreted, Vv=VM code, C=native code)
V  [libjvm.so+0x9c117b]  AdapterHandlerLibrary::get_adapter(methodHandle)+0x13b
V  [libjvm.so+0x8b1677]  Method::make_adapters(methodHandle, Thread*)+0x67
V  [libjvm.so+0x8b1917]  Method::link_method(methodHandle, Thread*)+0xb7
V  [libjvm.so+0x6411b1]  InstanceKlass::link_methods(Thread*)+0xa1
V  [libjvm.so+0x6424f9]  InstanceKlass::link_class_impl(instanceKlassHandle, bool, Thread*)+0x419
V  [libjvm.so+0x6439bf]  InstanceKlass::initialize_impl(instanceKlassHandle, Thread*)+0x6f
V  [libjvm.so+0x643ec1]  InstanceKlass::initialize(Thread*)+0x41
V  [libjvm.so+0x683dfa]  InterpreterRuntime::_new(JavaThread*, ConstantPool*, int)+0x23a
j  java.util.zip.ZipFile.entries()Ljava/util/Enumeration;+0
j  com.android.dx.cf.direct.ClassPathOpener.processArchive(Ljava/io/File;)Z+10
j  com.android.dx.cf.direct.ClassPathOpener.processOne(Ljava/io/File;Z)Z+48
j  com.android.dx.cf.direct.ClassPathOpener.process()Z+15
j  com.android.dx.command.dexer.Main.processOne(Ljava/lang/String;Lcom/android/dx/cf/direct/ClassPathOpener$FileNameFilter;)V+20
j  com.android.dx.command.dexer.Main.processAllFiles()Z+272
j  com.android.dx.command.dexer.Main.runMonoDex()I+58
j  com.android.dx.command.dexer.Main.run(Lcom/android/dx/command/dexer/Main$Arguments;)I+76
j  com.android.dx.command.dexer.Main.main([Ljava/lang/String;)V+14
j  com.android.dx.command.Main.main([Ljava/lang/String;)V+61
v  ~StubRoutines::call_stub
V  [libjvm.so+0x68f6b6]  JavaCalls::call_helper(JavaValue*, methodHandle*, JavaCallArguments*, Thread*)+0x1056
V  [libjvm.so+0x6d0d42]  jni_invoke_static(JNIEnv_*, JavaValue*, _jobject*, JNICallType, _jmethodID*, JNI_ArgumentPusher*, Thread*)+0x362
V  [libjvm.so+0x6ed5aa]  jni_CallStaticVoidMethod+0x17a
C  [libjli.so+0x7bdf]  JavaMain+0x81f
C  [libpthread.so.0+0x7e9a]  start_thread+0xda

Java frames: (J=compiled Java code, j=interpreted, Vv=VM code)
j  java.util.zip.ZipFile.entries()Ljava/util/Enumeration;+0
j  com.android.dx.cf.direct.ClassPathOpener.processArchive(Ljava/io/File;)Z+10
j  com.android.dx.cf.direct.ClassPathOpener.processOne(Ljava/io/File;Z)Z+48
j  com.android.dx.cf.direct.ClassPathOpener.process()Z+15
j  com.android.dx.command.dexer.Main.processOne(Ljava/lang/String;Lcom/android/dx/cf/direct/ClassPathOpener$FileNameFilter;)V+20
j  com.android.dx.command.dexer.Main.processAllFiles()Z+272
j  com.android.dx.command.dexer.Main.runMonoDex()I+58
j  com.android.dx.command.dexer.Main.run(Lcom/android/dx/command/dexer/Main$Arguments;)I+76
j  com.android.dx.command.dexer.Main.main([Ljava/lang/String;)V+14
j  com.android.dx.command.Main.main([Ljava/lang/String;)V+61
v  ~StubRoutines::call_stub

---------------  P R O C E S S  ---------------

Java Threads: ( => current thread )
  0x00007f9d700ba000 JavaThread "Service Thread" daemon [_thread_blocked, id=17591, stack(0x00007f9d4f81b000,0x00007f9d4f91c000)]
  0x00007f9d700b7800 JavaThread "C1 CompilerThread1" daemon [_thread_blocked, id=17590, stack(0x00007f9d5c0a0000,0x00007f9d5c1a1000)]
  0x00007f9d700b4800 JavaThread "C2 CompilerThread0" daemon [_thread_blocked, id=17589, stack(0x00007f9d5c1a1000,0x00007f9d5c2a2000)]
  0x00007f9d700b3000 JavaThread "Signal Dispatcher" daemon [_thread_blocked, id=17588, stack(0x00007f9d5c2a2000,0x00007f9d5c3a3000)]
  0x00007f9d70080000 JavaThread "Finalizer" daemon [_thread_blocked, id=17587, stack(0x00007f9d5c3a3000,0x00007f9d5c4a4000)]
  0x00007f9d7007b800 JavaThread "Reference Handler" daemon [_thread_blocked, id=17586, stack(0x00007f9d5c4a4000,0x00007f9d5c5a5000)]
=>0x00007f9d7000a000 JavaThread "main" [_thread_in_vm, id=17581, stack(0x00007f9d7640e000,0x00007f9d7650f000)]

Other Threads:
  0x00007f9d70073800 VMThread [stack: 0x00007f9d5c5a5000,0x00007f9d5c6a6000] [id=17585]
  0x00007f9d700bd000 WatcherThread [stack: 0x00007f9d4f71a000,0x00007f9d4f81b000] [id=17592]

VM state:not at safepoint (normal execution)

VM Mutex/Monitor currently owned by a thread:  ([mutex/lock_event])
[0x00007f9d70006960] AdapterHandlerLibrary_lock - owner thread: 0x00007f9d7000a000

Heap:
 PSYoungGen      total 13824K, used 1539K [0x00000000eab00000, 0x00000000eba00000, 0x0000000100000000)
  eden space 12288K, 12% used [0x00000000eab00000,0x00000000eac80c20,0x00000000eb700000)
  from space 1536K, 0% used [0x00000000eb880000,0x00000000eb880000,0x00000000eba00000)
  to   space 1536K, 0% used [0x00000000eb700000,0x00000000eb700000,0x00000000eb880000)
 ParOldGen       total 31744K, used 0K [0x00000000c0000000, 0x00000000c1f00000, 0x00000000eab00000)
  object space 31744K, 0% used [0x00000000c0000000,0x00000000c0000000,0x00000000c1f00000)
 Metaspace       used 3195K, capacity 4720K, committed 4864K, reserved 1056768K
  class space    used 351K, capacity 424K, committed 512K, reserved 1048576K

Card table byte_map: [0x00007f9d5ffc6000,0x00007f9d601c7000] byte_map_base: 0x00007f9d5f9c6000

Marking Bits: (ParMarkBitMap*) 0x00007f9d758ea120
 Begin Bits: [0x00007f9d5dc6e000, 0x00007f9d5ec6e000)
 End Bits:   [0x00007f9d5ec6e000, 0x00007f9d5fc6e000)

Polling page: 0x00007f9d7652b000

CodeCache: size=245760Kb used=1195Kb max_used=1195Kb free=244564Kb
 bounds [0x00007f9d60587000, 0x00007f9d607f7000, 0x00007f9d6f587000]
 total_blobs=309 nmethods=72 adapters=153
 compilation: enabled

Compilation events (10 events):
Event: 1.677 Thread 0x00007f9d700b7800   67       3       java.lang.StringBuilder::<init> (7 bytes)
Event: 1.678 Thread 0x00007f9d700b7800 nmethod 67 0x00007f9d606b0410 code [0x00007f9d606b0580, 0x00007f9d606b0830]
Event: 1.678 Thread 0x00007f9d700b7800   68       3       java.lang.StringBuilder::toString (17 bytes)
Event: 1.678 Thread 0x00007f9d700b7800 nmethod 68 0x00007f9d606b0950 code [0x00007f9d606b0ac0, 0x00007f9d606b0ca8]
Event: 1.679 Thread 0x00007f9d700b7800   69       3       java.lang.String::endsWith (17 bytes)
Event: 1.679 Thread 0x00007f9d700b7800 nmethod 69 0x00007f9d606b0d50 code [0x00007f9d606b0ec0, 0x00007f9d606b10e8]
Event: 1.681 Thread 0x00007f9d700b7800   70       3       java.util.Arrays::copyOf (19 bytes)
Event: 1.681 Thread 0x00007f9d700b7800 nmethod 70 0x00007f9d606b1410 code [0x00007f9d606b15a0, 0x00007f9d606b18c8]
Event: 1.684 Thread 0x00007f9d700b7800   72       3       java.nio.DirectLongBufferU::ix (10 bytes)
Event: 1.684 Thread 0x00007f9d700b7800 nmethod 72 0x00007f9d606b1d50 code [0x00007f9d606b1ea0, 0x00007f9d606b2010]

GC Heap History (0 events):
No events

Deoptimization events (0 events):
No events

Internal exceptions (2 events):
Event: 0.373 Thread 0x00007f9d7000a000 Exception <a 'java/lang/NoSuchMethodError': Method sun.misc.Unsafe.defineClass(Ljava/lang/String;[BII)Ljava/lang/Class; name or signature does not match> (0x00000000eab07cc0) thrown at [/HUDSON3/workspace/8-2-build-linux-amd64/jdk8u101/7261/hotspot/src/sh
Event: 0.373 Thread 0x00007f9d7000a000 Exception <a 'java/lang/NoSuchMethodError': Method sun.misc.Unsafe.prefetchRead(Ljava/lang/Object;J)V name or signature does not match> (0x00000000eab07fa8) thrown at [/HUDSON3/workspace/8-2-build-linux-amd64/jdk8u101/7261/hotspot/src/share/vm/prims/jni.c

Events (10 events):
Event: 1.676 loading class java/util/concurrent/LinkedBlockingQueue$Node
Event: 1.677 loading class java/util/concurrent/LinkedBlockingQueue$Node done
Event: 1.677 loading class com/android/dx/cf/direct/ClassPathOpener
Event: 1.677 loading class com/android/dx/cf/direct/ClassPathOpener done
Event: 1.681 loading class com/android/dx/cf/direct/ClassPathOpener$1
Event: 1.681 loading class com/android/dx/cf/direct/ClassPathOpener$1 done
Event: 1.683 loading class com/android/dx/command/dexer/Main$FileBytesConsumer
Event: 1.683 loading class com/android/dx/command/dexer/Main$FileBytesConsumer done
Event: 1.685 loading class java/util/zip/ZipFile$ZipEntryIterator
Event: 1.685 loading class java/util/zip/ZipFile$ZipEntryIterator done


Dynamic libraries:
00400000-00401000 r-xp 00000000 08:01 3279757                            /usr/lib/jvm/java-8-oracle/bin/java
00600000-00601000 rw-p 00000000 08:01 3279757                            /usr/lib/jvm/java-8-oracle/bin/java
0089a000-008bb000 rw-p 00000000 00:00 0                                  [heap]
c0000000-c1f00000 rw-p 00000000 00:00 0 
c1f00000-eab00000 ---p 00000000 00:00 0 
eab00000-eba00000 rw-p 00000000 00:00 0 
eba00000-100000000 ---p 00000000 00:00 0 
100000000-100080000 rw-p 00000000 00:00 0 
100080000-140000000 ---p 00000000 00:00 0 
7f9d2c000000-7f9d2c021000 rw-p 00000000 00:00 0 
7f9d2c021000-7f9d30000000 ---p 00000000 00:00 0 
7f9d34000000-7f9d340aa000 rw-p 00000000 00:00 0 
7f9d340aa000-7f9d38000000 ---p 00000000 00:00 0 
7f9d38000000-7f9d38021000 rw-p 00000000 00:00 0 
7f9d38021000-7f9d3c000000 ---p 00000000 00:00 0 
7f9d3c000000-7f9d3c021000 rw-p 00000000 00:00 0 
7f9d3c021000-7f9d40000000 ---p 00000000 00:00 0 
7f9d40000000-7f9d4004e000 rw-p 00000000 00:00 0 
7f9d4004e000-7f9d44000000 ---p 00000000 00:00 0 
7f9d44000000-7f9d44021000 rw-p 00000000 00:00 0 
7f9d44021000-7f9d48000000 ---p 00000000 00:00 0 
7f9d48000000-7f9d48021000 rw-p 00000000 00:00 0 
7f9d48021000-7f9d4c000000 ---p 00000000 00:00 0 
7f9d4f71a000-7f9d4f71b000 ---p 00000000 00:00 0 
7f9d4f71b000-7f9d4f81b000 rw-p 00000000 00:00 0                          [stack:17592]
7f9d4f81b000-7f9d4f81e000 ---p 00000000 00:00 0 
7f9d4f81e000-7f9d4f91c000 rw-p 00000000 00:00 0                          [stack:17591]
7f9d4f91c000-7f9d50000000 r--p 00000000 08:01 13113697                   /usr/lib/locale/locale-archive
7f9d50000000-7f9d50021000 rw-p 00000000 00:00 0 
7f9d50021000-7f9d54000000 ---p 00000000 00:00 0 
7f9d54000000-7f9d54021000 rw-p 00000000 00:00 0 
7f9d54021000-7f9d58000000 ---p 00000000 00:00 0 
7f9d58000000-7f9d58021000 rw-p 00000000 00:00 0 
7f9d58021000-7f9d5c000000 ---p 00000000 00:00 0 
7f9d5c0a0000-7f9d5c0a3000 ---p 00000000 00:00 0 
7f9d5c0a3000-7f9d5c1a1000 rw-p 00000000 00:00 0                          [stack:17590]
7f9d5c1a1000-7f9d5c1a4000 ---p 00000000 00:00 0 
7f9d5c1a4000-7f9d5c2a2000 rw-p 00000000 00:00 0                          [stack:17589]
7f9d5c2a2000-7f9d5c2a5000 ---p 00000000 00:00 0 
7f9d5c2a5000-7f9d5c3a3000 rw-p 00000000 00:00 0                          [stack:17588]
7f9d5c3a3000-7f9d5c3a6000 ---p 00000000 00:00 0 
7f9d5c3a6000-7f9d5c4a4000 rw-p 00000000 00:00 0                          [stack:17587]
7f9d5c4a4000-7f9d5c4a7000 ---p 00000000 00:00 0 
7f9d5c4a7000-7f9d5c5a5000 rw-p 00000000 00:00 0                          [stack:17586]
7f9d5c5a5000-7f9d5c5a6000 ---p 00000000 00:00 0 
7f9d5c5a6000-7f9d5d01f000 rw-p 00000000 00:00 0                          [stack:17585]
7f9d5d01f000-7f9d5d1f8000 r--s 03d29000 08:01 13118676                   /usr/lib/jvm/java-8-oracle/jre/lib/rt.jar
7f9d5d1f8000-7f9d5d6ae000 rw-p 00000000 00:00 0 
7f9d5d6ae000-7f9d5da6e000 ---p 00000000 00:00 0 
7f9d5da6e000-7f9d5fc6e000 rw-p 00000000 00:00 0 
7f9d5fc6e000-7f9d5fc6f000 ---p 00000000 00:00 0 
7f9d5fc6f000-7f9d5fd6f000 rw-p 00000000 00:00 0                          [stack:17584]
7f9d5fd6f000-7f9d5fd70000 ---p 00000000 00:00 0 
7f9d5fd70000-7f9d5fe80000 rw-p 00000000 00:00 0                          [stack:17583]
7f9d5fe80000-7f9d5ffc6000 ---p 00000000 00:00 0 
7f9d5ffc6000-7f9d5ffd6000 rw-p 00000000 00:00 0 
7f9d5ffd6000-7f9d6011b000 ---p 00000000 00:00 0 
7f9d6011b000-7f9d60123000 rw-p 00000000 00:00 0 
7f9d60123000-7f9d601c6000 ---p 00000000 00:00 0 
7f9d601c6000-7f9d601d1000 rw-p 00000000 00:00 0 
7f9d601d1000-7f9d60587000 ---p 00000000 00:00 0 
7f9d60587000-7f9d607f7000 rwxp 00000000 00:00 0 
7f9d607f7000-7f9d6f587000 ---p 00000000 00:00 0 
7f9d6f587000-7f9d6f5a1000 r-xp 00000000 08:01 13766358                   /usr/lib/jvm/java-8-oracle/jre/lib/amd64/libzip.so
7f9d6f5a1000-7f9d6f7a1000 ---p 0001a000 08:01 13766358                   /usr/lib/jvm/java-8-oracle/jre/lib/amd64/libzip.so
7f9d6f7a1000-7f9d6f7a2000 rw-p 0001a000 08:01 13766358                   /usr/lib/jvm/java-8-oracle/jre/lib/amd64/libzip.so
7f9d6f7a2000-7f9d6f7ad000 r-xp 00000000 08:01 2621673                    /lib/x86_64-linux-gnu/libnss_files-2.15.so
7f9d6f7ad000-7f9d6f9ac000 ---p 0000b000 08:01 2621673                    /lib/x86_64-linux-gnu/libnss_files-2.15.so
7f9d6f9ac000-7f9d6f9ad000 r--p 0000a000 08:01 2621673                    /lib/x86_64-linux-gnu/libnss_files-2.15.so
7f9d6f9ad000-7f9d6f9ae000 rw-p 0000b000 08:01 2621673                    /lib/x86_64-linux-gnu/libnss_files-2.15.so
7f9d6f9ae000-7f9d6f9b8000 r-xp 00000000 08:01 2621658                    /lib/x86_64-linux-gnu/libnss_nis-2.15.so
7f9d6f9b8000-7f9d6fbb8000 ---p 0000a000 08:01 2621658                    /lib/x86_64-linux-gnu/libnss_nis-2.15.so
7f9d6fbb8000-7f9d6fbb9000 r--p 0000a000 08:01 2621658                    /lib/x86_64-linux-gnu/libnss_nis-2.15.so
7f9d6fbb9000-7f9d6fbba000 rw-p 0000b000 08:01 2621658                    /lib/x86_64-linux-gnu/libnss_nis-2.15.so
7f9d6fbba000-7f9d6fbd1000 r-xp 00000000 08:01 2621667                    /lib/x86_64-linux-gnu/libnsl-2.15.so
7f9d6fbd1000-7f9d6fdd0000 ---p 00017000 08:01 2621667                    /lib/x86_64-linux-gnu/libnsl-2.15.so
7f9d6fdd0000-7f9d6fdd1000 r--p 00016000 08:01 2621667                    /lib/x86_64-linux-gnu/libnsl-2.15.so
7f9d6fdd1000-7f9d6fdd2000 rw-p 00017000 08:01 2621667                    /lib/x86_64-linux-gnu/libnsl-2.15.so
7f9d6fdd2000-7f9d6fdd4000 rw-p 00000000 00:00 0 
7f9d6fdd4000-7f9d6fdfe000 r-xp 00000000 08:01 13766323                   /usr/lib/jvm/java-8-oracle/jre/lib/amd64/libjava.so
7f9d6fdfe000-7f9d6fffe000 ---p 0002a000 08:01 13766323                   /usr/lib/jvm/java-8-oracle/jre/lib/amd64/libjava.so
7f9d6fffe000-7f9d70000000 rw-p 0002a000 08:01 13766323                   /usr/lib/jvm/java-8-oracle/jre/lib/amd64/libjava.so
7f9d70000000-7f9d703a2000 rw-p 00000000 00:00 0 
7f9d703a2000-7f9d74000000 ---p 00000000 00:00 0 
7f9d74004000-7f9d7400d000 r--s 0008c000 08:01 10228150                   /home/lin/other/AndroidProjects/Radio/app/build/intermediates/exploded-aar/com.android.support/appcompat-v7/23.4.0/jars/classes.jar
7f9d7400d000-7f9d74015000 r-xp 00000000 08:01 2621672                    /lib/x86_64-linux-gnu/libnss_compat-2.15.so
7f9d74015000-7f9d74214000 ---p 00008000 08:01 2621672                    /lib/x86_64-linux-gnu/libnss_compat-2.15.so
7f9d74214000-7f9d74215000 r--p 00007000 08:01 2621672                    /lib/x86_64-linux-gnu/libnss_compat-2.15.so
7f9d74215000-7f9d74216000 rw-p 00008000 08:01 2621672                    /lib/x86_64-linux-gnu/libnss_compat-2.15.so
7f9d74216000-7f9d74223000 r-xp 00000000 08:01 13766361                   /usr/lib/jvm/java-8-oracle/jre/lib/amd64/libverify.so
7f9d74223000-7f9d74423000 ---p 0000d000 08:01 13766361                   /usr/lib/jvm/java-8-oracle/jre/lib/amd64/libverify.so
7f9d74423000-7f9d74425000 rw-p 0000d000 08:01 13766361                   /usr/lib/jvm/java-8-oracle/jre/lib/amd64/libverify.so
7f9d74425000-7f9d7442c000 r-xp 00000000 08:01 2621660                    /lib/x86_64-linux-gnu/librt-2.15.so
7f9d7442c000-7f9d7462b000 ---p 00007000 08:01 2621660                    /lib/x86_64-linux-gnu/librt-2.15.so
7f9d7462b000-7f9d7462c000 r--p 00006000 08:01 2621660                    /lib/x86_64-linux-gnu/librt-2.15.so
7f9d7462c000-7f9d7462d000 rw-p 00007000 08:01 2621660                    /lib/x86_64-linux-gnu/librt-2.15.so
7f9d7462d000-7f9d74728000 r-xp 00000000 08:01 2621674                    /lib/x86_64-linux-gnu/libm-2.15.so
7f9d74728000-7f9d74927000 ---p 000fb000 08:01 2621674                    /lib/x86_64-linux-gnu/libm-2.15.so
7f9d74927000-7f9d74928000 r--p 000fa000 08:01 2621674                    /lib/x86_64-linux-gnu/libm-2.15.so
7f9d74928000-7f9d74929000 rw-p 000fb000 08:01 2621674                    /lib/x86_64-linux-gnu/libm-2.15.so
7f9d74929000-7f9d755f4000 r-xp 00000000 08:01 13894575                   /usr/lib/jvm/java-8-oracle/jre/lib/amd64/server/libjvm.so
7f9d755f4000-7f9d757f3000 ---p 00ccb000 08:01 13894575                   /usr/lib/jvm/java-8-oracle/jre/lib/amd64/server/libjvm.so
7f9d757f3000-7f9d758cc000 rw-p 00cca000 08:01 13894575                   /usr/lib/jvm/java-8-oracle/jre/lib/amd64/server/libjvm.so
7f9d758cc000-7f9d75917000 rw-p 00000000 00:00 0 
7f9d75917000-7f9d75acb000 r-xp 00000000 08:01 2621665                    /lib/x86_64-linux-gnu/libc-2.15.so
7f9d75acb000-7f9d75cca000 ---p 001b4000 08:01 2621665                    /lib/x86_64-linux-gnu/libc-2.15.so
7f9d75cca000-7f9d75cce000 r--p 001b3000 08:01 2621665                    /lib/x86_64-linux-gnu/libc-2.15.so
7f9d75cce000-7f9d75cd0000 rw-p 001b7000 08:01 2621665                    /lib/x86_64-linux-gnu/libc-2.15.so
7f9d75cd0000-7f9d75cd5000 rw-p 00000000 00:00 0 
7f9d75cd5000-7f9d75cd7000 r-xp 00000000 08:01 2621657                    /lib/x86_64-linux-gnu/libdl-2.15.so
7f9d75cd7000-7f9d75ed7000 ---p 00002000 08:01 2621657                    /lib/x86_64-linux-gnu/libdl-2.15.so
7f9d75ed7000-7f9d75ed8000 r--p 00002000 08:01 2621657                    /lib/x86_64-linux-gnu/libdl-2.15.so
7f9d75ed8000-7f9d75ed9000 rw-p 00003000 08:01 2621657                    /lib/x86_64-linux-gnu/libdl-2.15.so
7f9d75ed9000-7f9d75eee000 r-xp 00000000 08:01 2627921                    /usr/lib/jvm/java-8-oracle/lib/amd64/jli/libjli.so
7f9d75eee000-7f9d760ee000 ---p 00015000 08:01 2627921                    /usr/lib/jvm/java-8-oracle/lib/amd64/jli/libjli.so
7f9d760ee000-7f9d760ef000 rw-p 00015000 08:01 2627921                    /usr/lib/jvm/java-8-oracle/lib/amd64/jli/libjli.so
7f9d760ef000-7f9d76107000 r-xp 00000000 08:01 2621668                    /lib/x86_64-linux-gnu/libpthread-2.15.so
7f9d76107000-7f9d76306000 ---p 00018000 08:01 2621668                    /lib/x86_64-linux-gnu/libpthread-2.15.so
7f9d76306000-7f9d76307000 r--p 00017000 08:01 2621668                    /lib/x86_64-linux-gnu/libpthread-2.15.so
7f9d76307000-7f9d76308000 rw-p 00018000 08:01 2621668                    /lib/x86_64-linux-gnu/libpthread-2.15.so
7f9d76308000-7f9d7630c000 rw-p 00000000 00:00 0 
7f9d7630c000-7f9d7632e000 r-xp 00000000 08:01 2621671                    /lib/x86_64-linux-gnu/ld-2.15.so
7f9d76332000-7f9d7640e000 rw-p 00000000 00:00 0 
7f9d7640e000-7f9d76411000 ---p 00000000 00:00 0 
7f9d76411000-7f9d76513000 rw-p 00000000 00:00 0                          [stack:17581]
7f9d76513000-7f9d76522000 r--s 000df000 08:01 9309217                    /home/lin/Android/Sdk/build-tools/23.0.3/lib/dx.jar
7f9d76522000-7f9d7652a000 rw-s 00000000 08:01 4850478                    /tmp/hsperfdata_root/17577
7f9d7652a000-7f9d7652b000 rw-p 00000000 00:00 0 
7f9d7652b000-7f9d7652c000 r--p 00000000 00:00 0 
7f9d7652c000-7f9d7652e000 rw-p 00000000 00:00 0 
7f9d7652e000-7f9d7652f000 r--p 00022000 08:01 2621671                    /lib/x86_64-linux-gnu/ld-2.15.so
7f9d7652f000-7f9d76531000 rw-p 00023000 08:01 2621671                    /lib/x86_64-linux-gnu/ld-2.15.so
7ffce590e000-7ffce592f000 rw-p 00000000 00:00 0                          [stack]
7ffce59b4000-7ffce59b6000 r-xp 00000000 00:00 0                          [vdso]
ffffffffff600000-ffffffffff601000 r-xp 00000000 00:00 0                  [vsyscall]

VM Arguments:
jvm_args: -Djava.awt.headless=true -Xmx1024M -Dfile.encoding=UTF-8 -Duser.country=US -Duser.language=en -Duser.variant 
java_command: com.android.dx.command.Main --dex --force-jumbo --num-threads=4 --output /home/lin/other/AndroidProjects/Radio/app/build/intermediates/pre-dexed/debug/com.android.support-appcompat-v7-23.4.0_931a42660435b959128062e7e91ccba6756dc32b.jar /home/lin/other/AndroidProjects/Radio/app/build/intermediates/exploded-aar/com.android.support/appcompat-v7/23.4.0/jars/classes.jar
java_class_path (initial): /home/lin/Android/Sdk/build-tools/23.0.3/lib/dx.jar
Launcher Type: SUN_STANDARD

Environment Variables:
PATH=/usr/local/sbin:/usr/local/bin:/usr/sbin:/usr/bin:/sbin:/bin
USERNAME=root
LD_LIBRARY_PATH=/opt/android-studio/bin:
SHELL=/bin/bash
DISPLAY=:0.0

Signal Handlers:
SIGSEGV: [libjvm.so+0xac4790], sa_mask[0]=11111111011111111101111111111110, sa_flags=SA_RESTART|SA_SIGINFO
SIGBUS: [libjvm.so+0xac4790], sa_mask[0]=11111111011111111101111111111110, sa_flags=SA_RESTART|SA_SIGINFO
SIGFPE: [libjvm.so+0x91f140], sa_mask[0]=11111111011111111101111111111110, sa_flags=SA_RESTART|SA_SIGINFO
SIGPIPE: [libjvm.so+0x91f140], sa_mask[0]=11111111011111111101111111111110, sa_flags=SA_RESTART|SA_SIGINFO
SIGXFSZ: [libjvm.so+0x91f140], sa_mask[0]=11111111011111111101111111111110, sa_flags=SA_RESTART|SA_SIGINFO
SIGILL: [libjvm.so+0x91f140], sa_mask[0]=11111111011111111101111111111110, sa_flags=SA_RESTART|SA_SIGINFO
SIGUSR1: SIG_DFL, sa_mask[0]=00000000000000000000000000000000, sa_flags=none
SIGUSR2: [libjvm.so+0x920770], sa_mask[0]=00100000000000000000000000000000, sa_flags=SA_RESTART|SA_SIGINFO
SIGHUP: [libjvm.so+0x921b70], sa_mask[0]=11111111011111111101111111111110, sa_flags=SA_RESTART|SA_SIGINFO
SIGINT: [libjvm.so+0x921b70], sa_mask[0]=11111111011111111101111111111110, sa_flags=SA_RESTART|SA_SIGINFO
SIGTERM: [libjvm.so+0x921b70], sa_mask[0]=11111111011111111101111111111110, sa_flags=SA_RESTART|SA_SIGINFO
SIGQUIT: [libjvm.so+0x921b70], sa_mask[0]=11111111011111111101111111111110, sa_flags=SA_RESTART|SA_SIGINFO


---------------  S Y S T E M  ---------------

OS:DISTRIB_ID=Ubuntu
DISTRIB_RELEASE=12.04
DISTRIB_CODENAME=precise
DISTRIB_DESCRIPTION="Ubuntu 12.04.5 LTS"

uname:Linux 3.13.0-93-generic #140~precise1-Ubuntu SMP Tue Jul 19 19:55:11 UTC 2016 x86_64
libc:glibc 2.15 NPTL 2.15 
rlimit: STACK 8192k, CORE 0k, NPROC 22873, NOFILE 4096, AS infinity
load average:9.33 5.53 3.54

/proc/meminfo:
MemTotal:        2948840 kB
MemFree:          253848 kB
Buffers:           14740 kB
Cached:           434676 kB
SwapCached:        49596 kB
Active:          1919576 kB
Inactive:         613588 kB
Active(anon):    1766776 kB
Inactive(anon):   474396 kB
Active(file):     152800 kB
Inactive(file):   139192 kB
Unevictable:           0 kB
Mlocked:               0 kB
SwapTotal:       3008508 kB
SwapFree:        2761992 kB
Dirty:              9524 kB
Writeback:             0 kB
AnonPages:       2064324 kB
Mapped:           123216 kB
Shmem:            157276 kB
Slab:              72400 kB
SReclaimable:      44336 kB
SUnreclaim:        28064 kB
KernelStack:        4616 kB
PageTables:        34912 kB
NFS_Unstable:          0 kB
Bounce:                0 kB
WritebackTmp:          0 kB
CommitLimit:     4482928 kB
Committed_AS:    5416168 kB
VmallocTotal:   34359738367 kB
VmallocUsed:      346432 kB
VmallocChunk:   34359383644 kB
HardwareCorrupted:     0 kB
AnonHugePages:    866304 kB
HugePages_Total:       0
HugePages_Free:        0
HugePages_Rsvd:        0
HugePages_Surp:        0
Hugepagesize:       2048 kB
DirectMap4k:       65924 kB
DirectMap2M:     2945024 kB


CPU:total 2 (2 cores per cpu, 1 threads per core) family 6 model 15 stepping 13, cmov, cx8, fxsr, mmx, sse, sse2, sse3, ssse3, tsc

/proc/cpuinfo:
processor	: 0
vendor_id	: GenuineIntel
cpu family	: 6
model		: 15
model name	: Genuine Intel(R) CPU           T1600  @ 1.66GHz
stepping	: 13
microcode	: 0xa3
cpu MHz		: 1662.521
cache size	: 1024 KB
physical id	: 0
siblings	: 2
core id		: 0
cpu cores	: 2
apicid		: 0
initial apicid	: 0
fpu		: yes
fpu_exception	: yes
cpuid level	: 10
wp		: yes
flags		: fpu vme de pse tsc msr pae mce cx8 apic sep mtrr pge mca cmov pat pse36 clflush dts acpi mmx fxsr sse sse2 ss ht tm pbe syscall nx lm constant_tsc arch_perfmon pebs bts rep_good nopl aperfmperf pni dtes64 monitor ds_cpl tm2 ssse3 cx16 xtpr pdcm lahf_lm dtherm
bogomips	: 3325.04
clflush size	: 64
cache_alignment	: 64
address sizes	: 36 bits physical, 48 bits virtual
power management:

processor	: 1
vendor_id	: GenuineIntel
cpu family	: 6
model		: 15
model name	: Genuine Intel(R) CPU           T1600  @ 1.66GHz
stepping	: 13
microcode	: 0xa3
cpu MHz		: 1662.521
cache size	: 1024 KB
physical id	: 0
siblings	: 2
core id		: 1
cpu cores	: 2
apicid		: 1
initial apicid	: 1
fpu		: yes
fpu_exception	: yes
cpuid level	: 10
wp		: yes
flags		: fpu vme de pse tsc msr pae mce cx8 apic sep mtrr pge mca cmov pat pse36 clflush dts acpi mmx fxsr sse sse2 ss ht tm pbe syscall nx lm constant_tsc arch_perfmon pebs bts rep_good nopl aperfmperf pni dtes64 monitor ds_cpl tm2 ssse3 cx16 xtpr pdcm lahf_lm dtherm
bogomips	: 3325.04
clflush size	: 64
cache_alignment	: 64
address sizes	: 36 bits physical, 48 bits virtual
power management:



Memory: 4k page, physical 2948840k(253848k free), swap 3008508k(2761992k free)

vm_info: Java HotSpot(TM) 64-Bit Server VM (25.101-b13) for linux-amd64 JRE (1.8.0_101-b13), built on Jun 22 2016 02:59:44 by "java_re" with gcc 4.3.0 20080428 (Red Hat 4.3.0-8)

time: Mon Aug 29 23:22:59 2016
elapsed time: 1 seconds (0d 0h 0m 1s)

