#
# A fatal error has been detected by the Java Runtime Environment:
#
#  SIGSEGV (0xb) at pc=0x00007fdfb17b55a3, pid=15180, tid=0x00007fdf9c2b5700
#
# JRE version: Java(TM) SE Runtime Environment (8.0_101-b13) (build 1.8.0_101-b13)
# Java VM: Java HotSpot(TM) 64-Bit Server VM (25.101-b13 mixed mode linux-amd64 compressed oops)
# Problematic frame:
# V  [libjvm.so+0x98c5a3]  oopDesc* PSPromotionManager::copy_to_survivor_space<false>(oopDesc*)+0x143
#
# Failed to write core dump. Core dumps have been disabled. To enable core dumping, try "ulimit -c unlimited" before starting Java again
#
# If you would like to submit a bug report, please visit:
#   http://bugreport.java.com/bugreport/crash.jsp
#

---------------  T H R E A D  ---------------

Current thread (0x00007fdfac01f000):  GCTaskThread [stack: 0x00007fdf9c1b5000,0x00007fdf9c2b6000] [id=15188]

siginfo: si_signo: 11 (SIGSEGV), si_code: 1 (SEGV_MAPERR), si_addr: 0x0000000309700010

Registers:
RAX=0x00007fdfb1db6b90, RBX=0x00000000c07f7510, RCX=0x0000000000000003, RDX=0x0000000000000001
RSP=0x00007fdf9c2b4930, RBP=0x00007fdf9c2b49a0, RSI=0x00000000ec543e28, RDI=0x0000000309700008
R8 =0x00000000c07f77c8, R9 =0x0000000000000000, R10=0x00007fdfb1ddb059, R11=0x00007fdf9c2b48e0
R12=0x00000000ec543e28, R13=0x706f745368637461, R14=0x0000000000000000, R15=0x00007fdfac071168
RIP=0x00007fdfb17b55a3, EFLAGS=0x0000000000010202, CSGSFS=0x0000000000000033, ERR=0x0000000000000004
  TRAPNO=0x000000000000000e

Top of Stack: (sp=0x00007fdf9c2b4930)
0x00007fdf9c2b4930:   00007fdf9c2b49b0 00007fdfb1ddb059
0x00007fdf9c2b4940:   00007fdfac071128 00007fdfac071100
0x00007fdf9c2b4950:   00000000c07f75a0 0000000000000400
0x00007fdf9c2b4960:   00000000eb81386a 0000000000001000
0x00007fdf9c2b4970:   00007fdf9c2b4a20 00000000c07f7510
0x00007fdf9c2b4980:   00007fdfac071100 00007fdfb1db6b80
0x00007fdf9c2b4990:   0000000000000000 00007fdfac071168
0x00007fdf9c2b49a0:   00007fdf9c2b4a90 00007fdfb17b4e70
0x00007fdf9c2b49b0:   00007fdf9c2b4a10 00007fdf9c2b4a20
0x00007fdf9c2b49c0:   00007fdf9c2b4a30 00007fdf9c2b49f0
0x00007fdf9c2b49d0:   00007fdf9c2b4a00 00007fdf9c2b4a50
0x00007fdf9c2b49e0:   00000000c0727e28 00007fdfac071198
0x00007fdf9c2b49f0:   00000000c05b6790 00007fdfac071100
0x00007fdf9c2b4a00:   00007fdfac01ae60 00007fdf9c40ee01
0x00007fdf9c2b4a10:   00007fdf9c2b4a90 00007fdfb17285af
0x00007fdf9c2b4a20:   0000000100017e10 00000000c05baf4c
0x00007fdf9c2b4a30:   00007fdf9c2b4a90 00007fdfb1477ac0
0x00007fdf9c2b4a40:   00000000c05bafad 00007fdfb1dea290
0x00007fdf9c2b4a50:   00000000c07f7511 00007fdfac071160
0x00007fdf9c2b4a60:   0000000000000000 00000000c05bc800
0x00007fdf9c2b4a70:   00000000c05bc800 00007fdf9c40ede4
0x00007fdf9c2b4a80:   00007fdfac01ae60 00007fdf9c40ee01
0x00007fdf9c2b4a90:   00007fdf9c2b4b50 00007fdfb122813e
0x00007fdf9c2b4aa0:   00007fdfac01ecf0 00007fdf9c40ee00
0x00007fdf9c2b4ab0:   00007fdf9c40ed81 00007fdfb1ddb059
0x00007fdf9c2b4ac0:   00007fdfac071100 00000000c0729e28
0x00007fdf9c2b4ad0:   00007fdfac01aba0 00007fdf9c40f950
0x00007fdf9c2b4ae0:   00000000c05ba810 0000000000000100
0x00007fdf9c2b4af0:   00000000c05c0010 00007fdf9c40edd6
0x00007fdf9c2b4b00:   0000000000000240 00007fdf9c40ee00
0x00007fdf9c2b4b10:   00007fdf9c40ee80 00007fdf9c40ede4
0x00007fdf9c2b4b20:   00007fdf9c40edd6 00007fdfac0236c0 

Instructions: (pc=0x00007fdfb17b55a3)
0x00007fdfb17b5583:   83 e0 07 48 83 f8 05 75 d3 31 db eb d6 48 8b 05
0x00007fdfb17b5593:   f1 24 5e 00 8b 7e 08 8b 48 08 48 d3 e7 48 03 38
0x00007fdfb17b55a3:   8b 77 08 83 fe 00 0f 8f 0a ff ff ff 0f 85 4b 02
0x00007fdfb17b55b3:   00 00 0f 1f 00 48 8b 07 4c 89 e6 4c 89 55 98 ff 

Register to memory mapping:

RAX=0x00007fdfb1db6b90: <offset 0xf8db90> in /usr/lib/jvm/java-8-oracle/jre/lib/amd64/server/libjvm.so at 0x00007fdfb0e29000
RBX=0x00000000c07f7510 is pointing into object: 0x00000000c07f74f8
com.android.dx.rop.code.BasicBlock 
 - klass: 'com/android/dx/rop/code/BasicBlock'
RCX=0x0000000000000003 is an unknown value
RDX=0x0000000000000001 is an unknown value
RSP=0x00007fdf9c2b4930 is an unknown value
RBP=0x00007fdf9c2b49a0 is an unknown value
RSI=0x00000000ec543e28 is an oop

[error occurred during error reporting (printing register info), id 0xb]

Stack: [0x00007fdf9c1b5000,0x00007fdf9c2b6000],  sp=0x00007fdf9c2b4930,  free space=1022k
Native frames: (J=compiled Java code, j=interpreted, Vv=VM code, C=native code)
V  [libjvm.so+0x98c5a3]  oopDesc* PSPromotionManager::copy_to_survivor_space<false>(oopDesc*)+0x143
V  [libjvm.so+0x98be70]  PSPromotionManager::drain_stacks_depth(bool)+0x830
V  [libjvm.so+0x3ff13e]  CardTableExtension::scavenge_contents_parallel(ObjectStartArray*, MutableSpace*, HeapWord*, PSPromotionManager*, unsigned int, unsigned int)+0xafe
V  [libjvm.so+0x98f6eb]  OldToYoungRootsTask::do_it(GCTaskManager*, unsigned int)+0x4b
V  [libjvm.so+0x5d6b5f]  GCTaskThread::run()+0x12f
V  [libjvm.so+0x924698]  java_start(Thread*)+0x108


---------------  P R O C E S S  ---------------

Java Threads: ( => current thread )
  0x00007fdfac15a000 JavaThread "pool-1-thread-4" [_thread_blocked, id=15213, stack(0x00007fdf836f7000,0x00007fdf837f8000)]
  0x00007fdfac158800 JavaThread "pool-1-thread-3" [_thread_blocked, id=15212, stack(0x00007fdf837f8000,0x00007fdf838f9000)]
  0x00007fdfac157800 JavaThread "pool-1-thread-2" [_thread_blocked, id=15211, stack(0x00007fdf838f9000,0x00007fdf839fa000)]
  0x00007fdfac14a800 JavaThread "pool-2-thread-1" [_thread_blocked, id=15208, stack(0x00007fdf839fa000,0x00007fdf83afb000)]
  0x00007fdfac148800 JavaThread "pool-1-thread-1" [_thread_blocked, id=15207, stack(0x00007fdf83afb000,0x00007fdf83bfc000)]
  0x00007fdfac0ba000 JavaThread "Service Thread" daemon [_thread_blocked, id=15201, stack(0x00007fdf83cfd000,0x00007fdf83dfe000)]
  0x00007fdfac0b7800 JavaThread "C1 CompilerThread1" daemon [_thread_blocked, id=15200, stack(0x00007fdf83dfe000,0x00007fdf83eff000)]
  0x00007fdfac0b4800 JavaThread "C2 CompilerThread0" daemon [_thread_blocked, id=15199, stack(0x00007fdf83eff000,0x00007fdf84000000)]
  0x00007fdfac0b3000 JavaThread "Signal Dispatcher" daemon [_thread_blocked, id=15198, stack(0x00007fdf980c9000,0x00007fdf981ca000)]
  0x00007fdfac080000 JavaThread "Finalizer" daemon [_thread_blocked, id=15192, stack(0x00007fdf988ae000,0x00007fdf989af000)]
  0x00007fdfac07b800 JavaThread "Reference Handler" daemon [_thread_blocked, id=15191, stack(0x00007fdf989af000,0x00007fdf98ab0000)]
  0x00007fdfac00a000 JavaThread "main" [_thread_blocked, id=15186, stack(0x00007fdfb290e000,0x00007fdfb2a0f000)]

Other Threads:
  0x00007fdfac073800 VMThread [stack: 0x00007fdf98ab0000,0x00007fdf98bb1000] [id=15190]
  0x00007fdfac0bd000 WatcherThread [stack: 0x00007fdf83bfc000,0x00007fdf83cfd000] [id=15202]

=>0x00007fdfac01f000 (exited) GCTaskThread [stack: 0x00007fdf9c1b5000,0x00007fdf9c2b6000] [id=15188]

VM state:at safepoint (normal execution)

VM Mutex/Monitor currently owned by a thread:  ([mutex/lock_event])
[0x00007fdfac0064e0] Threads_lock - owner thread: 0x00007fdfac073800
[0x00007fdfac0069e0] Heap_lock - owner thread: 0x00007fdfac15a000

Heap:
 PSYoungGen      total 26112K, used 26108K [0x00000000eab00000, 0x00000000ec600000, 0x0000000100000000)
  eden space 24576K, 100% used [0x00000000eab00000,0x00000000ec300000,0x00000000ec300000)
  from space 1536K, 99% used [0x00000000ec480000,0x00000000ec5ff338,0x00000000ec600000)
  to   space 1536K, 98% used [0x00000000ec300000,0x00000000ec4785b0,0x00000000ec480000)
 ParOldGen       total 31744K, used 11094K [0x00000000c0000000, 0x00000000c1f00000, 0x00000000eab00000)
  object space 31744K, 34% used [0x00000000c0000000,0x00000000c0ad5a40,0x00000000c1f00000)
 Metaspace       used 5812K, capacity 6768K, committed 7040K, reserved 1056768K
  class space    used 594K, capacity 616K, committed 640K, reserved 1048576K

Card table byte_map: [0x00007fdf9c40c000,0x00007fdf9c60d000] byte_map_base: 0x00007fdf9be0c000

Marking Bits: (ParMarkBitMap*) 0x00007fdfb1dea120
 Begin Bits: [0x00007fdf9a0b4000, 0x00007fdf9b0b4000)
 End Bits:   [0x00007fdf9b0b4000, 0x00007fdf9c0b4000)

Polling page: 0x00007fdfb2a2b000

CodeCache: size=245760Kb used=3261Kb max_used=3261Kb free=242498Kb
 bounds [0x00007fdf9c9cd000, 0x00007fdf9cd0d000, 0x00007fdfab9cd000]
 total_blobs=1138 nmethods=872 adapters=182
 compilation: enabled

Compilation events (10 events):
Event: 12.221 Thread 0x00007fdfac0b7800 nmethod 1117 0x00007fdf9ccfcd90 code [0x00007fdf9ccfcf20, 0x00007fdf9ccfd1d8]
Event: 12.222 Thread 0x00007fdfac0b7800 1071       2       com.android.dx.cf.code.BasicBlocker::visitConstant (39 bytes)
Event: 12.222 Thread 0x00007fdfac0b7800 nmethod 1071 0x00007fdf9ccfd310 code [0x00007fdf9ccfd4a0, 0x00007fdf9ccfd798]
Event: 12.222 Thread 0x00007fdfac0b7800  964       2       com.android.dx.cf.code.OneLocalsArray::copy (33 bytes)
Event: 12.223 Thread 0x00007fdfac0b7800 nmethod 964 0x00007fdf9ccfd990 code [0x00007fdf9ccfdb00, 0x00007fdf9ccfdec8]
Event: 12.223 Thread 0x00007fdfac0b7800 1082       2       com.android.dx.ssa.SsaRenamer::access$600 (6 bytes)
Event: 12.259 Thread 0x00007fdfac0b7800 nmethod 1082 0x00007fdf9ccfe010 code [0x00007fdf9ccfe180, 0x00007fdf9ccfe308]
Event: 12.259 Thread 0x00007fdfac0b7800 1083       2       com.android.dx.ssa.SsaRenamer::equalsHandlesNulls (23 bytes)
Event: 12.260 Thread 0x00007fdfac0b7800 nmethod 1083 0x00007fdf9ccfe3d0 code [0x00007fdf9ccfe540, 0x00007fdf9ccfe6c8]
Event: 12.260 Thread 0x00007fdfac0b7800 1080       2       com.android.dx.ssa.SsaRenamer$BlockRenamer::visitMoveInsn (271 bytes)

GC Heap History (9 events):
Event: 5.109 GC heap before
{Heap before GC invocations=1 (full 0):
 PSYoungGen      total 13824K, used 12288K [0x00000000eab00000, 0x00000000eba00000, 0x0000000100000000)
  eden space 12288K, 100% used [0x00000000eab00000,0x00000000eb700000,0x00000000eb700000)
  from space 1536K, 0% used [0x00000000eb880000,0x00000000eb880000,0x00000000eba00000)
  to   space 1536K, 0% used [0x00000000eb700000,0x00000000eb700000,0x00000000eb880000)
 ParOldGen       total 31744K, used 0K [0x00000000c0000000, 0x00000000c1f00000, 0x00000000eab00000)
  object space 31744K, 0% used [0x00000000c0000000,0x00000000c0000000,0x00000000c1f00000)
 Metaspace       used 3344K, capacity 4720K, committed 4864K, reserved 1056768K
  class space    used 359K, capacity 424K, committed 512K, reserved 1048576K
Event: 5.119 GC heap after
Heap after GC invocations=1 (full 0):
 PSYoungGen      total 13824K, used 813K [0x00000000eab00000, 0x00000000eba00000, 0x0000000100000000)
  eden space 12288K, 0% used [0x00000000eab00000,0x00000000eab00000,0x00000000eb700000)
  from space 1536K, 52% used [0x00000000eb700000,0x00000000eb7cb630,0x00000000eb880000)
  to   space 1536K, 0% used [0x00000000eb880000,0x00000000eb880000,0x00000000eba00000)
 ParOldGen       total 31744K, used 0K [0x00000000c0000000, 0x00000000c1f00000, 0x00000000eab00000)
  object space 31744K, 0% used [0x00000000c0000000,0x00000000c0000000,0x00000000c1f00000)
 Metaspace       used 3344K, capacity 4720K, committed 4864K, reserved 1056768K
  class space    used 359K, capacity 424K, committed 512K, reserved 1048576K
}
Event: 7.193 GC heap before
{Heap before GC invocations=2 (full 0):
 PSYoungGen      total 13824K, used 13101K [0x00000000eab00000, 0x00000000eba00000, 0x0000000100000000)
  eden space 12288K, 100% used [0x00000000eab00000,0x00000000eb700000,0x00000000eb700000)
  from space 1536K, 52% used [0x00000000eb700000,0x00000000eb7cb630,0x00000000eb880000)
  to   space 1536K, 0% used [0x00000000eb880000,0x00000000eb880000,0x00000000eba00000)
 ParOldGen       total 31744K, used 0K [0x00000000c0000000, 0x00000000c1f00000, 0x00000000eab00000)
  object space 31744K, 0% used [0x00000000c0000000,0x00000000c0000000,0x00000000c1f00000)
 Metaspace       used 5581K, capacity 6576K, committed 6784K, reserved 1056768K
  class space    used 590K, capacity 616K, committed 640K, reserved 1048576K
Event: 7.217 GC heap after
Heap after GC invocations=2 (full 0):
 PSYoungGen      total 13824K, used 1530K [0x00000000eab00000, 0x00000000eba00000, 0x0000000100000000)
  eden space 12288K, 0% used [0x00000000eab00000,0x00000000eab00000,0x00000000eb700000)
  from space 1536K, 99% used [0x00000000eb880000,0x00000000eb9feaa0,0x00000000eba00000)
  to   space 1536K, 0% used [0x00000000eb700000,0x00000000eb700000,0x00000000eb880000)
 ParOldGen       total 31744K, used 2088K [0x00000000c0000000, 0x00000000c1f00000, 0x00000000eab00000)
  object space 31744K, 6% used [0x00000000c0000000,0x00000000c020a040,0x00000000c1f00000)
 Metaspace       used 5581K, capacity 6576K, committed 6784K, reserved 1056768K
  class space    used 590K, capacity 616K, committed 640K, reserved 1048576K
}
Event: 8.520 GC heap before
{Heap before GC invocations=3 (full 0):
 PSYoungGen      total 13824K, used 13818K [0x00000000eab00000, 0x00000000eba00000, 0x0000000100000000)
  eden space 12288K, 100% used [0x00000000eab00000,0x00000000eb700000,0x00000000eb700000)
  from space 1536K, 99% used [0x00000000eb880000,0x00000000eb9feaa0,0x00000000eba00000)
  to   space 1536K, 0% used [0x00000000eb700000,0x00000000eb700000,0x00000000eb880000)
 ParOldGen       total 31744K, used 2088K [0x00000000c0000000, 0x00000000c1f00000, 0x00000000eab00000)
  object space 31744K, 6% used [0x00000000c0000000,0x00000000c020a040,0x00000000c1f00000)
 Metaspace       used 5709K, capacity 6704K, committed 6784K, reserved 1056768K
  class space    used 593K, capacity 616K, committed 640K, reserved 1048576K
Event: 8.586 GC heap after
Heap after GC invocations=3 (full 0):
 PSYoungGen      total 13824K, used 1524K [0x00000000eab00000, 0x00000000ec600000, 0x0000000100000000)
  eden space 12288K, 0% used [0x00000000eab00000,0x00000000eab00000,0x00000000eb700000)
  from space 1536K, 99% used [0x00000000eb700000,0x00000000eb87d300,0x00000000eb880000)
  to   space 1536K, 0% used [0x00000000ec480000,0x00000000ec480000,0x00000000ec600000)
 ParOldGen       total 31744K, used 4819K [0x00000000c0000000, 0x00000000c1f00000, 0x00000000eab00000)
  object space 31744K, 15% used [0x00000000c0000000,0x00000000c04b4d98,0x00000000c1f00000)
 Metaspace       used 5709K, capacity 6704K, committed 6784K, reserved 1056768K
  class space    used 593K, capacity 616K, committed 640K, reserved 1048576K
}
Event: 9.940 GC heap before
{Heap before GC invocations=4 (full 0):
 PSYoungGen      total 13824K, used 13812K [0x00000000eab00000, 0x00000000ec600000, 0x0000000100000000)
  eden space 12288K, 100% used [0x00000000eab00000,0x00000000eb700000,0x00000000eb700000)
  from space 1536K, 99% used [0x00000000eb700000,0x00000000eb87d300,0x00000000eb880000)
  to   space 1536K, 0% used [0x00000000ec480000,0x00000000ec480000,0x00000000ec600000)
 ParOldGen       total 31744K, used 4819K [0x00000000c0000000, 0x00000000c1f00000, 0x00000000eab00000)
  object space 31744K, 15% used [0x00000000c0000000,0x00000000c04b4d98,0x00000000c1f00000)
 Metaspace       used 5753K, capacity 6704K, committed 6784K, reserved 1056768K
  class space    used 593K, capacity 616K, committed 640K, reserved 1048576K
Event: 10.064 GC heap after
Heap after GC invocations=4 (full 0):
 PSYoungGen      total 26112K, used 1532K [0x00000000eab00000, 0x00000000ec600000, 0x0000000100000000)
  eden space 24576K, 0% used [0x00000000eab00000,0x00000000eab00000,0x00000000ec300000)
  from space 1536K, 99% used [0x00000000ec480000,0x00000000ec5ff338,0x00000000ec600000)
  to   space 1536K, 0% used [0x00000000ec300000,0x00000000ec300000,0x00000000ec480000)
 ParOldGen       total 31744K, used 7335K [0x00000000c0000000, 0x00000000c1f00000, 0x00000000eab00000)
  object space 31744K, 23% used [0x00000000c0000000,0x00000000c0729e28,0x00000000c1f00000)
 Metaspace       used 5753K, capacity 6704K, committed 6784K, reserved 1056768K
  class space    used 593K, capacity 616K, committed 640K, reserved 1048576K
}
Event: 12.270 GC heap before
{Heap before GC invocations=5 (full 0):
 PSYoungGen      total 26112K, used 26108K [0x00000000eab00000, 0x00000000ec600000, 0x0000000100000000)
  eden space 24576K, 100% used [0x00000000eab00000,0x00000000ec300000,0x00000000ec300000)
  from space 1536K, 99% used [0x00000000ec480000,0x00000000ec5ff338,0x00000000ec600000)
  to   space 1536K, 0% used [0x00000000ec300000,0x00000000ec300000,0x00000000ec480000)
 ParOldGen       total 31744K, used 7335K [0x00000000c0000000, 0x00000000c1f00000, 0x00000000eab00000)
  object space 31744K, 23% used [0x00000000c0000000,0x00000000c0729e28,0x00000000c1f00000)
 Metaspace       used 5812K, capacity 6768K, committed 7040K, reserved 1056768K
  class space    used 594K, capacity 616K, committed 640K, reserved 1048576K

Deoptimization events (5 events):
Event: 5.788 Thread 0x00007fdfac00a000 Uncommon trap: reason=unstable_if action=reinterpret pc=0x00007fdf9cb35a70 method=java.lang.String.indexOf(II)I @ 49
Event: 7.076 Thread 0x00007fdfac148800 Uncommon trap: reason=unstable_if action=reinterpret pc=0x00007fdf9cbbbd10 method=java.util.HashMap.getNode(ILjava/lang/Object;)Ljava/util/HashMap$Node; @ 62
Event: 7.226 Thread 0x00007fdfac15a000 Uncommon trap: reason=unstable_if action=reinterpret pc=0x00007fdf9cbcf3c8 method=java.util.HashMap.getNode(ILjava/lang/Object;)Ljava/util/HashMap$Node; @ 62
Event: 7.987 Thread 0x00007fdfac15a000 Uncommon trap: reason=unstable_if action=reinterpret pc=0x00007fdf9cbbde6c method=java.util.BitSet.nextSetBit(I)I @ 87
Event: 9.833 Thread 0x00007fdfac00a000 Uncommon trap: reason=null_check action=make_not_entrant pc=0x00007fdf9cc80278 method=com.android.dx.ssa.SsaRenamer.getLocalForNewReg(I)Lcom/android/dx/rop/code/LocalItem; @ 19

Internal exceptions (3 events):
Event: 0.549 Thread 0x00007fdfac00a000 Exception <a 'java/lang/NoSuchMethodError': Method sun.misc.Unsafe.defineClass(Ljava/lang/String;[BII)Ljava/lang/Class; name or signature does not match> (0x00000000eab07cc0) thrown at [/HUDSON3/workspace/8-2-build-linux-amd64/jdk8u101/7261/hotspot/src/sh
Event: 0.549 Thread 0x00007fdfac00a000 Exception <a 'java/lang/NoSuchMethodError': Method sun.misc.Unsafe.prefetchRead(Ljava/lang/Object;J)V name or signature does not match> (0x00000000eab07fa8) thrown at [/HUDSON3/workspace/8-2-build-linux-amd64/jdk8u101/7261/hotspot/src/share/vm/prims/jni.c
Event: 9.833 Thread 0x00007fdfac00a000 Implicit null exception at 0x00007fdf9cc7dd06 to 0x00007fdf9cc80255

Events (10 events):
Event: 9.833 Thread 0x00007fdfac00a000 DEOPT UNPACKING pc=0x00007fdf9c9d1f69 sp=0x00007fdfb2a0c588 mode 2
Event: 9.924 Executing VM operation: ParallelGCFailedAllocation
Event: 10.065 Executing VM operation: ParallelGCFailedAllocation done
Event: 11.560 Thread 0x00007fdfac158800 DEOPT PACKING pc=0x00007fdf9ccca088 sp=0x00007fdf838f6f00
Event: 11.560 Thread 0x00007fdfac158800 DEOPT UNPACKING pc=0x00007fdf9ca13f73 sp=0x00007fdf838f6c88 mode 0
Event: 11.594 loading class com/android/dx/cf/attrib/AttExceptions
Event: 11.594 loading class com/android/dx/cf/attrib/AttExceptions done
Event: 12.052 loading class com/android/dx/rop/code/RegOps
Event: 12.052 loading class com/android/dx/rop/code/RegOps done
Event: 12.262 Executing VM operation: ParallelGCFailedAllocation


Dynamic libraries:
00400000-00401000 r-xp 00000000 08:01 3279757                            /usr/lib/jvm/java-8-oracle/bin/java
00600000-00601000 rw-p 00000000 08:01 3279757                            /usr/lib/jvm/java-8-oracle/bin/java
006b9000-006da000 rw-p 00000000 00:00 0                                  [heap]
c0000000-c1f00000 rw-p 00000000 00:00 0 
c1f00000-eab00000 ---p 00000000 00:00 0 
eab00000-ec600000 rw-p 00000000 00:00 0 
ec600000-100000000 ---p 00000000 00:00 0 
100000000-1000a0000 rw-p 00000000 00:00 0 
1000a0000-140000000 ---p 00000000 00:00 0 
7fdf5c000000-7fdf5c021000 rw-p 00000000 00:00 0 
7fdf5c021000-7fdf60000000 ---p 00000000 00:00 0 
7fdf60000000-7fdf60042000 rw-p 00000000 00:00 0 
7fdf60042000-7fdf64000000 ---p 00000000 00:00 0 
7fdf64000000-7fdf64030000 rw-p 00000000 00:00 0 
7fdf64030000-7fdf68000000 ---p 00000000 00:00 0 
7fdf68000000-7fdf68021000 rw-p 00000000 00:00 0 
7fdf68021000-7fdf6c000000 ---p 00000000 00:00 0 
7fdf6c000000-7fdf6c021000 rw-p 00000000 00:00 0 
7fdf6c021000-7fdf70000000 ---p 00000000 00:00 0 
7fdf70000000-7fdf70021000 rw-p 00000000 00:00 0 
7fdf70021000-7fdf74000000 ---p 00000000 00:00 0 
7fdf74000000-7fdf74544000 rw-p 00000000 00:00 0 
7fdf74544000-7fdf78000000 ---p 00000000 00:00 0 
7fdf78000000-7fdf786b7000 rw-p 00000000 00:00 0 
7fdf786b7000-7fdf7c000000 ---p 00000000 00:00 0 
7fdf7c000000-7fdf7c021000 rw-p 00000000 00:00 0 
7fdf7c021000-7fdf80000000 ---p 00000000 00:00 0 
7fdf836f7000-7fdf836fa000 ---p 00000000 00:00 0 
7fdf836fa000-7fdf837f8000 rw-p 00000000 00:00 0                          [stack:15213]
7fdf837f8000-7fdf837fb000 ---p 00000000 00:00 0 
7fdf837fb000-7fdf838f9000 rw-p 00000000 00:00 0                          [stack:15212]
7fdf838f9000-7fdf838fc000 ---p 00000000 00:00 0 
7fdf838fc000-7fdf839fa000 rw-p 00000000 00:00 0                          [stack:15211]
7fdf839fa000-7fdf839fd000 ---p 00000000 00:00 0 
7fdf839fd000-7fdf83afb000 rw-p 00000000 00:00 0                          [stack:15208]
7fdf83afb000-7fdf83afe000 ---p 00000000 00:00 0 
7fdf83afe000-7fdf83bfc000 rw-p 00000000 00:00 0                          [stack:15207]
7fdf83bfc000-7fdf83bfd000 ---p 00000000 00:00 0 
7fdf83bfd000-7fdf83cfd000 rw-p 00000000 00:00 0                          [stack:15202]
7fdf83cfd000-7fdf83d00000 ---p 00000000 00:00 0 
7fdf83d00000-7fdf83dfe000 rw-p 00000000 00:00 0                          [stack:15201]
7fdf83dfe000-7fdf83e01000 ---p 00000000 00:00 0 
7fdf83e01000-7fdf83eff000 rw-p 00000000 00:00 0                          [stack:15200]
7fdf83eff000-7fdf83f02000 ---p 00000000 00:00 0 
7fdf83f02000-7fdf84000000 rw-p 00000000 00:00 0                          [stack:15199]
7fdf84000000-7fdf84021000 rw-p 00000000 00:00 0 
7fdf84021000-7fdf88000000 ---p 00000000 00:00 0 
7fdf88000000-7fdf88021000 rw-p 00000000 00:00 0 
7fdf88021000-7fdf8c000000 ---p 00000000 00:00 0 
7fdf8c000000-7fdf8c021000 rw-p 00000000 00:00 0 
7fdf8c021000-7fdf90000000 ---p 00000000 00:00 0 
7fdf90000000-7fdf90021000 rw-p 00000000 00:00 0 
7fdf90021000-7fdf94000000 ---p 00000000 00:00 0 
7fdf94000000-7fdf94297000 rw-p 00000000 00:00 0 
7fdf94297000-7fdf98000000 ---p 00000000 00:00 0 
7fdf980b3000-7fdf980c9000 r--s 000f1000 08:01 10626543                   /home/lin/other/AndroidProjects/Radio/app/build/intermediates/exploded-aar/com.android.support/support-v4/23.4.0/jars/classes.jar
7fdf980c9000-7fdf980cc000 ---p 00000000 00:00 0 
7fdf980cc000-7fdf981ca000 rw-p 00000000 00:00 0                          [stack:15198]
7fdf981ca000-7fdf988ae000 r--p 00000000 08:01 13113697                   /usr/lib/locale/locale-archive
7fdf988ae000-7fdf988b1000 ---p 00000000 00:00 0 
7fdf988b1000-7fdf989af000 rw-p 00000000 00:00 0                          [stack:15192]
7fdf989af000-7fdf989b2000 ---p 00000000 00:00 0 
7fdf989b2000-7fdf98ab0000 rw-p 00000000 00:00 0                          [stack:15191]
7fdf98ab0000-7fdf98ab1000 ---p 00000000 00:00 0 
7fdf98ab1000-7fdf994db000 rw-p 00000000 00:00 0                          [stack:15190]
7fdf994db000-7fdf996b4000 r--s 03d29000 08:01 13118676                   /usr/lib/jvm/java-8-oracle/jre/lib/rt.jar
7fdf996b4000-7fdf99cf4000 rw-p 00000000 00:00 0 
7fdf99cf4000-7fdf99eb4000 ---p 00000000 00:00 0 
7fdf99eb4000-7fdf9c0b4000 rw-p 00000000 00:00 0 
7fdf9c0b4000-7fdf9c0b5000 ---p 00000000 00:00 0 
7fdf9c0b5000-7fdf9c1b5000 rw-p 00000000 00:00 0                          [stack:15189]
7fdf9c1b5000-7fdf9c1b6000 ---p 00000000 00:00 0 
7fdf9c1b6000-7fdf9c2c6000 rw-p 00000000 00:00 0                          [stack:15188]
7fdf9c2c6000-7fdf9c40c000 ---p 00000000 00:00 0 
7fdf9c40c000-7fdf9c41c000 rw-p 00000000 00:00 0 
7fdf9c41c000-7fdf9c561000 ---p 00000000 00:00 0 
7fdf9c561000-7fdf9c56f000 rw-p 00000000 00:00 0 
7fdf9c56f000-7fdf9c60c000 ---p 00000000 00:00 0 
7fdf9c60c000-7fdf9c61a000 rw-p 00000000 00:00 0 
7fdf9c61a000-7fdf9c9cd000 ---p 00000000 00:00 0 
7fdf9c9cd000-7fdf9cd0d000 rwxp 00000000 00:00 0 
7fdf9cd0d000-7fdfab9cd000 ---p 00000000 00:00 0 
7fdfab9cd000-7fdfab9e7000 r-xp 00000000 08:01 13766358                   /usr/lib/jvm/java-8-oracle/jre/lib/amd64/libzip.so
7fdfab9e7000-7fdfabbe7000 ---p 0001a000 08:01 13766358                   /usr/lib/jvm/java-8-oracle/jre/lib/amd64/libzip.so
7fdfabbe7000-7fdfabbe8000 rw-p 0001a000 08:01 13766358                   /usr/lib/jvm/java-8-oracle/jre/lib/amd64/libzip.so
7fdfabbe8000-7fdfabbf3000 r-xp 00000000 08:01 2621673                    /lib/x86_64-linux-gnu/libnss_files-2.15.so
7fdfabbf3000-7fdfabdf2000 ---p 0000b000 08:01 2621673                    /lib/x86_64-linux-gnu/libnss_files-2.15.so
7fdfabdf2000-7fdfabdf3000 r--p 0000a000 08:01 2621673                    /lib/x86_64-linux-gnu/libnss_files-2.15.so
7fdfabdf3000-7fdfabdf4000 rw-p 0000b000 08:01 2621673                    /lib/x86_64-linux-gnu/libnss_files-2.15.so
7fdfabdf4000-7fdfabdfe000 r-xp 00000000 08:01 2621658                    /lib/x86_64-linux-gnu/libnss_nis-2.15.so
7fdfabdfe000-7fdfabffe000 ---p 0000a000 08:01 2621658                    /lib/x86_64-linux-gnu/libnss_nis-2.15.so
7fdfabffe000-7fdfabfff000 r--p 0000a000 08:01 2621658                    /lib/x86_64-linux-gnu/libnss_nis-2.15.so
7fdfabfff000-7fdfac000000 rw-p 0000b000 08:01 2621658                    /lib/x86_64-linux-gnu/libnss_nis-2.15.so
7fdfac000000-7fdfac387000 rw-p 00000000 00:00 0 
7fdfac387000-7fdfb0000000 ---p 00000000 00:00 0 
7fdfb0002000-7fdfb00c7000 rw-p 00000000 00:00 0 
7fdfb00c7000-7fdfb00de000 r-xp 00000000 08:01 2621667                    /lib/x86_64-linux-gnu/libnsl-2.15.so
7fdfb00de000-7fdfb02dd000 ---p 00017000 08:01 2621667                    /lib/x86_64-linux-gnu/libnsl-2.15.so
7fdfb02dd000-7fdfb02de000 r--p 00016000 08:01 2621667                    /lib/x86_64-linux-gnu/libnsl-2.15.so
7fdfb02de000-7fdfb02df000 rw-p 00017000 08:01 2621667                    /lib/x86_64-linux-gnu/libnsl-2.15.so
7fdfb02df000-7fdfb02e1000 rw-p 00000000 00:00 0 
7fdfb02e1000-7fdfb02e9000 r-xp 00000000 08:01 2621672                    /lib/x86_64-linux-gnu/libnss_compat-2.15.so
7fdfb02e9000-7fdfb04e8000 ---p 00008000 08:01 2621672                    /lib/x86_64-linux-gnu/libnss_compat-2.15.so
7fdfb04e8000-7fdfb04e9000 r--p 00007000 08:01 2621672                    /lib/x86_64-linux-gnu/libnss_compat-2.15.so
7fdfb04e9000-7fdfb04ea000 rw-p 00008000 08:01 2621672                    /lib/x86_64-linux-gnu/libnss_compat-2.15.so
7fdfb04ea000-7fdfb0514000 r-xp 00000000 08:01 13766323                   /usr/lib/jvm/java-8-oracle/jre/lib/amd64/libjava.so
7fdfb0514000-7fdfb0714000 ---p 0002a000 08:01 13766323                   /usr/lib/jvm/java-8-oracle/jre/lib/amd64/libjava.so
7fdfb0714000-7fdfb0716000 rw-p 0002a000 08:01 13766323                   /usr/lib/jvm/java-8-oracle/jre/lib/amd64/libjava.so
7fdfb0716000-7fdfb0723000 r-xp 00000000 08:01 13766361                   /usr/lib/jvm/java-8-oracle/jre/lib/amd64/libverify.so
7fdfb0723000-7fdfb0923000 ---p 0000d000 08:01 13766361                   /usr/lib/jvm/java-8-oracle/jre/lib/amd64/libverify.so
7fdfb0923000-7fdfb0925000 rw-p 0000d000 08:01 13766361                   /usr/lib/jvm/java-8-oracle/jre/lib/amd64/libverify.so
7fdfb0925000-7fdfb092c000 r-xp 00000000 08:01 2621660                    /lib/x86_64-linux-gnu/librt-2.15.so
7fdfb092c000-7fdfb0b2b000 ---p 00007000 08:01 2621660                    /lib/x86_64-linux-gnu/librt-2.15.so
7fdfb0b2b000-7fdfb0b2c000 r--p 00006000 08:01 2621660                    /lib/x86_64-linux-gnu/librt-2.15.so
7fdfb0b2c000-7fdfb0b2d000 rw-p 00007000 08:01 2621660                    /lib/x86_64-linux-gnu/librt-2.15.so
7fdfb0b2d000-7fdfb0c28000 r-xp 00000000 08:01 2621674                    /lib/x86_64-linux-gnu/libm-2.15.so
7fdfb0c28000-7fdfb0e27000 ---p 000fb000 08:01 2621674                    /lib/x86_64-linux-gnu/libm-2.15.so
7fdfb0e27000-7fdfb0e28000 r--p 000fa000 08:01 2621674                    /lib/x86_64-linux-gnu/libm-2.15.so
7fdfb0e28000-7fdfb0e29000 rw-p 000fb000 08:01 2621674                    /lib/x86_64-linux-gnu/libm-2.15.so
7fdfb0e29000-7fdfb1af4000 r-xp 00000000 08:01 13894575                   /usr/lib/jvm/java-8-oracle/jre/lib/amd64/server/libjvm.so
7fdfb1af4000-7fdfb1cf3000 ---p 00ccb000 08:01 13894575                   /usr/lib/jvm/java-8-oracle/jre/lib/amd64/server/libjvm.so
7fdfb1cf3000-7fdfb1dcc000 rw-p 00cca000 08:01 13894575                   /usr/lib/jvm/java-8-oracle/jre/lib/amd64/server/libjvm.so
7fdfb1dcc000-7fdfb1e17000 rw-p 00000000 00:00 0 
7fdfb1e17000-7fdfb1fcb000 r-xp 00000000 08:01 2621665                    /lib/x86_64-linux-gnu/libc-2.15.so
7fdfb1fcb000-7fdfb21ca000 ---p 001b4000 08:01 2621665                    /lib/x86_64-linux-gnu/libc-2.15.so
7fdfb21ca000-7fdfb21ce000 r--p 001b3000 08:01 2621665                    /lib/x86_64-linux-gnu/libc-2.15.so
7fdfb21ce000-7fdfb21d0000 rw-p 001b7000 08:01 2621665                    /lib/x86_64-linux-gnu/libc-2.15.so
7fdfb21d0000-7fdfb21d5000 rw-p 00000000 00:00 0 
7fdfb21d5000-7fdfb21d7000 r-xp 00000000 08:01 2621657                    /lib/x86_64-linux-gnu/libdl-2.15.so
7fdfb21d7000-7fdfb23d7000 ---p 00002000 08:01 2621657                    /lib/x86_64-linux-gnu/libdl-2.15.so
7fdfb23d7000-7fdfb23d8000 r--p 00002000 08:01 2621657                    /lib/x86_64-linux-gnu/libdl-2.15.so
7fdfb23d8000-7fdfb23d9000 rw-p 00003000 08:01 2621657                    /lib/x86_64-linux-gnu/libdl-2.15.so
7fdfb23d9000-7fdfb23ee000 r-xp 00000000 08:01 2627921                    /usr/lib/jvm/java-8-oracle/lib/amd64/jli/libjli.so
7fdfb23ee000-7fdfb25ee000 ---p 00015000 08:01 2627921                    /usr/lib/jvm/java-8-oracle/lib/amd64/jli/libjli.so
7fdfb25ee000-7fdfb25ef000 rw-p 00015000 08:01 2627921                    /usr/lib/jvm/java-8-oracle/lib/amd64/jli/libjli.so
7fdfb25ef000-7fdfb2607000 r-xp 00000000 08:01 2621668                    /lib/x86_64-linux-gnu/libpthread-2.15.so
7fdfb2607000-7fdfb2806000 ---p 00018000 08:01 2621668                    /lib/x86_64-linux-gnu/libpthread-2.15.so
7fdfb2806000-7fdfb2807000 r--p 00017000 08:01 2621668                    /lib/x86_64-linux-gnu/libpthread-2.15.so
7fdfb2807000-7fdfb2808000 rw-p 00018000 08:01 2621668                    /lib/x86_64-linux-gnu/libpthread-2.15.so
7fdfb2808000-7fdfb280c000 rw-p 00000000 00:00 0 
7fdfb280c000-7fdfb282e000 r-xp 00000000 08:01 2621671                    /lib/x86_64-linux-gnu/ld-2.15.so
7fdfb2834000-7fdfb290e000 rw-p 00000000 00:00 0 
7fdfb290e000-7fdfb2911000 ---p 00000000 00:00 0 
7fdfb2911000-7fdfb2a13000 rw-p 00000000 00:00 0                          [stack:15186]
7fdfb2a13000-7fdfb2a22000 r--s 000df000 08:01 11274850                   /root/Android/Sdk/build-tools/23.0.3/lib/dx.jar
7fdfb2a22000-7fdfb2a2a000 rw-s 00000000 08:01 4852062                    /tmp/hsperfdata_root/15180
7fdfb2a2a000-7fdfb2a2b000 rw-p 00000000 00:00 0 
7fdfb2a2b000-7fdfb2a2c000 ---p 00000000 00:00 0 
7fdfb2a2c000-7fdfb2a2e000 rw-p 00000000 00:00 0 
7fdfb2a2e000-7fdfb2a2f000 r--p 00022000 08:01 2621671                    /lib/x86_64-linux-gnu/ld-2.15.so
7fdfb2a2f000-7fdfb2a31000 rw-p 00023000 08:01 2621671                    /lib/x86_64-linux-gnu/ld-2.15.so
7ffe4b612000-7ffe4b633000 rw-p 00000000 00:00 0                          [stack]
7ffe4b70d000-7ffe4b70f000 r-xp 00000000 00:00 0                          [vdso]
ffffffffff600000-ffffffffff601000 r-xp 00000000 00:00 0                  [vsyscall]

VM Arguments:
jvm_args: -Djava.awt.headless=true -Xmx1024M -Dfile.encoding=UTF-8 -Duser.country=US -Duser.language=en -Duser.variant 
java_command: com.android.dx.command.Main --dex --force-jumbo --num-threads=4 --output /home/lin/other/AndroidProjects/Radio/app/build/intermediates/pre-dexed/debug/com.android.support-support-v4-23.4.0_ac3bdcdce9bb63a2e369af28a6b233d87e981259.jar /home/lin/other/AndroidProjects/Radio/app/build/intermediates/exploded-aar/com.android.support/support-v4/23.4.0/jars/classes.jar
java_class_path (initial): /root/Android/Sdk/build-tools/23.0.3/lib/dx.jar
Launcher Type: SUN_STANDARD

Environment Variables:
PATH=/usr/local/sbin:/usr/local/bin:/usr/sbin:/usr/bin:/sbin:/bin
USERNAME=root
LD_LIBRARY_PATH=/opt/android-studio/bin:
SHELL=/bin/bash
DISPLAY=:0.0

Signal Handlers:
SIGSEGV: [libjvm.so+0xac4790], sa_mask[0]=11111111011111111101111111111110, sa_flags=SA_RESTART|SA_SIGINFO
SIGBUS: [libjvm.so+0xac4790], sa_mask[0]=11111111011111111101111111111110, sa_flags=SA_RESTART|SA_SIGINFO
SIGFPE: [libjvm.so+0x91f140], sa_mask[0]=11111111011111111101111111111110, sa_flags=SA_RESTART|SA_SIGINFO
SIGPIPE: [libjvm.so+0x91f140], sa_mask[0]=11111111011111111101111111111110, sa_flags=SA_RESTART|SA_SIGINFO
SIGXFSZ: [libjvm.so+0x91f140], sa_mask[0]=11111111011111111101111111111110, sa_flags=SA_RESTART|SA_SIGINFO
SIGILL: [libjvm.so+0x91f140], sa_mask[0]=11111111011111111101111111111110, sa_flags=SA_RESTART|SA_SIGINFO
SIGUSR1: SIG_DFL, sa_mask[0]=00000000000000000000000000000000, sa_flags=none
SIGUSR2: [libjvm.so+0x920770], sa_mask[0]=00100000000000000000000000000000, sa_flags=SA_RESTART|SA_SIGINFO
SIGHUP: [libjvm.so+0x921b70], sa_mask[0]=11111111011111111101111111111110, sa_flags=SA_RESTART|SA_SIGINFO
SIGINT: [libjvm.so+0x921b70], sa_mask[0]=11111111011111111101111111111110, sa_flags=SA_RESTART|SA_SIGINFO
SIGTERM: [libjvm.so+0x921b70], sa_mask[0]=11111111011111111101111111111110, sa_flags=SA_RESTART|SA_SIGINFO
SIGQUIT: [libjvm.so+0x921b70], sa_mask[0]=11111111011111111101111111111110, sa_flags=SA_RESTART|SA_SIGINFO


---------------  S Y S T E M  ---------------

OS:DISTRIB_ID=Ubuntu
DISTRIB_RELEASE=12.04
DISTRIB_CODENAME=precise
DISTRIB_DESCRIPTION="Ubuntu 12.04.5 LTS"

uname:Linux 3.13.0-93-generic #140~precise1-Ubuntu SMP Tue Jul 19 19:55:11 UTC 2016 x86_64
libc:glibc 2.15 NPTL 2.15 
rlimit: STACK 8192k, CORE 0k, NPROC 22873, NOFILE 4096, AS infinity
load average:11.05 6.45 4.67

/proc/meminfo:
MemTotal:        2948840 kB
MemFree:           79368 kB
Buffers:            5556 kB
Cached:           289084 kB
SwapCached:        46708 kB
Active:          2120868 kB
Inactive:         578524 kB
Active(anon):    2038492 kB
Inactive(anon):   510884 kB
Active(file):      82376 kB
Inactive(file):    67640 kB
Unevictable:           0 kB
Mlocked:               0 kB
SwapTotal:       3008508 kB
SwapFree:        2112616 kB
Dirty:             14832 kB
Writeback:           148 kB
AnonPages:       2374884 kB
Mapped:           122612 kB
Shmem:            144476 kB
Slab:              71076 kB
SReclaimable:      42264 kB
SUnreclaim:        28812 kB
KernelStack:        4728 kB
PageTables:        36868 kB
NFS_Unstable:          0 kB
Bounce:                0 kB
WritebackTmp:          0 kB
CommitLimit:     4482928 kB
Committed_AS:    5969000 kB
VmallocTotal:   34359738367 kB
VmallocUsed:      352344 kB
VmallocChunk:   34359380056 kB
HardwareCorrupted:     0 kB
AnonHugePages:    323584 kB
HugePages_Total:       0
HugePages_Free:        0
HugePages_Rsvd:        0
HugePages_Surp:        0
Hugepagesize:       2048 kB
DirectMap4k:       82308 kB
DirectMap2M:     2928640 kB


CPU:total 2 (2 cores per cpu, 1 threads per core) family 6 model 15 stepping 13, cmov, cx8, fxsr, mmx, sse, sse2, sse3, ssse3, tsc

/proc/cpuinfo:
processor	: 0
vendor_id	: GenuineIntel
cpu family	: 6
model		: 15
model name	: Genuine Intel(R) CPU           T1600  @ 1.66GHz
stepping	: 13
microcode	: 0xa3
cpu MHz		: 1662.512
cache size	: 1024 KB
physical id	: 0
siblings	: 2
core id		: 0
cpu cores	: 2
apicid		: 0
initial apicid	: 0
fpu		: yes
fpu_exception	: yes
cpuid level	: 10
wp		: yes
flags		: fpu vme de pse tsc msr pae mce cx8 apic sep mtrr pge mca cmov pat pse36 clflush dts acpi mmx fxsr sse sse2 ss ht tm pbe syscall nx lm constant_tsc arch_perfmon pebs bts rep_good nopl aperfmperf pni dtes64 monitor ds_cpl tm2 ssse3 cx16 xtpr pdcm lahf_lm dtherm
bogomips	: 3325.02
clflush size	: 64
cache_alignment	: 64
address sizes	: 36 bits physical, 48 bits virtual
power management:

processor	: 1
vendor_id	: GenuineIntel
cpu family	: 6
model		: 15
model name	: Genuine Intel(R) CPU           T1600  @ 1.66GHz
stepping	: 13
microcode	: 0xa3
cpu MHz		: 1662.512
cache size	: 1024 KB
physical id	: 0
siblings	: 2
core id		: 1
cpu cores	: 2
apicid		: 1
initial apicid	: 1
fpu		: yes
fpu_exception	: yes
cpuid level	: 10
wp		: yes
flags		: fpu vme de pse tsc msr pae mce cx8 apic sep mtrr pge mca cmov pat pse36 clflush dts acpi mmx fxsr sse sse2 ss ht tm pbe syscall nx lm constant_tsc arch_perfmon pebs bts rep_good nopl aperfmperf pni dtes64 monitor ds_cpl tm2 ssse3 cx16 xtpr pdcm lahf_lm dtherm
bogomips	: 3325.02
clflush size	: 64
cache_alignment	: 64
address sizes	: 36 bits physical, 48 bits virtual
power management:



Memory: 4k page, physical 2948840k(79368k free), swap 3008508k(2112616k free)

vm_info: Java HotSpot(TM) 64-Bit Server VM (25.101-b13) for linux-amd64 JRE (1.8.0_101-b13), built on Jun 22 2016 02:59:44 by "java_re" with gcc 4.3.0 20080428 (Red Hat 4.3.0-8)

time: Tue Aug 30 14:51:20 2016
elapsed time: 12 seconds (0d 0h 0m 12s)

