#
# A fatal error has been detected by the Java Runtime Environment:
#
#  SIGSEGV (0xb) at pc=0x00007f81b92ac5b9, pid=3180, tid=0x00007f81d1e5f700
#
# JRE version: Java(TM) SE Runtime Environment (8.0_101-b13) (build 1.8.0_101-b13)
# Java VM: Java HotSpot(TM) 64-Bit Server VM (25.101-b13 mixed mode linux-amd64 compressed oops)
# Problematic frame:
# J 834 C1 com.android.dx.ssa.back.InterferenceGraph.add(II)V (46 bytes) @ 0x00007f81b92ac5b9 [0x00007f81b92ac420+0x199]
#
# Failed to write core dump. Core dumps have been disabled. To enable core dumping, try "ulimit -c unlimited" before starting Java again
#
# If you would like to submit a bug report, please visit:
#   http://bugreport.java.com/bugreport/crash.jsp
#

---------------  T H R E A D  ---------------

Current thread (0x00007f81c800a000):  JavaThread "main" [_thread_in_Java, id=3184, stack(0x00007f81d1d5f000,0x00007f81d1e60000)]

siginfo: si_signo: 11 (SIGSEGV), si_code: 2 (SEGV_ACCERR), si_addr: 0x0000000100285808

Registers:
RAX=0x0000000000000118, RBX=0x0000000100085608, RCX=0x000000000000001e, RDX=0x00000000ebb04fe8
RSP=0x00007f81d1e5d5d0, RBP=0x00007f81d1e5d6f0, RSI=0x00000001002857f0, RDI=0x00007f81b8daa5b0
R8 =0x0000000040000000, R9 =0x0000000000000001, R10=0x0000000000000001, R11=0x0000000000000000
R12=0x0000000000000000, R13=0x00007f81d1e5d698, R14=0x0000000000000000, R15=0x00007f81c800a000
RIP=0x00007f81b92ac5b9, EFLAGS=0x0000000000010206, CSGSFS=0x0000000000000033, ERR=0x0000000000000004
  TRAPNO=0x000000000000000e

Top of Stack: (sp=0x00007f81d1e5d5d0)
0x00007f81d1e5d5d0:   00000000ebb074f0 00007f81b931c650
0x00007f81d1e5d5e0:   0000000000000000 00000000ec5099f0
0x00007f81d1e5d5f0:   00007f81b88cf4f8 00007f81d1e5d640
0x00007f81d1e5d600:   00007f81d1e5d688 0000000100000000
0x00007f81d1e5d610:   00000000ebb07468 00007f81b9007ffd
0x00007f81d1e5d620:   00007f81d1e5d6f0 00007f81b92a564c
0x00007f81d1e5d630:   00000000ebb04a80 0000001e0000001f
0x00007f81d1e5d640:   00000000ebb07670 00000000ebb04d68
0x00007f81d1e5d650:   00007f81b88ced91 00007f81d1e5d658
0x00007f81d1e5d660:   00007f81b8d12f58 00007f81d1e5d6a8
0x00007f81d1e5d670:   00007f81d1e5d6f0 00007f81b9007d80
0x00007f81d1e5d680:   00007f81d1e5d6f0 00007f81b9007ffd
0x00007f81d1e5d690:   00007f81b9007ffd 000000000000001e
0x00007f81d1e5d6a0:   000000000000001f 00000000ebb04a80
0x00007f81d1e5d6b0:   00007f81d1e5d6b0 00007f81b8d3bf35
0x00007f81d1e5d6c0:   00007f81d1e5d768 00007f81b8d45538
0x00007f81d1e5d6d0:   0000000000000000 00007f81b8d3c010
0x00007f81d1e5d6e0:   00007f81d1e5d698 00007f81d1e5d758
0x00007f81d1e5d6f0:   00007f81d1e5d7c0 00007f81b9007d80
0x00007f81d1e5d700:   0000000000000003 0000000000000006
0x00007f81d1e5d710:   00000000ebb04120 00000000ebb07590
0x00007f81d1e5d720:   00000000ebb07458 000000000000001f
0x00007f81d1e5d730:   00000000ebb07578 00000000ebb074f0
0x00007f81d1e5d740:   0000000000000000 00000000ebaf9bd8
0x00007f81d1e5d750:   00000000ebaf9b90 00000000c05bab78
0x00007f81d1e5d760:   00000000ebaf9d28 00000000ebb06ef8
0x00007f81d1e5d770:   0000000000000000 00000000ebaf9d28
0x00007f81d1e5d780:   00007f81d1e5d780 00007f81b8d3fdb8
0x00007f81d1e5d790:   00007f81d1e5d848 00007f81b8d464f0
0x00007f81d1e5d7a0:   0000000000000000 00007f81b8d3fef0
0x00007f81d1e5d7b0:   00007f81d1e5d758 00007f81d1e5d840
0x00007f81d1e5d7c0:   00007f81d1e5d890 00007f81b9007a40 

Instructions: (pc=0x00007f81b92ac5b9)
0x00007f81b92ac599:   00 8b 54 b2 10 48 83 fa 00 0f 84 3b 00 00 00 48
0x00007f81b92ac5a9:   bb 08 56 08 00 01 00 00 00 8b 72 08 48 c1 e6 03
0x00007f81b92ac5b9:   48 3b 5e 18 0f 84 20 00 00 00 48 3b f3 0f 84 17
0x00007f81b92ac5c9:   00 00 00 56 53 e8 0d 92 e5 ff 5e 5e 83 fe 00 0f 

Register to memory mapping:

RAX=0x0000000000000118 is an unknown value
RBX=0x0000000100085608 is pointing into metadata
RCX=0x000000000000001e is an unknown value
RDX=0x00000000ebb04fe8 is an oop

[error occurred during error reporting (printing register info), id 0xb]

Stack: [0x00007f81d1d5f000,0x00007f81d1e60000],  sp=0x00007f81d1e5d5d0,  free space=1017k
Native frames: (J=compiled Java code, j=interpreted, Vv=VM code, C=native code)
J 834 C1 com.android.dx.ssa.back.InterferenceGraph.add(II)V (46 bytes) @ 0x00007f81b92ac5b9 [0x00007f81b92ac420+0x199]
j  com.android.dx.ssa.back.RegisterAllocator.insertMoveBefore(Lcom/android/dx/ssa/SsaInsn;Lcom/android/dx/rop/code/RegisterSpec;)Lcom/android/dx/rop/code/RegisterSpec;+221
j  com.android.dx.ssa.back.FirstFitLocalCombiningAllocator.findRangeAndAdjust(Lcom/android/dx/ssa/NormalSsaInsn;)I+288
j  com.android.dx.ssa.back.FirstFitLocalCombiningAllocator.adjustAndMapSourceRangeRange(Lcom/android/dx/ssa/NormalSsaInsn;)V+2
j  com.android.dx.ssa.back.FirstFitLocalCombiningAllocator.handleInvokeRangeInsns()V+29
j  com.android.dx.ssa.back.FirstFitLocalCombiningAllocator.allocateRegisters()Lcom/android/dx/ssa/RegisterMapper;+13
j  com.android.dx.ssa.back.SsaToRop.convert()Lcom/android/dx/rop/code/RopMethod;+21
j  com.android.dx.ssa.back.SsaToRop.convertToRopMethod(Lcom/android/dx/ssa/SsaMethod;Z)Lcom/android/dx/rop/code/RopMethod;+9
j  com.android.dx.ssa.Optimizer.optimize(Lcom/android/dx/rop/code/RopMethod;IZZLcom/android/dx/rop/code/TranslationAdvice;Ljava/util/EnumSet;)Lcom/android/dx/rop/code/RopMethod;+30
j  com.android.dx.ssa.Optimizer.optimize(Lcom/android/dx/rop/code/RopMethod;IZZLcom/android/dx/rop/code/TranslationAdvice;)Lcom/android/dx/rop/code/RopMethod;+12
j  com.android.dx.dex.cf.CfTranslator.processMethods(Lcom/android/dx/cf/direct/DirectClassFile;Lcom/android/dx/dex/cf/CfOptions;Lcom/android/dx/dex/DexOptions;Lcom/android/dx/dex/file/ClassDefItem;Lcom/android/dx/dex/file/DexFile;)V+265
j  com.android.dx.dex.cf.CfTranslator.translate0(Lcom/android/dx/cf/direct/DirectClassFile;[BLcom/android/dx/dex/cf/CfOptions;Lcom/android/dx/dex/DexOptions;Lcom/android/dx/dex/file/DexFile;)Lcom/android/dx/dex/file/ClassDefItem;+120
j  com.android.dx.dex.cf.CfTranslator.translate(Lcom/android/dx/cf/direct/DirectClassFile;[BLcom/android/dx/dex/cf/CfOptions;Lcom/android/dx/dex/DexOptions;Lcom/android/dx/dex/file/DexFile;)Lcom/android/dx/dex/file/ClassDefItem;+6
j  com.android.dx.command.dexer.Main.translateClass([BLcom/android/dx/cf/direct/DirectClassFile;)Lcom/android/dx/dex/file/ClassDefItem;+17
j  com.android.dx.command.dexer.Main.access$2700([BLcom/android/dx/cf/direct/DirectClassFile;)Lcom/android/dx/dex/file/ClassDefItem;+2
j  com.android.dx.command.dexer.Main$ClassTranslatorTask.call()Lcom/android/dx/dex/file/ClassDefItem;+8
j  com.android.dx.command.dexer.Main$ClassTranslatorTask.call()Ljava/lang/Object;+1
j  java.util.concurrent.FutureTask.run()V+42
j  java.util.concurrent.ThreadPoolExecutor$CallerRunsPolicy.rejectedExecution(Ljava/lang/Runnable;Ljava/util/concurrent/ThreadPoolExecutor;)V+8
j  java.util.concurrent.ThreadPoolExecutor.reject(Ljava/lang/Runnable;)V+6
j  java.util.concurrent.ThreadPoolExecutor.execute(Ljava/lang/Runnable;)V+128
j  java.util.concurrent.AbstractExecutorService.submit(Ljava/util/concurrent/Callable;)Ljava/util/concurrent/Future;+20
j  com.android.dx.command.dexer.Main$DirectClassFileConsumer.call(Lcom/android/dx/cf/direct/DirectClassFile;)Ljava/lang/Boolean;+295
j  com.android.dx.command.dexer.Main$DirectClassFileConsumer.access$700(Lcom/android/dx/command/dexer/Main$DirectClassFileConsumer;Lcom/android/dx/cf/direct/DirectClassFile;)Ljava/lang/Boolean;+2
j  com.android.dx.command.dexer.Main.processClass(Ljava/lang/String;[B)Z+37
j  com.android.dx.command.dexer.Main.processFileBytes(Ljava/lang/String;J[B)Z+188
j  com.android.dx.command.dexer.Main.access$1200(Ljava/lang/String;J[B)Z+3
j  com.android.dx.command.dexer.Main$FileBytesConsumer.processFileBytes(Ljava/lang/String;J[B)Z+4
j  com.android.dx.cf.direct.ClassPathOpener.processArchive(Ljava/io/File;)Z+203
j  com.android.dx.cf.direct.ClassPathOpener.processOne(Ljava/io/File;Z)Z+48
j  com.android.dx.cf.direct.ClassPathOpener.process()Z+15
j  com.android.dx.command.dexer.Main.processOne(Ljava/lang/String;Lcom/android/dx/cf/direct/ClassPathOpener$FileNameFilter;)V+20
j  com.android.dx.command.dexer.Main.processAllFiles()Z+272
j  com.android.dx.command.dexer.Main.runMonoDex()I+58
j  com.android.dx.command.dexer.Main.run(Lcom/android/dx/command/dexer/Main$Arguments;)I+76
j  com.android.dx.command.dexer.Main.main([Ljava/lang/String;)V+14
j  com.android.dx.command.Main.main([Ljava/lang/String;)V+61
v  ~StubRoutines::call_stub
V  [libjvm.so+0x68f6b6]  JavaCalls::call_helper(JavaValue*, methodHandle*, JavaCallArguments*, Thread*)+0x1056
V  [libjvm.so+0x6d0d42]  jni_invoke_static(JNIEnv_*, JavaValue*, _jobject*, JNICallType, _jmethodID*, JNI_ArgumentPusher*, Thread*)+0x362
V  [libjvm.so+0x6ed5aa]  jni_CallStaticVoidMethod+0x17a
C  [libjli.so+0x7bdf]  JavaMain+0x81f
C  [libpthread.so.0+0x7e9a]  start_thread+0xda


---------------  P R O C E S S  ---------------

Java Threads: ( => current thread )
  0x00007f81c8152800 JavaThread "pool-1-thread-4" [_thread_in_Java, id=3201, stack(0x00007f81b2b0e000,0x00007f81b2c0f000)]
  0x00007f81c8150800 JavaThread "pool-1-thread-3" [_thread_in_Java, id=3200, stack(0x00007f81b2c0f000,0x00007f81b2d10000)]
  0x00007f81c814f800 JavaThread "pool-1-thread-2" [_thread_in_Java, id=3199, stack(0x00007f81b2d10000,0x00007f81b2e11000)]
  0x00007f81c8143000 JavaThread "pool-2-thread-1" [_thread_blocked, id=3198, stack(0x00007f81b2e11000,0x00007f81b2f12000)]
  0x00007f81c8141000 JavaThread "pool-1-thread-1" [_thread_in_Java, id=3197, stack(0x00007f81b2f12000,0x00007f81b3013000)]
  0x00007f81c80ba000 JavaThread "Service Thread" daemon [_thread_blocked, id=3194, stack(0x00007f81b3114000,0x00007f81b3215000)]
  0x00007f81c80b7800 JavaThread "C1 CompilerThread1" daemon [_thread_in_vm, id=3193, stack(0x00007f81b3215000,0x00007f81b3316000)]
  0x00007f81c80b4800 JavaThread "C2 CompilerThread0" daemon [_thread_in_native, id=3192, stack(0x00007f81b3316000,0x00007f81b3417000)]
  0x00007f81c80b3000 JavaThread "Signal Dispatcher" daemon [_thread_blocked, id=3191, stack(0x00007f81b3417000,0x00007f81b3518000)]
  0x00007f81c8080000 JavaThread "Finalizer" daemon [_thread_blocked, id=3190, stack(0x00007f81b3bfc000,0x00007f81b3cfd000)]
  0x00007f81c807b800 JavaThread "Reference Handler" daemon [_thread_blocked, id=3189, stack(0x00007f81b3cfd000,0x00007f81b3dfe000)]
=>0x00007f81c800a000 JavaThread "main" [_thread_in_Java, id=3184, stack(0x00007f81d1d5f000,0x00007f81d1e60000)]

Other Threads:
  0x00007f81c8073800 VMThread [stack: 0x00007f81b3dfe000,0x00007f81b3eff000] [id=3188]
  0x00007f81c80bd000 WatcherThread [stack: 0x00007f81b3013000,0x00007f81b3114000] [id=3195]

VM state:not at safepoint (normal execution)

VM Mutex/Monitor currently owned by a thread: None

Heap:
 PSYoungGen      total 26112K, used 19667K [0x00000000eab00000, 0x00000000ec600000, 0x0000000100000000)
  eden space 24576K, 73% used [0x00000000eab00000,0x00000000ebcbccb8,0x00000000ec300000)
  from space 1536K, 97% used [0x00000000ec480000,0x00000000ec5f8078,0x00000000ec600000)
  to   space 1536K, 0% used [0x00000000ec300000,0x00000000ec300000,0x00000000ec480000)
 ParOldGen       total 31744K, used 7134K [0x00000000c0000000, 0x00000000c1f00000, 0x00000000eab00000)
  object space 31744K, 22% used [0x00000000c0000000,0x00000000c06f78d0,0x00000000c1f00000)
 Metaspace       used 5815K, capacity 6768K, committed 7040K, reserved 1056768K
  class space    used 593K, capacity 616K, committed 640K, reserved 1048576K

Card table byte_map: [0x00007f81ce924000,0x00007f81ceb25000] byte_map_base: 0x00007f81ce324000

Marking Bits: (ParMarkBitMap*) 0x00007f81d123b120
 Begin Bits: [0x00007f81cc5cc000, 0x00007f81cd5cc000)
 End Bits:   [0x00007f81cd5cc000, 0x00007f81ce5cc000)

Polling page: 0x00007f81d1e7c000

CodeCache: size=245760Kb used=3171Kb max_used=3182Kb free=242588Kb
 bounds [0x00007f81b9000000, 0x00007f81b9320000, 0x00007f81c8000000]
 total_blobs=1135 nmethods=869 adapters=182
 compilation: enabled

Compilation events (10 events):
Event: 4.988 Thread 0x00007f81c80b7800 nmethod 1100 0x00007f81b9317bd0 code [0x00007f81b9317d60, 0x00007f81b9318058]
Event: 4.988 Thread 0x00007f81c80b7800 1043       2       java.util.BitSet::nextClearBit (116 bytes)
Event: 4.990 Thread 0x00007f81c80b7800 nmethod 1043 0x00007f81b9318250 code [0x00007f81b9318420, 0x00007f81b9318998]
Event: 4.990 Thread 0x00007f81c80b7800 1044       2       com.android.dx.ssa.back.FirstFitLocalCombiningAllocator::getAlignment (32 bytes)
Event: 4.990 Thread 0x00007f81c80b7800 nmethod 1044 0x00007f81b9318d90 code [0x00007f81b9318f00, 0x00007f81b93190b0]
Event: 4.990 Thread 0x00007f81c80b7800 1057       2       com.android.dx.ssa.back.FirstFitLocalCombiningAllocator$Alignment$3::nextClearBit (6 bytes)
Event: 4.991 Thread 0x00007f81c80b7800 nmethod 1057 0x00007f81b9319150 code [0x00007f81b93192c0, 0x00007f81b9319448]
Event: 4.991 Thread 0x00007f81c80b7800 1097       2       com.android.dx.util.BitIntSet::merge (148 bytes)
Event: 5.014 Thread 0x00007f81c80b4800 nmethod 994 0x00007f81b931bb10 code [0x00007f81b931bd40, 0x00007f81b931cc10]
Event: 5.014 Thread 0x00007f81c80b4800 1073 %     4       java.util.BitSet::cardinality @ 4 (32 bytes)

GC Heap History (8 events):
Event: 0.726 GC heap before
{Heap before GC invocations=1 (full 0):
 PSYoungGen      total 13824K, used 12288K [0x00000000eab00000, 0x00000000eba00000, 0x0000000100000000)
  eden space 12288K, 100% used [0x00000000eab00000,0x00000000eb700000,0x00000000eb700000)
  from space 1536K, 0% used [0x00000000eb880000,0x00000000eb880000,0x00000000eba00000)
  to   space 1536K, 0% used [0x00000000eb700000,0x00000000eb700000,0x00000000eb880000)
 ParOldGen       total 31744K, used 0K [0x00000000c0000000, 0x00000000c1f00000, 0x00000000eab00000)
  object space 31744K, 0% used [0x00000000c0000000,0x00000000c0000000,0x00000000c1f00000)
 Metaspace       used 3345K, capacity 4720K, committed 4864K, reserved 1056768K
  class space    used 359K, capacity 424K, committed 512K, reserved 1048576K
Event: 0.731 GC heap after
Heap after GC invocations=1 (full 0):
 PSYoungGen      total 13824K, used 829K [0x00000000eab00000, 0x00000000eba00000, 0x0000000100000000)
  eden space 12288K, 0% used [0x00000000eab00000,0x00000000eab00000,0x00000000eb700000)
  from space 1536K, 54% used [0x00000000eb700000,0x00000000eb7cf640,0x00000000eb880000)
  to   space 1536K, 0% used [0x00000000eb880000,0x00000000eb880000,0x00000000eba00000)
 ParOldGen       total 31744K, used 0K [0x00000000c0000000, 0x00000000c1f00000, 0x00000000eab00000)
  object space 31744K, 0% used [0x00000000c0000000,0x00000000c0000000,0x00000000c1f00000)
 Metaspace       used 3345K, capacity 4720K, committed 4864K, reserved 1056768K
  class space    used 359K, capacity 424K, committed 512K, reserved 1048576K
}
Event: 2.359 GC heap before
{Heap before GC invocations=2 (full 0):
 PSYoungGen      total 13824K, used 13117K [0x00000000eab00000, 0x00000000eba00000, 0x0000000100000000)
  eden space 12288K, 100% used [0x00000000eab00000,0x00000000eb700000,0x00000000eb700000)
  from space 1536K, 54% used [0x00000000eb700000,0x00000000eb7cf640,0x00000000eb880000)
  to   space 1536K, 0% used [0x00000000eb880000,0x00000000eb880000,0x00000000eba00000)
 ParOldGen       total 31744K, used 0K [0x00000000c0000000, 0x00000000c1f00000, 0x00000000eab00000)
  object space 31744K, 0% used [0x00000000c0000000,0x00000000c0000000,0x00000000c1f00000)
 Metaspace       used 5603K, capacity 6640K, committed 6784K, reserved 1056768K
  class space    used 590K, capacity 616K, committed 640K, reserved 1048576K
Event: 2.389 GC heap after
Heap after GC invocations=2 (full 0):
 PSYoungGen      total 13824K, used 1514K [0x00000000eab00000, 0x00000000ec600000, 0x0000000100000000)
  eden space 12288K, 0% used [0x00000000eab00000,0x00000000eab00000,0x00000000eb700000)
  from space 1536K, 98% used [0x00000000eb880000,0x00000000eb9faa90,0x00000000eba00000)
  to   space 1536K, 0% used [0x00000000eb700000,0x00000000eb700000,0x00000000eb880000)
 ParOldGen       total 31744K, used 2071K [0x00000000c0000000, 0x00000000c1f00000, 0x00000000eab00000)
  object space 31744K, 6% used [0x00000000c0000000,0x00000000c0205c90,0x00000000c1f00000)
 Metaspace       used 5603K, capacity 6640K, committed 6784K, reserved 1056768K
  class space    used 590K, capacity 616K, committed 640K, reserved 1048576K
}
Event: 3.575 GC heap before
{Heap before GC invocations=3 (full 0):
 PSYoungGen      total 13824K, used 13802K [0x00000000eab00000, 0x00000000ec600000, 0x0000000100000000)
  eden space 12288K, 100% used [0x00000000eab00000,0x00000000eb700000,0x00000000eb700000)
  from space 1536K, 98% used [0x00000000eb880000,0x00000000eb9faa90,0x00000000eba00000)
  to   space 1536K, 0% used [0x00000000eb700000,0x00000000eb700000,0x00000000eb880000)
 ParOldGen       total 31744K, used 2071K [0x00000000c0000000, 0x00000000c1f00000, 0x00000000eab00000)
  object space 31744K, 6% used [0x00000000c0000000,0x00000000c0205c90,0x00000000c1f00000)
 Metaspace       used 5748K, capacity 6768K, committed 7040K, reserved 1056768K
  class space    used 592K, capacity 616K, committed 640K, reserved 1048576K
Event: 3.620 GC heap after
Heap after GC invocations=3 (full 0):
 PSYoungGen      total 13824K, used 1504K [0x00000000eab00000, 0x00000000ec600000, 0x0000000100000000)
  eden space 12288K, 0% used [0x00000000eab00000,0x00000000eab00000,0x00000000eb700000)
  from space 1536K, 97% used [0x00000000eb700000,0x00000000eb878078,0x00000000eb880000)
  to   space 1536K, 0% used [0x00000000ec480000,0x00000000ec480000,0x00000000ec600000)
 ParOldGen       total 31744K, used 4515K [0x00000000c0000000, 0x00000000c1f00000, 0x00000000eab00000)
  object space 31744K, 14% used [0x00000000c0000000,0x00000000c0468d08,0x00000000c1f00000)
 Metaspace       used 5748K, capacity 6768K, committed 7040K, reserved 1056768K
  class space    used 592K, capacity 616K, committed 640K, reserved 1048576K
}
Event: 4.267 GC heap before
{Heap before GC invocations=4 (full 0):
 PSYoungGen      total 13824K, used 13792K [0x00000000eab00000, 0x00000000ec600000, 0x0000000100000000)
  eden space 12288K, 100% used [0x00000000eab00000,0x00000000eb700000,0x00000000eb700000)
  from space 1536K, 97% used [0x00000000eb700000,0x00000000eb878078,0x00000000eb880000)
  to   space 1536K, 0% used [0x00000000ec480000,0x00000000ec480000,0x00000000ec600000)
 ParOldGen       total 31744K, used 4515K [0x00000000c0000000, 0x00000000c1f00000, 0x00000000eab00000)
  object space 31744K, 14% used [0x00000000c0000000,0x00000000c0468d08,0x00000000c1f00000)
 Metaspace       used 5791K, capacity 6768K, committed 7040K, reserved 1056768K
  class space    used 593K, capacity 616K, committed 640K, reserved 1048576K
Event: 4.329 GC heap after
Heap after GC invocations=4 (full 0):
 PSYoungGen      total 26112K, used 1504K [0x00000000eab00000, 0x00000000ec600000, 0x0000000100000000)
  eden space 24576K, 0% used [0x00000000eab00000,0x00000000eab00000,0x00000000ec300000)
  from space 1536K, 97% used [0x00000000ec480000,0x00000000ec5f8078,0x00000000ec600000)
  to   space 1536K, 0% used [0x00000000ec300000,0x00000000ec300000,0x00000000ec480000)
 ParOldGen       total 31744K, used 7134K [0x00000000c0000000, 0x00000000c1f00000, 0x00000000eab00000)
  object space 31744K, 22% used [0x00000000c0000000,0x00000000c06f78d0,0x00000000c1f00000)
 Metaspace       used 5791K, capacity 6768K, committed 7040K, reserved 1056768K
  class space    used 593K, capacity 616K, committed 640K, reserved 1048576K
}

Deoptimization events (3 events):
Event: 1.341 Thread 0x00007f81c800a000 Uncommon trap: reason=unstable_if action=reinterpret pc=0x00007f81b9146208 method=java.lang.String.indexOf(II)I @ 49
Event: 2.223 Thread 0x00007f81c8141000 Uncommon trap: reason=unstable_if action=reinterpret pc=0x00007f81b91fd250 method=java.util.HashMap.getNode(ILjava/lang/Object;)Ljava/util/HashMap$Node; @ 62
Event: 2.797 Thread 0x00007f81c800a000 Uncommon trap: reason=unstable_if action=reinterpret pc=0x00007f81b9208dec method=java.util.BitSet.nextSetBit(I)I @ 87

Internal exceptions (2 events):
Event: 0.101 Thread 0x00007f81c800a000 Exception <a 'java/lang/NoSuchMethodError': Method sun.misc.Unsafe.defineClass(Ljava/lang/String;[BII)Ljava/lang/Class; name or signature does not match> (0x00000000eab07cc0) thrown at [/HUDSON3/workspace/8-2-build-linux-amd64/jdk8u101/7261/hotspot/src/sh
Event: 0.101 Thread 0x00007f81c800a000 Exception <a 'java/lang/NoSuchMethodError': Method sun.misc.Unsafe.prefetchRead(Ljava/lang/Object;J)V name or signature does not match> (0x00000000eab07fa8) thrown at [/HUDSON3/workspace/8-2-build-linux-amd64/jdk8u101/7261/hotspot/src/share/vm/prims/jni.c

Events (10 events):
Event: 3.648 loading class java/util/HashMap$Values
Event: 3.648 loading class java/util/HashMap$Values done
Event: 3.648 loading class java/util/HashMap$ValueIterator
Event: 3.648 loading class java/util/HashMap$ValueIterator done
Event: 3.657 Thread 0x00007f81c8150800 DEOPT PACKING pc=0x00007f81b923a38b sp=0x00007f81b2d0df60
Event: 3.657 Thread 0x00007f81c8150800 DEOPT UNPACKING pc=0x00007f81b9046f73 sp=0x00007f81b2d0dcd8 mode 0
Event: 4.252 Executing VM operation: ParallelGCFailedAllocation
Event: 4.330 Executing VM operation: ParallelGCFailedAllocation done
Event: 4.719 Thread 0x00007f81c8150800 DEOPT PACKING pc=0x00007f81b92eee48 sp=0x00007f81b2d0df00
Event: 4.720 Thread 0x00007f81c8150800 DEOPT UNPACKING pc=0x00007f81b9046f73 sp=0x00007f81b2d0dc88 mode 0


Dynamic libraries:
00400000-00401000 r-xp 00000000 08:01 3279757                            /usr/lib/jvm/java-8-oracle/bin/java
00600000-00601000 rw-p 00000000 08:01 3279757                            /usr/lib/jvm/java-8-oracle/bin/java
021d5000-021f6000 rw-p 00000000 00:00 0                                  [heap]
c0000000-c1f00000 rw-p 00000000 00:00 0 
c1f00000-eab00000 ---p 00000000 00:00 0 
eab00000-ec600000 rw-p 00000000 00:00 0 
ec600000-100000000 ---p 00000000 00:00 0 
100000000-1000a0000 rw-p 00000000 00:00 0 
1000a0000-140000000 ---p 00000000 00:00 0 
7f8178000000-7f8178021000 rw-p 00000000 00:00 0 
7f8178021000-7f817c000000 ---p 00000000 00:00 0 
7f8180000000-7f8180021000 rw-p 00000000 00:00 0 
7f8180021000-7f8184000000 ---p 00000000 00:00 0 
7f8184000000-7f8184021000 rw-p 00000000 00:00 0 
7f8184021000-7f8188000000 ---p 00000000 00:00 0 
7f8188000000-7f8188021000 rw-p 00000000 00:00 0 
7f8188021000-7f818c000000 ---p 00000000 00:00 0 
7f818c000000-7f818c021000 rw-p 00000000 00:00 0 
7f818c021000-7f8190000000 ---p 00000000 00:00 0 
7f8190000000-7f819060e000 rw-p 00000000 00:00 0 
7f819060e000-7f8194000000 ---p 00000000 00:00 0 
7f8194000000-7f8194021000 rw-p 00000000 00:00 0 
7f8194021000-7f8198000000 ---p 00000000 00:00 0 
7f8198000000-7f8198021000 rw-p 00000000 00:00 0 
7f8198021000-7f819c000000 ---p 00000000 00:00 0 
7f819c000000-7f819c30b000 rw-p 00000000 00:00 0 
7f819c30b000-7f81a0000000 ---p 00000000 00:00 0 
7f81a0000000-7f81a0021000 rw-p 00000000 00:00 0 
7f81a0021000-7f81a4000000 ---p 00000000 00:00 0 
7f81a4000000-7f81a4021000 rw-p 00000000 00:00 0 
7f81a4021000-7f81a8000000 ---p 00000000 00:00 0 
7f81a8000000-7f81a8021000 rw-p 00000000 00:00 0 
7f81a8021000-7f81ac000000 ---p 00000000 00:00 0 
7f81ac000000-7f81ac021000 rw-p 00000000 00:00 0 
7f81ac021000-7f81b0000000 ---p 00000000 00:00 0 
7f81b2b0e000-7f81b2b11000 ---p 00000000 00:00 0 
7f81b2b11000-7f81b2c0f000 rw-p 00000000 00:00 0                          [stack:3201]
7f81b2c0f000-7f81b2c12000 ---p 00000000 00:00 0 
7f81b2c12000-7f81b2d10000 rw-p 00000000 00:00 0                          [stack:3200]
7f81b2d10000-7f81b2d13000 ---p 00000000 00:00 0 
7f81b2d13000-7f81b2e11000 rw-p 00000000 00:00 0                          [stack:3199]
7f81b2e11000-7f81b2e14000 ---p 00000000 00:00 0 
7f81b2e14000-7f81b2f12000 rw-p 00000000 00:00 0                          [stack:3198]
7f81b2f12000-7f81b2f15000 ---p 00000000 00:00 0 
7f81b2f15000-7f81b3013000 rw-p 00000000 00:00 0                          [stack:3197]
7f81b3013000-7f81b3014000 ---p 00000000 00:00 0 
7f81b3014000-7f81b3114000 rw-p 00000000 00:00 0                          [stack:3195]
7f81b3114000-7f81b3117000 ---p 00000000 00:00 0 
7f81b3117000-7f81b3215000 rw-p 00000000 00:00 0                          [stack:3194]
7f81b3215000-7f81b3218000 ---p 00000000 00:00 0 
7f81b3218000-7f81b3316000 rw-p 00000000 00:00 0                          [stack:3193]
7f81b3316000-7f81b3319000 ---p 00000000 00:00 0 
7f81b3319000-7f81b3417000 rw-p 00000000 00:00 0                          [stack:3192]
7f81b3417000-7f81b341a000 ---p 00000000 00:00 0 
7f81b341a000-7f81b3518000 rw-p 00000000 00:00 0                          [stack:3191]
7f81b3518000-7f81b3bfc000 r--p 00000000 08:01 13113697                   /usr/lib/locale/locale-archive
7f81b3bfc000-7f81b3bff000 ---p 00000000 00:00 0 
7f81b3bff000-7f81b3cfd000 rw-p 00000000 00:00 0                          [stack:3190]
7f81b3cfd000-7f81b3d00000 ---p 00000000 00:00 0 
7f81b3d00000-7f81b3dfe000 rw-p 00000000 00:00 0                          [stack:3189]
7f81b3dfe000-7f81b3dff000 ---p 00000000 00:00 0 
7f81b3dff000-7f81b4000000 rw-p 00000000 00:00 0                          [stack:3188]
7f81b4000000-7f81b4021000 rw-p 00000000 00:00 0 
7f81b4021000-7f81b8000000 ---p 00000000 00:00 0 
7f81b80e3000-7f81b80f9000 r--s 000f1000 08:01 10629100                   /home/lin/other/AndroidProjects/Radio/app/build/intermediates/exploded-aar/com.android.support/support-v4/23.4.0/jars/classes.jar
7f81b80f9000-7f81b8e40000 rw-p 00000000 00:00 0 
7f81b8e40000-7f81b9000000 ---p 00000000 00:00 0 
7f81b9000000-7f81b9320000 rwxp 00000000 00:00 0 
7f81b9320000-7f81c8000000 ---p 00000000 00:00 0 
7f81c8000000-7f81c8419000 rw-p 00000000 00:00 0 
7f81c8419000-7f81cc000000 ---p 00000000 00:00 0 
7f81cc00c000-7f81cc17d000 rw-p 00000000 00:00 0 
7f81cc17d000-7f81cc356000 r--s 03d29000 08:01 13118676                   /usr/lib/jvm/java-8-oracle/jre/lib/rt.jar
7f81cc356000-7f81ce5cc000 rw-p 00000000 00:00 0 
7f81ce5cc000-7f81ce5cd000 ---p 00000000 00:00 0 
7f81ce5cd000-7f81ce6cd000 rw-p 00000000 00:00 0                          [stack:3187]
7f81ce6cd000-7f81ce6ce000 ---p 00000000 00:00 0 
7f81ce6ce000-7f81ce7de000 rw-p 00000000 00:00 0                          [stack:3186]
7f81ce7de000-7f81ce924000 ---p 00000000 00:00 0 
7f81ce924000-7f81ce934000 rw-p 00000000 00:00 0 
7f81ce934000-7f81cea79000 ---p 00000000 00:00 0 
7f81cea79000-7f81cea87000 rw-p 00000000 00:00 0 
7f81cea87000-7f81ceb24000 ---p 00000000 00:00 0 
7f81ceb24000-7f81ceb32000 rw-p 00000000 00:00 0 
7f81ceb32000-7f81ceee5000 ---p 00000000 00:00 0 
7f81ceee5000-7f81ceeff000 r-xp 00000000 08:01 13766358                   /usr/lib/jvm/java-8-oracle/jre/lib/amd64/libzip.so
7f81ceeff000-7f81cf0ff000 ---p 0001a000 08:01 13766358                   /usr/lib/jvm/java-8-oracle/jre/lib/amd64/libzip.so
7f81cf0ff000-7f81cf100000 rw-p 0001a000 08:01 13766358                   /usr/lib/jvm/java-8-oracle/jre/lib/amd64/libzip.so
7f81cf100000-7f81cf10b000 r-xp 00000000 08:01 2621673                    /lib/x86_64-linux-gnu/libnss_files-2.15.so
7f81cf10b000-7f81cf30a000 ---p 0000b000 08:01 2621673                    /lib/x86_64-linux-gnu/libnss_files-2.15.so
7f81cf30a000-7f81cf30b000 r--p 0000a000 08:01 2621673                    /lib/x86_64-linux-gnu/libnss_files-2.15.so
7f81cf30b000-7f81cf30c000 rw-p 0000b000 08:01 2621673                    /lib/x86_64-linux-gnu/libnss_files-2.15.so
7f81cf30c000-7f81cf316000 r-xp 00000000 08:01 2621658                    /lib/x86_64-linux-gnu/libnss_nis-2.15.so
7f81cf316000-7f81cf516000 ---p 0000a000 08:01 2621658                    /lib/x86_64-linux-gnu/libnss_nis-2.15.so
7f81cf516000-7f81cf517000 r--p 0000a000 08:01 2621658                    /lib/x86_64-linux-gnu/libnss_nis-2.15.so
7f81cf517000-7f81cf518000 rw-p 0000b000 08:01 2621658                    /lib/x86_64-linux-gnu/libnss_nis-2.15.so
7f81cf518000-7f81cf52f000 r-xp 00000000 08:01 2621667                    /lib/x86_64-linux-gnu/libnsl-2.15.so
7f81cf52f000-7f81cf72e000 ---p 00017000 08:01 2621667                    /lib/x86_64-linux-gnu/libnsl-2.15.so
7f81cf72e000-7f81cf72f000 r--p 00016000 08:01 2621667                    /lib/x86_64-linux-gnu/libnsl-2.15.so
7f81cf72f000-7f81cf730000 rw-p 00017000 08:01 2621667                    /lib/x86_64-linux-gnu/libnsl-2.15.so
7f81cf730000-7f81cf732000 rw-p 00000000 00:00 0 
7f81cf732000-7f81cf73a000 r-xp 00000000 08:01 2621672                    /lib/x86_64-linux-gnu/libnss_compat-2.15.so
7f81cf73a000-7f81cf939000 ---p 00008000 08:01 2621672                    /lib/x86_64-linux-gnu/libnss_compat-2.15.so
7f81cf939000-7f81cf93a000 r--p 00007000 08:01 2621672                    /lib/x86_64-linux-gnu/libnss_compat-2.15.so
7f81cf93a000-7f81cf93b000 rw-p 00008000 08:01 2621672                    /lib/x86_64-linux-gnu/libnss_compat-2.15.so
7f81cf93b000-7f81cf965000 r-xp 00000000 08:01 13766323                   /usr/lib/jvm/java-8-oracle/jre/lib/amd64/libjava.so
7f81cf965000-7f81cfb65000 ---p 0002a000 08:01 13766323                   /usr/lib/jvm/java-8-oracle/jre/lib/amd64/libjava.so
7f81cfb65000-7f81cfb67000 rw-p 0002a000 08:01 13766323                   /usr/lib/jvm/java-8-oracle/jre/lib/amd64/libjava.so
7f81cfb67000-7f81cfb74000 r-xp 00000000 08:01 13766361                   /usr/lib/jvm/java-8-oracle/jre/lib/amd64/libverify.so
7f81cfb74000-7f81cfd74000 ---p 0000d000 08:01 13766361                   /usr/lib/jvm/java-8-oracle/jre/lib/amd64/libverify.so
7f81cfd74000-7f81cfd76000 rw-p 0000d000 08:01 13766361                   /usr/lib/jvm/java-8-oracle/jre/lib/amd64/libverify.so
7f81cfd76000-7f81cfd7d000 r-xp 00000000 08:01 2621660                    /lib/x86_64-linux-gnu/librt-2.15.so
7f81cfd7d000-7f81cff7c000 ---p 00007000 08:01 2621660                    /lib/x86_64-linux-gnu/librt-2.15.so
7f81cff7c000-7f81cff7d000 r--p 00006000 08:01 2621660                    /lib/x86_64-linux-gnu/librt-2.15.so
7f81cff7d000-7f81cff7e000 rw-p 00007000 08:01 2621660                    /lib/x86_64-linux-gnu/librt-2.15.so
7f81cff7e000-7f81d0079000 r-xp 00000000 08:01 2621674                    /lib/x86_64-linux-gnu/libm-2.15.so
7f81d0079000-7f81d0278000 ---p 000fb000 08:01 2621674                    /lib/x86_64-linux-gnu/libm-2.15.so
7f81d0278000-7f81d0279000 r--p 000fa000 08:01 2621674                    /lib/x86_64-linux-gnu/libm-2.15.so
7f81d0279000-7f81d027a000 rw-p 000fb000 08:01 2621674                    /lib/x86_64-linux-gnu/libm-2.15.so
7f81d027a000-7f81d0f45000 r-xp 00000000 08:01 13894575                   /usr/lib/jvm/java-8-oracle/jre/lib/amd64/server/libjvm.so
7f81d0f45000-7f81d1144000 ---p 00ccb000 08:01 13894575                   /usr/lib/jvm/java-8-oracle/jre/lib/amd64/server/libjvm.so
7f81d1144000-7f81d121d000 rw-p 00cca000 08:01 13894575                   /usr/lib/jvm/java-8-oracle/jre/lib/amd64/server/libjvm.so
7f81d121d000-7f81d1268000 rw-p 00000000 00:00 0 
7f81d1268000-7f81d141c000 r-xp 00000000 08:01 2621665                    /lib/x86_64-linux-gnu/libc-2.15.so
7f81d141c000-7f81d161b000 ---p 001b4000 08:01 2621665                    /lib/x86_64-linux-gnu/libc-2.15.so
7f81d161b000-7f81d161f000 r--p 001b3000 08:01 2621665                    /lib/x86_64-linux-gnu/libc-2.15.so
7f81d161f000-7f81d1621000 rw-p 001b7000 08:01 2621665                    /lib/x86_64-linux-gnu/libc-2.15.so
7f81d1621000-7f81d1626000 rw-p 00000000 00:00 0 
7f81d1626000-7f81d1628000 r-xp 00000000 08:01 2621657                    /lib/x86_64-linux-gnu/libdl-2.15.so
7f81d1628000-7f81d1828000 ---p 00002000 08:01 2621657                    /lib/x86_64-linux-gnu/libdl-2.15.so
7f81d1828000-7f81d1829000 r--p 00002000 08:01 2621657                    /lib/x86_64-linux-gnu/libdl-2.15.so
7f81d1829000-7f81d182a000 rw-p 00003000 08:01 2621657                    /lib/x86_64-linux-gnu/libdl-2.15.so
7f81d182a000-7f81d183f000 r-xp 00000000 08:01 2627921                    /usr/lib/jvm/java-8-oracle/lib/amd64/jli/libjli.so
7f81d183f000-7f81d1a3f000 ---p 00015000 08:01 2627921                    /usr/lib/jvm/java-8-oracle/lib/amd64/jli/libjli.so
7f81d1a3f000-7f81d1a40000 rw-p 00015000 08:01 2627921                    /usr/lib/jvm/java-8-oracle/lib/amd64/jli/libjli.so
7f81d1a40000-7f81d1a58000 r-xp 00000000 08:01 2621668                    /lib/x86_64-linux-gnu/libpthread-2.15.so
7f81d1a58000-7f81d1c57000 ---p 00018000 08:01 2621668                    /lib/x86_64-linux-gnu/libpthread-2.15.so
7f81d1c57000-7f81d1c58000 r--p 00017000 08:01 2621668                    /lib/x86_64-linux-gnu/libpthread-2.15.so
7f81d1c58000-7f81d1c59000 rw-p 00018000 08:01 2621668                    /lib/x86_64-linux-gnu/libpthread-2.15.so
7f81d1c59000-7f81d1c5d000 rw-p 00000000 00:00 0 
7f81d1c5d000-7f81d1c7f000 r-xp 00000000 08:01 2621671                    /lib/x86_64-linux-gnu/ld-2.15.so
7f81d1c83000-7f81d1d5f000 rw-p 00000000 00:00 0 
7f81d1d5f000-7f81d1d62000 ---p 00000000 00:00 0 
7f81d1d62000-7f81d1e64000 rw-p 00000000 00:00 0                          [stack:3184]
7f81d1e64000-7f81d1e73000 r--s 000df000 08:01 9309217                    /home/lin/Android/Sdk/build-tools/23.0.3/lib/dx.jar
7f81d1e73000-7f81d1e7b000 rw-s 00000000 08:01 4850127                    /tmp/hsperfdata_lin/3180
7f81d1e7b000-7f81d1e7c000 rw-p 00000000 00:00 0 
7f81d1e7c000-7f81d1e7d000 r--p 00000000 00:00 0 
7f81d1e7d000-7f81d1e7f000 rw-p 00000000 00:00 0 
7f81d1e7f000-7f81d1e80000 r--p 00022000 08:01 2621671                    /lib/x86_64-linux-gnu/ld-2.15.so
7f81d1e80000-7f81d1e82000 rw-p 00023000 08:01 2621671                    /lib/x86_64-linux-gnu/ld-2.15.so
7ffe04ec6000-7ffe04ee7000 rw-p 00000000 00:00 0                          [stack]
7ffe04f31000-7ffe04f33000 r-xp 00000000 00:00 0                          [vdso]
ffffffffff600000-ffffffffff601000 r-xp 00000000 00:00 0                  [vsyscall]

VM Arguments:
jvm_args: -Djava.awt.headless=true -Xmx1024M -Dfile.encoding=UTF-8 -Duser.country=US -Duser.language=en -Duser.variant 
java_command: com.android.dx.command.Main --dex --num-threads=4 --output /home/lin/other/AndroidProjects/Radio/app/build/intermediates/pre-dexed/debug/com.android.support-support-v4-23.4.0_ac3bdcdce9bb63a2e369af28a6b233d87e981259.jar /home/lin/other/AndroidProjects/Radio/app/build/intermediates/exploded-aar/com.android.support/support-v4/23.4.0/jars/classes.jar
java_class_path (initial): /home/lin/Android/Sdk/build-tools/23.0.3/lib/dx.jar
Launcher Type: SUN_STANDARD

Environment Variables:
PATH=/usr/lib/lightdm/lightdm:/usr/local/sbin:/usr/local/bin:/usr/sbin:/usr/bin:/sbin:/bin:/usr/games
LD_LIBRARY_PATH=/opt/android-studio/bin:
SHELL=/bin/bash
DISPLAY=:0.0

Signal Handlers:
SIGSEGV: [libjvm.so+0xac4790], sa_mask[0]=11111111011111111101111111111110, sa_flags=SA_RESTART|SA_SIGINFO
SIGBUS: [libjvm.so+0xac4790], sa_mask[0]=11111111011111111101111111111110, sa_flags=SA_RESTART|SA_SIGINFO
SIGFPE: [libjvm.so+0x91f140], sa_mask[0]=11111111011111111101111111111110, sa_flags=SA_RESTART|SA_SIGINFO
SIGPIPE: [libjvm.so+0x91f140], sa_mask[0]=11111111011111111101111111111110, sa_flags=SA_RESTART|SA_SIGINFO
SIGXFSZ: [libjvm.so+0x91f140], sa_mask[0]=11111111011111111101111111111110, sa_flags=SA_RESTART|SA_SIGINFO
SIGILL: [libjvm.so+0x91f140], sa_mask[0]=11111111011111111101111111111110, sa_flags=SA_RESTART|SA_SIGINFO
SIGUSR1: SIG_DFL, sa_mask[0]=00000000000000000000000000000000, sa_flags=none
SIGUSR2: [libjvm.so+0x920770], sa_mask[0]=00100000000000000000000000000000, sa_flags=SA_RESTART|SA_SIGINFO
SIGHUP: [libjvm.so+0x921b70], sa_mask[0]=11111111011111111101111111111110, sa_flags=SA_RESTART|SA_SIGINFO
SIGINT: [libjvm.so+0x921b70], sa_mask[0]=11111111011111111101111111111110, sa_flags=SA_RESTART|SA_SIGINFO
SIGTERM: [libjvm.so+0x921b70], sa_mask[0]=11111111011111111101111111111110, sa_flags=SA_RESTART|SA_SIGINFO
SIGQUIT: [libjvm.so+0x921b70], sa_mask[0]=11111111011111111101111111111110, sa_flags=SA_RESTART|SA_SIGINFO


---------------  S Y S T E M  ---------------

OS:DISTRIB_ID=Ubuntu
DISTRIB_RELEASE=12.04
DISTRIB_CODENAME=precise
DISTRIB_DESCRIPTION="Ubuntu 12.04.5 LTS"

uname:Linux 3.13.0-93-generic #140~precise1-Ubuntu SMP Tue Jul 19 19:55:11 UTC 2016 x86_64
libc:glibc 2.15 NPTL 2.15 
rlimit: STACK 8192k, CORE 0k, NPROC 22873, NOFILE 4096, AS infinity
load average:8.17 3.90 1.75

/proc/meminfo:
MemTotal:        2948840 kB
MemFree:          198604 kB
Buffers:           34088 kB
Cached:           803224 kB
SwapCached:            0 kB
Active:          1995676 kB
Inactive:         596912 kB
Active(anon):    1570492 kB
Inactive(anon):   277004 kB
Active(file):     425184 kB
Inactive(file):   319908 kB
Unevictable:           0 kB
Mlocked:               0 kB
SwapTotal:       3008508 kB
SwapFree:        3008412 kB
Dirty:              1812 kB
Writeback:             0 kB
AnonPages:       1755276 kB
Mapped:           170240 kB
Shmem:             92220 kB
Slab:              76660 kB
SReclaimable:      52704 kB
SUnreclaim:        23956 kB
KernelStack:        4160 kB
PageTables:        27960 kB
NFS_Unstable:          0 kB
Bounce:                0 kB
WritebackTmp:          0 kB
CommitLimit:     4482928 kB
Committed_AS:    4179200 kB
VmallocTotal:   34359738367 kB
VmallocUsed:      346400 kB
VmallocChunk:   34359384156 kB
HardwareCorrupted:     0 kB
AnonHugePages:    616448 kB
HugePages_Total:       0
HugePages_Free:        0
HugePages_Rsvd:        0
HugePages_Surp:        0
Hugepagesize:       2048 kB
DirectMap4k:       61828 kB
DirectMap2M:     2949120 kB


CPU:total 2 (2 cores per cpu, 1 threads per core) family 6 model 15 stepping 13, cmov, cx8, fxsr, mmx, sse, sse2, sse3, ssse3, tsc

/proc/cpuinfo:
processor	: 0
vendor_id	: GenuineIntel
cpu family	: 6
model		: 15
model name	: Genuine Intel(R) CPU           T1600  @ 1.66GHz
stepping	: 13
microcode	: 0xa3
cpu MHz		: 1662.448
cache size	: 1024 KB
physical id	: 0
siblings	: 2
core id		: 0
cpu cores	: 2
apicid		: 0
initial apicid	: 0
fpu		: yes
fpu_exception	: yes
cpuid level	: 10
wp		: yes
flags		: fpu vme de pse tsc msr pae mce cx8 apic sep mtrr pge mca cmov pat pse36 clflush dts acpi mmx fxsr sse sse2 ss ht tm pbe syscall nx lm constant_tsc arch_perfmon pebs bts rep_good nopl aperfmperf pni dtes64 monitor ds_cpl tm2 ssse3 cx16 xtpr pdcm lahf_lm dtherm
bogomips	: 3324.89
clflush size	: 64
cache_alignment	: 64
address sizes	: 36 bits physical, 48 bits virtual
power management:

processor	: 1
vendor_id	: GenuineIntel
cpu family	: 6
model		: 15
model name	: Genuine Intel(R) CPU           T1600  @ 1.66GHz
stepping	: 13
microcode	: 0xa3
cpu MHz		: 1662.448
cache size	: 1024 KB
physical id	: 0
siblings	: 2
core id		: 1
cpu cores	: 2
apicid		: 1
initial apicid	: 1
fpu		: yes
fpu_exception	: yes
cpuid level	: 10
wp		: yes
flags		: fpu vme de pse tsc msr pae mce cx8 apic sep mtrr pge mca cmov pat pse36 clflush dts acpi mmx fxsr sse sse2 ss ht tm pbe syscall nx lm constant_tsc arch_perfmon pebs bts rep_good nopl aperfmperf pni dtes64 monitor ds_cpl tm2 ssse3 cx16 xtpr pdcm lahf_lm dtherm
bogomips	: 3324.89
clflush size	: 64
cache_alignment	: 64
address sizes	: 36 bits physical, 48 bits virtual
power management:



Memory: 4k page, physical 2948840k(198604k free), swap 3008508k(3008412k free)

vm_info: Java HotSpot(TM) 64-Bit Server VM (25.101-b13) for linux-amd64 JRE (1.8.0_101-b13), built on Jun 22 2016 02:59:44 by "java_re" with gcc 4.3.0 20080428 (Red Hat 4.3.0-8)

time: Tue Aug 16 08:28:54 2016
elapsed time: 5 seconds (0d 0h 0m 5s)

