#
# A fatal error has been detected by the Java Runtime Environment:
#
#  SIGSEGV (0xb) at pc=0x00007f96879f55a3, pid=3250, tid=0x00007f96854bb700
#
# JRE version: Java(TM) SE Runtime Environment (8.0_101-b13) (build 1.8.0_101-b13)
# Java VM: Java HotSpot(TM) 64-Bit Server VM (25.101-b13 mixed mode linux-amd64 compressed oops)
# Problematic frame:
# V  [libjvm.so+0x98c5a3]  oopDesc* PSPromotionManager::copy_to_survivor_space<false>(oopDesc*)+0x143
#
# Failed to write core dump. Core dumps have been disabled. To enable core dumping, try "ulimit -c unlimited" before starting Java again
#
# If you would like to submit a bug report, please visit:
#   http://bugreport.java.com/bugreport/crash.jsp
#

---------------  T H R E A D  ---------------

Current thread (0x00007f9680021000):  GCTaskThread [stack: 0x00007f96853bb000,0x00007f96854bc000] [id=3257]

siginfo: si_signo: 11 (SIGSEGV), si_code: 1 (SEGV_MAPERR), si_addr: 0x0000000000000008

Registers:
RAX=0x00007f9687ff6b90, RBX=0x00000000c0304a58, RCX=0x0000000000000003, RDX=0x0000000000000001
RSP=0x00007f96854baa40, RBP=0x00007f96854baab0, RSI=0x00000000eb84e930, RDI=0x0000000000000000
R8 =0x00000000c03a9ed8, R9 =0x000000b600000098, R10=0x00007f968801b059, R11=0x0000013100000112
R12=0x00000000eb84e930, R13=0x0000000000000000, R14=0x0000000000000000, R15=0x00007f9680071368
RIP=0x00007f96879f55a3, EFLAGS=0x0000000000010246, CSGSFS=0x0000000000000033, ERR=0x0000000000000004
  TRAPNO=0x000000000000000e

Top of Stack: (sp=0x00007f96854baa40)
0x00007f96854baa40:   0000000000000000 00007f968801b059
0x00007f96854baa50:   00007f9680071328 00007f9680071300
0x00007f96854baa60:   00000000c03a9cf0 0000000000000400
0x00007f96854baa70:   00007f96854baae0 00007f96854baaa0
0x00007f96854baa80:   00007f96854baab0 00000000c0304a58
0x00007f96854baa90:   00007f9680071300 00007f9687ff6b80
0x00007f96854baaa0:   0000000000000000 00007f9680071368
0x00007f96854baab0:   00007f96854baba0 00007f96879f4e28
0x00007f96854baac0:   00007f96854baae0 00007f96854bab30
0x00007f96854baad0:   00007f96854bab40 00007f96854bab00
0x00007f96854baae0:   00007f96854bab10 00007f96854bab60
0x00007f96854baaf0:   01007f96854babb0 00007f9680071398
0x00007f96854bab00:   00000000c030675d 00007f96874d24e4
0x00007f96854bab10:   00007f96800215e0 00007f96540ab5e0
0x00007f96854bab20:   00007f9680071300 0000000000000001
0x00007f96854bab30:   00007f96800215e0 00007f9687bb8ae5
0x00007f96854bab40:   00007f96854bac00 00007f96879f88b2
0x00007f96854bab50:   0000000000000000 00007f9687bb8af9
0x00007f96854bab60:   00000000c0304a59 00007f96854bab00
0x00007f96854bab70:   00007f9687fcdfd0 00007f96540ab6a0
0x00007f96854bab80:   00007f9680021000 0000000000000001
0x00007f96854bab90:   00007f96800215e0 00007f9687bb8b0b
0x00007f96854baba0:   00007f96854bac00 00007f96879f8ac0
0x00007f96854babb0:   00007f96540ab6a0 00007f9680071300
0x00007f96854babc0:   00007f96854bac00 00007f968763ee67
0x00007f96854babd0:   00007f96854bac00 00007f96540ab6a0
0x00007f96854babe0:   00007f9680021000 0000000000000001
0x00007f96854babf0:   00007f96800215e0 00007f9687bb8b0b
0x00007f96854bac00:   00007f96854bad10 00007f968763fb5f
0x00007f96854bac10:   0000000000000000 00007f96854bac50
0x00007f96854bac20:   00007f96854bacd0 0000000000000000
0x00007f96854bac30:   00007f9680021620 00007f9680021630 

Instructions: (pc=0x00007f96879f55a3)
0x00007f96879f5583:   83 e0 07 48 83 f8 05 75 d3 31 db eb d6 48 8b 05
0x00007f96879f5593:   f1 24 5e 00 8b 7e 08 8b 48 08 48 d3 e7 48 03 38
0x00007f96879f55a3:   8b 77 08 83 fe 00 0f 8f 0a ff ff ff 0f 85 4b 02
0x00007f96879f55b3:   00 00 0f 1f 00 48 8b 07 4c 89 e6 4c 89 55 98 ff 

Register to memory mapping:

RAX=0x00007f9687ff6b90: <offset 0xf8db90> in /usr/lib/jvm/java-8-oracle/jre/lib/amd64/server/libjvm.so at 0x00007f9687069000
RBX=0x00000000c0304a58 is pointing into object: 0x00000000c03049e8
java.lang.Class 
 - klass: 'java/lang/Class'
RCX=0x0000000000000003 is an unknown value
RDX=0x0000000000000001 is an unknown value
RSP=0x00007f96854baa40 is an unknown value
RBP=0x00007f96854baab0 is an unknown value
RSI=0x00000000eb84e930 is an unknown value
RDI=0x0000000000000000 is an unknown value
R8 =0x00000000c03a9ed8 is an oop
[I 
 - klass: {type array int}
 - length: 13
R9 =0x000000b600000098 is an unknown value
R10=0x00007f968801b059: <offset 0xfb2059> in /usr/lib/jvm/java-8-oracle/jre/lib/amd64/server/libjvm.so at 0x00007f9687069000
R11=0x0000013100000112 is an unknown value
R12=0x00000000eb84e930 is an unknown value
R13=0x0000000000000000 is an unknown value
R14=0x0000000000000000 is an unknown value
R15=0x00007f9680071368 is an unknown value


Stack: [0x00007f96853bb000,0x00007f96854bc000],  sp=0x00007f96854baa40,  free space=1022k
Native frames: (J=compiled Java code, j=interpreted, Vv=VM code, C=native code)
V  [libjvm.so+0x98c5a3]  oopDesc* PSPromotionManager::copy_to_survivor_space<false>(oopDesc*)+0x143
V  [libjvm.so+0x98be28]  PSPromotionManager::drain_stacks_depth(bool)+0x7e8
V  [libjvm.so+0x98fac0]  StealTask::do_it(GCTaskManager*, unsigned int)+0x30
V  [libjvm.so+0x5d6b5f]  GCTaskThread::run()+0x12f
V  [libjvm.so+0x924698]  java_start(Thread*)+0x108


---------------  P R O C E S S  ---------------

Java Threads: ( => current thread )
  0x00007f9680179000 JavaThread "pool-1-thread-4" [_thread_blocked, id=3276, stack(0x00007f966d90c000,0x00007f966da0d000)]
  0x00007f9680175800 JavaThread "pool-1-thread-3" [_thread_blocked, id=3275, stack(0x00007f966da0d000,0x00007f966db0e000)]
  0x00007f9680173800 JavaThread "pool-1-thread-2" [_thread_blocked, id=3274, stack(0x00007f966db0e000,0x00007f966dc0f000)]
  0x00007f9680167000 JavaThread "pool-2-thread-1" [_thread_blocked, id=3273, stack(0x00007f966dc0f000,0x00007f966dd10000)]
  0x00007f9680165000 JavaThread "pool-1-thread-1" [_thread_blocked, id=3272, stack(0x00007f966dd10000,0x00007f966de11000)]
  0x00007f96800cc000 JavaThread "Service Thread" daemon [_thread_blocked, id=3265, stack(0x00007f966df12000,0x00007f966e013000)]
  0x00007f96800b7800 JavaThread "C1 CompilerThread1" daemon [_thread_blocked, id=3264, stack(0x00007f966e013000,0x00007f966e114000)]
  0x00007f96800b4800 JavaThread "C2 CompilerThread0" daemon [_thread_in_native, id=3263, stack(0x00007f966e114000,0x00007f966e215000)]
  0x00007f96800b3000 JavaThread "Signal Dispatcher" daemon [_thread_blocked, id=3262, stack(0x00007f966e215000,0x00007f966e316000)]
  0x00007f9680080000 JavaThread "Finalizer" daemon [_thread_blocked, id=3261, stack(0x00007f966e9fa000,0x00007f966eafb000)]
  0x00007f968007b800 JavaThread "Reference Handler" daemon [_thread_blocked, id=3260, stack(0x00007f966eafb000,0x00007f966ebfc000)]
  0x00007f968000a000 JavaThread "main" [_thread_blocked, id=3255, stack(0x00007f9688b4e000,0x00007f9688c4f000)]

Other Threads:
  0x00007f9680073800 VMThread [stack: 0x00007f966ebfc000,0x00007f966ecfd000] [id=3259]
  0x00007f96800cf800 WatcherThread [stack: 0x00007f966de11000,0x00007f966df12000] [id=3266]

=>0x00007f9680021000 (exited) GCTaskThread [stack: 0x00007f96853bb000,0x00007f96854bc000] [id=3257]

VM state:at safepoint (normal execution)

VM Mutex/Monitor currently owned by a thread:  ([mutex/lock_event])
[0x00007f9680006500] Threads_lock - owner thread: 0x00007f9680073800
[0x00007f9680006a00] Heap_lock - owner thread: 0x00007f9680165000

Heap:
 PSYoungGen      total 13824K, used 13818K [0x00000000eab00000, 0x00000000ec600000, 0x0000000100000000)
  eden space 12288K, 100% used [0x00000000eab00000,0x00000000eb700000,0x00000000eb700000)
  from space 1536K, 99% used [0x00000000eb700000,0x00000000eb87eaa0,0x00000000eb880000)
  to   space 1536K, 98% used [0x00000000ec480000,0x00000000ec5f9588,0x00000000ec600000)
 ParOldGen       total 31744K, used 3911K [0x00000000c0000000, 0x00000000c1f00000, 0x00000000eab00000)
  object space 31744K, 12% used [0x00000000c0000000,0x00000000c03d1cf0,0x00000000c1f00000)
 Metaspace       used 5670K, capacity 6704K, committed 6784K, reserved 1056768K
  class space    used 588K, capacity 616K, committed 640K, reserved 1048576K

Card table byte_map: [0x00007f9685713000,0x00007f9685914000] byte_map_base: 0x00007f9685113000

Marking Bits: (ParMarkBitMap*) 0x00007f968802a120
 Begin Bits: [0x00007f966f000000, 0x00007f9670000000)
 End Bits:   [0x00007f9670000000, 0x00007f9671000000)

Polling page: 0x00007f9688c6b000

CodeCache: size=245760Kb used=2572Kb max_used=2572Kb free=243187Kb
 bounds [0x00007f9671000000, 0x00007f9671290000, 0x00007f9680000000]
 total_blobs=903 nmethods=637 adapters=182
 compilation: enabled

Compilation events (10 events):
Event: 6.146 Thread 0x00007f96800b7800 nmethod 753 0x00007f967127bbd0 code [0x00007f967127be40, 0x00007f967127c8b8]
Event: 6.146 Thread 0x00007f96800b7800  756       2       com.android.dx.cf.code.Ropper::labelToResultIndex (47 bytes)
Event: 6.183 Thread 0x00007f96800b7800 nmethod 756 0x00007f967127d550 code [0x00007f967127d6e0, 0x00007f967127da18]
Event: 6.183 Thread 0x00007f96800b7800  758       2       com.android.dx.cf.code.RopperMachine::getSources (264 bytes)
Event: 6.198 Thread 0x00007f96800b7800 nmethod 758 0x00007f967127dd90 code [0x00007f967127e1a0, 0x00007f967127fab8]
Event: 6.198 Thread 0x00007f96800b7800  764       2       com.android.dx.ssa.Dominators::compress (229 bytes)
Event: 6.256 Thread 0x00007f96800b7800 nmethod 764 0x00007f9671282510 code [0x00007f9671282760, 0x00007f96712831a8]
Event: 6.256 Thread 0x00007f96800b7800  770       2       com.android.dx.ssa.SCCP::simulateBlock (54 bytes)
Event: 6.258 Thread 0x00007f96800b7800 nmethod 770 0x00007f9671284250 code [0x00007f96712843e0, 0x00007f9671284768]
Event: 6.258 Thread 0x00007f96800b7800  757   !   2       com.android.dx.cf.code.RopperMachine::run (1550 bytes)

GC Heap History (3 events):
Event: 4.603 GC heap before
{Heap before GC invocations=1 (full 0):
 PSYoungGen      total 13824K, used 12288K [0x00000000eab00000, 0x00000000eba00000, 0x0000000100000000)
  eden space 12288K, 100% used [0x00000000eab00000,0x00000000eb700000,0x00000000eb700000)
  from space 1536K, 0% used [0x00000000eb880000,0x00000000eb880000,0x00000000eba00000)
  to   space 1536K, 0% used [0x00000000eb700000,0x00000000eb700000,0x00000000eb880000)
 ParOldGen       total 31744K, used 0K [0x00000000c0000000, 0x00000000c1f00000, 0x00000000eab00000)
  object space 31744K, 0% used [0x00000000c0000000,0x00000000c0000000,0x00000000c1f00000)
 Metaspace       used 5399K, capacity 6448K, committed 6528K, reserved 1056768K
  class space    used 585K, capacity 616K, committed 640K, reserved 1048576K
Event: 4.697 GC heap after
Heap after GC invocations=1 (full 0):
 PSYoungGen      total 13824K, used 1530K [0x00000000eab00000, 0x00000000ec600000, 0x0000000100000000)
  eden space 12288K, 0% used [0x00000000eab00000,0x00000000eab00000,0x00000000eb700000)
  from space 1536K, 99% used [0x00000000eb700000,0x00000000eb87eaa0,0x00000000eb880000)
  to   space 1536K, 0% used [0x00000000ec480000,0x00000000ec480000,0x00000000ec600000)
 ParOldGen       total 31744K, used 1945K [0x00000000c0000000, 0x00000000c1f00000, 0x00000000eab00000)
  object space 31744K, 6% used [0x00000000c0000000,0x00000000c01e64b8,0x00000000c1f00000)
 Metaspace       used 5399K, capacity 6448K, committed 6528K, reserved 1056768K
  class space    used 585K, capacity 616K, committed 640K, reserved 1048576K
}
Event: 6.315 GC heap before
{Heap before GC invocations=2 (full 0):
 PSYoungGen      total 13824K, used 13818K [0x00000000eab00000, 0x00000000ec600000, 0x0000000100000000)
  eden space 12288K, 100% used [0x00000000eab00000,0x00000000eb700000,0x00000000eb700000)
  from space 1536K, 99% used [0x00000000eb700000,0x00000000eb87eaa0,0x00000000eb880000)
  to   space 1536K, 0% used [0x00000000ec480000,0x00000000ec480000,0x00000000ec600000)
 ParOldGen       total 31744K, used 1945K [0x00000000c0000000, 0x00000000c1f00000, 0x00000000eab00000)
  object space 31744K, 6% used [0x00000000c0000000,0x00000000c01e64b8,0x00000000c1f00000)
 Metaspace       used 5670K, capacity 6704K, committed 6784K, reserved 1056768K
  class space    used 588K, capacity 616K, committed 640K, reserved 1048576K

Deoptimization events (3 events):
Event: 2.808 Thread 0x00007f968000a000 Uncommon trap: reason=unstable_if action=reinterpret pc=0x00007f967113b208 method=java.lang.String.indexOf(II)I @ 49
Event: 5.024 Thread 0x00007f9680175800 Uncommon trap: reason=unstable_if action=reinterpret pc=0x00007f96711dfb4c method=java.util.HashMap.getNode(ILjava/lang/Object;)Ljava/util/HashMap$Node; @ 129
Event: 5.153 Thread 0x00007f968000a000 Uncommon trap: reason=unstable_if action=reinterpret pc=0x00007f96711f586c method=java.util.BitSet.nextSetBit(I)I @ 87

Internal exceptions (2 events):
Event: 0.250 Thread 0x00007f968000a000 Exception <a 'java/lang/NoSuchMethodError': Method sun.misc.Unsafe.defineClass(Ljava/lang/String;[BII)Ljava/lang/Class; name or signature does not match> (0x00000000eab07cc0) thrown at [/HUDSON3/workspace/8-2-build-linux-amd64/jdk8u101/7261/hotspot/src/sh
Event: 0.250 Thread 0x00007f968000a000 Exception <a 'java/lang/NoSuchMethodError': Method sun.misc.Unsafe.prefetchRead(Ljava/lang/Object;J)V name or signature does not match> (0x00000000eab07fa8) thrown at [/HUDSON3/workspace/8-2-build-linux-amd64/jdk8u101/7261/hotspot/src/share/vm/prims/jni.c

Events (10 events):
Event: 5.024 Thread 0x00007f9680175800 DEOPT PACKING pc=0x00007f96711dfb4c sp=0x00007f966db0ba70
Event: 5.024 Thread 0x00007f9680175800 DEOPT UNPACKING pc=0x00007f9671004f69 sp=0x00007f966db0ba08 mode 2
Event: 5.153 Thread 0x00007f968000a000 Uncommon trap: trap_request=0xffffff65 fr.pc=0x00007f96711f586c
Event: 5.153 Thread 0x00007f968000a000 DEOPT PACKING pc=0x00007f96711f586c sp=0x00007f9688c4c8b0
Event: 5.153 Thread 0x00007f968000a000 DEOPT UNPACKING pc=0x00007f9671004f69 sp=0x00007f9688c4c868 mode 2
Event: 6.295 loading class java/util/TreeMap$EntrySet
Event: 6.295 loading class java/util/TreeMap$EntrySet done
Event: 6.295 loading class java/util/TreeMap$EntryIterator
Event: 6.295 loading class java/util/TreeMap$EntryIterator done
Event: 6.312 Executing VM operation: ParallelGCFailedAllocation


Dynamic libraries:
00400000-00401000 r-xp 00000000 08:01 3279757                            /usr/lib/jvm/java-8-oracle/bin/java
00600000-00601000 rw-p 00000000 08:01 3279757                            /usr/lib/jvm/java-8-oracle/bin/java
023d6000-023f7000 rw-p 00000000 00:00 0                                  [heap]
c0000000-c1f00000 rw-p 00000000 00:00 0 
c1f00000-eab00000 ---p 00000000 00:00 0 
eab00000-ec600000 rw-p 00000000 00:00 0 
ec600000-100000000 ---p 00000000 00:00 0 
100000000-1000a0000 rw-p 00000000 00:00 0 
1000a0000-140000000 ---p 00000000 00:00 0 
7f9630000000-7f9630036000 rw-p 00000000 00:00 0 
7f9630036000-7f9634000000 ---p 00000000 00:00 0 
7f9638000000-7f9638021000 rw-p 00000000 00:00 0 
7f9638021000-7f963c000000 ---p 00000000 00:00 0 
7f963c000000-7f963c033000 rw-p 00000000 00:00 0 
7f963c033000-7f9640000000 ---p 00000000 00:00 0 
7f9640000000-7f9640021000 rw-p 00000000 00:00 0 
7f9640021000-7f9644000000 ---p 00000000 00:00 0 
7f9644000000-7f964402e000 rw-p 00000000 00:00 0 
7f964402e000-7f9648000000 ---p 00000000 00:00 0 
7f9648000000-7f9648655000 rw-p 00000000 00:00 0 
7f9648655000-7f964c000000 ---p 00000000 00:00 0 
7f964c000000-7f964c021000 rw-p 00000000 00:00 0 
7f964c021000-7f9650000000 ---p 00000000 00:00 0 
7f9650000000-7f9650021000 rw-p 00000000 00:00 0 
7f9650021000-7f9654000000 ---p 00000000 00:00 0 
7f9654000000-7f9654318000 rw-p 00000000 00:00 0 
7f9654318000-7f9658000000 ---p 00000000 00:00 0 
7f9658000000-7f9658021000 rw-p 00000000 00:00 0 
7f9658021000-7f965c000000 ---p 00000000 00:00 0 
7f965c000000-7f965c021000 rw-p 00000000 00:00 0 
7f965c021000-7f9660000000 ---p 00000000 00:00 0 
7f9660000000-7f9660295000 rw-p 00000000 00:00 0 
7f9660295000-7f9664000000 ---p 00000000 00:00 0 
7f9664000000-7f9664021000 rw-p 00000000 00:00 0 
7f9664021000-7f9668000000 ---p 00000000 00:00 0 
7f9668000000-7f9668021000 rw-p 00000000 00:00 0 
7f9668021000-7f966c000000 ---p 00000000 00:00 0 
7f966d90c000-7f966d90f000 ---p 00000000 00:00 0 
7f966d90f000-7f966da0d000 rw-p 00000000 00:00 0                          [stack:3276]
7f966da0d000-7f966da10000 ---p 00000000 00:00 0 
7f966da10000-7f966db0e000 rw-p 00000000 00:00 0                          [stack:3275]
7f966db0e000-7f966db11000 ---p 00000000 00:00 0 
7f966db11000-7f966dc0f000 rw-p 00000000 00:00 0                          [stack:3274]
7f966dc0f000-7f966dc12000 ---p 00000000 00:00 0 
7f966dc12000-7f966dd10000 rw-p 00000000 00:00 0                          [stack:3273]
7f966dd10000-7f966dd13000 ---p 00000000 00:00 0 
7f966dd13000-7f966de11000 rw-p 00000000 00:00 0                          [stack:3272]
7f966de11000-7f966de12000 ---p 00000000 00:00 0 
7f966de12000-7f966df12000 rw-p 00000000 00:00 0                          [stack:3266]
7f966df12000-7f966df15000 ---p 00000000 00:00 0 
7f966df15000-7f966e013000 rw-p 00000000 00:00 0                          [stack:3265]
7f966e013000-7f966e016000 ---p 00000000 00:00 0 
7f966e016000-7f966e114000 rw-p 00000000 00:00 0                          [stack:3264]
7f966e114000-7f966e117000 ---p 00000000 00:00 0 
7f966e117000-7f966e215000 rw-p 00000000 00:00 0                          [stack:3263]
7f966e215000-7f966e218000 ---p 00000000 00:00 0 
7f966e218000-7f966e316000 rw-p 00000000 00:00 0                          [stack:3262]
7f966e316000-7f966e9fa000 r--p 00000000 08:01 13113697                   /usr/lib/locale/locale-archive
7f966e9fa000-7f966e9fd000 ---p 00000000 00:00 0 
7f966e9fd000-7f966eafb000 rw-p 00000000 00:00 0                          [stack:3261]
7f966eafb000-7f966eafe000 ---p 00000000 00:00 0 
7f966eafe000-7f966ebfc000 rw-p 00000000 00:00 0                          [stack:3260]
7f966ebfc000-7f966ebfd000 ---p 00000000 00:00 0 
7f966ebfd000-7f9671000000 rw-p 00000000 00:00 0                          [stack:3259]
7f9671000000-7f9671290000 rwxp 00000000 00:00 0 
7f9671290000-7f9680000000 ---p 00000000 00:00 0 
7f9680000000-7f9680397000 rw-p 00000000 00:00 0 
7f9680397000-7f9684000000 ---p 00000000 00:00 0 
7f96840f6000-7f968476c000 rw-p 00000000 00:00 0 
7f968476c000-7f9684945000 r--s 03d29000 08:01 13118676                   /usr/lib/jvm/java-8-oracle/jre/lib/rt.jar
7f9684945000-7f9684fbb000 rw-p 00000000 00:00 0 
7f9684fbb000-7f96851bb000 ---p 00000000 00:00 0 
7f96851bb000-7f96853bb000 rw-p 00000000 00:00 0 
7f96853bb000-7f96853bc000 ---p 00000000 00:00 0 
7f96853bc000-7f96854bc000 rw-p 00000000 00:00 0                          [stack:3257]
7f96854bc000-7f96854bd000 ---p 00000000 00:00 0 
7f96854bd000-7f96855cd000 rw-p 00000000 00:00 0                          [stack:3256]
7f96855cd000-7f9685713000 ---p 00000000 00:00 0 
7f9685713000-7f9685723000 rw-p 00000000 00:00 0 
7f9685723000-7f9685868000 ---p 00000000 00:00 0 
7f9685868000-7f9685876000 rw-p 00000000 00:00 0 
7f9685876000-7f9685913000 ---p 00000000 00:00 0 
7f9685913000-7f968591f000 rw-p 00000000 00:00 0 
7f968591f000-7f9685cd4000 ---p 00000000 00:00 0 
7f9685cd4000-7f9685cee000 r-xp 00000000 08:01 13766358                   /usr/lib/jvm/java-8-oracle/jre/lib/amd64/libzip.so
7f9685cee000-7f9685eee000 ---p 0001a000 08:01 13766358                   /usr/lib/jvm/java-8-oracle/jre/lib/amd64/libzip.so
7f9685eee000-7f9685eef000 rw-p 0001a000 08:01 13766358                   /usr/lib/jvm/java-8-oracle/jre/lib/amd64/libzip.so
7f9685eef000-7f9685efa000 r-xp 00000000 08:01 2621673                    /lib/x86_64-linux-gnu/libnss_files-2.15.so
7f9685efa000-7f96860f9000 ---p 0000b000 08:01 2621673                    /lib/x86_64-linux-gnu/libnss_files-2.15.so
7f96860f9000-7f96860fa000 r--p 0000a000 08:01 2621673                    /lib/x86_64-linux-gnu/libnss_files-2.15.so
7f96860fa000-7f96860fb000 rw-p 0000b000 08:01 2621673                    /lib/x86_64-linux-gnu/libnss_files-2.15.so
7f96860fb000-7f9686105000 r-xp 00000000 08:01 2621658                    /lib/x86_64-linux-gnu/libnss_nis-2.15.so
7f9686105000-7f9686305000 ---p 0000a000 08:01 2621658                    /lib/x86_64-linux-gnu/libnss_nis-2.15.so
7f9686305000-7f9686306000 r--p 0000a000 08:01 2621658                    /lib/x86_64-linux-gnu/libnss_nis-2.15.so
7f9686306000-7f9686307000 rw-p 0000b000 08:01 2621658                    /lib/x86_64-linux-gnu/libnss_nis-2.15.so
7f9686307000-7f968631e000 r-xp 00000000 08:01 2621667                    /lib/x86_64-linux-gnu/libnsl-2.15.so
7f968631e000-7f968651d000 ---p 00017000 08:01 2621667                    /lib/x86_64-linux-gnu/libnsl-2.15.so
7f968651d000-7f968651e000 r--p 00016000 08:01 2621667                    /lib/x86_64-linux-gnu/libnsl-2.15.so
7f968651e000-7f968651f000 rw-p 00017000 08:01 2621667                    /lib/x86_64-linux-gnu/libnsl-2.15.so
7f968651f000-7f9686521000 rw-p 00000000 00:00 0 
7f9686521000-7f9686529000 r-xp 00000000 08:01 2621672                    /lib/x86_64-linux-gnu/libnss_compat-2.15.so
7f9686529000-7f9686728000 ---p 00008000 08:01 2621672                    /lib/x86_64-linux-gnu/libnss_compat-2.15.so
7f9686728000-7f9686729000 r--p 00007000 08:01 2621672                    /lib/x86_64-linux-gnu/libnss_compat-2.15.so
7f9686729000-7f968672a000 rw-p 00008000 08:01 2621672                    /lib/x86_64-linux-gnu/libnss_compat-2.15.so
7f968672a000-7f9686754000 r-xp 00000000 08:01 13766323                   /usr/lib/jvm/java-8-oracle/jre/lib/amd64/libjava.so
7f9686754000-7f9686954000 ---p 0002a000 08:01 13766323                   /usr/lib/jvm/java-8-oracle/jre/lib/amd64/libjava.so
7f9686954000-7f9686956000 rw-p 0002a000 08:01 13766323                   /usr/lib/jvm/java-8-oracle/jre/lib/amd64/libjava.so
7f9686956000-7f9686963000 r-xp 00000000 08:01 13766361                   /usr/lib/jvm/java-8-oracle/jre/lib/amd64/libverify.so
7f9686963000-7f9686b63000 ---p 0000d000 08:01 13766361                   /usr/lib/jvm/java-8-oracle/jre/lib/amd64/libverify.so
7f9686b63000-7f9686b65000 rw-p 0000d000 08:01 13766361                   /usr/lib/jvm/java-8-oracle/jre/lib/amd64/libverify.so
7f9686b65000-7f9686b6c000 r-xp 00000000 08:01 2621660                    /lib/x86_64-linux-gnu/librt-2.15.so
7f9686b6c000-7f9686d6b000 ---p 00007000 08:01 2621660                    /lib/x86_64-linux-gnu/librt-2.15.so
7f9686d6b000-7f9686d6c000 r--p 00006000 08:01 2621660                    /lib/x86_64-linux-gnu/librt-2.15.so
7f9686d6c000-7f9686d6d000 rw-p 00007000 08:01 2621660                    /lib/x86_64-linux-gnu/librt-2.15.so
7f9686d6d000-7f9686e68000 r-xp 00000000 08:01 2621674                    /lib/x86_64-linux-gnu/libm-2.15.so
7f9686e68000-7f9687067000 ---p 000fb000 08:01 2621674                    /lib/x86_64-linux-gnu/libm-2.15.so
7f9687067000-7f9687068000 r--p 000fa000 08:01 2621674                    /lib/x86_64-linux-gnu/libm-2.15.so
7f9687068000-7f9687069000 rw-p 000fb000 08:01 2621674                    /lib/x86_64-linux-gnu/libm-2.15.so
7f9687069000-7f9687d34000 r-xp 00000000 08:01 13894575                   /usr/lib/jvm/java-8-oracle/jre/lib/amd64/server/libjvm.so
7f9687d34000-7f9687f33000 ---p 00ccb000 08:01 13894575                   /usr/lib/jvm/java-8-oracle/jre/lib/amd64/server/libjvm.so
7f9687f33000-7f968800c000 rw-p 00cca000 08:01 13894575                   /usr/lib/jvm/java-8-oracle/jre/lib/amd64/server/libjvm.so
7f968800c000-7f9688057000 rw-p 00000000 00:00 0 
7f9688057000-7f968820b000 r-xp 00000000 08:01 2621665                    /lib/x86_64-linux-gnu/libc-2.15.so
7f968820b000-7f968840a000 ---p 001b4000 08:01 2621665                    /lib/x86_64-linux-gnu/libc-2.15.so
7f968840a000-7f968840e000 r--p 001b3000 08:01 2621665                    /lib/x86_64-linux-gnu/libc-2.15.so
7f968840e000-7f9688410000 rw-p 001b7000 08:01 2621665                    /lib/x86_64-linux-gnu/libc-2.15.so
7f9688410000-7f9688415000 rw-p 00000000 00:00 0 
7f9688415000-7f9688417000 r-xp 00000000 08:01 2621657                    /lib/x86_64-linux-gnu/libdl-2.15.so
7f9688417000-7f9688617000 ---p 00002000 08:01 2621657                    /lib/x86_64-linux-gnu/libdl-2.15.so
7f9688617000-7f9688618000 r--p 00002000 08:01 2621657                    /lib/x86_64-linux-gnu/libdl-2.15.so
7f9688618000-7f9688619000 rw-p 00003000 08:01 2621657                    /lib/x86_64-linux-gnu/libdl-2.15.so
7f9688619000-7f968862e000 r-xp 00000000 08:01 2627921                    /usr/lib/jvm/java-8-oracle/lib/amd64/jli/libjli.so
7f968862e000-7f968882e000 ---p 00015000 08:01 2627921                    /usr/lib/jvm/java-8-oracle/lib/amd64/jli/libjli.so
7f968882e000-7f968882f000 rw-p 00015000 08:01 2627921                    /usr/lib/jvm/java-8-oracle/lib/amd64/jli/libjli.so
7f968882f000-7f9688847000 r-xp 00000000 08:01 2621668                    /lib/x86_64-linux-gnu/libpthread-2.15.so
7f9688847000-7f9688a46000 ---p 00018000 08:01 2621668                    /lib/x86_64-linux-gnu/libpthread-2.15.so
7f9688a46000-7f9688a47000 r--p 00017000 08:01 2621668                    /lib/x86_64-linux-gnu/libpthread-2.15.so
7f9688a47000-7f9688a48000 rw-p 00018000 08:01 2621668                    /lib/x86_64-linux-gnu/libpthread-2.15.so
7f9688a48000-7f9688a4c000 rw-p 00000000 00:00 0 
7f9688a4c000-7f9688a6e000 r-xp 00000000 08:01 2621671                    /lib/x86_64-linux-gnu/ld-2.15.so
7f9688a6e000-7f9688a6f000 rw-p 00000000 00:00 0 
7f9688a6f000-7f9688a75000 r--s 00048000 08:01 10626582                   /home/lin/other/AndroidProjects/Radio/app/build/intermediates/exploded-aar/com.code-troopers.betterpickers/library/3.0.0/jars/classes.jar
7f9688a75000-7f9688b4e000 rw-p 00000000 00:00 0 
7f9688b4e000-7f9688b51000 ---p 00000000 00:00 0 
7f9688b51000-7f9688c53000 rw-p 00000000 00:00 0                          [stack:3255]
7f9688c53000-7f9688c62000 r--s 000df000 08:01 11274850                   /root/Android/Sdk/build-tools/23.0.3/lib/dx.jar
7f9688c62000-7f9688c6a000 rw-s 00000000 08:01 4849832                    /tmp/hsperfdata_root/3250
7f9688c6a000-7f9688c6b000 rw-p 00000000 00:00 0 
7f9688c6b000-7f9688c6c000 ---p 00000000 00:00 0 
7f9688c6c000-7f9688c6e000 rw-p 00000000 00:00 0 
7f9688c6e000-7f9688c6f000 r--p 00022000 08:01 2621671                    /lib/x86_64-linux-gnu/ld-2.15.so
7f9688c6f000-7f9688c71000 rw-p 00023000 08:01 2621671                    /lib/x86_64-linux-gnu/ld-2.15.so
7ffd64418000-7ffd64439000 rw-p 00000000 00:00 0                          [stack]
7ffd6450f000-7ffd64511000 r-xp 00000000 00:00 0                          [vdso]
ffffffffff600000-ffffffffff601000 r-xp 00000000 00:00 0                  [vsyscall]

VM Arguments:
jvm_args: -Djava.awt.headless=true -Xmx1024M -Dfile.encoding=UTF-8 -Duser.country=US -Duser.language=en -Duser.variant 
java_command: com.android.dx.command.Main --dex --force-jumbo --num-threads=4 --output /home/lin/other/AndroidProjects/Radio/app/build/intermediates/pre-dexed/debug/com.code-troopers.betterpickers-library-3.0.0_de1491c5a7e4b879dd6a810e4d1a9e50ccac2e9a.jar /home/lin/other/AndroidProjects/Radio/app/build/intermediates/exploded-aar/com.code-troopers.betterpickers/library/3.0.0/jars/classes.jar
java_class_path (initial): /root/Android/Sdk/build-tools/23.0.3/lib/dx.jar
Launcher Type: SUN_STANDARD

Environment Variables:
PATH=/usr/local/sbin:/usr/local/bin:/usr/sbin:/usr/bin:/sbin:/bin
USERNAME=root
LD_LIBRARY_PATH=/opt/android-studio/bin:
SHELL=/bin/bash
DISPLAY=:0.0

Signal Handlers:
SIGSEGV: [libjvm.so+0xac4790], sa_mask[0]=11111111011111111101111111111110, sa_flags=SA_RESTART|SA_SIGINFO
SIGBUS: [libjvm.so+0xac4790], sa_mask[0]=11111111011111111101111111111110, sa_flags=SA_RESTART|SA_SIGINFO
SIGFPE: [libjvm.so+0x91f140], sa_mask[0]=11111111011111111101111111111110, sa_flags=SA_RESTART|SA_SIGINFO
SIGPIPE: [libjvm.so+0x91f140], sa_mask[0]=11111111011111111101111111111110, sa_flags=SA_RESTART|SA_SIGINFO
SIGXFSZ: [libjvm.so+0x91f140], sa_mask[0]=11111111011111111101111111111110, sa_flags=SA_RESTART|SA_SIGINFO
SIGILL: [libjvm.so+0x91f140], sa_mask[0]=11111111011111111101111111111110, sa_flags=SA_RESTART|SA_SIGINFO
SIGUSR1: SIG_DFL, sa_mask[0]=00000000000000000000000000000000, sa_flags=none
SIGUSR2: [libjvm.so+0x920770], sa_mask[0]=00100000000000000000000000000000, sa_flags=SA_RESTART|SA_SIGINFO
SIGHUP: [libjvm.so+0x921b70], sa_mask[0]=11111111011111111101111111111110, sa_flags=SA_RESTART|SA_SIGINFO
SIGINT: [libjvm.so+0x921b70], sa_mask[0]=11111111011111111101111111111110, sa_flags=SA_RESTART|SA_SIGINFO
SIGTERM: [libjvm.so+0x921b70], sa_mask[0]=11111111011111111101111111111110, sa_flags=SA_RESTART|SA_SIGINFO
SIGQUIT: [libjvm.so+0x921b70], sa_mask[0]=11111111011111111101111111111110, sa_flags=SA_RESTART|SA_SIGINFO


---------------  S Y S T E M  ---------------

OS:DISTRIB_ID=Ubuntu
DISTRIB_RELEASE=12.04
DISTRIB_CODENAME=precise
DISTRIB_DESCRIPTION="Ubuntu 12.04.5 LTS"

uname:Linux 3.13.0-95-generic #142~precise1-Ubuntu SMP Fri Aug 12 18:20:15 UTC 2016 x86_64
libc:glibc 2.15 NPTL 2.15 
rlimit: STACK 8192k, CORE 0k, NPROC 22873, NOFILE 4096, AS infinity
load average:6.81 3.85 1.95

/proc/meminfo:
MemTotal:        2948840 kB
MemFree:          175692 kB
Buffers:           39904 kB
Cached:           732372 kB
SwapCached:            0 kB
Active:          1978020 kB
Inactive:         632040 kB
Active(anon):    1642460 kB
Inactive(anon):   309244 kB
Active(file):     335560 kB
Inactive(file):   322796 kB
Unevictable:           0 kB
Mlocked:               0 kB
SwapTotal:       3008508 kB
SwapFree:        3008416 kB
Dirty:              3232 kB
Writeback:             0 kB
AnonPages:       1837884 kB
Mapped:           189556 kB
Shmem:            113920 kB
Slab:              80800 kB
SReclaimable:      56084 kB
SUnreclaim:        24716 kB
KernelStack:        4344 kB
PageTables:        30596 kB
NFS_Unstable:          0 kB
Bounce:                0 kB
WritebackTmp:          0 kB
CommitLimit:     4482928 kB
Committed_AS:    4493440 kB
VmallocTotal:   34359738367 kB
VmallocUsed:      346432 kB
VmallocChunk:   34359385180 kB
HardwareCorrupted:     0 kB
AnonHugePages:    761856 kB
HugePages_Total:       0
HugePages_Free:        0
HugePages_Rsvd:        0
HugePages_Surp:        0
Hugepagesize:       2048 kB
DirectMap4k:       57732 kB
DirectMap2M:     2953216 kB


CPU:total 2 (2 cores per cpu, 1 threads per core) family 6 model 15 stepping 13, cmov, cx8, fxsr, mmx, sse, sse2, sse3, ssse3, tsc

/proc/cpuinfo:
processor	: 0
vendor_id	: GenuineIntel
cpu family	: 6
model		: 15
model name	: Genuine Intel(R) CPU           T1600  @ 1.66GHz
stepping	: 13
microcode	: 0xa3
cpu MHz		: 1662.464
cache size	: 1024 KB
physical id	: 0
siblings	: 2
core id		: 0
cpu cores	: 2
apicid		: 0
initial apicid	: 0
fpu		: yes
fpu_exception	: yes
cpuid level	: 10
wp		: yes
flags		: fpu vme de pse tsc msr pae mce cx8 apic sep mtrr pge mca cmov pat pse36 clflush dts acpi mmx fxsr sse sse2 ss ht tm pbe syscall nx lm constant_tsc arch_perfmon pebs bts rep_good nopl aperfmperf pni dtes64 monitor ds_cpl tm2 ssse3 cx16 xtpr pdcm lahf_lm dtherm
bogomips	: 3324.92
clflush size	: 64
cache_alignment	: 64
address sizes	: 36 bits physical, 48 bits virtual
power management:

processor	: 1
vendor_id	: GenuineIntel
cpu family	: 6
model		: 15
model name	: Genuine Intel(R) CPU           T1600  @ 1.66GHz
stepping	: 13
microcode	: 0xa3
cpu MHz		: 1662.464
cache size	: 1024 KB
physical id	: 0
siblings	: 2
core id		: 1
cpu cores	: 2
apicid		: 1
initial apicid	: 1
fpu		: yes
fpu_exception	: yes
cpuid level	: 10
wp		: yes
flags		: fpu vme de pse tsc msr pae mce cx8 apic sep mtrr pge mca cmov pat pse36 clflush dts acpi mmx fxsr sse sse2 ss ht tm pbe syscall nx lm constant_tsc arch_perfmon pebs bts rep_good nopl aperfmperf pni dtes64 monitor ds_cpl tm2 ssse3 cx16 xtpr pdcm lahf_lm dtherm
bogomips	: 3324.92
clflush size	: 64
cache_alignment	: 64
address sizes	: 36 bits physical, 48 bits virtual
power management:



Memory: 4k page, physical 2948840k(175692k free), swap 3008508k(3008416k free)

vm_info: Java HotSpot(TM) 64-Bit Server VM (25.101-b13) for linux-amd64 JRE (1.8.0_101-b13), built on Jun 22 2016 02:59:44 by "java_re" with gcc 4.3.0 20080428 (Red Hat 4.3.0-8)

time: Tue Aug 30 15:20:07 2016
elapsed time: 6 seconds (0d 0h 0m 6s)

