#
# A fatal error has been detected by the Java Runtime Environment:
#
#  SIGSEGV (0xb) at pc=0x00007f52311ed3bd, pid=13897, tid=0x00007f524744c700
#
# JRE version: Java(TM) SE Runtime Environment (8.0_101-b13) (build 1.8.0_101-b13)
# Java VM: Java HotSpot(TM) 64-Bit Server VM (25.101-b13 mixed mode linux-amd64 compressed oops)
# Problematic frame:
# J 458 C1 com.android.dx.ssa.NormalSsaInsn.getLocalAssignment()Lcom/android/dx/rop/code/RegisterSpec; (54 bytes) @ 0x00007f52311ed3bd [0x00007f52311ece40+0x57d]
#
# Failed to write core dump. Core dumps have been disabled. To enable core dumping, try "ulimit -c unlimited" before starting Java again
#
# If you would like to submit a bug report, please visit:
#   http://bugreport.java.com/bugreport/crash.jsp
#

---------------  T H R E A D  ---------------

Current thread (0x00007f524000a000):  JavaThread "main" [_thread_in_Java, id=13901, stack(0x00007f524734c000,0x00007f524744d000)]

siginfo: si_signo: 11 (SIGSEGV), si_code: 1 (SEGV_MAPERR), si_addr: 0x0000000000040000

Registers:
RAX=0x0000000000040000, RBX=0x000000000000be11, RCX=0x0000000000000002, RDX=0x00000000ebb3ad48
RSP=0x00007f524744a630, RBP=0x00000000ebb38a28, RSI=0x00007f5230745668, RDI=0x0000000000000230
R8 =0x0000000000000001, R9 =0x0000000000000002, R10=0x000000010008aa80, R11=0x0000000000000220
R12=0x0000000000000000, R13=0x00007f52312fb59c, R14=0x00007f524744a5c0, R15=0x00007f524000a000
RIP=0x00007f52311ed3bd, EFLAGS=0x0000000000010206, CSGSFS=0x0000000000000033, ERR=0x0000000000000004
  TRAPNO=0x000000000000000e

Top of Stack: (sp=0x00007f524744a630)
0x00007f524744a630:   00000000ebb36a90 0000000000000000
0x00007f524744a640:   00000000ebb3de68 00000000ebb3dcd0
0x00007f524744a650:   00000000ebb3dd00 00000000ebb36a90
0x00007f524744a660:   00007f524744a958 00007f524000a000
0x00007f524744a670:   00000000ebb38a28 00007f523125d804
0x00007f524744a680:   00007f524000a000 00007f5246828e80
0x00007f524744a690:   00007f524744a6d0 00007f5246299522
0x00007f524744a6a0:   0000000c0000000c 00000000ebb3cd70
0x00007f524744a6b0:   00007f524744a9b0 00007f523119b674
0x00007f524744a6c0:   00007f524000a000 0000000077010a30
0x00007f524744a6d0:   00007f524744a720 00007f5245f7a1f4
0x00007f524744a6e0:   00007f524744a9b0 00007f523126b9c4
0x00007f524744a6f0:   00007f524744a9b0 00007f523121535c
0x00007f524744a700:   0000000000000000 00000000ebb3dd48
0x00007f524744a710:   00000000ebb38bc0 00000000ebb36a90
0x00007f524744a720:   00000000ebb3a830 00000000ebb3de68
0x00007f524744a730:   00000000ebb3de68 00000000ebb3dd00
0x00007f524744a740:   00000000ebb38710 00000000ec527a70
0x00007f524744a750:   00000000ec480af8 00000000ebb3d8d8
0x00007f524744a760:   0000000000000000 00000000ebb3cf90
0x00007f524744a770:   00007f524744a9b0 00007f523123f554
0x00007f524744a780:   00000000ebb38a28 00007f5231260224
0x00007f524744a790:   00007f524744a8f0 00007f52312f9624
0x00007f524744a7a0:   00007f524744a9b0 00007f52311fa584
0x00007f524744a7b0:   00000000ebb3c5b8 00000000ebb3c8a8
0x00007f524744a7c0:   00000000ebb38a28 00007f52312f8d3c
0x00007f524744a7d0:   0000000000000000 00007f52311f731c
0x00007f524744a7e0:   00000000ebb39180 00007f52312f8d3c
0x00007f524744a7f0:   00007f524744a9a0 00007f52312d073c
0x00007f524744a800:   00000000ebb3cc40 00000000ebb3d878
0x00007f524744a810:   00000000ebb3d940 000000000000000a
0x00007f524744a820:   00000000ebb38a28 00007f52312c4544 

Instructions: (pc=0x00007f52311ed3bd)
0x00007f52311ed39d:   0a 00 00 00 48 bf 40 02 00 00 00 00 00 00 48 8b
0x00007f52311ed3ad:   1c 3e 48 8d 5b 01 48 89 1c 3e 0f 84 f2 00 00 00
0x00007f52311ed3bd:   48 3b 00 48 8b f0 48 bf 68 56 74 30 52 7f 00 00
0x00007f52311ed3cd:   8b 76 08 48 c1 e6 03 48 3b b7 58 02 00 00 75 0d 

Register to memory mapping:

RAX=0x0000000000040000 is an unknown value
RBX=0x000000000000be11 is an unknown value
RCX=0x0000000000000002 is an unknown value
RDX=0x00000000ebb3ad48 is an oop
com.android.dx.rop.code.ThrowingCstInsn 
 - klass: 'com/android/dx/rop/code/ThrowingCstInsn'
RSP=0x00007f524744a630 is pointing into the stack for thread: 0x00007f524000a000
RBP=0x00000000ebb38a28 is an oop
com.android.dx.ssa.SsaBasicBlock 
 - klass: 'com/android/dx/ssa/SsaBasicBlock'
RSI=0x00007f5230745668 is pointing into metadata
RDI=0x0000000000000230 is an unknown value
R8 =0x0000000000000001 is an unknown value
R9 =0x0000000000000002 is an unknown value
R10=0x000000010008aa80 is pointing into metadata
R11=0x0000000000000220 is an unknown value
R12=0x0000000000000000 is an unknown value
R13=0x00007f52312fb59c is at entry_point+796 in (nmethod*)0x00007f52312fb090
R14=0x00007f524744a5c0 is pointing into the stack for thread: 0x00007f524000a000
R15=0x00007f524000a000 is a thread


Stack: [0x00007f524734c000,0x00007f524744d000],  sp=0x00007f524744a630,  free space=1017k
Native frames: (J=compiled Java code, j=interpreted, Vv=VM code, C=native code)
J 458 C1 com.android.dx.ssa.NormalSsaInsn.getLocalAssignment()Lcom/android/dx/rop/code/RegisterSpec; (54 bytes) @ 0x00007f52311ed3bd [0x00007f52311ece40+0x57d]
J 719 C1 com.android.dx.ssa.back.FirstFitLocalCombiningAllocator$1.processInsn(Lcom/android/dx/ssa/SsaInsn;)V (169 bytes) @ 0x00007f523125d804 [0x00007f523125d780+0x84]
J 722 C1 com.android.dx.ssa.back.FirstFitLocalCombiningAllocator$1.visitNonMoveInsn(Lcom/android/dx/ssa/NormalSsaInsn;)V (6 bytes) @ 0x00007f5231260224 [0x00007f52312601c0+0x64]
J 1103 C1 com.android.dx.ssa.NormalSsaInsn.accept(Lcom/android/dx/ssa/SsaInsn$Visitor;)V (25 bytes) @ 0x00007f52312f8d3c [0x00007f52312f8c80+0xbc]
J 695 C2 com.android.dx.ssa.SsaBasicBlock.forEachInsn(Lcom/android/dx/ssa/SsaInsn$Visitor;)V (37 bytes) @ 0x00007f52312c4544 [0x00007f52312c4480+0xc4]
J 901 C1 com.android.dx.ssa.SsaMethod.forEachInsn(Lcom/android/dx/ssa/SsaInsn$Visitor;)V (36 bytes) @ 0x00007f52312b5954 [0x00007f52312b5820+0x134]
j  com.android.dx.ssa.back.FirstFitLocalCombiningAllocator.analyzeInstructions()V+12
j  com.android.dx.ssa.back.FirstFitLocalCombiningAllocator.allocateRegisters()Lcom/android/dx/ssa/RegisterMapper;+1
j  com.android.dx.ssa.back.SsaToRop.convert()Lcom/android/dx/rop/code/RopMethod;+21
j  com.android.dx.ssa.back.SsaToRop.convertToRopMethod(Lcom/android/dx/ssa/SsaMethod;Z)Lcom/android/dx/rop/code/RopMethod;+9
j  com.android.dx.ssa.Optimizer.optimize(Lcom/android/dx/rop/code/RopMethod;IZZLcom/android/dx/rop/code/TranslationAdvice;Ljava/util/EnumSet;)Lcom/android/dx/rop/code/RopMethod;+30
j  com.android.dx.ssa.Optimizer.optimize(Lcom/android/dx/rop/code/RopMethod;IZZLcom/android/dx/rop/code/TranslationAdvice;)Lcom/android/dx/rop/code/RopMethod;+12
j  com.android.dx.dex.cf.CfTranslator.processMethods(Lcom/android/dx/cf/direct/DirectClassFile;Lcom/android/dx/dex/cf/CfOptions;Lcom/android/dx/dex/DexOptions;Lcom/android/dx/dex/file/ClassDefItem;Lcom/android/dx/dex/file/DexFile;)V+265
j  com.android.dx.dex.cf.CfTranslator.translate0(Lcom/android/dx/cf/direct/DirectClassFile;[BLcom/android/dx/dex/cf/CfOptions;Lcom/android/dx/dex/DexOptions;Lcom/android/dx/dex/file/DexFile;)Lcom/android/dx/dex/file/ClassDefItem;+120
j  com.android.dx.dex.cf.CfTranslator.translate(Lcom/android/dx/cf/direct/DirectClassFile;[BLcom/android/dx/dex/cf/CfOptions;Lcom/android/dx/dex/DexOptions;Lcom/android/dx/dex/file/DexFile;)Lcom/android/dx/dex/file/ClassDefItem;+6
j  com.android.dx.command.dexer.Main.translateClass([BLcom/android/dx/cf/direct/DirectClassFile;)Lcom/android/dx/dex/file/ClassDefItem;+17
j  com.android.dx.command.dexer.Main.access$2700([BLcom/android/dx/cf/direct/DirectClassFile;)Lcom/android/dx/dex/file/ClassDefItem;+2
j  com.android.dx.command.dexer.Main$ClassTranslatorTask.call()Lcom/android/dx/dex/file/ClassDefItem;+8
j  com.android.dx.command.dexer.Main$ClassTranslatorTask.call()Ljava/lang/Object;+1
j  java.util.concurrent.FutureTask.run()V+42
j  java.util.concurrent.ThreadPoolExecutor$CallerRunsPolicy.rejectedExecution(Ljava/lang/Runnable;Ljava/util/concurrent/ThreadPoolExecutor;)V+8
j  java.util.concurrent.ThreadPoolExecutor.reject(Ljava/lang/Runnable;)V+6
j  java.util.concurrent.ThreadPoolExecutor.execute(Ljava/lang/Runnable;)V+128
j  java.util.concurrent.AbstractExecutorService.submit(Ljava/util/concurrent/Callable;)Ljava/util/concurrent/Future;+20
j  com.android.dx.command.dexer.Main$DirectClassFileConsumer.call(Lcom/android/dx/cf/direct/DirectClassFile;)Ljava/lang/Boolean;+295
j  com.android.dx.command.dexer.Main$DirectClassFileConsumer.access$700(Lcom/android/dx/command/dexer/Main$DirectClassFileConsumer;Lcom/android/dx/cf/direct/DirectClassFile;)Ljava/lang/Boolean;+2
j  com.android.dx.command.dexer.Main.processClass(Ljava/lang/String;[B)Z+37
j  com.android.dx.command.dexer.Main.processFileBytes(Ljava/lang/String;J[B)Z+188
j  com.android.dx.command.dexer.Main.access$1200(Ljava/lang/String;J[B)Z+3
j  com.android.dx.command.dexer.Main$FileBytesConsumer.processFileBytes(Ljava/lang/String;J[B)Z+4
j  com.android.dx.cf.direct.ClassPathOpener.processArchive(Ljava/io/File;)Z+203
j  com.android.dx.cf.direct.ClassPathOpener.processOne(Ljava/io/File;Z)Z+48
j  com.android.dx.cf.direct.ClassPathOpener.process()Z+15
j  com.android.dx.command.dexer.Main.processOne(Ljava/lang/String;Lcom/android/dx/cf/direct/ClassPathOpener$FileNameFilter;)V+20
j  com.android.dx.command.dexer.Main.processAllFiles()Z+272
j  com.android.dx.command.dexer.Main.runMonoDex()I+58
j  com.android.dx.command.dexer.Main.run(Lcom/android/dx/command/dexer/Main$Arguments;)I+76
j  com.android.dx.command.dexer.Main.main([Ljava/lang/String;)V+14
j  com.android.dx.command.Main.main([Ljava/lang/String;)V+61
v  ~StubRoutines::call_stub
V  [libjvm.so+0x68f6b6]  JavaCalls::call_helper(JavaValue*, methodHandle*, JavaCallArguments*, Thread*)+0x1056
V  [libjvm.so+0x6d0d42]  jni_invoke_static(JNIEnv_*, JavaValue*, _jobject*, JNICallType, _jmethodID*, JNI_ArgumentPusher*, Thread*)+0x362
V  [libjvm.so+0x6ed5aa]  jni_CallStaticVoidMethod+0x17a
C  [libjli.so+0x7bdf]  JavaMain+0x81f
C  [libpthread.so.0+0x7e9a]  start_thread+0xda


---------------  P R O C E S S  ---------------

Java Threads: ( => current thread )
  0x00007f524015f000 JavaThread "pool-1-thread-4" [_thread_in_vm, id=13927, stack(0x00007f522812d000,0x00007f522822e000)]
  0x00007f524015d800 JavaThread "pool-1-thread-3" [_thread_in_Java, id=13926, stack(0x00007f522822e000,0x00007f522832f000)]
  0x00007f5240152000 JavaThread "pool-1-thread-2" [_thread_in_Java, id=13925, stack(0x00007f522832f000,0x00007f5228430000)]
  0x00007f524014f000 JavaThread "pool-2-thread-1" [_thread_blocked, id=13924, stack(0x00007f5228430000,0x00007f5228531000)]
  0x00007f524014e000 JavaThread "pool-1-thread-1" [_thread_in_Java, id=13923, stack(0x00007f5228531000,0x00007f5228632000)]
  0x00007f52400c4000 JavaThread "Service Thread" daemon [_thread_blocked, id=13916, stack(0x00007f5228733000,0x00007f5228834000)]
  0x00007f52400b7800 JavaThread "C1 CompilerThread1" daemon [_thread_in_native, id=13915, stack(0x00007f5228834000,0x00007f5228935000)]
  0x00007f52400b4800 JavaThread "C2 CompilerThread0" daemon [_thread_in_native, id=13914, stack(0x00007f5228935000,0x00007f5228a36000)]
  0x00007f52400b3000 JavaThread "Signal Dispatcher" daemon [_thread_blocked, id=13913, stack(0x00007f5228a36000,0x00007f5228b37000)]
  0x00007f5240080000 JavaThread "Finalizer" daemon [_thread_blocked, id=13912, stack(0x00007f522921b000,0x00007f522931c000)]
  0x00007f524007b800 JavaThread "Reference Handler" daemon [_thread_blocked, id=13911, stack(0x00007f522931c000,0x00007f522941d000)]
=>0x00007f524000a000 JavaThread "main" [_thread_in_Java, id=13901, stack(0x00007f524734c000,0x00007f524744d000)]

Other Threads:
  0x00007f5240073800 VMThread [stack: 0x00007f522941d000,0x00007f522951e000] [id=13910]
  0x00007f52400c7000 WatcherThread [stack: 0x00007f5228632000,0x00007f5228733000] [id=13917]

VM state:not at safepoint (normal execution)

VM Mutex/Monitor currently owned by a thread: None

Heap:
 PSYoungGen      total 26112K, used 20348K [0x00000000eab00000, 0x00000000ec600000, 0x0000000100000000)
  eden space 24576K, 76% used [0x00000000eab00000,0x00000000ebd67318,0x00000000ec300000)
  from space 1536K, 97% used [0x00000000ec480000,0x00000000ec5f8020,0x00000000ec600000)
  to   space 1536K, 0% used [0x00000000ec300000,0x00000000ec300000,0x00000000ec480000)
 ParOldGen       total 31744K, used 7811K [0x00000000c0000000, 0x00000000c1f00000, 0x00000000eab00000)
  object space 31744K, 24% used [0x00000000c0000000,0x00000000c07a0ce8,0x00000000c1f00000)
 Metaspace       used 5926K, capacity 6872K, committed 7168K, reserved 1056768K
  class space    used 614K, capacity 656K, committed 768K, reserved 1048576K

Card table byte_map: [0x00007f5230dff000,0x00007f5231000000] byte_map_base: 0x00007f52307ff000

Marking Bits: (ParMarkBitMap*) 0x00007f5246828120
 Begin Bits: [0x00007f522a000000, 0x00007f522b000000)
 End Bits:   [0x00007f522b000000, 0x00007f522c000000)

Polling page: 0x00007f5247469000

CodeCache: size=245760Kb used=3287Kb max_used=3287Kb free=242472Kb
 bounds [0x00007f5231000000, 0x00007f5231340000, 0x00007f5240000000]
 total_blobs=1129 nmethods=863 adapters=182
 compilation: enabled

Compilation events (10 events):
Event: 8.665 Thread 0x00007f52400b7800 nmethod 1092 0x00007f523132b590 code [0x00007f523132b740, 0x00007f523132bc18]
Event: 8.665 Thread 0x00007f52400b7800 1073       2       com.android.dx.rop.type.Type::isUninitialized (13 bytes)
Event: 8.665 Thread 0x00007f52400b7800 nmethod 1073 0x00007f523132be90 code [0x00007f523132bfe0, 0x00007f523132c150]
Event: 8.665 Thread 0x00007f52400b7800 1100       2       com.android.dx.dex.code.RopTranslator$TranslationVisitor::visitThrowingCstInsn (225 bytes)
Event: 8.722 Thread 0x00007f52400b7800 nmethod 1100 0x00007f523132c1d0 code [0x00007f523132c460, 0x00007f523132ce08]
Event: 8.722 Thread 0x00007f52400b7800 1189       1       java.util.HashMap::afterNodeAccess (1 bytes)
Event: 8.722 Thread 0x00007f52400b7800 nmethod 1189 0x00007f523132da10 code [0x00007f523132db60, 0x00007f523132dc70]
Event: 8.722 Thread 0x00007f52400b7800 1191       1       com.android.dx.cf.code.BaseMachine::auxType (6 bytes)
Event: 8.722 Thread 0x00007f52400b7800 nmethod 1191 0x00007f523132dcd0 code [0x00007f523132de20, 0x00007f523132df50]
Event: 8.722 Thread 0x00007f52400b7800 1193 %     3       com.android.dx.ssa.SCCP::simulateBranch @ 615 (666 bytes)

GC Heap History (8 events):
Event: 3.263 GC heap before
{Heap before GC invocations=1 (full 0):
 PSYoungGen      total 13824K, used 12288K [0x00000000eab00000, 0x00000000eba00000, 0x0000000100000000)
  eden space 12288K, 100% used [0x00000000eab00000,0x00000000eb700000,0x00000000eb700000)
  from space 1536K, 0% used [0x00000000eb880000,0x00000000eb880000,0x00000000eba00000)
  to   space 1536K, 0% used [0x00000000eb700000,0x00000000eb700000,0x00000000eb880000)
 ParOldGen       total 31744K, used 0K [0x00000000c0000000, 0x00000000c1f00000, 0x00000000eab00000)
  object space 31744K, 0% used [0x00000000c0000000,0x00000000c0000000,0x00000000c1f00000)
 Metaspace       used 5433K, capacity 6512K, committed 6784K, reserved 1056768K
  class space    used 586K, capacity 616K, committed 640K, reserved 1048576K
Event: 3.294 GC heap after
Heap after GC invocations=1 (full 0):
 PSYoungGen      total 13824K, used 1527K [0x00000000eab00000, 0x00000000eba00000, 0x0000000100000000)
  eden space 12288K, 0% used [0x00000000eab00000,0x00000000eab00000,0x00000000eb700000)
  from space 1536K, 99% used [0x00000000eb700000,0x00000000eb87dc60,0x00000000eb880000)
  to   space 1536K, 0% used [0x00000000eb880000,0x00000000eb880000,0x00000000eba00000)
 ParOldGen       total 31744K, used 1895K [0x00000000c0000000, 0x00000000c1f00000, 0x00000000eab00000)
  object space 31744K, 5% used [0x00000000c0000000,0x00000000c01d9ff8,0x00000000c1f00000)
 Metaspace       used 5433K, capacity 6512K, committed 6784K, reserved 1056768K
  class space    used 586K, capacity 616K, committed 640K, reserved 1048576K
}
Event: 5.016 GC heap before
{Heap before GC invocations=2 (full 0):
 PSYoungGen      total 13824K, used 13815K [0x00000000eab00000, 0x00000000eba00000, 0x0000000100000000)
  eden space 12288K, 100% used [0x00000000eab00000,0x00000000eb700000,0x00000000eb700000)
  from space 1536K, 99% used [0x00000000eb700000,0x00000000eb87dc60,0x00000000eb880000)
  to   space 1536K, 0% used [0x00000000eb880000,0x00000000eb880000,0x00000000eba00000)
 ParOldGen       total 31744K, used 1895K [0x00000000c0000000, 0x00000000c1f00000, 0x00000000eab00000)
  object space 31744K, 5% used [0x00000000c0000000,0x00000000c01d9ff8,0x00000000c1f00000)
 Metaspace       used 5670K, capacity 6704K, committed 6784K, reserved 1056768K
  class space    used 589K, capacity 616K, committed 640K, reserved 1048576K
Event: 5.092 GC heap after
Heap after GC invocations=2 (full 0):
 PSYoungGen      total 13824K, used 1536K [0x00000000eab00000, 0x00000000ec600000, 0x0000000100000000)
  eden space 12288K, 0% used [0x00000000eab00000,0x00000000eab00000,0x00000000eb700000)
  from space 1536K, 100% used [0x00000000eb880000,0x00000000eba00000,0x00000000eba00000)
  to   space 1536K, 0% used [0x00000000eb700000,0x00000000eb700000,0x00000000eb880000)
 ParOldGen       total 31744K, used 4050K [0x00000000c0000000, 0x00000000c1f00000, 0x00000000eab00000)
  object space 31744K, 12% used [0x00000000c0000000,0x00000000c03f49a0,0x00000000c1f00000)
 Metaspace       used 5670K, capacity 6704K, committed 6784K, reserved 1056768K
  class space    used 589K, capacity 616K, committed 640K, reserved 1048576K
}
Event: 6.200 GC heap before
{Heap before GC invocations=3 (full 0):
 PSYoungGen      total 13824K, used 13824K [0x00000000eab00000, 0x00000000ec600000, 0x0000000100000000)
  eden space 12288K, 100% used [0x00000000eab00000,0x00000000eb700000,0x00000000eb700000)
  from space 1536K, 100% used [0x00000000eb880000,0x00000000eba00000,0x00000000eba00000)
  to   space 1536K, 0% used [0x00000000eb700000,0x00000000eb700000,0x00000000eb880000)
 ParOldGen       total 31744K, used 4050K [0x00000000c0000000, 0x00000000c1f00000, 0x00000000eab00000)
  object space 31744K, 12% used [0x00000000c0000000,0x00000000c03f49a0,0x00000000c1f00000)
 Metaspace       used 5722K, capacity 6704K, committed 6784K, reserved 1056768K
  class space    used 589K, capacity 616K, committed 640K, reserved 1048576K
Event: 6.285 GC heap after
Heap after GC invocations=3 (full 0):
 PSYoungGen      total 13824K, used 1506K [0x00000000eab00000, 0x00000000ec600000, 0x0000000100000000)
  eden space 12288K, 0% used [0x00000000eab00000,0x00000000eab00000,0x00000000eb700000)
  from space 1536K, 98% used [0x00000000eb700000,0x00000000eb878b08,0x00000000eb880000)
  to   space 1536K, 0% used [0x00000000ec480000,0x00000000ec480000,0x00000000ec600000)
 ParOldGen       total 31744K, used 6117K [0x00000000c0000000, 0x00000000c1f00000, 0x00000000eab00000)
  object space 31744K, 19% used [0x00000000c0000000,0x00000000c05f94c8,0x00000000c1f00000)
 Metaspace       used 5722K, capacity 6704K, committed 6784K, reserved 1056768K
  class space    used 589K, capacity 616K, committed 640K, reserved 1048576K
}
Event: 7.676 GC heap before
{Heap before GC invocations=4 (full 0):
 PSYoungGen      total 13824K, used 13794K [0x00000000eab00000, 0x00000000ec600000, 0x0000000100000000)
  eden space 12288K, 100% used [0x00000000eab00000,0x00000000eb700000,0x00000000eb700000)
  from space 1536K, 98% used [0x00000000eb700000,0x00000000eb878b08,0x00000000eb880000)
  to   space 1536K, 0% used [0x00000000ec480000,0x00000000ec480000,0x00000000ec600000)
 ParOldGen       total 31744K, used 6117K [0x00000000c0000000, 0x00000000c1f00000, 0x00000000eab00000)
  object space 31744K, 19% used [0x00000000c0000000,0x00000000c05f94c8,0x00000000c1f00000)
 Metaspace       used 5746K, capacity 6768K, committed 7040K, reserved 1056768K
  class space    used 589K, capacity 616K, committed 640K, reserved 1048576K
Event: 7.831 GC heap after
Heap after GC invocations=4 (full 0):
 PSYoungGen      total 26112K, used 1504K [0x00000000eab00000, 0x00000000ec600000, 0x0000000100000000)
  eden space 24576K, 0% used [0x00000000eab00000,0x00000000eab00000,0x00000000ec300000)
  from space 1536K, 97% used [0x00000000ec480000,0x00000000ec5f8020,0x00000000ec600000)
  to   space 1536K, 0% used [0x00000000ec300000,0x00000000ec300000,0x00000000ec480000)
 ParOldGen       total 31744K, used 7811K [0x00000000c0000000, 0x00000000c1f00000, 0x00000000eab00000)
  object space 31744K, 24% used [0x00000000c0000000,0x00000000c07a0ce8,0x00000000c1f00000)
 Metaspace       used 5746K, capacity 6768K, committed 7040K, reserved 1056768K
  class space    used 589K, capacity 616K, committed 640K, reserved 1048576K
}

Deoptimization events (8 events):
Event: 1.915 Thread 0x00007f524000a000 Uncommon trap: reason=unstable_if action=reinterpret pc=0x00007f5231155bd0 method=java.lang.String.indexOf(II)I @ 49
Event: 5.184 Thread 0x00007f524015d800 Uncommon trap: reason=bimorphic action=maybe_recompile pc=0x00007f523120eac4 method=java.util.HashMap.getNode(ILjava/lang/Object;)Ljava/util/HashMap$Node; @ 126
Event: 5.311 Thread 0x00007f524015d800 Uncommon trap: reason=bimorphic action=maybe_recompile pc=0x00007f523120eac4 method=java.util.HashMap.getNode(ILjava/lang/Object;)Ljava/util/HashMap$Node; @ 126
Event: 5.311 Thread 0x00007f524015d800 Uncommon trap: reason=bimorphic action=maybe_recompile pc=0x00007f523120eac4 method=java.util.HashMap.getNode(ILjava/lang/Object;)Ljava/util/HashMap$Node; @ 126
Event: 5.311 Thread 0x00007f524015d800 Uncommon trap: reason=bimorphic action=maybe_recompile pc=0x00007f523120eac4 method=java.util.HashMap.getNode(ILjava/lang/Object;)Ljava/util/HashMap$Node; @ 126
Event: 5.311 Thread 0x00007f524015d800 Uncommon trap: reason=bimorphic action=maybe_recompile pc=0x00007f52311e0bcc method=java.util.HashMap.getNode(ILjava/lang/Object;)Ljava/util/HashMap$Node; @ 126
Event: 8.011 Thread 0x00007f524015d800 Uncommon trap: reason=null_check action=make_not_entrant pc=0x00007f52312bba64 method=com.android.dx.ssa.SsaRenamer.getLocalForNewReg(I)Lcom/android/dx/rop/code/LocalItem; @ 19
Event: 8.390 Thread 0x00007f524015d800 Uncommon trap: reason=unstable_if action=reinterpret pc=0x00007f52312b13ac method=java.util.HashMap.getNode(ILjava/lang/Object;)Ljava/util/HashMap$Node; @ 84

Internal exceptions (6 events):
Event: 0.216 Thread 0x00007f524000a000 Exception <a 'java/lang/NoSuchMethodError': Method sun.misc.Unsafe.defineClass(Ljava/lang/String;[BII)Ljava/lang/Class; name or signature does not match> (0x00000000eab07cc0) thrown at [/HUDSON3/workspace/8-2-build-linux-amd64/jdk8u101/7261/hotspot/src/sh
Event: 0.216 Thread 0x00007f524000a000 Exception <a 'java/lang/NoSuchMethodError': Method sun.misc.Unsafe.prefetchRead(Ljava/lang/Object;J)V name or signature does not match> (0x00000000eab07fa8) thrown at [/HUDSON3/workspace/8-2-build-linux-amd64/jdk8u101/7261/hotspot/src/share/vm/prims/jni.c
Event: 8.011 Thread 0x00007f524015d800 Implicit null exception at 0x00007f52312b9383 to 0x00007f52312bba41
Event: 8.157 Thread 0x00007f524000a000 Exception <a 'java/lang/ArrayIndexOutOfBoundsException': 18> (0x00000000eaef6738) thrown at [/HUDSON3/workspace/8-2-build-linux-amd64/jdk8u101/7261/hotspot/src/share/vm/interpreter/interpreterRuntime.cpp, line 366]
Event: 8.178 Thread 0x00007f524000a000 Exception <a 'java/lang/ArrayIndexOutOfBoundsException': 145> (0x00000000eaef82b8) thrown at [/HUDSON3/workspace/8-2-build-linux-amd64/jdk8u101/7261/hotspot/src/share/vm/interpreter/interpreterRuntime.cpp, line 366]
Event: 8.198 Thread 0x00007f524000a000 Exception <a 'java/lang/ArrayIndexOutOfBoundsException': 40> (0x00000000eaef95a0) thrown at [/HUDSON3/workspace/8-2-build-linux-amd64/jdk8u101/7261/hotspot/src/share/vm/interpreter/interpreterRuntime.cpp, line 366]

Events (10 events):
Event: 8.345 loading class com/android/dx/cf/attrib/AttRuntimeInvisibleParameterAnnotations done
Event: 8.345 loading class com/android/dx/cf/attrib/BaseParameterAnnotations
Event: 8.345 loading class com/android/dx/cf/attrib/BaseParameterAnnotations done
Event: 8.380 loading class com/android/dx/cf/attrib/AttDeprecated
Event: 8.380 loading class com/android/dx/cf/attrib/AttDeprecated done
Event: 8.390 Thread 0x00007f524015d800 Uncommon trap: trap_request=0xffffff65 fr.pc=0x00007f52312b13ac
Event: 8.390 Thread 0x00007f524015d800 DEOPT PACKING pc=0x00007f52312b13ac sp=0x00007f522832cdb0
Event: 8.390 Thread 0x00007f524015d800 DEOPT UNPACKING pc=0x00007f5231004f69 sp=0x00007f522832cd48 mode 2
Event: 8.394 loading class com/android/dx/cf/attrib/AttRuntimeVisibleAnnotations
Event: 8.394 loading class com/android/dx/cf/attrib/AttRuntimeVisibleAnnotations done


Dynamic libraries:
00400000-00401000 r-xp 00000000 08:01 3279757                            /usr/lib/jvm/java-8-oracle/bin/java
00600000-00601000 rw-p 00000000 08:01 3279757                            /usr/lib/jvm/java-8-oracle/bin/java
01099000-010ba000 rw-p 00000000 00:00 0                                  [heap]
c0000000-c1f00000 rw-p 00000000 00:00 0 
c1f00000-eab00000 ---p 00000000 00:00 0 
eab00000-ec600000 rw-p 00000000 00:00 0 
ec600000-100000000 ---p 00000000 00:00 0 
100000000-1000c0000 rw-p 00000000 00:00 0 
1000c0000-140000000 ---p 00000000 00:00 0 
7f51f4000000-7f51f4021000 rw-p 00000000 00:00 0 
7f51f4021000-7f51f8000000 ---p 00000000 00:00 0 
7f51f8000000-7f51f8022000 rw-p 00000000 00:00 0 
7f51f8022000-7f51fc000000 ---p 00000000 00:00 0 
7f51fc000000-7f51fc024000 rw-p 00000000 00:00 0 
7f51fc024000-7f5200000000 ---p 00000000 00:00 0 
7f5200000000-7f5200021000 rw-p 00000000 00:00 0 
7f5200021000-7f5204000000 ---p 00000000 00:00 0 
7f5204000000-7f5204021000 rw-p 00000000 00:00 0 
7f5204021000-7f5208000000 ---p 00000000 00:00 0 
7f5208000000-7f5208021000 rw-p 00000000 00:00 0 
7f5208021000-7f520c000000 ---p 00000000 00:00 0 
7f520c000000-7f520c497000 rw-p 00000000 00:00 0 
7f520c497000-7f5210000000 ---p 00000000 00:00 0 
7f5210000000-7f52105db000 rw-p 00000000 00:00 0 
7f52105db000-7f5214000000 ---p 00000000 00:00 0 
7f5214000000-7f5214021000 rw-p 00000000 00:00 0 
7f5214021000-7f5218000000 ---p 00000000 00:00 0 
7f5218000000-7f5218021000 rw-p 00000000 00:00 0 
7f5218021000-7f521c000000 ---p 00000000 00:00 0 
7f521c000000-7f521c021000 rw-p 00000000 00:00 0 
7f521c021000-7f5220000000 ---p 00000000 00:00 0 
7f5220000000-7f5220021000 rw-p 00000000 00:00 0 
7f5220021000-7f5224000000 ---p 00000000 00:00 0 
7f5224000000-7f5224021000 rw-p 00000000 00:00 0 
7f5224021000-7f5228000000 ---p 00000000 00:00 0 
7f522812d000-7f5228130000 ---p 00000000 00:00 0 
7f5228130000-7f522822e000 rw-p 00000000 00:00 0                          [stack:13927]
7f522822e000-7f5228231000 ---p 00000000 00:00 0 
7f5228231000-7f522832f000 rw-p 00000000 00:00 0                          [stack:13926]
7f522832f000-7f5228332000 ---p 00000000 00:00 0 
7f5228332000-7f5228430000 rw-p 00000000 00:00 0                          [stack:13925]
7f5228430000-7f5228433000 ---p 00000000 00:00 0 
7f5228433000-7f5228531000 rw-p 00000000 00:00 0                          [stack:13924]
7f5228531000-7f5228534000 ---p 00000000 00:00 0 
7f5228534000-7f5228632000 rw-p 00000000 00:00 0                          [stack:13923]
7f5228632000-7f5228633000 ---p 00000000 00:00 0 
7f5228633000-7f5228733000 rw-p 00000000 00:00 0                          [stack:13917]
7f5228733000-7f5228736000 ---p 00000000 00:00 0 
7f5228736000-7f5228834000 rw-p 00000000 00:00 0                          [stack:13916]
7f5228834000-7f5228837000 ---p 00000000 00:00 0 
7f5228837000-7f5228935000 rw-p 00000000 00:00 0                          [stack:13915]
7f5228935000-7f5228938000 ---p 00000000 00:00 0 
7f5228938000-7f5228a36000 rw-p 00000000 00:00 0                          [stack:13914]
7f5228a36000-7f5228a39000 ---p 00000000 00:00 0 
7f5228a39000-7f5228b37000 rw-p 00000000 00:00 0                          [stack:13913]
7f5228b37000-7f522921b000 r--p 00000000 08:01 13113697                   /usr/lib/locale/locale-archive
7f522921b000-7f522921e000 ---p 00000000 00:00 0 
7f522921e000-7f522931c000 rw-p 00000000 00:00 0                          [stack:13912]
7f522931c000-7f522931f000 ---p 00000000 00:00 0 
7f522931f000-7f522941d000 rw-p 00000000 00:00 0                          [stack:13911]
7f522941d000-7f522941e000 ---p 00000000 00:00 0 
7f522941e000-7f5229e27000 rw-p 00000000 00:00 0                          [stack:13910]
7f5229e27000-7f522a000000 r--s 03d29000 08:01 13118676                   /usr/lib/jvm/java-8-oracle/jre/lib/rt.jar
7f522a000000-7f522c000000 rw-p 00000000 00:00 0 
7f522c000000-7f522c021000 rw-p 00000000 00:00 0 
7f522c021000-7f5230000000 ---p 00000000 00:00 0 
7f52300c2000-7f52307e8000 rw-p 00000000 00:00 0 
7f52307e8000-7f52309a8000 ---p 00000000 00:00 0 
7f52309a8000-7f5230ba8000 rw-p 00000000 00:00 0 
7f5230ba8000-7f5230ba9000 ---p 00000000 00:00 0 
7f5230ba9000-7f5230cb9000 rw-p 00000000 00:00 0                          [stack:13904]
7f5230cb9000-7f5230dff000 ---p 00000000 00:00 0 
7f5230dff000-7f5230e0f000 rw-p 00000000 00:00 0 
7f5230e0f000-7f5230f54000 ---p 00000000 00:00 0 
7f5230f54000-7f5230f62000 rw-p 00000000 00:00 0 
7f5230f62000-7f5230fff000 ---p 00000000 00:00 0 
7f5230fff000-7f5231000000 rw-p 00000000 00:00 0 
7f5231000000-7f5231340000 rwxp 00000000 00:00 0 
7f5231340000-7f5240000000 ---p 00000000 00:00 0 
7f5240000000-7f5240411000 rw-p 00000000 00:00 0 
7f5240411000-7f5244000000 ---p 00000000 00:00 0 
7f5244010000-7f5244011000 rw-p 00000000 00:00 0 
7f5244011000-7f5244012000 ---p 00000000 00:00 0 
7f5244012000-7f524411f000 rw-p 00000000 00:00 0                          [stack:13903]
7f524411f000-7f52444d2000 ---p 00000000 00:00 0 
7f52444d2000-7f52444ec000 r-xp 00000000 08:01 13766358                   /usr/lib/jvm/java-8-oracle/jre/lib/amd64/libzip.so
7f52444ec000-7f52446ec000 ---p 0001a000 08:01 13766358                   /usr/lib/jvm/java-8-oracle/jre/lib/amd64/libzip.so
7f52446ec000-7f52446ed000 rw-p 0001a000 08:01 13766358                   /usr/lib/jvm/java-8-oracle/jre/lib/amd64/libzip.so
7f52446ed000-7f52446f8000 r-xp 00000000 08:01 2621673                    /lib/x86_64-linux-gnu/libnss_files-2.15.so
7f52446f8000-7f52448f7000 ---p 0000b000 08:01 2621673                    /lib/x86_64-linux-gnu/libnss_files-2.15.so
7f52448f7000-7f52448f8000 r--p 0000a000 08:01 2621673                    /lib/x86_64-linux-gnu/libnss_files-2.15.so
7f52448f8000-7f52448f9000 rw-p 0000b000 08:01 2621673                    /lib/x86_64-linux-gnu/libnss_files-2.15.so
7f52448f9000-7f5244903000 r-xp 00000000 08:01 2621658                    /lib/x86_64-linux-gnu/libnss_nis-2.15.so
7f5244903000-7f5244b03000 ---p 0000a000 08:01 2621658                    /lib/x86_64-linux-gnu/libnss_nis-2.15.so
7f5244b03000-7f5244b04000 r--p 0000a000 08:01 2621658                    /lib/x86_64-linux-gnu/libnss_nis-2.15.so
7f5244b04000-7f5244b05000 rw-p 0000b000 08:01 2621658                    /lib/x86_64-linux-gnu/libnss_nis-2.15.so
7f5244b05000-7f5244b1c000 r-xp 00000000 08:01 2621667                    /lib/x86_64-linux-gnu/libnsl-2.15.so
7f5244b1c000-7f5244d1b000 ---p 00017000 08:01 2621667                    /lib/x86_64-linux-gnu/libnsl-2.15.so
7f5244d1b000-7f5244d1c000 r--p 00016000 08:01 2621667                    /lib/x86_64-linux-gnu/libnsl-2.15.so
7f5244d1c000-7f5244d1d000 rw-p 00017000 08:01 2621667                    /lib/x86_64-linux-gnu/libnsl-2.15.so
7f5244d1d000-7f5244d1f000 rw-p 00000000 00:00 0 
7f5244d1f000-7f5244d27000 r-xp 00000000 08:01 2621672                    /lib/x86_64-linux-gnu/libnss_compat-2.15.so
7f5244d27000-7f5244f26000 ---p 00008000 08:01 2621672                    /lib/x86_64-linux-gnu/libnss_compat-2.15.so
7f5244f26000-7f5244f27000 r--p 00007000 08:01 2621672                    /lib/x86_64-linux-gnu/libnss_compat-2.15.so
7f5244f27000-7f5244f28000 rw-p 00008000 08:01 2621672                    /lib/x86_64-linux-gnu/libnss_compat-2.15.so
7f5244f28000-7f5244f52000 r-xp 00000000 08:01 13766323                   /usr/lib/jvm/java-8-oracle/jre/lib/amd64/libjava.so
7f5244f52000-7f5245152000 ---p 0002a000 08:01 13766323                   /usr/lib/jvm/java-8-oracle/jre/lib/amd64/libjava.so
7f5245152000-7f5245154000 rw-p 0002a000 08:01 13766323                   /usr/lib/jvm/java-8-oracle/jre/lib/amd64/libjava.so
7f5245154000-7f5245161000 r-xp 00000000 08:01 13766361                   /usr/lib/jvm/java-8-oracle/jre/lib/amd64/libverify.so
7f5245161000-7f5245361000 ---p 0000d000 08:01 13766361                   /usr/lib/jvm/java-8-oracle/jre/lib/amd64/libverify.so
7f5245361000-7f5245363000 rw-p 0000d000 08:01 13766361                   /usr/lib/jvm/java-8-oracle/jre/lib/amd64/libverify.so
7f5245363000-7f524536a000 r-xp 00000000 08:01 2621660                    /lib/x86_64-linux-gnu/librt-2.15.so
7f524536a000-7f5245569000 ---p 00007000 08:01 2621660                    /lib/x86_64-linux-gnu/librt-2.15.so
7f5245569000-7f524556a000 r--p 00006000 08:01 2621660                    /lib/x86_64-linux-gnu/librt-2.15.so
7f524556a000-7f524556b000 rw-p 00007000 08:01 2621660                    /lib/x86_64-linux-gnu/librt-2.15.so
7f524556b000-7f5245666000 r-xp 00000000 08:01 2621674                    /lib/x86_64-linux-gnu/libm-2.15.so
7f5245666000-7f5245865000 ---p 000fb000 08:01 2621674                    /lib/x86_64-linux-gnu/libm-2.15.so
7f5245865000-7f5245866000 r--p 000fa000 08:01 2621674                    /lib/x86_64-linux-gnu/libm-2.15.so
7f5245866000-7f5245867000 rw-p 000fb000 08:01 2621674                    /lib/x86_64-linux-gnu/libm-2.15.so
7f5245867000-7f5246532000 r-xp 00000000 08:01 13894575                   /usr/lib/jvm/java-8-oracle/jre/lib/amd64/server/libjvm.so
7f5246532000-7f5246731000 ---p 00ccb000 08:01 13894575                   /usr/lib/jvm/java-8-oracle/jre/lib/amd64/server/libjvm.so
7f5246731000-7f524680a000 rw-p 00cca000 08:01 13894575                   /usr/lib/jvm/java-8-oracle/jre/lib/amd64/server/libjvm.so
7f524680a000-7f5246855000 rw-p 00000000 00:00 0 
7f5246855000-7f5246a09000 r-xp 00000000 08:01 2621665                    /lib/x86_64-linux-gnu/libc-2.15.so
7f5246a09000-7f5246c08000 ---p 001b4000 08:01 2621665                    /lib/x86_64-linux-gnu/libc-2.15.so
7f5246c08000-7f5246c0c000 r--p 001b3000 08:01 2621665                    /lib/x86_64-linux-gnu/libc-2.15.so
7f5246c0c000-7f5246c0e000 rw-p 001b7000 08:01 2621665                    /lib/x86_64-linux-gnu/libc-2.15.so
7f5246c0e000-7f5246c13000 rw-p 00000000 00:00 0 
7f5246c13000-7f5246c15000 r-xp 00000000 08:01 2621657                    /lib/x86_64-linux-gnu/libdl-2.15.so
7f5246c15000-7f5246e15000 ---p 00002000 08:01 2621657                    /lib/x86_64-linux-gnu/libdl-2.15.so
7f5246e15000-7f5246e16000 r--p 00002000 08:01 2621657                    /lib/x86_64-linux-gnu/libdl-2.15.so
7f5246e16000-7f5246e17000 rw-p 00003000 08:01 2621657                    /lib/x86_64-linux-gnu/libdl-2.15.so
7f5246e17000-7f5246e2c000 r-xp 00000000 08:01 2627921                    /usr/lib/jvm/java-8-oracle/lib/amd64/jli/libjli.so
7f5246e2c000-7f524702c000 ---p 00015000 08:01 2627921                    /usr/lib/jvm/java-8-oracle/lib/amd64/jli/libjli.so
7f524702c000-7f524702d000 rw-p 00015000 08:01 2627921                    /usr/lib/jvm/java-8-oracle/lib/amd64/jli/libjli.so
7f524702d000-7f5247045000 r-xp 00000000 08:01 2621668                    /lib/x86_64-linux-gnu/libpthread-2.15.so
7f5247045000-7f5247244000 ---p 00018000 08:01 2621668                    /lib/x86_64-linux-gnu/libpthread-2.15.so
7f5247244000-7f5247245000 r--p 00017000 08:01 2621668                    /lib/x86_64-linux-gnu/libpthread-2.15.so
7f5247245000-7f5247246000 rw-p 00018000 08:01 2621668                    /lib/x86_64-linux-gnu/libpthread-2.15.so
7f5247246000-7f524724a000 rw-p 00000000 00:00 0 
7f524724a000-7f524726c000 r-xp 00000000 08:01 2621671                    /lib/x86_64-linux-gnu/ld-2.15.so
7f524726c000-7f524726e000 rw-p 00000000 00:00 0 
7f524726e000-7f5247273000 r--s 00040000 08:01 10626543                   /home/lin/other/AndroidProjects/Radio/app/build/intermediates/exploded-aar/com.android.support/recyclerview-v7/23.0.1/jars/classes.jar
7f5247273000-7f524734c000 rw-p 00000000 00:00 0 
7f524734c000-7f524734f000 ---p 00000000 00:00 0 
7f524734f000-7f5247451000 rw-p 00000000 00:00 0                          [stack:13901]
7f5247451000-7f5247460000 r--s 000df000 08:01 11274850                   /root/Android/Sdk/build-tools/23.0.3/lib/dx.jar
7f5247460000-7f5247468000 rw-s 00000000 08:01 4850444                    /tmp/hsperfdata_root/13897
7f5247468000-7f5247469000 rw-p 00000000 00:00 0 
7f5247469000-7f524746a000 r--p 00000000 00:00 0 
7f524746a000-7f524746c000 rw-p 00000000 00:00 0 
7f524746c000-7f524746d000 r--p 00022000 08:01 2621671                    /lib/x86_64-linux-gnu/ld-2.15.so
7f524746d000-7f524746f000 rw-p 00023000 08:01 2621671                    /lib/x86_64-linux-gnu/ld-2.15.so
7ffed4251000-7ffed4272000 rw-p 00000000 00:00 0                          [stack]
7ffed4290000-7ffed4292000 r-xp 00000000 00:00 0                          [vdso]
ffffffffff600000-ffffffffff601000 r-xp 00000000 00:00 0                  [vsyscall]

VM Arguments:
jvm_args: -Djava.awt.headless=true -Xmx1024M -Dfile.encoding=UTF-8 -Duser.country=US -Duser.language=en -Duser.variant 
java_command: com.android.dx.command.Main --dex --num-threads=4 --output /home/lin/other/AndroidProjects/Radio/app/build/intermediates/pre-dexed/debug/com.android.support-recyclerview-v7-23.0.1_4d66548410a3b3ff8b552055a86666757e800a86.jar /home/lin/other/AndroidProjects/Radio/app/build/intermediates/exploded-aar/com.android.support/recyclerview-v7/23.0.1/jars/classes.jar
java_class_path (initial): /root/Android/Sdk/build-tools/23.0.3/lib/dx.jar
Launcher Type: SUN_STANDARD

Environment Variables:
PATH=/usr/local/sbin:/usr/local/bin:/usr/sbin:/usr/bin:/sbin:/bin
USERNAME=root
LD_LIBRARY_PATH=/opt/android-studio/bin:
SHELL=/bin/bash
DISPLAY=:0.0

Signal Handlers:
SIGSEGV: [libjvm.so+0xac4790], sa_mask[0]=11111111011111111101111111111110, sa_flags=SA_RESTART|SA_SIGINFO
SIGBUS: [libjvm.so+0xac4790], sa_mask[0]=11111111011111111101111111111110, sa_flags=SA_RESTART|SA_SIGINFO
SIGFPE: [libjvm.so+0x91f140], sa_mask[0]=11111111011111111101111111111110, sa_flags=SA_RESTART|SA_SIGINFO
SIGPIPE: [libjvm.so+0x91f140], sa_mask[0]=11111111011111111101111111111110, sa_flags=SA_RESTART|SA_SIGINFO
SIGXFSZ: [libjvm.so+0x91f140], sa_mask[0]=11111111011111111101111111111110, sa_flags=SA_RESTART|SA_SIGINFO
SIGILL: [libjvm.so+0x91f140], sa_mask[0]=11111111011111111101111111111110, sa_flags=SA_RESTART|SA_SIGINFO
SIGUSR1: SIG_DFL, sa_mask[0]=00000000000000000000000000000000, sa_flags=none
SIGUSR2: [libjvm.so+0x920770], sa_mask[0]=00100000000000000000000000000000, sa_flags=SA_RESTART|SA_SIGINFO
SIGHUP: [libjvm.so+0x921b70], sa_mask[0]=11111111011111111101111111111110, sa_flags=SA_RESTART|SA_SIGINFO
SIGINT: [libjvm.so+0x921b70], sa_mask[0]=11111111011111111101111111111110, sa_flags=SA_RESTART|SA_SIGINFO
SIGTERM: [libjvm.so+0x921b70], sa_mask[0]=11111111011111111101111111111110, sa_flags=SA_RESTART|SA_SIGINFO
SIGQUIT: [libjvm.so+0x921b70], sa_mask[0]=11111111011111111101111111111110, sa_flags=SA_RESTART|SA_SIGINFO


---------------  S Y S T E M  ---------------

OS:DISTRIB_ID=Ubuntu
DISTRIB_RELEASE=12.04
DISTRIB_CODENAME=precise
DISTRIB_DESCRIPTION="Ubuntu 12.04.5 LTS"

uname:Linux 3.13.0-95-generic #142~precise1-Ubuntu SMP Fri Aug 12 18:20:15 UTC 2016 x86_64
libc:glibc 2.15 NPTL 2.15 
rlimit: STACK 8192k, CORE 0k, NPROC 22873, NOFILE 4096, AS infinity
load average:6.58 2.32 1.40

/proc/meminfo:
MemTotal:        2948840 kB
MemFree:          169112 kB
Buffers:           39428 kB
Cached:           696612 kB
SwapCached:        51044 kB
Active:          1823984 kB
Inactive:         771904 kB
Active(anon):    1493192 kB
Inactive(anon):   542616 kB
Active(file):     330792 kB
Inactive(file):   229288 kB
Unevictable:           0 kB
Mlocked:               0 kB
SwapTotal:       3008508 kB
SwapFree:        2750728 kB
Dirty:              3900 kB
Writeback:             0 kB
AnonPages:       1841264 kB
Mapped:           236864 kB
Shmem:            175960 kB
Slab:              96872 kB
SReclaimable:      67016 kB
SUnreclaim:        29856 kB
KernelStack:        4488 kB
PageTables:        33148 kB
NFS_Unstable:          0 kB
Bounce:                0 kB
WritebackTmp:          0 kB
CommitLimit:     4482928 kB
Committed_AS:    4762796 kB
VmallocTotal:   34359738367 kB
VmallocUsed:      346464 kB
VmallocChunk:   34359383644 kB
HardwareCorrupted:     0 kB
AnonHugePages:    768000 kB
HugePages_Total:       0
HugePages_Free:        0
HugePages_Rsvd:        0
HugePages_Surp:        0
Hugepagesize:       2048 kB
DirectMap4k:       67972 kB
DirectMap2M:     2942976 kB


CPU:total 2 (2 cores per cpu, 1 threads per core) family 6 model 15 stepping 13, cmov, cx8, fxsr, mmx, sse, sse2, sse3, ssse3, tsc

/proc/cpuinfo:
processor	: 0
vendor_id	: GenuineIntel
cpu family	: 6
model		: 15
model name	: Genuine Intel(R) CPU           T1600  @ 1.66GHz
stepping	: 13
microcode	: 0xa3
cpu MHz		: 1662.438
cache size	: 1024 KB
physical id	: 0
siblings	: 2
core id		: 0
cpu cores	: 2
apicid		: 0
initial apicid	: 0
fpu		: yes
fpu_exception	: yes
cpuid level	: 10
wp		: yes
flags		: fpu vme de pse tsc msr pae mce cx8 apic sep mtrr pge mca cmov pat pse36 clflush dts acpi mmx fxsr sse sse2 ss ht tm pbe syscall nx lm constant_tsc arch_perfmon pebs bts rep_good nopl aperfmperf pni dtes64 monitor ds_cpl tm2 ssse3 cx16 xtpr pdcm lahf_lm dtherm
bogomips	: 3324.87
clflush size	: 64
cache_alignment	: 64
address sizes	: 36 bits physical, 48 bits virtual
power management:

processor	: 1
vendor_id	: GenuineIntel
cpu family	: 6
model		: 15
model name	: Genuine Intel(R) CPU           T1600  @ 1.66GHz
stepping	: 13
microcode	: 0xa3
cpu MHz		: 1662.438
cache size	: 1024 KB
physical id	: 0
siblings	: 2
core id		: 1
cpu cores	: 2
apicid		: 1
initial apicid	: 1
fpu		: yes
fpu_exception	: yes
cpuid level	: 10
wp		: yes
flags		: fpu vme de pse tsc msr pae mce cx8 apic sep mtrr pge mca cmov pat pse36 clflush dts acpi mmx fxsr sse sse2 ss ht tm pbe syscall nx lm constant_tsc arch_perfmon pebs bts rep_good nopl aperfmperf pni dtes64 monitor ds_cpl tm2 ssse3 cx16 xtpr pdcm lahf_lm dtherm
bogomips	: 3324.87
clflush size	: 64
cache_alignment	: 64
address sizes	: 36 bits physical, 48 bits virtual
power management:



Memory: 4k page, physical 2948840k(169112k free), swap 3008508k(2750728k free)

vm_info: Java HotSpot(TM) 64-Bit Server VM (25.101-b13) for linux-amd64 JRE (1.8.0_101-b13), built on Jun 22 2016 02:59:44 by "java_re" with gcc 4.3.0 20080428 (Red Hat 4.3.0-8)

time: Tue Sep 27 21:03:49 2016
elapsed time: 8 seconds (0d 0h 0m 8s)

