#
# A fatal error has been detected by the Java Runtime Environment:
#
#  SIGSEGV (0xb) at pc=0x00007fe9cd21b7f4, pid=20529, tid=0x00007fe9ca012700
#
# JRE version: Java(TM) SE Runtime Environment (8.0_101-b13) (build 1.8.0_101-b13)
# Java VM: Java HotSpot(TM) 64-Bit Server VM (25.101-b13 mixed mode linux-amd64 compressed oops)
# Problematic frame:
# J 591 C2 java.util.HashMap.getNode(ILjava/lang/Object;)Ljava/util/HashMap$Node; (148 bytes) @ 0x00007fe9cd21b7f4 [0x00007fe9cd21b700+0xf4]
#
# Failed to write core dump. Core dumps have been disabled. To enable core dumping, try "ulimit -c unlimited" before starting Java again
#
# If you would like to submit a bug report, please visit:
#   http://bugreport.java.com/bugreport/crash.jsp
#

---------------  T H R E A D  ---------------

Current thread (0x00007fe9dc148000):  JavaThread "pool-1-thread-3" [_thread_in_Java, id=20562, stack(0x00007fe9c9f12000,0x00007fe9ca013000)]

siginfo: si_signo: 11 (SIGSEGV), si_code: 1 (SEGV_MAPERR), si_addr: 0x000000000004000c

Registers:
RAX=0x0000000000000000, RBX=0x00000000eb8fe210, RCX=0x0000000000000148, RDX=0x00000000eb944f50
RSP=0x00007fe9ca0108f0, RBP=0x00000000eb8ad580, RSI=0x00000000eb8ad580, RDI=0x00000001000817d0
R8 =0x0000000000000001, R9 =0x0000000000000006, R10=0x0000000000040000, R11=0x0000000000040000
R12=0x0000000000000000, R13=0x00007fe9ca010a60, R14=0x00007fe9ca010b68, R15=0x00007fe9dc148000
RIP=0x00007fe9cd21b7f4, EFLAGS=0x0000000000010206, CSGSFS=0x0000000000000033, ERR=0x0000000000000004
  TRAPNO=0x000000000000000e

Top of Stack: (sp=0x00007fe9ca0108f0)
0x00007fe9ca0108f0:   00007fe9cb1eddd1 00000000eb8ad580
0x00007fe9ca010900:   0000000000040000 0000000000000002
0x00007fe9ca010910:   0000000000000000 ffffffffe9ff5002
0x00007fe9ca010920:   00007fe9ca010ab0 00007fe9cd1efd24
0x00007fe9ca010930:   00007fe9ca0109e0 00000000eb8adc18
0x00007fe9ca010940:   00007fe9ca0109a0 00007fe9cd007a40
0x00007fe9ca010950:   00007fe9cd007a40 0000000000000005
0x00007fe9ca010960:   00000000eab14968 00007fe9e123f3d5
0x00007fe9ca010970:   00007fe9ca0109d8 00007fe9cd007ffd
0x00007fe9ca010980:   00007fe9e1398168 00007fe9cd007ffd
0x00007fe9ca010990:   00000000eab14968 00007fe9ca010998
0x00007fe9ca0109a0:   00007fe9e12bc471 00007fe9ca010a00
0x00007fe9ca0109b0:   00007fe9e12bcc70 00007fe9e1397c10
0x00007fe9ca0109c0:   00007fe9e12bc4e0 0000000000000000
0x00007fe9ca0109d0:   00007fe9ca0109e8 00007fe9ca010a50
0x00007fe9ca0109e0:   0000000000000003 00000000eb8adc18
0x00007fe9ca0109f0:   000000000000002c 00000000c017f790
0x00007fe9ca010a00:   00007fe9ca010ab0 00007fe9cd22bccc
0x00007fe9ca010a10:   00007fe9ca010a60 00007fe9e12a97a8
0x00007fe9ca010a20:   00007fe9e13af340 00007fe9e12a9500
0x00007fe9ca010a30:   0000000000000000 00007fe9ca010a58
0x00007fe9ca010a40:   00007fe9ca010ab0 00007fe9cd007d80
0x00007fe9ca010a50:   0000000000000000 00007fe9cd007d80
0x00007fe9ca010a60:   00000000eb8fe1e8 0000000000000002
0x00007fe9ca010a70:   00007fe9ca010a70 00007fe9e12a478d
0x00007fe9ca010a80:   00007fe9ca010b68 00007fe9e12ac028
0x00007fe9ca010a90:   00007fe9e13a1380 00007fe9e12a5060
0x00007fe9ca010aa0:   00007fe9ca010a60 00007fe9ca010b50
0x00007fe9ca010ab0:   00007fe9ca010bb0 00007fe9cd008042
0x00007fe9ca010ac0:   0000000000000000 0000000000000000
0x00007fe9ca010ad0:   0000000000000000 0000000000000000
0x00007fe9ca010ae0:   0000000000000000 0000000000000000 

Instructions: (pc=0x00007fe9cd21b7f4)
0x00007fe9cd21b7d4:   92 00 00 00 bd 01 00 00 00 41 81 f8 7c 65 00 20
0x00007fe9cd21b7e4:   0f 84 eb 00 00 00 4c 89 54 24 10 4c 8b 54 24 10
0x00007fe9cd21b7f4:   45 8b 5a 0c 44 3b 1c 24 74 2c 48 8b 6c 24 08 4c
0x00007fe9cd21b804:   8b 54 24 10 45 8b 5a 18 85 05 ee e7 e6 17 45 85 

Register to memory mapping:

RAX=0x0000000000000000 is an unknown value
RBX=0x00000000eb8fe210 is an oop
java.lang.String 
 - klass: 'java/lang/String'
RCX=0x0000000000000148 is an unknown value
RDX=0x00000000eb944f50 is an oop

[error occurred during error reporting (printing register info), id 0xb]

Stack: [0x00007fe9c9f12000,0x00007fe9ca013000],  sp=0x00007fe9ca0108f0,  free space=1018k
Native frames: (J=compiled Java code, j=interpreted, Vv=VM code, C=native code)
J 591 C2 java.util.HashMap.getNode(ILjava/lang/Object;)Ljava/util/HashMap$Node; (148 bytes) @ 0x00007fe9cd21b7f4 [0x00007fe9cd21b700+0xf4]
J 457 C1 com.android.dx.rop.code.RegisterSpec.intern(ILcom/android/dx/rop/type/TypeBearer;Lcom/android/dx/rop/code/LocalItem;)Lcom/android/dx/rop/code/RegisterSpec; (70 bytes) @ 0x00007fe9cd1efd24 [0x00007fe9cd1ef900+0x424]
J 638 C1 com.android.dx.rop.code.RegisterSpec.make(ILcom/android/dx/rop/type/TypeBearer;)Lcom/android/dx/rop/code/RegisterSpec; (7 bytes) @ 0x00007fe9cd22bccc [0x00007fe9cd22bc80+0x4c]
j  com.android.dx.cf.code.RopperMachine.run(Lcom/android/dx/cf/code/Frame;II)V+133
j  com.android.dx.cf.code.Simulator$SimVisitor.visitConstant(IIILcom/android/dx/rop/cst/Constant;I)V+326
J 655 C1 com.android.dx.cf.code.BytecodeArray.parseInstruction(ILcom/android/dx/cf/code/BytecodeArray$Visitor;)I (2764 bytes) @ 0x00007fe9cd22de1c [0x00007fe9cd22cde0+0x103c]
j  com.android.dx.cf.code.Simulator.simulate(Lcom/android/dx/cf/code/ByteBlock;Lcom/android/dx/cf/code/Frame;)V+35
j  com.android.dx.cf.code.Ropper.processBlock(Lcom/android/dx/cf/code/ByteBlock;Lcom/android/dx/cf/code/Frame;[I)V+29
j  com.android.dx.cf.code.Ropper.doit()V+61
j  com.android.dx.cf.code.Ropper.convert(Lcom/android/dx/cf/code/ConcreteMethod;Lcom/android/dx/rop/code/TranslationAdvice;Lcom/android/dx/cf/iface/MethodList;)Lcom/android/dx/rop/code/RopMethod;+12
j  com.android.dx.dex.cf.CfTranslator.processMethods(Lcom/android/dx/cf/direct/DirectClassFile;Lcom/android/dx/dex/cf/CfOptions;Lcom/android/dx/dex/DexOptions;Lcom/android/dx/dex/file/ClassDefItem;Lcom/android/dx/dex/file/DexFile;)V+176
j  com.android.dx.dex.cf.CfTranslator.translate0(Lcom/android/dx/cf/direct/DirectClassFile;[BLcom/android/dx/dex/cf/CfOptions;Lcom/android/dx/dex/DexOptions;Lcom/android/dx/dex/file/DexFile;)Lcom/android/dx/dex/file/ClassDefItem;+120
j  com.android.dx.dex.cf.CfTranslator.translate(Lcom/android/dx/cf/direct/DirectClassFile;[BLcom/android/dx/dex/cf/CfOptions;Lcom/android/dx/dex/DexOptions;Lcom/android/dx/dex/file/DexFile;)Lcom/android/dx/dex/file/ClassDefItem;+6
j  com.android.dx.command.dexer.Main.translateClass([BLcom/android/dx/cf/direct/DirectClassFile;)Lcom/android/dx/dex/file/ClassDefItem;+17
j  com.android.dx.command.dexer.Main.access$2700([BLcom/android/dx/cf/direct/DirectClassFile;)Lcom/android/dx/dex/file/ClassDefItem;+2
j  com.android.dx.command.dexer.Main$ClassTranslatorTask.call()Lcom/android/dx/dex/file/ClassDefItem;+8
j  com.android.dx.command.dexer.Main$ClassTranslatorTask.call()Ljava/lang/Object;+1
j  java.util.concurrent.FutureTask.run()V+42
j  java.util.concurrent.ThreadPoolExecutor.runWorker(Ljava/util/concurrent/ThreadPoolExecutor$Worker;)V+95
j  java.util.concurrent.ThreadPoolExecutor$Worker.run()V+5
j  java.lang.Thread.run()V+11
v  ~StubRoutines::call_stub
V  [libjvm.so+0x68f6b6]  JavaCalls::call_helper(JavaValue*, methodHandle*, JavaCallArguments*, Thread*)+0x1056
V  [libjvm.so+0x68fbc1]  JavaCalls::call_virtual(JavaValue*, KlassHandle, Symbol*, Symbol*, JavaCallArguments*, Thread*)+0x321
V  [libjvm.so+0x690067]  JavaCalls::call_virtual(JavaValue*, Handle, KlassHandle, Symbol*, Symbol*, Thread*)+0x47
V  [libjvm.so+0x726fc0]  thread_entry(JavaThread*, Thread*)+0xa0
V  [libjvm.so+0xa7343f]  JavaThread::thread_main_inner()+0xdf
V  [libjvm.so+0xa7356c]  JavaThread::run()+0x11c
V  [libjvm.so+0x924698]  java_start(Thread*)+0x108
C  [libpthread.so.0+0x7e9a]  start_thread+0xda


---------------  P R O C E S S  ---------------

Java Threads: ( => current thread )
  0x00007fe9dc14a000 JavaThread "pool-1-thread-4" [_thread_blocked, id=20563, stack(0x00007fe9c9e11000,0x00007fe9c9f12000)]
=>0x00007fe9dc148000 JavaThread "pool-1-thread-3" [_thread_in_Java, id=20562, stack(0x00007fe9c9f12000,0x00007fe9ca013000)]
  0x00007fe9dc147000 JavaThread "pool-1-thread-2" [_thread_blocked, id=20561, stack(0x00007fe9ca013000,0x00007fe9ca114000)]
  0x00007fe9dc145000 JavaThread "pool-2-thread-1" [_thread_blocked, id=20560, stack(0x00007fe9ca114000,0x00007fe9ca215000)]
  0x00007fe9dc143000 JavaThread "pool-1-thread-1" [_thread_blocked, id=20559, stack(0x00007fe9ca215000,0x00007fe9ca316000)]
  0x00007fe9dc0c4000 JavaThread "Service Thread" daemon [_thread_blocked, id=20544, stack(0x00007fe9ca417000,0x00007fe9ca518000)]
  0x00007fe9dc0b7800 JavaThread "C1 CompilerThread1" daemon [_thread_in_native, id=20543, stack(0x00007fe9ca518000,0x00007fe9ca619000)]
  0x00007fe9dc0b4800 JavaThread "C2 CompilerThread0" daemon [_thread_in_native, id=20542, stack(0x00007fe9ca619000,0x00007fe9ca71a000)]
  0x00007fe9dc0b3000 JavaThread "Signal Dispatcher" daemon [_thread_blocked, id=20541, stack(0x00007fe9ca71a000,0x00007fe9ca81b000)]
  0x00007fe9dc080000 JavaThread "Finalizer" daemon [_thread_blocked, id=20540, stack(0x00007fe9caeff000,0x00007fe9cb000000)]
  0x00007fe9dc07b800 JavaThread "Reference Handler" daemon [_thread_blocked, id=20539, stack(0x00007fe9e0010000,0x00007fe9e0111000)]
  0x00007fe9dc00a000 JavaThread "main" [_thread_in_Java, id=20534, stack(0x00007fe9e4f6d000,0x00007fe9e506e000)]

Other Threads:
  0x00007fe9dc073800 VMThread [stack: 0x00007fe9e0111000,0x00007fe9e0212000] [id=20538]
  0x00007fe9dc0c7800 WatcherThread [stack: 0x00007fe9ca316000,0x00007fe9ca417000] [id=20545]

VM state:not at safepoint (normal execution)

VM Mutex/Monitor currently owned by a thread: None

Heap:
 PSYoungGen      total 13824K, used 1856K [0x00000000eab00000, 0x00000000ec600000, 0x0000000100000000)
  eden space 12288K, 2% used [0x00000000eab00000,0x00000000eab53ae0,0x00000000eb700000)
  from space 1536K, 99% used [0x00000000eb880000,0x00000000eb9fc6a8,0x00000000eba00000)
  to   space 1536K, 0% used [0x00000000eb700000,0x00000000eb700000,0x00000000eb880000)
 ParOldGen       total 31744K, used 3115K [0x00000000c0000000, 0x00000000c1f00000, 0x00000000eab00000)
  object space 31744K, 9% used [0x00000000c0000000,0x00000000c030aef0,0x00000000c1f00000)
 Metaspace       used 5677K, capacity 6704K, committed 6784K, reserved 1056768K
  class space    used 592K, capacity 616K, committed 640K, reserved 1048576K

Card table byte_map: [0x00007fe9e1b32000,0x00007fe9e1d33000] byte_map_base: 0x00007fe9e1532000

Marking Bits: (ParMarkBitMap*) 0x00007fe9e4449120
 Begin Bits: [0x00007fe9cb000000, 0x00007fe9cc000000)
 End Bits:   [0x00007fe9cc000000, 0x00007fe9cd000000)

Polling page: 0x00007fe9e508a000

CodeCache: size=245760Kb used=2378Kb max_used=2378Kb free=243381Kb
 bounds [0x00007fe9cd000000, 0x00007fe9cd270000, 0x00007fe9dc000000]
 total_blobs=903 nmethods=637 adapters=182
 compilation: enabled

Compilation events (10 events):
Event: 3.782 Thread 0x00007fe9dc0b7800 nmethod 622 0x00007fe9cd24a250 code [0x00007fe9cd24a3c0, 0x00007fe9cd24a688]
Event: 3.783 Thread 0x00007fe9dc0b7800  637       2       com.android.dx.ssa.SsaInsn::<init> (29 bytes)
Event: 3.783 Thread 0x00007fe9dc0b7800 nmethod 637 0x00007fe9cd24a790 code [0x00007fe9cd24a900, 0x00007fe9cd24ab28]
Event: 3.783 Thread 0x00007fe9dc0b7800  685       2       com.android.dx.rop.code.InsnList::<init> (6 bytes)
Event: 3.783 Thread 0x00007fe9dc0b7800 nmethod 685 0x00007fe9cd24ac10 code [0x00007fe9cd24ad80, 0x00007fe9cd24aee8]
Event: 3.783 Thread 0x00007fe9dc0b7800  673       2       java.util.AbstractSet::<init> (5 bytes)
Event: 3.784 Thread 0x00007fe9dc0b7800 nmethod 673 0x00007fe9cd24af90 code [0x00007fe9cd24b0e0, 0x00007fe9cd24b230]
Event: 3.784 Thread 0x00007fe9dc0b7800  668       2       com.android.dx.ssa.NormalSsaInsn::<init> (15 bytes)
Event: 3.784 Thread 0x00007fe9dc0b7800 nmethod 668 0x00007fe9cd24b2d0 code [0x00007fe9cd24b440, 0x00007fe9cd24b688]
Event: 3.797 Thread 0x00007fe9dc0b7800  681       2       com.android.dx.rop.code.RopMethod::labelToPredecessors (54 bytes)

GC Heap History (4 events):
Event: 1.967 GC heap before
{Heap before GC invocations=1 (full 0):
 PSYoungGen      total 13824K, used 12288K [0x00000000eab00000, 0x00000000eba00000, 0x0000000100000000)
  eden space 12288K, 100% used [0x00000000eab00000,0x00000000eb700000,0x00000000eb700000)
  from space 1536K, 0% used [0x00000000eb880000,0x00000000eb880000,0x00000000eba00000)
  to   space 1536K, 0% used [0x00000000eb700000,0x00000000eb700000,0x00000000eb880000)
 ParOldGen       total 31744K, used 0K [0x00000000c0000000, 0x00000000c1f00000, 0x00000000eab00000)
  object space 31744K, 0% used [0x00000000c0000000,0x00000000c0000000,0x00000000c1f00000)
 Metaspace       used 4767K, capacity 5872K, committed 6016K, reserved 1056768K
  class space    used 525K, capacity 552K, committed 640K, reserved 1048576K
Event: 1.985 GC heap after
Heap after GC invocations=1 (full 0):
 PSYoungGen      total 13824K, used 1508K [0x00000000eab00000, 0x00000000eba00000, 0x0000000100000000)
  eden space 12288K, 0% used [0x00000000eab00000,0x00000000eab00000,0x00000000eb700000)
  from space 1536K, 98% used [0x00000000eb700000,0x00000000eb879288,0x00000000eb880000)
  to   space 1536K, 0% used [0x00000000eb880000,0x00000000eb880000,0x00000000eba00000)
 ParOldGen       total 31744K, used 888K [0x00000000c0000000, 0x00000000c1f00000, 0x00000000eab00000)
  object space 31744K, 2% used [0x00000000c0000000,0x00000000c00de3a0,0x00000000c1f00000)
 Metaspace       used 4767K, capacity 5872K, committed 6016K, reserved 1056768K
  class space    used 525K, capacity 552K, committed 640K, reserved 1048576K
}
Event: 3.797 GC heap before
{Heap before GC invocations=2 (full 0):
 PSYoungGen      total 13824K, used 13796K [0x00000000eab00000, 0x00000000eba00000, 0x0000000100000000)
  eden space 12288K, 100% used [0x00000000eab00000,0x00000000eb700000,0x00000000eb700000)
  from space 1536K, 98% used [0x00000000eb700000,0x00000000eb879288,0x00000000eb880000)
  to   space 1536K, 0% used [0x00000000eb880000,0x00000000eb880000,0x00000000eba00000)
 ParOldGen       total 31744K, used 888K [0x00000000c0000000, 0x00000000c1f00000, 0x00000000eab00000)
  object space 31744K, 2% used [0x00000000c0000000,0x00000000c00de3a0,0x00000000c1f00000)
 Metaspace       used 5677K, capacity 6704K, committed 6784K, reserved 1056768K
  class space    used 592K, capacity 616K, committed 640K, reserved 1048576K
Event: 3.845 GC heap after
Heap after GC invocations=2 (full 0):
 PSYoungGen      total 13824K, used 1521K [0x00000000eab00000, 0x00000000ec600000, 0x0000000100000000)
  eden space 12288K, 0% used [0x00000000eab00000,0x00000000eab00000,0x00000000eb700000)
  from space 1536K, 99% used [0x00000000eb880000,0x00000000eb9fc6a8,0x00000000eba00000)
  to   space 1536K, 0% used [0x00000000eb700000,0x00000000eb700000,0x00000000eb880000)
 ParOldGen       total 31744K, used 3115K [0x00000000c0000000, 0x00000000c1f00000, 0x00000000eab00000)
  object space 31744K, 9% used [0x00000000c0000000,0x00000000c030aef0,0x00000000c1f00000)
 Metaspace       used 5677K, capacity 6704K, committed 6784K, reserved 1056768K
  class space    used 592K, capacity 616K, committed 640K, reserved 1048576K
}

Deoptimization events (2 events):
Event: 1.232 Thread 0x00007fe9dc00a000 Uncommon trap: reason=unstable_if action=reinterpret pc=0x00007fe9cd13bb88 method=java.lang.String.indexOf(II)I @ 49
Event: 2.523 Thread 0x00007fe9dc147000 Uncommon trap: reason=unstable_if action=reinterpret pc=0x00007fe9cd1e92d0 method=java.util.HashMap.getNode(ILjava/lang/Object;)Ljava/util/HashMap$Node; @ 62

Internal exceptions (2 events):
Event: 0.126 Thread 0x00007fe9dc00a000 Exception <a 'java/lang/NoSuchMethodError': Method sun.misc.Unsafe.defineClass(Ljava/lang/String;[BII)Ljava/lang/Class; name or signature does not match> (0x00000000eab07cc0) thrown at [/HUDSON3/workspace/8-2-build-linux-amd64/jdk8u101/7261/hotspot/src/sh
Event: 0.127 Thread 0x00007fe9dc00a000 Exception <a 'java/lang/NoSuchMethodError': Method sun.misc.Unsafe.prefetchRead(Ljava/lang/Object;J)V name or signature does not match> (0x00000000eab07fa8) thrown at [/HUDSON3/workspace/8-2-build-linux-amd64/jdk8u101/7261/hotspot/src/share/vm/prims/jni.c

Events (10 events):
Event: 2.902 loading class java/util/HashMap$Values
Event: 2.902 loading class java/util/HashMap$Values done
Event: 2.902 loading class java/util/HashMap$ValueIterator
Event: 2.902 loading class java/util/HashMap$ValueIterator done
Event: 3.526 loading class com/android/dx/cf/code/SwitchList
Event: 3.526 loading class com/android/dx/cf/code/SwitchList done
Event: 3.750 loading class com/android/dx/dex/file/FieldAnnotationStruct
Event: 3.750 loading class com/android/dx/dex/file/FieldAnnotationStruct done
Event: 3.797 Executing VM operation: ParallelGCFailedAllocation
Event: 3.845 Executing VM operation: ParallelGCFailedAllocation done


Dynamic libraries:
00400000-00401000 r-xp 00000000 08:01 3279757                            /usr/lib/jvm/java-8-oracle/bin/java
00600000-00601000 rw-p 00000000 08:01 3279757                            /usr/lib/jvm/java-8-oracle/bin/java
020a1000-020e3000 rw-p 00000000 00:00 0                                  [heap]
c0000000-c1f00000 rw-p 00000000 00:00 0 
c1f00000-eab00000 ---p 00000000 00:00 0 
eab00000-ec600000 rw-p 00000000 00:00 0 
ec600000-100000000 ---p 00000000 00:00 0 
100000000-1000a0000 rw-p 00000000 00:00 0 
1000a0000-140000000 ---p 00000000 00:00 0 
7fe98c000000-7fe98c2a7000 rw-p 00000000 00:00 0 
7fe98c2a7000-7fe990000000 ---p 00000000 00:00 0 
7fe994000000-7fe994021000 rw-p 00000000 00:00 0 
7fe994021000-7fe998000000 ---p 00000000 00:00 0 
7fe998000000-7fe998021000 rw-p 00000000 00:00 0 
7fe998021000-7fe99c000000 ---p 00000000 00:00 0 
7fe99c000000-7fe99c021000 rw-p 00000000 00:00 0 
7fe99c021000-7fe9a0000000 ---p 00000000 00:00 0 
7fe9a0000000-7fe9a0031000 rw-p 00000000 00:00 0 
7fe9a0031000-7fe9a4000000 ---p 00000000 00:00 0 
7fe9a4000000-7fe9a445d000 rw-p 00000000 00:00 0 
7fe9a445d000-7fe9a8000000 ---p 00000000 00:00 0 
7fe9a8000000-7fe9a8021000 rw-p 00000000 00:00 0 
7fe9a8021000-7fe9ac000000 ---p 00000000 00:00 0 
7fe9ac000000-7fe9ac021000 rw-p 00000000 00:00 0 
7fe9ac021000-7fe9b0000000 ---p 00000000 00:00 0 
7fe9b0000000-7fe9b02da000 rw-p 00000000 00:00 0 
7fe9b02da000-7fe9b4000000 ---p 00000000 00:00 0 
7fe9b4000000-7fe9b4021000 rw-p 00000000 00:00 0 
7fe9b4021000-7fe9b8000000 ---p 00000000 00:00 0 
7fe9b8000000-7fe9b8021000 rw-p 00000000 00:00 0 
7fe9b8021000-7fe9bc000000 ---p 00000000 00:00 0 
7fe9bc000000-7fe9bc021000 rw-p 00000000 00:00 0 
7fe9bc021000-7fe9c0000000 ---p 00000000 00:00 0 
7fe9c0000000-7fe9c0021000 rw-p 00000000 00:00 0 
7fe9c0021000-7fe9c4000000 ---p 00000000 00:00 0 
7fe9c4000000-7fe9c4021000 rw-p 00000000 00:00 0 
7fe9c4021000-7fe9c8000000 ---p 00000000 00:00 0 
7fe9c9e11000-7fe9c9e14000 ---p 00000000 00:00 0 
7fe9c9e14000-7fe9c9f12000 rw-p 00000000 00:00 0                          [stack:20563]
7fe9c9f12000-7fe9c9f15000 ---p 00000000 00:00 0 
7fe9c9f15000-7fe9ca013000 rw-p 00000000 00:00 0                          [stack:20562]
7fe9ca013000-7fe9ca016000 ---p 00000000 00:00 0 
7fe9ca016000-7fe9ca114000 rw-p 00000000 00:00 0                          [stack:20561]
7fe9ca114000-7fe9ca117000 ---p 00000000 00:00 0 
7fe9ca117000-7fe9ca215000 rw-p 00000000 00:00 0                          [stack:20560]
7fe9ca215000-7fe9ca218000 ---p 00000000 00:00 0 
7fe9ca218000-7fe9ca316000 rw-p 00000000 00:00 0                          [stack:20559]
7fe9ca316000-7fe9ca317000 ---p 00000000 00:00 0 
7fe9ca317000-7fe9ca417000 rw-p 00000000 00:00 0                          [stack:20545]
7fe9ca417000-7fe9ca41a000 ---p 00000000 00:00 0 
7fe9ca41a000-7fe9ca518000 rw-p 00000000 00:00 0                          [stack:20544]
7fe9ca518000-7fe9ca51b000 ---p 00000000 00:00 0 
7fe9ca51b000-7fe9ca619000 rw-p 00000000 00:00 0                          [stack:20543]
7fe9ca619000-7fe9ca61c000 ---p 00000000 00:00 0 
7fe9ca61c000-7fe9ca71a000 rw-p 00000000 00:00 0                          [stack:20542]
7fe9ca71a000-7fe9ca71d000 ---p 00000000 00:00 0 
7fe9ca71d000-7fe9ca81b000 rw-p 00000000 00:00 0                          [stack:20541]
7fe9ca81b000-7fe9caeff000 r--p 00000000 08:01 13113697                   /usr/lib/locale/locale-archive
7fe9caeff000-7fe9caf02000 ---p 00000000 00:00 0 
7fe9caf02000-7fe9cd000000 rw-p 00000000 00:00 0                          [stack:20540]
7fe9cd000000-7fe9cd270000 rwxp 00000000 00:00 0 
7fe9cd270000-7fe9dc000000 ---p 00000000 00:00 0 
7fe9dc000000-7fe9dc38f000 rw-p 00000000 00:00 0 
7fe9dc38f000-7fe9e0000000 ---p 00000000 00:00 0 
7fe9e0007000-7fe9e0010000 r--s 0008c000 08:01 10229347                   /home/lin/other/AndroidProjects/Radio/app/build/intermediates/exploded-aar/com.android.support/appcompat-v7/23.4.0/jars/classes.jar
7fe9e0010000-7fe9e0013000 ---p 00000000 00:00 0 
7fe9e0013000-7fe9e0111000 rw-p 00000000 00:00 0                          [stack:20539]
7fe9e0111000-7fe9e0112000 ---p 00000000 00:00 0 
7fe9e0112000-7fe9e0b8b000 rw-p 00000000 00:00 0                          [stack:20538]
7fe9e0b8b000-7fe9e0d64000 r--s 03d29000 08:01 13118676                   /usr/lib/jvm/java-8-oracle/jre/lib/rt.jar
7fe9e0d64000-7fe9e13da000 rw-p 00000000 00:00 0 
7fe9e13da000-7fe9e15da000 ---p 00000000 00:00 0 
7fe9e15da000-7fe9e17da000 rw-p 00000000 00:00 0 
7fe9e17da000-7fe9e17db000 ---p 00000000 00:00 0 
7fe9e17db000-7fe9e18db000 rw-p 00000000 00:00 0                          [stack:20537]
7fe9e18db000-7fe9e18dc000 ---p 00000000 00:00 0 
7fe9e18dc000-7fe9e19ec000 rw-p 00000000 00:00 0                          [stack:20536]
7fe9e19ec000-7fe9e1b32000 ---p 00000000 00:00 0 
7fe9e1b32000-7fe9e1b42000 rw-p 00000000 00:00 0 
7fe9e1b42000-7fe9e1c87000 ---p 00000000 00:00 0 
7fe9e1c87000-7fe9e1c95000 rw-p 00000000 00:00 0 
7fe9e1c95000-7fe9e1d32000 ---p 00000000 00:00 0 
7fe9e1d32000-7fe9e1d3d000 rw-p 00000000 00:00 0 
7fe9e1d3d000-7fe9e20f3000 ---p 00000000 00:00 0 
7fe9e20f3000-7fe9e210d000 r-xp 00000000 08:01 13766358                   /usr/lib/jvm/java-8-oracle/jre/lib/amd64/libzip.so
7fe9e210d000-7fe9e230d000 ---p 0001a000 08:01 13766358                   /usr/lib/jvm/java-8-oracle/jre/lib/amd64/libzip.so
7fe9e230d000-7fe9e230e000 rw-p 0001a000 08:01 13766358                   /usr/lib/jvm/java-8-oracle/jre/lib/amd64/libzip.so
7fe9e230e000-7fe9e2319000 r-xp 00000000 08:01 2621673                    /lib/x86_64-linux-gnu/libnss_files-2.15.so
7fe9e2319000-7fe9e2518000 ---p 0000b000 08:01 2621673                    /lib/x86_64-linux-gnu/libnss_files-2.15.so
7fe9e2518000-7fe9e2519000 r--p 0000a000 08:01 2621673                    /lib/x86_64-linux-gnu/libnss_files-2.15.so
7fe9e2519000-7fe9e251a000 rw-p 0000b000 08:01 2621673                    /lib/x86_64-linux-gnu/libnss_files-2.15.so
7fe9e251a000-7fe9e2524000 r-xp 00000000 08:01 2621658                    /lib/x86_64-linux-gnu/libnss_nis-2.15.so
7fe9e2524000-7fe9e2724000 ---p 0000a000 08:01 2621658                    /lib/x86_64-linux-gnu/libnss_nis-2.15.so
7fe9e2724000-7fe9e2725000 r--p 0000a000 08:01 2621658                    /lib/x86_64-linux-gnu/libnss_nis-2.15.so
7fe9e2725000-7fe9e2726000 rw-p 0000b000 08:01 2621658                    /lib/x86_64-linux-gnu/libnss_nis-2.15.so
7fe9e2726000-7fe9e273d000 r-xp 00000000 08:01 2621667                    /lib/x86_64-linux-gnu/libnsl-2.15.so
7fe9e273d000-7fe9e293c000 ---p 00017000 08:01 2621667                    /lib/x86_64-linux-gnu/libnsl-2.15.so
7fe9e293c000-7fe9e293d000 r--p 00016000 08:01 2621667                    /lib/x86_64-linux-gnu/libnsl-2.15.so
7fe9e293d000-7fe9e293e000 rw-p 00017000 08:01 2621667                    /lib/x86_64-linux-gnu/libnsl-2.15.so
7fe9e293e000-7fe9e2940000 rw-p 00000000 00:00 0 
7fe9e2940000-7fe9e2948000 r-xp 00000000 08:01 2621672                    /lib/x86_64-linux-gnu/libnss_compat-2.15.so
7fe9e2948000-7fe9e2b47000 ---p 00008000 08:01 2621672                    /lib/x86_64-linux-gnu/libnss_compat-2.15.so
7fe9e2b47000-7fe9e2b48000 r--p 00007000 08:01 2621672                    /lib/x86_64-linux-gnu/libnss_compat-2.15.so
7fe9e2b48000-7fe9e2b49000 rw-p 00008000 08:01 2621672                    /lib/x86_64-linux-gnu/libnss_compat-2.15.so
7fe9e2b49000-7fe9e2b73000 r-xp 00000000 08:01 13766323                   /usr/lib/jvm/java-8-oracle/jre/lib/amd64/libjava.so
7fe9e2b73000-7fe9e2d73000 ---p 0002a000 08:01 13766323                   /usr/lib/jvm/java-8-oracle/jre/lib/amd64/libjava.so
7fe9e2d73000-7fe9e2d75000 rw-p 0002a000 08:01 13766323                   /usr/lib/jvm/java-8-oracle/jre/lib/amd64/libjava.so
7fe9e2d75000-7fe9e2d82000 r-xp 00000000 08:01 13766361                   /usr/lib/jvm/java-8-oracle/jre/lib/amd64/libverify.so
7fe9e2d82000-7fe9e2f82000 ---p 0000d000 08:01 13766361                   /usr/lib/jvm/java-8-oracle/jre/lib/amd64/libverify.so
7fe9e2f82000-7fe9e2f84000 rw-p 0000d000 08:01 13766361                   /usr/lib/jvm/java-8-oracle/jre/lib/amd64/libverify.so
7fe9e2f84000-7fe9e2f8b000 r-xp 00000000 08:01 2621660                    /lib/x86_64-linux-gnu/librt-2.15.so
7fe9e2f8b000-7fe9e318a000 ---p 00007000 08:01 2621660                    /lib/x86_64-linux-gnu/librt-2.15.so
7fe9e318a000-7fe9e318b000 r--p 00006000 08:01 2621660                    /lib/x86_64-linux-gnu/librt-2.15.so
7fe9e318b000-7fe9e318c000 rw-p 00007000 08:01 2621660                    /lib/x86_64-linux-gnu/librt-2.15.so
7fe9e318c000-7fe9e3287000 r-xp 00000000 08:01 2621674                    /lib/x86_64-linux-gnu/libm-2.15.so
7fe9e3287000-7fe9e3486000 ---p 000fb000 08:01 2621674                    /lib/x86_64-linux-gnu/libm-2.15.so
7fe9e3486000-7fe9e3487000 r--p 000fa000 08:01 2621674                    /lib/x86_64-linux-gnu/libm-2.15.so
7fe9e3487000-7fe9e3488000 rw-p 000fb000 08:01 2621674                    /lib/x86_64-linux-gnu/libm-2.15.so
7fe9e3488000-7fe9e4153000 r-xp 00000000 08:01 13894575                   /usr/lib/jvm/java-8-oracle/jre/lib/amd64/server/libjvm.so
7fe9e4153000-7fe9e4352000 ---p 00ccb000 08:01 13894575                   /usr/lib/jvm/java-8-oracle/jre/lib/amd64/server/libjvm.so
7fe9e4352000-7fe9e442b000 rw-p 00cca000 08:01 13894575                   /usr/lib/jvm/java-8-oracle/jre/lib/amd64/server/libjvm.so
7fe9e442b000-7fe9e4476000 rw-p 00000000 00:00 0 
7fe9e4476000-7fe9e462a000 r-xp 00000000 08:01 2621665                    /lib/x86_64-linux-gnu/libc-2.15.so
7fe9e462a000-7fe9e4829000 ---p 001b4000 08:01 2621665                    /lib/x86_64-linux-gnu/libc-2.15.so
7fe9e4829000-7fe9e482d000 r--p 001b3000 08:01 2621665                    /lib/x86_64-linux-gnu/libc-2.15.so
7fe9e482d000-7fe9e482f000 rw-p 001b7000 08:01 2621665                    /lib/x86_64-linux-gnu/libc-2.15.so
7fe9e482f000-7fe9e4834000 rw-p 00000000 00:00 0 
7fe9e4834000-7fe9e4836000 r-xp 00000000 08:01 2621657                    /lib/x86_64-linux-gnu/libdl-2.15.so
7fe9e4836000-7fe9e4a36000 ---p 00002000 08:01 2621657                    /lib/x86_64-linux-gnu/libdl-2.15.so
7fe9e4a36000-7fe9e4a37000 r--p 00002000 08:01 2621657                    /lib/x86_64-linux-gnu/libdl-2.15.so
7fe9e4a37000-7fe9e4a38000 rw-p 00003000 08:01 2621657                    /lib/x86_64-linux-gnu/libdl-2.15.so
7fe9e4a38000-7fe9e4a4d000 r-xp 00000000 08:01 2627921                    /usr/lib/jvm/java-8-oracle/lib/amd64/jli/libjli.so
7fe9e4a4d000-7fe9e4c4d000 ---p 00015000 08:01 2627921                    /usr/lib/jvm/java-8-oracle/lib/amd64/jli/libjli.so
7fe9e4c4d000-7fe9e4c4e000 rw-p 00015000 08:01 2627921                    /usr/lib/jvm/java-8-oracle/lib/amd64/jli/libjli.so
7fe9e4c4e000-7fe9e4c66000 r-xp 00000000 08:01 2621668                    /lib/x86_64-linux-gnu/libpthread-2.15.so
7fe9e4c66000-7fe9e4e65000 ---p 00018000 08:01 2621668                    /lib/x86_64-linux-gnu/libpthread-2.15.so
7fe9e4e65000-7fe9e4e66000 r--p 00017000 08:01 2621668                    /lib/x86_64-linux-gnu/libpthread-2.15.so
7fe9e4e66000-7fe9e4e67000 rw-p 00018000 08:01 2621668                    /lib/x86_64-linux-gnu/libpthread-2.15.so
7fe9e4e67000-7fe9e4e6b000 rw-p 00000000 00:00 0 
7fe9e4e6b000-7fe9e4e8d000 r-xp 00000000 08:01 2621671                    /lib/x86_64-linux-gnu/ld-2.15.so
7fe9e4e92000-7fe9e4f6d000 rw-p 00000000 00:00 0 
7fe9e4f6d000-7fe9e4f70000 ---p 00000000 00:00 0 
7fe9e4f70000-7fe9e5072000 rw-p 00000000 00:00 0                          [stack:20534]
7fe9e5072000-7fe9e5081000 r--s 000df000 08:01 9309217                    /home/lin/Android/Sdk/build-tools/23.0.3/lib/dx.jar
7fe9e5081000-7fe9e5089000 rw-s 00000000 08:01 4850221                    /tmp/hsperfdata_lin/20529
7fe9e5089000-7fe9e508a000 rw-p 00000000 00:00 0 
7fe9e508a000-7fe9e508b000 r--p 00000000 00:00 0 
7fe9e508b000-7fe9e508d000 rw-p 00000000 00:00 0 
7fe9e508d000-7fe9e508e000 r--p 00022000 08:01 2621671                    /lib/x86_64-linux-gnu/ld-2.15.so
7fe9e508e000-7fe9e5090000 rw-p 00023000 08:01 2621671                    /lib/x86_64-linux-gnu/ld-2.15.so
7ffd0af2e000-7ffd0af4f000 rw-p 00000000 00:00 0                          [stack]
7ffd0aff9000-7ffd0affb000 r-xp 00000000 00:00 0                          [vdso]
ffffffffff600000-ffffffffff601000 r-xp 00000000 00:00 0                  [vsyscall]

VM Arguments:
jvm_args: -Djava.awt.headless=true -Xmx1024M -Dfile.encoding=UTF-8 -Duser.country=US -Duser.language=en -Duser.variant 
java_command: com.android.dx.command.Main --dex --num-threads=4 --output /home/lin/other/AndroidProjects/Radio/app/build/intermediates/pre-dexed/debug/com.android.support-appcompat-v7-23.4.0_931a42660435b959128062e7e91ccba6756dc32b.jar /home/lin/other/AndroidProjects/Radio/app/build/intermediates/exploded-aar/com.android.support/appcompat-v7/23.4.0/jars/classes.jar
java_class_path (initial): /home/lin/Android/Sdk/build-tools/23.0.3/lib/dx.jar
Launcher Type: SUN_STANDARD

Environment Variables:
PATH=/usr/lib/lightdm/lightdm:/usr/local/sbin:/usr/local/bin:/usr/sbin:/usr/bin:/sbin:/bin:/usr/games
LD_LIBRARY_PATH=/opt/android-studio/bin:
SHELL=/bin/bash
DISPLAY=:0.0

Signal Handlers:
SIGSEGV: [libjvm.so+0xac4790], sa_mask[0]=11111111011111111101111111111110, sa_flags=SA_RESTART|SA_SIGINFO
SIGBUS: [libjvm.so+0xac4790], sa_mask[0]=11111111011111111101111111111110, sa_flags=SA_RESTART|SA_SIGINFO
SIGFPE: [libjvm.so+0x91f140], sa_mask[0]=11111111011111111101111111111110, sa_flags=SA_RESTART|SA_SIGINFO
SIGPIPE: [libjvm.so+0x91f140], sa_mask[0]=11111111011111111101111111111110, sa_flags=SA_RESTART|SA_SIGINFO
SIGXFSZ: [libjvm.so+0x91f140], sa_mask[0]=11111111011111111101111111111110, sa_flags=SA_RESTART|SA_SIGINFO
SIGILL: [libjvm.so+0x91f140], sa_mask[0]=11111111011111111101111111111110, sa_flags=SA_RESTART|SA_SIGINFO
SIGUSR1: SIG_DFL, sa_mask[0]=00000000000000000000000000000000, sa_flags=none
SIGUSR2: [libjvm.so+0x920770], sa_mask[0]=00100000000000000000000000000000, sa_flags=SA_RESTART|SA_SIGINFO
SIGHUP: [libjvm.so+0x921b70], sa_mask[0]=11111111011111111101111111111110, sa_flags=SA_RESTART|SA_SIGINFO
SIGINT: [libjvm.so+0x921b70], sa_mask[0]=11111111011111111101111111111110, sa_flags=SA_RESTART|SA_SIGINFO
SIGTERM: [libjvm.so+0x921b70], sa_mask[0]=11111111011111111101111111111110, sa_flags=SA_RESTART|SA_SIGINFO
SIGQUIT: [libjvm.so+0x921b70], sa_mask[0]=11111111011111111101111111111110, sa_flags=SA_RESTART|SA_SIGINFO


---------------  S Y S T E M  ---------------

OS:DISTRIB_ID=Ubuntu
DISTRIB_RELEASE=12.04
DISTRIB_CODENAME=precise
DISTRIB_DESCRIPTION="Ubuntu 12.04.5 LTS"

uname:Linux 3.13.0-93-generic #140~precise1-Ubuntu SMP Tue Jul 19 19:55:11 UTC 2016 x86_64
libc:glibc 2.15 NPTL 2.15 
rlimit: STACK 8192k, CORE 0k, NPROC 22873, NOFILE 4096, AS infinity
load average:6.15 3.00 2.04

/proc/meminfo:
MemTotal:        2948840 kB
MemFree:          519192 kB
Buffers:           11480 kB
Cached:           384692 kB
SwapCached:        31104 kB
Active:          1682904 kB
Inactive:         599416 kB
Active(anon):    1544556 kB
Inactive(anon):   459680 kB
Active(file):     138348 kB
Inactive(file):   139736 kB
Unevictable:           0 kB
Mlocked:               0 kB
SwapTotal:       3008508 kB
SwapFree:        2803028 kB
Dirty:              5472 kB
Writeback:             0 kB
AnonPages:       1872932 kB
Mapped:            90752 kB
Shmem:            118052 kB
Slab:              66240 kB
SReclaimable:      39608 kB
SUnreclaim:        26632 kB
KernelStack:        4056 kB
PageTables:        29176 kB
NFS_Unstable:          0 kB
Bounce:                0 kB
WritebackTmp:          0 kB
CommitLimit:     4482928 kB
Committed_AS:    4034152 kB
VmallocTotal:   34359738367 kB
VmallocUsed:      346432 kB
VmallocChunk:   34359384156 kB
HardwareCorrupted:     0 kB
AnonHugePages:   1081344 kB
HugePages_Total:       0
HugePages_Free:        0
HugePages_Rsvd:        0
HugePages_Surp:        0
Hugepagesize:       2048 kB
DirectMap4k:       61828 kB
DirectMap2M:     2949120 kB


CPU:total 2 (2 cores per cpu, 1 threads per core) family 6 model 15 stepping 13, cmov, cx8, fxsr, mmx, sse, sse2, sse3, ssse3, tsc

/proc/cpuinfo:
processor	: 0
vendor_id	: GenuineIntel
cpu family	: 6
model		: 15
model name	: Genuine Intel(R) CPU           T1600  @ 1.66GHz
stepping	: 13
microcode	: 0xa3
cpu MHz		: 1662.448
cache size	: 1024 KB
physical id	: 0
siblings	: 2
core id		: 0
cpu cores	: 2
apicid		: 0
initial apicid	: 0
fpu		: yes
fpu_exception	: yes
cpuid level	: 10
wp		: yes
flags		: fpu vme de pse tsc msr pae mce cx8 apic sep mtrr pge mca cmov pat pse36 clflush dts acpi mmx fxsr sse sse2 ss ht tm pbe syscall nx lm constant_tsc arch_perfmon pebs bts rep_good nopl aperfmperf pni dtes64 monitor ds_cpl tm2 ssse3 cx16 xtpr pdcm lahf_lm dtherm
bogomips	: 3324.89
clflush size	: 64
cache_alignment	: 64
address sizes	: 36 bits physical, 48 bits virtual
power management:

processor	: 1
vendor_id	: GenuineIntel
cpu family	: 6
model		: 15
model name	: Genuine Intel(R) CPU           T1600  @ 1.66GHz
stepping	: 13
microcode	: 0xa3
cpu MHz		: 1662.448
cache size	: 1024 KB
physical id	: 0
siblings	: 2
core id		: 1
cpu cores	: 2
apicid		: 1
initial apicid	: 1
fpu		: yes
fpu_exception	: yes
cpuid level	: 10
wp		: yes
flags		: fpu vme de pse tsc msr pae mce cx8 apic sep mtrr pge mca cmov pat pse36 clflush dts acpi mmx fxsr sse sse2 ss ht tm pbe syscall nx lm constant_tsc arch_perfmon pebs bts rep_good nopl aperfmperf pni dtes64 monitor ds_cpl tm2 ssse3 cx16 xtpr pdcm lahf_lm dtherm
bogomips	: 3324.89
clflush size	: 64
cache_alignment	: 64
address sizes	: 36 bits physical, 48 bits virtual
power management:



Memory: 4k page, physical 2948840k(519192k free), swap 3008508k(2803028k free)

vm_info: Java HotSpot(TM) 64-Bit Server VM (25.101-b13) for linux-amd64 JRE (1.8.0_101-b13), built on Jun 22 2016 02:59:44 by "java_re" with gcc 4.3.0 20080428 (Red Hat 4.3.0-8)

time: Tue Aug 16 18:25:09 2016
elapsed time: 3 seconds (0d 0h 0m 3s)

