#
# A fatal error has been detected by the Java Runtime Environment:
#
#  SIGSEGV (0xb) at pc=0x00007ff6fc59c1d4, pid=14674, tid=0x00007ff6f8581700
#
# JRE version: Java(TM) SE Runtime Environment (8.0_101-b13) (build 1.8.0_101-b13)
# Java VM: Java HotSpot(TM) 64-Bit Server VM (25.101-b13 mixed mode linux-amd64 compressed oops)
# Problematic frame:
# V  [libjvm.so+0x9a01d4]  PhaseChaitin::Split(unsigned int, ResourceArea*)+0xb54
#
# Failed to write core dump. Core dumps have been disabled. To enable core dumping, try "ulimit -c unlimited" before starting Java again
#
# If you would like to submit a bug report, please visit:
#   http://bugreport.java.com/bugreport/crash.jsp
#

---------------  T H R E A D  ---------------

Current thread (0x00007ff6f40b4800):  JavaThread "C2 CompilerThread0" daemon [_thread_in_native, id=14686, stack(0x00007ff6f8481000,0x00007ff6f8582000)]

siginfo: si_signo: 11 (SIGSEGV), si_code: 1 (SEGV_MAPERR), si_addr: 0x0000000000040000

Registers:
RAX=0x00007ff6bc462630, RBX=0x00007ff6bc55cc88, RCX=0x00007ff6bc250540, RDX=0x00007ff6bc5602d8
RSP=0x00007ff6f857d040, RBP=0x00007ff6f857d550, RSI=0x0000000000000020, RDI=0x00007ff6bc55cc88
R8 =0x000000000000006c, R9 =0x0000000000000020, R10=0x0000000000000000, R11=0x00007ff6c84d96c0
R12=0x0000000000000015, R13=0x000000000000000e, R14=0x00007ff6bc55cff8, R15=0x0000000000040000
RIP=0x00007ff6fc59c1d4, EFLAGS=0x0000000000010202, CSGSFS=0x0000000000000033, ERR=0x0000000000000004
  TRAPNO=0x000000000000000e

Top of Stack: (sp=0x00007ff6f857d040)
0x00007ff6f857d040:   00007ff600000000 00007ff600000000
0x00007ff6f857d050:   00007ff6f857d3e0 00007ff600000002
0x00007ff6f857d060:   00007ff600000004 00007ff60000001f
0x00007ff6f857d070:   0101010101010101 0101010101010101
0x00007ff6f857d080:   0000000000000000 0000000000000000
0x00007ff6f857d090:   00007ff6f857d3e0 00007ff6f857d3a0
0x00007ff6f857d0a0:   00007ff6f857d3c0 00007ff6f857d480
0x00007ff6f857d0b0:   00007ff6f857d400 00007ff6f857d4c0
0x00007ff6f857d0c0:   00007ff6f857d30c 00007ff6f857d4a0
0x00007ff6f857d0d0:   00007ff6f857d460 00007ff6f857d440
0x00007ff6f857d0e0:   00007ff6f857d420 0000000000000000
0x00007ff6f857d0f0:   0000000000000040 00007ff6f857d7d0
0x00007ff6f857d100:   00007ff6bc06c7e0 0000000000002d18
0x00007ff6f857d110:   00000000000012b0 00007ff6f857d730
0x00007ff6f857d120:   00007ff6f857ee00 0000000000000002
0x00007ff6f857d130:   0000000000000048 00007ff6c81a29e0
0x00007ff6f857d140:   00007ff6c81a2cf2 00007ff6fbedde05
0x00007ff6f857d150:   00007ff6c862b1d0 00007ff6c860e618
0x00007ff6f857d160:   00007ff6f857d1c0 00000063fc4764d8
0x00007ff6f857d170:   00007ff6c81a5d50 00007ff6c81a5d90
0x00007ff6f857d180:   0000000000eeb200 00007ff6f857d700
0x00007ff6f857d190:   00007ff6bc250540 0000000000000000
0x00007ff6f857d1a0:   0000000000eeaee0 0000002e00000660
0x00007ff6f857d1b0:   00007ff6f857d200 00007ff6fc236ea8
0x00007ff6f857d1c0:   00007ff6f857d1f0 0000000100000000
0x00007ff6f857d1d0:   0000000a00000000 0000000000000000
0x00007ff6f857d1e0:   0000000000000001 00007ff6c8670ee8
0x00007ff6f857d1f0:   000100f6c8847298 0000000000000005
0x00007ff6f857d200:   0100000000000060 00007ff6bc317f58
0x00007ff6f857d210:   00007ff6f857d2b0 00007ff6fc2312cc
0x00007ff6f857d220:   0000000000000bce 00007ff6f857d240
0x00007ff6f857d230:   00000000000003d8 00007ff6bc17ef98 

Instructions: (pc=0x00007ff6fc59c1d4)
0x00007ff6fc59c1b4:   84 f6 0f 84 c5 1b 00 00 48 8b 8d 40 fc ff ff 45
0x00007ff6fc59c1c4:   31 f6 8b 71 18 85 f6 74 07 48 8b 41 20 4c 8b 30
0x00007ff6fc59c1d4:   49 8b 07 4c 89 ff ff 50 28 48 8b b5 d0 fb ff ff
0x00007ff6fc59c1e4:   49 89 c7 4c 8b 66 10 49 83 bc 24 b0 01 00 00 af 

Register to memory mapping:

RAX=0x00007ff6bc462630 is an unknown value
RBX=0x00007ff6bc55cc88 is an unknown value
RCX=0x00007ff6bc250540 is an unknown value
RDX=0x00007ff6bc5602d8 is an unknown value
RSP=0x00007ff6f857d040 is pointing into the stack for thread: 0x00007ff6f40b4800
RBP=0x00007ff6f857d550 is pointing into the stack for thread: 0x00007ff6f40b4800
RSI=0x0000000000000020 is an unknown value
RDI=0x00007ff6bc55cc88 is an unknown value
R8 =0x000000000000006c is an unknown value
R9 =0x0000000000000020 is an unknown value
R10=0x0000000000000000 is an unknown value
R11=0x00007ff6c84d96c0 is an unknown value
R12=0x0000000000000015 is an unknown value
R13=0x000000000000000e is an unknown value
R14=0x00007ff6bc55cff8 is an unknown value
R15=0x0000000000040000 is an unknown value


Stack: [0x00007ff6f8481000,0x00007ff6f8582000],  sp=0x00007ff6f857d040,  free space=1008k
Native frames: (J=compiled Java code, j=interpreted, Vv=VM code, C=native code)
V  [libjvm.so+0x9a01d4]  PhaseChaitin::Split(unsigned int, ResourceArea*)+0xb54
V  [libjvm.so+0x40e609]  PhaseChaitin::Register_Allocate()+0x7b9
V  [libjvm.so+0x4a28e0]  Compile::Code_Gen()+0x260
V  [libjvm.so+0x4a6933]  Compile::Compile(ciEnv*, C2Compiler*, ciMethod*, int, bool, bool, bool)+0x14b3
V  [libjvm.so+0x3f20a8]  C2Compiler::compile_method(ciEnv*, ciMethod*, int)+0x198
V  [libjvm.so+0x4af61a]  CompileBroker::invoke_compiler_on_method(CompileTask*)+0xc9a
V  [libjvm.so+0x4b05c6]  CompileBroker::compiler_thread_loop()+0x5d6
V  [libjvm.so+0xa7343f]  JavaThread::thread_main_inner()+0xdf
V  [libjvm.so+0xa7356c]  JavaThread::run()+0x11c
V  [libjvm.so+0x924698]  java_start(Thread*)+0x108
C  [libpthread.so.0+0x7e9a]  start_thread+0xda


Current CompileTask:
C2:  11223 1419   !   4       com.android.dx.cf.code.BytecodeArray::parseInstruction (2764 bytes)


---------------  P R O C E S S  ---------------

Java Threads: ( => current thread )
  0x00007ff6f412d000 JavaThread "pool-1-thread-4" [_thread_in_Java, id=14694, stack(0x00007ff6e2518000,0x00007ff6e2619000)]
  0x00007ff6f412b800 JavaThread "pool-1-thread-3" [_thread_in_Java, id=14693, stack(0x00007ff6e2619000,0x00007ff6e271a000)]
  0x00007ff6f4129000 JavaThread "pool-1-thread-2" [_thread_in_Java, id=14692, stack(0x00007ff6e271a000,0x00007ff6e281b000)]
  0x00007ff6f411e800 JavaThread "pool-2-thread-1" [_thread_blocked, id=14691, stack(0x00007ff6e281b000,0x00007ff6e291c000)]
  0x00007ff6f411c000 JavaThread "pool-1-thread-1" [_thread_in_Java, id=14690, stack(0x00007ff6f807d000,0x00007ff6f817e000)]
  0x00007ff6f40ba000 JavaThread "Service Thread" daemon [_thread_blocked, id=14688, stack(0x00007ff6f827f000,0x00007ff6f8380000)]
  0x00007ff6f40b7800 JavaThread "C1 CompilerThread1" daemon [_thread_in_native, id=14687, stack(0x00007ff6f8380000,0x00007ff6f8481000)]
=>0x00007ff6f40b4800 JavaThread "C2 CompilerThread0" daemon [_thread_in_native, id=14686, stack(0x00007ff6f8481000,0x00007ff6f8582000)]
  0x00007ff6f40b3000 JavaThread "Signal Dispatcher" daemon [_thread_blocked, id=14685, stack(0x00007ff6f8582000,0x00007ff6f8683000)]
  0x00007ff6f4080000 JavaThread "Finalizer" daemon [_thread_blocked, id=14684, stack(0x00007ff6f8683000,0x00007ff6f8784000)]
  0x00007ff6f407b800 JavaThread "Reference Handler" daemon [_thread_blocked, id=14683, stack(0x00007ff6f8784000,0x00007ff6f8885000)]
  0x00007ff6f400a000 JavaThread "main" [_thread_in_vm, id=14679, stack(0x00007ff6fd6e1000,0x00007ff6fd7e2000)]

Other Threads:
  0x00007ff6f4073800 VMThread [stack: 0x00007ff6f8885000,0x00007ff6f8986000] [id=14682]
  0x00007ff6f40bd000 WatcherThread [stack: 0x00007ff6f817e000,0x00007ff6f827f000] [id=14689]

VM state:not at safepoint (normal execution)

VM Mutex/Monitor currently owned by a thread: None

Heap:
 PSYoungGen      total 82944K, used 30936K [0x00000000eab00000, 0x00000000f2700000, 0x0000000100000000)
  eden space 68608K, 24% used [0x00000000eab00000,0x00000000ebbae7d0,0x00000000eee00000)
  from space 14336K, 96% used [0x00000000f1900000,0x00000000f2687c20,0x00000000f2700000)
  to   space 16896K, 0% used [0x00000000f0600000,0x00000000f0600000,0x00000000f1680000)
 ParOldGen       total 58880K, used 26079K [0x00000000c0000000, 0x00000000c3980000, 0x00000000eab00000)
  object space 58880K, 44% used [0x00000000c0000000,0x00000000c1977dd0,0x00000000c3980000)
 Metaspace       used 5817K, capacity 6960K, committed 7040K, reserved 1056768K
  class space    used 578K, capacity 616K, committed 640K, reserved 1048576K

Card table byte_map: [0x00007ff6fa2a6000,0x00007ff6fa4a7000] byte_map_base: 0x00007ff6f9ca6000

Marking Bits: (ParMarkBitMap*) 0x00007ff6fcbbd120
 Begin Bits: [0x00007ff6e3000000, 0x00007ff6e4000000)
 End Bits:   [0x00007ff6e4000000, 0x00007ff6e5000000)

Polling page: 0x00007ff6fd7fe000

CodeCache: size=245760Kb used=5043Kb max_used=5043Kb free=240716Kb
 bounds [0x00007ff6e5000000, 0x00007ff6e54f0000, 0x00007ff6f4000000]
 total_blobs=1555 nmethods=1296 adapters=175
 compilation: enabled

Compilation events (10 events):
Event: 11.118 Thread 0x00007ff6f40b7800 1711       2       java.util.TreeMap::<init> (20 bytes)
Event: 11.119 Thread 0x00007ff6f40b7800 nmethod 1711 0x00007ff6e54dfc10 code [0x00007ff6e54dfd60, 0x00007ff6e54dfed0]
Event: 11.119 Thread 0x00007ff6f40b7800 1712       3       com.android.dx.ssa.PhiInsn::getSources (95 bytes)
Event: 11.126 Thread 0x00007ff6f40b7800 nmethod 1712 0x00007ff6e54dff50 code [0x00007ff6e54e01c0, 0x00007ff6e54e11d8]
Event: 11.126 Thread 0x00007ff6f40b7800 1709       2       com.android.dx.rop.type.Type::<init> (84 bytes)
Event: 11.126 Thread 0x00007ff6f40b7800 nmethod 1709 0x00007ff6e54e1e50 code [0x00007ff6e54e1fe0, 0x00007ff6e54e2388]
Event: 11.126 Thread 0x00007ff6f40b7800 1710   !   2       com.android.dx.rop.type.Type::putIntern (50 bytes)
Event: 11.130 Thread 0x00007ff6f40b7800 nmethod 1710 0x00007ff6e54e2550 code [0x00007ff6e54e2700, 0x00007ff6e54e2bd8]
Event: 11.130 Thread 0x00007ff6f40b7800 1713       2       com.android.dx.ssa.SsaBasicBlock::addInsnToHead (27 bytes)
Event: 11.131 Thread 0x00007ff6f40b7800 nmethod 1713 0x00007ff6e54e3010 code [0x00007ff6e54e31c0, 0x00007ff6e54e34a8]

GC Heap History (10 events):
Event: 4.475 GC heap before
{Heap before GC invocations=3 (full 0):
 PSYoungGen      total 26112K, used 26098K [0x00000000eab00000, 0x00000000ec600000, 0x0000000100000000)
  eden space 24576K, 100% used [0x00000000eab00000,0x00000000ec300000,0x00000000ec300000)
  from space 1536K, 99% used [0x00000000ec480000,0x00000000ec5fca50,0x00000000ec600000)
  to   space 1536K, 0% used [0x00000000ec300000,0x00000000ec300000,0x00000000ec480000)
 ParOldGen       total 31744K, used 4263K [0x00000000c0000000, 0x00000000c1f00000, 0x00000000eab00000)
  object space 31744K, 13% used [0x00000000c0000000,0x00000000c0429eb8,0x00000000c1f00000)
 Metaspace       used 5500K, capacity 6704K, committed 6784K, reserved 1056768K
  class space    used 565K, capacity 616K, committed 640K, reserved 1048576K
Event: 4.523 GC heap after
Heap after GC invocations=3 (full 0):
 PSYoungGen      total 26112K, used 1519K [0x00000000eab00000, 0x00000000ede00000, 0x0000000100000000)
  eden space 24576K, 0% used [0x00000000eab00000,0x00000000eab00000,0x00000000ec300000)
  from space 1536K, 98% used [0x00000000ec300000,0x00000000ec47be58,0x00000000ec480000)
  to   space 1536K, 0% used [0x00000000edc80000,0x00000000edc80000,0x00000000ede00000)
 ParOldGen       total 31744K, used 8391K [0x00000000c0000000, 0x00000000c1f00000, 0x00000000eab00000)
  object space 31744K, 26% used [0x00000000c0000000,0x00000000c0831d30,0x00000000c1f00000)
 Metaspace       used 5500K, capacity 6704K, committed 6784K, reserved 1056768K
  class space    used 565K, capacity 616K, committed 640K, reserved 1048576K
}
Event: 5.632 GC heap before
{Heap before GC invocations=4 (full 0):
 PSYoungGen      total 26112K, used 26095K [0x00000000eab00000, 0x00000000ede00000, 0x0000000100000000)
  eden space 24576K, 100% used [0x00000000eab00000,0x00000000ec300000,0x00000000ec300000)
  from space 1536K, 98% used [0x00000000ec300000,0x00000000ec47be58,0x00000000ec480000)
  to   space 1536K, 0% used [0x00000000edc80000,0x00000000edc80000,0x00000000ede00000)
 ParOldGen       total 31744K, used 8391K [0x00000000c0000000, 0x00000000c1f00000, 0x00000000eab00000)
  object space 31744K, 26% used [0x00000000c0000000,0x00000000c0831d30,0x00000000c1f00000)
 Metaspace       used 5606K, capacity 6832K, committed 7040K, reserved 1056768K
  class space    used 577K, capacity 616K, committed 640K, reserved 1048576K
Event: 5.755 GC heap after
Heap after GC invocations=4 (full 0):
 PSYoungGen      total 50688K, used 1509K [0x00000000eab00000, 0x00000000ede00000, 0x0000000100000000)
  eden space 49152K, 0% used [0x00000000eab00000,0x00000000eab00000,0x00000000edb00000)
  from space 1536K, 98% used [0x00000000edc80000,0x00000000eddf9528,0x00000000ede00000)
  to   space 1536K, 0% used [0x00000000edb00000,0x00000000edb00000,0x00000000edc80000)
 ParOldGen       total 31744K, used 13836K [0x00000000c0000000, 0x00000000c1f00000, 0x00000000eab00000)
  object space 31744K, 43% used [0x00000000c0000000,0x00000000c0d83280,0x00000000c1f00000)
 Metaspace       used 5606K, capacity 6832K, committed 7040K, reserved 1056768K
  class space    used 577K, capacity 616K, committed 640K, reserved 1048576K
}
Event: 8.339 GC heap before
{Heap before GC invocations=5 (full 0):
 PSYoungGen      total 50688K, used 50661K [0x00000000eab00000, 0x00000000ede00000, 0x0000000100000000)
  eden space 49152K, 100% used [0x00000000eab00000,0x00000000edb00000,0x00000000edb00000)
  from space 1536K, 98% used [0x00000000edc80000,0x00000000eddf9528,0x00000000ede00000)
  to   space 1536K, 0% used [0x00000000edb00000,0x00000000edb00000,0x00000000edc80000)
 ParOldGen       total 31744K, used 13836K [0x00000000c0000000, 0x00000000c1f00000, 0x00000000eab00000)
  object space 31744K, 43% used [0x00000000c0000000,0x00000000c0d83280,0x00000000c1f00000)
 Metaspace       used 5712K, capacity 6896K, committed 7040K, reserved 1056768K
  class space    used 578K, capacity 616K, committed 640K, reserved 1048576K
Event: 8.485 GC heap after
Heap after GC invocations=5 (full 0):
 PSYoungGen      total 50688K, used 1523K [0x00000000eab00000, 0x00000000f2700000, 0x0000000100000000)
  eden space 49152K, 0% used [0x00000000eab00000,0x00000000eab00000,0x00000000edb00000)
  from space 1536K, 99% used [0x00000000edb00000,0x00000000edc7ce50,0x00000000edc80000)
  to   space 14336K, 0% used [0x00000000f1900000,0x00000000f1900000,0x00000000f2700000)
 ParOldGen       total 31744K, used 27707K [0x00000000c0000000, 0x00000000c1f00000, 0x00000000eab00000)
  object space 31744K, 87% used [0x00000000c0000000,0x00000000c1b0ee20,0x00000000c1f00000)
 Metaspace       used 5712K, capacity 6896K, committed 7040K, reserved 1056768K
  class space    used 578K, capacity 616K, committed 640K, reserved 1048576K
}
Event: 8.485 GC heap before
{Heap before GC invocations=6 (full 1):
 PSYoungGen      total 50688K, used 1523K [0x00000000eab00000, 0x00000000f2700000, 0x0000000100000000)
  eden space 49152K, 0% used [0x00000000eab00000,0x00000000eab00000,0x00000000edb00000)
  from space 1536K, 99% used [0x00000000edb00000,0x00000000edc7ce50,0x00000000edc80000)
  to   space 14336K, 0% used [0x00000000f1900000,0x00000000f1900000,0x00000000f2700000)
 ParOldGen       total 31744K, used 27707K [0x00000000c0000000, 0x00000000c1f00000, 0x00000000eab00000)
  object space 31744K, 87% used [0x00000000c0000000,0x00000000c1b0ee20,0x00000000c1f00000)
 Metaspace       used 5712K, capacity 6896K, committed 7040K, reserved 1056768K
  class space    used 578K, capacity 616K, committed 640K, reserved 1048576K
Event: 9.152 GC heap after
Heap after GC invocations=6 (full 1):
 PSYoungGen      total 50688K, used 0K [0x00000000eab00000, 0x00000000f2700000, 0x0000000100000000)
  eden space 49152K, 0% used [0x00000000eab00000,0x00000000eab00000,0x00000000edb00000)
  from space 1536K, 0% used [0x00000000edb00000,0x00000000edb00000,0x00000000edc80000)
  to   space 14336K, 0% used [0x00000000f1900000,0x00000000f1900000,0x00000000f2700000)
 ParOldGen       total 58880K, used 26071K [0x00000000c0000000, 0x00000000c3980000, 0x00000000eab00000)
  object space 58880K, 44% used [0x00000000c0000000,0x00000000c1975dd0,0x00000000c3980000)
 Metaspace       used 5712K, capacity 6896K, committed 7040K, reserved 1056768K
  class space    used 578K, capacity 616K, committed 640K, reserved 1048576K
}
Event: 10.402 GC heap before
{Heap before GC invocations=7 (full 1):
 PSYoungGen      total 50688K, used 49152K [0x00000000eab00000, 0x00000000f2700000, 0x0000000100000000)
  eden space 49152K, 100% used [0x00000000eab00000,0x00000000edb00000,0x00000000edb00000)
  from space 1536K, 0% used [0x00000000edb00000,0x00000000edb00000,0x00000000edc80000)
  to   space 14336K, 0% used [0x00000000f1900000,0x00000000f1900000,0x00000000f2700000)
 ParOldGen       total 58880K, used 26071K [0x00000000c0000000, 0x00000000c3980000, 0x00000000eab00000)
  object space 58880K, 44% used [0x00000000c0000000,0x00000000c1975dd0,0x00000000c3980000)
 Metaspace       used 5785K, capacity 6960K, committed 7040K, reserved 1056768K
  class space    used 578K, capacity 616K, committed 640K, reserved 1048576K
Event: 10.485 GC heap after
Heap after GC invocations=7 (full 1):
 PSYoungGen      total 82944K, used 13855K [0x00000000eab00000, 0x00000000f2700000, 0x0000000100000000)
  eden space 68608K, 0% used [0x00000000eab00000,0x00000000eab00000,0x00000000eee00000)
  from space 14336K, 96% used [0x00000000f1900000,0x00000000f2687c20,0x00000000f2700000)
  to   space 16896K, 0% used [0x00000000f0600000,0x00000000f0600000,0x00000000f1680000)
 ParOldGen       total 58880K, used 26079K [0x00000000c0000000, 0x00000000c3980000, 0x00000000eab00000)
  object space 58880K, 44% used [0x00000000c0000000,0x00000000c1977dd0,0x00000000c3980000)
 Metaspace       used 5785K, capacity 6960K, committed 7040K, reserved 1056768K
  class space    used 578K, capacity 616K, committed 640K, reserved 1048576K
}

Deoptimization events (10 events):
Event: 4.702 Thread 0x00007ff6f412d000 Uncommon trap: reason=unstable_if action=reinterpret pc=0x00007ff6e52b5ea4 method=com.android.dx.rop.code.RegisterSpec.equals(ILcom/android/dx/rop/type/TypeBearer;Lcom/android/dx/rop/code/LocalItem;)Z @ 24
Event: 4.703 Thread 0x00007ff6f412d000 Uncommon trap: reason=unstable_if action=reinterpret pc=0x00007ff6e5298540 method=com.android.dx.rop.code.RegisterSpec.equals(ILcom/android/dx/rop/type/TypeBearer;Lcom/android/dx/rop/code/LocalItem;)Z @ 16
Event: 4.719 Thread 0x00007ff6f412b800 Uncommon trap: reason=unloaded action=reinterpret pc=0x00007ff6e52724b0 method=com.android.dx.ssa.SsaRenamer$BlockRenamer.visitMoveInsn(Lcom/android/dx/ssa/NormalSsaInsn;)V @ 208
Event: 4.754 Thread 0x00007ff6f412d000 Uncommon trap: reason=unstable_if action=reinterpret pc=0x00007ff6e52e5c50 method=com.android.dx.ssa.NormalSsaInsn.getLocalAssignment()Lcom/android/dx/rop/code/RegisterSpec; @ 12
Event: 5.065 Thread 0x00007ff6f400a000 Uncommon trap: reason=class_check action=maybe_recompile pc=0x00007ff6e529c320 method=com.android.dx.rop.type.Type.equals(Ljava/lang/Object;)Z @ 8
Event: 5.097 Thread 0x00007ff6f400a000 Uncommon trap: reason=class_check action=maybe_recompile pc=0x00007ff6e529c320 method=com.android.dx.rop.type.Type.equals(Ljava/lang/Object;)Z @ 8
Event: 5.949 Thread 0x00007ff6f412b800 Uncommon trap: reason=unstable_if action=reinterpret pc=0x00007ff6e5180a1c method=com.android.dx.rop.cst.Constant.compareTo(Lcom/android/dx/rop/cst/Constant;)I @ 12
Event: 6.723 Thread 0x00007ff6f400a000 Uncommon trap: reason=class_check action=maybe_recompile pc=0x00007ff6e529c320 method=com.android.dx.rop.type.Type.equals(Ljava/lang/Object;)Z @ 8
Event: 6.723 Thread 0x00007ff6f400a000 Uncommon trap: reason=class_check action=maybe_recompile pc=0x00007ff6e529c320 method=com.android.dx.rop.type.Type.equals(Ljava/lang/Object;)Z @ 8
Event: 10.202 Thread 0x00007ff6f412d000 Uncommon trap: reason=unstable_if action=reinterpret pc=0x00007ff6e541ed80 method=java.util.HashMap.putVal(ILjava/lang/Object;Ljava/lang/Object;ZZ)Ljava/lang/Object; @ 94

Internal exceptions (2 events):
Event: 0.285 Thread 0x00007ff6f400a000 Exception <a 'java/lang/NoSuchMethodError': Method sun.misc.Unsafe.defineClass(Ljava/lang/String;[BII)Ljava/lang/Class; name or signature does not match> (0x00000000eab07cc0) thrown at [/HUDSON3/workspace/8-2-build-linux-amd64/jdk8u101/7261/hotspot/src/sh
Event: 0.286 Thread 0x00007ff6f400a000 Exception <a 'java/lang/NoSuchMethodError': Method sun.misc.Unsafe.prefetchRead(Ljava/lang/Object;J)V name or signature does not match> (0x00000000eab07fa8) thrown at [/HUDSON3/workspace/8-2-build-linux-amd64/jdk8u101/7261/hotspot/src/share/vm/prims/jni.c

Events (10 events):
Event: 10.534 Executing VM operation: RevokeBias
Event: 10.534 Executing VM operation: RevokeBias done
Event: 10.559 Thread 0x00007ff6f400a000 DEOPT PACKING pc=0x00007ff6e51df1f9 sp=0x00007ff6fd7df620
Event: 10.559 Thread 0x00007ff6f400a000 DEOPT UNPACKING pc=0x00007ff6e5046f73 sp=0x00007ff6fd7df370 mode 0
Event: 10.605 Thread 0x00007ff6f412d000 DEOPT PACKING pc=0x00007ff6e5409118 sp=0x00007ff6e2616ec0
Event: 10.605 Thread 0x00007ff6f412d000 DEOPT UNPACKING pc=0x00007ff6e5046f73 sp=0x00007ff6e2616d28 mode 0
Event: 10.709 Thread 0x00007ff6f412b800 DEOPT PACKING pc=0x00007ff6e529122f sp=0x00007ff6e2717de0
Event: 10.709 Thread 0x00007ff6f412b800 DEOPT UNPACKING pc=0x00007ff6e5046f73 sp=0x00007ff6e2717ba0 mode 0
Event: 10.743 Thread 0x00007ff6f4129000 DEOPT PACKING pc=0x00007ff6e51df1f9 sp=0x00007ff6e2818ec0
Event: 10.743 Thread 0x00007ff6f4129000 DEOPT UNPACKING pc=0x00007ff6e5046f73 sp=0x00007ff6e2818c10 mode 0


Dynamic libraries:
00400000-00401000 r-xp 00000000 08:01 3279757                            /usr/lib/jvm/java-8-oracle/bin/java
00600000-00601000 rw-p 00000000 08:01 3279757                            /usr/lib/jvm/java-8-oracle/bin/java
00ec9000-00f12000 rw-p 00000000 00:00 0                                  [heap]
c0000000-c3980000 rw-p 00000000 00:00 0 
c3980000-eab00000 ---p 00000000 00:00 0 
eab00000-f2700000 rw-p 00000000 00:00 0 
f2700000-100000000 ---p 00000000 00:00 0 
100000000-1000a0000 rw-p 00000000 00:00 0 
1000a0000-140000000 ---p 00000000 00:00 0 
7ff6a4000000-7ff6a4021000 rw-p 00000000 00:00 0 
7ff6a4021000-7ff6a8000000 ---p 00000000 00:00 0 
7ff6ac000000-7ff6ac021000 rw-p 00000000 00:00 0 
7ff6ac021000-7ff6b0000000 ---p 00000000 00:00 0 
7ff6b0000000-7ff6b0021000 rw-p 00000000 00:00 0 
7ff6b0021000-7ff6b4000000 ---p 00000000 00:00 0 
7ff6b4000000-7ff6b4021000 rw-p 00000000 00:00 0 
7ff6b4021000-7ff6b8000000 ---p 00000000 00:00 0 
7ff6b8000000-7ff6b8033000 rw-p 00000000 00:00 0 
7ff6b8033000-7ff6bc000000 ---p 00000000 00:00 0 
7ff6bc000000-7ff6bc820000 rw-p 00000000 00:00 0 
7ff6bc820000-7ff6c0000000 ---p 00000000 00:00 0 
7ff6c0000000-7ff6c0021000 rw-p 00000000 00:00 0 
7ff6c0021000-7ff6c4000000 ---p 00000000 00:00 0 
7ff6c4000000-7ff6c4021000 rw-p 00000000 00:00 0 
7ff6c4021000-7ff6c8000000 ---p 00000000 00:00 0 
7ff6c8000000-7ff6c8b39000 rw-p 00000000 00:00 0 
7ff6c8b39000-7ff6cc000000 ---p 00000000 00:00 0 
7ff6cc000000-7ff6cc021000 rw-p 00000000 00:00 0 
7ff6cc021000-7ff6d0000000 ---p 00000000 00:00 0 
7ff6d0000000-7ff6d0021000 rw-p 00000000 00:00 0 
7ff6d0021000-7ff6d4000000 ---p 00000000 00:00 0 
7ff6d4000000-7ff6d4021000 rw-p 00000000 00:00 0 
7ff6d4021000-7ff6d8000000 ---p 00000000 00:00 0 
7ff6d8000000-7ff6d8021000 rw-p 00000000 00:00 0 
7ff6d8021000-7ff6dc000000 ---p 00000000 00:00 0 
7ff6dc000000-7ff6dc021000 rw-p 00000000 00:00 0 
7ff6dc021000-7ff6e0000000 ---p 00000000 00:00 0 
7ff6e2518000-7ff6e251b000 ---p 00000000 00:00 0 
7ff6e251b000-7ff6e2619000 rw-p 00000000 00:00 0                          [stack:14694]
7ff6e2619000-7ff6e261c000 ---p 00000000 00:00 0 
7ff6e261c000-7ff6e271a000 rw-p 00000000 00:00 0                          [stack:14693]
7ff6e271a000-7ff6e271d000 ---p 00000000 00:00 0 
7ff6e271d000-7ff6e281b000 rw-p 00000000 00:00 0                          [stack:14692]
7ff6e281b000-7ff6e281e000 ---p 00000000 00:00 0 
7ff6e281e000-7ff6e291c000 rw-p 00000000 00:00 0                          [stack:14691]
7ff6e291c000-7ff6e3000000 r--p 00000000 08:01 13113697                   /usr/lib/locale/locale-archive
7ff6e3000000-7ff6e5000000 rw-p 00000000 00:00 0 
7ff6e5000000-7ff6e54f0000 rwxp 00000000 00:00 0 
7ff6e54f0000-7ff6f4000000 ---p 00000000 00:00 0 
7ff6f4000000-7ff6f4387000 rw-p 00000000 00:00 0 
7ff6f4387000-7ff6f8000000 ---p 00000000 00:00 0 
7ff6f807d000-7ff6f8080000 ---p 00000000 00:00 0 
7ff6f8080000-7ff6f817e000 rw-p 00000000 00:00 0                          [stack:14690]
7ff6f817e000-7ff6f817f000 ---p 00000000 00:00 0 
7ff6f817f000-7ff6f827f000 rw-p 00000000 00:00 0                          [stack:14689]
7ff6f827f000-7ff6f8282000 ---p 00000000 00:00 0 
7ff6f8282000-7ff6f8380000 rw-p 00000000 00:00 0                          [stack:14688]
7ff6f8380000-7ff6f8383000 ---p 00000000 00:00 0 
7ff6f8383000-7ff6f8481000 rw-p 00000000 00:00 0                          [stack:14687]
7ff6f8481000-7ff6f8484000 ---p 00000000 00:00 0 
7ff6f8484000-7ff6f8582000 rw-p 00000000 00:00 0                          [stack:14686]
7ff6f8582000-7ff6f8585000 ---p 00000000 00:00 0 
7ff6f8585000-7ff6f8683000 rw-p 00000000 00:00 0                          [stack:14685]
7ff6f8683000-7ff6f8686000 ---p 00000000 00:00 0 
7ff6f8686000-7ff6f8784000 rw-p 00000000 00:00 0                          [stack:14684]
7ff6f8784000-7ff6f8787000 ---p 00000000 00:00 0 
7ff6f8787000-7ff6f8885000 rw-p 00000000 00:00 0                          [stack:14683]
7ff6f8885000-7ff6f8886000 ---p 00000000 00:00 0 
7ff6f8886000-7ff6f92ff000 rw-p 00000000 00:00 0                          [stack:14682]
7ff6f92ff000-7ff6f94d8000 r--s 03d29000 08:01 13118676                   /usr/lib/jvm/java-8-oracle/jre/lib/rt.jar
7ff6f94d8000-7ff6f9b8e000 rw-p 00000000 00:00 0 
7ff6f9b8e000-7ff6f9d4e000 ---p 00000000 00:00 0 
7ff6f9d4e000-7ff6f9f4e000 rw-p 00000000 00:00 0 
7ff6f9f4e000-7ff6f9f4f000 ---p 00000000 00:00 0 
7ff6f9f4f000-7ff6fa04f000 rw-p 00000000 00:00 0                          [stack:14681]
7ff6fa04f000-7ff6fa050000 ---p 00000000 00:00 0 
7ff6fa050000-7ff6fa16d000 rw-p 00000000 00:00 0                          [stack:14680]
7ff6fa16d000-7ff6fa2a6000 ---p 00000000 00:00 0 
7ff6fa2a6000-7ff6fa2c3000 rw-p 00000000 00:00 0 
7ff6fa2c3000-7ff6fa3fb000 ---p 00000000 00:00 0 
7ff6fa3fb000-7ff6fa43a000 rw-p 00000000 00:00 0 
7ff6fa43a000-7ff6fa4a6000 ---p 00000000 00:00 0 
7ff6fa4a6000-7ff6fa4bb000 rw-p 00000000 00:00 0 
7ff6fa4bb000-7ff6fa867000 ---p 00000000 00:00 0 
7ff6fa867000-7ff6fa881000 r-xp 00000000 08:01 13766358                   /usr/lib/jvm/java-8-oracle/jre/lib/amd64/libzip.so
7ff6fa881000-7ff6faa81000 ---p 0001a000 08:01 13766358                   /usr/lib/jvm/java-8-oracle/jre/lib/amd64/libzip.so
7ff6faa81000-7ff6faa82000 rw-p 0001a000 08:01 13766358                   /usr/lib/jvm/java-8-oracle/jre/lib/amd64/libzip.so
7ff6faa82000-7ff6faa8d000 r-xp 00000000 08:01 2621673                    /lib/x86_64-linux-gnu/libnss_files-2.15.so
7ff6faa8d000-7ff6fac8c000 ---p 0000b000 08:01 2621673                    /lib/x86_64-linux-gnu/libnss_files-2.15.so
7ff6fac8c000-7ff6fac8d000 r--p 0000a000 08:01 2621673                    /lib/x86_64-linux-gnu/libnss_files-2.15.so
7ff6fac8d000-7ff6fac8e000 rw-p 0000b000 08:01 2621673                    /lib/x86_64-linux-gnu/libnss_files-2.15.so
7ff6fac8e000-7ff6fac98000 r-xp 00000000 08:01 2621658                    /lib/x86_64-linux-gnu/libnss_nis-2.15.so
7ff6fac98000-7ff6fae98000 ---p 0000a000 08:01 2621658                    /lib/x86_64-linux-gnu/libnss_nis-2.15.so
7ff6fae98000-7ff6fae99000 r--p 0000a000 08:01 2621658                    /lib/x86_64-linux-gnu/libnss_nis-2.15.so
7ff6fae99000-7ff6fae9a000 rw-p 0000b000 08:01 2621658                    /lib/x86_64-linux-gnu/libnss_nis-2.15.so
7ff6fae9a000-7ff6faeb1000 r-xp 00000000 08:01 2621667                    /lib/x86_64-linux-gnu/libnsl-2.15.so
7ff6faeb1000-7ff6fb0b0000 ---p 00017000 08:01 2621667                    /lib/x86_64-linux-gnu/libnsl-2.15.so
7ff6fb0b0000-7ff6fb0b1000 r--p 00016000 08:01 2621667                    /lib/x86_64-linux-gnu/libnsl-2.15.so
7ff6fb0b1000-7ff6fb0b2000 rw-p 00017000 08:01 2621667                    /lib/x86_64-linux-gnu/libnsl-2.15.so
7ff6fb0b2000-7ff6fb0b4000 rw-p 00000000 00:00 0 
7ff6fb0b4000-7ff6fb0bc000 r-xp 00000000 08:01 2621672                    /lib/x86_64-linux-gnu/libnss_compat-2.15.so
7ff6fb0bc000-7ff6fb2bb000 ---p 00008000 08:01 2621672                    /lib/x86_64-linux-gnu/libnss_compat-2.15.so
7ff6fb2bb000-7ff6fb2bc000 r--p 00007000 08:01 2621672                    /lib/x86_64-linux-gnu/libnss_compat-2.15.so
7ff6fb2bc000-7ff6fb2bd000 rw-p 00008000 08:01 2621672                    /lib/x86_64-linux-gnu/libnss_compat-2.15.so
7ff6fb2bd000-7ff6fb2e7000 r-xp 00000000 08:01 13766323                   /usr/lib/jvm/java-8-oracle/jre/lib/amd64/libjava.so
7ff6fb2e7000-7ff6fb4e7000 ---p 0002a000 08:01 13766323                   /usr/lib/jvm/java-8-oracle/jre/lib/amd64/libjava.so
7ff6fb4e7000-7ff6fb4e9000 rw-p 0002a000 08:01 13766323                   /usr/lib/jvm/java-8-oracle/jre/lib/amd64/libjava.so
7ff6fb4e9000-7ff6fb4f6000 r-xp 00000000 08:01 13766361                   /usr/lib/jvm/java-8-oracle/jre/lib/amd64/libverify.so
7ff6fb4f6000-7ff6fb6f6000 ---p 0000d000 08:01 13766361                   /usr/lib/jvm/java-8-oracle/jre/lib/amd64/libverify.so
7ff6fb6f6000-7ff6fb6f8000 rw-p 0000d000 08:01 13766361                   /usr/lib/jvm/java-8-oracle/jre/lib/amd64/libverify.so
7ff6fb6f8000-7ff6fb6ff000 r-xp 00000000 08:01 2621660                    /lib/x86_64-linux-gnu/librt-2.15.so
7ff6fb6ff000-7ff6fb8fe000 ---p 00007000 08:01 2621660                    /lib/x86_64-linux-gnu/librt-2.15.so
7ff6fb8fe000-7ff6fb8ff000 r--p 00006000 08:01 2621660                    /lib/x86_64-linux-gnu/librt-2.15.so
7ff6fb8ff000-7ff6fb900000 rw-p 00007000 08:01 2621660                    /lib/x86_64-linux-gnu/librt-2.15.so
7ff6fb900000-7ff6fb9fb000 r-xp 00000000 08:01 2621674                    /lib/x86_64-linux-gnu/libm-2.15.so
7ff6fb9fb000-7ff6fbbfa000 ---p 000fb000 08:01 2621674                    /lib/x86_64-linux-gnu/libm-2.15.so
7ff6fbbfa000-7ff6fbbfb000 r--p 000fa000 08:01 2621674                    /lib/x86_64-linux-gnu/libm-2.15.so
7ff6fbbfb000-7ff6fbbfc000 rw-p 000fb000 08:01 2621674                    /lib/x86_64-linux-gnu/libm-2.15.so
7ff6fbbfc000-7ff6fc8c7000 r-xp 00000000 08:01 13894575                   /usr/lib/jvm/java-8-oracle/jre/lib/amd64/server/libjvm.so
7ff6fc8c7000-7ff6fcac6000 ---p 00ccb000 08:01 13894575                   /usr/lib/jvm/java-8-oracle/jre/lib/amd64/server/libjvm.so
7ff6fcac6000-7ff6fcb9f000 rw-p 00cca000 08:01 13894575                   /usr/lib/jvm/java-8-oracle/jre/lib/amd64/server/libjvm.so
7ff6fcb9f000-7ff6fcbea000 rw-p 00000000 00:00 0 
7ff6fcbea000-7ff6fcd9e000 r-xp 00000000 08:01 2621665                    /lib/x86_64-linux-gnu/libc-2.15.so
7ff6fcd9e000-7ff6fcf9d000 ---p 001b4000 08:01 2621665                    /lib/x86_64-linux-gnu/libc-2.15.so
7ff6fcf9d000-7ff6fcfa1000 r--p 001b3000 08:01 2621665                    /lib/x86_64-linux-gnu/libc-2.15.so
7ff6fcfa1000-7ff6fcfa3000 rw-p 001b7000 08:01 2621665                    /lib/x86_64-linux-gnu/libc-2.15.so
7ff6fcfa3000-7ff6fcfa8000 rw-p 00000000 00:00 0 
7ff6fcfa8000-7ff6fcfaa000 r-xp 00000000 08:01 2621657                    /lib/x86_64-linux-gnu/libdl-2.15.so
7ff6fcfaa000-7ff6fd1aa000 ---p 00002000 08:01 2621657                    /lib/x86_64-linux-gnu/libdl-2.15.so
7ff6fd1aa000-7ff6fd1ab000 r--p 00002000 08:01 2621657                    /lib/x86_64-linux-gnu/libdl-2.15.so
7ff6fd1ab000-7ff6fd1ac000 rw-p 00003000 08:01 2621657                    /lib/x86_64-linux-gnu/libdl-2.15.so
7ff6fd1ac000-7ff6fd1c1000 r-xp 00000000 08:01 2627921                    /usr/lib/jvm/java-8-oracle/lib/amd64/jli/libjli.so
7ff6fd1c1000-7ff6fd3c1000 ---p 00015000 08:01 2627921                    /usr/lib/jvm/java-8-oracle/lib/amd64/jli/libjli.so
7ff6fd3c1000-7ff6fd3c2000 rw-p 00015000 08:01 2627921                    /usr/lib/jvm/java-8-oracle/lib/amd64/jli/libjli.so
7ff6fd3c2000-7ff6fd3da000 r-xp 00000000 08:01 2621668                    /lib/x86_64-linux-gnu/libpthread-2.15.so
7ff6fd3da000-7ff6fd5d9000 ---p 00018000 08:01 2621668                    /lib/x86_64-linux-gnu/libpthread-2.15.so
7ff6fd5d9000-7ff6fd5da000 r--p 00017000 08:01 2621668                    /lib/x86_64-linux-gnu/libpthread-2.15.so
7ff6fd5da000-7ff6fd5db000 rw-p 00018000 08:01 2621668                    /lib/x86_64-linux-gnu/libpthread-2.15.so
7ff6fd5db000-7ff6fd5df000 rw-p 00000000 00:00 0 
7ff6fd5df000-7ff6fd601000 r-xp 00000000 08:01 2621671                    /lib/x86_64-linux-gnu/ld-2.15.so
7ff6fd606000-7ff6fd6e1000 rw-p 00000000 00:00 0 
7ff6fd6e1000-7ff6fd6e4000 ---p 00000000 00:00 0 
7ff6fd6e4000-7ff6fd7e6000 rw-p 00000000 00:00 0                          [stack:14679]
7ff6fd7e6000-7ff6fd7f5000 r--s 000df000 08:01 11274850                   /root/Android/Sdk/build-tools/23.0.3/lib/dx.jar
7ff6fd7f5000-7ff6fd7fd000 rw-s 00000000 08:01 4852061                    /tmp/hsperfdata_root/14674
7ff6fd7fd000-7ff6fd7fe000 rw-p 00000000 00:00 0 
7ff6fd7fe000-7ff6fd7ff000 r--p 00000000 00:00 0 
7ff6fd7ff000-7ff6fd801000 rw-p 00000000 00:00 0 
7ff6fd801000-7ff6fd802000 r--p 00022000 08:01 2621671                    /lib/x86_64-linux-gnu/ld-2.15.so
7ff6fd802000-7ff6fd804000 rw-p 00023000 08:01 2621671                    /lib/x86_64-linux-gnu/ld-2.15.so
7fffb35d1000-7fffb35f2000 rw-p 00000000 00:00 0                          [stack]
7fffb35f9000-7fffb35fb000 r-xp 00000000 00:00 0                          [vdso]
ffffffffff600000-ffffffffff601000 r-xp 00000000 00:00 0                  [vsyscall]

VM Arguments:
jvm_args: -Djava.awt.headless=true -Xmx1024M -Dfile.encoding=UTF-8 -Duser.country=US -Duser.language=en -Duser.variant 
java_command: com.android.dx.command.Main --dex --force-jumbo --num-threads=4 --output /home/lin/other/AndroidProjects/Radio/app/build/intermediates/pre-dexed/debug/main_7cc5f647af7043fa3f77b86279a066893619d21a.jar /home/lin/other/AndroidProjects/Radio/app/build/intermediates/transforms/instantRun/debug/folders/1/5/main
java_class_path (initial): /root/Android/Sdk/build-tools/23.0.3/lib/dx.jar
Launcher Type: SUN_STANDARD

Environment Variables:
PATH=/usr/local/sbin:/usr/local/bin:/usr/sbin:/usr/bin:/sbin:/bin
USERNAME=root
LD_LIBRARY_PATH=/opt/android-studio/bin:
SHELL=/bin/bash
DISPLAY=:0.0

Signal Handlers:
SIGSEGV: [libjvm.so+0xac4790], sa_mask[0]=11111111011111111101111111111110, sa_flags=SA_RESTART|SA_SIGINFO
SIGBUS: [libjvm.so+0xac4790], sa_mask[0]=11111111011111111101111111111110, sa_flags=SA_RESTART|SA_SIGINFO
SIGFPE: [libjvm.so+0x91f140], sa_mask[0]=11111111011111111101111111111110, sa_flags=SA_RESTART|SA_SIGINFO
SIGPIPE: [libjvm.so+0x91f140], sa_mask[0]=11111111011111111101111111111110, sa_flags=SA_RESTART|SA_SIGINFO
SIGXFSZ: [libjvm.so+0x91f140], sa_mask[0]=11111111011111111101111111111110, sa_flags=SA_RESTART|SA_SIGINFO
SIGILL: [libjvm.so+0x91f140], sa_mask[0]=11111111011111111101111111111110, sa_flags=SA_RESTART|SA_SIGINFO
SIGUSR1: SIG_DFL, sa_mask[0]=00000000000000000000000000000000, sa_flags=none
SIGUSR2: [libjvm.so+0x920770], sa_mask[0]=00100000000000000000000000000000, sa_flags=SA_RESTART|SA_SIGINFO
SIGHUP: [libjvm.so+0x921b70], sa_mask[0]=11111111011111111101111111111110, sa_flags=SA_RESTART|SA_SIGINFO
SIGINT: [libjvm.so+0x921b70], sa_mask[0]=11111111011111111101111111111110, sa_flags=SA_RESTART|SA_SIGINFO
SIGTERM: [libjvm.so+0x921b70], sa_mask[0]=11111111011111111101111111111110, sa_flags=SA_RESTART|SA_SIGINFO
SIGQUIT: [libjvm.so+0x921b70], sa_mask[0]=11111111011111111101111111111110, sa_flags=SA_RESTART|SA_SIGINFO


---------------  S Y S T E M  ---------------

OS:DISTRIB_ID=Ubuntu
DISTRIB_RELEASE=12.04
DISTRIB_CODENAME=precise
DISTRIB_DESCRIPTION="Ubuntu 12.04.5 LTS"

uname:Linux 3.13.0-93-generic #140~precise1-Ubuntu SMP Tue Jul 19 19:55:11 UTC 2016 x86_64
libc:glibc 2.15 NPTL 2.15 
rlimit: STACK 8192k, CORE 0k, NPROC 22873, NOFILE 4096, AS infinity
load average:5.53 3.89 3.72

/proc/meminfo:
MemTotal:        2948840 kB
MemFree:           75320 kB
Buffers:           11380 kB
Cached:           266388 kB
SwapCached:       113208 kB
Active:          2128660 kB
Inactive:         570660 kB
Active(anon):    2048532 kB
Inactive(anon):   511220 kB
Active(file):      80128 kB
Inactive(file):    59440 kB
Unevictable:           0 kB
Mlocked:               0 kB
SwapTotal:       3008508 kB
SwapFree:        2080116 kB
Dirty:              5624 kB
Writeback:             0 kB
AnonPages:       2355324 kB
Mapped:            91560 kB
Shmem:            138048 kB
Slab:              75328 kB
SReclaimable:      46540 kB
SUnreclaim:        28788 kB
KernelStack:        4640 kB
PageTables:        36920 kB
NFS_Unstable:          0 kB
Bounce:                0 kB
WritebackTmp:          0 kB
CommitLimit:     4482928 kB
Committed_AS:    5927588 kB
VmallocTotal:   34359738367 kB
VmallocUsed:      352344 kB
VmallocChunk:   34359380056 kB
HardwareCorrupted:     0 kB
AnonHugePages:    307200 kB
HugePages_Total:       0
HugePages_Free:        0
HugePages_Rsvd:        0
HugePages_Surp:        0
Hugepagesize:       2048 kB
DirectMap4k:       82308 kB
DirectMap2M:     2928640 kB


CPU:total 2 (2 cores per cpu, 1 threads per core) family 6 model 15 stepping 13, cmov, cx8, fxsr, mmx, sse, sse2, sse3, ssse3, tsc

/proc/cpuinfo:
processor	: 0
vendor_id	: GenuineIntel
cpu family	: 6
model		: 15
model name	: Genuine Intel(R) CPU           T1600  @ 1.66GHz
stepping	: 13
microcode	: 0xa3
cpu MHz		: 1662.512
cache size	: 1024 KB
physical id	: 0
siblings	: 2
core id		: 0
cpu cores	: 2
apicid		: 0
initial apicid	: 0
fpu		: yes
fpu_exception	: yes
cpuid level	: 10
wp		: yes
flags		: fpu vme de pse tsc msr pae mce cx8 apic sep mtrr pge mca cmov pat pse36 clflush dts acpi mmx fxsr sse sse2 ss ht tm pbe syscall nx lm constant_tsc arch_perfmon pebs bts rep_good nopl aperfmperf pni dtes64 monitor ds_cpl tm2 ssse3 cx16 xtpr pdcm lahf_lm dtherm
bogomips	: 3325.02
clflush size	: 64
cache_alignment	: 64
address sizes	: 36 bits physical, 48 bits virtual
power management:

processor	: 1
vendor_id	: GenuineIntel
cpu family	: 6
model		: 15
model name	: Genuine Intel(R) CPU           T1600  @ 1.66GHz
stepping	: 13
microcode	: 0xa3
cpu MHz		: 1662.512
cache size	: 1024 KB
physical id	: 0
siblings	: 2
core id		: 1
cpu cores	: 2
apicid		: 1
initial apicid	: 1
fpu		: yes
fpu_exception	: yes
cpuid level	: 10
wp		: yes
flags		: fpu vme de pse tsc msr pae mce cx8 apic sep mtrr pge mca cmov pat pse36 clflush dts acpi mmx fxsr sse sse2 ss ht tm pbe syscall nx lm constant_tsc arch_perfmon pebs bts rep_good nopl aperfmperf pni dtes64 monitor ds_cpl tm2 ssse3 cx16 xtpr pdcm lahf_lm dtherm
bogomips	: 3325.02
clflush size	: 64
cache_alignment	: 64
address sizes	: 36 bits physical, 48 bits virtual
power management:



Memory: 4k page, physical 2948840k(75320k free), swap 3008508k(2080116k free)

vm_info: Java HotSpot(TM) 64-Bit Server VM (25.101-b13) for linux-amd64 JRE (1.8.0_101-b13), built on Jun 22 2016 02:59:44 by "java_re" with gcc 4.3.0 20080428 (Red Hat 4.3.0-8)

time: Tue Aug 30 14:48:53 2016
elapsed time: 11 seconds (0d 0h 0m 11s)

