#
# A fatal error has been detected by the Java Runtime Environment:
#
#  SIGSEGV (0xb) at pc=0x00007f248a026ca8, pid=19566, tid=0x00007f2470d11700
#
# JRE version: Java(TM) SE Runtime Environment (8.0_101-b13) (build 1.8.0_101-b13)
# Java VM: Java HotSpot(TM) 64-Bit Server VM (25.101-b13 mixed mode linux-amd64 compressed oops)
# Problematic frame:
# V  [libjvm.so+0x4b4ca8]  CompiledIC::cleanup_call_site(virtual_call_Relocation*)+0x38
#
# Failed to write core dump. Core dumps have been disabled. To enable core dumping, try "ulimit -c unlimited" before starting Java again
#
# If you would like to submit a bug report, please visit:
#   http://bugreport.java.com/bugreport/crash.jsp
#

---------------  T H R E A D  ---------------

Current thread (0x00007f24840b7800):  JavaThread "C1 CompilerThread1" daemon [_thread_in_vm, id=19576, stack(0x00007f2470c11000,0x00007f2470d12000)]

siginfo: si_signo: 11 (SIGSEGV), si_code: 1 (SEGV_MAPERR), si_addr: 0x0000000000000002

Registers:
RAX=0x0000000000000000, RBX=0x00007f2470d10a60, RCX=0x0000000000000006, RDX=0x00007f2475108b90
RSP=0x00007f2470d109b0, RBP=0x00007f2470d109c0, RSI=0x00007f2475108d27, RDI=0x00007f2470d10a60
R8 =0x0000000000000006, R9 =0x00007f2475000000, R10=0x0000000000000001, R11=0x0000000000000000
R12=0x00007f248401c1a0, R13=0x00007f2470d109f0, R14=0x00007f248401c1e0, R15=0x00007f2484006b60
RIP=0x00007f248a026ca8, EFLAGS=0x0000000000010202, CSGSFS=0x0000000000000033, ERR=0x0000000000000004
  TRAPNO=0x000000000000000e

Top of Stack: (sp=0x00007f2470d109b0)
0x00007f2470d109b0:   00007f248401c1e0 00007f2470d10a60
0x00007f2470d109c0:   00007f2470d10ac0 00007f248a59c440
0x00007f2470d109d0:   00007f2475105210 00007f248401c220
0x00007f2470d109e0:   00007f248401c5c8 00000000000003d8
0x00007f2470d109f0:   0000000000000000 00007f2475106218
0x00007f2470d10a00:   00007f2475145258 00007f2475105210
0x00007f2470d10a10:   00007f2475108c2d 00007f248b34008b
0x00007f2470d10a20:   00007f24751052d2 2020202000010000
0x00007f2470d10a30:   00007f24e9999e20 00007f2475145260
0x00007f2470d10a40:   00007f23fe5c5a34 00007f2475145260
0x00007f2470d10a50:   00007f23fe5c5a34 00007f23f658764c
0x00007f2470d10a60:   00007f248aad7550 00007f2470d109f0
0x00007f2470d10a70:   0000000000000000 00007f24840b7800
0x00007f2470d10a80:   00007f2470d10ab0 00007f248967215d
0x00007f2470d10a90:   000000b800000054 000000006ded35a3
0x00007f2470d10aa0:   00007f2475105210 00007f24840b7800
0x00007f2470d10ab0:   0000000000000000 00007f248ab2e8f8
0x00007f2470d10ac0:   00007f2470d10af0 00007f248a59c549
0x00007f2470d10ad0:   00007f2484005860 00007f2475105390
0x00007f2470d10ae0:   0000000000000001 0000000000000000
0x00007f2470d10af0:   00007f2470d10be0 00007f248a59ca88
0x00007f2470d10b00:   00007f2470d10b20 000000098a48fb43
0x00007f2470d10b10:   00007f2484005860 0000000000089b68
0x00007f2470d10b20:   000000004bd28d34 0000000000000000
0x00007f2470d10b30:   00007f248aac4a00 0000000000000000
0x00007f2470d10b40:   0000000000000000 0000000000000000
0x00007f2470d10b50:   0000000000000000 00007f2470d10a28
0x00007f2470d10b60:   0000000000000059 0000000000000100
0x00007f2470d10b70:   00000156d8034a01 0000000000000000
0x00007f2470d10b80:   00007f24840b0001 000000000115a983
0x00007f2470d10b90:   000000004abc9f7c 00007f24840b7800
0x00007f2470d10ba0:   000000004bd28d34 0000000000000000 

Instructions: (pc=0x00007f248a026ca8)
0x00007f248a026c88:   00 48 89 c7 e8 8f e2 ff ff 84 c0 75 0b 48 83 c4
0x00007f248a026c98:   08 5b c9 c3 0f 1f 40 00 48 89 df e8 18 03 4f 00
0x00007f248a026ca8:   48 8b 78 02 48 83 c4 08 5b c9 e9 d9 a1 17 00 90
0x00007f248a026cb8:   90 90 90 90 90 90 90 90 55 48 8d 05 68 de a9 00 

Register to memory mapping:

RAX=0x0000000000000000 is an unknown value
RBX=0x00007f2470d10a60 is pointing into the stack for thread: 0x00007f24840b7800
RCX=0x0000000000000006 is an unknown value
RDX=0x00007f2475108b90 is at code_begin+-80 in an AdapterHandler
Adapter for signature: 0x00007f2475108b90 is at code_begin+-80 in 
[CodeBlob (0x00007f2475108b90)]
Framesize: 0
BufferBlob (0x00007f2475108b90) used for I2C/C2I adapters
RSP=0x00007f2470d109b0 is pointing into the stack for thread: 0x00007f24840b7800
RBP=0x00007f2470d109c0 is pointing into the stack for thread: 0x00007f24840b7800
RSI=0x00007f2475108d27 is at code_begin+327 in an AdapterHandler
Adapter for signature: 0x00007f2475108d27 is at code_begin+327 in 
[CodeBlob (0x00007f2475108b90)]
Framesize: 0
BufferBlob (0x00007f2475108b90) used for I2C/C2I adapters
RDI=0x00007f2470d10a60 is pointing into the stack for thread: 0x00007f24840b7800
R8 =0x0000000000000006 is an unknown value
R9 =0x00007f2475000000 is an unknown value
R10=0x0000000000000001 is an unknown value
R11=0x0000000000000000 is an unknown value
R12=0x00007f248401c1a0 is an unknown value
R13=0x00007f2470d109f0 is pointing into the stack for thread: 0x00007f24840b7800
R14=0x00007f248401c1e0 is an unknown value
R15=0x00007f2484006b60 is an unknown value


Stack: [0x00007f2470c11000,0x00007f2470d12000],  sp=0x00007f2470d109b0,  free space=1022k
Native frames: (J=compiled Java code, j=interpreted, Vv=VM code, C=native code)
V  [libjvm.so+0x4b4ca8]  CompiledIC::cleanup_call_site(virtual_call_Relocation*)+0x38
V  [libjvm.so+0xa2a440]  NMethodSweeper::release_nmethod(nmethod*)+0x1e0
V  [libjvm.so+0xa2a549]  NMethodSweeper::process_nmethod(nmethod*)+0xd9
V  [libjvm.so+0xa2aa88]  NMethodSweeper::sweep_code_cache()+0x328
V  [libjvm.so+0xa2adf4]  NMethodSweeper::possibly_sweep()+0xb4
V  [libjvm.so+0x4ade05]  CompileQueue::get()+0x15
V  [libjvm.so+0x4b017b]  CompileBroker::compiler_thread_loop()+0x18b
V  [libjvm.so+0xa7343f]  JavaThread::thread_main_inner()+0xdf
V  [libjvm.so+0xa7356c]  JavaThread::run()+0x11c
V  [libjvm.so+0x924698]  java_start(Thread*)+0x108
C  [libpthread.so.0+0x7e9a]  start_thread+0xda


---------------  P R O C E S S  ---------------

Java Threads: ( => current thread )
  0x00007f24840c4000 JavaThread "Service Thread" daemon [_thread_blocked, id=19577, stack(0x00007f2470b10000,0x00007f2470c11000)]
=>0x00007f24840b7800 JavaThread "C1 CompilerThread1" daemon [_thread_in_vm, id=19576, stack(0x00007f2470c11000,0x00007f2470d12000)]
  0x00007f24840b4800 JavaThread "C2 CompilerThread0" daemon [_thread_in_native, id=19575, stack(0x00007f2470d12000,0x00007f2470e13000)]
  0x00007f24840b3000 JavaThread "Signal Dispatcher" daemon [_thread_blocked, id=19574, stack(0x00007f2470e13000,0x00007f2470f14000)]
  0x00007f2484080000 JavaThread "Finalizer" daemon [_thread_blocked, id=19573, stack(0x00007f24715f8000,0x00007f24716f9000)]
  0x00007f248407b800 JavaThread "Reference Handler" daemon [_thread_blocked, id=19572, stack(0x00007f24716f9000,0x00007f24717fa000)]
  0x00007f248400a000 JavaThread "main" [_thread_blocked, id=19568, stack(0x00007f248b657000,0x00007f248b758000)]

Other Threads:
  0x00007f2484073800 VMThread [stack: 0x00007f24717fa000,0x00007f24718fb000] [id=19571]
  0x00007f24840c7800 WatcherThread [stack: 0x00007f2470a0f000,0x00007f2470b10000] [id=19578]

VM state:not at safepoint (normal execution)

VM Mutex/Monitor currently owned by a thread:  ([mutex/lock_event])
[0x00007f2484006b60] CompiledIC_lock - owner thread: 0x00007f24840b7800

Heap:
 PSYoungGen      total 13824K, used 6211K [0x00000000eab00000, 0x00000000eba00000, 0x0000000100000000)
  eden space 12288K, 50% used [0x00000000eab00000,0x00000000eb110f98,0x00000000eb700000)
  from space 1536K, 0% used [0x00000000eb880000,0x00000000eb880000,0x00000000eba00000)
  to   space 1536K, 0% used [0x00000000eb700000,0x00000000eb700000,0x00000000eb880000)
 ParOldGen       total 31744K, used 0K [0x00000000c0000000, 0x00000000c1f00000, 0x00000000eab00000)
  object space 31744K, 0% used [0x00000000c0000000,0x00000000c0000000,0x00000000c1f00000)
 Metaspace       used 3345K, capacity 4720K, committed 4864K, reserved 1056768K
  class space    used 359K, capacity 424K, committed 512K, reserved 1048576K

Card table byte_map: [0x00007f248821c000,0x00007f248841d000] byte_map_base: 0x00007f2487c1c000

Marking Bits: (ParMarkBitMap*) 0x00007f248ab33120
 Begin Bits: [0x00007f2472dfe000, 0x00007f2473dfe000)
 End Bits:   [0x00007f2473dfe000, 0x00007f2474dfe000)

Polling page: 0x00007f248b774000

CodeCache: size=245760Kb used=1379Kb max_used=1379Kb free=244380Kb
 bounds [0x00007f2475000000, 0x00007f2475270000, 0x00007f2484000000]
 total_blobs=384 nmethods=144 adapters=156
 compilation: enabled

Compilation events (10 events):
Event: 1.252 Thread 0x00007f24840b7800  139       3       java.util.regex.Matcher::find (69 bytes)
Event: 1.253 Thread 0x00007f24840b7800 nmethod 139 0x00007f2475153ed0 code [0x00007f2475154060, 0x00007f24751543e8]
Event: 1.253 Thread 0x00007f24840b7800  142       3       com.android.dx.cf.direct.ClassPathOpener$3::compare (13 bytes)
Event: 1.253 Thread 0x00007f24840b7800 nmethod 142 0x00007f2475153610 code [0x00007f24751537a0, 0x00007f2475153ce8]
Event: 1.253 Thread 0x00007f24840b7800  143       3       com.android.dx.cf.direct.ClassPathOpener$3::compare (12 bytes)
Event: 1.254 Thread 0x00007f24840b7800 nmethod 143 0x00007f2475157850 code [0x00007f24751579c0, 0x00007f2475157ce8]
Event: 1.254 Thread 0x00007f24840b7800  145       3       com.android.dx.cf.direct.ClassPathOpener::access$000 (6 bytes)
Event: 1.254 Thread 0x00007f24840b7800 nmethod 145 0x00007f2475157e10 code [0x00007f2475157f80, 0x00007f24751580e8]
Event: 1.254 Thread 0x00007f24840b7800  146       3       com.android.dx.cf.direct.ClassPathOpener::compareClassNames (42 bytes)
Event: 1.272 Thread 0x00007f24840b7800 nmethod 146 0x00007f2475158190 code [0x00007f24751583e0, 0x00007f2475159028]

GC Heap History (0 events):
No events

Deoptimization events (0 events):
No events

Internal exceptions (2 events):
Event: 0.324 Thread 0x00007f248400a000 Exception <a 'java/lang/NoSuchMethodError': Method sun.misc.Unsafe.defineClass(Ljava/lang/String;[BII)Ljava/lang/Class; name or signature does not match> (0x00000000eab07cc0) thrown at [/HUDSON3/workspace/8-2-build-linux-amd64/jdk8u101/7261/hotspot/src/sh
Event: 0.324 Thread 0x00007f248400a000 Exception <a 'java/lang/NoSuchMethodError': Method sun.misc.Unsafe.prefetchRead(Ljava/lang/Object;J)V name or signature does not match> (0x00000000eab07fa8) thrown at [/HUDSON3/workspace/8-2-build-linux-amd64/jdk8u101/7261/hotspot/src/share/vm/prims/jni.c

Events (10 events):
Event: 1.098 loading class java/util/regex/MatchResult done
Event: 1.098 loading class java/util/regex/Matcher done
Event: 1.262 Thread 0x00007f248400a000 DEOPT PACKING pc=0x00007f247511c58e sp=0x00007f248b755fe0
Event: 1.262 Thread 0x00007f248400a000 DEOPT UNPACKING pc=0x00007f2475046f73 sp=0x00007f248b755d28 mode 0
Event: 1.262 Thread 0x00007f248400a000 DEOPT PACKING pc=0x00007f247511c58e sp=0x00007f248b755fe0
Event: 1.263 Thread 0x00007f248400a000 DEOPT UNPACKING pc=0x00007f2475046f73 sp=0x00007f248b755d28 mode 0
Event: 1.270 Thread 0x00007f248400a000 DEOPT PACKING pc=0x00007f247511c58e sp=0x00007f248b7560f0
Event: 1.270 Thread 0x00007f248400a000 DEOPT UNPACKING pc=0x00007f2475046f73 sp=0x00007f248b755e38 mode 0
Event: 1.271 Thread 0x00007f248400a000 DEOPT PACKING pc=0x00007f247511c58e sp=0x00007f248b756000
Event: 1.271 Thread 0x00007f248400a000 DEOPT UNPACKING pc=0x00007f2475046f73 sp=0x00007f248b755d48 mode 0


Dynamic libraries:
00400000-00401000 r-xp 00000000 08:01 3279757                            /usr/lib/jvm/java-8-oracle/bin/java
00600000-00601000 rw-p 00000000 08:01 3279757                            /usr/lib/jvm/java-8-oracle/bin/java
01530000-01551000 rw-p 00000000 00:00 0                                  [heap]
c0000000-c1f00000 rw-p 00000000 00:00 0 
c1f00000-eab00000 ---p 00000000 00:00 0 
eab00000-eba00000 rw-p 00000000 00:00 0 
eba00000-100000000 ---p 00000000 00:00 0 
100000000-100080000 rw-p 00000000 00:00 0 
100080000-140000000 ---p 00000000 00:00 0 
7f2444000000-7f2444021000 rw-p 00000000 00:00 0 
7f2444021000-7f2448000000 ---p 00000000 00:00 0 
7f244c000000-7f244c43b000 rw-p 00000000 00:00 0 
7f244c43b000-7f2450000000 ---p 00000000 00:00 0 
7f2450000000-7f2450021000 rw-p 00000000 00:00 0 
7f2450021000-7f2454000000 ---p 00000000 00:00 0 
7f2454000000-7f2454021000 rw-p 00000000 00:00 0 
7f2454021000-7f2458000000 ---p 00000000 00:00 0 
7f2458000000-7f2458072000 rw-p 00000000 00:00 0 
7f2458072000-7f245c000000 ---p 00000000 00:00 0 
7f245c000000-7f245c021000 rw-p 00000000 00:00 0 
7f245c021000-7f2460000000 ---p 00000000 00:00 0 
7f2460000000-7f2460021000 rw-p 00000000 00:00 0 
7f2460021000-7f2464000000 ---p 00000000 00:00 0 
7f2464000000-7f2464021000 rw-p 00000000 00:00 0 
7f2464021000-7f2468000000 ---p 00000000 00:00 0 
7f2468000000-7f2468021000 rw-p 00000000 00:00 0 
7f2468021000-7f246c000000 ---p 00000000 00:00 0 
7f246c000000-7f246c021000 rw-p 00000000 00:00 0 
7f246c021000-7f2470000000 ---p 00000000 00:00 0 
7f24709f9000-7f2470a0f000 r--s 000f1000 08:01 10496547                   /home/lin/other/AndroidProjects/Radio/app/build/intermediates/exploded-aar/com.android.support/support-v4/23.4.0/jars/classes.jar
7f2470a0f000-7f2470a10000 ---p 00000000 00:00 0 
7f2470a10000-7f2470b10000 rw-p 00000000 00:00 0                          [stack:19578]
7f2470b10000-7f2470b13000 ---p 00000000 00:00 0 
7f2470b13000-7f2470c11000 rw-p 00000000 00:00 0                          [stack:19577]
7f2470c11000-7f2470c14000 ---p 00000000 00:00 0 
7f2470c14000-7f2470d12000 rw-p 00000000 00:00 0                          [stack:19576]
7f2470d12000-7f2470d15000 ---p 00000000 00:00 0 
7f2470d15000-7f2470e13000 rw-p 00000000 00:00 0                          [stack:19575]
7f2470e13000-7f2470e16000 ---p 00000000 00:00 0 
7f2470e16000-7f2470f14000 rw-p 00000000 00:00 0                          [stack:19574]
7f2470f14000-7f24715f8000 r--p 00000000 08:01 13113697                   /usr/lib/locale/locale-archive
7f24715f8000-7f24715fb000 ---p 00000000 00:00 0 
7f24715fb000-7f24716f9000 rw-p 00000000 00:00 0                          [stack:19573]
7f24716f9000-7f24716fc000 ---p 00000000 00:00 0 
7f24716fc000-7f24717fa000 rw-p 00000000 00:00 0                          [stack:19572]
7f24717fa000-7f24717fb000 ---p 00000000 00:00 0 
7f24717fb000-7f2472225000 rw-p 00000000 00:00 0                          [stack:19571]
7f2472225000-7f24723fe000 r--s 03d29000 08:01 13118676                   /usr/lib/jvm/java-8-oracle/jre/lib/rt.jar
7f24723fe000-7f247283e000 rw-p 00000000 00:00 0 
7f247283e000-7f2472bfe000 ---p 00000000 00:00 0 
7f2472bfe000-7f2474dfe000 rw-p 00000000 00:00 0 
7f2474dfe000-7f2474dff000 ---p 00000000 00:00 0 
7f2474dff000-7f2474eff000 rw-p 00000000 00:00 0                          [stack:19570]
7f2474eff000-7f2474f00000 ---p 00000000 00:00 0 
7f2474f00000-7f2475000000 rw-p 00000000 00:00 0                          [stack:19569]
7f2475000000-7f2475270000 rwxp 00000000 00:00 0 
7f2475270000-7f2484000000 ---p 00000000 00:00 0 
7f2484000000-7f248438f000 rw-p 00000000 00:00 0 
7f248438f000-7f2488000000 ---p 00000000 00:00 0 
7f2488001000-7f24880d6000 rw-p 00000000 00:00 0 
7f24880d6000-7f248821c000 ---p 00000000 00:00 0 
7f248821c000-7f248822c000 rw-p 00000000 00:00 0 
7f248822c000-7f2488371000 ---p 00000000 00:00 0 
7f2488371000-7f2488379000 rw-p 00000000 00:00 0 
7f2488379000-7f248841c000 ---p 00000000 00:00 0 
7f248841c000-7f2488427000 rw-p 00000000 00:00 0 
7f2488427000-7f24887dd000 ---p 00000000 00:00 0 
7f24887dd000-7f24887f7000 r-xp 00000000 08:01 13766358                   /usr/lib/jvm/java-8-oracle/jre/lib/amd64/libzip.so
7f24887f7000-7f24889f7000 ---p 0001a000 08:01 13766358                   /usr/lib/jvm/java-8-oracle/jre/lib/amd64/libzip.so
7f24889f7000-7f24889f8000 rw-p 0001a000 08:01 13766358                   /usr/lib/jvm/java-8-oracle/jre/lib/amd64/libzip.so
7f24889f8000-7f2488a03000 r-xp 00000000 08:01 2621673                    /lib/x86_64-linux-gnu/libnss_files-2.15.so
7f2488a03000-7f2488c02000 ---p 0000b000 08:01 2621673                    /lib/x86_64-linux-gnu/libnss_files-2.15.so
7f2488c02000-7f2488c03000 r--p 0000a000 08:01 2621673                    /lib/x86_64-linux-gnu/libnss_files-2.15.so
7f2488c03000-7f2488c04000 rw-p 0000b000 08:01 2621673                    /lib/x86_64-linux-gnu/libnss_files-2.15.so
7f2488c04000-7f2488c0e000 r-xp 00000000 08:01 2621658                    /lib/x86_64-linux-gnu/libnss_nis-2.15.so
7f2488c0e000-7f2488e0e000 ---p 0000a000 08:01 2621658                    /lib/x86_64-linux-gnu/libnss_nis-2.15.so
7f2488e0e000-7f2488e0f000 r--p 0000a000 08:01 2621658                    /lib/x86_64-linux-gnu/libnss_nis-2.15.so
7f2488e0f000-7f2488e10000 rw-p 0000b000 08:01 2621658                    /lib/x86_64-linux-gnu/libnss_nis-2.15.so
7f2488e10000-7f2488e27000 r-xp 00000000 08:01 2621667                    /lib/x86_64-linux-gnu/libnsl-2.15.so
7f2488e27000-7f2489026000 ---p 00017000 08:01 2621667                    /lib/x86_64-linux-gnu/libnsl-2.15.so
7f2489026000-7f2489027000 r--p 00016000 08:01 2621667                    /lib/x86_64-linux-gnu/libnsl-2.15.so
7f2489027000-7f2489028000 rw-p 00017000 08:01 2621667                    /lib/x86_64-linux-gnu/libnsl-2.15.so
7f2489028000-7f248902a000 rw-p 00000000 00:00 0 
7f248902a000-7f2489032000 r-xp 00000000 08:01 2621672                    /lib/x86_64-linux-gnu/libnss_compat-2.15.so
7f2489032000-7f2489231000 ---p 00008000 08:01 2621672                    /lib/x86_64-linux-gnu/libnss_compat-2.15.so
7f2489231000-7f2489232000 r--p 00007000 08:01 2621672                    /lib/x86_64-linux-gnu/libnss_compat-2.15.so
7f2489232000-7f2489233000 rw-p 00008000 08:01 2621672                    /lib/x86_64-linux-gnu/libnss_compat-2.15.so
7f2489233000-7f248925d000 r-xp 00000000 08:01 13766323                   /usr/lib/jvm/java-8-oracle/jre/lib/amd64/libjava.so
7f248925d000-7f248945d000 ---p 0002a000 08:01 13766323                   /usr/lib/jvm/java-8-oracle/jre/lib/amd64/libjava.so
7f248945d000-7f248945f000 rw-p 0002a000 08:01 13766323                   /usr/lib/jvm/java-8-oracle/jre/lib/amd64/libjava.so
7f248945f000-7f248946c000 r-xp 00000000 08:01 13766361                   /usr/lib/jvm/java-8-oracle/jre/lib/amd64/libverify.so
7f248946c000-7f248966c000 ---p 0000d000 08:01 13766361                   /usr/lib/jvm/java-8-oracle/jre/lib/amd64/libverify.so
7f248966c000-7f248966e000 rw-p 0000d000 08:01 13766361                   /usr/lib/jvm/java-8-oracle/jre/lib/amd64/libverify.so
7f248966e000-7f2489675000 r-xp 00000000 08:01 2621660                    /lib/x86_64-linux-gnu/librt-2.15.so
7f2489675000-7f2489874000 ---p 00007000 08:01 2621660                    /lib/x86_64-linux-gnu/librt-2.15.so
7f2489874000-7f2489875000 r--p 00006000 08:01 2621660                    /lib/x86_64-linux-gnu/librt-2.15.so
7f2489875000-7f2489876000 rw-p 00007000 08:01 2621660                    /lib/x86_64-linux-gnu/librt-2.15.so
7f2489876000-7f2489971000 r-xp 00000000 08:01 2621674                    /lib/x86_64-linux-gnu/libm-2.15.so
7f2489971000-7f2489b70000 ---p 000fb000 08:01 2621674                    /lib/x86_64-linux-gnu/libm-2.15.so
7f2489b70000-7f2489b71000 r--p 000fa000 08:01 2621674                    /lib/x86_64-linux-gnu/libm-2.15.so
7f2489b71000-7f2489b72000 rw-p 000fb000 08:01 2621674                    /lib/x86_64-linux-gnu/libm-2.15.so
7f2489b72000-7f248a83d000 r-xp 00000000 08:01 13894575                   /usr/lib/jvm/java-8-oracle/jre/lib/amd64/server/libjvm.so
7f248a83d000-7f248aa3c000 ---p 00ccb000 08:01 13894575                   /usr/lib/jvm/java-8-oracle/jre/lib/amd64/server/libjvm.so
7f248aa3c000-7f248ab15000 rw-p 00cca000 08:01 13894575                   /usr/lib/jvm/java-8-oracle/jre/lib/amd64/server/libjvm.so
7f248ab15000-7f248ab60000 rw-p 00000000 00:00 0 
7f248ab60000-7f248ad14000 r-xp 00000000 08:01 2621665                    /lib/x86_64-linux-gnu/libc-2.15.so
7f248ad14000-7f248af13000 ---p 001b4000 08:01 2621665                    /lib/x86_64-linux-gnu/libc-2.15.so
7f248af13000-7f248af17000 r--p 001b3000 08:01 2621665                    /lib/x86_64-linux-gnu/libc-2.15.so
7f248af17000-7f248af19000 rw-p 001b7000 08:01 2621665                    /lib/x86_64-linux-gnu/libc-2.15.so
7f248af19000-7f248af1e000 rw-p 00000000 00:00 0 
7f248af1e000-7f248af20000 r-xp 00000000 08:01 2621657                    /lib/x86_64-linux-gnu/libdl-2.15.so
7f248af20000-7f248b120000 ---p 00002000 08:01 2621657                    /lib/x86_64-linux-gnu/libdl-2.15.so
7f248b120000-7f248b121000 r--p 00002000 08:01 2621657                    /lib/x86_64-linux-gnu/libdl-2.15.so
7f248b121000-7f248b122000 rw-p 00003000 08:01 2621657                    /lib/x86_64-linux-gnu/libdl-2.15.so
7f248b122000-7f248b137000 r-xp 00000000 08:01 2627921                    /usr/lib/jvm/java-8-oracle/lib/amd64/jli/libjli.so
7f248b137000-7f248b337000 ---p 00015000 08:01 2627921                    /usr/lib/jvm/java-8-oracle/lib/amd64/jli/libjli.so
7f248b337000-7f248b338000 rw-p 00015000 08:01 2627921                    /usr/lib/jvm/java-8-oracle/lib/amd64/jli/libjli.so
7f248b338000-7f248b350000 r-xp 00000000 08:01 2621668                    /lib/x86_64-linux-gnu/libpthread-2.15.so
7f248b350000-7f248b54f000 ---p 00018000 08:01 2621668                    /lib/x86_64-linux-gnu/libpthread-2.15.so
7f248b54f000-7f248b550000 r--p 00017000 08:01 2621668                    /lib/x86_64-linux-gnu/libpthread-2.15.so
7f248b550000-7f248b551000 rw-p 00018000 08:01 2621668                    /lib/x86_64-linux-gnu/libpthread-2.15.so
7f248b551000-7f248b555000 rw-p 00000000 00:00 0 
7f248b555000-7f248b577000 r-xp 00000000 08:01 2621671                    /lib/x86_64-linux-gnu/ld-2.15.so
7f248b57c000-7f248b657000 rw-p 00000000 00:00 0 
7f248b657000-7f248b65a000 ---p 00000000 00:00 0 
7f248b65a000-7f248b75c000 rw-p 00000000 00:00 0                          [stack:19568]
7f248b75c000-7f248b76b000 r--s 000df000 08:01 9309217                    /home/lin/Android/Sdk/build-tools/23.0.3/lib/dx.jar
7f248b76b000-7f248b773000 rw-s 00000000 08:01 4850484                    /tmp/hsperfdata_root/19566
7f248b773000-7f248b774000 rw-p 00000000 00:00 0 
7f248b774000-7f248b775000 r--p 00000000 00:00 0 
7f248b775000-7f248b777000 rw-p 00000000 00:00 0 
7f248b777000-7f248b778000 r--p 00022000 08:01 2621671                    /lib/x86_64-linux-gnu/ld-2.15.so
7f248b778000-7f248b77a000 rw-p 00023000 08:01 2621671                    /lib/x86_64-linux-gnu/ld-2.15.so
7ffc9df8a000-7ffc9dfab000 rw-p 00000000 00:00 0                          [stack]
7ffc9dfc5000-7ffc9dfc7000 r-xp 00000000 00:00 0                          [vdso]
ffffffffff600000-ffffffffff601000 r-xp 00000000 00:00 0                  [vsyscall]

VM Arguments:
jvm_args: -Djava.awt.headless=true -Xmx1024M -Dfile.encoding=UTF-8 -Duser.country=US -Duser.language=en -Duser.variant 
java_command: com.android.dx.command.Main --dex --force-jumbo --num-threads=4 --output /home/lin/other/AndroidProjects/Radio/app/build/intermediates/pre-dexed/debug/com.android.support-support-v4-23.4.0_ac3bdcdce9bb63a2e369af28a6b233d87e981259.jar /home/lin/other/AndroidProjects/Radio/app/build/intermediates/exploded-aar/com.android.support/support-v4/23.4.0/jars/classes.jar
java_class_path (initial): /home/lin/Android/Sdk/build-tools/23.0.3/lib/dx.jar
Launcher Type: SUN_STANDARD

Environment Variables:
PATH=/usr/local/sbin:/usr/local/bin:/usr/sbin:/usr/bin:/sbin:/bin
USERNAME=root
LD_LIBRARY_PATH=/opt/android-studio/bin:
SHELL=/bin/bash
DISPLAY=:0.0

Signal Handlers:
SIGSEGV: [libjvm.so+0xac4790], sa_mask[0]=11111111011111111101111111111110, sa_flags=SA_RESTART|SA_SIGINFO
SIGBUS: [libjvm.so+0xac4790], sa_mask[0]=11111111011111111101111111111110, sa_flags=SA_RESTART|SA_SIGINFO
SIGFPE: [libjvm.so+0x91f140], sa_mask[0]=11111111011111111101111111111110, sa_flags=SA_RESTART|SA_SIGINFO
SIGPIPE: [libjvm.so+0x91f140], sa_mask[0]=11111111011111111101111111111110, sa_flags=SA_RESTART|SA_SIGINFO
SIGXFSZ: [libjvm.so+0x91f140], sa_mask[0]=11111111011111111101111111111110, sa_flags=SA_RESTART|SA_SIGINFO
SIGILL: [libjvm.so+0x91f140], sa_mask[0]=11111111011111111101111111111110, sa_flags=SA_RESTART|SA_SIGINFO
SIGUSR1: SIG_DFL, sa_mask[0]=00000000000000000000000000000000, sa_flags=none
SIGUSR2: [libjvm.so+0x920770], sa_mask[0]=00100000000000000000000000000000, sa_flags=SA_RESTART|SA_SIGINFO
SIGHUP: [libjvm.so+0x921b70], sa_mask[0]=11111111011111111101111111111110, sa_flags=SA_RESTART|SA_SIGINFO
SIGINT: [libjvm.so+0x921b70], sa_mask[0]=11111111011111111101111111111110, sa_flags=SA_RESTART|SA_SIGINFO
SIGTERM: [libjvm.so+0x921b70], sa_mask[0]=11111111011111111101111111111110, sa_flags=SA_RESTART|SA_SIGINFO
SIGQUIT: [libjvm.so+0x921b70], sa_mask[0]=11111111011111111101111111111110, sa_flags=SA_RESTART|SA_SIGINFO


---------------  S Y S T E M  ---------------

OS:DISTRIB_ID=Ubuntu
DISTRIB_RELEASE=12.04
DISTRIB_CODENAME=precise
DISTRIB_DESCRIPTION="Ubuntu 12.04.5 LTS"

uname:Linux 3.13.0-93-generic #140~precise1-Ubuntu SMP Tue Jul 19 19:55:11 UTC 2016 x86_64
libc:glibc 2.15 NPTL 2.15 
rlimit: STACK 8192k, CORE 0k, NPROC 22873, NOFILE 4096, AS infinity
load average:9.18 7.40 5.86

/proc/meminfo:
MemTotal:        2948840 kB
MemFree:          353572 kB
Buffers:           15748 kB
Cached:           416268 kB
SwapCached:        41156 kB
Active:          1808416 kB
Inactive:         630524 kB
Active(anon):    1658940 kB
Inactive(anon):   484608 kB
Active(file):     149476 kB
Inactive(file):   145916 kB
Unevictable:           0 kB
Mlocked:               0 kB
SwapTotal:       3008508 kB
SwapFree:        2750596 kB
Dirty:               696 kB
Writeback:             0 kB
AnonPages:       1995480 kB
Mapped:           119376 kB
Shmem:            136624 kB
Slab:              69112 kB
SReclaimable:      40916 kB
SUnreclaim:        28196 kB
KernelStack:        4344 kB
PageTables:        32924 kB
NFS_Unstable:          0 kB
Bounce:                0 kB
WritebackTmp:          0 kB
CommitLimit:     4482928 kB
Committed_AS:    4848624 kB
VmallocTotal:   34359738367 kB
VmallocUsed:      346432 kB
VmallocChunk:   34359383644 kB
HardwareCorrupted:     0 kB
AnonHugePages:    964608 kB
HugePages_Total:       0
HugePages_Free:        0
HugePages_Rsvd:        0
HugePages_Surp:        0
Hugepagesize:       2048 kB
DirectMap4k:       65924 kB
DirectMap2M:     2945024 kB


CPU:total 2 (2 cores per cpu, 1 threads per core) family 6 model 15 stepping 13, cmov, cx8, fxsr, mmx, sse, sse2, sse3, ssse3, tsc

/proc/cpuinfo:
processor	: 0
vendor_id	: GenuineIntel
cpu family	: 6
model		: 15
model name	: Genuine Intel(R) CPU           T1600  @ 1.66GHz
stepping	: 13
microcode	: 0xa3
cpu MHz		: 1662.521
cache size	: 1024 KB
physical id	: 0
siblings	: 2
core id		: 0
cpu cores	: 2
apicid		: 0
initial apicid	: 0
fpu		: yes
fpu_exception	: yes
cpuid level	: 10
wp		: yes
flags		: fpu vme de pse tsc msr pae mce cx8 apic sep mtrr pge mca cmov pat pse36 clflush dts acpi mmx fxsr sse sse2 ss ht tm pbe syscall nx lm constant_tsc arch_perfmon pebs bts rep_good nopl aperfmperf pni dtes64 monitor ds_cpl tm2 ssse3 cx16 xtpr pdcm lahf_lm dtherm
bogomips	: 3325.04
clflush size	: 64
cache_alignment	: 64
address sizes	: 36 bits physical, 48 bits virtual
power management:

processor	: 1
vendor_id	: GenuineIntel
cpu family	: 6
model		: 15
model name	: Genuine Intel(R) CPU           T1600  @ 1.66GHz
stepping	: 13
microcode	: 0xa3
cpu MHz		: 1662.521
cache size	: 1024 KB
physical id	: 0
siblings	: 2
core id		: 1
cpu cores	: 2
apicid		: 1
initial apicid	: 1
fpu		: yes
fpu_exception	: yes
cpuid level	: 10
wp		: yes
flags		: fpu vme de pse tsc msr pae mce cx8 apic sep mtrr pge mca cmov pat pse36 clflush dts acpi mmx fxsr sse sse2 ss ht tm pbe syscall nx lm constant_tsc arch_perfmon pebs bts rep_good nopl aperfmperf pni dtes64 monitor ds_cpl tm2 ssse3 cx16 xtpr pdcm lahf_lm dtherm
bogomips	: 3325.04
clflush size	: 64
cache_alignment	: 64
address sizes	: 36 bits physical, 48 bits virtual
power management:



Memory: 4k page, physical 2948840k(353572k free), swap 3008508k(2750596k free)

vm_info: Java HotSpot(TM) 64-Bit Server VM (25.101-b13) for linux-amd64 JRE (1.8.0_101-b13), built on Jun 22 2016 02:59:44 by "java_re" with gcc 4.3.0 20080428 (Red Hat 4.3.0-8)

time: Mon Aug 29 23:35:09 2016
elapsed time: 1 seconds (0d 0h 0m 1s)

