#
# A fatal error has been detected by the Java Runtime Environment:
#
#  SIGSEGV (0xb) at pc=0x00007f13a905e15a, pid=19662, tid=0x00007f13aa263700
#
# JRE version:  (8.0_101-b13) (build )
# Java VM: Java HotSpot(TM) 64-Bit Server VM (25.101-b13 mixed mode linux-amd64 compressed oops)
# Problematic frame:
# V  [libjvm.so+0x9e015a]  SignatureStream::SignatureStream(Symbol*, bool)+0x9a
#
# Failed to write core dump. Core dumps have been disabled. To enable core dumping, try "ulimit -c unlimited" before starting Java again
#
# If you would like to submit a bug report, please visit:
#   http://bugreport.java.com/bugreport/crash.jsp
#

---------------  T H R E A D  ---------------

Current thread (0x00007f13a400a000):  JavaThread "main" [_thread_in_vm, id=19666, stack(0x00007f13aa163000,0x00007f13aa264000)]

siginfo: si_signo: 11 (SIGSEGV), si_code: 1 (SEGV_MAPERR), si_addr: 0x0000000000000000

Registers:
RAX=0x0000000000000001, RBX=0x00007f13a400a880, RCX=0x0000000000000000, RDX=0x000000000000000a
RSP=0x00007f13aa2616d0, RBP=0x00007f13aa2616e0, RSI=0x000000000000000a, RDI=0x0000000000000010
R8 =0x000000000000000c, R9 =0x000000000000000c, R10=0x000000000000000b, R11=0x00007f13a406f0c0
R12=0x00007f13aa2619e0, R13=0x00007f13a4007630, R14=0x00007f13a400a850, R15=0x00007f13a400a840
RIP=0x00007f13a905e15a, EFLAGS=0x0000000000010246, CSGSFS=0x0000000000000033, ERR=0x0000000000000004
  TRAPNO=0x000000000000000e

Top of Stack: (sp=0x00007f13aa2616d0)
0x00007f13aa2616d0:   0000000000000000 00007f13a91d0694
0x00007f13aa2616e0:   00007f13aa261a50 00007f13a903f198
0x00007f13aa2616f0:   000000480000000f 00007f13aa2619e0
0x00007f13aa261700:   00007f13aa2618e0 00007f13a4006920
0x00007f13aa261710:   00007f13a400a860 00007f13941d6450
0x00007f13aa261720:   00007f13a4098f80 0000000000000002
0x00007f13aa261730:   00007f13941c0ad0 00007f13a400a850
0x00007f13aa261740:   00007f13a400ac28 00000000000003d8
0x00007f13aa261750:   00007f13a9190219 0000000000000000
0x00007f13aa261760:   0000000000000000 0000000000000000
0x00007f13aa261770:   0000000000000000 0000000000000000
0x00007f13aa261780:   0000000000000000 0000000000000000
0x00007f13aa261790:   0000000000000000 00007f13a9000000
0x00007f13aa2617a0:   00007f13aa261750 00007f13941b88e0
0x00007f13aa2617b0:   0000000000000000 00007f13941b8a4c
0x00007f13aa2617c0:   00007f13941bc8e0 00007f13aa2618e0
0x00007f13aa2617d0:   00007f13aa2618e6 00007f13aa261908
0x00007f13aa2617e0:   00007f13941b89bf 0000000000010000
0x00007f13aa2617f0:   00007f13aa261750 0000000000000000
0x00007f13aa261800:   0000000000000000 0000000000000000
0x00007f13aa261810:   0000000000000000 0000000000000000
0x00007f13aa261820:   0000000000000000 0000000000000000
0x00007f13aa261830:   0000000000000000 00000006a8020000
0x00007f13aa261840:   00007f13aa261750 0000000000000000
0x00007f13aa261850:   0000000000000000 00007f13941b88e0
0x00007f13aa261860:   00007f1300004000 00007f13aa261878
0x00007f13aa261870:   00007f13a4023250 0000000000000000
0x00007f13aa261880:   0000000000000007 0000000000000000
0x00007f13aa261890:   0000000000000000 00007f13a8ae7101
0x00007f13aa2618a0:   0000000000000000 0000000000000007
0x00007f13aa2618b0:   0000000000000000 0000000000000000
0x00007f13aa2618c0:   00007f13aa261901 0000000000000000 

Instructions: (pc=0x00007f13a905e15a)
0x00007f13a905e13a:   c7 01 00 00 00 00 83 c2 01 48 83 c0 08 3b 53 04
0x00007f13a905e14a:   7c e4 49 8b 0c 24 49 89 5c 24 18 41 8b 44 24 0c
0x00007f13a905e15a:   0f b7 11 39 c2 7e 3f 41 89 44 24 08 48 98 0f b6
0x00007f13a905e16a:   4c 01 08 8d 41 be 3c 18 76 14 5b 4c 89 e7 0f be 

Register to memory mapping:

RAX=0x0000000000000001 is an unknown value
RBX=0x00007f13a400a880 is an unknown value
RCX=0x0000000000000000 is an unknown value
RDX=0x000000000000000a is an unknown value
RSP=0x00007f13aa2616d0 is pointing into the stack for thread: 0x00007f13a400a000
RBP=0x00007f13aa2616e0 is pointing into the stack for thread: 0x00007f13a400a000
RSI=0x000000000000000a is an unknown value
RDI=0x0000000000000010 is an unknown value
R8 =0x000000000000000c is an unknown value
R9 =0x000000000000000c is an unknown value
R10=0x000000000000000b is an unknown value
R11=0x00007f13a406f0c0 is an unknown value
R12=0x00007f13aa2619e0 is pointing into the stack for thread: 0x00007f13a400a000
R13=0x00007f13a4007630 is an unknown value
R14=0x00007f13a400a850 is an unknown value
R15=0x00007f13a400a840 is an unknown value


Stack: [0x00007f13aa163000,0x00007f13aa264000],  sp=0x00007f13aa2616d0,  free space=1017k
Native frames: (J=compiled Java code, j=interpreted, Vv=VM code, C=native code)
V  [libjvm.so+0x9e015a]  SignatureStream::SignatureStream(Symbol*, bool)+0x9a
V  [libjvm.so+0x9c1198]  AdapterHandlerLibrary::get_adapter(methodHandle)+0x158
V  [libjvm.so+0x8b1677]  Method::make_adapters(methodHandle, Thread*)+0x67
V  [libjvm.so+0x8b1917]  Method::link_method(methodHandle, Thread*)+0xb7
V  [libjvm.so+0x6411b1]  InstanceKlass::link_methods(Thread*)+0xa1
V  [libjvm.so+0x6424f9]  InstanceKlass::link_class_impl(instanceKlassHandle, bool, Thread*)+0x419
V  [libjvm.so+0x6439bf]  InstanceKlass::initialize_impl(instanceKlassHandle, Thread*)+0x6f
V  [libjvm.so+0x643ec1]  InstanceKlass::initialize(Thread*)+0x41
V  [libjvm.so+0x7fa206]  LinkResolver::resolve_static_call(CallInfo&, KlassHandle&, Symbol*, Symbol*, KlassHandle, bool, bool, Thread*)+0x246
V  [libjvm.so+0x7fa48f]  LinkResolver::resolve_invokestatic(CallInfo&, constantPoolHandle, int, Thread*)+0x23f
V  [libjvm.so+0x7fb541]  LinkResolver::resolve_invoke(CallInfo&, Handle, constantPoolHandle, int, Bytecodes::Code, Thread*)+0x4f1
V  [libjvm.so+0x688c32]  InterpreterRuntime::resolve_invoke(JavaThread*, Bytecodes::Code)+0x1b2
j  java.nio.ByteBuffer.<init>(IIII[BI)V+15
j  java.nio.HeapByteBuffer.<init>(II)V+9
j  java.nio.ByteBuffer.allocate(I)Ljava/nio/ByteBuffer;+18
j  sun.nio.cs.StreamEncoder.<init>(Ljava/io/OutputStream;Ljava/lang/Object;Ljava/nio/charset/CharsetEncoder;)V+54
j  sun.nio.cs.StreamEncoder.<init>(Ljava/io/OutputStream;Ljava/lang/Object;Ljava/nio/charset/Charset;)V+19
j  sun.nio.cs.StreamEncoder.forOutputStreamWriter(Ljava/io/OutputStream;Ljava/lang/Object;Ljava/lang/String;)Lsun/nio/cs/StreamEncoder;+30
j  java.io.OutputStreamWriter.<init>(Ljava/io/OutputStream;)V+12
j  java.io.PrintStream.<init>(ZLjava/io/OutputStream;)V+26
j  java.io.PrintStream.<init>(Ljava/io/OutputStream;Z)V+11
j  java.lang.System.newPrintStream(Ljava/io/FileOutputStream;Ljava/lang/String;)Ljava/io/PrintStream;+42
j  java.lang.System.initializeSystemClass()V+90
v  ~StubRoutines::call_stub
V  [libjvm.so+0x68f6b6]  JavaCalls::call_helper(JavaValue*, methodHandle*, JavaCallArguments*, Thread*)+0x1056
V  [libjvm.so+0x690341]  JavaCalls::call_static(JavaValue*, KlassHandle, Symbol*, Symbol*, JavaCallArguments*, Thread*)+0x2d1
V  [libjvm.so+0x690799]  JavaCalls::call_static(JavaValue*, KlassHandle, Symbol*, Symbol*, Thread*)+0x39
V  [libjvm.so+0xa71012]  Threads::create_vm(JavaVMInitArgs*, bool*)+0x652
V  [libjvm.so+0x6d08f4]  JNI_CreateJavaVM+0x74
C  [libjli.so+0x745e]  JavaMain+0x9e
C  [libpthread.so.0+0x7e9a]  start_thread+0xda

Java frames: (J=compiled Java code, j=interpreted, Vv=VM code)
j  java.nio.ByteBuffer.<init>(IIII[BI)V+15
j  java.nio.HeapByteBuffer.<init>(II)V+9
j  java.nio.ByteBuffer.allocate(I)Ljava/nio/ByteBuffer;+18
j  sun.nio.cs.StreamEncoder.<init>(Ljava/io/OutputStream;Ljava/lang/Object;Ljava/nio/charset/CharsetEncoder;)V+54
j  sun.nio.cs.StreamEncoder.<init>(Ljava/io/OutputStream;Ljava/lang/Object;Ljava/nio/charset/Charset;)V+19
j  sun.nio.cs.StreamEncoder.forOutputStreamWriter(Ljava/io/OutputStream;Ljava/lang/Object;Ljava/lang/String;)Lsun/nio/cs/StreamEncoder;+30
j  java.io.OutputStreamWriter.<init>(Ljava/io/OutputStream;)V+12
j  java.io.PrintStream.<init>(ZLjava/io/OutputStream;)V+26
j  java.io.PrintStream.<init>(Ljava/io/OutputStream;Z)V+11
j  java.lang.System.newPrintStream(Ljava/io/FileOutputStream;Ljava/lang/String;)Ljava/io/PrintStream;+42
j  java.lang.System.initializeSystemClass()V+90
v  ~StubRoutines::call_stub

---------------  P R O C E S S  ---------------

Java Threads: ( => current thread )
  0x00007f13a4080000 JavaThread "Finalizer" daemon [_thread_blocked, id=19672, stack(0x00007f1390102000,0x00007f1390203000)]
  0x00007f13a407b800 JavaThread "Reference Handler" daemon [_thread_blocked, id=19671, stack(0x00007f1390203000,0x00007f1390304000)]
=>0x00007f13a400a000 JavaThread "main" [_thread_in_vm, id=19666, stack(0x00007f13aa163000,0x00007f13aa264000)]

Other Threads:
  0x00007f13a4073800 VMThread [stack: 0x00007f1390304000,0x00007f1390405000] [id=19670]

VM state:not at safepoint (normal execution)

VM Mutex/Monitor currently owned by a thread:  ([mutex/lock_event])
[0x00007f13a4006920] AdapterHandlerLibrary_lock - owner thread: 0x00007f13a400a000

Heap:
 PSYoungGen      total 13824K, used 245K [0x00000000eab00000, 0x00000000eba00000, 0x0000000100000000)
  eden space 12288K, 2% used [0x00000000eab00000,0x00000000eab3d718,0x00000000eb700000)
  from space 1536K, 0% used [0x00000000eb880000,0x00000000eb880000,0x00000000eba00000)
  to   space 1536K, 0% used [0x00000000eb700000,0x00000000eb700000,0x00000000eb880000)
 ParOldGen       total 31744K, used 0K [0x00000000c0000000, 0x00000000c1f00000, 0x00000000eab00000)
  object space 31744K, 0% used [0x00000000c0000000,0x00000000c0000000,0x00000000c1f00000)
 Metaspace       used 1569K, capacity 4480K, committed 4480K, reserved 1056768K
  class space    used 166K, capacity 384K, committed 384K, reserved 1048576K

Card table byte_map: [0x00007f1393bae000,0x00007f1393daf000] byte_map_base: 0x00007f13935ae000

Marking Bits: (ParMarkBitMap*) 0x00007f13a963f120
 Begin Bits: [0x00007f13919ac000, 0x00007f13929ac000)
 End Bits:   [0x00007f13929ac000, 0x00007f13939ac000)

Polling page: 0x00007f13aa280000

CodeCache: size=245760Kb used=413Kb max_used=413Kb free=245346Kb
 bounds [0x00007f139416f000, 0x00007f13943df000, 0x00007f13a316f000]
 total_blobs=122 nmethods=0 adapters=99
 compilation: enabled

Compilation events (0 events):
No events

GC Heap History (0 events):
No events

Deoptimization events (0 events):
No events

Internal exceptions (2 events):
Event: 0.269 Thread 0x00007f13a400a000 Exception <a 'java/lang/NoSuchMethodError': Method sun.misc.Unsafe.defineClass(Ljava/lang/String;[BII)Ljava/lang/Class; name or signature does not match> (0x00000000eab07cc0) thrown at [/HUDSON3/workspace/8-2-build-linux-amd64/jdk8u101/7261/hotspot/src/sh
Event: 0.269 Thread 0x00007f13a400a000 Exception <a 'java/lang/NoSuchMethodError': Method sun.misc.Unsafe.prefetchRead(Ljava/lang/Object;J)V name or signature does not match> (0x00000000eab07fa8) thrown at [/HUDSON3/workspace/8-2-build-linux-amd64/jdk8u101/7261/hotspot/src/share/vm/prims/jni.c

Events (10 events):
Event: 0.360 loading class sun/nio/cs/ArrayEncoder done
Event: 0.360 loading class java/nio/charset/CharsetEncoder
Event: 0.360 loading class java/nio/charset/CharsetEncoder done
Event: 0.360 loading class sun/nio/cs/UTF_8$Encoder done
Event: 0.360 loading class java/nio/ByteBuffer
Event: 0.360 loading class java/nio/ByteBuffer done
Event: 0.373 loading class java/nio/HeapByteBuffer
Event: 0.373 loading class java/nio/HeapByteBuffer done
Event: 0.374 loading class java/nio/Bits
Event: 0.374 loading class java/nio/Bits done


Dynamic libraries:
00400000-00401000 r-xp 00000000 08:01 3279757                            /usr/lib/jvm/java-8-oracle/bin/java
00600000-00601000 rw-p 00000000 08:01 3279757                            /usr/lib/jvm/java-8-oracle/bin/java
0223e000-0225f000 rw-p 00000000 00:00 0                                  [heap]
c0000000-c1f00000 rw-p 00000000 00:00 0 
c1f00000-eab00000 ---p 00000000 00:00 0 
eab00000-eba00000 rw-p 00000000 00:00 0 
eba00000-100000000 ---p 00000000 00:00 0 
100000000-100060000 rw-p 00000000 00:00 0 
100060000-140000000 ---p 00000000 00:00 0 
7f1378000000-7f1378021000 rw-p 00000000 00:00 0 
7f1378021000-7f137c000000 ---p 00000000 00:00 0 
7f137c000000-7f137c021000 rw-p 00000000 00:00 0 
7f137c021000-7f1380000000 ---p 00000000 00:00 0 
7f1383785000-7f138391c000 rw-p 00000000 00:00 0 
7f138391c000-7f1384000000 r--p 00000000 08:01 13113697                   /usr/lib/locale/locale-archive
7f1384000000-7f1384021000 rw-p 00000000 00:00 0 
7f1384021000-7f1388000000 ---p 00000000 00:00 0 
7f1388000000-7f1388021000 rw-p 00000000 00:00 0 
7f1388021000-7f138c000000 ---p 00000000 00:00 0 
7f138c000000-7f138c021000 rw-p 00000000 00:00 0 
7f138c021000-7f1390000000 ---p 00000000 00:00 0 
7f1390012000-7f1390102000 rw-p 00000000 00:00 0 
7f1390102000-7f1390105000 ---p 00000000 00:00 0 
7f1390105000-7f1390203000 rw-p 00000000 00:00 0                          [stack:19672]
7f1390203000-7f1390206000 ---p 00000000 00:00 0 
7f1390206000-7f1390304000 rw-p 00000000 00:00 0                          [stack:19671]
7f1390304000-7f1390305000 ---p 00000000 00:00 0 
7f1390305000-7f1390d5d000 rw-p 00000000 00:00 0                          [stack:19670]
7f1390d5d000-7f1390f36000 r--s 03d29000 08:01 13118676                   /usr/lib/jvm/java-8-oracle/jre/lib/rt.jar
7f1390f36000-7f13913ac000 rw-p 00000000 00:00 0 
7f13913ac000-7f13917ac000 ---p 00000000 00:00 0 
7f13917ac000-7f13939ac000 rw-p 00000000 00:00 0 
7f13939ac000-7f13939ad000 ---p 00000000 00:00 0 
7f13939ad000-7f1393aad000 rw-p 00000000 00:00 0                          [stack:19669]
7f1393aad000-7f1393aae000 ---p 00000000 00:00 0 
7f1393aae000-7f1393bbe000 rw-p 00000000 00:00 0                          [stack:19668]
7f1393bbe000-7f1393d03000 ---p 00000000 00:00 0 
7f1393d03000-7f1393d0b000 rw-p 00000000 00:00 0 
7f1393d0b000-7f1393dae000 ---p 00000000 00:00 0 
7f1393dae000-7f1393db9000 rw-p 00000000 00:00 0 
7f1393db9000-7f139416f000 ---p 00000000 00:00 0 
7f139416f000-7f13943df000 rwxp 00000000 00:00 0 
7f13943df000-7f13a316f000 ---p 00000000 00:00 0 
7f13a316f000-7f13a3189000 r-xp 00000000 08:01 13766358                   /usr/lib/jvm/java-8-oracle/jre/lib/amd64/libzip.so
7f13a3189000-7f13a3389000 ---p 0001a000 08:01 13766358                   /usr/lib/jvm/java-8-oracle/jre/lib/amd64/libzip.so
7f13a3389000-7f13a338a000 rw-p 0001a000 08:01 13766358                   /usr/lib/jvm/java-8-oracle/jre/lib/amd64/libzip.so
7f13a338a000-7f13a3395000 r-xp 00000000 08:01 2621673                    /lib/x86_64-linux-gnu/libnss_files-2.15.so
7f13a3395000-7f13a3594000 ---p 0000b000 08:01 2621673                    /lib/x86_64-linux-gnu/libnss_files-2.15.so
7f13a3594000-7f13a3595000 r--p 0000a000 08:01 2621673                    /lib/x86_64-linux-gnu/libnss_files-2.15.so
7f13a3595000-7f13a3596000 rw-p 0000b000 08:01 2621673                    /lib/x86_64-linux-gnu/libnss_files-2.15.so
7f13a3596000-7f13a35a0000 r-xp 00000000 08:01 2621658                    /lib/x86_64-linux-gnu/libnss_nis-2.15.so
7f13a35a0000-7f13a37a0000 ---p 0000a000 08:01 2621658                    /lib/x86_64-linux-gnu/libnss_nis-2.15.so
7f13a37a0000-7f13a37a1000 r--p 0000a000 08:01 2621658                    /lib/x86_64-linux-gnu/libnss_nis-2.15.so
7f13a37a1000-7f13a37a2000 rw-p 0000b000 08:01 2621658                    /lib/x86_64-linux-gnu/libnss_nis-2.15.so
7f13a37a2000-7f13a37b9000 r-xp 00000000 08:01 2621667                    /lib/x86_64-linux-gnu/libnsl-2.15.so
7f13a37b9000-7f13a39b8000 ---p 00017000 08:01 2621667                    /lib/x86_64-linux-gnu/libnsl-2.15.so
7f13a39b8000-7f13a39b9000 r--p 00016000 08:01 2621667                    /lib/x86_64-linux-gnu/libnsl-2.15.so
7f13a39b9000-7f13a39ba000 rw-p 00017000 08:01 2621667                    /lib/x86_64-linux-gnu/libnsl-2.15.so
7f13a39ba000-7f13a39bc000 rw-p 00000000 00:00 0 
7f13a39bc000-7f13a39c4000 r-xp 00000000 08:01 2621672                    /lib/x86_64-linux-gnu/libnss_compat-2.15.so
7f13a39c4000-7f13a3bc3000 ---p 00008000 08:01 2621672                    /lib/x86_64-linux-gnu/libnss_compat-2.15.so
7f13a3bc3000-7f13a3bc4000 r--p 00007000 08:01 2621672                    /lib/x86_64-linux-gnu/libnss_compat-2.15.so
7f13a3bc4000-7f13a3bc5000 rw-p 00008000 08:01 2621672                    /lib/x86_64-linux-gnu/libnss_compat-2.15.so
7f13a3bc5000-7f13a3bef000 r-xp 00000000 08:01 13766323                   /usr/lib/jvm/java-8-oracle/jre/lib/amd64/libjava.so
7f13a3bef000-7f13a3def000 ---p 0002a000 08:01 13766323                   /usr/lib/jvm/java-8-oracle/jre/lib/amd64/libjava.so
7f13a3def000-7f13a3df1000 rw-p 0002a000 08:01 13766323                   /usr/lib/jvm/java-8-oracle/jre/lib/amd64/libjava.so
7f13a3df1000-7f13a3dfe000 r-xp 00000000 08:01 13766361                   /usr/lib/jvm/java-8-oracle/jre/lib/amd64/libverify.so
7f13a3dfe000-7f13a3ffe000 ---p 0000d000 08:01 13766361                   /usr/lib/jvm/java-8-oracle/jre/lib/amd64/libverify.so
7f13a3ffe000-7f13a4000000 rw-p 0000d000 08:01 13766361                   /usr/lib/jvm/java-8-oracle/jre/lib/amd64/libverify.so
7f13a4000000-7f13a40b4000 rw-p 00000000 00:00 0 
7f13a40b4000-7f13a8000000 ---p 00000000 00:00 0 
7f13a8003000-7f13a8034000 rw-p 00000000 00:00 0 
7f13a8034000-7f13a817a000 ---p 00000000 00:00 0 
7f13a817a000-7f13a8181000 r-xp 00000000 08:01 2621660                    /lib/x86_64-linux-gnu/librt-2.15.so
7f13a8181000-7f13a8380000 ---p 00007000 08:01 2621660                    /lib/x86_64-linux-gnu/librt-2.15.so
7f13a8380000-7f13a8381000 r--p 00006000 08:01 2621660                    /lib/x86_64-linux-gnu/librt-2.15.so
7f13a8381000-7f13a8382000 rw-p 00007000 08:01 2621660                    /lib/x86_64-linux-gnu/librt-2.15.so
7f13a8382000-7f13a847d000 r-xp 00000000 08:01 2621674                    /lib/x86_64-linux-gnu/libm-2.15.so
7f13a847d000-7f13a867c000 ---p 000fb000 08:01 2621674                    /lib/x86_64-linux-gnu/libm-2.15.so
7f13a867c000-7f13a867d000 r--p 000fa000 08:01 2621674                    /lib/x86_64-linux-gnu/libm-2.15.so
7f13a867d000-7f13a867e000 rw-p 000fb000 08:01 2621674                    /lib/x86_64-linux-gnu/libm-2.15.so
7f13a867e000-7f13a9349000 r-xp 00000000 08:01 13894575                   /usr/lib/jvm/java-8-oracle/jre/lib/amd64/server/libjvm.so
7f13a9349000-7f13a9548000 ---p 00ccb000 08:01 13894575                   /usr/lib/jvm/java-8-oracle/jre/lib/amd64/server/libjvm.so
7f13a9548000-7f13a9621000 rw-p 00cca000 08:01 13894575                   /usr/lib/jvm/java-8-oracle/jre/lib/amd64/server/libjvm.so
7f13a9621000-7f13a966c000 rw-p 00000000 00:00 0 
7f13a966c000-7f13a9820000 r-xp 00000000 08:01 2621665                    /lib/x86_64-linux-gnu/libc-2.15.so
7f13a9820000-7f13a9a1f000 ---p 001b4000 08:01 2621665                    /lib/x86_64-linux-gnu/libc-2.15.so
7f13a9a1f000-7f13a9a23000 r--p 001b3000 08:01 2621665                    /lib/x86_64-linux-gnu/libc-2.15.so
7f13a9a23000-7f13a9a25000 rw-p 001b7000 08:01 2621665                    /lib/x86_64-linux-gnu/libc-2.15.so
7f13a9a25000-7f13a9a2a000 rw-p 00000000 00:00 0 
7f13a9a2a000-7f13a9a2c000 r-xp 00000000 08:01 2621657                    /lib/x86_64-linux-gnu/libdl-2.15.so
7f13a9a2c000-7f13a9c2c000 ---p 00002000 08:01 2621657                    /lib/x86_64-linux-gnu/libdl-2.15.so
7f13a9c2c000-7f13a9c2d000 r--p 00002000 08:01 2621657                    /lib/x86_64-linux-gnu/libdl-2.15.so
7f13a9c2d000-7f13a9c2e000 rw-p 00003000 08:01 2621657                    /lib/x86_64-linux-gnu/libdl-2.15.so
7f13a9c2e000-7f13a9c43000 r-xp 00000000 08:01 2627921                    /usr/lib/jvm/java-8-oracle/lib/amd64/jli/libjli.so
7f13a9c43000-7f13a9e43000 ---p 00015000 08:01 2627921                    /usr/lib/jvm/java-8-oracle/lib/amd64/jli/libjli.so
7f13a9e43000-7f13a9e44000 rw-p 00015000 08:01 2627921                    /usr/lib/jvm/java-8-oracle/lib/amd64/jli/libjli.so
7f13a9e44000-7f13a9e5c000 r-xp 00000000 08:01 2621668                    /lib/x86_64-linux-gnu/libpthread-2.15.so
7f13a9e5c000-7f13aa05b000 ---p 00018000 08:01 2621668                    /lib/x86_64-linux-gnu/libpthread-2.15.so
7f13aa05b000-7f13aa05c000 r--p 00017000 08:01 2621668                    /lib/x86_64-linux-gnu/libpthread-2.15.so
7f13aa05c000-7f13aa05d000 rw-p 00018000 08:01 2621668                    /lib/x86_64-linux-gnu/libpthread-2.15.so
7f13aa05d000-7f13aa061000 rw-p 00000000 00:00 0 
7f13aa061000-7f13aa083000 r-xp 00000000 08:01 2621671                    /lib/x86_64-linux-gnu/ld-2.15.so
7f13aa08a000-7f13aa163000 rw-p 00000000 00:00 0 
7f13aa163000-7f13aa166000 ---p 00000000 00:00 0 
7f13aa166000-7f13aa268000 rw-p 00000000 00:00 0                          [stack:19666]
7f13aa274000-7f13aa277000 rw-p 00000000 00:00 0 
7f13aa277000-7f13aa27f000 rw-s 00000000 08:01 4850485                    /tmp/hsperfdata_root/19662
7f13aa27f000-7f13aa280000 rw-p 00000000 00:00 0 
7f13aa280000-7f13aa281000 r--p 00000000 00:00 0 
7f13aa281000-7f13aa283000 rw-p 00000000 00:00 0 
7f13aa283000-7f13aa284000 r--p 00022000 08:01 2621671                    /lib/x86_64-linux-gnu/ld-2.15.so
7f13aa284000-7f13aa286000 rw-p 00023000 08:01 2621671                    /lib/x86_64-linux-gnu/ld-2.15.so
7ffd50eed000-7ffd50f0e000 rw-p 00000000 00:00 0                          [stack]
7ffd50fd9000-7ffd50fdb000 r-xp 00000000 00:00 0                          [vdso]
ffffffffff600000-ffffffffff601000 r-xp 00000000 00:00 0                  [vsyscall]

VM Arguments:
jvm_args: -Djava.awt.headless=true -Xmx1024M -Dfile.encoding=UTF-8 -Duser.country=US -Duser.language=en -Duser.variant 
java_command: com.android.dx.command.Main --dex --force-jumbo --num-threads=4 --output /home/lin/other/AndroidProjects/Radio/app/build/intermediates/pre-dexed/debug/com.vk-androidsdk-1.6.5_1fa86cae056da7c033d88ebb23cbb7b434f1ea53.jar /home/lin/other/AndroidProjects/Radio/app/build/intermediates/exploded-aar/com.vk/androidsdk/1.6.5/jars/classes.jar
java_class_path (initial): /home/lin/Android/Sdk/build-tools/23.0.3/lib/dx.jar
Launcher Type: SUN_STANDARD

Environment Variables:
PATH=/usr/local/sbin:/usr/local/bin:/usr/sbin:/usr/bin:/sbin:/bin
USERNAME=root
LD_LIBRARY_PATH=/opt/android-studio/bin:
SHELL=/bin/bash
DISPLAY=:0.0

Signal Handlers:
SIGSEGV: [libjvm.so+0xac4790], sa_mask[0]=11111111011111111101111111111110, sa_flags=SA_RESTART|SA_SIGINFO
SIGBUS: [libjvm.so+0xac4790], sa_mask[0]=11111111011111111101111111111110, sa_flags=SA_RESTART|SA_SIGINFO
SIGFPE: [libjvm.so+0x91f140], sa_mask[0]=11111111011111111101111111111110, sa_flags=SA_RESTART|SA_SIGINFO
SIGPIPE: [libjvm.so+0x91f140], sa_mask[0]=11111111011111111101111111111110, sa_flags=SA_RESTART|SA_SIGINFO
SIGXFSZ: [libjvm.so+0x91f140], sa_mask[0]=11111111011111111101111111111110, sa_flags=SA_RESTART|SA_SIGINFO
SIGILL: [libjvm.so+0x91f140], sa_mask[0]=11111111011111111101111111111110, sa_flags=SA_RESTART|SA_SIGINFO
SIGUSR1: SIG_DFL, sa_mask[0]=00000000000000000000000000000000, sa_flags=none
SIGUSR2: [libjvm.so+0x920770], sa_mask[0]=00100000000000000000000000000000, sa_flags=SA_RESTART|SA_SIGINFO
SIGHUP: SIG_DFL, sa_mask[0]=00000000000000000000000000000000, sa_flags=none
SIGINT: SIG_DFL, sa_mask[0]=00000000000000000000000000000000, sa_flags=none
SIGTERM: SIG_DFL, sa_mask[0]=00000000000000000000000000000000, sa_flags=none
SIGQUIT: SIG_DFL, sa_mask[0]=00000000000000000000000000000000, sa_flags=none


---------------  S Y S T E M  ---------------

OS:DISTRIB_ID=Ubuntu
DISTRIB_RELEASE=12.04
DISTRIB_CODENAME=precise
DISTRIB_DESCRIPTION="Ubuntu 12.04.5 LTS"

uname:Linux 3.13.0-93-generic #140~precise1-Ubuntu SMP Tue Jul 19 19:55:11 UTC 2016 x86_64
libc:glibc 2.15 NPTL 2.15 
rlimit: STACK 8192k, CORE 0k, NPROC 22873, NOFILE 4096, AS infinity
load average:10.04 7.65 5.95

/proc/meminfo:
MemTotal:        2948840 kB
MemFree:          359960 kB
Buffers:           16336 kB
Cached:           421268 kB
SwapCached:        41220 kB
Active:          1810740 kB
Inactive:         621984 kB
Active(anon):    1647056 kB
Inactive(anon):   491152 kB
Active(file):     163684 kB
Inactive(file):   130832 kB
Unevictable:           0 kB
Mlocked:               0 kB
SwapTotal:       3008508 kB
SwapFree:        2750628 kB
Dirty:               920 kB
Writeback:             0 kB
AnonPages:       1983664 kB
Mapped:           120048 kB
Shmem:            143144 kB
Slab:              68900 kB
SReclaimable:      40768 kB
SUnreclaim:        28132 kB
KernelStack:        4264 kB
PageTables:        32872 kB
NFS_Unstable:          0 kB
Bounce:                0 kB
WritebackTmp:          0 kB
CommitLimit:     4482928 kB
Committed_AS:    4846172 kB
VmallocTotal:   34359738367 kB
VmallocUsed:      346432 kB
VmallocChunk:   34359383644 kB
HardwareCorrupted:     0 kB
AnonHugePages:    987136 kB
HugePages_Total:       0
HugePages_Free:        0
HugePages_Rsvd:        0
HugePages_Surp:        0
Hugepagesize:       2048 kB
DirectMap4k:       65924 kB
DirectMap2M:     2945024 kB


CPU:total 2 (2 cores per cpu, 1 threads per core) family 6 model 15 stepping 13, cmov, cx8, fxsr, mmx, sse, sse2, sse3, ssse3, tsc

/proc/cpuinfo:
processor	: 0
vendor_id	: GenuineIntel
cpu family	: 6
model		: 15
model name	: Genuine Intel(R) CPU           T1600  @ 1.66GHz
stepping	: 13
microcode	: 0xa3
cpu MHz		: 1662.521
cache size	: 1024 KB
physical id	: 0
siblings	: 2
core id		: 0
cpu cores	: 2
apicid		: 0
initial apicid	: 0
fpu		: yes
fpu_exception	: yes
cpuid level	: 10
wp		: yes
flags		: fpu vme de pse tsc msr pae mce cx8 apic sep mtrr pge mca cmov pat pse36 clflush dts acpi mmx fxsr sse sse2 ss ht tm pbe syscall nx lm constant_tsc arch_perfmon pebs bts rep_good nopl aperfmperf pni dtes64 monitor ds_cpl tm2 ssse3 cx16 xtpr pdcm lahf_lm dtherm
bogomips	: 3325.04
clflush size	: 64
cache_alignment	: 64
address sizes	: 36 bits physical, 48 bits virtual
power management:

processor	: 1
vendor_id	: GenuineIntel
cpu family	: 6
model		: 15
model name	: Genuine Intel(R) CPU           T1600  @ 1.66GHz
stepping	: 13
microcode	: 0xa3
cpu MHz		: 1662.521
cache size	: 1024 KB
physical id	: 0
siblings	: 2
core id		: 1
cpu cores	: 2
apicid		: 1
initial apicid	: 1
fpu		: yes
fpu_exception	: yes
cpuid level	: 10
wp		: yes
flags		: fpu vme de pse tsc msr pae mce cx8 apic sep mtrr pge mca cmov pat pse36 clflush dts acpi mmx fxsr sse sse2 ss ht tm pbe syscall nx lm constant_tsc arch_perfmon pebs bts rep_good nopl aperfmperf pni dtes64 monitor ds_cpl tm2 ssse3 cx16 xtpr pdcm lahf_lm dtherm
bogomips	: 3325.04
clflush size	: 64
cache_alignment	: 64
address sizes	: 36 bits physical, 48 bits virtual
power management:



Memory: 4k page, physical 2948840k(359960k free), swap 3008508k(2750628k free)

vm_info: Java HotSpot(TM) 64-Bit Server VM (25.101-b13) for linux-amd64 JRE (1.8.0_101-b13), built on Jun 22 2016 02:59:44 by "java_re" with gcc 4.3.0 20080428 (Red Hat 4.3.0-8)

time: Mon Aug 29 23:35:17 2016
elapsed time: 0 seconds (0d 0h 0m 0s)

