#
# A fatal error has been detected by the Java Runtime Environment:
#
#  SIGSEGV (0xb) at pc=0x00007f89648695a3, pid=13982, tid=0x00007f896232f700
#
# JRE version: Java(TM) SE Runtime Environment (8.0_101-b13) (build 1.8.0_101-b13)
# Java VM: Java HotSpot(TM) 64-Bit Server VM (25.101-b13 mixed mode linux-amd64 compressed oops)
# Problematic frame:
# V  [libjvm.so+0x98c5a3]  oopDesc* PSPromotionManager::copy_to_survivor_space<false>(oopDesc*)+0x143
#
# Failed to write core dump. Core dumps have been disabled. To enable core dumping, try "ulimit -c unlimited" before starting Java again
#
# If you would like to submit a bug report, please visit:
#   http://bugreport.java.com/bugreport/crash.jsp
#

---------------  T H R E A D  ---------------

Current thread (0x00007f895c021000):  GCTaskThread [stack: 0x00007f896222f000,0x00007f8962330000] [id=13989]

siginfo: si_signo: 11 (SIGSEGV), si_code: 2 (SEGV_ACCERR), si_addr: 0x0000000100293170

Registers:
RAX=0x00007f8964e6ab90, RBX=0x00000000c07e25a8, RCX=0x0000000000000003, RDX=0x0000000000000001
RSP=0x00007f896232e830, RBP=0x00007f896232e8a0, RSI=0x00000000ebe369d8, RDI=0x0000000100293168
R8 =0x00000000c07e2598, R9 =0x00007f8964e9e290, R10=0x00007f8964e8f059, R11=0x00007f896232e7e0
R12=0x00000000ebe369d8, R13=0x0000000000000005, R14=0x0000000000000000, R15=0x00007f895c0712e8
RIP=0x00007f89648695a3, EFLAGS=0x0000000000010202, CSGSFS=0x0000000000000033, ERR=0x0000000000000004
  TRAPNO=0x000000000000000e

Top of Stack: (sp=0x00007f896232e830)
0x00007f896232e830:   00007f896232e890 00007f8964e8f059
0x00007f896232e840:   00007f895c0712a8 00007f895c071280
0x00007f896232e850:   00000000c07e0ad8 0000000000000400
0x00007f896232e860:   00000000c04001b8 00007f895c071318
0x00007f896232e870:   00000000c03cb160 00000000c07e25a8
0x00007f896232e880:   00007f895c071280 00007f8964e6ab80
0x00007f896232e890:   0000000000000000 00007f895c0712e8
0x00007f896232e8a0:   00007f896232e990 00007f8964868e70
0x00007f896232e8b0:   00007f896232e910 00007f896232e920
0x00007f896232e8c0:   00007f896232e930 00007f896232e8f0
0x00007f896232e8d0:   00007f896232e900 00007f896232e950
0x00007f896232e8e0:   0000000000000000 00007f895c071318
0x00007f896232e8f0:   00000000c0440a00 00007f8962589205
0x00007f896232e900:   00007f895c01ae20 00007f8962589229
0x00007f896232e910:   00007f896232e9d0 00007f89642dbc3f
0x00007f896232e920:   00007f895c01ecb0 0000000000000c00
0x00007f896232e930:   0000000000000000 0000000000000000
0x00007f896232e940:   00007f896232e900 00007f895c152000
0x00007f896232e950:   00000000c07e25a9 00007f895c071301
0x00007f896232e960:   00000000c0440a08 00007f896232e9c0
0x00007f896232e970:   00007f895c023780 00007f895c071280
0x00007f896232e980:   00007f895c021580 00007f8964a2caf9
0x00007f896232e990:   00007f896232ea00 00007f896486c795
0x00007f896232e9a0:   00007f8964e39a80 00007f89647ba600
0x00007f896232e9b0:   00007f896232e9c0 00007f895c01ec01
0x00007f896232e9c0:   00007f8964e41df0 00007f89644b2e00
0x00007f896232e9d0:   00007f895c071280 00007f895c023640
0x00007f896232e9e0:   00007f895c021000 00007f895c023780
0x00007f896232e9f0:   00007f895c021000 0000000000000001
0x00007f896232ea00:   00007f896232eb10 00007f89644b3b5f
0x00007f896232ea10:   0000000000000000 00007f896232ea50
0x00007f896232ea20:   00007f896232ead0 0000000000000000 

Instructions: (pc=0x00007f89648695a3)
0x00007f8964869583:   83 e0 07 48 83 f8 05 75 d3 31 db eb d6 48 8b 05
0x00007f8964869593:   f1 24 5e 00 8b 7e 08 8b 48 08 48 d3 e7 48 03 38
0x00007f89648695a3:   8b 77 08 83 fe 00 0f 8f 0a ff ff ff 0f 85 4b 02
0x00007f89648695b3:   00 00 0f 1f 00 48 8b 07 4c 89 e6 4c 89 55 98 ff 

Register to memory mapping:

RAX=0x00007f8964e6ab90: <offset 0xf8db90> in /usr/lib/jvm/java-8-oracle/jre/lib/amd64/server/libjvm.so at 0x00007f8963edd000
RBX=0x00000000c07e25a8 is pointing into object: 0x00000000c07e2598
com.android.dx.dex.code.DalvCode 
 - klass: 'com/android/dx/dex/code/DalvCode'
RCX=0x0000000000000003 is an unknown value
RDX=0x0000000000000001 is an unknown value
RSP=0x00007f896232e830 is an unknown value
RBP=0x00007f896232e8a0 is an unknown value
RSI=0x00000000ebe369d8 is an oop

[error occurred during error reporting (printing register info), id 0xb]

Stack: [0x00007f896222f000,0x00007f8962330000],  sp=0x00007f896232e830,  free space=1022k
Native frames: (J=compiled Java code, j=interpreted, Vv=VM code, C=native code)
V  [libjvm.so+0x98c5a3]  oopDesc* PSPromotionManager::copy_to_survivor_space<false>(oopDesc*)+0x143
V  [libjvm.so+0x98be70]  PSPromotionManager::drain_stacks_depth(bool)+0x830
V  [libjvm.so+0x98f795]  ThreadRootsTask::do_it(GCTaskManager*, unsigned int)+0x95
V  [libjvm.so+0x5d6b5f]  GCTaskThread::run()+0x12f
V  [libjvm.so+0x924698]  java_start(Thread*)+0x108


---------------  P R O C E S S  ---------------

Java Threads: ( => current thread )
  0x00007f895c155800 JavaThread "pool-1-thread-4" [_thread_blocked, id=14019, stack(0x00007f894680b000,0x00007f894690c000)]
  0x00007f895c154000 JavaThread "pool-1-thread-3" [_thread_blocked, id=14018, stack(0x00007f894690c000,0x00007f8946a0d000)]
  0x00007f895c152000 JavaThread "pool-1-thread-2" [_thread_blocked, id=14017, stack(0x00007f8946a0d000,0x00007f8946b0e000)]
  0x00007f895c151000 JavaThread "pool-2-thread-1" [_thread_blocked, id=14016, stack(0x00007f8946b0e000,0x00007f8946c0f000)]
  0x00007f895c14e800 JavaThread "pool-1-thread-1" [_thread_blocked, id=14015, stack(0x00007f8946c0f000,0x00007f8946d10000)]
  0x00007f895c0ba000 JavaThread "Service Thread" daemon [_thread_blocked, id=13996, stack(0x00007f8946e11000,0x00007f8946f12000)]
  0x00007f895c0b7800 JavaThread "C1 CompilerThread1" daemon [_thread_blocked, id=13995, stack(0x00007f8946f12000,0x00007f8947013000)]
  0x00007f895c0b4800 JavaThread "C2 CompilerThread0" daemon [_thread_blocked, id=13994, stack(0x00007f8947013000,0x00007f8947114000)]
  0x00007f895c0b3000 JavaThread "Signal Dispatcher" daemon [_thread_blocked, id=13993, stack(0x00007f8947114000,0x00007f8947215000)]
  0x00007f895c080000 JavaThread "Finalizer" daemon [_thread_blocked, id=13992, stack(0x00007f89478f9000,0x00007f89479fa000)]
  0x00007f895c07b800 JavaThread "Reference Handler" daemon [_thread_blocked, id=13991, stack(0x00007f89479fa000,0x00007f8947afb000)]
  0x00007f895c00a000 JavaThread "main" [_thread_blocked, id=13985, stack(0x00007f89659c2000,0x00007f8965ac3000)]

Other Threads:
  0x00007f895c073800 VMThread [stack: 0x00007f8947afb000,0x00007f8947bfc000] [id=13990]
  0x00007f895c0bd000 WatcherThread [stack: 0x00007f8946d10000,0x00007f8946e11000] [id=13997]

=>0x00007f895c021000 (exited) GCTaskThread [stack: 0x00007f896222f000,0x00007f8962330000] [id=13989]

VM state:at safepoint (normal execution)

VM Mutex/Monitor currently owned by a thread:  ([mutex/lock_event])
[0x00007f895c0064a0] Threads_lock - owner thread: 0x00007f895c073800
[0x00007f895c0069a0] Heap_lock - owner thread: 0x00007f895c155800

Heap:
 PSYoungGen      total 26112K, used 26096K [0x00000000eab00000, 0x00000000ec600000, 0x0000000100000000)
  eden space 24576K, 100% used [0x00000000eab00000,0x00000000ec300000,0x00000000ec300000)
  from space 1536K, 98% used [0x00000000ec480000,0x00000000ec5fc010,0x00000000ec600000)
  to   space 1536K, 100% used [0x00000000ec300000,0x00000000ec480000,0x00000000ec480000)
 ParOldGen       total 31744K, used 8394K [0x00000000c0000000, 0x00000000c1f00000, 0x00000000eab00000)
  object space 31744K, 26% used [0x00000000c0000000,0x00000000c0832ad8,0x00000000c1f00000)
 Metaspace       used 5705K, capacity 6704K, committed 6784K, reserved 1056768K
  class space    used 587K, capacity 616K, committed 640K, reserved 1048576K

Card table byte_map: [0x00007f8962587000,0x00007f8962788000] byte_map_base: 0x00007f8961f87000

Marking Bits: (ParMarkBitMap*) 0x00007f8964e9e120
 Begin Bits: [0x00007f896022f000, 0x00007f896122f000)
 End Bits:   [0x00007f896122f000, 0x00007f896222f000)

Polling page: 0x00007f8965adf000

CodeCache: size=245760Kb used=2910Kb max_used=2910Kb free=242849Kb
 bounds [0x00007f894d000000, 0x00007f894d2e0000, 0x00007f895c000000]
 total_blobs=1059 nmethods=793 adapters=182
 compilation: enabled

Compilation events (10 events):
Event: 6.717 Thread 0x00007f895c0b7800 nmethod 425 0x00007f894d2d8f90 code [0x00007f894d2d90e0, 0x00007f894d2d91f0]
Event: 6.717 Thread 0x00007f895c0b7800  427       1       com.android.dx.cf.code.RopperMachine::getExtraBlockCount (5 bytes)
Event: 6.717 Thread 0x00007f895c0b7800 nmethod 427 0x00007f894d2d9250 code [0x00007f894d2d93a0, 0x00007f894d2d94b0]
Event: 6.718 Thread 0x00007f895c0b7800  428       1       com.android.dx.cf.code.RopperMachine::getInsns (5 bytes)
Event: 6.718 Thread 0x00007f895c0b7800 nmethod 428 0x00007f894d2d9510 code [0x00007f894d2d9660, 0x00007f894d2d9770]
Event: 6.718 Thread 0x00007f895c0b7800  429       1       com.android.dx.cf.code.ByteBlock::getSuccessors (5 bytes)
Event: 6.718 Thread 0x00007f895c0b7800 nmethod 429 0x00007f894d2d97d0 code [0x00007f894d2d9920, 0x00007f894d2d9a30]
Event: 6.718 Thread 0x00007f895c0b7800  430       1       com.android.dx.cf.code.RopperMachine::hasJsr (5 bytes)
Event: 6.718 Thread 0x00007f895c0b7800 nmethod 430 0x00007f894d2d9a90 code [0x00007f894d2d9be0, 0x00007f894d2d9cf0]
Event: 6.718 Thread 0x00007f895c0b7800  431       1       com.android.dx.cf.code.RopperMachine::wereCatchesUsed (5 bytes)

GC Heap History (5 events):
Event: 3.008 GC heap before
{Heap before GC invocations=1 (full 0):
 PSYoungGen      total 13824K, used 12288K [0x00000000eab00000, 0x00000000eba00000, 0x0000000100000000)
  eden space 12288K, 100% used [0x00000000eab00000,0x00000000eb700000,0x00000000eb700000)
  from space 1536K, 0% used [0x00000000eb880000,0x00000000eb880000,0x00000000eba00000)
  to   space 1536K, 0% used [0x00000000eb700000,0x00000000eb700000,0x00000000eb880000)
 ParOldGen       total 31744K, used 0K [0x00000000c0000000, 0x00000000c1f00000, 0x00000000eab00000)
  object space 31744K, 0% used [0x00000000c0000000,0x00000000c0000000,0x00000000c1f00000)
 Metaspace       used 5489K, capacity 6576K, committed 6784K, reserved 1056768K
  class space    used 584K, capacity 616K, committed 640K, reserved 1048576K
Event: 3.067 GC heap after
Heap after GC invocations=1 (full 0):
 PSYoungGen      total 13824K, used 1514K [0x00000000eab00000, 0x00000000ec600000, 0x0000000100000000)
  eden space 12288K, 0% used [0x00000000eab00000,0x00000000eab00000,0x00000000eb700000)
  from space 1536K, 98% used [0x00000000eb700000,0x00000000eb87aa90,0x00000000eb880000)
  to   space 1536K, 0% used [0x00000000ec480000,0x00000000ec480000,0x00000000ec600000)
 ParOldGen       total 31744K, used 2072K [0x00000000c0000000, 0x00000000c1f00000, 0x00000000eab00000)
  object space 31744K, 6% used [0x00000000c0000000,0x00000000c02060e0,0x00000000c1f00000)
 Metaspace       used 5489K, capacity 6576K, committed 6784K, reserved 1056768K
  class space    used 584K, capacity 616K, committed 640K, reserved 1048576K
}
Event: 4.455 GC heap before
{Heap before GC invocations=2 (full 0):
 PSYoungGen      total 13824K, used 13802K [0x00000000eab00000, 0x00000000ec600000, 0x0000000100000000)
  eden space 12288K, 100% used [0x00000000eab00000,0x00000000eb700000,0x00000000eb700000)
  from space 1536K, 98% used [0x00000000eb700000,0x00000000eb87aa90,0x00000000eb880000)
  to   space 1536K, 0% used [0x00000000ec480000,0x00000000ec480000,0x00000000ec600000)
 ParOldGen       total 31744K, used 2072K [0x00000000c0000000, 0x00000000c1f00000, 0x00000000eab00000)
  object space 31744K, 6% used [0x00000000c0000000,0x00000000c02060e0,0x00000000c1f00000)
 Metaspace       used 5624K, capacity 6640K, committed 6784K, reserved 1056768K
  class space    used 585K, capacity 616K, committed 640K, reserved 1048576K
Event: 4.510 GC heap after
Heap after GC invocations=2 (full 0):
 PSYoungGen      total 26112K, used 1520K [0x00000000eab00000, 0x00000000ec600000, 0x0000000100000000)
  eden space 24576K, 0% used [0x00000000eab00000,0x00000000eab00000,0x00000000ec300000)
  from space 1536K, 98% used [0x00000000ec480000,0x00000000ec5fc010,0x00000000ec600000)
  to   space 1536K, 0% used [0x00000000ec300000,0x00000000ec300000,0x00000000ec480000)
 ParOldGen       total 31744K, used 4372K [0x00000000c0000000, 0x00000000c1f00000, 0x00000000eab00000)
  object space 31744K, 13% used [0x00000000c0000000,0x00000000c04451c8,0x00000000c1f00000)
 Metaspace       used 5624K, capacity 6640K, committed 6784K, reserved 1056768K
  class space    used 585K, capacity 616K, committed 640K, reserved 1048576K
}
Event: 6.761 GC heap before
{Heap before GC invocations=3 (full 0):
 PSYoungGen      total 26112K, used 26096K [0x00000000eab00000, 0x00000000ec600000, 0x0000000100000000)
  eden space 24576K, 100% used [0x00000000eab00000,0x00000000ec300000,0x00000000ec300000)
  from space 1536K, 98% used [0x00000000ec480000,0x00000000ec5fc010,0x00000000ec600000)
  to   space 1536K, 0% used [0x00000000ec300000,0x00000000ec300000,0x00000000ec480000)
 ParOldGen       total 31744K, used 4372K [0x00000000c0000000, 0x00000000c1f00000, 0x00000000eab00000)
  object space 31744K, 13% used [0x00000000c0000000,0x00000000c04451c8,0x00000000c1f00000)
 Metaspace       used 5705K, capacity 6704K, committed 6784K, reserved 1056768K
  class space    used 587K, capacity 616K, committed 640K, reserved 1048576K

Deoptimization events (3 events):
Event: 1.494 Thread 0x00007f895c00a000 Uncommon trap: reason=unstable_if action=reinterpret pc=0x00007f894d13e688 method=java.lang.String.indexOf(II)I @ 49
Event: 5.838 Thread 0x00007f895c152000 Uncommon trap: reason=class_check action=maybe_recompile pc=0x00007f894d2a72e4 method=com.android.dx.ssa.NormalSsaInsn.accept(Lcom/android/dx/ssa/SsaInsn$Visitor;)V @ 9
Event: 6.386 Thread 0x00007f895c154000 Uncommon trap: reason=null_check action=make_not_entrant pc=0x00007f894d2a7c9c method=com.android.dx.ssa.SsaRenamer.getLocalForNewReg(I)Lcom/android/dx/rop/code/LocalItem; @ 19

Internal exceptions (3 events):
Event: 0.331 Thread 0x00007f895c00a000 Exception <a 'java/lang/NoSuchMethodError': Method sun.misc.Unsafe.defineClass(Ljava/lang/String;[BII)Ljava/lang/Class; name or signature does not match> (0x00000000eab07cc0) thrown at [/HUDSON3/workspace/8-2-build-linux-amd64/jdk8u101/7261/hotspot/src/sh
Event: 0.331 Thread 0x00007f895c00a000 Exception <a 'java/lang/NoSuchMethodError': Method sun.misc.Unsafe.prefetchRead(Ljava/lang/Object;J)V name or signature does not match> (0x00000000eab07fa8) thrown at [/HUDSON3/workspace/8-2-build-linux-amd64/jdk8u101/7261/hotspot/src/share/vm/prims/jni.c
Event: 6.386 Thread 0x00007f895c154000 Implicit null exception at 0x00007f894d2a5583 to 0x00007f894d2a7c79

Events (10 events):
Event: 5.838 loading class java/util/TreeMap$EntrySet done
Event: 5.838 loading class java/util/TreeMap$EntryIterator
Event: 5.838 loading class java/util/TreeMap$EntryIterator done
Event: 5.838 Thread 0x00007f895c152000 Uncommon trap: trap_request=0xffffffde fr.pc=0x00007f894d2a72e4
Event: 5.838 Thread 0x00007f895c152000 DEOPT PACKING pc=0x00007f894d2a72e4 sp=0x00007f8946b0bd70
Event: 5.838 Thread 0x00007f895c152000 DEOPT UNPACKING pc=0x00007f894d004f69 sp=0x00007f8946b0bd80 mode 2
Event: 6.386 Thread 0x00007f895c154000 Uncommon trap: trap_request=0xfffffff4 fr.pc=0x00007f894d2a7c9c
Event: 6.386 Thread 0x00007f895c154000 DEOPT PACKING pc=0x00007f894d2a7c9c sp=0x00007f8946a0ae10
Event: 6.386 Thread 0x00007f895c154000 DEOPT UNPACKING pc=0x00007f894d004f69 sp=0x00007f8946a0aca8 mode 2
Event: 6.740 Executing VM operation: ParallelGCFailedAllocation


Dynamic libraries:
00400000-00401000 r-xp 00000000 08:01 3279757                            /usr/lib/jvm/java-8-oracle/bin/java
00600000-00601000 rw-p 00000000 08:01 3279757                            /usr/lib/jvm/java-8-oracle/bin/java
0085a000-0087b000 rw-p 00000000 00:00 0                                  [heap]
c0000000-c1f00000 rw-p 00000000 00:00 0 
c1f00000-eab00000 ---p 00000000 00:00 0 
eab00000-ec600000 rw-p 00000000 00:00 0 
ec600000-100000000 ---p 00000000 00:00 0 
100000000-1000a0000 rw-p 00000000 00:00 0 
1000a0000-140000000 ---p 00000000 00:00 0 
7f890c000000-7f890c037000 rw-p 00000000 00:00 0 
7f890c037000-7f8910000000 ---p 00000000 00:00 0 
7f8914000000-7f8914021000 rw-p 00000000 00:00 0 
7f8914021000-7f8918000000 ---p 00000000 00:00 0 
7f8918000000-7f8918023000 rw-p 00000000 00:00 0 
7f8918023000-7f891c000000 ---p 00000000 00:00 0 
7f891c000000-7f891c021000 rw-p 00000000 00:00 0 
7f891c021000-7f8920000000 ---p 00000000 00:00 0 
7f8920000000-7f892002f000 rw-p 00000000 00:00 0 
7f892002f000-7f8924000000 ---p 00000000 00:00 0 
7f8924000000-7f89244d8000 rw-p 00000000 00:00 0 
7f89244d8000-7f8928000000 ---p 00000000 00:00 0 
7f8928000000-7f8928021000 rw-p 00000000 00:00 0 
7f8928021000-7f892c000000 ---p 00000000 00:00 0 
7f892c000000-7f892c021000 rw-p 00000000 00:00 0 
7f892c021000-7f8930000000 ---p 00000000 00:00 0 
7f8930000000-7f89304bb000 rw-p 00000000 00:00 0 
7f89304bb000-7f8934000000 ---p 00000000 00:00 0 
7f8934000000-7f8934021000 rw-p 00000000 00:00 0 
7f8934021000-7f8938000000 ---p 00000000 00:00 0 
7f8938000000-7f8938021000 rw-p 00000000 00:00 0 
7f8938021000-7f893c000000 ---p 00000000 00:00 0 
7f893c000000-7f893c021000 rw-p 00000000 00:00 0 
7f893c021000-7f8940000000 ---p 00000000 00:00 0 
7f8940000000-7f894029a000 rw-p 00000000 00:00 0 
7f894029a000-7f8944000000 ---p 00000000 00:00 0 
7f894680b000-7f894680e000 ---p 00000000 00:00 0 
7f894680e000-7f894690c000 rw-p 00000000 00:00 0                          [stack:14019]
7f894690c000-7f894690f000 ---p 00000000 00:00 0 
7f894690f000-7f8946a0d000 rw-p 00000000 00:00 0                          [stack:14018]
7f8946a0d000-7f8946a10000 ---p 00000000 00:00 0 
7f8946a10000-7f8946b0e000 rw-p 00000000 00:00 0                          [stack:14017]
7f8946b0e000-7f8946b11000 ---p 00000000 00:00 0 
7f8946b11000-7f8946c0f000 rw-p 00000000 00:00 0                          [stack:14016]
7f8946c0f000-7f8946c12000 ---p 00000000 00:00 0 
7f8946c12000-7f8946d10000 rw-p 00000000 00:00 0                          [stack:14015]
7f8946d10000-7f8946d11000 ---p 00000000 00:00 0 
7f8946d11000-7f8946e11000 rw-p 00000000 00:00 0                          [stack:13997]
7f8946e11000-7f8946e14000 ---p 00000000 00:00 0 
7f8946e14000-7f8946f12000 rw-p 00000000 00:00 0                          [stack:13996]
7f8946f12000-7f8946f15000 ---p 00000000 00:00 0 
7f8946f15000-7f8947013000 rw-p 00000000 00:00 0                          [stack:13995]
7f8947013000-7f8947016000 ---p 00000000 00:00 0 
7f8947016000-7f8947114000 rw-p 00000000 00:00 0                          [stack:13994]
7f8947114000-7f8947117000 ---p 00000000 00:00 0 
7f8947117000-7f8947215000 rw-p 00000000 00:00 0                          [stack:13993]
7f8947215000-7f89478f9000 r--p 00000000 08:01 13113697                   /usr/lib/locale/locale-archive
7f89478f9000-7f89478fc000 ---p 00000000 00:00 0 
7f89478fc000-7f89479fa000 rw-p 00000000 00:00 0                          [stack:13992]
7f89479fa000-7f89479fd000 ---p 00000000 00:00 0 
7f89479fd000-7f8947afb000 rw-p 00000000 00:00 0                          [stack:13991]
7f8947afb000-7f8947afc000 ---p 00000000 00:00 0 
7f8947afc000-7f8948000000 rw-p 00000000 00:00 0                          [stack:13990]
7f8948000000-7f8948021000 rw-p 00000000 00:00 0 
7f8948021000-7f894c000000 ---p 00000000 00:00 0 
7f894c05d000-7f894c5b1000 rw-p 00000000 00:00 0 
7f894c5b1000-7f894c78a000 r--s 03d29000 08:01 13118676                   /usr/lib/jvm/java-8-oracle/jre/lib/rt.jar
7f894c78a000-7f894ce00000 rw-p 00000000 00:00 0 
7f894ce00000-7f894d000000 ---p 00000000 00:00 0 
7f894d000000-7f894d2e0000 rwxp 00000000 00:00 0 
7f894d2e0000-7f895c000000 ---p 00000000 00:00 0 
7f895c000000-7f895c386000 rw-p 00000000 00:00 0 
7f895c386000-7f8960000000 ---p 00000000 00:00 0 
7f896000e000-7f896222f000 rw-p 00000000 00:00 0 
7f896222f000-7f8962230000 ---p 00000000 00:00 0 
7f8962230000-7f8962330000 rw-p 00000000 00:00 0                          [stack:13989]
7f8962330000-7f8962331000 ---p 00000000 00:00 0 
7f8962331000-7f8962441000 rw-p 00000000 00:00 0                          [stack:13988]
7f8962441000-7f8962587000 ---p 00000000 00:00 0 
7f8962587000-7f8962597000 rw-p 00000000 00:00 0 
7f8962597000-7f89626dc000 ---p 00000000 00:00 0 
7f89626dc000-7f89626ea000 rw-p 00000000 00:00 0 
7f89626ea000-7f8962787000 ---p 00000000 00:00 0 
7f8962787000-7f8962794000 rw-p 00000000 00:00 0 
7f8962794000-7f8962b48000 ---p 00000000 00:00 0 
7f8962b48000-7f8962b62000 r-xp 00000000 08:01 13766358                   /usr/lib/jvm/java-8-oracle/jre/lib/amd64/libzip.so
7f8962b62000-7f8962d62000 ---p 0001a000 08:01 13766358                   /usr/lib/jvm/java-8-oracle/jre/lib/amd64/libzip.so
7f8962d62000-7f8962d63000 rw-p 0001a000 08:01 13766358                   /usr/lib/jvm/java-8-oracle/jre/lib/amd64/libzip.so
7f8962d63000-7f8962d6e000 r-xp 00000000 08:01 2621673                    /lib/x86_64-linux-gnu/libnss_files-2.15.so
7f8962d6e000-7f8962f6d000 ---p 0000b000 08:01 2621673                    /lib/x86_64-linux-gnu/libnss_files-2.15.so
7f8962f6d000-7f8962f6e000 r--p 0000a000 08:01 2621673                    /lib/x86_64-linux-gnu/libnss_files-2.15.so
7f8962f6e000-7f8962f6f000 rw-p 0000b000 08:01 2621673                    /lib/x86_64-linux-gnu/libnss_files-2.15.so
7f8962f6f000-7f8962f79000 r-xp 00000000 08:01 2621658                    /lib/x86_64-linux-gnu/libnss_nis-2.15.so
7f8962f79000-7f8963179000 ---p 0000a000 08:01 2621658                    /lib/x86_64-linux-gnu/libnss_nis-2.15.so
7f8963179000-7f896317a000 r--p 0000a000 08:01 2621658                    /lib/x86_64-linux-gnu/libnss_nis-2.15.so
7f896317a000-7f896317b000 rw-p 0000b000 08:01 2621658                    /lib/x86_64-linux-gnu/libnss_nis-2.15.so
7f896317b000-7f8963192000 r-xp 00000000 08:01 2621667                    /lib/x86_64-linux-gnu/libnsl-2.15.so
7f8963192000-7f8963391000 ---p 00017000 08:01 2621667                    /lib/x86_64-linux-gnu/libnsl-2.15.so
7f8963391000-7f8963392000 r--p 00016000 08:01 2621667                    /lib/x86_64-linux-gnu/libnsl-2.15.so
7f8963392000-7f8963393000 rw-p 00017000 08:01 2621667                    /lib/x86_64-linux-gnu/libnsl-2.15.so
7f8963393000-7f8963395000 rw-p 00000000 00:00 0 
7f8963395000-7f896339d000 r-xp 00000000 08:01 2621672                    /lib/x86_64-linux-gnu/libnss_compat-2.15.so
7f896339d000-7f896359c000 ---p 00008000 08:01 2621672                    /lib/x86_64-linux-gnu/libnss_compat-2.15.so
7f896359c000-7f896359d000 r--p 00007000 08:01 2621672                    /lib/x86_64-linux-gnu/libnss_compat-2.15.so
7f896359d000-7f896359e000 rw-p 00008000 08:01 2621672                    /lib/x86_64-linux-gnu/libnss_compat-2.15.so
7f896359e000-7f89635c8000 r-xp 00000000 08:01 13766323                   /usr/lib/jvm/java-8-oracle/jre/lib/amd64/libjava.so
7f89635c8000-7f89637c8000 ---p 0002a000 08:01 13766323                   /usr/lib/jvm/java-8-oracle/jre/lib/amd64/libjava.so
7f89637c8000-7f89637ca000 rw-p 0002a000 08:01 13766323                   /usr/lib/jvm/java-8-oracle/jre/lib/amd64/libjava.so
7f89637ca000-7f89637d7000 r-xp 00000000 08:01 13766361                   /usr/lib/jvm/java-8-oracle/jre/lib/amd64/libverify.so
7f89637d7000-7f89639d7000 ---p 0000d000 08:01 13766361                   /usr/lib/jvm/java-8-oracle/jre/lib/amd64/libverify.so
7f89639d7000-7f89639d9000 rw-p 0000d000 08:01 13766361                   /usr/lib/jvm/java-8-oracle/jre/lib/amd64/libverify.so
7f89639d9000-7f89639e0000 r-xp 00000000 08:01 2621660                    /lib/x86_64-linux-gnu/librt-2.15.so
7f89639e0000-7f8963bdf000 ---p 00007000 08:01 2621660                    /lib/x86_64-linux-gnu/librt-2.15.so
7f8963bdf000-7f8963be0000 r--p 00006000 08:01 2621660                    /lib/x86_64-linux-gnu/librt-2.15.so
7f8963be0000-7f8963be1000 rw-p 00007000 08:01 2621660                    /lib/x86_64-linux-gnu/librt-2.15.so
7f8963be1000-7f8963cdc000 r-xp 00000000 08:01 2621674                    /lib/x86_64-linux-gnu/libm-2.15.so
7f8963cdc000-7f8963edb000 ---p 000fb000 08:01 2621674                    /lib/x86_64-linux-gnu/libm-2.15.so
7f8963edb000-7f8963edc000 r--p 000fa000 08:01 2621674                    /lib/x86_64-linux-gnu/libm-2.15.so
7f8963edc000-7f8963edd000 rw-p 000fb000 08:01 2621674                    /lib/x86_64-linux-gnu/libm-2.15.so
7f8963edd000-7f8964ba8000 r-xp 00000000 08:01 13894575                   /usr/lib/jvm/java-8-oracle/jre/lib/amd64/server/libjvm.so
7f8964ba8000-7f8964da7000 ---p 00ccb000 08:01 13894575                   /usr/lib/jvm/java-8-oracle/jre/lib/amd64/server/libjvm.so
7f8964da7000-7f8964e80000 rw-p 00cca000 08:01 13894575                   /usr/lib/jvm/java-8-oracle/jre/lib/amd64/server/libjvm.so
7f8964e80000-7f8964ecb000 rw-p 00000000 00:00 0 
7f8964ecb000-7f896507f000 r-xp 00000000 08:01 2621665                    /lib/x86_64-linux-gnu/libc-2.15.so
7f896507f000-7f896527e000 ---p 001b4000 08:01 2621665                    /lib/x86_64-linux-gnu/libc-2.15.so
7f896527e000-7f8965282000 r--p 001b3000 08:01 2621665                    /lib/x86_64-linux-gnu/libc-2.15.so
7f8965282000-7f8965284000 rw-p 001b7000 08:01 2621665                    /lib/x86_64-linux-gnu/libc-2.15.so
7f8965284000-7f8965289000 rw-p 00000000 00:00 0 
7f8965289000-7f896528b000 r-xp 00000000 08:01 2621657                    /lib/x86_64-linux-gnu/libdl-2.15.so
7f896528b000-7f896548b000 ---p 00002000 08:01 2621657                    /lib/x86_64-linux-gnu/libdl-2.15.so
7f896548b000-7f896548c000 r--p 00002000 08:01 2621657                    /lib/x86_64-linux-gnu/libdl-2.15.so
7f896548c000-7f896548d000 rw-p 00003000 08:01 2621657                    /lib/x86_64-linux-gnu/libdl-2.15.so
7f896548d000-7f89654a2000 r-xp 00000000 08:01 2627921                    /usr/lib/jvm/java-8-oracle/lib/amd64/jli/libjli.so
7f89654a2000-7f89656a2000 ---p 00015000 08:01 2627921                    /usr/lib/jvm/java-8-oracle/lib/amd64/jli/libjli.so
7f89656a2000-7f89656a3000 rw-p 00015000 08:01 2627921                    /usr/lib/jvm/java-8-oracle/lib/amd64/jli/libjli.so
7f89656a3000-7f89656bb000 r-xp 00000000 08:01 2621668                    /lib/x86_64-linux-gnu/libpthread-2.15.so
7f89656bb000-7f89658ba000 ---p 00018000 08:01 2621668                    /lib/x86_64-linux-gnu/libpthread-2.15.so
7f89658ba000-7f89658bb000 r--p 00017000 08:01 2621668                    /lib/x86_64-linux-gnu/libpthread-2.15.so
7f89658bb000-7f89658bc000 rw-p 00018000 08:01 2621668                    /lib/x86_64-linux-gnu/libpthread-2.15.so
7f89658bc000-7f89658c0000 rw-p 00000000 00:00 0 
7f89658c0000-7f89658e2000 r-xp 00000000 08:01 2621671                    /lib/x86_64-linux-gnu/ld-2.15.so
7f89658e4000-7f89658e5000 rw-p 00000000 00:00 0 
7f89658e5000-7f89658e9000 r--s 00018000 08:01 4850284                    /root/.gradle/caches/modules-2/files-2.1/com.nineoldandroids/library/2.4.0/e9b63380f3a242dbdbf103a2355ad7e43bad17cb/library-2.4.0.jar
7f89658e9000-7f89659c2000 rw-p 00000000 00:00 0 
7f89659c2000-7f89659c5000 ---p 00000000 00:00 0 
7f89659c5000-7f8965ac7000 rw-p 00000000 00:00 0                          [stack:13985]
7f8965ac7000-7f8965ad6000 r--s 000df000 08:01 11274850                   /root/Android/Sdk/build-tools/23.0.3/lib/dx.jar
7f8965ad6000-7f8965ade000 rw-s 00000000 08:01 4850449                    /tmp/hsperfdata_root/13982
7f8965ade000-7f8965adf000 rw-p 00000000 00:00 0 
7f8965adf000-7f8965ae0000 ---p 00000000 00:00 0 
7f8965ae0000-7f8965ae2000 rw-p 00000000 00:00 0 
7f8965ae2000-7f8965ae3000 r--p 00022000 08:01 2621671                    /lib/x86_64-linux-gnu/ld-2.15.so
7f8965ae3000-7f8965ae5000 rw-p 00023000 08:01 2621671                    /lib/x86_64-linux-gnu/ld-2.15.so
7ffd55731000-7ffd55752000 rw-p 00000000 00:00 0                          [stack]
7ffd557e2000-7ffd557e4000 r-xp 00000000 00:00 0                          [vdso]
ffffffffff600000-ffffffffff601000 r-xp 00000000 00:00 0                  [vsyscall]

VM Arguments:
jvm_args: -Djava.awt.headless=true -Xmx1024M -Dfile.encoding=UTF-8 -Duser.country=US -Duser.language=en -Duser.variant 
java_command: com.android.dx.command.Main --dex --num-threads=4 --output /home/lin/other/AndroidProjects/Radio/app/build/intermediates/pre-dexed/debug/library-2.4.0_966625304e7208badec13abab7a99ab1be33bd6f.jar /root/.gradle/caches/modules-2/files-2.1/com.nineoldandroids/library/2.4.0/e9b63380f3a242dbdbf103a2355ad7e43bad17cb/library-2.4.0.jar
java_class_path (initial): /root/Android/Sdk/build-tools/23.0.3/lib/dx.jar
Launcher Type: SUN_STANDARD

Environment Variables:
PATH=/usr/local/sbin:/usr/local/bin:/usr/sbin:/usr/bin:/sbin:/bin
USERNAME=root
LD_LIBRARY_PATH=/opt/android-studio/bin:
SHELL=/bin/bash
DISPLAY=:0.0

Signal Handlers:
SIGSEGV: [libjvm.so+0xac4790], sa_mask[0]=11111111011111111101111111111110, sa_flags=SA_RESTART|SA_SIGINFO
SIGBUS: [libjvm.so+0xac4790], sa_mask[0]=11111111011111111101111111111110, sa_flags=SA_RESTART|SA_SIGINFO
SIGFPE: [libjvm.so+0x91f140], sa_mask[0]=11111111011111111101111111111110, sa_flags=SA_RESTART|SA_SIGINFO
SIGPIPE: [libjvm.so+0x91f140], sa_mask[0]=11111111011111111101111111111110, sa_flags=SA_RESTART|SA_SIGINFO
SIGXFSZ: [libjvm.so+0x91f140], sa_mask[0]=11111111011111111101111111111110, sa_flags=SA_RESTART|SA_SIGINFO
SIGILL: [libjvm.so+0x91f140], sa_mask[0]=11111111011111111101111111111110, sa_flags=SA_RESTART|SA_SIGINFO
SIGUSR1: SIG_DFL, sa_mask[0]=00000000000000000000000000000000, sa_flags=none
SIGUSR2: [libjvm.so+0x920770], sa_mask[0]=00100000000000000000000000000000, sa_flags=SA_RESTART|SA_SIGINFO
SIGHUP: [libjvm.so+0x921b70], sa_mask[0]=11111111011111111101111111111110, sa_flags=SA_RESTART|SA_SIGINFO
SIGINT: [libjvm.so+0x921b70], sa_mask[0]=11111111011111111101111111111110, sa_flags=SA_RESTART|SA_SIGINFO
SIGTERM: [libjvm.so+0x921b70], sa_mask[0]=11111111011111111101111111111110, sa_flags=SA_RESTART|SA_SIGINFO
SIGQUIT: [libjvm.so+0x921b70], sa_mask[0]=11111111011111111101111111111110, sa_flags=SA_RESTART|SA_SIGINFO


---------------  S Y S T E M  ---------------

OS:DISTRIB_ID=Ubuntu
DISTRIB_RELEASE=12.04
DISTRIB_CODENAME=precise
DISTRIB_DESCRIPTION="Ubuntu 12.04.5 LTS"

uname:Linux 3.13.0-95-generic #142~precise1-Ubuntu SMP Fri Aug 12 18:20:15 UTC 2016 x86_64
libc:glibc 2.15 NPTL 2.15 
rlimit: STACK 8192k, CORE 0k, NPROC 22873, NOFILE 4096, AS infinity
load average:7.37 2.62 1.51

/proc/meminfo:
MemTotal:        2948840 kB
MemFree:          165988 kB
Buffers:           39608 kB
Cached:           696236 kB
SwapCached:        51044 kB
Active:          1829480 kB
Inactive:         769168 kB
Active(anon):    1496012 kB
Inactive(anon):   542616 kB
Active(file):     333468 kB
Inactive(file):   226552 kB
Unevictable:           0 kB
Mlocked:               0 kB
SwapTotal:       3008508 kB
SwapFree:        2750728 kB
Dirty:             28752 kB
Writeback:             0 kB
AnonPages:       1844060 kB
Mapped:           236880 kB
Shmem:            175960 kB
Slab:              96916 kB
SReclaimable:      67092 kB
SUnreclaim:        29824 kB
KernelStack:        4568 kB
PageTables:        33160 kB
NFS_Unstable:          0 kB
Bounce:                0 kB
WritebackTmp:          0 kB
CommitLimit:     4482928 kB
Committed_AS:    4760352 kB
VmallocTotal:   34359738367 kB
VmallocUsed:      346464 kB
VmallocChunk:   34359383644 kB
HardwareCorrupted:     0 kB
AnonHugePages:    770048 kB
HugePages_Total:       0
HugePages_Free:        0
HugePages_Rsvd:        0
HugePages_Surp:        0
Hugepagesize:       2048 kB
DirectMap4k:       67972 kB
DirectMap2M:     2942976 kB


CPU:total 2 (2 cores per cpu, 1 threads per core) family 6 model 15 stepping 13, cmov, cx8, fxsr, mmx, sse, sse2, sse3, ssse3, tsc

/proc/cpuinfo:
processor	: 0
vendor_id	: GenuineIntel
cpu family	: 6
model		: 15
model name	: Genuine Intel(R) CPU           T1600  @ 1.66GHz
stepping	: 13
microcode	: 0xa3
cpu MHz		: 1662.438
cache size	: 1024 KB
physical id	: 0
siblings	: 2
core id		: 0
cpu cores	: 2
apicid		: 0
initial apicid	: 0
fpu		: yes
fpu_exception	: yes
cpuid level	: 10
wp		: yes
flags		: fpu vme de pse tsc msr pae mce cx8 apic sep mtrr pge mca cmov pat pse36 clflush dts acpi mmx fxsr sse sse2 ss ht tm pbe syscall nx lm constant_tsc arch_perfmon pebs bts rep_good nopl aperfmperf pni dtes64 monitor ds_cpl tm2 ssse3 cx16 xtpr pdcm lahf_lm dtherm
bogomips	: 3324.87
clflush size	: 64
cache_alignment	: 64
address sizes	: 36 bits physical, 48 bits virtual
power management:

processor	: 1
vendor_id	: GenuineIntel
cpu family	: 6
model		: 15
model name	: Genuine Intel(R) CPU           T1600  @ 1.66GHz
stepping	: 13
microcode	: 0xa3
cpu MHz		: 1662.438
cache size	: 1024 KB
physical id	: 0
siblings	: 2
core id		: 1
cpu cores	: 2
apicid		: 1
initial apicid	: 1
fpu		: yes
fpu_exception	: yes
cpuid level	: 10
wp		: yes
flags		: fpu vme de pse tsc msr pae mce cx8 apic sep mtrr pge mca cmov pat pse36 clflush dts acpi mmx fxsr sse sse2 ss ht tm pbe syscall nx lm constant_tsc arch_perfmon pebs bts rep_good nopl aperfmperf pni dtes64 monitor ds_cpl tm2 ssse3 cx16 xtpr pdcm lahf_lm dtherm
bogomips	: 3324.87
clflush size	: 64
cache_alignment	: 64
address sizes	: 36 bits physical, 48 bits virtual
power management:



Memory: 4k page, physical 2948840k(165988k free), swap 3008508k(2750728k free)

vm_info: Java HotSpot(TM) 64-Bit Server VM (25.101-b13) for linux-amd64 JRE (1.8.0_101-b13), built on Jun 22 2016 02:59:44 by "java_re" with gcc 4.3.0 20080428 (Red Hat 4.3.0-8)

time: Tue Sep 27 21:04:00 2016
elapsed time: 6 seconds (0d 0h 0m 6s)

