#
# A fatal error has been detected by the Java Runtime Environment:
#
#  SIGSEGV (0xb) at pc=0x00007f1e176f3c6b, pid=18491, tid=0x00007f1dfdd0f700
#
# JRE version: Java(TM) SE Runtime Environment (8.0_101-b13) (build 1.8.0_101-b13)
# Java VM: Java HotSpot(TM) 64-Bit Server VM (25.101-b13 mixed mode linux-amd64 compressed oops)
# Problematic frame:
# V  [libjvm.so+0x7c9c6b]  Klass::external_name() const+0x1b
#
# Failed to write core dump. Core dumps have been disabled. To enable core dumping, try "ulimit -c unlimited" before starting Java again
#
# If you would like to submit a bug report, please visit:
#   http://bugreport.java.com/bugreport/crash.jsp
#

---------------  T H R E A D  ---------------

Current thread (0x00007f1e1017d000):  JavaThread "pool-1-thread-1" [_thread_in_vm, id=18526, stack(0x00007f1dfdc0f000,0x00007f1dfdd10000)]

siginfo: si_signo: 11 (SIGSEGV), si_code: 2 (SEGV_ACCERR), si_addr: 0x0000000100284468

Registers:
RAX=0x00007f1e17eb7b90, RBX=0x00007f1e1017a6a0, RCX=0x0000000000000003, RDX=0x00007f1e14d84ed0
RSP=0x00007f1dfdd0de20, RBP=0x00007f1dfdd0de70, RSI=0x00000000ecb05508, RDI=0x0000000100284460
R8 =0x0000000000000001, R9 =0x000000000000000a, R10=0x0000000000000000, R11=0x0000000000000000
R12=0x00007f1de4011280, R13=0x0000000100284460, R14=0x00000000000003d8, R15=0x00007f1de4011668
RIP=0x00007f1e176f3c6b, EFLAGS=0x0000000000010202, CSGSFS=0x0000000000000033, ERR=0x0000000000000004
  TRAPNO=0x000000000000000e

Top of Stack: (sp=0x00007f1dfdd0de20)
0x00007f1dfdd0de20:   00007f1e14a180c8 00007f1e1017d000
0x00007f1dfdd0de30:   00007f1e14a180c8 00007f1e1017d000
0x00007f1dfdd0de40:   0000000000000000 00007f1e14a180c8
0x00007f1dfdd0de50:   00007f1e1017a6a0 00007f1de4011280
0x00007f1dfdd0de60:   00007f1e1017d000 00000000000003d8
0x00007f1dfdd0de70:   00007f1dfdd0dec0 00007f1e17305cad
0x00007f1dfdd0de80:   4028000000000000 00007f1de4011290
0x00007f1dfdd0de90:   2525252525252525 00000000ecb05508
0x00007f1dfdd0dea0:   0000000000000000 00007f1e013d21d4
0x00007f1dfdd0deb0:   00007f1dfdd0e0a8 00007f1e1017d000
0x00007f1dfdd0dec0:   00007f1dfdd0e0a0 00007f1e01104b66
0x00007f1dfdd0ded0:   00007f1dfdd0e018 0000000000000000
0x00007f1dfdd0dee0:   2525252525252525 0000000000000000
0x00007f1dfdd0def0:   ff00000000000000 616c632e726f7461
0x00007f1dfdd0df00:   19073a3a00b80619 00007f1e14898158
0x00007f1dfdd0df10:   00007f1e1487c778 0000000000000000
0x00007f1dfdd0df20:   0000ffff00000000 0000000000000000
0x00007f1dfdd0df30:   0000ffff00000000 0000000000000000
0x00007f1dfdd0df40:   0000000000000000 0000000000000000
0x00007f1dfdd0df50:   0000000000000000 00000000ecba2d28
0x00007f1dfdd0df60:   00007f1dfdd0e080 00007f1e013e0cac
0x00007f1dfdd0df70:   00000000ecba2ef0 00000000ecba2d28
0x00007f1dfdd0df80:   00007f1e14d87bbe 00007f1dfdd0dfc8
0x00007f1dfdd0df90:   00007f1e14d8e028 0000000000000000
0x00007f1dfdd0dfa0:   00007f1e14d87bd8 0000000000000000
0x00007f1dfdd0dfb0:   00007f1dfdd0e018 00007f1e010077d0
0x00007f1dfdd0dfc0:   00007f1e010077d0 00000000ecba2d28
0x00007f1dfdd0dfd0:   00000000ecb88610 000002c70000021b
0x00007f1dfdd0dfe0:   00007f1e00000000 00000000ecba2e98
0x00007f1dfdd0dff0:   00007f1e14d8e028 0000000000000000
0x00007f1dfdd0e000:   00007f1dfdd0e080 00007f1e01007ffd
0x00007f1dfdd0e010:   00007f1dfdd0e080 00007f1e01007a40 

Instructions: (pc=0x00007f1e176f3c6b)
0x00007f1e176f3c4b:   00 00 00 00 00 55 48 89 e5 4c 89 6d f0 48 89 5d
0x00007f1e176f3c5b:   e0 49 89 fd 4c 89 65 e8 4c 89 75 f8 48 83 ec 50
0x00007f1e176f3c6b:   8b 47 08 85 c0 0f 8e e2 00 00 00 f6 87 0e 01 00
0x00007f1e176f3c7b:   00 08 0f 84 d5 00 00 00 48 8b 7f 68 31 d2 48 85 

Register to memory mapping:

RAX=0x00007f1e17eb7b90: <offset 0xf8db90> in /usr/lib/jvm/java-8-oracle/jre/lib/amd64/server/libjvm.so at 0x00007f1e16f2a000
RBX=0x00007f1e1017a6a0 is an unknown value
RCX=0x0000000000000003 is an unknown value
RDX={method} {0x00007f1e14d84ed0} 'edgeSplitPredecessors' '(Lcom/android/dx/ssa/SsaMethod;)V' in 'com/android/dx/ssa/SsaConverter'
RSP=0x00007f1dfdd0de20 is pointing into the stack for thread: 0x00007f1e1017d000
RBP=0x00007f1dfdd0de70 is pointing into the stack for thread: 0x00007f1e1017d000
RSI=0x00000000ecb05508 is an oop

[error occurred during error reporting (printing register info), id 0xb]

Stack: [0x00007f1dfdc0f000,0x00007f1dfdd10000],  sp=0x00007f1dfdd0de20,  free space=1019k
Native frames: (J=compiled Java code, j=interpreted, Vv=VM code, C=native code)
V  [libjvm.so+0x7c9c6b]  Klass::external_name() const+0x1b
V  [libjvm.so+0x3dbcad]  Runtime1::throw_class_cast_exception(JavaThread*, oopDesc*)+0x5d
v  ~RuntimeStub::throw_class_cast_exception Runtime1 stub
J 1676 C1 com.android.dx.ssa.SsaConverter.edgeSplitPredecessors(Lcom/android/dx/ssa/SsaMethod;)V (44 bytes) @ 0x00007f1e013d22eb [0x00007f1e013d20c0+0x22b]
j  com.android.dx.ssa.SsaConverter.edgeSplit(Lcom/android/dx/ssa/SsaMethod;)V+1
j  com.android.dx.ssa.SsaConverter.convertToSsaMethod(Lcom/android/dx/rop/code/RopMethod;IZ)Lcom/android/dx/ssa/SsaMethod;+8
j  com.android.dx.ssa.Optimizer.optimizeMinimizeRegisters(Lcom/android/dx/rop/code/RopMethod;IZLjava/util/EnumSet;)Lcom/android/dx/rop/code/RopMethod;+3
j  com.android.dx.ssa.Optimizer.optimize(Lcom/android/dx/rop/code/RopMethod;IZZLcom/android/dx/rop/code/TranslationAdvice;Ljava/util/EnumSet;)Lcom/android/dx/rop/code/RopMethod;+59
j  com.android.dx.ssa.Optimizer.optimize(Lcom/android/dx/rop/code/RopMethod;IZZLcom/android/dx/rop/code/TranslationAdvice;)Lcom/android/dx/rop/code/RopMethod;+12
j  com.android.dx.dex.cf.CfTranslator.processMethods(Lcom/android/dx/cf/direct/DirectClassFile;Lcom/android/dx/dex/cf/CfOptions;Lcom/android/dx/dex/DexOptions;Lcom/android/dx/dex/file/ClassDefItem;Lcom/android/dx/dex/file/DexFile;)V+265
j  com.android.dx.dex.cf.CfTranslator.translate0(Lcom/android/dx/cf/direct/DirectClassFile;[BLcom/android/dx/dex/cf/CfOptions;Lcom/android/dx/dex/DexOptions;Lcom/android/dx/dex/file/DexFile;)Lcom/android/dx/dex/file/ClassDefItem;+120
j  com.android.dx.dex.cf.CfTranslator.translate(Lcom/android/dx/cf/direct/DirectClassFile;[BLcom/android/dx/dex/cf/CfOptions;Lcom/android/dx/dex/DexOptions;Lcom/android/dx/dex/file/DexFile;)Lcom/android/dx/dex/file/ClassDefItem;+6
j  com.android.dx.command.dexer.Main.translateClass([BLcom/android/dx/cf/direct/DirectClassFile;)Lcom/android/dx/dex/file/ClassDefItem;+17
j  com.android.dx.command.dexer.Main.access$2700([BLcom/android/dx/cf/direct/DirectClassFile;)Lcom/android/dx/dex/file/ClassDefItem;+2
j  com.android.dx.command.dexer.Main$ClassTranslatorTask.call()Lcom/android/dx/dex/file/ClassDefItem;+8
j  com.android.dx.command.dexer.Main$ClassTranslatorTask.call()Ljava/lang/Object;+1
j  java.util.concurrent.FutureTask.run()V+42
j  java.util.concurrent.ThreadPoolExecutor.runWorker(Ljava/util/concurrent/ThreadPoolExecutor$Worker;)V+95
j  java.util.concurrent.ThreadPoolExecutor$Worker.run()V+5
j  java.lang.Thread.run()V+11
v  ~StubRoutines::call_stub
V  [libjvm.so+0x68f6b6]  JavaCalls::call_helper(JavaValue*, methodHandle*, JavaCallArguments*, Thread*)+0x1056
V  [libjvm.so+0x68fbc1]  JavaCalls::call_virtual(JavaValue*, KlassHandle, Symbol*, Symbol*, JavaCallArguments*, Thread*)+0x321
V  [libjvm.so+0x690067]  JavaCalls::call_virtual(JavaValue*, Handle, KlassHandle, Symbol*, Symbol*, Thread*)+0x47
V  [libjvm.so+0x726fc0]  thread_entry(JavaThread*, Thread*)+0xa0
V  [libjvm.so+0xa7343f]  JavaThread::thread_main_inner()+0xdf
V  [libjvm.so+0xa7356c]  JavaThread::run()+0x11c
V  [libjvm.so+0x924698]  java_start(Thread*)+0x108
C  [libpthread.so.0+0x7e9a]  start_thread+0xda

Java frames: (J=compiled Java code, j=interpreted, Vv=VM code)
v  ~RuntimeStub::throw_class_cast_exception Runtime1 stub
J 1676 C1 com.android.dx.ssa.SsaConverter.edgeSplitPredecessors(Lcom/android/dx/ssa/SsaMethod;)V (44 bytes) @ 0x00007f1e013d22eb [0x00007f1e013d20c0+0x22b]
j  com.android.dx.ssa.SsaConverter.edgeSplit(Lcom/android/dx/ssa/SsaMethod;)V+1
j  com.android.dx.ssa.SsaConverter.convertToSsaMethod(Lcom/android/dx/rop/code/RopMethod;IZ)Lcom/android/dx/ssa/SsaMethod;+8
j  com.android.dx.ssa.Optimizer.optimizeMinimizeRegisters(Lcom/android/dx/rop/code/RopMethod;IZLjava/util/EnumSet;)Lcom/android/dx/rop/code/RopMethod;+3
j  com.android.dx.ssa.Optimizer.optimize(Lcom/android/dx/rop/code/RopMethod;IZZLcom/android/dx/rop/code/TranslationAdvice;Ljava/util/EnumSet;)Lcom/android/dx/rop/code/RopMethod;+59
j  com.android.dx.ssa.Optimizer.optimize(Lcom/android/dx/rop/code/RopMethod;IZZLcom/android/dx/rop/code/TranslationAdvice;)Lcom/android/dx/rop/code/RopMethod;+12
j  com.android.dx.dex.cf.CfTranslator.processMethods(Lcom/android/dx/cf/direct/DirectClassFile;Lcom/android/dx/dex/cf/CfOptions;Lcom/android/dx/dex/DexOptions;Lcom/android/dx/dex/file/ClassDefItem;Lcom/android/dx/dex/file/DexFile;)V+265
j  com.android.dx.dex.cf.CfTranslator.translate0(Lcom/android/dx/cf/direct/DirectClassFile;[BLcom/android/dx/dex/cf/CfOptions;Lcom/android/dx/dex/DexOptions;Lcom/android/dx/dex/file/DexFile;)Lcom/android/dx/dex/file/ClassDefItem;+120
j  com.android.dx.dex.cf.CfTranslator.translate(Lcom/android/dx/cf/direct/DirectClassFile;[BLcom/android/dx/dex/cf/CfOptions;Lcom/android/dx/dex/DexOptions;Lcom/android/dx/dex/file/DexFile;)Lcom/android/dx/dex/file/ClassDefItem;+6
j  com.android.dx.command.dexer.Main.translateClass([BLcom/android/dx/cf/direct/DirectClassFile;)Lcom/android/dx/dex/file/ClassDefItem;+17
j  com.android.dx.command.dexer.Main.access$2700([BLcom/android/dx/cf/direct/DirectClassFile;)Lcom/android/dx/dex/file/ClassDefItem;+2
j  com.android.dx.command.dexer.Main$ClassTranslatorTask.call()Lcom/android/dx/dex/file/ClassDefItem;+8
j  com.android.dx.command.dexer.Main$ClassTranslatorTask.call()Ljava/lang/Object;+1
j  java.util.concurrent.FutureTask.run()V+42
j  java.util.concurrent.ThreadPoolExecutor.runWorker(Ljava/util/concurrent/ThreadPoolExecutor$Worker;)V+95
j  java.util.concurrent.ThreadPoolExecutor$Worker.run()V+5
j  java.lang.Thread.run()V+11
v  ~StubRoutines::call_stub

---------------  P R O C E S S  ---------------

Java Threads: ( => current thread )
  0x00007f1e10188800 JavaThread "pool-1-thread-4" [_thread_in_Java, id=18530, stack(0x00007f1dfd80b000,0x00007f1dfd90c000)]
  0x00007f1e10185000 JavaThread "pool-1-thread-3" [_thread_in_Java, id=18529, stack(0x00007f1dfd90c000,0x00007f1dfda0d000)]
  0x00007f1e10183000 JavaThread "pool-1-thread-2" [_thread_in_Java, id=18528, stack(0x00007f1dfda0d000,0x00007f1dfdb0e000)]
  0x00007f1e1017f000 JavaThread "pool-2-thread-1" [_thread_blocked, id=18527, stack(0x00007f1dfdb0e000,0x00007f1dfdc0f000)]
=>0x00007f1e1017d000 JavaThread "pool-1-thread-1" [_thread_in_vm, id=18526, stack(0x00007f1dfdc0f000,0x00007f1dfdd10000)]
  0x00007f1e100ba000 JavaThread "Service Thread" daemon [_thread_blocked, id=18507, stack(0x00007f1dfde11000,0x00007f1dfdf12000)]
  0x00007f1e100b7800 JavaThread "C1 CompilerThread1" daemon [_thread_in_native, id=18506, stack(0x00007f1dfdf12000,0x00007f1dfe013000)]
  0x00007f1e100b4800 JavaThread "C2 CompilerThread0" daemon [_thread_in_native, id=18505, stack(0x00007f1dfe013000,0x00007f1dfe114000)]
  0x00007f1e100b3000 JavaThread "Signal Dispatcher" daemon [_thread_blocked, id=18504, stack(0x00007f1dfe114000,0x00007f1dfe215000)]
  0x00007f1e10080000 JavaThread "Finalizer" daemon [_thread_blocked, id=18502, stack(0x00007f1dfe8f9000,0x00007f1dfe9fa000)]
  0x00007f1e1007b800 JavaThread "Reference Handler" daemon [_thread_blocked, id=18501, stack(0x00007f1dfe9fa000,0x00007f1dfeafb000)]
  0x00007f1e1000a000 JavaThread "main" [_thread_in_Java, id=18496, stack(0x00007f1e18a0f000,0x00007f1e18b10000)]

Other Threads:
  0x00007f1e10073800 VMThread [stack: 0x00007f1dfeafb000,0x00007f1dfebfc000] [id=18499]
  0x00007f1e100bd800 WatcherThread [stack: 0x00007f1dfdd10000,0x00007f1dfde11000] [id=18508]

VM state:not at safepoint (normal execution)

VM Mutex/Monitor currently owned by a thread: None

Heap:
 PSYoungGen      total 50688K, used 37277K [0x00000000eab00000, 0x00000000f1f00000, 0x0000000100000000)
  eden space 49152K, 72% used [0x00000000eab00000,0x00000000ecdee068,0x00000000edb00000)
  from space 1536K, 98% used [0x00000000edb00000,0x00000000edc79780,0x00000000edc80000)
  to   space 10240K, 0% used [0x00000000f1500000,0x00000000f1500000,0x00000000f1f00000)
 ParOldGen       total 31744K, used 21554K [0x00000000c0000000, 0x00000000c1f00000, 0x00000000eab00000)
  object space 31744K, 67% used [0x00000000c0000000,0x00000000c150c998,0x00000000c1f00000)
 Metaspace       used 6021K, capacity 6936K, committed 7168K, reserved 1056768K
  class space    used 614K, capacity 656K, committed 768K, reserved 1048576K

Card table byte_map: [0x00007f1e155d4000,0x00007f1e157d5000] byte_map_base: 0x00007f1e14fd4000

Marking Bits: (ParMarkBitMap*) 0x00007f1e17eeb120
 Begin Bits: [0x00007f1dff000000, 0x00007f1e00000000)
 End Bits:   [0x00007f1e00000000, 0x00007f1e01000000)

Polling page: 0x00007f1e18b2c000

CodeCache: size=245760Kb used=4740Kb max_used=4740Kb free=241019Kb
 bounds [0x00007f1e01000000, 0x00007f1e014b0000, 0x00007f1e10000000]
 total_blobs=1407 nmethods=1141 adapters=182
 compilation: enabled

Compilation events (10 events):
Event: 17.732 Thread 0x00007f1e100b7800 nmethod 2059 0x00007f1e01494010 code [0x00007f1e01494180, 0x00007f1e01494328]
Event: 17.732 Thread 0x00007f1e100b7800 2024       2       com.android.dx.rop.code.Rops::opGetField (97 bytes)
Event: 17.734 Thread 0x00007f1e100b7800 nmethod 2024 0x00007f1e01493590 code [0x00007f1e01493780, 0x00007f1e01493cf8]
Event: 17.734 Thread 0x00007f1e100b7800 2065       1       com.android.dx.dex.code.Dop::hasResult (5 bytes)
Event: 17.734 Thread 0x00007f1e100b7800 nmethod 2065 0x00007f1e014932d0 code [0x00007f1e01493420, 0x00007f1e01493530]
Event: 17.734 Thread 0x00007f1e100b7800 1910       2       com.android.dx.rop.cst.CstInteger::make (47 bytes)
Event: 17.760 Thread 0x00007f1e100b7800 nmethod 1910 0x00007f1e01492d90 code [0x00007f1e01492f00, 0x00007f1e01493190]
Event: 17.760 Thread 0x00007f1e100b7800 2080 %     3       com.android.dx.ssa.Dominators::run @ 283 (506 bytes)
Event: 17.838 Thread 0x00007f1e100b7800 nmethod 2080% 0x00007f1e01495250 code [0x00007f1e01495840, 0x00007f1e014999d8]
Event: 17.838 Thread 0x00007f1e100b7800 2083 %     3       com.android.dx.ssa.SsaConverter::placePhiFunctions @ 264 (394 bytes)

GC Heap History (10 events):
Event: 3.892 GC heap before
{Heap before GC invocations=1 (full 0):
 PSYoungGen      total 13824K, used 12288K [0x00000000eab00000, 0x00000000eba00000, 0x0000000100000000)
  eden space 12288K, 100% used [0x00000000eab00000,0x00000000eb700000,0x00000000eb700000)
  from space 1536K, 0% used [0x00000000eb880000,0x00000000eb880000,0x00000000eba00000)
  to   space 1536K, 0% used [0x00000000eb700000,0x00000000eb700000,0x00000000eb880000)
 ParOldGen       total 31744K, used 0K [0x00000000c0000000, 0x00000000c1f00000, 0x00000000eab00000)
  object space 31744K, 0% used [0x00000000c0000000,0x00000000c0000000,0x00000000c1f00000)
 Metaspace       used 5423K, capacity 6448K, committed 6528K, reserved 1056768K
  class space    used 585K, capacity 616K, committed 640K, reserved 1048576K
Event: 3.962 GC heap after
Heap after GC invocations=1 (full 0):
 PSYoungGen      total 13824K, used 1520K [0x00000000eab00000, 0x00000000ec600000, 0x0000000100000000)
  eden space 12288K, 0% used [0x00000000eab00000,0x00000000eab00000,0x00000000eb700000)
  from space 1536K, 98% used [0x00000000eb700000,0x00000000eb87c048,0x00000000eb880000)
  to   space 1536K, 0% used [0x00000000ec480000,0x00000000ec480000,0x00000000ec600000)
 ParOldGen       total 31744K, used 1892K [0x00000000c0000000, 0x00000000c1f00000, 0x00000000eab00000)
  object space 31744K, 5% used [0x00000000c0000000,0x00000000c01d9308,0x00000000c1f00000)
 Metaspace       used 5423K, capacity 6448K, committed 6528K, reserved 1056768K
  class space    used 585K, capacity 616K, committed 640K, reserved 1048576K
}
Event: 6.579 GC heap before
{Heap before GC invocations=2 (full 0):
 PSYoungGen      total 13824K, used 13808K [0x00000000eab00000, 0x00000000ec600000, 0x0000000100000000)
  eden space 12288K, 100% used [0x00000000eab00000,0x00000000eb700000,0x00000000eb700000)
  from space 1536K, 98% used [0x00000000eb700000,0x00000000eb87c048,0x00000000eb880000)
  to   space 1536K, 0% used [0x00000000ec480000,0x00000000ec480000,0x00000000ec600000)
 ParOldGen       total 31744K, used 1892K [0x00000000c0000000, 0x00000000c1f00000, 0x00000000eab00000)
  object space 31744K, 5% used [0x00000000c0000000,0x00000000c01d9308,0x00000000c1f00000)
 Metaspace       used 5686K, capacity 6704K, committed 6784K, reserved 1056768K
  class space    used 586K, capacity 616K, committed 640K, reserved 1048576K
Event: 6.747 GC heap after
Heap after GC invocations=2 (full 0):
 PSYoungGen      total 26112K, used 1509K [0x00000000eab00000, 0x00000000ec600000, 0x0000000100000000)
  eden space 24576K, 0% used [0x00000000eab00000,0x00000000eab00000,0x00000000ec300000)
  from space 1536K, 98% used [0x00000000ec480000,0x00000000ec5f9568,0x00000000ec600000)
  to   space 1536K, 0% used [0x00000000ec300000,0x00000000ec300000,0x00000000ec480000)
 ParOldGen       total 31744K, used 4068K [0x00000000c0000000, 0x00000000c1f00000, 0x00000000eab00000)
  object space 31744K, 12% used [0x00000000c0000000,0x00000000c03f9040,0x00000000c1f00000)
 Metaspace       used 5686K, capacity 6704K, committed 6784K, reserved 1056768K
  class space    used 586K, capacity 616K, committed 640K, reserved 1048576K
}
Event: 9.191 GC heap before
{Heap before GC invocations=3 (full 0):
 PSYoungGen      total 26112K, used 26085K [0x00000000eab00000, 0x00000000ec600000, 0x0000000100000000)
  eden space 24576K, 100% used [0x00000000eab00000,0x00000000ec300000,0x00000000ec300000)
  from space 1536K, 98% used [0x00000000ec480000,0x00000000ec5f9568,0x00000000ec600000)
  to   space 1536K, 0% used [0x00000000ec300000,0x00000000ec300000,0x00000000ec480000)
 ParOldGen       total 31744K, used 4068K [0x00000000c0000000, 0x00000000c1f00000, 0x00000000eab00000)
  object space 31744K, 12% used [0x00000000c0000000,0x00000000c03f9040,0x00000000c1f00000)
 Metaspace       used 5770K, capacity 6768K, committed 7040K, reserved 1056768K
  class space    used 590K, capacity 616K, committed 640K, reserved 1048576K
Event: 9.483 GC heap after
Heap after GC invocations=3 (full 0):
 PSYoungGen      total 26112K, used 1526K [0x00000000eab00000, 0x00000000ede00000, 0x0000000100000000)
  eden space 24576K, 0% used [0x00000000eab00000,0x00000000eab00000,0x00000000ec300000)
  from space 1536K, 99% used [0x00000000ec300000,0x00000000ec47d8e0,0x00000000ec480000)
  to   space 1536K, 0% used [0x00000000edc80000,0x00000000edc80000,0x00000000ede00000)
 ParOldGen       total 31744K, used 9406K [0x00000000c0000000, 0x00000000c1f00000, 0x00000000eab00000)
  object space 31744K, 29% used [0x00000000c0000000,0x00000000c092fa10,0x00000000c1f00000)
 Metaspace       used 5770K, capacity 6768K, committed 7040K, reserved 1056768K
  class space    used 590K, capacity 616K, committed 640K, reserved 1048576K
}
Event: 11.396 GC heap before
{Heap before GC invocations=4 (full 0):
 PSYoungGen      total 26112K, used 26102K [0x00000000eab00000, 0x00000000ede00000, 0x0000000100000000)
  eden space 24576K, 100% used [0x00000000eab00000,0x00000000ec300000,0x00000000ec300000)
  from space 1536K, 99% used [0x00000000ec300000,0x00000000ec47d8e0,0x00000000ec480000)
  to   space 1536K, 0% used [0x00000000edc80000,0x00000000edc80000,0x00000000ede00000)
 ParOldGen       total 31744K, used 9406K [0x00000000c0000000, 0x00000000c1f00000, 0x00000000eab00000)
  object space 31744K, 29% used [0x00000000c0000000,0x00000000c092fa10,0x00000000c1f00000)
 Metaspace       used 5792K, capacity 6768K, committed 7040K, reserved 1056768K
  class space    used 590K, capacity 616K, committed 640K, reserved 1048576K
Event: 11.642 GC heap after
Heap after GC invocations=4 (full 0):
 PSYoungGen      total 50688K, used 1509K [0x00000000eab00000, 0x00000000ede00000, 0x0000000100000000)
  eden space 49152K, 0% used [0x00000000eab00000,0x00000000eab00000,0x00000000edb00000)
  from space 1536K, 98% used [0x00000000edc80000,0x00000000eddf9568,0x00000000ede00000)
  to   space 1536K, 0% used [0x00000000edb00000,0x00000000edb00000,0x00000000edc80000)
 ParOldGen       total 31744K, used 13868K [0x00000000c0000000, 0x00000000c1f00000, 0x00000000eab00000)
  object space 31744K, 43% used [0x00000000c0000000,0x00000000c0d8b0b8,0x00000000c1f00000)
 Metaspace       used 5792K, capacity 6768K, committed 7040K, reserved 1056768K
  class space    used 590K, capacity 616K, committed 640K, reserved 1048576K
}
Event: 15.791 GC heap before
{Heap before GC invocations=5 (full 0):
 PSYoungGen      total 50688K, used 50661K [0x00000000eab00000, 0x00000000ede00000, 0x0000000100000000)
  eden space 49152K, 100% used [0x00000000eab00000,0x00000000edb00000,0x00000000edb00000)
  from space 1536K, 98% used [0x00000000edc80000,0x00000000eddf9568,0x00000000ede00000)
  to   space 1536K, 0% used [0x00000000edb00000,0x00000000edb00000,0x00000000edc80000)
 ParOldGen       total 31744K, used 13868K [0x00000000c0000000, 0x00000000c1f00000, 0x00000000eab00000)
  object space 31744K, 43% used [0x00000000c0000000,0x00000000c0d8b0b8,0x00000000c1f00000)
 Metaspace       used 6005K, capacity 6936K, committed 7168K, reserved 1056768K
  class space    used 614K, capacity 656K, committed 768K, reserved 1048576K
Event: 16.295 GC heap after
Heap after GC invocations=5 (full 0):
 PSYoungGen      total 50688K, used 1509K [0x00000000eab00000, 0x00000000f1f00000, 0x0000000100000000)
  eden space 49152K, 0% used [0x00000000eab00000,0x00000000eab00000,0x00000000edb00000)
  from space 1536K, 98% used [0x00000000edb00000,0x00000000edc79780,0x00000000edc80000)
  to   space 10240K, 0% used [0x00000000f1500000,0x00000000f1500000,0x00000000f1f00000)
 ParOldGen       total 31744K, used 21554K [0x00000000c0000000, 0x00000000c1f00000, 0x00000000eab00000)
  object space 31744K, 67% used [0x00000000c0000000,0x00000000c150c998,0x00000000c1f00000)
 Metaspace       used 6005K, capacity 6936K, committed 7168K, reserved 1056768K
  class space    used 614K, capacity 656K, committed 768K, reserved 1048576K
}

Deoptimization events (10 events):
Event: 6.781 Thread 0x00007f1e10185000 Uncommon trap: reason=class_check action=maybe_recompile pc=0x00007f1e012617d0 method=com.android.dx.ssa.NormalSsaInsn.accept(Lcom/android/dx/ssa/SsaInsn$Visitor;)V @ 9
Event: 12.510 Thread 0x00007f1e1000a000 Uncommon trap: reason=unstable_if action=reinterpret pc=0x00007f1e01352db4 method=com.android.dx.rop.code.RegisterSpec.equals(ILcom/android/dx/rop/type/TypeBearer;Lcom/android/dx/rop/code/LocalItem;)Z @ 42
Event: 12.921 Thread 0x00007f1e10188800 Uncommon trap: reason=null_check action=make_not_entrant pc=0x00007f1e0131b5f0 method=com.android.dx.ssa.SsaRenamer.getLocalForNewReg(I)Lcom/android/dx/rop/code/LocalItem; @ 19
Event: 14.439 Thread 0x00007f1e10188800 Uncommon trap: reason=class_check action=maybe_recompile pc=0x00007f1e013a8294 method=com.android.dx.rop.type.Type.equals(Ljava/lang/Object;)Z @ 8
Event: 14.439 Thread 0x00007f1e10188800 Uncommon trap: reason=class_check action=maybe_recompile pc=0x00007f1e013a8294 method=com.android.dx.rop.type.Type.equals(Ljava/lang/Object;)Z @ 8
Event: 14.479 Thread 0x00007f1e10188800 Uncommon trap: reason=class_check action=maybe_recompile pc=0x00007f1e013a8294 method=com.android.dx.rop.type.Type.equals(Ljava/lang/Object;)Z @ 8
Event: 14.479 Thread 0x00007f1e10188800 Uncommon trap: reason=class_check action=maybe_recompile pc=0x00007f1e013a8294 method=com.android.dx.rop.type.Type.equals(Ljava/lang/Object;)Z @ 8
Event: 15.354 Thread 0x00007f1e1017d000 Uncommon trap: reason=unstable_if action=reinterpret pc=0x00007f1e0125aeec method=java.util.HashMap.getNode(ILjava/lang/Object;)Ljava/util/HashMap$Node; @ 84
Event: 16.533 Thread 0x00007f1e1000a000 Uncommon trap: reason=unstable_if action=reinterpret pc=0x00007f1e01437d6c method=java.util.HashMap.getNode(ILjava/lang/Object;)Ljava/util/HashMap$Node; @ 84
Event: 16.575 Thread 0x00007f1e1000a000 Uncommon trap: reason=unstable_if action=reinterpret pc=0x00007f1e01288a18 method=java.util.HashMap.getNode(ILjava/lang/Object;)Ljava/util/HashMap$Node; @ 84

Internal exceptions (6 events):
Event: 0.555 Thread 0x00007f1e1000a000 Exception <a 'java/lang/NoSuchMethodError': Method sun.misc.Unsafe.defineClass(Ljava/lang/String;[BII)Ljava/lang/Class; name or signature does not match> (0x00000000eab07cc0) thrown at [/HUDSON3/workspace/8-2-build-linux-amd64/jdk8u101/7261/hotspot/src/sh
Event: 0.556 Thread 0x00007f1e1000a000 Exception <a 'java/lang/NoSuchMethodError': Method sun.misc.Unsafe.prefetchRead(Ljava/lang/Object;J)V name or signature does not match> (0x00000000eab07fa8) thrown at [/HUDSON3/workspace/8-2-build-linux-amd64/jdk8u101/7261/hotspot/src/share/vm/prims/jni.c
Event: 12.921 Thread 0x00007f1e10188800 Implicit null exception at 0x00007f1e01318e43 to 0x00007f1e0131b5cd
Event: 15.157 Thread 0x00007f1e1017d000 Exception <a 'java/lang/ArrayIndexOutOfBoundsException': 18> (0x00000000ed18c538) thrown at [/HUDSON3/workspace/8-2-build-linux-amd64/jdk8u101/7261/hotspot/src/share/vm/interpreter/interpreterRuntime.cpp, line 366]
Event: 15.157 Thread 0x00007f1e1017d000 Exception <a 'java/lang/ArrayIndexOutOfBoundsException': 145> (0x00000000ed18e0b8) thrown at [/HUDSON3/workspace/8-2-build-linux-amd64/jdk8u101/7261/hotspot/src/share/vm/interpreter/interpreterRuntime.cpp, line 366]
Event: 15.205 Thread 0x00007f1e1017d000 Exception <a 'java/lang/ArrayIndexOutOfBoundsException': 40> (0x00000000ed18f3a0) thrown at [/HUDSON3/workspace/8-2-build-linux-amd64/jdk8u101/7261/hotspot/src/share/vm/interpreter/interpreterRuntime.cpp, line 366]

Events (10 events):
Event: 17.679 Thread 0x00007f1e10185000 DEOPT PACKING pc=0x00007f1e0128f182 sp=0x00007f1dfda0ab90
Event: 17.679 Thread 0x00007f1e10185000 DEOPT UNPACKING pc=0x00007f1e01046f73 sp=0x00007f1dfda0a918 mode 0
Event: 17.766 Thread 0x00007f1e10185000 DEOPT PACKING pc=0x00007f1e01202af4 sp=0x00007f1dfda0ae70
Event: 17.766 Thread 0x00007f1e10185000 DEOPT UNPACKING pc=0x00007f1e01046f73 sp=0x00007f1dfda0abb8 mode 0
Event: 17.847 Thread 0x00007f1e10188800 DEOPT PACKING pc=0x00007f1e0121da79 sp=0x00007f1dfd909f80
Event: 17.847 Thread 0x00007f1e10188800 DEOPT UNPACKING pc=0x00007f1e01046f73 sp=0x00007f1dfd909cd0 mode 0
Event: 17.848 Thread 0x00007f1e1017d000 DEOPT PACKING pc=0x00007f1e013c1136 sp=0x00007f1dfdd0e0f0
Event: 17.848 Thread 0x00007f1e1017d000 DEOPT UNPACKING pc=0x00007f1e01046f73 sp=0x00007f1dfdd0de78 mode 0
Event: 17.859 Thread 0x00007f1e1017d000 DEOPT PACKING pc=0x00007f1e01202af4 sp=0x00007f1dfdd0e060
Event: 17.859 Thread 0x00007f1e1017d000 DEOPT UNPACKING pc=0x00007f1e01046f73 sp=0x00007f1dfdd0dda8 mode 0


Dynamic libraries:
00400000-00401000 r-xp 00000000 08:01 3279757                            /usr/lib/jvm/java-8-oracle/bin/java
00600000-00601000 rw-p 00000000 08:01 3279757                            /usr/lib/jvm/java-8-oracle/bin/java
01786000-017c8000 rw-p 00000000 00:00 0                                  [heap]
c0000000-c1f00000 rw-p 00000000 00:00 0 
c1f00000-eab00000 ---p 00000000 00:00 0 
eab00000-f1f00000 rw-p 00000000 00:00 0 
f1f00000-100000000 ---p 00000000 00:00 0 
100000000-1000c0000 rw-p 00000000 00:00 0 
1000c0000-140000000 ---p 00000000 00:00 0 
7f1dc0000000-7f1dc0021000 rw-p 00000000 00:00 0 
7f1dc0021000-7f1dc4000000 ---p 00000000 00:00 0 
7f1dc8000000-7f1dc8021000 rw-p 00000000 00:00 0 
7f1dc8021000-7f1dcc000000 ---p 00000000 00:00 0 
7f1dcc000000-7f1dcc023000 rw-p 00000000 00:00 0 
7f1dcc023000-7f1dd0000000 ---p 00000000 00:00 0 
7f1dd0000000-7f1dd0021000 rw-p 00000000 00:00 0 
7f1dd0021000-7f1dd4000000 ---p 00000000 00:00 0 
7f1dd4000000-7f1dd42c1000 rw-p 00000000 00:00 0 
7f1dd42c1000-7f1dd8000000 ---p 00000000 00:00 0 
7f1dd8000000-7f1dd8592000 rw-p 00000000 00:00 0 
7f1dd8592000-7f1ddc000000 ---p 00000000 00:00 0 
7f1ddc000000-7f1ddc021000 rw-p 00000000 00:00 0 
7f1ddc021000-7f1de0000000 ---p 00000000 00:00 0 
7f1de0000000-7f1de0021000 rw-p 00000000 00:00 0 
7f1de0021000-7f1de4000000 ---p 00000000 00:00 0 
7f1de4000000-7f1de44b5000 rw-p 00000000 00:00 0 
7f1de44b5000-7f1de8000000 ---p 00000000 00:00 0 
7f1de8000000-7f1de8021000 rw-p 00000000 00:00 0 
7f1de8021000-7f1dec000000 ---p 00000000 00:00 0 
7f1dec000000-7f1dec021000 rw-p 00000000 00:00 0 
7f1dec021000-7f1df0000000 ---p 00000000 00:00 0 
7f1df0000000-7f1df0021000 rw-p 00000000 00:00 0 
7f1df0021000-7f1df4000000 ---p 00000000 00:00 0 
7f1df4000000-7f1df4021000 rw-p 00000000 00:00 0 
7f1df4021000-7f1df8000000 ---p 00000000 00:00 0 
7f1df8000000-7f1df8021000 rw-p 00000000 00:00 0 
7f1df8021000-7f1dfc000000 ---p 00000000 00:00 0 
7f1dfd80b000-7f1dfd80e000 ---p 00000000 00:00 0 
7f1dfd80e000-7f1dfd90c000 rw-p 00000000 00:00 0                          [stack:18530]
7f1dfd90c000-7f1dfd90f000 ---p 00000000 00:00 0 
7f1dfd90f000-7f1dfda0d000 rw-p 00000000 00:00 0                          [stack:18529]
7f1dfda0d000-7f1dfda10000 ---p 00000000 00:00 0 
7f1dfda10000-7f1dfdb0e000 rw-p 00000000 00:00 0                          [stack:18528]
7f1dfdb0e000-7f1dfdb11000 ---p 00000000 00:00 0 
7f1dfdb11000-7f1dfdc0f000 rw-p 00000000 00:00 0                          [stack:18527]
7f1dfdc0f000-7f1dfdc12000 ---p 00000000 00:00 0 
7f1dfdc12000-7f1dfdd10000 rw-p 00000000 00:00 0                          [stack:18526]
7f1dfdd10000-7f1dfdd11000 ---p 00000000 00:00 0 
7f1dfdd11000-7f1dfde11000 rw-p 00000000 00:00 0                          [stack:18508]
7f1dfde11000-7f1dfde14000 ---p 00000000 00:00 0 
7f1dfde14000-7f1dfdf12000 rw-p 00000000 00:00 0                          [stack:18507]
7f1dfdf12000-7f1dfdf15000 ---p 00000000 00:00 0 
7f1dfdf15000-7f1dfe013000 rw-p 00000000 00:00 0                          [stack:18506]
7f1dfe013000-7f1dfe016000 ---p 00000000 00:00 0 
7f1dfe016000-7f1dfe114000 rw-p 00000000 00:00 0                          [stack:18505]
7f1dfe114000-7f1dfe117000 ---p 00000000 00:00 0 
7f1dfe117000-7f1dfe215000 rw-p 00000000 00:00 0                          [stack:18504]
7f1dfe215000-7f1dfe8f9000 r--p 00000000 08:01 13113697                   /usr/lib/locale/locale-archive
7f1dfe8f9000-7f1dfe8fc000 ---p 00000000 00:00 0 
7f1dfe8fc000-7f1dfe9fa000 rw-p 00000000 00:00 0                          [stack:18502]
7f1dfe9fa000-7f1dfe9fd000 ---p 00000000 00:00 0 
7f1dfe9fd000-7f1dfeafb000 rw-p 00000000 00:00 0                          [stack:18501]
7f1dfeafb000-7f1dfeafc000 ---p 00000000 00:00 0 
7f1dfeafc000-7f1e01000000 rw-p 00000000 00:00 0                          [stack:18499]
7f1e01000000-7f1e014b0000 rwxp 00000000 00:00 0 
7f1e014b0000-7f1e10000000 ---p 00000000 00:00 0 
7f1e10000000-7f1e1038f000 rw-p 00000000 00:00 0 
7f1e1038f000-7f1e14000000 ---p 00000000 00:00 0 
7f1e140b7000-7f1e1462d000 rw-p 00000000 00:00 0 
7f1e1462d000-7f1e14806000 r--s 03d29000 08:01 13118676                   /usr/lib/jvm/java-8-oracle/jre/lib/rt.jar
7f1e14806000-7f1e14ebc000 rw-p 00000000 00:00 0 
7f1e14ebc000-7f1e1507c000 ---p 00000000 00:00 0 
7f1e1507c000-7f1e1527c000 rw-p 00000000 00:00 0 
7f1e1527c000-7f1e1527d000 ---p 00000000 00:00 0 
7f1e1527d000-7f1e1537d000 rw-p 00000000 00:00 0                          [stack:18498]
7f1e1537d000-7f1e1537e000 ---p 00000000 00:00 0 
7f1e1537e000-7f1e1548e000 rw-p 00000000 00:00 0                          [stack:18497]
7f1e1548e000-7f1e155d4000 ---p 00000000 00:00 0 
7f1e155d4000-7f1e155e4000 rw-p 00000000 00:00 0 
7f1e155e4000-7f1e15729000 ---p 00000000 00:00 0 
7f1e15729000-7f1e15764000 rw-p 00000000 00:00 0 
7f1e15764000-7f1e157d4000 ---p 00000000 00:00 0 
7f1e157d4000-7f1e157e8000 rw-p 00000000 00:00 0 
7f1e157e8000-7f1e15b95000 ---p 00000000 00:00 0 
7f1e15b95000-7f1e15baf000 r-xp 00000000 08:01 13766358                   /usr/lib/jvm/java-8-oracle/jre/lib/amd64/libzip.so
7f1e15baf000-7f1e15daf000 ---p 0001a000 08:01 13766358                   /usr/lib/jvm/java-8-oracle/jre/lib/amd64/libzip.so
7f1e15daf000-7f1e15db0000 rw-p 0001a000 08:01 13766358                   /usr/lib/jvm/java-8-oracle/jre/lib/amd64/libzip.so
7f1e15db0000-7f1e15dbb000 r-xp 00000000 08:01 2621673                    /lib/x86_64-linux-gnu/libnss_files-2.15.so
7f1e15dbb000-7f1e15fba000 ---p 0000b000 08:01 2621673                    /lib/x86_64-linux-gnu/libnss_files-2.15.so
7f1e15fba000-7f1e15fbb000 r--p 0000a000 08:01 2621673                    /lib/x86_64-linux-gnu/libnss_files-2.15.so
7f1e15fbb000-7f1e15fbc000 rw-p 0000b000 08:01 2621673                    /lib/x86_64-linux-gnu/libnss_files-2.15.so
7f1e15fbc000-7f1e15fc6000 r-xp 00000000 08:01 2621658                    /lib/x86_64-linux-gnu/libnss_nis-2.15.so
7f1e15fc6000-7f1e161c6000 ---p 0000a000 08:01 2621658                    /lib/x86_64-linux-gnu/libnss_nis-2.15.so
7f1e161c6000-7f1e161c7000 r--p 0000a000 08:01 2621658                    /lib/x86_64-linux-gnu/libnss_nis-2.15.so
7f1e161c7000-7f1e161c8000 rw-p 0000b000 08:01 2621658                    /lib/x86_64-linux-gnu/libnss_nis-2.15.so
7f1e161c8000-7f1e161df000 r-xp 00000000 08:01 2621667                    /lib/x86_64-linux-gnu/libnsl-2.15.so
7f1e161df000-7f1e163de000 ---p 00017000 08:01 2621667                    /lib/x86_64-linux-gnu/libnsl-2.15.so
7f1e163de000-7f1e163df000 r--p 00016000 08:01 2621667                    /lib/x86_64-linux-gnu/libnsl-2.15.so
7f1e163df000-7f1e163e0000 rw-p 00017000 08:01 2621667                    /lib/x86_64-linux-gnu/libnsl-2.15.so
7f1e163e0000-7f1e163e2000 rw-p 00000000 00:00 0 
7f1e163e2000-7f1e163ea000 r-xp 00000000 08:01 2621672                    /lib/x86_64-linux-gnu/libnss_compat-2.15.so
7f1e163ea000-7f1e165e9000 ---p 00008000 08:01 2621672                    /lib/x86_64-linux-gnu/libnss_compat-2.15.so
7f1e165e9000-7f1e165ea000 r--p 00007000 08:01 2621672                    /lib/x86_64-linux-gnu/libnss_compat-2.15.so
7f1e165ea000-7f1e165eb000 rw-p 00008000 08:01 2621672                    /lib/x86_64-linux-gnu/libnss_compat-2.15.so
7f1e165eb000-7f1e16615000 r-xp 00000000 08:01 13766323                   /usr/lib/jvm/java-8-oracle/jre/lib/amd64/libjava.so
7f1e16615000-7f1e16815000 ---p 0002a000 08:01 13766323                   /usr/lib/jvm/java-8-oracle/jre/lib/amd64/libjava.so
7f1e16815000-7f1e16817000 rw-p 0002a000 08:01 13766323                   /usr/lib/jvm/java-8-oracle/jre/lib/amd64/libjava.so
7f1e16817000-7f1e16824000 r-xp 00000000 08:01 13766361                   /usr/lib/jvm/java-8-oracle/jre/lib/amd64/libverify.so
7f1e16824000-7f1e16a24000 ---p 0000d000 08:01 13766361                   /usr/lib/jvm/java-8-oracle/jre/lib/amd64/libverify.so
7f1e16a24000-7f1e16a26000 rw-p 0000d000 08:01 13766361                   /usr/lib/jvm/java-8-oracle/jre/lib/amd64/libverify.so
7f1e16a26000-7f1e16a2d000 r-xp 00000000 08:01 2621660                    /lib/x86_64-linux-gnu/librt-2.15.so
7f1e16a2d000-7f1e16c2c000 ---p 00007000 08:01 2621660                    /lib/x86_64-linux-gnu/librt-2.15.so
7f1e16c2c000-7f1e16c2d000 r--p 00006000 08:01 2621660                    /lib/x86_64-linux-gnu/librt-2.15.so
7f1e16c2d000-7f1e16c2e000 rw-p 00007000 08:01 2621660                    /lib/x86_64-linux-gnu/librt-2.15.so
7f1e16c2e000-7f1e16d29000 r-xp 00000000 08:01 2621674                    /lib/x86_64-linux-gnu/libm-2.15.so
7f1e16d29000-7f1e16f28000 ---p 000fb000 08:01 2621674                    /lib/x86_64-linux-gnu/libm-2.15.so
7f1e16f28000-7f1e16f29000 r--p 000fa000 08:01 2621674                    /lib/x86_64-linux-gnu/libm-2.15.so
7f1e16f29000-7f1e16f2a000 rw-p 000fb000 08:01 2621674                    /lib/x86_64-linux-gnu/libm-2.15.so
7f1e16f2a000-7f1e17bf5000 r-xp 00000000 08:01 13894575                   /usr/lib/jvm/java-8-oracle/jre/lib/amd64/server/libjvm.so
7f1e17bf5000-7f1e17df4000 ---p 00ccb000 08:01 13894575                   /usr/lib/jvm/java-8-oracle/jre/lib/amd64/server/libjvm.so
7f1e17df4000-7f1e17ecd000 rw-p 00cca000 08:01 13894575                   /usr/lib/jvm/java-8-oracle/jre/lib/amd64/server/libjvm.so
7f1e17ecd000-7f1e17f18000 rw-p 00000000 00:00 0 
7f1e17f18000-7f1e180cc000 r-xp 00000000 08:01 2621665                    /lib/x86_64-linux-gnu/libc-2.15.so
7f1e180cc000-7f1e182cb000 ---p 001b4000 08:01 2621665                    /lib/x86_64-linux-gnu/libc-2.15.so
7f1e182cb000-7f1e182cf000 r--p 001b3000 08:01 2621665                    /lib/x86_64-linux-gnu/libc-2.15.so
7f1e182cf000-7f1e182d1000 rw-p 001b7000 08:01 2621665                    /lib/x86_64-linux-gnu/libc-2.15.so
7f1e182d1000-7f1e182d6000 rw-p 00000000 00:00 0 
7f1e182d6000-7f1e182d8000 r-xp 00000000 08:01 2621657                    /lib/x86_64-linux-gnu/libdl-2.15.so
7f1e182d8000-7f1e184d8000 ---p 00002000 08:01 2621657                    /lib/x86_64-linux-gnu/libdl-2.15.so
7f1e184d8000-7f1e184d9000 r--p 00002000 08:01 2621657                    /lib/x86_64-linux-gnu/libdl-2.15.so
7f1e184d9000-7f1e184da000 rw-p 00003000 08:01 2621657                    /lib/x86_64-linux-gnu/libdl-2.15.so
7f1e184da000-7f1e184ef000 r-xp 00000000 08:01 2627921                    /usr/lib/jvm/java-8-oracle/lib/amd64/jli/libjli.so
7f1e184ef000-7f1e186ef000 ---p 00015000 08:01 2627921                    /usr/lib/jvm/java-8-oracle/lib/amd64/jli/libjli.so
7f1e186ef000-7f1e186f0000 rw-p 00015000 08:01 2627921                    /usr/lib/jvm/java-8-oracle/lib/amd64/jli/libjli.so
7f1e186f0000-7f1e18708000 r-xp 00000000 08:01 2621668                    /lib/x86_64-linux-gnu/libpthread-2.15.so
7f1e18708000-7f1e18907000 ---p 00018000 08:01 2621668                    /lib/x86_64-linux-gnu/libpthread-2.15.so
7f1e18907000-7f1e18908000 r--p 00017000 08:01 2621668                    /lib/x86_64-linux-gnu/libpthread-2.15.so
7f1e18908000-7f1e18909000 rw-p 00018000 08:01 2621668                    /lib/x86_64-linux-gnu/libpthread-2.15.so
7f1e18909000-7f1e1890d000 rw-p 00000000 00:00 0 
7f1e1890d000-7f1e1892f000 r-xp 00000000 08:01 2621671                    /lib/x86_64-linux-gnu/ld-2.15.so
7f1e1892f000-7f1e18930000 rw-p 00000000 00:00 0 
7f1e18930000-7f1e18936000 r--s 00048000 08:01 10627330                   /home/lin/other/AndroidProjects/Radio/app/build/intermediates/exploded-aar/com.code-troopers.betterpickers/library/3.0.0/jars/classes.jar
7f1e18936000-7f1e18a0f000 rw-p 00000000 00:00 0 
7f1e18a0f000-7f1e18a12000 ---p 00000000 00:00 0 
7f1e18a12000-7f1e18b14000 rw-p 00000000 00:00 0                          [stack:18496]
7f1e18b14000-7f1e18b23000 r--s 000df000 08:01 9309217                    /home/lin/Android/Sdk/build-tools/23.0.3/lib/dx.jar
7f1e18b23000-7f1e18b2b000 rw-s 00000000 08:01 4850481                    /tmp/hsperfdata_root/18491
7f1e18b2b000-7f1e18b2c000 rw-p 00000000 00:00 0 
7f1e18b2c000-7f1e18b2d000 r--p 00000000 00:00 0 
7f1e18b2d000-7f1e18b2f000 rw-p 00000000 00:00 0 
7f1e18b2f000-7f1e18b30000 r--p 00022000 08:01 2621671                    /lib/x86_64-linux-gnu/ld-2.15.so
7f1e18b30000-7f1e18b32000 rw-p 00023000 08:01 2621671                    /lib/x86_64-linux-gnu/ld-2.15.so
7ffd62e99000-7ffd62eba000 rw-p 00000000 00:00 0                          [stack]
7ffd62fbc000-7ffd62fbe000 r-xp 00000000 00:00 0                          [vdso]
ffffffffff600000-ffffffffff601000 r-xp 00000000 00:00 0                  [vsyscall]

VM Arguments:
jvm_args: -Djava.awt.headless=true -Xmx1024M -Dfile.encoding=UTF-8 -Duser.country=US -Duser.language=en -Duser.variant 
java_command: com.android.dx.command.Main --dex --force-jumbo --num-threads=4 --output /home/lin/other/AndroidProjects/Radio/app/build/intermediates/pre-dexed/debug/com.code-troopers.betterpickers-library-3.0.0_de1491c5a7e4b879dd6a810e4d1a9e50ccac2e9a.jar /home/lin/other/AndroidProjects/Radio/app/build/intermediates/exploded-aar/com.code-troopers.betterpickers/library/3.0.0/jars/classes.jar
java_class_path (initial): /home/lin/Android/Sdk/build-tools/23.0.3/lib/dx.jar
Launcher Type: SUN_STANDARD

Environment Variables:
PATH=/usr/local/sbin:/usr/local/bin:/usr/sbin:/usr/bin:/sbin:/bin
USERNAME=root
LD_LIBRARY_PATH=/opt/android-studio/bin:
SHELL=/bin/bash
DISPLAY=:0.0

Signal Handlers:
SIGSEGV: [libjvm.so+0xac4790], sa_mask[0]=11111111011111111101111111111110, sa_flags=SA_RESTART|SA_SIGINFO
SIGBUS: [libjvm.so+0xac4790], sa_mask[0]=11111111011111111101111111111110, sa_flags=SA_RESTART|SA_SIGINFO
SIGFPE: [libjvm.so+0x91f140], sa_mask[0]=11111111011111111101111111111110, sa_flags=SA_RESTART|SA_SIGINFO
SIGPIPE: [libjvm.so+0x91f140], sa_mask[0]=11111111011111111101111111111110, sa_flags=SA_RESTART|SA_SIGINFO
SIGXFSZ: [libjvm.so+0x91f140], sa_mask[0]=11111111011111111101111111111110, sa_flags=SA_RESTART|SA_SIGINFO
SIGILL: [libjvm.so+0x91f140], sa_mask[0]=11111111011111111101111111111110, sa_flags=SA_RESTART|SA_SIGINFO
SIGUSR1: SIG_DFL, sa_mask[0]=00000000000000000000000000000000, sa_flags=none
SIGUSR2: [libjvm.so+0x920770], sa_mask[0]=00100000000000000000000000000000, sa_flags=SA_RESTART|SA_SIGINFO
SIGHUP: [libjvm.so+0x921b70], sa_mask[0]=11111111011111111101111111111110, sa_flags=SA_RESTART|SA_SIGINFO
SIGINT: [libjvm.so+0x921b70], sa_mask[0]=11111111011111111101111111111110, sa_flags=SA_RESTART|SA_SIGINFO
SIGTERM: [libjvm.so+0x921b70], sa_mask[0]=11111111011111111101111111111110, sa_flags=SA_RESTART|SA_SIGINFO
SIGQUIT: [libjvm.so+0x921b70], sa_mask[0]=11111111011111111101111111111110, sa_flags=SA_RESTART|SA_SIGINFO


---------------  S Y S T E M  ---------------

OS:DISTRIB_ID=Ubuntu
DISTRIB_RELEASE=12.04
DISTRIB_CODENAME=precise
DISTRIB_DESCRIPTION="Ubuntu 12.04.5 LTS"

uname:Linux 3.13.0-93-generic #140~precise1-Ubuntu SMP Tue Jul 19 19:55:11 UTC 2016 x86_64
libc:glibc 2.15 NPTL 2.15 
rlimit: STACK 8192k, CORE 0k, NPROC 22873, NOFILE 4096, AS infinity
load average:10.72 8.24 5.24

/proc/meminfo:
MemTotal:        2948840 kB
MemFree:          105016 kB
Buffers:           13932 kB
Cached:           351124 kB
SwapCached:        40880 kB
Active:          2084392 kB
Inactive:         598204 kB
Active(anon):    1965276 kB
Inactive(anon):   509672 kB
Active(file):     119116 kB
Inactive(file):    88532 kB
Unevictable:           0 kB
Mlocked:               0 kB
SwapTotal:       3008508 kB
SwapFree:        2758160 kB
Dirty:               416 kB
Writeback:             0 kB
AnonPages:       2306624 kB
Mapped:            96532 kB
Shmem:            157212 kB
Slab:              70856 kB
SReclaimable:      42744 kB
SUnreclaim:        28112 kB
KernelStack:        4688 kB
PageTables:        35412 kB
NFS_Unstable:          0 kB
Bounce:                0 kB
WritebackTmp:          0 kB
CommitLimit:     4482928 kB
Committed_AS:    5645928 kB
VmallocTotal:   34359738367 kB
VmallocUsed:      346432 kB
VmallocChunk:   34359383644 kB
HardwareCorrupted:     0 kB
AnonHugePages:   1001472 kB
HugePages_Total:       0
HugePages_Free:        0
HugePages_Rsvd:        0
HugePages_Surp:        0
Hugepagesize:       2048 kB
DirectMap4k:       65924 kB
DirectMap2M:     2945024 kB


CPU:total 2 (2 cores per cpu, 1 threads per core) family 6 model 15 stepping 13, cmov, cx8, fxsr, mmx, sse, sse2, sse3, ssse3, tsc

/proc/cpuinfo:
processor	: 0
vendor_id	: GenuineIntel
cpu family	: 6
model		: 15
model name	: Genuine Intel(R) CPU           T1600  @ 1.66GHz
stepping	: 13
microcode	: 0xa3
cpu MHz		: 1662.521
cache size	: 1024 KB
physical id	: 0
siblings	: 2
core id		: 0
cpu cores	: 2
apicid		: 0
initial apicid	: 0
fpu		: yes
fpu_exception	: yes
cpuid level	: 10
wp		: yes
flags		: fpu vme de pse tsc msr pae mce cx8 apic sep mtrr pge mca cmov pat pse36 clflush dts acpi mmx fxsr sse sse2 ss ht tm pbe syscall nx lm constant_tsc arch_perfmon pebs bts rep_good nopl aperfmperf pni dtes64 monitor ds_cpl tm2 ssse3 cx16 xtpr pdcm lahf_lm dtherm
bogomips	: 3325.04
clflush size	: 64
cache_alignment	: 64
address sizes	: 36 bits physical, 48 bits virtual
power management:

processor	: 1
vendor_id	: GenuineIntel
cpu family	: 6
model		: 15
model name	: Genuine Intel(R) CPU           T1600  @ 1.66GHz
stepping	: 13
microcode	: 0xa3
cpu MHz		: 1662.521
cache size	: 1024 KB
physical id	: 0
siblings	: 2
core id		: 1
cpu cores	: 2
apicid		: 1
initial apicid	: 1
fpu		: yes
fpu_exception	: yes
cpuid level	: 10
wp		: yes
flags		: fpu vme de pse tsc msr pae mce cx8 apic sep mtrr pge mca cmov pat pse36 clflush dts acpi mmx fxsr sse sse2 ss ht tm pbe syscall nx lm constant_tsc arch_perfmon pebs bts rep_good nopl aperfmperf pni dtes64 monitor ds_cpl tm2 ssse3 cx16 xtpr pdcm lahf_lm dtherm
bogomips	: 3325.04
clflush size	: 64
cache_alignment	: 64
address sizes	: 36 bits physical, 48 bits virtual
power management:



Memory: 4k page, physical 2948840k(105016k free), swap 3008508k(2758160k free)

vm_info: Java HotSpot(TM) 64-Bit Server VM (25.101-b13) for linux-amd64 JRE (1.8.0_101-b13), built on Jun 22 2016 02:59:44 by "java_re" with gcc 4.3.0 20080428 (Red Hat 4.3.0-8)

time: Mon Aug 29 23:27:56 2016
elapsed time: 17 seconds (0d 0h 0m 17s)

