#
# A fatal error has been detected by the Java Runtime Environment:
#
#  SIGSEGV (0xb) at pc=0x00007f14d38205d0, pid=11256, tid=0x00007f14ba618700
#
# JRE version: Java(TM) SE Runtime Environment (8.0_101-b13) (build 1.8.0_101-b13)
# Java VM: Java HotSpot(TM) 64-Bit Server VM (25.101-b13 mixed mode linux-amd64 compressed oops)
# Problematic frame:
# V  [libjvm.so+0x4385d0]  ciObjectFactory::create_new_metadata(Metadata*)+0x320
#
# Failed to write core dump. Core dumps have been disabled. To enable core dumping, try "ulimit -c unlimited" before starting Java again
#
# If you would like to submit a bug report, please visit:
#   http://bugreport.java.com/bugreport/crash.jsp
#

---------------  T H R E A D  ---------------

Current thread (0x00007f14cc0b4800):  JavaThread "C2 CompilerThread0" daemon [_thread_in_vm, id=11278, stack(0x00007f14ba518000,0x00007f14ba619000)]

siginfo: si_signo: 11 (SIGSEGV), si_code: 1 (SEGV_MAPERR), si_addr: 0x0000000000000028

Registers:
RAX=0x0000000000000001, RBX=0x0000000000000000, RCX=0x00007f14d4dc62c0, RDX=0x00007f14ba618a20
RSP=0x00007f14ba615cc0, RBP=0x00007f14ba615d30, RSI=0x0000000000000001, RDI=0x0000000000000010
R8 =0x0000000000000070, R9 =0x00007f14d43c1e80, R10=0x0000000000000002, R11=0x00007f14d4558550
R12=0x0000000000000028, R13=0x00007f1494009610, R14=0x00007f14cc0b4800, R15=0x00007f1494009610
RIP=0x00007f14d38205d0, EFLAGS=0x0000000000010202, CSGSFS=0x0000000000000033, ERR=0x0000000000000004
  TRAPNO=0x000000000000000e

Top of Stack: (sp=0x00007f14ba615cc0)
0x00007f14ba615cc0:   00007f14a01bbb80 00007f14cc0b5010
0x00007f14ba615cd0:   0000000000007fe8 0000000000000000
0x00007f14ba615ce0:   00007f14946f9440 0000000000000010
0x00007f14ba615cf0:   00007f14ba615d50 00007f14d36c80bb
0x00007f14ba615d00:   00007f14cc0b5570 0000000000000000
0x00007f14ba615d10:   0000000000000028 00007f1494009610
0x00007f14ba615d20:   0000000000000071 00007f14cc0a7a10
0x00007f14ba615d30:   00007f14ba615d70 00007f14d3820a05
0x00007f14ba615d40:   0000000000007fd8 0000000000000003
0x00007f14ba615d50:   0000000000000028 0000000000000003
0x00007f14ba615d60:   0000000000000001 00007f14b0002d90
0x00007f14ba615d70:   00007f14ba615db0 00007f14d381b5ae
0x00007f14ba615d80:   00007f14b0002d80 00007f14b0002d80
0x00007f14ba615d90:   0000000000000860 00007f14b0002d90
0x00007f14ba615da0:   00007f14946f9440 00007f14d12f25b0
0x00007f14ba615db0:   00007f14ba615e20 00007f14d381aa3f
0x00007f14ba615dc0:   00007f14d12f26b0 00007f14cc0b5050
0x00007f14ba615dd0:   00007f14cc0b5100 00007f14cc0b5438
0x00007f14ba615de0:   00007f14cc0b5010 00000000000003d8
0x00007f14ba615df0:   0000000000000002 00007f14d12f25b0
0x00007f14ba615e00:   00007f14ba615e80 00007f14946f9300
0x00007f14ba615e10:   00007f14cc0b4800 00007f14d436e640
0x00007f14ba615e20:   00007f14ba615e70 00007f14d380d087
0x00007f14ba615e30:   00007f14d3efbb4a 0000000000000000
0x00007f14ba615e40:   00007f14ba615e90 00007f14d12485f0
0x00007f14ba615e50:   00007f14946f9300 00007f14d436e640
0x00007f14ba615e60:   00007f14ba615ec0 0000000000000000
0x00007f14ba615e70:   00007f14ba615ef0 00007f14d380e2d7
0x00007f14ba615e80:   00007f14d12485f0 00007f14cc0b4800
0x00007f14ba615e90:   00007f14ba615ef0 00007f14d381321e
0x00007f14ba615ea0:   00007f14d12485f0 00007f14cc0b4800
0x00007f14ba615eb0:   00007f14cc0b4800 00007f14d12485f0 

Instructions: (pc=0x00007f14d38205d0)
0x00007f14d38205b0:   89 04 32 41 8b 00 48 83 c6 08 39 c7 7c e2 44 8d
0x00007f14d38205c0:   48 ff 45 89 08 e9 7b fd ff ff 66 0f 1f 44 00 00
0x00007f14d38205d0:   49 8b 04 24 4c 89 e7 ff 50 08 84 c0 0f 84 05 fd
0x00007f14d38205e0:   ff ff 41 8b 44 24 08 85 c0 0f 8e f8 fc ff ff 41 

Register to memory mapping:

RAX=0x0000000000000001 is an unknown value
RBX=0x0000000000000000 is an unknown value
RCX=0x00007f14d4dc62c0: <offset 0x2182c0> in /lib/x86_64-linux-gnu/libpthread.so.0 at 0x00007f14d4bae000
RDX=0x00007f14ba618a20 is pointing into the stack for thread: 0x00007f14cc0b4800
RSP=0x00007f14ba615cc0 is pointing into the stack for thread: 0x00007f14cc0b4800
RBP=0x00007f14ba615d30 is pointing into the stack for thread: 0x00007f14cc0b4800
RSI=0x0000000000000001 is an unknown value
RDI=0x0000000000000010 is an unknown value
R8 =0x0000000000000070 is an unknown value
R9 =0x00007f14d43c1e80: <offset 0xfd9e80> in /usr/lib/jvm/java-8-oracle/jre/lib/amd64/server/libjvm.so at 0x00007f14d33e8000
R10=0x0000000000000002 is an unknown value
R11=0x00007f14d4558550: <offset 0x182550> in /lib/x86_64-linux-gnu/libc.so.6 at 0x00007f14d43d6000
R12=0x0000000000000028 is an unknown value
R13=0x00007f1494009610 is an unknown value
R14=0x00007f14cc0b4800 is a thread
R15=0x00007f1494009610 is an unknown value


Stack: [0x00007f14ba518000,0x00007f14ba619000],  sp=0x00007f14ba615cc0,  free space=1015k
Native frames: (J=compiled Java code, j=interpreted, Vv=VM code, C=native code)
V  [libjvm.so+0x4385d0]  ciObjectFactory::create_new_metadata(Metadata*)+0x320
V  [libjvm.so+0x438a05]  ciObjectFactory::get_metadata(Metadata*)+0x85
V  [libjvm.so+0x4335ae]  ciVirtualCallData::translate_from(ProfileData const*)+0x7e
V  [libjvm.so+0x432a3f]  ciMethodData::load_data()+0x14f
V  [libjvm.so+0x425087]  ciMethod::ensure_method_data(methodHandle)+0xa7
V  [libjvm.so+0x4262d7]  ciMethod::ensure_method_data()+0xa7
V  [libjvm.so+0x4a5d64]  Compile::Compile(ciEnv*, C2Compiler*, ciMethod*, int, bool, bool, bool)+0x8e4
V  [libjvm.so+0x3f20a8]  C2Compiler::compile_method(ciEnv*, ciMethod*, int)+0x198
V  [libjvm.so+0x4af61a]  CompileBroker::invoke_compiler_on_method(CompileTask*)+0xc9a
V  [libjvm.so+0x4b05c6]  CompileBroker::compiler_thread_loop()+0x5d6
V  [libjvm.so+0xa7343f]  JavaThread::thread_main_inner()+0xdf
V  [libjvm.so+0xa7356c]  JavaThread::run()+0x11c
V  [libjvm.so+0x924698]  java_start(Thread*)+0x108
C  [libpthread.so.0+0x7e9a]  start_thread+0xda


Current CompileTask:
C2:  42783 2837       4       com.android.dx.ssa.LocalVariableExtractor::processBlock (383 bytes)


---------------  P R O C E S S  ---------------

Java Threads: ( => current thread )
  0x00007f14cc14a000 JavaThread "pool-1-thread-4" [_thread_blocked, id=11292, stack(0x00007f14b9d10000,0x00007f14b9e11000)]
  0x00007f14cc148800 JavaThread "pool-1-thread-3" [_thread_blocked, id=11291, stack(0x00007f14b9e11000,0x00007f14b9f12000)]
  0x00007f14cc147800 JavaThread "pool-1-thread-2" [_thread_blocked, id=11290, stack(0x00007f14b9f12000,0x00007f14ba013000)]
  0x00007f14cc13a800 JavaThread "pool-2-thread-1" [_thread_blocked, id=11289, stack(0x00007f14ba013000,0x00007f14ba114000)]
  0x00007f14cc138800 JavaThread "pool-1-thread-1" [_thread_blocked, id=11288, stack(0x00007f14ba114000,0x00007f14ba215000)]
  0x00007f14cc0ba000 JavaThread "Service Thread" daemon [_thread_blocked, id=11280, stack(0x00007f14ba316000,0x00007f14ba417000)]
  0x00007f14cc0b7800 JavaThread "C1 CompilerThread1" daemon [_thread_blocked, id=11279, stack(0x00007f14ba417000,0x00007f14ba518000)]
=>0x00007f14cc0b4800 JavaThread "C2 CompilerThread0" daemon [_thread_in_vm, id=11278, stack(0x00007f14ba518000,0x00007f14ba619000)]
  0x00007f14cc0b3000 JavaThread "Signal Dispatcher" daemon [_thread_blocked, id=11277, stack(0x00007f14ba619000,0x00007f14ba71a000)]
  0x00007f14cc080000 JavaThread "Finalizer" daemon [_thread_blocked, id=11271, stack(0x00007f14badfe000,0x00007f14baeff000)]
  0x00007f14cc07b800 JavaThread "Reference Handler" daemon [_thread_blocked, id=11270, stack(0x00007f14baeff000,0x00007f14bb000000)]
  0x00007f14cc00a000 JavaThread "main" [_thread_in_Java, id=11263, stack(0x00007f14d4ecd000,0x00007f14d4fce000)]

Other Threads:
  0x00007f14cc073800 VMThread [stack: 0x00007f14d0071000,0x00007f14d0172000] [id=11267]
  0x00007f14cc0bd000 WatcherThread [stack: 0x00007f14ba215000,0x00007f14ba316000] [id=11281]

VM state:not at safepoint (normal execution)

VM Mutex/Monitor currently owned by a thread: None

Heap:
 PSYoungGen      total 164352K, used 43681K [0x00000000eab00000, 0x00000000f7e00000, 0x0000000100000000)
  eden space 140800K, 14% used [0x00000000eab00000,0x00000000ebeaa370,0x00000000f3480000)
  from space 23552K, 99% used [0x00000000f3480000,0x00000000f4b7e1f8,0x00000000f4b80000)
  to   space 31232K, 0% used [0x00000000f5f80000,0x00000000f5f80000,0x00000000f7e00000)
 ParOldGen       total 59392K, used 45764K [0x00000000c0000000, 0x00000000c3a00000, 0x00000000eab00000)
  object space 59392K, 77% used [0x00000000c0000000,0x00000000c2cb10f8,0x00000000c3a00000)
 Metaspace       used 6426K, capacity 7256K, committed 7424K, reserved 1056768K
  class space    used 615K, capacity 656K, committed 768K, reserved 1048576K

Card table byte_map: [0x00007f14d1a92000,0x00007f14d1c93000] byte_map_base: 0x00007f14d1492000

Marking Bits: (ParMarkBitMap*) 0x00007f14d43a9120
 Begin Bits: [0x00007f14bb000000, 0x00007f14bc000000)
 End Bits:   [0x00007f14bc000000, 0x00007f14bd000000)

Polling page: 0x00007f14d4fea000

CodeCache: size=245760Kb used=7559Kb max_used=7562Kb free=238201Kb
 bounds [0x00007f14bd000000, 0x00007f14bd770000, 0x00007f14cc000000]
 total_blobs=2206 nmethods=1939 adapters=182
 compilation: enabled

Compilation events (10 events):
Event: 42.381 Thread 0x00007f14cc0b7800 2895 %     3       java.util.TreeMap::successor @ 42 (66 bytes)
Event: 42.382 Thread 0x00007f14cc0b7800 nmethod 2895% 0x00007f14bd753090 code [0x00007f14bd753220, 0x00007f14bd7535d0]
Event: 42.382 Thread 0x00007f14cc0b7800 2896       3       java.util.TreeMap::successor (66 bytes)
Event: 42.382 Thread 0x00007f14cc0b7800 nmethod 2896 0x00007f14bd762d90 code [0x00007f14bd762f20, 0x00007f14bd763290]
Event: 42.389 Thread 0x00007f14cc0b7800 2897       1       java.util.TreeMap$Entry::getKey (5 bytes)
Event: 42.389 Thread 0x00007f14cc0b7800 nmethod 2897 0x00007f14bd762ad0 code [0x00007f14bd762c20, 0x00007f14bd762d30]
Event: 42.579 Thread 0x00007f14cc0b7800 2899   !   2       com.android.dx.rop.cst.CstType::intern (48 bytes)
Event: 42.580 Thread 0x00007f14cc0b7800 nmethod 2899 0x00007f14bd761ed0 code [0x00007f14bd762080, 0x00007f14bd762588]
Event: 42.640 Thread 0x00007f14cc0b4800 nmethod 2892 0x00007f14bd765bd0 code [0x00007f14bd765da0, 0x00007f14bd766498]
Event: 42.641 Thread 0x00007f14cc0b4800 2837       4       com.android.dx.ssa.LocalVariableExtractor::processBlock (383 bytes)

GC Heap History (10 events):
Event: 20.006 GC heap before
{Heap before GC invocations=8 (full 0):
 PSYoungGen      total 55808K, used 55788K [0x00000000eab00000, 0x00000000f1f00000, 0x0000000100000000)
  eden space 48128K, 100% used [0x00000000eab00000,0x00000000eda00000,0x00000000eda00000)
  from space 7680K, 99% used [0x00000000eda00000,0x00000000ee17b338,0x00000000ee180000)
  to   space 11264K, 0% used [0x00000000f1400000,0x00000000f1400000,0x00000000f1f00000)
 ParOldGen       total 31744K, used 15187K [0x00000000c0000000, 0x00000000c1f00000, 0x00000000eab00000)
  object space 31744K, 47% used [0x00000000c0000000,0x00000000c0ed4da0,0x00000000c1f00000)
 Metaspace       used 5981K, capacity 6960K, committed 7040K, reserved 1056768K
  class space    used 595K, capacity 616K, committed 640K, reserved 1048576K
Event: 20.653 GC heap after
Heap after GC invocations=8 (full 0):
 PSYoungGen      total 103936K, used 11232K [0x00000000eab00000, 0x00000000f2600000, 0x0000000100000000)
  eden space 92672K, 0% used [0x00000000eab00000,0x00000000eab00000,0x00000000f0580000)
  from space 11264K, 99% used [0x00000000f1400000,0x00000000f1ef8200,0x00000000f1f00000)
  to   space 14848K, 0% used [0x00000000f0580000,0x00000000f0580000,0x00000000f1400000)
 ParOldGen       total 31744K, used 18476K [0x00000000c0000000, 0x00000000c1f00000, 0x00000000eab00000)
  object space 31744K, 58% used [0x00000000c0000000,0x00000000c120b340,0x00000000c1f00000)
 Metaspace       used 5981K, capacity 6960K, committed 7040K, reserved 1056768K
  class space    used 595K, capacity 616K, committed 640K, reserved 1048576K
}
Event: 24.756 GC heap before
{Heap before GC invocations=9 (full 0):
 PSYoungGen      total 103936K, used 103904K [0x00000000eab00000, 0x00000000f2600000, 0x0000000100000000)
  eden space 92672K, 100% used [0x00000000eab00000,0x00000000f0580000,0x00000000f0580000)
  from space 11264K, 99% used [0x00000000f1400000,0x00000000f1ef8200,0x00000000f1f00000)
  to   space 14848K, 0% used [0x00000000f0580000,0x00000000f0580000,0x00000000f1400000)
 ParOldGen       total 31744K, used 18476K [0x00000000c0000000, 0x00000000c1f00000, 0x00000000eab00000)
  object space 31744K, 58% used [0x00000000c0000000,0x00000000c120b340,0x00000000c1f00000)
 Metaspace       used 6187K, capacity 7064K, committed 7424K, reserved 1056768K
  class space    used 615K, capacity 656K, committed 768K, reserved 1048576K
Event: 25.468 GC heap after
Heap after GC invocations=9 (full 0):
 PSYoungGen      total 107520K, used 14816K [0x00000000eab00000, 0x00000000f6600000, 0x0000000100000000)
  eden space 92672K, 0% used [0x00000000eab00000,0x00000000eab00000,0x00000000f0580000)
  from space 14848K, 99% used [0x00000000f0580000,0x00000000f13f8020,0x00000000f1400000)
  to   space 21504K, 0% used [0x00000000f5100000,0x00000000f5100000,0x00000000f6600000)
 ParOldGen       total 31744K, used 28797K [0x00000000c0000000, 0x00000000c1f00000, 0x00000000eab00000)
  object space 31744K, 90% used [0x00000000c0000000,0x00000000c1c1f580,0x00000000c1f00000)
 Metaspace       used 6187K, capacity 7064K, committed 7424K, reserved 1056768K
  class space    used 615K, capacity 656K, committed 768K, reserved 1048576K
}
Event: 25.468 GC heap before
{Heap before GC invocations=10 (full 1):
 PSYoungGen      total 107520K, used 14816K [0x00000000eab00000, 0x00000000f6600000, 0x0000000100000000)
  eden space 92672K, 0% used [0x00000000eab00000,0x00000000eab00000,0x00000000f0580000)
  from space 14848K, 99% used [0x00000000f0580000,0x00000000f13f8020,0x00000000f1400000)
  to   space 21504K, 0% used [0x00000000f5100000,0x00000000f5100000,0x00000000f6600000)
 ParOldGen       total 31744K, used 28797K [0x00000000c0000000, 0x00000000c1f00000, 0x00000000eab00000)
  object space 31744K, 90% used [0x00000000c0000000,0x00000000c1c1f580,0x00000000c1f00000)
 Metaspace       used 6187K, capacity 7064K, committed 7424K, reserved 1056768K
  class space    used 615K, capacity 656K, committed 768K, reserved 1048576K
Event: 29.928 GC heap after
Heap after GC invocations=10 (full 1):
 PSYoungGen      total 107520K, used 8655K [0x00000000eab00000, 0x00000000f6600000, 0x0000000100000000)
  eden space 92672K, 0% used [0x00000000eab00000,0x00000000eab00000,0x00000000f0580000)
  from space 14848K, 58% used [0x00000000f0580000,0x00000000f0df3d30,0x00000000f1400000)
  to   space 21504K, 0% used [0x00000000f5100000,0x00000000f5100000,0x00000000f6600000)
 ParOldGen       total 59392K, used 31478K [0x00000000c0000000, 0x00000000c3a00000, 0x00000000eab00000)
  object space 59392K, 53% used [0x00000000c0000000,0x00000000c1ebdb40,0x00000000c3a00000)
 Metaspace       used 6187K, capacity 7064K, committed 7424K, reserved 1056768K
  class space    used 615K, capacity 656K, committed 768K, reserved 1048576K
}
Event: 34.523 GC heap before
{Heap before GC invocations=11 (full 1):
 PSYoungGen      total 107520K, used 101327K [0x00000000eab00000, 0x00000000f6600000, 0x0000000100000000)
  eden space 92672K, 100% used [0x00000000eab00000,0x00000000f0580000,0x00000000f0580000)
  from space 14848K, 58% used [0x00000000f0580000,0x00000000f0df3d30,0x00000000f1400000)
  to   space 21504K, 0% used [0x00000000f5100000,0x00000000f5100000,0x00000000f6600000)
 ParOldGen       total 59392K, used 31478K [0x00000000c0000000, 0x00000000c3a00000, 0x00000000eab00000)
  object space 59392K, 53% used [0x00000000c0000000,0x00000000c1ebdb40,0x00000000c3a00000)
 Metaspace       used 6326K, capacity 7192K, committed 7424K, reserved 1056768K
  class space    used 615K, capacity 656K, committed 768K, reserved 1048576K
Event: 36.285 GC heap after
Heap after GC invocations=11 (full 1):
 PSYoungGen      total 136192K, used 17884K [0x00000000eab00000, 0x00000000f6280000, 0x0000000100000000)
  eden space 118272K, 0% used [0x00000000eab00000,0x00000000eab00000,0x00000000f1e80000)
  from space 17920K, 99% used [0x00000000f5100000,0x00000000f6277230,0x00000000f6280000)
  to   space 23552K, 0% used [0x00000000f3480000,0x00000000f3480000,0x00000000f4b80000)
 ParOldGen       total 59392K, used 36159K [0x00000000c0000000, 0x00000000c3a00000, 0x00000000eab00000)
  object space 59392K, 60% used [0x00000000c0000000,0x00000000c234fed8,0x00000000c3a00000)
 Metaspace       used 6326K, capacity 7192K, committed 7424K, reserved 1056768K
  class space    used 615K, capacity 656K, committed 768K, reserved 1048576K
}
Event: 41.042 GC heap before
{Heap before GC invocations=12 (full 1):
 PSYoungGen      total 136192K, used 136156K [0x00000000eab00000, 0x00000000f6280000, 0x0000000100000000)
  eden space 118272K, 100% used [0x00000000eab00000,0x00000000f1e80000,0x00000000f1e80000)
  from space 17920K, 99% used [0x00000000f5100000,0x00000000f6277230,0x00000000f6280000)
  to   space 23552K, 0% used [0x00000000f3480000,0x00000000f3480000,0x00000000f4b80000)
 ParOldGen       total 59392K, used 36159K [0x00000000c0000000, 0x00000000c3a00000, 0x00000000eab00000)
  object space 59392K, 60% used [0x00000000c0000000,0x00000000c234fed8,0x00000000c3a00000)
 Metaspace       used 6424K, capacity 7192K, committed 7424K, reserved 1056768K
  class space    used 615K, capacity 656K, committed 768K, reserved 1048576K
Event: 42.228 GC heap after
Heap after GC invocations=12 (full 1):
 PSYoungGen      total 164352K, used 23544K [0x00000000eab00000, 0x00000000f7e00000, 0x0000000100000000)
  eden space 140800K, 0% used [0x00000000eab00000,0x00000000eab00000,0x00000000f3480000)
  from space 23552K, 99% used [0x00000000f3480000,0x00000000f4b7e1f8,0x00000000f4b80000)
  to   space 31232K, 0% used [0x00000000f5f80000,0x00000000f5f80000,0x00000000f7e00000)
 ParOldGen       total 59392K, used 45764K [0x00000000c0000000, 0x00000000c3a00000, 0x00000000eab00000)
  object space 59392K, 77% used [0x00000000c0000000,0x00000000c2cb10f8,0x00000000c3a00000)
 Metaspace       used 6424K, capacity 7192K, committed 7424K, reserved 1056768K
  class space    used 615K, capacity 656K, committed 768K, reserved 1048576K
}

Deoptimization events (10 events):
Event: 10.627 Thread 0x00007f14cc00a000 Uncommon trap: reason=bimorphic action=maybe_recompile pc=0x00007f14bd2934e8 method=java.util.HashMap.getNode(ILjava/lang/Object;)Ljava/util/HashMap$Node; @ 126
Event: 10.627 Thread 0x00007f14cc00a000 Uncommon trap: reason=bimorphic action=maybe_recompile pc=0x00007f14bd2934e8 method=java.util.HashMap.getNode(ILjava/lang/Object;)Ljava/util/HashMap$Node; @ 126
Event: 10.627 Thread 0x00007f14cc00a000 Uncommon trap: reason=bimorphic action=maybe_recompile pc=0x00007f14bd2934e8 method=java.util.HashMap.getNode(ILjava/lang/Object;)Ljava/util/HashMap$Node; @ 126
Event: 10.627 Thread 0x00007f14cc00a000 Uncommon trap: reason=bimorphic action=maybe_recompile pc=0x00007f14bd2934e8 method=java.util.HashMap.getNode(ILjava/lang/Object;)Ljava/util/HashMap$Node; @ 126
Event: 23.316 Thread 0x00007f14cc138800 Uncommon trap: reason=range_check action=make_not_entrant pc=0x00007f14bd1f53c0 method=com.android.dx.util.IntList.get(I)I @ 23
Event: 24.597 Thread 0x00007f14cc14a000 Uncommon trap: reason=unstable_if action=reinterpret pc=0x00007f14bd4b72b8 method=java.util.HashMap.putVal(ILjava/lang/Object;Ljava/lang/Object;ZZ)Ljava/lang/Object; @ 162
Event: 24.699 Thread 0x00007f14cc14a000 Uncommon trap: reason=unstable_if action=reinterpret pc=0x00007f14bd3551ec method=java.util.HashMap.getNode(ILjava/lang/Object;)Ljava/util/HashMap$Node; @ 84
Event: 30.916 Thread 0x00007f14cc148800 Uncommon trap: reason=unstable_if action=reinterpret pc=0x00007f14bd5dd060 method=java.util.HashMap.putVal(ILjava/lang/Object;Ljava/lang/Object;ZZ)Ljava/lang/Object; @ 94
Event: 32.912 Thread 0x00007f14cc00a000 Uncommon trap: reason=null_check action=maybe_recompile pc=0x00007f14bd5d6c94 method=com.android.dx.util.IntList.get(I)I @ 23
Event: 38.487 Thread 0x00007f14cc14a000 Uncommon trap: reason=unstable_if action=reinterpret pc=0x00007f14bd34ca00 method=java.util.HashMap.getNode(ILjava/lang/Object;)Ljava/util/HashMap$Node; @ 84

Internal exceptions (8 events):
Event: 0.174 Thread 0x00007f14cc00a000 Exception <a 'java/lang/NoSuchMethodError': Method sun.misc.Unsafe.defineClass(Ljava/lang/String;[BII)Ljava/lang/Class; name or signature does not match> (0x00000000eab07cc0) thrown at [/HUDSON3/workspace/8-2-build-linux-amd64/jdk8u101/7261/hotspot/src/sh
Event: 0.175 Thread 0x00007f14cc00a000 Exception <a 'java/lang/NoSuchMethodError': Method sun.misc.Unsafe.prefetchRead(Ljava/lang/Object;J)V name or signature does not match> (0x00000000eab07fa8) thrown at [/HUDSON3/workspace/8-2-build-linux-amd64/jdk8u101/7261/hotspot/src/share/vm/prims/jni.c
Event: 9.021 Thread 0x00007f14cc00a000 Implicit null exception at 0x00007f14bd29df23 to 0x00007f14bd2a0221
Event: 23.316 Thread 0x00007f14cc138800 Exception <a 'java/lang/ArrayIndexOutOfBoundsException': 0> (0x00000000eebed930) thrown at [/HUDSON3/workspace/8-2-build-linux-amd64/jdk8u101/7261/hotspot/src/share/vm/interpreter/interpreterRuntime.cpp, line 366]
Event: 24.625 Thread 0x00007f14cc14a000 Exception <a 'java/lang/ArrayIndexOutOfBoundsException': 18> (0x00000000f03a1750) thrown at [/HUDSON3/workspace/8-2-build-linux-amd64/jdk8u101/7261/hotspot/src/share/vm/interpreter/interpreterRuntime.cpp, line 366]
Event: 24.626 Thread 0x00007f14cc14a000 Exception <a 'java/lang/ArrayIndexOutOfBoundsException': 145> (0x00000000f03a32d0) thrown at [/HUDSON3/workspace/8-2-build-linux-amd64/jdk8u101/7261/hotspot/src/share/vm/interpreter/interpreterRuntime.cpp, line 366]
Event: 24.628 Thread 0x00007f14cc14a000 Exception <a 'java/lang/ArrayIndexOutOfBoundsException': 40> (0x00000000f03a45b8) thrown at [/HUDSON3/workspace/8-2-build-linux-amd64/jdk8u101/7261/hotspot/src/share/vm/interpreter/interpreterRuntime.cpp, line 366]
Event: 32.912 Thread 0x00007f14cc00a000 Implicit null exception at 0x00007f14bd5d6bbd to 0x00007f14bd5d6c86

Events (10 events):
Event: 40.886 Thread 0x00007f14cc00a000 DEOPT PACKING pc=0x00007f14bd656a5f sp=0x00007f14d4fcc180
Event: 40.886 Thread 0x00007f14cc00a000 DEOPT UNPACKING pc=0x00007f14bd046f73 sp=0x00007f14d4fcbea0 mode 0
Event: 40.999 Executing VM operation: ParallelGCFailedAllocation
Event: 42.269 Executing VM operation: ParallelGCFailedAllocation done
Event: 42.318 Thread 0x00007f14cc148800 DEOPT PACKING pc=0x00007f14bd59a490 sp=0x00007f14b9f0f8e0
Event: 42.318 Thread 0x00007f14cc148800 DEOPT UNPACKING pc=0x00007f14bd046f73 sp=0x00007f14b9f0f6c0 mode 0
Event: 42.383 Thread 0x00007f14cc00a000 DEOPT PACKING pc=0x00007f14bd324832 sp=0x00007f14d4fcb4a0
Event: 42.383 Thread 0x00007f14cc00a000 DEOPT UNPACKING pc=0x00007f14bd046f73 sp=0x00007f14d4fcb1d8 mode 0
Event: 42.459 Thread 0x00007f14cc00a000 DEOPT PACKING pc=0x00007f14bd2e6d99 sp=0x00007f14d4fcb730
Event: 42.459 Thread 0x00007f14cc00a000 DEOPT UNPACKING pc=0x00007f14bd046f73 sp=0x00007f14d4fcb468 mode 0


Dynamic libraries:
00400000-00401000 r-xp 00000000 08:01 3279757                            /usr/lib/jvm/java-8-oracle/bin/java
00600000-00601000 rw-p 00000000 08:01 3279757                            /usr/lib/jvm/java-8-oracle/bin/java
017f3000-01835000 rw-p 00000000 00:00 0                                  [heap]
c0000000-c3a00000 rw-p 00000000 00:00 0 
c3a00000-eab00000 ---p 00000000 00:00 0 
eab00000-f7e00000 rw-p 00000000 00:00 0 
f7e00000-100000000 ---p 00000000 00:00 0 
100000000-1000c0000 rw-p 00000000 00:00 0 
1000c0000-140000000 ---p 00000000 00:00 0 
7f147c000000-7f147c023000 rw-p 00000000 00:00 0 
7f147c023000-7f1480000000 ---p 00000000 00:00 0 
7f1484000000-7f1484021000 rw-p 00000000 00:00 0 
7f1484021000-7f1488000000 ---p 00000000 00:00 0 
7f1488000000-7f1488021000 rw-p 00000000 00:00 0 
7f1488021000-7f148c000000 ---p 00000000 00:00 0 
7f148c000000-7f148c021000 rw-p 00000000 00:00 0 
7f148c021000-7f1490000000 ---p 00000000 00:00 0 
7f1490000000-7f1490021000 rw-p 00000000 00:00 0 
7f1490021000-7f1494000000 ---p 00000000 00:00 0 
7f1494000000-7f1494727000 rw-p 00000000 00:00 0 
7f1494727000-7f1498000000 ---p 00000000 00:00 0 
7f1498000000-7f1498021000 rw-p 00000000 00:00 0 
7f1498021000-7f149c000000 ---p 00000000 00:00 0 
7f149c000000-7f149c021000 rw-p 00000000 00:00 0 
7f149c021000-7f14a0000000 ---p 00000000 00:00 0 
7f14a0000000-7f14a06fb000 rw-p 00000000 00:00 0 
7f14a06fb000-7f14a4000000 ---p 00000000 00:00 0 
7f14a4000000-7f14a4021000 rw-p 00000000 00:00 0 
7f14a4021000-7f14a8000000 ---p 00000000 00:00 0 
7f14a8000000-7f14a8021000 rw-p 00000000 00:00 0 
7f14a8021000-7f14ac000000 ---p 00000000 00:00 0 
7f14ac000000-7f14ac021000 rw-p 00000000 00:00 0 
7f14ac021000-7f14b0000000 ---p 00000000 00:00 0 
7f14b0000000-7f14b0021000 rw-p 00000000 00:00 0 
7f14b0021000-7f14b4000000 ---p 00000000 00:00 0 
7f14b4000000-7f14b4021000 rw-p 00000000 00:00 0 
7f14b4021000-7f14b8000000 ---p 00000000 00:00 0 
7f14b9d10000-7f14b9d13000 ---p 00000000 00:00 0 
7f14b9d13000-7f14b9e11000 rw-p 00000000 00:00 0                          [stack:11292]
7f14b9e11000-7f14b9e14000 ---p 00000000 00:00 0 
7f14b9e14000-7f14b9f12000 rw-p 00000000 00:00 0                          [stack:11291]
7f14b9f12000-7f14b9f15000 ---p 00000000 00:00 0 
7f14b9f15000-7f14ba013000 rw-p 00000000 00:00 0                          [stack:11290]
7f14ba013000-7f14ba016000 ---p 00000000 00:00 0 
7f14ba016000-7f14ba114000 rw-p 00000000 00:00 0                          [stack:11289]
7f14ba114000-7f14ba117000 ---p 00000000 00:00 0 
7f14ba117000-7f14ba215000 rw-p 00000000 00:00 0                          [stack:11288]
7f14ba215000-7f14ba216000 ---p 00000000 00:00 0 
7f14ba216000-7f14ba316000 rw-p 00000000 00:00 0                          [stack:11281]
7f14ba316000-7f14ba319000 ---p 00000000 00:00 0 
7f14ba319000-7f14ba417000 rw-p 00000000 00:00 0                          [stack:11280]
7f14ba417000-7f14ba41a000 ---p 00000000 00:00 0 
7f14ba41a000-7f14ba518000 rw-p 00000000 00:00 0                          [stack:11279]
7f14ba518000-7f14ba51b000 ---p 00000000 00:00 0 
7f14ba51b000-7f14ba619000 rw-p 00000000 00:00 0                          [stack:11278]
7f14ba619000-7f14ba61c000 ---p 00000000 00:00 0 
7f14ba61c000-7f14ba71a000 rw-p 00000000 00:00 0                          [stack:11277]
7f14ba71a000-7f14badfe000 r--p 00000000 08:01 13113697                   /usr/lib/locale/locale-archive
7f14badfe000-7f14bae01000 ---p 00000000 00:00 0 
7f14bae01000-7f14baeff000 rw-p 00000000 00:00 0                          [stack:11271]
7f14baeff000-7f14baf02000 ---p 00000000 00:00 0 
7f14baf02000-7f14bd000000 rw-p 00000000 00:00 0                          [stack:11270]
7f14bd000000-7f14bd770000 rwxp 00000000 00:00 0 
7f14bd770000-7f14cc000000 ---p 00000000 00:00 0 
7f14cc000000-7f14cc387000 rw-p 00000000 00:00 0 
7f14cc387000-7f14d0000000 ---p 00000000 00:00 0 
7f14d005b000-7f14d0071000 r--s 000f1000 08:01 10753476                   /home/lin/other/AndroidProjects/Radio/app/build/intermediates/exploded-aar/com.android.support/support-v4/23.4.0/jars/classes.jar
7f14d0071000-7f14d0072000 ---p 00000000 00:00 0 
7f14d0072000-7f14d0aeb000 rw-p 00000000 00:00 0                          [stack:11267]
7f14d0aeb000-7f14d0cc4000 r--s 03d29000 08:01 13118676                   /usr/lib/jvm/java-8-oracle/jre/lib/rt.jar
7f14d0cc4000-7f14d13ba000 rw-p 00000000 00:00 0 
7f14d13ba000-7f14d153a000 ---p 00000000 00:00 0 
7f14d153a000-7f14d173a000 rw-p 00000000 00:00 0 
7f14d173a000-7f14d173b000 ---p 00000000 00:00 0 
7f14d173b000-7f14d183b000 rw-p 00000000 00:00 0                          [stack:11265]
7f14d183b000-7f14d183c000 ---p 00000000 00:00 0 
7f14d183c000-7f14d1959000 rw-p 00000000 00:00 0                          [stack:11264]
7f14d1959000-7f14d1a92000 ---p 00000000 00:00 0 
7f14d1a92000-7f14d1aaf000 rw-p 00000000 00:00 0 
7f14d1aaf000-7f14d1be7000 ---p 00000000 00:00 0 
7f14d1be7000-7f14d1c51000 rw-p 00000000 00:00 0 
7f14d1c51000-7f14d1c92000 ---p 00000000 00:00 0 
7f14d1c92000-7f14d1cb1000 rw-p 00000000 00:00 0 
7f14d1cb1000-7f14d2053000 ---p 00000000 00:00 0 
7f14d2053000-7f14d206d000 r-xp 00000000 08:01 13766358                   /usr/lib/jvm/java-8-oracle/jre/lib/amd64/libzip.so
7f14d206d000-7f14d226d000 ---p 0001a000 08:01 13766358                   /usr/lib/jvm/java-8-oracle/jre/lib/amd64/libzip.so
7f14d226d000-7f14d226e000 rw-p 0001a000 08:01 13766358                   /usr/lib/jvm/java-8-oracle/jre/lib/amd64/libzip.so
7f14d226e000-7f14d2279000 r-xp 00000000 08:01 2621673                    /lib/x86_64-linux-gnu/libnss_files-2.15.so
7f14d2279000-7f14d2478000 ---p 0000b000 08:01 2621673                    /lib/x86_64-linux-gnu/libnss_files-2.15.so
7f14d2478000-7f14d2479000 r--p 0000a000 08:01 2621673                    /lib/x86_64-linux-gnu/libnss_files-2.15.so
7f14d2479000-7f14d247a000 rw-p 0000b000 08:01 2621673                    /lib/x86_64-linux-gnu/libnss_files-2.15.so
7f14d247a000-7f14d2484000 r-xp 00000000 08:01 2621658                    /lib/x86_64-linux-gnu/libnss_nis-2.15.so
7f14d2484000-7f14d2684000 ---p 0000a000 08:01 2621658                    /lib/x86_64-linux-gnu/libnss_nis-2.15.so
7f14d2684000-7f14d2685000 r--p 0000a000 08:01 2621658                    /lib/x86_64-linux-gnu/libnss_nis-2.15.so
7f14d2685000-7f14d2686000 rw-p 0000b000 08:01 2621658                    /lib/x86_64-linux-gnu/libnss_nis-2.15.so
7f14d2686000-7f14d269d000 r-xp 00000000 08:01 2621667                    /lib/x86_64-linux-gnu/libnsl-2.15.so
7f14d269d000-7f14d289c000 ---p 00017000 08:01 2621667                    /lib/x86_64-linux-gnu/libnsl-2.15.so
7f14d289c000-7f14d289d000 r--p 00016000 08:01 2621667                    /lib/x86_64-linux-gnu/libnsl-2.15.so
7f14d289d000-7f14d289e000 rw-p 00017000 08:01 2621667                    /lib/x86_64-linux-gnu/libnsl-2.15.so
7f14d289e000-7f14d28a0000 rw-p 00000000 00:00 0 
7f14d28a0000-7f14d28a8000 r-xp 00000000 08:01 2621672                    /lib/x86_64-linux-gnu/libnss_compat-2.15.so
7f14d28a8000-7f14d2aa7000 ---p 00008000 08:01 2621672                    /lib/x86_64-linux-gnu/libnss_compat-2.15.so
7f14d2aa7000-7f14d2aa8000 r--p 00007000 08:01 2621672                    /lib/x86_64-linux-gnu/libnss_compat-2.15.so
7f14d2aa8000-7f14d2aa9000 rw-p 00008000 08:01 2621672                    /lib/x86_64-linux-gnu/libnss_compat-2.15.so
7f14d2aa9000-7f14d2ad3000 r-xp 00000000 08:01 13766323                   /usr/lib/jvm/java-8-oracle/jre/lib/amd64/libjava.so
7f14d2ad3000-7f14d2cd3000 ---p 0002a000 08:01 13766323                   /usr/lib/jvm/java-8-oracle/jre/lib/amd64/libjava.so
7f14d2cd3000-7f14d2cd5000 rw-p 0002a000 08:01 13766323                   /usr/lib/jvm/java-8-oracle/jre/lib/amd64/libjava.so
7f14d2cd5000-7f14d2ce2000 r-xp 00000000 08:01 13766361                   /usr/lib/jvm/java-8-oracle/jre/lib/amd64/libverify.so
7f14d2ce2000-7f14d2ee2000 ---p 0000d000 08:01 13766361                   /usr/lib/jvm/java-8-oracle/jre/lib/amd64/libverify.so
7f14d2ee2000-7f14d2ee4000 rw-p 0000d000 08:01 13766361                   /usr/lib/jvm/java-8-oracle/jre/lib/amd64/libverify.so
7f14d2ee4000-7f14d2eeb000 r-xp 00000000 08:01 2621660                    /lib/x86_64-linux-gnu/librt-2.15.so
7f14d2eeb000-7f14d30ea000 ---p 00007000 08:01 2621660                    /lib/x86_64-linux-gnu/librt-2.15.so
7f14d30ea000-7f14d30eb000 r--p 00006000 08:01 2621660                    /lib/x86_64-linux-gnu/librt-2.15.so
7f14d30eb000-7f14d30ec000 rw-p 00007000 08:01 2621660                    /lib/x86_64-linux-gnu/librt-2.15.so
7f14d30ec000-7f14d31e7000 r-xp 00000000 08:01 2621674                    /lib/x86_64-linux-gnu/libm-2.15.so
7f14d31e7000-7f14d33e6000 ---p 000fb000 08:01 2621674                    /lib/x86_64-linux-gnu/libm-2.15.so
7f14d33e6000-7f14d33e7000 r--p 000fa000 08:01 2621674                    /lib/x86_64-linux-gnu/libm-2.15.so
7f14d33e7000-7f14d33e8000 rw-p 000fb000 08:01 2621674                    /lib/x86_64-linux-gnu/libm-2.15.so
7f14d33e8000-7f14d40b3000 r-xp 00000000 08:01 13894575                   /usr/lib/jvm/java-8-oracle/jre/lib/amd64/server/libjvm.so
7f14d40b3000-7f14d42b2000 ---p 00ccb000 08:01 13894575                   /usr/lib/jvm/java-8-oracle/jre/lib/amd64/server/libjvm.so
7f14d42b2000-7f14d438b000 rw-p 00cca000 08:01 13894575                   /usr/lib/jvm/java-8-oracle/jre/lib/amd64/server/libjvm.so
7f14d438b000-7f14d43d6000 rw-p 00000000 00:00 0 
7f14d43d6000-7f14d458a000 r-xp 00000000 08:01 2621665                    /lib/x86_64-linux-gnu/libc-2.15.so
7f14d458a000-7f14d4789000 ---p 001b4000 08:01 2621665                    /lib/x86_64-linux-gnu/libc-2.15.so
7f14d4789000-7f14d478d000 r--p 001b3000 08:01 2621665                    /lib/x86_64-linux-gnu/libc-2.15.so
7f14d478d000-7f14d478f000 rw-p 001b7000 08:01 2621665                    /lib/x86_64-linux-gnu/libc-2.15.so
7f14d478f000-7f14d4794000 rw-p 00000000 00:00 0 
7f14d4794000-7f14d4796000 r-xp 00000000 08:01 2621657                    /lib/x86_64-linux-gnu/libdl-2.15.so
7f14d4796000-7f14d4996000 ---p 00002000 08:01 2621657                    /lib/x86_64-linux-gnu/libdl-2.15.so
7f14d4996000-7f14d4997000 r--p 00002000 08:01 2621657                    /lib/x86_64-linux-gnu/libdl-2.15.so
7f14d4997000-7f14d4998000 rw-p 00003000 08:01 2621657                    /lib/x86_64-linux-gnu/libdl-2.15.so
7f14d4998000-7f14d49ad000 r-xp 00000000 08:01 2627921                    /usr/lib/jvm/java-8-oracle/lib/amd64/jli/libjli.so
7f14d49ad000-7f14d4bad000 ---p 00015000 08:01 2627921                    /usr/lib/jvm/java-8-oracle/lib/amd64/jli/libjli.so
7f14d4bad000-7f14d4bae000 rw-p 00015000 08:01 2627921                    /usr/lib/jvm/java-8-oracle/lib/amd64/jli/libjli.so
7f14d4bae000-7f14d4bc6000 r-xp 00000000 08:01 2621668                    /lib/x86_64-linux-gnu/libpthread-2.15.so
7f14d4bc6000-7f14d4dc5000 ---p 00018000 08:01 2621668                    /lib/x86_64-linux-gnu/libpthread-2.15.so
7f14d4dc5000-7f14d4dc6000 r--p 00017000 08:01 2621668                    /lib/x86_64-linux-gnu/libpthread-2.15.so
7f14d4dc6000-7f14d4dc7000 rw-p 00018000 08:01 2621668                    /lib/x86_64-linux-gnu/libpthread-2.15.so
7f14d4dc7000-7f14d4dcb000 rw-p 00000000 00:00 0 
7f14d4dcb000-7f14d4ded000 r-xp 00000000 08:01 2621671                    /lib/x86_64-linux-gnu/ld-2.15.so
7f14d4df2000-7f14d4ecd000 rw-p 00000000 00:00 0 
7f14d4ecd000-7f14d4ed0000 ---p 00000000 00:00 0 
7f14d4ed0000-7f14d4fd2000 rw-p 00000000 00:00 0                          [stack:11263]
7f14d4fd2000-7f14d4fe1000 r--s 000df000 08:01 11274850                   /root/Android/Sdk/build-tools/23.0.3/lib/dx.jar
7f14d4fe1000-7f14d4fe9000 rw-s 00000000 08:01 4850379                    /tmp/hsperfdata_root/11256
7f14d4fe9000-7f14d4fea000 rw-p 00000000 00:00 0 
7f14d4fea000-7f14d4feb000 r--p 00000000 00:00 0 
7f14d4feb000-7f14d4fed000 rw-p 00000000 00:00 0 
7f14d4fed000-7f14d4fee000 r--p 00022000 08:01 2621671                    /lib/x86_64-linux-gnu/ld-2.15.so
7f14d4fee000-7f14d4ff0000 rw-p 00023000 08:01 2621671                    /lib/x86_64-linux-gnu/ld-2.15.so
7fff066fd000-7fff0671e000 rw-p 00000000 00:00 0                          [stack]
7fff067e9000-7fff067eb000 r-xp 00000000 00:00 0                          [vdso]
ffffffffff600000-ffffffffff601000 r-xp 00000000 00:00 0                  [vsyscall]

VM Arguments:
jvm_args: -Djava.awt.headless=true -Xmx1024M -Dfile.encoding=UTF-8 -Duser.country=US -Duser.language=en -Duser.variant 
java_command: com.android.dx.command.Main --dex --force-jumbo --num-threads=4 --output /home/lin/other/AndroidProjects/Radio/app/build/intermediates/pre-dexed/debug/com.android.support-support-v4-23.4.0_ac3bdcdce9bb63a2e369af28a6b233d87e981259.jar /home/lin/other/AndroidProjects/Radio/app/build/intermediates/exploded-aar/com.android.support/support-v4/23.4.0/jars/classes.jar
java_class_path (initial): /root/Android/Sdk/build-tools/23.0.3/lib/dx.jar
Launcher Type: SUN_STANDARD

Environment Variables:
PATH=/usr/local/sbin:/usr/local/bin:/usr/sbin:/usr/bin:/sbin:/bin
USERNAME=root
LD_LIBRARY_PATH=/opt/android-studio/bin:
SHELL=/bin/bash
DISPLAY=:0.0

Signal Handlers:
SIGSEGV: [libjvm.so+0xac4790], sa_mask[0]=11111111011111111101111111111110, sa_flags=SA_RESTART|SA_SIGINFO
SIGBUS: [libjvm.so+0xac4790], sa_mask[0]=11111111011111111101111111111110, sa_flags=SA_RESTART|SA_SIGINFO
SIGFPE: [libjvm.so+0x91f140], sa_mask[0]=11111111011111111101111111111110, sa_flags=SA_RESTART|SA_SIGINFO
SIGPIPE: [libjvm.so+0x91f140], sa_mask[0]=11111111011111111101111111111110, sa_flags=SA_RESTART|SA_SIGINFO
SIGXFSZ: [libjvm.so+0x91f140], sa_mask[0]=11111111011111111101111111111110, sa_flags=SA_RESTART|SA_SIGINFO
SIGILL: [libjvm.so+0x91f140], sa_mask[0]=11111111011111111101111111111110, sa_flags=SA_RESTART|SA_SIGINFO
SIGUSR1: SIG_DFL, sa_mask[0]=00000000000000000000000000000000, sa_flags=none
SIGUSR2: [libjvm.so+0x920770], sa_mask[0]=00100000000000000000000000000000, sa_flags=SA_RESTART|SA_SIGINFO
SIGHUP: [libjvm.so+0x921b70], sa_mask[0]=11111111011111111101111111111110, sa_flags=SA_RESTART|SA_SIGINFO
SIGINT: [libjvm.so+0x921b70], sa_mask[0]=11111111011111111101111111111110, sa_flags=SA_RESTART|SA_SIGINFO
SIGTERM: [libjvm.so+0x921b70], sa_mask[0]=11111111011111111101111111111110, sa_flags=SA_RESTART|SA_SIGINFO
SIGQUIT: [libjvm.so+0x921b70], sa_mask[0]=11111111011111111101111111111110, sa_flags=SA_RESTART|SA_SIGINFO


---------------  S Y S T E M  ---------------

OS:DISTRIB_ID=Ubuntu
DISTRIB_RELEASE=12.04
DISTRIB_CODENAME=precise
DISTRIB_DESCRIPTION="Ubuntu 12.04.5 LTS"

uname:Linux 3.13.0-95-generic #142~precise1-Ubuntu SMP Fri Aug 12 18:20:15 UTC 2016 x86_64
libc:glibc 2.15 NPTL 2.15 
rlimit: STACK 8192k, CORE 0k, NPROC 22873, NOFILE 4096, AS infinity
load average:12.30 7.47 4.91

/proc/meminfo:
MemTotal:        2948840 kB
MemFree:           77948 kB
Buffers:            7680 kB
Cached:           251032 kB
SwapCached:        31100 kB
Active:          2119400 kB
Inactive:         581960 kB
Active(anon):    2048964 kB
Inactive(anon):   516300 kB
Active(file):      70436 kB
Inactive(file):    65660 kB
Unevictable:           0 kB
Mlocked:               0 kB
SwapTotal:       3008508 kB
SwapFree:        2798940 kB
Dirty:                56 kB
Writeback:             0 kB
AnonPages:       2426632 kB
Mapped:            75980 kB
Shmem:            122552 kB
Slab:              83560 kB
SReclaimable:      56492 kB
SUnreclaim:        27068 kB
KernelStack:        4528 kB
PageTables:        33700 kB
NFS_Unstable:          0 kB
Bounce:                0 kB
WritebackTmp:          0 kB
CommitLimit:     4482928 kB
Committed_AS:    5277572 kB
VmallocTotal:   34359738367 kB
VmallocUsed:      346432 kB
VmallocChunk:   34359385692 kB
HardwareCorrupted:     0 kB
AnonHugePages:    600064 kB
HugePages_Total:       0
HugePages_Free:        0
HugePages_Rsvd:        0
HugePages_Surp:        0
Hugepagesize:       2048 kB
DirectMap4k:       55684 kB
DirectMap2M:     2955264 kB


CPU:total 2 (2 cores per cpu, 1 threads per core) family 6 model 15 stepping 13, cmov, cx8, fxsr, mmx, sse, sse2, sse3, ssse3, tsc

/proc/cpuinfo:
processor	: 0
vendor_id	: GenuineIntel
cpu family	: 6
model		: 15
model name	: Genuine Intel(R) CPU           T1600  @ 1.66GHz
stepping	: 13
microcode	: 0xa3
cpu MHz		: 1662.567
cache size	: 1024 KB
physical id	: 0
siblings	: 2
core id		: 0
cpu cores	: 2
apicid		: 0
initial apicid	: 0
fpu		: yes
fpu_exception	: yes
cpuid level	: 10
wp		: yes
flags		: fpu vme de pse tsc msr pae mce cx8 apic sep mtrr pge mca cmov pat pse36 clflush dts acpi mmx fxsr sse sse2 ss ht tm pbe syscall nx lm constant_tsc arch_perfmon pebs bts rep_good nopl aperfmperf pni dtes64 monitor ds_cpl tm2 ssse3 cx16 xtpr pdcm lahf_lm dtherm
bogomips	: 3325.13
clflush size	: 64
cache_alignment	: 64
address sizes	: 36 bits physical, 48 bits virtual
power management:

processor	: 1
vendor_id	: GenuineIntel
cpu family	: 6
model		: 15
model name	: Genuine Intel(R) CPU           T1600  @ 1.66GHz
stepping	: 13
microcode	: 0xa3
cpu MHz		: 1662.567
cache size	: 1024 KB
physical id	: 0
siblings	: 2
core id		: 1
cpu cores	: 2
apicid		: 1
initial apicid	: 1
fpu		: yes
fpu_exception	: yes
cpuid level	: 10
wp		: yes
flags		: fpu vme de pse tsc msr pae mce cx8 apic sep mtrr pge mca cmov pat pse36 clflush dts acpi mmx fxsr sse sse2 ss ht tm pbe syscall nx lm constant_tsc arch_perfmon pebs bts rep_good nopl aperfmperf pni dtes64 monitor ds_cpl tm2 ssse3 cx16 xtpr pdcm lahf_lm dtherm
bogomips	: 3325.13
clflush size	: 64
cache_alignment	: 64
address sizes	: 36 bits physical, 48 bits virtual
power management:



Memory: 4k page, physical 2948840k(77948k free), swap 3008508k(2798940k free)

vm_info: Java HotSpot(TM) 64-Bit Server VM (25.101-b13) for linux-amd64 JRE (1.8.0_101-b13), built on Jun 22 2016 02:59:44 by "java_re" with gcc 4.3.0 20080428 (Red Hat 4.3.0-8)

time: Thu Sep  8 14:28:14 2016
elapsed time: 42 seconds (0d 0h 0m 42s)

