#
# A fatal error has been detected by the Java Runtime Environment:
#
#  SIGSEGV (0xb) at pc=0x00007fe0811fbb03, pid=15307, tid=0x00007fe053fff700
#
# JRE version: Java(TM) SE Runtime Environment (8.0_101-b13) (build 1.8.0_101-b13)
# Java VM: Java HotSpot(TM) 64-Bit Server VM (25.101-b13 mixed mode linux-amd64 compressed oops)
# Problematic frame:
# V  [libjvm.so+0x36eb03]  GraphBuilder::invoke(Bytecodes::Code)+0xd43
#
# Failed to write core dump. Core dumps have been disabled. To enable core dumping, try "ulimit -c unlimited" before starting Java again
#
# If you would like to submit a bug report, please visit:
#   http://bugreport.java.com/bugreport/crash.jsp
#

---------------  T H R E A D  ---------------

Current thread (0x00007fe07c0b7800):  JavaThread "C1 CompilerThread1" daemon [_thread_in_native, id=15319, stack(0x00007fe053eff000,0x00007fe054000000)]

siginfo: si_signo: 11 (SIGSEGV), si_code: 128 (SI_KERNEL), si_addr: 0x0000000000000000

Registers:
RAX=0x00007fe0816b3980, RBX=0x0000000000000000, RCX=0x0000000000000000, RDX=0x00007fe04029c580
RSP=0x00007fe053ffddf0, RBP=0x00007fe053ffdea0, RSI=0x0000000000000002, RDI=0x00007fe081d87150
R8 =0x00007fe07c01c6e0, R9 =0x0000000000000001, R10=0x0000000000000002, R11=0x0000000000000000
R12=0x00007fe081d87150, R13=0x00000000000000b7, R14=0x00007fe053ffe110, R15=0x00007fe081e02828
RIP=0x00007fe0811fbb03, EFLAGS=0x0000000000010202, CSGSFS=0x0000000000000033, ERR=0x0000000000000000
  TRAPNO=0x000000000000000d

Top of Stack: (sp=0x00007fe053ffddf0)
0x00007fe053ffddf0:   00007fe053ffde50 00007fe0811ee639
0x00007fe053ffde00:   00007fe081dbd330 000000b753ffe440
0x00007fe053ffde10:   00007fe0401b0180 00007fe0401b00c0
0x00007fe053ffde20:   00007fe0401b00c0 00007fe0401a9260
0x00007fe053ffde30:   00007fe0401b00c0 00000000002a2510
0x00007fe053ffde40:   0000000000000000 00007fe053ffe110
0x00007fe053ffde50:   00007fe053ffdea0 00007fe04029c580
0x00007fe053ffde60:   00007fe00000000c 00007fe0401b0220
0x00007fe053ffde70:   01007fe00000000c 0000000000000000
0x00007fe053ffde80:   0000000000000111 00000000000000b7
0x00007fe053ffde90:   00007fe04029c290 00007fe053ffe110
0x00007fe053ffdea0:   00007fe053ffdf60 00007fe0811fc2fd
0x00007fe053ffdeb0:   00007fe04029c2d8 00007fe04029c438
0x00007fe053ffdec0:   fffffffffffffff8 00007fe053ffdee0
0x00007fe053ffded0:   0000000000000000 fffffffffffffff8
0x00007fe053ffdee0:   00007fe0401a9310 00007fe0401a9260
0x00007fe053ffdef0:   00007fe0401aaa4b 0000000000000000
0x00007fe053ffdf00:   0000000000000005 00007fe0401aa9d0
0x00007fe053ffdf10:   00007fe0401aaae1 00007fe0401aaa4e
0x00007fe053ffdf20:   000000b7000000b7 00007fe040288a20
0x00007fe053ffdf30:   0000000000000008 00007fe040296370
0x00007fe053ffdf40:   00007fe04029c410 00007fe053ffe110
0x00007fe053ffdf50:   00007fe04029c290 0000000000000000
0x00007fe053ffdf60:   00007fe053ffdfa0 00007fe0811fde32
0x00007fe053ffdf70:   00007fe053ffdfa0 00007fe040288960
0x00007fe053ffdf80:   00007fe053ffe110 00007fe0402941d0
0x00007fe053ffdf90:   00007fe0402936a0 00000000ffffffff
0x00007fe053ffdfa0:   00007fe053ffe0f0 00007fe0811ffa57
0x00007fe053ffdfb0:   00007fe0819b4b3e 00007fe053ffdfc0
0x00007fe053ffdfc0:   00007fe053ffe440 00007fe0402936a0
0x00007fe053ffdfd0:   00007fe000000017 00007fe040297130
0x00007fe053ffdfe0:   00007fe000000020 00007fe040293920 

Instructions: (pc=0x00007fe0811fbb03)
0x00007fe0811fbae3:   49 89 c4 0f 84 3c fb ff ff 4c 89 e7 e8 6c 5d fb
0x00007fe0811fbaf3:   ff 84 c0 0f 84 2c fb ff ff 49 8b 04 24 4c 89 e7
0x00007fe0811fbb03:   ff 50 58 84 c0 0f 84 1a fb ff ff 49 8b 04 24 4c
0x00007fe0811fbb13:   89 e7 ff 90 c0 00 00 00 84 c0 0f 85 05 fb ff ff 

Register to memory mapping:

RAX=0x00007fe0816b3980: <offset 0x826980> in /usr/lib/jvm/java-8-oracle/jre/lib/amd64/server/libjvm.so at 0x00007fe080e8d000
RBX=0x0000000000000000 is an unknown value
RCX=0x0000000000000000 is an unknown value
RDX=0x00007fe04029c580 is an unknown value
RSP=0x00007fe053ffddf0 is pointing into the stack for thread: 0x00007fe07c0b7800
RBP=0x00007fe053ffdea0 is pointing into the stack for thread: 0x00007fe07c0b7800
RSI=0x0000000000000002 is an unknown value
RDI=0x00007fe081d87150: <offset 0xefa150> in /usr/lib/jvm/java-8-oracle/jre/lib/amd64/server/libjvm.so at 0x00007fe080e8d000
R8 =0x00007fe07c01c6e0 is an unknown value
R9 =0x0000000000000001 is an unknown value
R10=0x0000000000000002 is an unknown value
R11=0x0000000000000000 is an unknown value
R12=0x00007fe081d87150: <offset 0xefa150> in /usr/lib/jvm/java-8-oracle/jre/lib/amd64/server/libjvm.so at 0x00007fe080e8d000
R13=0x00000000000000b7 is an unknown value
R14=0x00007fe053ffe110 is pointing into the stack for thread: 0x00007fe07c0b7800
R15=0x00007fe081e02828: <offset 0xf75828> in /usr/lib/jvm/java-8-oracle/jre/lib/amd64/server/libjvm.so at 0x00007fe080e8d000


Stack: [0x00007fe053eff000,0x00007fe054000000],  sp=0x00007fe053ffddf0,  free space=1019k
Native frames: (J=compiled Java code, j=interpreted, Vv=VM code, C=native code)
V  [libjvm.so+0x36eb03]  GraphBuilder::invoke(Bytecodes::Code)+0xd43
V  [libjvm.so+0x36f2fd]  GraphBuilder::iterate_bytecodes_for_block(int)+0x6ad
V  [libjvm.so+0x370e32]  GraphBuilder::iterate_all_blocks(bool)+0xf2
V  [libjvm.so+0x372a57]  GraphBuilder::GraphBuilder(Compilation*, IRScope*)+0x527
V  [libjvm.so+0x37ad87]  IRScope::IRScope(Compilation*, IRScope*, int, ciMethod*, int, bool)+0x1e7
V  [libjvm.so+0x37ae9f]  IR::IR(Compilation*, ciMethod*, int)+0x9f
V  [libjvm.so+0x35944b]  Compilation::build_hir()+0xdb
V  [libjvm.so+0x35980e]  Compilation::compile_java_method()+0x6e
V  [libjvm.so+0x35993e]  Compilation::compile_method()+0x4e
V  [libjvm.so+0x359cae]  Compilation::Compilation(AbstractCompiler*, ciEnv*, ciMethod*, int, BufferBlob*)+0x25e
V  [libjvm.so+0x35aa59]  Compiler::compile_method(ciEnv*, ciMethod*, int)+0xa9
V  [libjvm.so+0x4af61a]  CompileBroker::invoke_compiler_on_method(CompileTask*)+0xc9a
V  [libjvm.so+0x4b05c6]  CompileBroker::compiler_thread_loop()+0x5d6
V  [libjvm.so+0xa7343f]  JavaThread::thread_main_inner()+0xdf
V  [libjvm.so+0xa7356c]  JavaThread::run()+0x11c
V  [libjvm.so+0x924698]  java_start(Thread*)+0x108
C  [libpthread.so.0+0x7e9a]  start_thread+0xda


Current CompileTask:
C1:   3801  679   !   2       com.android.dx.rop.code.BasicBlock::<init> (273 bytes)


---------------  P R O C E S S  ---------------

Java Threads: ( => current thread )
  0x00007fe07c15a800 JavaThread "pool-1-thread-4" [_thread_in_Java, id=15326, stack(0x00007fe0537f8000,0x00007fe0538f9000)]
  0x00007fe07c158800 JavaThread "pool-1-thread-3" [_thread_in_Java, id=15325, stack(0x00007fe0538f9000,0x00007fe0539fa000)]
  0x00007fe07c158000 JavaThread "pool-1-thread-2" [_thread_in_Java, id=15324, stack(0x00007fe0539fa000,0x00007fe053afb000)]
  0x00007fe07c14b000 JavaThread "pool-2-thread-1" [_thread_blocked, id=15323, stack(0x00007fe053afb000,0x00007fe053bfc000)]
  0x00007fe07c149000 JavaThread "pool-1-thread-1" [_thread_in_Java, id=15322, stack(0x00007fe053bfc000,0x00007fe053cfd000)]
  0x00007fe07c0ba000 JavaThread "Service Thread" daemon [_thread_blocked, id=15320, stack(0x00007fe053dfe000,0x00007fe053eff000)]
=>0x00007fe07c0b7800 JavaThread "C1 CompilerThread1" daemon [_thread_in_native, id=15319, stack(0x00007fe053eff000,0x00007fe054000000)]
  0x00007fe07c0b4800 JavaThread "C2 CompilerThread0" daemon [_thread_in_native, id=15318, stack(0x00007fe068025000,0x00007fe068126000)]
  0x00007fe07c0b3000 JavaThread "Signal Dispatcher" daemon [_thread_blocked, id=15317, stack(0x00007fe068126000,0x00007fe068227000)]
  0x00007fe07c080000 JavaThread "Finalizer" daemon [_thread_blocked, id=15316, stack(0x00007fe06890b000,0x00007fe068a0c000)]
  0x00007fe07c07b800 JavaThread "Reference Handler" daemon [_thread_blocked, id=15315, stack(0x00007fe068a0c000,0x00007fe068b0d000)]
  0x00007fe07c00a000 JavaThread "main" [_thread_in_vm, id=15311, stack(0x00007fe082972000,0x00007fe082a73000)]

Other Threads:
  0x00007fe07c073800 VMThread [stack: 0x00007fe068b0d000,0x00007fe068c0e000] [id=15314]
  0x00007fe07c0bd800 WatcherThread [stack: 0x00007fe053cfd000,0x00007fe053dfe000] [id=15321]

VM state:not at safepoint (normal execution)

VM Mutex/Monitor currently owned by a thread: None

Heap:
 PSYoungGen      total 13824K, used 8164K [0x00000000eab00000, 0x00000000ec600000, 0x0000000100000000)
  eden space 12288K, 53% used [0x00000000eab00000,0x00000000eb17a8a8,0x00000000eb700000)
  from space 1536K, 99% used [0x00000000eb880000,0x00000000eb9fea80,0x00000000eba00000)
  to   space 1536K, 0% used [0x00000000eb700000,0x00000000eb700000,0x00000000eb880000)
 ParOldGen       total 31744K, used 2138K [0x00000000c0000000, 0x00000000c1f00000, 0x00000000eab00000)
  object space 31744K, 6% used [0x00000000c0000000,0x00000000c0216a70,0x00000000c1f00000)
 Metaspace       used 5672K, capacity 6640K, committed 6784K, reserved 1056768K
  class space    used 591K, capacity 616K, committed 640K, reserved 1048576K

Card table byte_map: [0x00007fe06c40c000,0x00007fe06c60d000] byte_map_base: 0x00007fe06be0c000

Marking Bits: (ParMarkBitMap*) 0x00007fe081e4e120
 Begin Bits: [0x00007fe06a1b5000, 0x00007fe06b1b5000)
 End Bits:   [0x00007fe06b1b5000, 0x00007fe06c1b5000)

Polling page: 0x00007fe082a8f000

CodeCache: size=245760Kb used=2267Kb max_used=2267Kb free=243492Kb
 bounds [0x00007fe06c9cd000, 0x00007fe06cc3d000, 0x00007fe07b9cd000]
 total_blobs=875 nmethods=609 adapters=182
 compilation: enabled

Compilation events (10 events):
Event: 3.657 Thread 0x00007fe07c0b7800 nmethod 673 0x00007fe06cc02790 code [0x00007fe06cc02920, 0x00007fe06cc02c88]
Event: 3.657 Thread 0x00007fe07c0b7800  646       3       com.android.dx.rop.cst.CstBaseMethodRef::compareTo0 (29 bytes)
Event: 3.657 Thread 0x00007fe07c0b7800 nmethod 646 0x00007fe06cc02e90 code [0x00007fe06cc03020, 0x00007fe06cc033b8]
Event: 3.657 Thread 0x00007fe07c0b7800  658       2       java.util.ArrayList::subListRangeCheck (110 bytes)
Event: 3.659 Thread 0x00007fe07c0b7800 nmethod 658 0x00007fe06cc03510 code [0x00007fe06cc03780, 0x00007fe06cc04128]
Event: 3.659 Thread 0x00007fe07c0b7800  659       2       java.util.ArrayList$SubList::<init> (46 bytes)
Event: 3.659 Thread 0x00007fe07c0b7800 nmethod 659 0x00007fe06cc04810 code [0x00007fe06cc04960, 0x00007fe06cc04af0]
Event: 3.659 Thread 0x00007fe07c0b7800  660       2       java.util.ArrayList$SubList::size (9 bytes)
Event: 3.688 Thread 0x00007fe07c0b7800 nmethod 660 0x00007fe06cc04bd0 code [0x00007fe06cc04d40, 0x00007fe06cc04f08]
Event: 3.688 Thread 0x00007fe07c0b7800  679   !   2       com.android.dx.rop.code.BasicBlock::<init> (273 bytes)

GC Heap History (4 events):
Event: 1.640 GC heap before
{Heap before GC invocations=1 (full 0):
 PSYoungGen      total 13824K, used 12288K [0x00000000eab00000, 0x00000000eba00000, 0x0000000100000000)
  eden space 12288K, 100% used [0x00000000eab00000,0x00000000eb700000,0x00000000eb700000)
  from space 1536K, 0% used [0x00000000eb880000,0x00000000eb880000,0x00000000eba00000)
  to   space 1536K, 0% used [0x00000000eb700000,0x00000000eb700000,0x00000000eb880000)
 ParOldGen       total 31744K, used 0K [0x00000000c0000000, 0x00000000c1f00000, 0x00000000eab00000)
  object space 31744K, 0% used [0x00000000c0000000,0x00000000c0000000,0x00000000c1f00000)
 Metaspace       used 3344K, capacity 4720K, committed 4864K, reserved 1056768K
  class space    used 359K, capacity 424K, committed 512K, reserved 1048576K
Event: 1.648 GC heap after
Heap after GC invocations=1 (full 0):
 PSYoungGen      total 13824K, used 813K [0x00000000eab00000, 0x00000000eba00000, 0x0000000100000000)
  eden space 12288K, 0% used [0x00000000eab00000,0x00000000eab00000,0x00000000eb700000)
  from space 1536K, 52% used [0x00000000eb700000,0x00000000eb7cb630,0x00000000eb880000)
  to   space 1536K, 0% used [0x00000000eb880000,0x00000000eb880000,0x00000000eba00000)
 ParOldGen       total 31744K, used 8K [0x00000000c0000000, 0x00000000c1f00000, 0x00000000eab00000)
  object space 31744K, 0% used [0x00000000c0000000,0x00000000c0002000,0x00000000c1f00000)
 Metaspace       used 3344K, capacity 4720K, committed 4864K, reserved 1056768K
  class space    used 359K, capacity 424K, committed 512K, reserved 1048576K
}
Event: 3.169 GC heap before
{Heap before GC invocations=2 (full 0):
 PSYoungGen      total 13824K, used 13101K [0x00000000eab00000, 0x00000000eba00000, 0x0000000100000000)
  eden space 12288K, 100% used [0x00000000eab00000,0x00000000eb700000,0x00000000eb700000)
  from space 1536K, 52% used [0x00000000eb700000,0x00000000eb7cb630,0x00000000eb880000)
  to   space 1536K, 0% used [0x00000000eb880000,0x00000000eb880000,0x00000000eba00000)
 ParOldGen       total 31744K, used 8K [0x00000000c0000000, 0x00000000c1f00000, 0x00000000eab00000)
  object space 31744K, 0% used [0x00000000c0000000,0x00000000c0002000,0x00000000c1f00000)
 Metaspace       used 5589K, capacity 6576K, committed 6784K, reserved 1056768K
  class space    used 590K, capacity 616K, committed 640K, reserved 1048576K
Event: 3.201 GC heap after
Heap after GC invocations=2 (full 0):
 PSYoungGen      total 13824K, used 1530K [0x00000000eab00000, 0x00000000ec600000, 0x0000000100000000)
  eden space 12288K, 0% used [0x00000000eab00000,0x00000000eab00000,0x00000000eb700000)
  from space 1536K, 99% used [0x00000000eb880000,0x00000000eb9fea80,0x00000000eba00000)
  to   space 1536K, 0% used [0x00000000eb700000,0x00000000eb700000,0x00000000eb880000)
 ParOldGen       total 31744K, used 2138K [0x00000000c0000000, 0x00000000c1f00000, 0x00000000eab00000)
  object space 31744K, 6% used [0x00000000c0000000,0x00000000c0216a70,0x00000000c1f00000)
 Metaspace       used 5589K, capacity 6576K, committed 6784K, reserved 1056768K
  class space    used 590K, capacity 616K, committed 640K, reserved 1048576K
}

Deoptimization events (3 events):
Event: 1.716 Thread 0x00007fe07c00a000 Uncommon trap: reason=unstable_if action=reinterpret pc=0x00007fe06cb27a98 method=java.lang.String.compareTo(Ljava/lang/String;)I @ 38
Event: 1.967 Thread 0x00007fe07c00a000 Uncommon trap: reason=unstable_if action=reinterpret pc=0x00007fe06cb4c610 method=java.lang.String.indexOf(II)I @ 49
Event: 2.987 Thread 0x00007fe07c149000 Uncommon trap: reason=unstable_if action=reinterpret pc=0x00007fe06cbba110 method=java.util.HashMap.getNode(ILjava/lang/Object;)Ljava/util/HashMap$Node; @ 62

Internal exceptions (2 events):
Event: 0.133 Thread 0x00007fe07c00a000 Exception <a 'java/lang/NoSuchMethodError': Method sun.misc.Unsafe.defineClass(Ljava/lang/String;[BII)Ljava/lang/Class; name or signature does not match> (0x00000000eab07cc0) thrown at [/HUDSON3/workspace/8-2-build-linux-amd64/jdk8u101/7261/hotspot/src/sh
Event: 0.133 Thread 0x00007fe07c00a000 Exception <a 'java/lang/NoSuchMethodError': Method sun.misc.Unsafe.prefetchRead(Ljava/lang/Object;J)V name or signature does not match> (0x00000000eab07fa8) thrown at [/HUDSON3/workspace/8-2-build-linux-amd64/jdk8u101/7261/hotspot/src/share/vm/prims/jni.c

Events (10 events):
Event: 2.987 Thread 0x00007fe07c149000 DEOPT PACKING pc=0x00007fe06cbba110 sp=0x00007fe053cfad70
Event: 2.987 Thread 0x00007fe07c149000 DEOPT UNPACKING pc=0x00007fe06c9d1f69 sp=0x00007fe053cfad08 mode 2
Event: 3.023 loading class java/util/DualPivotQuicksort
Event: 3.036 loading class com/android/dx/cf/attrib/AttLocalVariableTypeTable
Event: 3.036 loading class com/android/dx/cf/attrib/AttLocalVariableTypeTable done
Event: 3.037 loading class com/android/dx/cf/attrib/AttSignature
Event: 3.037 loading class com/android/dx/cf/attrib/AttSignature done
Event: 3.064 loading class java/util/DualPivotQuicksort done
Event: 3.160 Executing VM operation: ParallelGCFailedAllocation
Event: 3.201 Executing VM operation: ParallelGCFailedAllocation done


Dynamic libraries:
00400000-00401000 r-xp 00000000 08:01 3279757                            /usr/lib/jvm/java-8-oracle/bin/java
00600000-00601000 rw-p 00000000 08:01 3279757                            /usr/lib/jvm/java-8-oracle/bin/java
009d3000-009f4000 rw-p 00000000 00:00 0                                  [heap]
c0000000-c1f00000 rw-p 00000000 00:00 0 
c1f00000-eab00000 ---p 00000000 00:00 0 
eab00000-ec600000 rw-p 00000000 00:00 0 
ec600000-100000000 ---p 00000000 00:00 0 
100000000-1000a0000 rw-p 00000000 00:00 0 
1000a0000-140000000 ---p 00000000 00:00 0 
7fe028000000-7fe028021000 rw-p 00000000 00:00 0 
7fe028021000-7fe02c000000 ---p 00000000 00:00 0 
7fe030000000-7fe030021000 rw-p 00000000 00:00 0 
7fe030021000-7fe034000000 ---p 00000000 00:00 0 
7fe034000000-7fe034021000 rw-p 00000000 00:00 0 
7fe034021000-7fe038000000 ---p 00000000 00:00 0 
7fe038000000-7fe038021000 rw-p 00000000 00:00 0 
7fe038021000-7fe03c000000 ---p 00000000 00:00 0 
7fe03c000000-7fe03c03a000 rw-p 00000000 00:00 0 
7fe03c03a000-7fe040000000 ---p 00000000 00:00 0 
7fe040000000-7fe04053f000 rw-p 00000000 00:00 0 
7fe04053f000-7fe044000000 ---p 00000000 00:00 0 
7fe044000000-7fe044021000 rw-p 00000000 00:00 0 
7fe044021000-7fe048000000 ---p 00000000 00:00 0 
7fe048000000-7fe04819e000 rw-p 00000000 00:00 0 
7fe04819e000-7fe04c000000 ---p 00000000 00:00 0 
7fe04c000000-7fe04c021000 rw-p 00000000 00:00 0 
7fe04c021000-7fe050000000 ---p 00000000 00:00 0 
7fe0537f8000-7fe0537fb000 ---p 00000000 00:00 0 
7fe0537fb000-7fe0538f9000 rw-p 00000000 00:00 0                          [stack:15326]
7fe0538f9000-7fe0538fc000 ---p 00000000 00:00 0 
7fe0538fc000-7fe0539fa000 rw-p 00000000 00:00 0                          [stack:15325]
7fe0539fa000-7fe0539fd000 ---p 00000000 00:00 0 
7fe0539fd000-7fe053afb000 rw-p 00000000 00:00 0                          [stack:15324]
7fe053afb000-7fe053afe000 ---p 00000000 00:00 0 
7fe053afe000-7fe053bfc000 rw-p 00000000 00:00 0                          [stack:15323]
7fe053bfc000-7fe053bff000 ---p 00000000 00:00 0 
7fe053bff000-7fe053cfd000 rw-p 00000000 00:00 0                          [stack:15322]
7fe053cfd000-7fe053cfe000 ---p 00000000 00:00 0 
7fe053cfe000-7fe053dfe000 rw-p 00000000 00:00 0                          [stack:15321]
7fe053dfe000-7fe053e01000 ---p 00000000 00:00 0 
7fe053e01000-7fe053eff000 rw-p 00000000 00:00 0                          [stack:15320]
7fe053eff000-7fe053f02000 ---p 00000000 00:00 0 
7fe053f02000-7fe054000000 rw-p 00000000 00:00 0                          [stack:15319]
7fe054000000-7fe054021000 rw-p 00000000 00:00 0 
7fe054021000-7fe058000000 ---p 00000000 00:00 0 
7fe058000000-7fe058021000 rw-p 00000000 00:00 0 
7fe058021000-7fe05c000000 ---p 00000000 00:00 0 
7fe05c000000-7fe05c021000 rw-p 00000000 00:00 0 
7fe05c021000-7fe060000000 ---p 00000000 00:00 0 
7fe060000000-7fe060021000 rw-p 00000000 00:00 0 
7fe060021000-7fe064000000 ---p 00000000 00:00 0 
7fe064000000-7fe064021000 rw-p 00000000 00:00 0 
7fe064021000-7fe068000000 ---p 00000000 00:00 0 
7fe06800f000-7fe068025000 r--s 000f1000 08:01 10627622                   /home/lin/other/AndroidProjects/Radio/app/build/intermediates/exploded-aar/com.android.support/support-v4/23.4.0/jars/classes.jar
7fe068025000-7fe068028000 ---p 00000000 00:00 0 
7fe068028000-7fe068126000 rw-p 00000000 00:00 0                          [stack:15318]
7fe068126000-7fe068129000 ---p 00000000 00:00 0 
7fe068129000-7fe068227000 rw-p 00000000 00:00 0                          [stack:15317]
7fe068227000-7fe06890b000 r--p 00000000 08:01 13113697                   /usr/lib/locale/locale-archive
7fe06890b000-7fe06890e000 ---p 00000000 00:00 0 
7fe06890e000-7fe068a0c000 rw-p 00000000 00:00 0                          [stack:15316]
7fe068a0c000-7fe068a0f000 ---p 00000000 00:00 0 
7fe068a0f000-7fe068b0d000 rw-p 00000000 00:00 0                          [stack:15315]
7fe068b0d000-7fe068b0e000 ---p 00000000 00:00 0 
7fe068b0e000-7fe069566000 rw-p 00000000 00:00 0                          [stack:15314]
7fe069566000-7fe06973f000 r--s 03d29000 08:01 13118676                   /usr/lib/jvm/java-8-oracle/jre/lib/rt.jar
7fe06973f000-7fe069db5000 rw-p 00000000 00:00 0 
7fe069db5000-7fe069fb5000 ---p 00000000 00:00 0 
7fe069fb5000-7fe06c1b5000 rw-p 00000000 00:00 0 
7fe06c1b5000-7fe06c1b6000 ---p 00000000 00:00 0 
7fe06c1b6000-7fe06c2c6000 rw-p 00000000 00:00 0                          [stack:15313]
7fe06c2c6000-7fe06c40c000 ---p 00000000 00:00 0 
7fe06c40c000-7fe06c41c000 rw-p 00000000 00:00 0 
7fe06c41c000-7fe06c561000 ---p 00000000 00:00 0 
7fe06c561000-7fe06c56f000 rw-p 00000000 00:00 0 
7fe06c56f000-7fe06c60c000 ---p 00000000 00:00 0 
7fe06c60c000-7fe06c617000 rw-p 00000000 00:00 0 
7fe06c617000-7fe06c9cd000 ---p 00000000 00:00 0 
7fe06c9cd000-7fe06cc3d000 rwxp 00000000 00:00 0 
7fe06cc3d000-7fe07b9cd000 ---p 00000000 00:00 0 
7fe07b9cd000-7fe07b9e7000 r-xp 00000000 08:01 13766358                   /usr/lib/jvm/java-8-oracle/jre/lib/amd64/libzip.so
7fe07b9e7000-7fe07bbe7000 ---p 0001a000 08:01 13766358                   /usr/lib/jvm/java-8-oracle/jre/lib/amd64/libzip.so
7fe07bbe7000-7fe07bbe8000 rw-p 0001a000 08:01 13766358                   /usr/lib/jvm/java-8-oracle/jre/lib/amd64/libzip.so
7fe07bbe8000-7fe07bbf3000 r-xp 00000000 08:01 2621673                    /lib/x86_64-linux-gnu/libnss_files-2.15.so
7fe07bbf3000-7fe07bdf2000 ---p 0000b000 08:01 2621673                    /lib/x86_64-linux-gnu/libnss_files-2.15.so
7fe07bdf2000-7fe07bdf3000 r--p 0000a000 08:01 2621673                    /lib/x86_64-linux-gnu/libnss_files-2.15.so
7fe07bdf3000-7fe07bdf4000 rw-p 0000b000 08:01 2621673                    /lib/x86_64-linux-gnu/libnss_files-2.15.so
7fe07bdf4000-7fe07bdfe000 r-xp 00000000 08:01 2621658                    /lib/x86_64-linux-gnu/libnss_nis-2.15.so
7fe07bdfe000-7fe07bffe000 ---p 0000a000 08:01 2621658                    /lib/x86_64-linux-gnu/libnss_nis-2.15.so
7fe07bffe000-7fe07bfff000 r--p 0000a000 08:01 2621658                    /lib/x86_64-linux-gnu/libnss_nis-2.15.so
7fe07bfff000-7fe07c000000 rw-p 0000b000 08:01 2621658                    /lib/x86_64-linux-gnu/libnss_nis-2.15.so
7fe07c000000-7fe07c387000 rw-p 00000000 00:00 0 
7fe07c387000-7fe080000000 ---p 00000000 00:00 0 
7fe080009000-7fe08002a000 rw-p 00000000 00:00 0 
7fe08002a000-7fe08002b000 ---p 00000000 00:00 0 
7fe08002b000-7fe08012b000 rw-p 00000000 00:00 0                          [stack:15312]
7fe08012b000-7fe080142000 r-xp 00000000 08:01 2621667                    /lib/x86_64-linux-gnu/libnsl-2.15.so
7fe080142000-7fe080341000 ---p 00017000 08:01 2621667                    /lib/x86_64-linux-gnu/libnsl-2.15.so
7fe080341000-7fe080342000 r--p 00016000 08:01 2621667                    /lib/x86_64-linux-gnu/libnsl-2.15.so
7fe080342000-7fe080343000 rw-p 00017000 08:01 2621667                    /lib/x86_64-linux-gnu/libnsl-2.15.so
7fe080343000-7fe080345000 rw-p 00000000 00:00 0 
7fe080345000-7fe08034d000 r-xp 00000000 08:01 2621672                    /lib/x86_64-linux-gnu/libnss_compat-2.15.so
7fe08034d000-7fe08054c000 ---p 00008000 08:01 2621672                    /lib/x86_64-linux-gnu/libnss_compat-2.15.so
7fe08054c000-7fe08054d000 r--p 00007000 08:01 2621672                    /lib/x86_64-linux-gnu/libnss_compat-2.15.so
7fe08054d000-7fe08054e000 rw-p 00008000 08:01 2621672                    /lib/x86_64-linux-gnu/libnss_compat-2.15.so
7fe08054e000-7fe080578000 r-xp 00000000 08:01 13766323                   /usr/lib/jvm/java-8-oracle/jre/lib/amd64/libjava.so
7fe080578000-7fe080778000 ---p 0002a000 08:01 13766323                   /usr/lib/jvm/java-8-oracle/jre/lib/amd64/libjava.so
7fe080778000-7fe08077a000 rw-p 0002a000 08:01 13766323                   /usr/lib/jvm/java-8-oracle/jre/lib/amd64/libjava.so
7fe08077a000-7fe080787000 r-xp 00000000 08:01 13766361                   /usr/lib/jvm/java-8-oracle/jre/lib/amd64/libverify.so
7fe080787000-7fe080987000 ---p 0000d000 08:01 13766361                   /usr/lib/jvm/java-8-oracle/jre/lib/amd64/libverify.so
7fe080987000-7fe080989000 rw-p 0000d000 08:01 13766361                   /usr/lib/jvm/java-8-oracle/jre/lib/amd64/libverify.so
7fe080989000-7fe080990000 r-xp 00000000 08:01 2621660                    /lib/x86_64-linux-gnu/librt-2.15.so
7fe080990000-7fe080b8f000 ---p 00007000 08:01 2621660                    /lib/x86_64-linux-gnu/librt-2.15.so
7fe080b8f000-7fe080b90000 r--p 00006000 08:01 2621660                    /lib/x86_64-linux-gnu/librt-2.15.so
7fe080b90000-7fe080b91000 rw-p 00007000 08:01 2621660                    /lib/x86_64-linux-gnu/librt-2.15.so
7fe080b91000-7fe080c8c000 r-xp 00000000 08:01 2621674                    /lib/x86_64-linux-gnu/libm-2.15.so
7fe080c8c000-7fe080e8b000 ---p 000fb000 08:01 2621674                    /lib/x86_64-linux-gnu/libm-2.15.so
7fe080e8b000-7fe080e8c000 r--p 000fa000 08:01 2621674                    /lib/x86_64-linux-gnu/libm-2.15.so
7fe080e8c000-7fe080e8d000 rw-p 000fb000 08:01 2621674                    /lib/x86_64-linux-gnu/libm-2.15.so
7fe080e8d000-7fe081b58000 r-xp 00000000 08:01 13894575                   /usr/lib/jvm/java-8-oracle/jre/lib/amd64/server/libjvm.so
7fe081b58000-7fe081d57000 ---p 00ccb000 08:01 13894575                   /usr/lib/jvm/java-8-oracle/jre/lib/amd64/server/libjvm.so
7fe081d57000-7fe081e30000 rw-p 00cca000 08:01 13894575                   /usr/lib/jvm/java-8-oracle/jre/lib/amd64/server/libjvm.so
7fe081e30000-7fe081e7b000 rw-p 00000000 00:00 0 
7fe081e7b000-7fe08202f000 r-xp 00000000 08:01 2621665                    /lib/x86_64-linux-gnu/libc-2.15.so
7fe08202f000-7fe08222e000 ---p 001b4000 08:01 2621665                    /lib/x86_64-linux-gnu/libc-2.15.so
7fe08222e000-7fe082232000 r--p 001b3000 08:01 2621665                    /lib/x86_64-linux-gnu/libc-2.15.so
7fe082232000-7fe082234000 rw-p 001b7000 08:01 2621665                    /lib/x86_64-linux-gnu/libc-2.15.so
7fe082234000-7fe082239000 rw-p 00000000 00:00 0 
7fe082239000-7fe08223b000 r-xp 00000000 08:01 2621657                    /lib/x86_64-linux-gnu/libdl-2.15.so
7fe08223b000-7fe08243b000 ---p 00002000 08:01 2621657                    /lib/x86_64-linux-gnu/libdl-2.15.so
7fe08243b000-7fe08243c000 r--p 00002000 08:01 2621657                    /lib/x86_64-linux-gnu/libdl-2.15.so
7fe08243c000-7fe08243d000 rw-p 00003000 08:01 2621657                    /lib/x86_64-linux-gnu/libdl-2.15.so
7fe08243d000-7fe082452000 r-xp 00000000 08:01 2627921                    /usr/lib/jvm/java-8-oracle/lib/amd64/jli/libjli.so
7fe082452000-7fe082652000 ---p 00015000 08:01 2627921                    /usr/lib/jvm/java-8-oracle/lib/amd64/jli/libjli.so
7fe082652000-7fe082653000 rw-p 00015000 08:01 2627921                    /usr/lib/jvm/java-8-oracle/lib/amd64/jli/libjli.so
7fe082653000-7fe08266b000 r-xp 00000000 08:01 2621668                    /lib/x86_64-linux-gnu/libpthread-2.15.so
7fe08266b000-7fe08286a000 ---p 00018000 08:01 2621668                    /lib/x86_64-linux-gnu/libpthread-2.15.so
7fe08286a000-7fe08286b000 r--p 00017000 08:01 2621668                    /lib/x86_64-linux-gnu/libpthread-2.15.so
7fe08286b000-7fe08286c000 rw-p 00018000 08:01 2621668                    /lib/x86_64-linux-gnu/libpthread-2.15.so
7fe08286c000-7fe082870000 rw-p 00000000 00:00 0 
7fe082870000-7fe082892000 r-xp 00000000 08:01 2621671                    /lib/x86_64-linux-gnu/ld-2.15.so
7fe082897000-7fe082972000 rw-p 00000000 00:00 0 
7fe082972000-7fe082975000 ---p 00000000 00:00 0 
7fe082975000-7fe082a77000 rw-p 00000000 00:00 0                          [stack:15311]
7fe082a77000-7fe082a86000 r--s 000df000 08:01 11274850                   /root/Android/Sdk/build-tools/23.0.3/lib/dx.jar
7fe082a86000-7fe082a8e000 rw-s 00000000 08:01 4850504                    /tmp/hsperfdata_root/15307
7fe082a8e000-7fe082a8f000 rw-p 00000000 00:00 0 
7fe082a8f000-7fe082a90000 r--p 00000000 00:00 0 
7fe082a90000-7fe082a92000 rw-p 00000000 00:00 0 
7fe082a92000-7fe082a93000 r--p 00022000 08:01 2621671                    /lib/x86_64-linux-gnu/ld-2.15.so
7fe082a93000-7fe082a95000 rw-p 00023000 08:01 2621671                    /lib/x86_64-linux-gnu/ld-2.15.so
7ffc96325000-7ffc96346000 rw-p 00000000 00:00 0                          [stack]
7ffc96367000-7ffc96369000 r-xp 00000000 00:00 0                          [vdso]
ffffffffff600000-ffffffffff601000 r-xp 00000000 00:00 0                  [vsyscall]

VM Arguments:
jvm_args: -Djava.awt.headless=true -Xmx1024M -Dfile.encoding=UTF-8 -Duser.country=US -Duser.language=en -Duser.variant 
java_command: com.android.dx.command.Main --dex --num-threads=4 --output /home/lin/other/AndroidProjects/Radio/app/build/intermediates/pre-dexed/debug/com.android.support-support-v4-23.4.0_ac3bdcdce9bb63a2e369af28a6b233d87e981259.jar /home/lin/other/AndroidProjects/Radio/app/build/intermediates/exploded-aar/com.android.support/support-v4/23.4.0/jars/classes.jar
java_class_path (initial): /root/Android/Sdk/build-tools/23.0.3/lib/dx.jar
Launcher Type: SUN_STANDARD

Environment Variables:
PATH=/usr/local/sbin:/usr/local/bin:/usr/sbin:/usr/bin:/sbin:/bin
USERNAME=root
LD_LIBRARY_PATH=/opt/android-studio/bin:
SHELL=/bin/bash
DISPLAY=:0.0

Signal Handlers:
SIGSEGV: [libjvm.so+0xac4790], sa_mask[0]=11111111011111111101111111111110, sa_flags=SA_RESTART|SA_SIGINFO
SIGBUS: [libjvm.so+0xac4790], sa_mask[0]=11111111011111111101111111111110, sa_flags=SA_RESTART|SA_SIGINFO
SIGFPE: [libjvm.so+0x91f140], sa_mask[0]=11111111011111111101111111111110, sa_flags=SA_RESTART|SA_SIGINFO
SIGPIPE: [libjvm.so+0x91f140], sa_mask[0]=11111111011111111101111111111110, sa_flags=SA_RESTART|SA_SIGINFO
SIGXFSZ: [libjvm.so+0x91f140], sa_mask[0]=11111111011111111101111111111110, sa_flags=SA_RESTART|SA_SIGINFO
SIGILL: [libjvm.so+0x91f140], sa_mask[0]=11111111011111111101111111111110, sa_flags=SA_RESTART|SA_SIGINFO
SIGUSR1: SIG_DFL, sa_mask[0]=00000000000000000000000000000000, sa_flags=none
SIGUSR2: [libjvm.so+0x920770], sa_mask[0]=00100000000000000000000000000000, sa_flags=SA_RESTART|SA_SIGINFO
SIGHUP: [libjvm.so+0x921b70], sa_mask[0]=11111111011111111101111111111110, sa_flags=SA_RESTART|SA_SIGINFO
SIGINT: [libjvm.so+0x921b70], sa_mask[0]=11111111011111111101111111111110, sa_flags=SA_RESTART|SA_SIGINFO
SIGTERM: [libjvm.so+0x921b70], sa_mask[0]=11111111011111111101111111111110, sa_flags=SA_RESTART|SA_SIGINFO
SIGQUIT: [libjvm.so+0x921b70], sa_mask[0]=11111111011111111101111111111110, sa_flags=SA_RESTART|SA_SIGINFO


---------------  S Y S T E M  ---------------

OS:DISTRIB_ID=Ubuntu
DISTRIB_RELEASE=12.04
DISTRIB_CODENAME=precise
DISTRIB_DESCRIPTION="Ubuntu 12.04.5 LTS"

uname:Linux 3.13.0-95-generic #142~precise1-Ubuntu SMP Fri Aug 12 18:20:15 UTC 2016 x86_64
libc:glibc 2.15 NPTL 2.15 
rlimit: STACK 8192k, CORE 0k, NPROC 22873, NOFILE 4096, AS infinity
load average:11.08 6.06 3.50

/proc/meminfo:
MemTotal:        2948840 kB
MemFree:           85412 kB
Buffers:           22632 kB
Cached:           776256 kB
SwapCached:        45528 kB
Active:          1845008 kB
Inactive:         827004 kB
Active(anon):    1533344 kB
Inactive(anon):   515324 kB
Active(file):     311664 kB
Inactive(file):   311680 kB
Unevictable:           0 kB
Mlocked:               0 kB
SwapTotal:       3008508 kB
SwapFree:        2748332 kB
Dirty:              8816 kB
Writeback:             0 kB
AnonPages:       1859764 kB
Mapped:           236376 kB
Shmem:            175580 kB
Slab:             105776 kB
SReclaimable:      76140 kB
SUnreclaim:        29636 kB
KernelStack:        4624 kB
PageTables:        33480 kB
NFS_Unstable:          0 kB
Bounce:                0 kB
WritebackTmp:          0 kB
CommitLimit:     4482928 kB
Committed_AS:    5018564 kB
VmallocTotal:   34359738367 kB
VmallocUsed:      346464 kB
VmallocChunk:   34359383644 kB
HardwareCorrupted:     0 kB
AnonHugePages:    792576 kB
HugePages_Total:       0
HugePages_Free:        0
HugePages_Rsvd:        0
HugePages_Surp:        0
Hugepagesize:       2048 kB
DirectMap4k:       67972 kB
DirectMap2M:     2942976 kB


CPU:total 2 (2 cores per cpu, 1 threads per core) family 6 model 15 stepping 13, cmov, cx8, fxsr, mmx, sse, sse2, sse3, ssse3, tsc

/proc/cpuinfo:
processor	: 0
vendor_id	: GenuineIntel
cpu family	: 6
model		: 15
model name	: Genuine Intel(R) CPU           T1600  @ 1.66GHz
stepping	: 13
microcode	: 0xa3
cpu MHz		: 1662.438
cache size	: 1024 KB
physical id	: 0
siblings	: 2
core id		: 0
cpu cores	: 2
apicid		: 0
initial apicid	: 0
fpu		: yes
fpu_exception	: yes
cpuid level	: 10
wp		: yes
flags		: fpu vme de pse tsc msr pae mce cx8 apic sep mtrr pge mca cmov pat pse36 clflush dts acpi mmx fxsr sse sse2 ss ht tm pbe syscall nx lm constant_tsc arch_perfmon pebs bts rep_good nopl aperfmperf pni dtes64 monitor ds_cpl tm2 ssse3 cx16 xtpr pdcm lahf_lm dtherm
bogomips	: 3324.87
clflush size	: 64
cache_alignment	: 64
address sizes	: 36 bits physical, 48 bits virtual
power management:

processor	: 1
vendor_id	: GenuineIntel
cpu family	: 6
model		: 15
model name	: Genuine Intel(R) CPU           T1600  @ 1.66GHz
stepping	: 13
microcode	: 0xa3
cpu MHz		: 1662.438
cache size	: 1024 KB
physical id	: 0
siblings	: 2
core id		: 1
cpu cores	: 2
apicid		: 1
initial apicid	: 1
fpu		: yes
fpu_exception	: yes
cpuid level	: 10
wp		: yes
flags		: fpu vme de pse tsc msr pae mce cx8 apic sep mtrr pge mca cmov pat pse36 clflush dts acpi mmx fxsr sse sse2 ss ht tm pbe syscall nx lm constant_tsc arch_perfmon pebs bts rep_good nopl aperfmperf pni dtes64 monitor ds_cpl tm2 ssse3 cx16 xtpr pdcm lahf_lm dtherm
bogomips	: 3324.87
clflush size	: 64
cache_alignment	: 64
address sizes	: 36 bits physical, 48 bits virtual
power management:



Memory: 4k page, physical 2948840k(85412k free), swap 3008508k(2748332k free)

vm_info: Java HotSpot(TM) 64-Bit Server VM (25.101-b13) for linux-amd64 JRE (1.8.0_101-b13), built on Jun 22 2016 02:59:44 by "java_re" with gcc 4.3.0 20080428 (Red Hat 4.3.0-8)

time: Tue Sep 27 21:13:15 2016
elapsed time: 3 seconds (0d 0h 0m 3s)

