#
# A fatal error has been detected by the Java Runtime Environment:
#
#  SIGSEGV (0xb) at pc=0x00007f3f6f45b041, pid=19540, tid=0x00007f3f55aec700
#
# JRE version: Java(TM) SE Runtime Environment (8.0_101-b13) (build 1.8.0_101-b13)
# Java VM: Java HotSpot(TM) 64-Bit Server VM (25.101-b13 mixed mode linux-amd64 compressed oops)
# Problematic frame:
# V  [libjvm.so+0x7f4041]  LinkResolver::runtime_resolve_virtual_method(CallInfo&, methodHandle, KlassHandle, Handle, KlassHandle, bool, Thread*)+0x81
#
# Failed to write core dump. Core dumps have been disabled. To enable core dumping, try "ulimit -c unlimited" before starting Java again
#
# If you would like to submit a bug report, please visit:
#   http://bugreport.java.com/bugreport/crash.jsp
#

---------------  T H R E A D  ---------------

Current thread (0x00007f3f6813a000):  JavaThread "pool-1-thread-1" [_thread_in_vm, id=19557, stack(0x00007f3f559ec000,0x00007f3f55aed000)]

siginfo: si_signo: 11 (SIGSEGV), si_code: 2 (SEGV_ACCERR), si_addr: 0x000000010021bee0

Registers:
RAX=0x0000000000000006, RBX=0x00007f3f6813aa90, RCX=0x00007f3f6813aa90, RDX=0x000000010021bcf8
RSP=0x00007f3f55ae9860, RBP=0x00007f3f55ae9960, RSI=0x00007f3f55ae99a0, RDI=0x00007f3f55aea8f0
R8 =0x000000010021bcf8, R9 =0x0000000000000001, R10=0x00007f3f706b50c0, R11=0x00007f3f680328f0
R12=0x0000000000000001, R13=0x0000000000000001, R14=0x00007f3f55ae99a0, R15=0x0000000000000006
RIP=0x00007f3f6f45b041, EFLAGS=0x0000000000010213, CSGSFS=0x0000000000000033, ERR=0x0000000000000004
  TRAPNO=0x000000000000000e

Top of Stack: (sp=0x00007f3f55ae9860)
0x00007f3f55ae9860:   00007f3f55ae99c0 00007f3f55ae98a0
0x00007f3f55ae9870:   01007f3f6cb9b3f0 000000010021bcf8
0x00007f3f55ae9880:   000000010001bcf8 00007f3f55aea8f0
0x00007f3f55ae9890:   0000045055ae98f0 00007f3f68006fe0
0x00007f3f55ae98a0:   00007f3f6ca9eb70 00007f3f6813a000
0x00007f3f55ae98b0:   00007f3f6ca9eb70 00007f3f6813a000
0x00007f3f55ae98c0:   00007f3f68139910 00007f3f3c000e60
0x00007f3f55ae98d0:   00007f3f3c000e70 000000010001bcf8
0x00007f3f55ae98e0:   00000000000003d8 00007f3f6813a000
0x00007f3f55ae98f0:   00007f3f6ca9eb70 00007f3f6813a000
0x00007f3f55ae9900:   00007f3f6ca9eb70 00007f3f681399a0
0x00007f3f55ae9910:   0000000000000000 0000000000000000
0x00007f3f55ae9920:   00007f3f6813a000 0000000000c5000a
0x00007f3f55ae9930:   00007f3f55ae9980 00007f3f6813aa90
0x00007f3f55ae9940:   000000010001bcf8 0000000000000001
0x00007f3f55ae9950:   00007f3f6813a000 000000010021bcf8
0x00007f3f55ae9960:   00007f3f55ae99f0 00007f3f6f45fb52
0x00007f3f55ae9970:   00007f3f6813a000 00007f3f55ae9a30
0x00007f3f55ae9980:   00007f3f55ae99f0 00007f3f55ae99b0
0x00007f3f55ae9990:   00007f3f55ae99a0 00007f3f55aea8f0
0x00007f3f55ae99a0:   00007f3f6c6a0e30 00007f3f6813a000
0x00007f3f55ae99b0:   00007f3f6c6a0e30 00007f3f6813a000
0x00007f3f55ae99c0:   00007f3f6c6a0e30 00007f3f681399a0
0x00007f3f55ae99d0:   00007f3f55aea1c0 00007f3f6813a000
0x00007f3f55ae99e0:   00007f3f6cadb028 0000000000000011
0x00007f3f55ae99f0:   00007f3f55ae9aa0 00007f3f6f45fe95
0x00007f3f55ae9a00:   0000000100087330 00007f3f00000001
0x00007f3f55ae9a10:   00007f3f00000001 00007f3f6813a000
0x00007f3f55ae9a20:   00007f3f6813aa90 00007f3f55aea8f0
0x00007f3f55ae9a30:   00007f3f6cadb028 00007f3f6813a000
0x00007f3f55ae9a40:   0000000100087330 00007f3f6813a000
0x00007f3f55ae9a50:   00007f3f706bc5a0 00007f3f706b7ac0 

Instructions: (pc=0x00007f3f6f45b041)
0x00007f3f6f45b021:   00 02 0f 85 8f 03 00 00 44 8b 7a 24 41 83 ff fe
0x00007f3f6f45b031:   0f 84 e1 05 00 00 48 8b 95 18 ff ff ff 49 63 c7
0x00007f3f6f45b041:   48 8b 84 c2 b8 01 00 00 48 8b 55 10 48 85 c0 48
0x00007f3f6f45b051:   89 45 80 48 89 55 88 74 14 48 89 45 c0 48 8b ba 

Register to memory mapping:

RAX=0x0000000000000006 is an unknown value
RBX=0x00007f3f6813aa90 is an unknown value
RCX=0x00007f3f6813aa90 is an unknown value
RDX=0x000000010021bcf8 is an unknown value
RSP=0x00007f3f55ae9860 is pointing into the stack for thread: 0x00007f3f6813a000
RBP=0x00007f3f55ae9960 is pointing into the stack for thread: 0x00007f3f6813a000
RSI=0x00007f3f55ae99a0 is pointing into the stack for thread: 0x00007f3f6813a000
RDI=0x00007f3f55aea8f0 is pointing into the stack for thread: 0x00007f3f6813a000
R8 =0x000000010021bcf8 is an unknown value
R9 =0x0000000000000001 is an unknown value
R10=0x00007f3f706b50c0 is an unknown value
R11=0x00007f3f680328f0 is an unknown value
R12=0x0000000000000001 is an unknown value
R13=0x0000000000000001 is an unknown value
R14=0x00007f3f55ae99a0 is pointing into the stack for thread: 0x00007f3f6813a000
R15=0x0000000000000006 is an unknown value


Stack: [0x00007f3f559ec000,0x00007f3f55aed000],  sp=0x00007f3f55ae9860,  free space=1014k
Native frames: (J=compiled Java code, j=interpreted, Vv=VM code, C=native code)
V  [libjvm.so+0x7f4041]  LinkResolver::runtime_resolve_virtual_method(CallInfo&, methodHandle, KlassHandle, Handle, KlassHandle, bool, Thread*)+0x81
V  [libjvm.so+0x7f8b52]  LinkResolver::resolve_virtual_call(CallInfo&, Handle, KlassHandle, KlassHandle, Symbol*, Symbol*, KlassHandle, bool, bool, Thread*)+0x152
V  [libjvm.so+0x7f8e95]  LinkResolver::resolve_invokevirtual(CallInfo&, Handle, constantPoolHandle, int, Thread*)+0x275
V  [libjvm.so+0x7fb334]  LinkResolver::resolve_invoke(CallInfo&, Handle, constantPoolHandle, int, Bytecodes::Code, Thread*)+0x2e4
V  [libjvm.so+0x9c4a34]  SharedRuntime::find_callee_info_helper(JavaThread*, vframeStream&, Bytecodes::Code&, CallInfo&, Thread*)+0x5a4
V  [libjvm.so+0x9c5fb4]  SharedRuntime::handle_ic_miss_helper(JavaThread*, Thread*)+0x134
V  [libjvm.so+0x9c65f7]  SharedRuntime::handle_wrong_method_ic_miss(JavaThread*)+0x37
v  ~RuntimeStub::ic_miss_stub
J 1082 C1 com.android.dx.ssa.SsaRenamer$BlockRenamer.process()V (191 bytes) @ 0x00007f3f5932053c [0x00007f3f59320040+0x4fc]
J 805 C1 com.android.dx.ssa.SsaRenamer$1.visitBlock(Lcom/android/dx/ssa/SsaBasicBlock;Lcom/android/dx/ssa/SsaBasicBlock;)V (16 bytes) @ 0x00007f3f592ce30c [0x00007f3f592ce240+0xcc]
j  com.android.dx.ssa.SsaMethod.forEachBlockDepthFirstDom(Lcom/android/dx/ssa/SsaBasicBlock$Visitor;)V+119
j  com.android.dx.ssa.SsaRenamer.run()V+12
j  com.android.dx.ssa.SsaConverter.convertToSsaMethod(Lcom/android/dx/rop/code/RopMethod;IZ)Lcom/android/dx/ssa/SsaMethod;+32
j  com.android.dx.ssa.Optimizer.optimize(Lcom/android/dx/rop/code/RopMethod;IZZLcom/android/dx/rop/code/TranslationAdvice;Ljava/util/EnumSet;)Lcom/android/dx/rop/code/RopMethod;+15
j  com.android.dx.ssa.Optimizer.optimize(Lcom/android/dx/rop/code/RopMethod;IZZLcom/android/dx/rop/code/TranslationAdvice;)Lcom/android/dx/rop/code/RopMethod;+12
j  com.android.dx.dex.cf.CfTranslator.processMethods(Lcom/android/dx/cf/direct/DirectClassFile;Lcom/android/dx/dex/cf/CfOptions;Lcom/android/dx/dex/DexOptions;Lcom/android/dx/dex/file/ClassDefItem;Lcom/android/dx/dex/file/DexFile;)V+265
j  com.android.dx.dex.cf.CfTranslator.translate0(Lcom/android/dx/cf/direct/DirectClassFile;[BLcom/android/dx/dex/cf/CfOptions;Lcom/android/dx/dex/DexOptions;Lcom/android/dx/dex/file/DexFile;)Lcom/android/dx/dex/file/ClassDefItem;+120
j  com.android.dx.dex.cf.CfTranslator.translate(Lcom/android/dx/cf/direct/DirectClassFile;[BLcom/android/dx/dex/cf/CfOptions;Lcom/android/dx/dex/DexOptions;Lcom/android/dx/dex/file/DexFile;)Lcom/android/dx/dex/file/ClassDefItem;+6
j  com.android.dx.command.dexer.Main.translateClass([BLcom/android/dx/cf/direct/DirectClassFile;)Lcom/android/dx/dex/file/ClassDefItem;+17
j  com.android.dx.command.dexer.Main.access$2700([BLcom/android/dx/cf/direct/DirectClassFile;)Lcom/android/dx/dex/file/ClassDefItem;+2
j  com.android.dx.command.dexer.Main$ClassTranslatorTask.call()Lcom/android/dx/dex/file/ClassDefItem;+8
j  com.android.dx.command.dexer.Main$ClassTranslatorTask.call()Ljava/lang/Object;+1
j  java.util.concurrent.FutureTask.run()V+42
j  java.util.concurrent.ThreadPoolExecutor.runWorker(Ljava/util/concurrent/ThreadPoolExecutor$Worker;)V+95
j  java.util.concurrent.ThreadPoolExecutor$Worker.run()V+5
j  java.lang.Thread.run()V+11
v  ~StubRoutines::call_stub
V  [libjvm.so+0x68f6b6]  JavaCalls::call_helper(JavaValue*, methodHandle*, JavaCallArguments*, Thread*)+0x1056
V  [libjvm.so+0x68fbc1]  JavaCalls::call_virtual(JavaValue*, KlassHandle, Symbol*, Symbol*, JavaCallArguments*, Thread*)+0x321
V  [libjvm.so+0x690067]  JavaCalls::call_virtual(JavaValue*, Handle, KlassHandle, Symbol*, Symbol*, Thread*)+0x47
V  [libjvm.so+0x726fc0]  thread_entry(JavaThread*, Thread*)+0xa0
V  [libjvm.so+0xa7343f]  JavaThread::thread_main_inner()+0xdf
V  [libjvm.so+0xa7356c]  JavaThread::run()+0x11c
V  [libjvm.so+0x924698]  java_start(Thread*)+0x108
C  [libpthread.so.0+0x7e9a]  start_thread+0xda

Java frames: (J=compiled Java code, j=interpreted, Vv=VM code)
v  ~RuntimeStub::ic_miss_stub
J 1082 C1 com.android.dx.ssa.SsaRenamer$BlockRenamer.process()V (191 bytes) @ 0x00007f3f5932053c [0x00007f3f59320040+0x4fc]
J 805 C1 com.android.dx.ssa.SsaRenamer$1.visitBlock(Lcom/android/dx/ssa/SsaBasicBlock;Lcom/android/dx/ssa/SsaBasicBlock;)V (16 bytes) @ 0x00007f3f592ce30c [0x00007f3f592ce240+0xcc]
j  com.android.dx.ssa.SsaMethod.forEachBlockDepthFirstDom(Lcom/android/dx/ssa/SsaBasicBlock$Visitor;)V+119
j  com.android.dx.ssa.SsaRenamer.run()V+12
j  com.android.dx.ssa.SsaConverter.convertToSsaMethod(Lcom/android/dx/rop/code/RopMethod;IZ)Lcom/android/dx/ssa/SsaMethod;+32
j  com.android.dx.ssa.Optimizer.optimize(Lcom/android/dx/rop/code/RopMethod;IZZLcom/android/dx/rop/code/TranslationAdvice;Ljava/util/EnumSet;)Lcom/android/dx/rop/code/RopMethod;+15
j  com.android.dx.ssa.Optimizer.optimize(Lcom/android/dx/rop/code/RopMethod;IZZLcom/android/dx/rop/code/TranslationAdvice;)Lcom/android/dx/rop/code/RopMethod;+12
j  com.android.dx.dex.cf.CfTranslator.processMethods(Lcom/android/dx/cf/direct/DirectClassFile;Lcom/android/dx/dex/cf/CfOptions;Lcom/android/dx/dex/DexOptions;Lcom/android/dx/dex/file/ClassDefItem;Lcom/android/dx/dex/file/DexFile;)V+265
j  com.android.dx.dex.cf.CfTranslator.translate0(Lcom/android/dx/cf/direct/DirectClassFile;[BLcom/android/dx/dex/cf/CfOptions;Lcom/android/dx/dex/DexOptions;Lcom/android/dx/dex/file/DexFile;)Lcom/android/dx/dex/file/ClassDefItem;+120
j  com.android.dx.dex.cf.CfTranslator.translate(Lcom/android/dx/cf/direct/DirectClassFile;[BLcom/android/dx/dex/cf/CfOptions;Lcom/android/dx/dex/DexOptions;Lcom/android/dx/dex/file/DexFile;)Lcom/android/dx/dex/file/ClassDefItem;+6
j  com.android.dx.command.dexer.Main.translateClass([BLcom/android/dx/cf/direct/DirectClassFile;)Lcom/android/dx/dex/file/ClassDefItem;+17
j  com.android.dx.command.dexer.Main.access$2700([BLcom/android/dx/cf/direct/DirectClassFile;)Lcom/android/dx/dex/file/ClassDefItem;+2
j  com.android.dx.command.dexer.Main$ClassTranslatorTask.call()Lcom/android/dx/dex/file/ClassDefItem;+8
j  com.android.dx.command.dexer.Main$ClassTranslatorTask.call()Ljava/lang/Object;+1
j  java.util.concurrent.FutureTask.run()V+42
j  java.util.concurrent.ThreadPoolExecutor.runWorker(Ljava/util/concurrent/ThreadPoolExecutor$Worker;)V+95
j  java.util.concurrent.ThreadPoolExecutor$Worker.run()V+5
j  java.lang.Thread.run()V+11
v  ~StubRoutines::call_stub

---------------  P R O C E S S  ---------------

Java Threads: ( => current thread )
  0x00007f3f6814b000 JavaThread "pool-1-thread-4" [_thread_in_vm, id=19561, stack(0x00007f3f555e8000,0x00007f3f556e9000)]
  0x00007f3f68149800 JavaThread "pool-1-thread-3" [_thread_in_Java, id=19560, stack(0x00007f3f556e9000,0x00007f3f557ea000)]
  0x00007f3f68148000 JavaThread "pool-1-thread-2" [_thread_in_Java, id=19559, stack(0x00007f3f557ea000,0x00007f3f558eb000)]
  0x00007f3f6813c800 JavaThread "pool-2-thread-1" [_thread_blocked, id=19558, stack(0x00007f3f558eb000,0x00007f3f559ec000)]
=>0x00007f3f6813a000 JavaThread "pool-1-thread-1" [_thread_in_vm, id=19557, stack(0x00007f3f559ec000,0x00007f3f55aed000)]
  0x00007f3f680ba000 JavaThread "Service Thread" daemon [_thread_blocked, id=19554, stack(0x00007f3f55bee000,0x00007f3f55cef000)]
  0x00007f3f680b7800 JavaThread "C1 CompilerThread1" daemon [_thread_in_native, id=19553, stack(0x00007f3f55cef000,0x00007f3f55df0000)]
  0x00007f3f680b4800 JavaThread "C2 CompilerThread0" daemon [_thread_in_native, id=19552, stack(0x00007f3f55df0000,0x00007f3f55ef1000)]
  0x00007f3f680b3000 JavaThread "Signal Dispatcher" daemon [_thread_blocked, id=19551, stack(0x00007f3f55ef1000,0x00007f3f55ff2000)]
  0x00007f3f68080000 JavaThread "Finalizer" daemon [_thread_blocked, id=19550, stack(0x00007f3f566d6000,0x00007f3f567d7000)]
  0x00007f3f6807b800 JavaThread "Reference Handler" daemon [_thread_blocked, id=19549, stack(0x00007f3f567d7000,0x00007f3f568d8000)]
  0x00007f3f6800a000 JavaThread "main" [_thread_in_Java, id=19545, stack(0x00007f3f7074c000,0x00007f3f7084d000)]

Other Threads:
  0x00007f3f68073800 VMThread [stack: 0x00007f3f568d8000,0x00007f3f569d9000] [id=19548]
  0x00007f3f680bd000 WatcherThread [stack: 0x00007f3f55aed000,0x00007f3f55bee000] [id=19555]

VM state:not at safepoint (normal execution)

VM Mutex/Monitor currently owned by a thread: None

Heap:
 PSYoungGen      total 26112K, used 20100K [0x00000000eab00000, 0x00000000ec600000, 0x0000000100000000)
  eden space 24576K, 75% used [0x00000000eab00000,0x00000000ebd266b8,0x00000000ec300000)
  from space 1536K, 98% used [0x00000000ec480000,0x00000000ec5faae0,0x00000000ec600000)
  to   space 1536K, 0% used [0x00000000ec300000,0x00000000ec300000,0x00000000ec480000)
 ParOldGen       total 31744K, used 7576K [0x00000000c0000000, 0x00000000c1f00000, 0x00000000eab00000)
  object space 31744K, 23% used [0x00000000c0000000,0x00000000c0766080,0x00000000c1f00000)
 Metaspace       used 5825K, capacity 6768K, committed 7040K, reserved 1056768K
  class space    used 593K, capacity 616K, committed 640K, reserved 1048576K

Card table byte_map: [0x00007f3f6d311000,0x00007f3f6d512000] byte_map_base: 0x00007f3f6cd11000

Marking Bits: (ParMarkBitMap*) 0x00007f3f6fc28120
 Begin Bits: [0x00007f3f57000000, 0x00007f3f58000000)
 End Bits:   [0x00007f3f58000000, 0x00007f3f59000000)

Polling page: 0x00007f3f70869000

CodeCache: size=245760Kb used=3294Kb max_used=3294Kb free=242466Kb
 bounds [0x00007f3f59000000, 0x00007f3f59340000, 0x00007f3f68000000]
 total_blobs=1133 nmethods=865 adapters=182
 compilation: enabled

Compilation events (10 events):
Event: 10.458 Thread 0x00007f3f680b7800 nmethod 1051 0x00007f3f593285d0 code [0x00007f3f59328720, 0x00007f3f59328870]
Event: 10.458 Thread 0x00007f3f680b7800 1052       2       com.android.dx.ssa.SsaRenamer$BlockRenamer$1::visitPhiInsn (60 bytes)
Event: 10.531 Thread 0x00007f3f680b7800 nmethod 1052 0x00007f3f59328910 code [0x00007f3f59328aa0, 0x00007f3f59328e68]
Event: 10.531 Thread 0x00007f3f680b7800 1093       1       com.android.dx.cf.code.OneLocalsArray::getOrNull (7 bytes)
Event: 10.531 Thread 0x00007f3f680b7800 nmethod 1093 0x00007f3f59329290 code [0x00007f3f593293e0, 0x00007f3f59329510]
Event: 10.531 Thread 0x00007f3f680b7800 1090       2       com.android.dx.rop.code.RopMethod::calcPredecessors (227 bytes)
Event: 10.538 Thread 0x00007f3f680b7800 nmethod 1090 0x00007f3f593295d0 code [0x00007f3f59329840, 0x00007f3f5932a308]
Event: 10.538 Thread 0x00007f3f680b7800 1100       2       com.android.dx.rop.type.StdTypeList::withFirst (53 bytes)
Event: 10.539 Thread 0x00007f3f680b7800 nmethod 1100 0x00007f3f5932afd0 code [0x00007f3f5932b1e0, 0x00007f3f5932b9f8]
Event: 10.539 Thread 0x00007f3f680b7800 1066       2       com.android.dx.cf.code.BaseMachine::auxCstArg (20 bytes)

GC Heap History (8 events):
Event: 4.629 GC heap before
{Heap before GC invocations=1 (full 0):
 PSYoungGen      total 13824K, used 12288K [0x00000000eab00000, 0x00000000eba00000, 0x0000000100000000)
  eden space 12288K, 100% used [0x00000000eab00000,0x00000000eb700000,0x00000000eb700000)
  from space 1536K, 0% used [0x00000000eb880000,0x00000000eb880000,0x00000000eba00000)
  to   space 1536K, 0% used [0x00000000eb700000,0x00000000eb700000,0x00000000eb880000)
 ParOldGen       total 31744K, used 0K [0x00000000c0000000, 0x00000000c1f00000, 0x00000000eab00000)
  object space 31744K, 0% used [0x00000000c0000000,0x00000000c0000000,0x00000000c1f00000)
 Metaspace       used 4799K, capacity 5872K, committed 6016K, reserved 1056768K
  class space    used 529K, capacity 552K, committed 640K, reserved 1048576K
Event: 4.646 GC heap after
Heap after GC invocations=1 (full 0):
 PSYoungGen      total 13824K, used 1530K [0x00000000eab00000, 0x00000000eba00000, 0x0000000100000000)
  eden space 12288K, 0% used [0x00000000eab00000,0x00000000eab00000,0x00000000eb700000)
  from space 1536K, 99% used [0x00000000eb700000,0x00000000eb87ea80,0x00000000eb880000)
  to   space 1536K, 0% used [0x00000000eb880000,0x00000000eb880000,0x00000000eba00000)
 ParOldGen       total 31744K, used 885K [0x00000000c0000000, 0x00000000c1f00000, 0x00000000eab00000)
  object space 31744K, 2% used [0x00000000c0000000,0x00000000c00dd688,0x00000000c1f00000)
 Metaspace       used 4799K, capacity 5872K, committed 6016K, reserved 1056768K
  class space    used 529K, capacity 552K, committed 640K, reserved 1048576K
}
Event: 6.994 GC heap before
{Heap before GC invocations=2 (full 0):
 PSYoungGen      total 13824K, used 13818K [0x00000000eab00000, 0x00000000eba00000, 0x0000000100000000)
  eden space 12288K, 100% used [0x00000000eab00000,0x00000000eb700000,0x00000000eb700000)
  from space 1536K, 99% used [0x00000000eb700000,0x00000000eb87ea80,0x00000000eb880000)
  to   space 1536K, 0% used [0x00000000eb880000,0x00000000eb880000,0x00000000eba00000)
 ParOldGen       total 31744K, used 885K [0x00000000c0000000, 0x00000000c1f00000, 0x00000000eab00000)
  object space 31744K, 2% used [0x00000000c0000000,0x00000000c00dd688,0x00000000c1f00000)
 Metaspace       used 5707K, capacity 6704K, committed 6784K, reserved 1056768K
  class space    used 592K, capacity 616K, committed 640K, reserved 1048576K
Event: 7.044 GC heap after
Heap after GC invocations=2 (full 0):
 PSYoungGen      total 13824K, used 1520K [0x00000000eab00000, 0x00000000ec600000, 0x0000000100000000)
  eden space 12288K, 0% used [0x00000000eab00000,0x00000000eab00000,0x00000000eb700000)
  from space 1536K, 98% used [0x00000000eb880000,0x00000000eb9fc048,0x00000000eba00000)
  to   space 1536K, 0% used [0x00000000eb700000,0x00000000eb700000,0x00000000eb880000)
 ParOldGen       total 31744K, used 3151K [0x00000000c0000000, 0x00000000c1f00000, 0x00000000eab00000)
  object space 31744K, 9% used [0x00000000c0000000,0x00000000c0313f10,0x00000000c1f00000)
 Metaspace       used 5707K, capacity 6704K, committed 6784K, reserved 1056768K
  class space    used 592K, capacity 616K, committed 640K, reserved 1048576K
}
Event: 8.298 GC heap before
{Heap before GC invocations=3 (full 0):
 PSYoungGen      total 13824K, used 13808K [0x00000000eab00000, 0x00000000ec600000, 0x0000000100000000)
  eden space 12288K, 100% used [0x00000000eab00000,0x00000000eb700000,0x00000000eb700000)
  from space 1536K, 98% used [0x00000000eb880000,0x00000000eb9fc048,0x00000000eba00000)
  to   space 1536K, 0% used [0x00000000eb700000,0x00000000eb700000,0x00000000eb880000)
 ParOldGen       total 31744K, used 3151K [0x00000000c0000000, 0x00000000c1f00000, 0x00000000eab00000)
  object space 31744K, 9% used [0x00000000c0000000,0x00000000c0313f10,0x00000000c1f00000)
 Metaspace       used 5765K, capacity 6768K, committed 7040K, reserved 1056768K
  class space    used 593K, capacity 616K, committed 640K, reserved 1048576K
Event: 8.380 GC heap after
Heap after GC invocations=3 (full 0):
 PSYoungGen      total 13824K, used 1528K [0x00000000eab00000, 0x00000000ec600000, 0x0000000100000000)
  eden space 12288K, 0% used [0x00000000eab00000,0x00000000eab00000,0x00000000eb700000)
  from space 1536K, 99% used [0x00000000eb700000,0x00000000eb87e1a0,0x00000000eb880000)
  to   space 1536K, 0% used [0x00000000ec480000,0x00000000ec480000,0x00000000ec600000)
 ParOldGen       total 31744K, used 5180K [0x00000000c0000000, 0x00000000c1f00000, 0x00000000eab00000)
  object space 31744K, 16% used [0x00000000c0000000,0x00000000c050f340,0x00000000c1f00000)
 Metaspace       used 5765K, capacity 6768K, committed 7040K, reserved 1056768K
  class space    used 593K, capacity 616K, committed 640K, reserved 1048576K
}
Event: 9.397 GC heap before
{Heap before GC invocations=4 (full 0):
 PSYoungGen      total 13824K, used 13816K [0x00000000eab00000, 0x00000000ec600000, 0x0000000100000000)
  eden space 12288K, 100% used [0x00000000eab00000,0x00000000eb700000,0x00000000eb700000)
  from space 1536K, 99% used [0x00000000eb700000,0x00000000eb87e1a0,0x00000000eb880000)
  to   space 1536K, 0% used [0x00000000ec480000,0x00000000ec480000,0x00000000ec600000)
 ParOldGen       total 31744K, used 5180K [0x00000000c0000000, 0x00000000c1f00000, 0x00000000eab00000)
  object space 31744K, 16% used [0x00000000c0000000,0x00000000c050f340,0x00000000c1f00000)
 Metaspace       used 5801K, capacity 6768K, committed 7040K, reserved 1056768K
  class space    used 593K, capacity 616K, committed 640K, reserved 1048576K
Event: 9.497 GC heap after
Heap after GC invocations=4 (full 0):
 PSYoungGen      total 26112K, used 1514K [0x00000000eab00000, 0x00000000ec600000, 0x0000000100000000)
  eden space 24576K, 0% used [0x00000000eab00000,0x00000000eab00000,0x00000000ec300000)
  from space 1536K, 98% used [0x00000000ec480000,0x00000000ec5faae0,0x00000000ec600000)
  to   space 1536K, 0% used [0x00000000ec300000,0x00000000ec300000,0x00000000ec480000)
 ParOldGen       total 31744K, used 7576K [0x00000000c0000000, 0x00000000c1f00000, 0x00000000eab00000)
  object space 31744K, 23% used [0x00000000c0000000,0x00000000c0766080,0x00000000c1f00000)
 Metaspace       used 5801K, capacity 6768K, committed 7040K, reserved 1056768K
  class space    used 593K, capacity 616K, committed 640K, reserved 1048576K
}

Deoptimization events (4 events):
Event: 3.260 Thread 0x00007f3f6800a000 Uncommon trap: reason=unstable_if action=reinterpret pc=0x00007f3f5915a450 method=java.lang.String.indexOf(II)I @ 49
Event: 5.618 Thread 0x00007f3f68149800 Uncommon trap: reason=unstable_if action=reinterpret pc=0x00007f3f591ecc90 method=java.util.HashMap.getNode(ILjava/lang/Object;)Ljava/util/HashMap$Node; @ 62
Event: 8.423 Thread 0x00007f3f6813a000 Uncommon trap: reason=null_check action=make_not_entrant pc=0x00007f3f592a3c40 method=com.android.dx.ssa.SsaRenamer.getLocalForNewReg(I)Lcom/android/dx/rop/code/LocalItem; @ 19
Event: 10.025 Thread 0x00007f3f6800a000 Uncommon trap: reason=unstable_if action=reinterpret pc=0x00007f3f5922d95c method=com.android.dx.rop.cst.Constant.compareTo(Lcom/android/dx/rop/cst/Constant;)I @ 12

Internal exceptions (3 events):
Event: 0.464 Thread 0x00007f3f6800a000 Exception <a 'java/lang/NoSuchMethodError': Method sun.misc.Unsafe.defineClass(Ljava/lang/String;[BII)Ljava/lang/Class; name or signature does not match> (0x00000000eab07cc0) thrown at [/HUDSON3/workspace/8-2-build-linux-amd64/jdk8u101/7261/hotspot/src/sh
Event: 0.464 Thread 0x00007f3f6800a000 Exception <a 'java/lang/NoSuchMethodError': Method sun.misc.Unsafe.prefetchRead(Ljava/lang/Object;J)V name or signature does not match> (0x00000000eab07fa8) thrown at [/HUDSON3/workspace/8-2-build-linux-amd64/jdk8u101/7261/hotspot/src/share/vm/prims/jni.c
Event: 8.423 Thread 0x00007f3f6813a000 Implicit null exception at 0x00007f3f592a187b to 0x00007f3f592a3c1d

Events (10 events):
Event: 8.423 Thread 0x00007f3f6813a000 Uncommon trap: trap_request=0xfffffff4 fr.pc=0x00007f3f592a3c40
Event: 8.423 Thread 0x00007f3f6813a000 DEOPT PACKING pc=0x00007f3f592a3c40 sp=0x00007f3f55aeacb0
Event: 8.423 Thread 0x00007f3f6813a000 DEOPT UNPACKING pc=0x00007f3f59004f69 sp=0x00007f3f55aeaaf8 mode 2
Event: 8.753 loading class com/android/dx/cf/attrib/AttExceptions
Event: 8.753 loading class com/android/dx/cf/attrib/AttExceptions done
Event: 9.397 Executing VM operation: ParallelGCFailedAllocation
Event: 9.497 Executing VM operation: ParallelGCFailedAllocation done
Event: 10.025 Thread 0x00007f3f6800a000 Uncommon trap: trap_request=0xffffff65 fr.pc=0x00007f3f5922d95c
Event: 10.025 Thread 0x00007f3f6800a000 DEOPT PACKING pc=0x00007f3f5922d95c sp=0x00007f3f7084a4f0
Event: 10.025 Thread 0x00007f3f6800a000 DEOPT UNPACKING pc=0x00007f3f59004f69 sp=0x00007f3f7084a4b0 mode 2


Dynamic libraries:
00400000-00401000 r-xp 00000000 08:01 3279757                            /usr/lib/jvm/java-8-oracle/bin/java
00600000-00601000 rw-p 00000000 08:01 3279757                            /usr/lib/jvm/java-8-oracle/bin/java
01943000-01988000 rw-p 00000000 00:00 0                                  [heap]
c0000000-c1f00000 rw-p 00000000 00:00 0 
c1f00000-eab00000 ---p 00000000 00:00 0 
eab00000-ec600000 rw-p 00000000 00:00 0 
ec600000-100000000 ---p 00000000 00:00 0 
100000000-1000a0000 rw-p 00000000 00:00 0 
1000a0000-140000000 ---p 00000000 00:00 0 
7f3f18000000-7f3f18021000 rw-p 00000000 00:00 0 
7f3f18021000-7f3f1c000000 ---p 00000000 00:00 0 
7f3f20000000-7f3f20021000 rw-p 00000000 00:00 0 
7f3f20021000-7f3f24000000 ---p 00000000 00:00 0 
7f3f24000000-7f3f24021000 rw-p 00000000 00:00 0 
7f3f24021000-7f3f28000000 ---p 00000000 00:00 0 
7f3f28000000-7f3f28021000 rw-p 00000000 00:00 0 
7f3f28021000-7f3f2c000000 ---p 00000000 00:00 0 
7f3f2c000000-7f3f2c2bd000 rw-p 00000000 00:00 0 
7f3f2c2bd000-7f3f30000000 ---p 00000000 00:00 0 
7f3f30000000-7f3f305c6000 rw-p 00000000 00:00 0 
7f3f305c6000-7f3f34000000 ---p 00000000 00:00 0 
7f3f34000000-7f3f34021000 rw-p 00000000 00:00 0 
7f3f34021000-7f3f38000000 ---p 00000000 00:00 0 
7f3f38000000-7f3f38021000 rw-p 00000000 00:00 0 
7f3f38021000-7f3f3c000000 ---p 00000000 00:00 0 
7f3f3c000000-7f3f3c4d5000 rw-p 00000000 00:00 0 
7f3f3c4d5000-7f3f40000000 ---p 00000000 00:00 0 
7f3f40000000-7f3f40021000 rw-p 00000000 00:00 0 
7f3f40021000-7f3f44000000 ---p 00000000 00:00 0 
7f3f44000000-7f3f44021000 rw-p 00000000 00:00 0 
7f3f44021000-7f3f48000000 ---p 00000000 00:00 0 
7f3f48000000-7f3f48021000 rw-p 00000000 00:00 0 
7f3f48021000-7f3f4c000000 ---p 00000000 00:00 0 
7f3f4c000000-7f3f4c021000 rw-p 00000000 00:00 0 
7f3f4c021000-7f3f50000000 ---p 00000000 00:00 0 
7f3f50000000-7f3f50021000 rw-p 00000000 00:00 0 
7f3f50021000-7f3f54000000 ---p 00000000 00:00 0 
7f3f555e8000-7f3f555eb000 ---p 00000000 00:00 0 
7f3f555eb000-7f3f556e9000 rw-p 00000000 00:00 0                          [stack:19561]
7f3f556e9000-7f3f556ec000 ---p 00000000 00:00 0 
7f3f556ec000-7f3f557ea000 rw-p 00000000 00:00 0                          [stack:19560]
7f3f557ea000-7f3f557ed000 ---p 00000000 00:00 0 
7f3f557ed000-7f3f558eb000 rw-p 00000000 00:00 0                          [stack:19559]
7f3f558eb000-7f3f558ee000 ---p 00000000 00:00 0 
7f3f558ee000-7f3f559ec000 rw-p 00000000 00:00 0                          [stack:19558]
7f3f559ec000-7f3f559ef000 ---p 00000000 00:00 0 
7f3f559ef000-7f3f55aed000 rw-p 00000000 00:00 0                          [stack:19557]
7f3f55aed000-7f3f55aee000 ---p 00000000 00:00 0 
7f3f55aee000-7f3f55bee000 rw-p 00000000 00:00 0                          [stack:19555]
7f3f55bee000-7f3f55bf1000 ---p 00000000 00:00 0 
7f3f55bf1000-7f3f55cef000 rw-p 00000000 00:00 0                          [stack:19554]
7f3f55cef000-7f3f55cf2000 ---p 00000000 00:00 0 
7f3f55cf2000-7f3f55df0000 rw-p 00000000 00:00 0                          [stack:19553]
7f3f55df0000-7f3f55df3000 ---p 00000000 00:00 0 
7f3f55df3000-7f3f55ef1000 rw-p 00000000 00:00 0                          [stack:19552]
7f3f55ef1000-7f3f55ef4000 ---p 00000000 00:00 0 
7f3f55ef4000-7f3f55ff2000 rw-p 00000000 00:00 0                          [stack:19551]
7f3f55ff2000-7f3f566d6000 r--p 00000000 08:01 13113697                   /usr/lib/locale/locale-archive
7f3f566d6000-7f3f566d9000 ---p 00000000 00:00 0 
7f3f566d9000-7f3f567d7000 rw-p 00000000 00:00 0                          [stack:19550]
7f3f567d7000-7f3f567da000 ---p 00000000 00:00 0 
7f3f567da000-7f3f568d8000 rw-p 00000000 00:00 0                          [stack:19549]
7f3f568d8000-7f3f568d9000 ---p 00000000 00:00 0 
7f3f568d9000-7f3f59000000 rw-p 00000000 00:00 0                          [stack:19548]
7f3f59000000-7f3f59340000 rwxp 00000000 00:00 0 
7f3f59340000-7f3f68000000 ---p 00000000 00:00 0 
7f3f68000000-7f3f68387000 rw-p 00000000 00:00 0 
7f3f68387000-7f3f6c000000 ---p 00000000 00:00 0 
7f3f6c00f000-7f3f6c018000 r--s 0008c000 08:01 10228242                   /home/lin/other/AndroidProjects/Radio/app/build/intermediates/exploded-aar/com.android.support/appcompat-v7/23.4.0/jars/classes.jar
7f3f6c018000-7f3f6c36a000 rw-p 00000000 00:00 0 
7f3f6c36a000-7f3f6c543000 r--s 03d29000 08:01 13118676                   /usr/lib/jvm/java-8-oracle/jre/lib/rt.jar
7f3f6c543000-7f3f6cbf9000 rw-p 00000000 00:00 0 
7f3f6cbf9000-7f3f6cdb9000 ---p 00000000 00:00 0 
7f3f6cdb9000-7f3f6cfb9000 rw-p 00000000 00:00 0 
7f3f6cfb9000-7f3f6cfba000 ---p 00000000 00:00 0 
7f3f6cfba000-7f3f6d0ba000 rw-p 00000000 00:00 0                          [stack:19547]
7f3f6d0ba000-7f3f6d0bb000 ---p 00000000 00:00 0 
7f3f6d0bb000-7f3f6d1cb000 rw-p 00000000 00:00 0                          [stack:19546]
7f3f6d1cb000-7f3f6d311000 ---p 00000000 00:00 0 
7f3f6d311000-7f3f6d321000 rw-p 00000000 00:00 0 
7f3f6d321000-7f3f6d466000 ---p 00000000 00:00 0 
7f3f6d466000-7f3f6d474000 rw-p 00000000 00:00 0 
7f3f6d474000-7f3f6d511000 ---p 00000000 00:00 0 
7f3f6d511000-7f3f6d51f000 rw-p 00000000 00:00 0 
7f3f6d51f000-7f3f6d8d2000 ---p 00000000 00:00 0 
7f3f6d8d2000-7f3f6d8ec000 r-xp 00000000 08:01 13766358                   /usr/lib/jvm/java-8-oracle/jre/lib/amd64/libzip.so
7f3f6d8ec000-7f3f6daec000 ---p 0001a000 08:01 13766358                   /usr/lib/jvm/java-8-oracle/jre/lib/amd64/libzip.so
7f3f6daec000-7f3f6daed000 rw-p 0001a000 08:01 13766358                   /usr/lib/jvm/java-8-oracle/jre/lib/amd64/libzip.so
7f3f6daed000-7f3f6daf8000 r-xp 00000000 08:01 2621673                    /lib/x86_64-linux-gnu/libnss_files-2.15.so
7f3f6daf8000-7f3f6dcf7000 ---p 0000b000 08:01 2621673                    /lib/x86_64-linux-gnu/libnss_files-2.15.so
7f3f6dcf7000-7f3f6dcf8000 r--p 0000a000 08:01 2621673                    /lib/x86_64-linux-gnu/libnss_files-2.15.so
7f3f6dcf8000-7f3f6dcf9000 rw-p 0000b000 08:01 2621673                    /lib/x86_64-linux-gnu/libnss_files-2.15.so
7f3f6dcf9000-7f3f6dd03000 r-xp 00000000 08:01 2621658                    /lib/x86_64-linux-gnu/libnss_nis-2.15.so
7f3f6dd03000-7f3f6df03000 ---p 0000a000 08:01 2621658                    /lib/x86_64-linux-gnu/libnss_nis-2.15.so
7f3f6df03000-7f3f6df04000 r--p 0000a000 08:01 2621658                    /lib/x86_64-linux-gnu/libnss_nis-2.15.so
7f3f6df04000-7f3f6df05000 rw-p 0000b000 08:01 2621658                    /lib/x86_64-linux-gnu/libnss_nis-2.15.so
7f3f6df05000-7f3f6df1c000 r-xp 00000000 08:01 2621667                    /lib/x86_64-linux-gnu/libnsl-2.15.so
7f3f6df1c000-7f3f6e11b000 ---p 00017000 08:01 2621667                    /lib/x86_64-linux-gnu/libnsl-2.15.so
7f3f6e11b000-7f3f6e11c000 r--p 00016000 08:01 2621667                    /lib/x86_64-linux-gnu/libnsl-2.15.so
7f3f6e11c000-7f3f6e11d000 rw-p 00017000 08:01 2621667                    /lib/x86_64-linux-gnu/libnsl-2.15.so
7f3f6e11d000-7f3f6e11f000 rw-p 00000000 00:00 0 
7f3f6e11f000-7f3f6e127000 r-xp 00000000 08:01 2621672                    /lib/x86_64-linux-gnu/libnss_compat-2.15.so
7f3f6e127000-7f3f6e326000 ---p 00008000 08:01 2621672                    /lib/x86_64-linux-gnu/libnss_compat-2.15.so
7f3f6e326000-7f3f6e327000 r--p 00007000 08:01 2621672                    /lib/x86_64-linux-gnu/libnss_compat-2.15.so
7f3f6e327000-7f3f6e328000 rw-p 00008000 08:01 2621672                    /lib/x86_64-linux-gnu/libnss_compat-2.15.so
7f3f6e328000-7f3f6e352000 r-xp 00000000 08:01 13766323                   /usr/lib/jvm/java-8-oracle/jre/lib/amd64/libjava.so
7f3f6e352000-7f3f6e552000 ---p 0002a000 08:01 13766323                   /usr/lib/jvm/java-8-oracle/jre/lib/amd64/libjava.so
7f3f6e552000-7f3f6e554000 rw-p 0002a000 08:01 13766323                   /usr/lib/jvm/java-8-oracle/jre/lib/amd64/libjava.so
7f3f6e554000-7f3f6e561000 r-xp 00000000 08:01 13766361                   /usr/lib/jvm/java-8-oracle/jre/lib/amd64/libverify.so
7f3f6e561000-7f3f6e761000 ---p 0000d000 08:01 13766361                   /usr/lib/jvm/java-8-oracle/jre/lib/amd64/libverify.so
7f3f6e761000-7f3f6e763000 rw-p 0000d000 08:01 13766361                   /usr/lib/jvm/java-8-oracle/jre/lib/amd64/libverify.so
7f3f6e763000-7f3f6e76a000 r-xp 00000000 08:01 2621660                    /lib/x86_64-linux-gnu/librt-2.15.so
7f3f6e76a000-7f3f6e969000 ---p 00007000 08:01 2621660                    /lib/x86_64-linux-gnu/librt-2.15.so
7f3f6e969000-7f3f6e96a000 r--p 00006000 08:01 2621660                    /lib/x86_64-linux-gnu/librt-2.15.so
7f3f6e96a000-7f3f6e96b000 rw-p 00007000 08:01 2621660                    /lib/x86_64-linux-gnu/librt-2.15.so
7f3f6e96b000-7f3f6ea66000 r-xp 00000000 08:01 2621674                    /lib/x86_64-linux-gnu/libm-2.15.so
7f3f6ea66000-7f3f6ec65000 ---p 000fb000 08:01 2621674                    /lib/x86_64-linux-gnu/libm-2.15.so
7f3f6ec65000-7f3f6ec66000 r--p 000fa000 08:01 2621674                    /lib/x86_64-linux-gnu/libm-2.15.so
7f3f6ec66000-7f3f6ec67000 rw-p 000fb000 08:01 2621674                    /lib/x86_64-linux-gnu/libm-2.15.so
7f3f6ec67000-7f3f6f932000 r-xp 00000000 08:01 13894575                   /usr/lib/jvm/java-8-oracle/jre/lib/amd64/server/libjvm.so
7f3f6f932000-7f3f6fb31000 ---p 00ccb000 08:01 13894575                   /usr/lib/jvm/java-8-oracle/jre/lib/amd64/server/libjvm.so
7f3f6fb31000-7f3f6fc0a000 rw-p 00cca000 08:01 13894575                   /usr/lib/jvm/java-8-oracle/jre/lib/amd64/server/libjvm.so
7f3f6fc0a000-7f3f6fc55000 rw-p 00000000 00:00 0 
7f3f6fc55000-7f3f6fe09000 r-xp 00000000 08:01 2621665                    /lib/x86_64-linux-gnu/libc-2.15.so
7f3f6fe09000-7f3f70008000 ---p 001b4000 08:01 2621665                    /lib/x86_64-linux-gnu/libc-2.15.so
7f3f70008000-7f3f7000c000 r--p 001b3000 08:01 2621665                    /lib/x86_64-linux-gnu/libc-2.15.so
7f3f7000c000-7f3f7000e000 rw-p 001b7000 08:01 2621665                    /lib/x86_64-linux-gnu/libc-2.15.so
7f3f7000e000-7f3f70013000 rw-p 00000000 00:00 0 
7f3f70013000-7f3f70015000 r-xp 00000000 08:01 2621657                    /lib/x86_64-linux-gnu/libdl-2.15.so
7f3f70015000-7f3f70215000 ---p 00002000 08:01 2621657                    /lib/x86_64-linux-gnu/libdl-2.15.so
7f3f70215000-7f3f70216000 r--p 00002000 08:01 2621657                    /lib/x86_64-linux-gnu/libdl-2.15.so
7f3f70216000-7f3f70217000 rw-p 00003000 08:01 2621657                    /lib/x86_64-linux-gnu/libdl-2.15.so
7f3f70217000-7f3f7022c000 r-xp 00000000 08:01 2627921                    /usr/lib/jvm/java-8-oracle/lib/amd64/jli/libjli.so
7f3f7022c000-7f3f7042c000 ---p 00015000 08:01 2627921                    /usr/lib/jvm/java-8-oracle/lib/amd64/jli/libjli.so
7f3f7042c000-7f3f7042d000 rw-p 00015000 08:01 2627921                    /usr/lib/jvm/java-8-oracle/lib/amd64/jli/libjli.so
7f3f7042d000-7f3f70445000 r-xp 00000000 08:01 2621668                    /lib/x86_64-linux-gnu/libpthread-2.15.so
7f3f70445000-7f3f70644000 ---p 00018000 08:01 2621668                    /lib/x86_64-linux-gnu/libpthread-2.15.so
7f3f70644000-7f3f70645000 r--p 00017000 08:01 2621668                    /lib/x86_64-linux-gnu/libpthread-2.15.so
7f3f70645000-7f3f70646000 rw-p 00018000 08:01 2621668                    /lib/x86_64-linux-gnu/libpthread-2.15.so
7f3f70646000-7f3f7064a000 rw-p 00000000 00:00 0 
7f3f7064a000-7f3f7066c000 r-xp 00000000 08:01 2621671                    /lib/x86_64-linux-gnu/ld-2.15.so
7f3f70671000-7f3f7074c000 rw-p 00000000 00:00 0 
7f3f7074c000-7f3f7074f000 ---p 00000000 00:00 0 
7f3f7074f000-7f3f70851000 rw-p 00000000 00:00 0                          [stack:19545]
7f3f70851000-7f3f70860000 r--s 000df000 08:01 9309217                    /home/lin/Android/Sdk/build-tools/23.0.3/lib/dx.jar
7f3f70860000-7f3f70868000 rw-s 00000000 08:01 4850487                    /tmp/hsperfdata_root/19540
7f3f70868000-7f3f70869000 rw-p 00000000 00:00 0 
7f3f70869000-7f3f7086a000 r--p 00000000 00:00 0 
7f3f7086a000-7f3f7086c000 rw-p 00000000 00:00 0 
7f3f7086c000-7f3f7086d000 r--p 00022000 08:01 2621671                    /lib/x86_64-linux-gnu/ld-2.15.so
7f3f7086d000-7f3f7086f000 rw-p 00023000 08:01 2621671                    /lib/x86_64-linux-gnu/ld-2.15.so
7ffe10cc1000-7ffe10ce2000 rw-p 00000000 00:00 0                          [stack]
7ffe10d70000-7ffe10d72000 r-xp 00000000 00:00 0                          [vdso]
ffffffffff600000-ffffffffff601000 r-xp 00000000 00:00 0                  [vsyscall]

VM Arguments:
jvm_args: -Djava.awt.headless=true -Xmx1024M -Dfile.encoding=UTF-8 -Duser.country=US -Duser.language=en -Duser.variant 
java_command: com.android.dx.command.Main --dex --force-jumbo --num-threads=4 --output /home/lin/other/AndroidProjects/Radio/app/build/intermediates/pre-dexed/debug/com.android.support-appcompat-v7-23.4.0_931a42660435b959128062e7e91ccba6756dc32b.jar /home/lin/other/AndroidProjects/Radio/app/build/intermediates/exploded-aar/com.android.support/appcompat-v7/23.4.0/jars/classes.jar
java_class_path (initial): /home/lin/Android/Sdk/build-tools/23.0.3/lib/dx.jar
Launcher Type: SUN_STANDARD

Environment Variables:
PATH=/usr/local/sbin:/usr/local/bin:/usr/sbin:/usr/bin:/sbin:/bin
USERNAME=root
LD_LIBRARY_PATH=/opt/android-studio/bin:
SHELL=/bin/bash
DISPLAY=:0.0

Signal Handlers:
SIGSEGV: [libjvm.so+0xac4790], sa_mask[0]=11111111011111111101111111111110, sa_flags=SA_RESTART|SA_SIGINFO
SIGBUS: [libjvm.so+0xac4790], sa_mask[0]=11111111011111111101111111111110, sa_flags=SA_RESTART|SA_SIGINFO
SIGFPE: [libjvm.so+0x91f140], sa_mask[0]=11111111011111111101111111111110, sa_flags=SA_RESTART|SA_SIGINFO
SIGPIPE: [libjvm.so+0x91f140], sa_mask[0]=11111111011111111101111111111110, sa_flags=SA_RESTART|SA_SIGINFO
SIGXFSZ: [libjvm.so+0x91f140], sa_mask[0]=11111111011111111101111111111110, sa_flags=SA_RESTART|SA_SIGINFO
SIGILL: [libjvm.so+0x91f140], sa_mask[0]=11111111011111111101111111111110, sa_flags=SA_RESTART|SA_SIGINFO
SIGUSR1: SIG_DFL, sa_mask[0]=00000000000000000000000000000000, sa_flags=none
SIGUSR2: [libjvm.so+0x920770], sa_mask[0]=00100000000000000000000000000000, sa_flags=SA_RESTART|SA_SIGINFO
SIGHUP: [libjvm.so+0x921b70], sa_mask[0]=11111111011111111101111111111110, sa_flags=SA_RESTART|SA_SIGINFO
SIGINT: [libjvm.so+0x921b70], sa_mask[0]=11111111011111111101111111111110, sa_flags=SA_RESTART|SA_SIGINFO
SIGTERM: [libjvm.so+0x921b70], sa_mask[0]=11111111011111111101111111111110, sa_flags=SA_RESTART|SA_SIGINFO
SIGQUIT: [libjvm.so+0x921b70], sa_mask[0]=11111111011111111101111111111110, sa_flags=SA_RESTART|SA_SIGINFO


---------------  S Y S T E M  ---------------

OS:DISTRIB_ID=Ubuntu
DISTRIB_RELEASE=12.04
DISTRIB_CODENAME=precise
DISTRIB_DESCRIPTION="Ubuntu 12.04.5 LTS"

uname:Linux 3.13.0-93-generic #140~precise1-Ubuntu SMP Tue Jul 19 19:55:11 UTC 2016 x86_64
libc:glibc 2.15 NPTL 2.15 
rlimit: STACK 8192k, CORE 0k, NPROC 22873, NOFILE 4096, AS infinity
load average:9.18 7.40 5.86

/proc/meminfo:
MemTotal:        2948840 kB
MemFree:          195284 kB
Buffers:           15496 kB
Cached:           414904 kB
SwapCached:        41156 kB
Active:          1966360 kB
Inactive:         629500 kB
Active(anon):    1817524 kB
Inactive(anon):   484608 kB
Active(file):     148836 kB
Inactive(file):   144892 kB
Unevictable:           0 kB
Mlocked:               0 kB
SwapTotal:       3008508 kB
SwapFree:        2750596 kB
Dirty:               460 kB
Writeback:             0 kB
AnonPages:       2154168 kB
Mapped:           119372 kB
Shmem:            136624 kB
Slab:              69256 kB
SReclaimable:      41060 kB
SUnreclaim:        28196 kB
KernelStack:        4528 kB
PageTables:        33556 kB
NFS_Unstable:          0 kB
Bounce:                0 kB
WritebackTmp:          0 kB
CommitLimit:     4482928 kB
Committed_AS:    5101060 kB
VmallocTotal:   34359738367 kB
VmallocUsed:      346432 kB
VmallocChunk:   34359383644 kB
HardwareCorrupted:     0 kB
AnonHugePages:    987136 kB
HugePages_Total:       0
HugePages_Free:        0
HugePages_Rsvd:        0
HugePages_Surp:        0
Hugepagesize:       2048 kB
DirectMap4k:       65924 kB
DirectMap2M:     2945024 kB


CPU:total 2 (2 cores per cpu, 1 threads per core) family 6 model 15 stepping 13, cmov, cx8, fxsr, mmx, sse, sse2, sse3, ssse3, tsc

/proc/cpuinfo:
processor	: 0
vendor_id	: GenuineIntel
cpu family	: 6
model		: 15
model name	: Genuine Intel(R) CPU           T1600  @ 1.66GHz
stepping	: 13
microcode	: 0xa3
cpu MHz		: 1662.521
cache size	: 1024 KB
physical id	: 0
siblings	: 2
core id		: 0
cpu cores	: 2
apicid		: 0
initial apicid	: 0
fpu		: yes
fpu_exception	: yes
cpuid level	: 10
wp		: yes
flags		: fpu vme de pse tsc msr pae mce cx8 apic sep mtrr pge mca cmov pat pse36 clflush dts acpi mmx fxsr sse sse2 ss ht tm pbe syscall nx lm constant_tsc arch_perfmon pebs bts rep_good nopl aperfmperf pni dtes64 monitor ds_cpl tm2 ssse3 cx16 xtpr pdcm lahf_lm dtherm
bogomips	: 3325.04
clflush size	: 64
cache_alignment	: 64
address sizes	: 36 bits physical, 48 bits virtual
power management:

processor	: 1
vendor_id	: GenuineIntel
cpu family	: 6
model		: 15
model name	: Genuine Intel(R) CPU           T1600  @ 1.66GHz
stepping	: 13
microcode	: 0xa3
cpu MHz		: 1662.521
cache size	: 1024 KB
physical id	: 0
siblings	: 2
core id		: 1
cpu cores	: 2
apicid		: 1
initial apicid	: 1
fpu		: yes
fpu_exception	: yes
cpuid level	: 10
wp		: yes
flags		: fpu vme de pse tsc msr pae mce cx8 apic sep mtrr pge mca cmov pat pse36 clflush dts acpi mmx fxsr sse sse2 ss ht tm pbe syscall nx lm constant_tsc arch_perfmon pebs bts rep_good nopl aperfmperf pni dtes64 monitor ds_cpl tm2 ssse3 cx16 xtpr pdcm lahf_lm dtherm
bogomips	: 3325.04
clflush size	: 64
cache_alignment	: 64
address sizes	: 36 bits physical, 48 bits virtual
power management:



Memory: 4k page, physical 2948840k(195284k free), swap 3008508k(2750596k free)

vm_info: Java HotSpot(TM) 64-Bit Server VM (25.101-b13) for linux-amd64 JRE (1.8.0_101-b13), built on Jun 22 2016 02:59:44 by "java_re" with gcc 4.3.0 20080428 (Red Hat 4.3.0-8)

time: Mon Aug 29 23:35:07 2016
elapsed time: 10 seconds (0d 0h 0m 10s)

