#
# A fatal error has been detected by the Java Runtime Environment:
#
#  SIGSEGV (0xb) at pc=0x00007f8d66aa85a3, pid=11222, tid=0x00007f8d6456e700
#
# JRE version: Java(TM) SE Runtime Environment (8.0_101-b13) (build 1.8.0_101-b13)
# Java VM: Java HotSpot(TM) 64-Bit Server VM (25.101-b13 mixed mode linux-amd64 compressed oops)
# Problematic frame:
# V  [libjvm.so+0x98c5a3]  oopDesc* PSPromotionManager::copy_to_survivor_space<false>(oopDesc*)+0x143
#
# Failed to write core dump. Core dumps have been disabled. To enable core dumping, try "ulimit -c unlimited" before starting Java again
#
# If you would like to submit a bug report, please visit:
#   http://bugreport.java.com/bugreport/crash.jsp
#

---------------  T H R E A D  ---------------

Current thread (0x00007f8d60021000):  GCTaskThread [stack: 0x00007f8d6446e000,0x00007f8d6456f000] [id=11229]

siginfo: si_signo: 11 (SIGSEGV), si_code: 2 (SEGV_ACCERR), si_addr: 0x00000001002826b0

Registers:
RAX=0x00007f8d670a9b90, RBX=0x00000000ee50e25c, RCX=0x0000000000000003, RDX=0x0000000000000001
RSP=0x00007f8d6456d7b0, RBP=0x00007f8d6456d820, RSI=0x00000000ebf654a8, RDI=0x00000001002826a8
R8 =0x00000000ee50e248, R9 =0x00007f8d670dd290, R10=0x00007f8d670ce059, R11=0x00007f8d6456d760
R12=0x00000000ebf654a8, R13=0x0000000000000001, R14=0x0000000000000000, R15=0x00007f8d60071368
RIP=0x00007f8d66aa85a3, EFLAGS=0x0000000000010202, CSGSFS=0x0000000000000033, ERR=0x0000000000000004
  TRAPNO=0x000000000000000e

Top of Stack: (sp=0x00007f8d6456d7b0)
0x00007f8d6456d7b0:   00000000c09bade1 00007f8d670ce059
0x00007f8d6456d7c0:   00007f8d60071328 00007f8d60071300
0x00007f8d6456d7d0:   00000000ee50d53d 0000000000000400
0x00007f8d6456d7e0:   00000000ec0b996a 0000000000001000
0x00007f8d6456d7f0:   00007f8d6456d8a0 00000000ee50e25c
0x00007f8d6456d800:   00007f8d60071300 00007f8d670a9b80
0x00007f8d6456d810:   0000000000000000 00007f8d60071368
0x00007f8d6456d820:   00007f8d6456d910 00007f8d66aa7e70
0x00007f8d6456d830:   00007f8d6456d890 00007f8d6456d8a0
0x00007f8d6456d840:   00007f8d6456d8b0 00007f8d6456d870
0x00007f8d6456d850:   00007f8d6456d880 00007f8d6456d8d0
0x00007f8d6456d860:   00007f8d51112a50 00007f8d60071398
0x00007f8d6456d870:   00000000c0689dd8 00007f8d60071360
0x00007f8d6456d880:   00007f8d6001ae80 00000000c072994c
0x00007f8d6456d890:   00007f8d6456d910 00007f8d66a1b5af
0x00007f8d6456d8a0:   0000000100058d48 00000000c09ccd40
0x00007f8d6456d8b0:   00007f8d6456d910 00007f8d6676aac0
0x00007f8d6456d8c0:   00000000c04e6965 00007f8d670dd290
0x00007f8d6456d8d0:   00000000ee50e25d 00007f8d60071360
0x00007f8d6456d8e0:   0000000000000000 00000000c09cee08
0x00007f8d6456d8f0:   00000000c09cee00 00007f8d647cae77
0x00007f8d6456d900:   00007f8d6001ae80 00007f8d647cae81
0x00007f8d6456d910:   00007f8d6456d9d0 00007f8d6651b13e
0x00007f8d6456d920:   00007f8d6001ed10 00007f8d647cae80
0x00007f8d6456d930:   00007f8d647cae01 00007f8d670ce059
0x00007f8d6456d940:   00007f8d60071300 00000000c0d639e0
0x00007f8d6456d950:   00007f8d6001abc0 00007f8d647ccb1d
0x00007f8d6456d960:   00000000c09c5e30 0000000000000100
0x00007f8d6456d970:   00000000c09d0020 00007f8d647cae33
0x00007f8d6456d980:   0000000000000240 00007f8d647caf00
0x00007f8d6456d990:   00007f8d647caf00 00007f8d647cae77
0x00007f8d6456d9a0:   00007f8d647cae33 00007f8d600236a0 

Instructions: (pc=0x00007f8d66aa85a3)
0x00007f8d66aa8583:   83 e0 07 48 83 f8 05 75 d3 31 db eb d6 48 8b 05
0x00007f8d66aa8593:   f1 24 5e 00 8b 7e 08 8b 48 08 48 d3 e7 48 03 38
0x00007f8d66aa85a3:   8b 77 08 83 fe 00 0f 8f 0a ff ff ff 0f 85 4b 02
0x00007f8d66aa85b3:   00 00 0f 1f 00 48 8b 07 4c 89 e6 4c 89 55 98 ff 

Register to memory mapping:

RAX=0x00007f8d670a9b90: <offset 0xf8db90> in /usr/lib/jvm/java-8-oracle/jre/lib/amd64/server/libjvm.so at 0x00007f8d6611c000
RBX=0x00000000ee50e25c is an unknown value
RCX=0x0000000000000003 is an unknown value
RDX=0x0000000000000001 is an unknown value
RSP=0x00007f8d6456d7b0 is an unknown value
RBP=0x00007f8d6456d820 is an unknown value
RSI=0x00000000ebf654a8 is an oop

[error occurred during error reporting (printing register info), id 0xb]

Stack: [0x00007f8d6446e000,0x00007f8d6456f000],  sp=0x00007f8d6456d7b0,  free space=1021k
Native frames: (J=compiled Java code, j=interpreted, Vv=VM code, C=native code)
V  [libjvm.so+0x98c5a3]  oopDesc* PSPromotionManager::copy_to_survivor_space<false>(oopDesc*)+0x143
V  [libjvm.so+0x98be70]  PSPromotionManager::drain_stacks_depth(bool)+0x830
V  [libjvm.so+0x3ff13e]  CardTableExtension::scavenge_contents_parallel(ObjectStartArray*, MutableSpace*, HeapWord*, PSPromotionManager*, unsigned int, unsigned int)+0xafe
V  [libjvm.so+0x98f6eb]  OldToYoungRootsTask::do_it(GCTaskManager*, unsigned int)+0x4b
V  [libjvm.so+0x5d6b5f]  GCTaskThread::run()+0x12f
V  [libjvm.so+0x924698]  java_start(Thread*)+0x108


---------------  P R O C E S S  ---------------

Java Threads: ( => current thread )
  0x00007f8d6016a000 JavaThread "pool-1-thread-4" [_thread_blocked, id=11243, stack(0x00007f8d4ca96000,0x00007f8d4cb97000)]
  0x00007f8d6015c800 JavaThread "pool-1-thread-3" [_thread_blocked, id=11242, stack(0x00007f8d4cb97000,0x00007f8d4cc98000)]
  0x00007f8d6015b000 JavaThread "pool-1-thread-2" [_thread_blocked, id=11241, stack(0x00007f8d4cc98000,0x00007f8d4cd99000)]
  0x00007f8d60158000 JavaThread "pool-2-thread-1" [_thread_blocked, id=11240, stack(0x00007f8d4cd99000,0x00007f8d4ce9a000)]
  0x00007f8d60156000 JavaThread "pool-1-thread-1" [_thread_blocked, id=11239, stack(0x00007f8d4ce9a000,0x00007f8d4cf9b000)]
  0x00007f8d600c4000 JavaThread "Service Thread" daemon [_thread_blocked, id=11237, stack(0x00007f8d4d09c000,0x00007f8d4d19d000)]
  0x00007f8d600b7800 JavaThread "C1 CompilerThread1" daemon [_thread_blocked, id=11235, stack(0x00007f8d4d19d000,0x00007f8d4d29e000)]
  0x00007f8d600b4800 JavaThread "C2 CompilerThread0" daemon [_thread_in_native, id=11234, stack(0x00007f8d4d29e000,0x00007f8d4d39f000)]
  0x00007f8d600b3000 JavaThread "Signal Dispatcher" daemon [_thread_blocked, id=11233, stack(0x00007f8d4d39f000,0x00007f8d4d4a0000)]
  0x00007f8d60080000 JavaThread "Finalizer" daemon [_thread_blocked, id=11232, stack(0x00007f8d4db84000,0x00007f8d4dc85000)]
  0x00007f8d6007b800 JavaThread "Reference Handler" daemon [_thread_blocked, id=11231, stack(0x00007f8d4dc85000,0x00007f8d4dd86000)]
  0x00007f8d6000a000 JavaThread "main" [_thread_blocked, id=11227, stack(0x00007f8d67c01000,0x00007f8d67d02000)]

Other Threads:
  0x00007f8d60073800 VMThread [stack: 0x00007f8d4dd86000,0x00007f8d4de87000] [id=11230]
  0x00007f8d600c7000 WatcherThread [stack: 0x00007f8d4cf9b000,0x00007f8d4d09c000] [id=11238]

=>0x00007f8d60021000 (exited) GCTaskThread [stack: 0x00007f8d6446e000,0x00007f8d6456f000] [id=11229]

VM state:at safepoint (normal execution)

VM Mutex/Monitor currently owned by a thread:  ([mutex/lock_event])
[0x00007f8d60006500] Threads_lock - owner thread: 0x00007f8d60073800
[0x00007f8d60006a00] Heap_lock - owner thread: 0x00007f8d6016a000

Heap:
 PSYoungGen      total 26112K, used 26102K [0x00000000eab00000, 0x00000000ee600000, 0x0000000100000000)
  eden space 24576K, 100% used [0x00000000eab00000,0x00000000ec300000,0x00000000ec300000)
  from space 1536K, 99% used [0x00000000ec300000,0x00000000ec47d908,0x00000000ec480000)
  to   space 5632K, 96% used [0x00000000ee080000,0x00000000ee5c9448,0x00000000ee600000)
 ParOldGen       total 31744K, used 13710K [0x00000000c0000000, 0x00000000c1f00000, 0x00000000eab00000)
  object space 31744K, 43% used [0x00000000c0000000,0x00000000c0d639e0,0x00000000c1f00000)
 Metaspace       used 5815K, capacity 6832K, committed 7040K, reserved 1056768K
  class space    used 591K, capacity 616K, committed 640K, reserved 1048576K

Card table byte_map: [0x00007f8d647c6000,0x00007f8d649c7000] byte_map_base: 0x00007f8d641c6000

Marking Bits: (ParMarkBitMap*) 0x00007f8d670dd120
 Begin Bits: [0x00007f8d4f000000, 0x00007f8d50000000)
 End Bits:   [0x00007f8d50000000, 0x00007f8d51000000)

Polling page: 0x00007f8d67d1e000

CodeCache: size=245760Kb used=3749Kb max_used=3749Kb free=242010Kb
 bounds [0x00007f8d51000000, 0x00007f8d513b0000, 0x00007f8d60000000]
 total_blobs=1208 nmethods=942 adapters=182
 compilation: enabled

Compilation events (10 events):
Event: 15.761 Thread 0x00007f8d600b7800 nmethod 1285 0x00007f8d513a9a50 code [0x00007f8d513a9ba0, 0x00007f8d513a9cf0]
Event: 15.761 Thread 0x00007f8d600b7800 1347       2       com.android.dx.ssa.PhiInsn::predBlockIndexForSourcesIndex (15 bytes)
Event: 15.762 Thread 0x00007f8d600b7800 nmethod 1347 0x00007f8d513a9d90 code [0x00007f8d513a9f20, 0x00007f8d513aa1d8]
Event: 15.762 Thread 0x00007f8d600b7800  882       1       java.util.TreeMap::size (5 bytes)
Event: 15.762 Thread 0x00007f8d600b7800 nmethod 882 0x00007f8d513aa4d0 code [0x00007f8d513aa620, 0x00007f8d513aa730]
Event: 15.762 Thread 0x00007f8d600b7800 1270       2       com.android.dx.rop.cst.CstBaseMethodRef::getType (8 bytes)
Event: 15.763 Thread 0x00007f8d600b7800 nmethod 1270 0x00007f8d513aa790 code [0x00007f8d513aa8e0, 0x00007f8d513aaa30]
Event: 15.763 Thread 0x00007f8d600b7800 1284       2       com.android.dx.rop.cst.TypedConstant::getBasicFrameType (8 bytes)
Event: 15.763 Thread 0x00007f8d600b7800 nmethod 1284 0x00007f8d513aaad0 code [0x00007f8d513aac40, 0x00007f8d513aadd8]
Event: 15.763 Thread 0x00007f8d600b7800 1295  s    2       com.android.dx.dex.file.MethodIdsSection::intern (55 bytes)

GC Heap History (10 events):
Event: 6.907 GC heap after
Heap after GC invocations=1 (full 0):
 PSYoungGen      total 13824K, used 1527K [0x00000000eab00000, 0x00000000eba00000, 0x0000000100000000)
  eden space 12288K, 0% used [0x00000000eab00000,0x00000000eab00000,0x00000000eb700000)
  from space 1536K, 99% used [0x00000000eb700000,0x00000000eb87dc78,0x00000000eb880000)
  to   space 1536K, 0% used [0x00000000eb880000,0x00000000eb880000,0x00000000eba00000)
 ParOldGen       total 31744K, used 1913K [0x00000000c0000000, 0x00000000c1f00000, 0x00000000eab00000)
  object space 31744K, 6% used [0x00000000c0000000,0x00000000c01de428,0x00000000c1f00000)
 Metaspace       used 5375K, capacity 6448K, committed 6528K, reserved 1056768K
  class space    used 585K, capacity 616K, committed 640K, reserved 1048576K
}
Event: 9.736 GC heap before
{Heap before GC invocations=2 (full 0):
 PSYoungGen      total 13824K, used 13815K [0x00000000eab00000, 0x00000000eba00000, 0x0000000100000000)
  eden space 12288K, 100% used [0x00000000eab00000,0x00000000eb700000,0x00000000eb700000)
  from space 1536K, 99% used [0x00000000eb700000,0x00000000eb87dc78,0x00000000eb880000)
  to   space 1536K, 0% used [0x00000000eb880000,0x00000000eb880000,0x00000000eba00000)
 ParOldGen       total 31744K, used 1913K [0x00000000c0000000, 0x00000000c1f00000, 0x00000000eab00000)
  object space 31744K, 6% used [0x00000000c0000000,0x00000000c01de428,0x00000000c1f00000)
 Metaspace       used 5656K, capacity 6640K, committed 6784K, reserved 1056768K
  class space    used 588K, capacity 616K, committed 640K, reserved 1048576K
Event: 9.851 GC heap after
Heap after GC invocations=2 (full 0):
 PSYoungGen      total 13824K, used 1525K [0x00000000eab00000, 0x00000000ec600000, 0x0000000100000000)
  eden space 12288K, 0% used [0x00000000eab00000,0x00000000eab00000,0x00000000eb700000)
  from space 1536K, 99% used [0x00000000eb880000,0x00000000eb9fd440,0x00000000eba00000)
  to   space 1536K, 0% used [0x00000000eb700000,0x00000000eb700000,0x00000000eb880000)
 ParOldGen       total 31744K, used 4323K [0x00000000c0000000, 0x00000000c1f00000, 0x00000000eab00000)
  object space 31744K, 13% used [0x00000000c0000000,0x00000000c0438dc8,0x00000000c1f00000)
 Metaspace       used 5656K, capacity 6640K, committed 6784K, reserved 1056768K
  class space    used 588K, capacity 616K, committed 640K, reserved 1048576K
}
Event: 11.212 GC heap before
{Heap before GC invocations=3 (full 0):
 PSYoungGen      total 13824K, used 13813K [0x00000000eab00000, 0x00000000ec600000, 0x0000000100000000)
  eden space 12288K, 100% used [0x00000000eab00000,0x00000000eb700000,0x00000000eb700000)
  from space 1536K, 99% used [0x00000000eb880000,0x00000000eb9fd440,0x00000000eba00000)
  to   space 1536K, 0% used [0x00000000eb700000,0x00000000eb700000,0x00000000eb880000)
 ParOldGen       total 31744K, used 4323K [0x00000000c0000000, 0x00000000c1f00000, 0x00000000eab00000)
  object space 31744K, 13% used [0x00000000c0000000,0x00000000c0438dc8,0x00000000c1f00000)
 Metaspace       used 5716K, capacity 6704K, committed 6784K, reserved 1056768K
  class space    used 590K, capacity 616K, committed 640K, reserved 1048576K
Event: 11.322 GC heap after
Heap after GC invocations=3 (full 0):
 PSYoungGen      total 13824K, used 1525K [0x00000000eab00000, 0x00000000ec600000, 0x0000000100000000)
  eden space 12288K, 0% used [0x00000000eab00000,0x00000000eab00000,0x00000000eb700000)
  from space 1536K, 99% used [0x00000000eb700000,0x00000000eb87d7b8,0x00000000eb880000)
  to   space 1536K, 0% used [0x00000000ec480000,0x00000000ec480000,0x00000000ec600000)
 ParOldGen       total 31744K, used 6898K [0x00000000c0000000, 0x00000000c1f00000, 0x00000000eab00000)
  object space 31744K, 21% used [0x00000000c0000000,0x00000000c06bc830,0x00000000c1f00000)
 Metaspace       used 5716K, capacity 6704K, committed 6784K, reserved 1056768K
  class space    used 590K, capacity 616K, committed 640K, reserved 1048576K
}
Event: 12.148 GC heap before
{Heap before GC invocations=4 (full 0):
 PSYoungGen      total 13824K, used 13813K [0x00000000eab00000, 0x00000000ec600000, 0x0000000100000000)
  eden space 12288K, 100% used [0x00000000eab00000,0x00000000eb700000,0x00000000eb700000)
  from space 1536K, 99% used [0x00000000eb700000,0x00000000eb87d7b8,0x00000000eb880000)
  to   space 1536K, 0% used [0x00000000ec480000,0x00000000ec480000,0x00000000ec600000)
 ParOldGen       total 31744K, used 6898K [0x00000000c0000000, 0x00000000c1f00000, 0x00000000eab00000)
  object space 31744K, 21% used [0x00000000c0000000,0x00000000c06bc830,0x00000000c1f00000)
 Metaspace       used 5739K, capacity 6768K, committed 7040K, reserved 1056768K
  class space    used 590K, capacity 616K, committed 640K, reserved 1048576K
Event: 12.285 GC heap after
Heap after GC invocations=4 (full 0):
 PSYoungGen      total 26112K, used 1526K [0x00000000eab00000, 0x00000000ec600000, 0x0000000100000000)
  eden space 24576K, 0% used [0x00000000eab00000,0x00000000eab00000,0x00000000ec300000)
  from space 1536K, 99% used [0x00000000ec480000,0x00000000ec5fd908,0x00000000ec600000)
  to   space 1536K, 0% used [0x00000000ec300000,0x00000000ec300000,0x00000000ec480000)
 ParOldGen       total 31744K, used 9972K [0x00000000c0000000, 0x00000000c1f00000, 0x00000000eab00000)
  object space 31744K, 31% used [0x00000000c0000000,0x00000000c09bd010,0x00000000c1f00000)
 Metaspace       used 5739K, capacity 6768K, committed 7040K, reserved 1056768K
  class space    used 590K, capacity 616K, committed 640K, reserved 1048576K
}
Event: 13.908 GC heap before
{Heap before GC invocations=5 (full 0):
 PSYoungGen      total 26112K, used 26102K [0x00000000eab00000, 0x00000000ec600000, 0x0000000100000000)
  eden space 24576K, 100% used [0x00000000eab00000,0x00000000ec300000,0x00000000ec300000)
  from space 1536K, 99% used [0x00000000ec480000,0x00000000ec5fd908,0x00000000ec600000)
  to   space 1536K, 0% used [0x00000000ec300000,0x00000000ec300000,0x00000000ec480000)
 ParOldGen       total 31744K, used 9972K [0x00000000c0000000, 0x00000000c1f00000, 0x00000000eab00000)
  object space 31744K, 31% used [0x00000000c0000000,0x00000000c09bd010,0x00000000c1f00000)
 Metaspace       used 5779K, capacity 6768K, committed 7040K, reserved 1056768K
  class space    used 590K, capacity 616K, committed 640K, reserved 1048576K
Event: 14.090 GC heap after
Heap after GC invocations=5 (full 0):
 PSYoungGen      total 26112K, used 1526K [0x00000000eab00000, 0x00000000ee600000, 0x0000000100000000)
  eden space 24576K, 0% used [0x00000000eab00000,0x00000000eab00000,0x00000000ec300000)
  from space 1536K, 99% used [0x00000000ec300000,0x00000000ec47d908,0x00000000ec480000)
  to   space 5632K, 0% used [0x00000000ee080000,0x00000000ee080000,0x00000000ee600000)
 ParOldGen       total 31744K, used 13710K [0x00000000c0000000, 0x00000000c1f00000, 0x00000000eab00000)
  object space 31744K, 43% used [0x00000000c0000000,0x00000000c0d639e0,0x00000000c1f00000)
 Metaspace       used 5779K, capacity 6768K, committed 7040K, reserved 1056768K
  class space    used 590K, capacity 616K, committed 640K, reserved 1048576K
}
Event: 15.783 GC heap before
{Heap before GC invocations=6 (full 0):
 PSYoungGen      total 26112K, used 26102K [0x00000000eab00000, 0x00000000ee600000, 0x0000000100000000)
  eden space 24576K, 100% used [0x00000000eab00000,0x00000000ec300000,0x00000000ec300000)
  from space 1536K, 99% used [0x00000000ec300000,0x00000000ec47d908,0x00000000ec480000)
  to   space 5632K, 0% used [0x00000000ee080000,0x00000000ee080000,0x00000000ee600000)
 ParOldGen       total 31744K, used 13710K [0x00000000c0000000, 0x00000000c1f00000, 0x00000000eab00000)
  object space 31744K, 43% used [0x00000000c0000000,0x00000000c0d639e0,0x00000000c1f00000)
 Metaspace       used 5815K, capacity 6832K, committed 7040K, reserved 1056768K
  class space    used 591K, capacity 616K, committed 640K, reserved 1048576K

Deoptimization events (5 events):
Event: 4.972 Thread 0x00007f8d6000a000 Uncommon trap: reason=unstable_if action=reinterpret pc=0x00007f8d51159b10 method=java.lang.String.indexOf(II)I @ 49
Event: 7.347 Thread 0x00007f8d6000a000 Uncommon trap: reason=unstable_if action=reinterpret pc=0x00007f8d511e9a0c method=java.util.HashMap.getNode(ILjava/lang/Object;)Ljava/util/HashMap$Node; @ 129
Event: 7.571 Thread 0x00007f8d6015c800 Uncommon trap: reason=unstable_if action=reinterpret pc=0x00007f8d512033ec method=java.util.HashMap.getNode(ILjava/lang/Object;)Ljava/util/HashMap$Node; @ 62
Event: 7.649 Thread 0x00007f8d6000a000 Uncommon trap: reason=unstable_if action=reinterpret pc=0x00007f8d511f00ec method=java.util.BitSet.nextSetBit(I)I @ 87
Event: 10.390 Thread 0x00007f8d6015c800 Uncommon trap: reason=null_check action=make_not_entrant pc=0x00007f8d51285210 method=com.android.dx.ssa.SsaRenamer.getLocalForNewReg(I)Lcom/android/dx/rop/code/LocalItem; @ 19

Internal exceptions (3 events):
Event: 0.688 Thread 0x00007f8d6000a000 Exception <a 'java/lang/NoSuchMethodError': Method sun.misc.Unsafe.defineClass(Ljava/lang/String;[BII)Ljava/lang/Class; name or signature does not match> (0x00000000eab07cc0) thrown at [/HUDSON3/workspace/8-2-build-linux-amd64/jdk8u101/7261/hotspot/src/sh
Event: 0.689 Thread 0x00007f8d6000a000 Exception <a 'java/lang/NoSuchMethodError': Method sun.misc.Unsafe.prefetchRead(Ljava/lang/Object;J)V name or signature does not match> (0x00000000eab07fa8) thrown at [/HUDSON3/workspace/8-2-build-linux-amd64/jdk8u101/7261/hotspot/src/share/vm/prims/jni.c
Event: 10.390 Thread 0x00007f8d6015c800 Implicit null exception at 0x00007f8d51282d63 to 0x00007f8d512851ed

Events (10 events):
Event: 12.285 Executing VM operation: ParallelGCFailedAllocation done
Event: 13.883 Executing VM operation: ParallelGCFailedAllocation
Event: 14.096 Executing VM operation: ParallelGCFailedAllocation done
Event: 15.251 Thread 0x00007f8d6015b000 DEOPT PACKING pc=0x00007f8d5130e0a6 sp=0x00007f8d4cd96dc0
Event: 15.251 Thread 0x00007f8d6015b000 DEOPT UNPACKING pc=0x00007f8d51046f73 sp=0x00007f8d4cd96b00 mode 0
Event: 15.581 loading class com/android/dx/cf/attrib/AttDeprecated
Event: 15.581 loading class com/android/dx/cf/attrib/AttDeprecated done
Event: 15.582 loading class com/android/dx/cf/attrib/AttRuntimeVisibleAnnotations
Event: 15.582 loading class com/android/dx/cf/attrib/AttRuntimeVisibleAnnotations done
Event: 15.779 Executing VM operation: ParallelGCFailedAllocation


Dynamic libraries:
00400000-00401000 r-xp 00000000 08:01 3279757                            /usr/lib/jvm/java-8-oracle/bin/java
00600000-00601000 rw-p 00000000 08:01 3279757                            /usr/lib/jvm/java-8-oracle/bin/java
011a8000-011eb000 rw-p 00000000 00:00 0                                  [heap]
c0000000-c1f00000 rw-p 00000000 00:00 0 
c1f00000-eab00000 ---p 00000000 00:00 0 
eab00000-ee600000 rw-p 00000000 00:00 0 
ee600000-100000000 ---p 00000000 00:00 0 
100000000-1000a0000 rw-p 00000000 00:00 0 
1000a0000-140000000 ---p 00000000 00:00 0 
7f8d10000000-7f8d10044000 rw-p 00000000 00:00 0 
7f8d10044000-7f8d14000000 ---p 00000000 00:00 0 
7f8d18000000-7f8d18021000 rw-p 00000000 00:00 0 
7f8d18021000-7f8d1c000000 ---p 00000000 00:00 0 
7f8d1c000000-7f8d1c021000 rw-p 00000000 00:00 0 
7f8d1c021000-7f8d20000000 ---p 00000000 00:00 0 
7f8d20000000-7f8d20021000 rw-p 00000000 00:00 0 
7f8d20021000-7f8d24000000 ---p 00000000 00:00 0 
7f8d24000000-7f8d24021000 rw-p 00000000 00:00 0 
7f8d24021000-7f8d28000000 ---p 00000000 00:00 0 
7f8d28000000-7f8d2890c000 rw-p 00000000 00:00 0 
7f8d2890c000-7f8d2c000000 ---p 00000000 00:00 0 
7f8d2c000000-7f8d2c021000 rw-p 00000000 00:00 0 
7f8d2c021000-7f8d30000000 ---p 00000000 00:00 0 
7f8d30000000-7f8d30021000 rw-p 00000000 00:00 0 
7f8d30021000-7f8d34000000 ---p 00000000 00:00 0 
7f8d34000000-7f8d348ce000 rw-p 00000000 00:00 0 
7f8d348ce000-7f8d38000000 ---p 00000000 00:00 0 
7f8d38000000-7f8d38021000 rw-p 00000000 00:00 0 
7f8d38021000-7f8d3c000000 ---p 00000000 00:00 0 
7f8d3c000000-7f8d3c021000 rw-p 00000000 00:00 0 
7f8d3c021000-7f8d40000000 ---p 00000000 00:00 0 
7f8d40000000-7f8d402a8000 rw-p 00000000 00:00 0 
7f8d402a8000-7f8d44000000 ---p 00000000 00:00 0 
7f8d44000000-7f8d44021000 rw-p 00000000 00:00 0 
7f8d44021000-7f8d48000000 ---p 00000000 00:00 0 
7f8d48000000-7f8d48021000 rw-p 00000000 00:00 0 
7f8d48021000-7f8d4c000000 ---p 00000000 00:00 0 
7f8d4ca96000-7f8d4ca99000 ---p 00000000 00:00 0 
7f8d4ca99000-7f8d4cb97000 rw-p 00000000 00:00 0                          [stack:11243]
7f8d4cb97000-7f8d4cb9a000 ---p 00000000 00:00 0 
7f8d4cb9a000-7f8d4cc98000 rw-p 00000000 00:00 0                          [stack:11242]
7f8d4cc98000-7f8d4cc9b000 ---p 00000000 00:00 0 
7f8d4cc9b000-7f8d4cd99000 rw-p 00000000 00:00 0                          [stack:11241]
7f8d4cd99000-7f8d4cd9c000 ---p 00000000 00:00 0 
7f8d4cd9c000-7f8d4ce9a000 rw-p 00000000 00:00 0                          [stack:11240]
7f8d4ce9a000-7f8d4ce9d000 ---p 00000000 00:00 0 
7f8d4ce9d000-7f8d4cf9b000 rw-p 00000000 00:00 0                          [stack:11239]
7f8d4cf9b000-7f8d4cf9c000 ---p 00000000 00:00 0 
7f8d4cf9c000-7f8d4d09c000 rw-p 00000000 00:00 0                          [stack:11238]
7f8d4d09c000-7f8d4d09f000 ---p 00000000 00:00 0 
7f8d4d09f000-7f8d4d19d000 rw-p 00000000 00:00 0                          [stack:11237]
7f8d4d19d000-7f8d4d1a0000 ---p 00000000 00:00 0 
7f8d4d1a0000-7f8d4d29e000 rw-p 00000000 00:00 0                          [stack:11235]
7f8d4d29e000-7f8d4d2a1000 ---p 00000000 00:00 0 
7f8d4d2a1000-7f8d4d39f000 rw-p 00000000 00:00 0                          [stack:11234]
7f8d4d39f000-7f8d4d3a2000 ---p 00000000 00:00 0 
7f8d4d3a2000-7f8d4d4a0000 rw-p 00000000 00:00 0                          [stack:11233]
7f8d4d4a0000-7f8d4db84000 r--p 00000000 08:01 13113697                   /usr/lib/locale/locale-archive
7f8d4db84000-7f8d4db87000 ---p 00000000 00:00 0 
7f8d4db87000-7f8d4dc85000 rw-p 00000000 00:00 0                          [stack:11232]
7f8d4dc85000-7f8d4dc88000 ---p 00000000 00:00 0 
7f8d4dc88000-7f8d4dd86000 rw-p 00000000 00:00 0                          [stack:11231]
7f8d4dd86000-7f8d4dd87000 ---p 00000000 00:00 0 
7f8d4dd87000-7f8d4ee40000 rw-p 00000000 00:00 0                          [stack:11230]
7f8d4ee40000-7f8d4f000000 ---p 00000000 00:00 0 
7f8d4f000000-7f8d51000000 rw-p 00000000 00:00 0 
7f8d51000000-7f8d513b0000 rwxp 00000000 00:00 0 
7f8d513b0000-7f8d60000000 ---p 00000000 00:00 0 
7f8d60000000-7f8d6038e000 rw-p 00000000 00:00 0 
7f8d6038e000-7f8d64000000 ---p 00000000 00:00 0 
7f8d6401f000-7f8d641f8000 r--s 03d29000 08:01 13118676                   /usr/lib/jvm/java-8-oracle/jre/lib/rt.jar
7f8d641f8000-7f8d6446e000 rw-p 00000000 00:00 0 
7f8d6446e000-7f8d6446f000 ---p 00000000 00:00 0 
7f8d6446f000-7f8d6456f000 rw-p 00000000 00:00 0                          [stack:11229]
7f8d6456f000-7f8d64570000 ---p 00000000 00:00 0 
7f8d64570000-7f8d64680000 rw-p 00000000 00:00 0                          [stack:11228]
7f8d64680000-7f8d647c6000 ---p 00000000 00:00 0 
7f8d647c6000-7f8d647d6000 rw-p 00000000 00:00 0 
7f8d647d6000-7f8d6491b000 ---p 00000000 00:00 0 
7f8d6491b000-7f8d64939000 rw-p 00000000 00:00 0 
7f8d64939000-7f8d649c6000 ---p 00000000 00:00 0 
7f8d649c6000-7f8d649d6000 rw-p 00000000 00:00 0 
7f8d649d6000-7f8d64d87000 ---p 00000000 00:00 0 
7f8d64d87000-7f8d64da1000 r-xp 00000000 08:01 13766358                   /usr/lib/jvm/java-8-oracle/jre/lib/amd64/libzip.so
7f8d64da1000-7f8d64fa1000 ---p 0001a000 08:01 13766358                   /usr/lib/jvm/java-8-oracle/jre/lib/amd64/libzip.so
7f8d64fa1000-7f8d64fa2000 rw-p 0001a000 08:01 13766358                   /usr/lib/jvm/java-8-oracle/jre/lib/amd64/libzip.so
7f8d64fa2000-7f8d64fad000 r-xp 00000000 08:01 2621673                    /lib/x86_64-linux-gnu/libnss_files-2.15.so
7f8d64fad000-7f8d651ac000 ---p 0000b000 08:01 2621673                    /lib/x86_64-linux-gnu/libnss_files-2.15.so
7f8d651ac000-7f8d651ad000 r--p 0000a000 08:01 2621673                    /lib/x86_64-linux-gnu/libnss_files-2.15.so
7f8d651ad000-7f8d651ae000 rw-p 0000b000 08:01 2621673                    /lib/x86_64-linux-gnu/libnss_files-2.15.so
7f8d651ae000-7f8d651b8000 r-xp 00000000 08:01 2621658                    /lib/x86_64-linux-gnu/libnss_nis-2.15.so
7f8d651b8000-7f8d653b8000 ---p 0000a000 08:01 2621658                    /lib/x86_64-linux-gnu/libnss_nis-2.15.so
7f8d653b8000-7f8d653b9000 r--p 0000a000 08:01 2621658                    /lib/x86_64-linux-gnu/libnss_nis-2.15.so
7f8d653b9000-7f8d653ba000 rw-p 0000b000 08:01 2621658                    /lib/x86_64-linux-gnu/libnss_nis-2.15.so
7f8d653ba000-7f8d653d1000 r-xp 00000000 08:01 2621667                    /lib/x86_64-linux-gnu/libnsl-2.15.so
7f8d653d1000-7f8d655d0000 ---p 00017000 08:01 2621667                    /lib/x86_64-linux-gnu/libnsl-2.15.so
7f8d655d0000-7f8d655d1000 r--p 00016000 08:01 2621667                    /lib/x86_64-linux-gnu/libnsl-2.15.so
7f8d655d1000-7f8d655d2000 rw-p 00017000 08:01 2621667                    /lib/x86_64-linux-gnu/libnsl-2.15.so
7f8d655d2000-7f8d655d4000 rw-p 00000000 00:00 0 
7f8d655d4000-7f8d655dc000 r-xp 00000000 08:01 2621672                    /lib/x86_64-linux-gnu/libnss_compat-2.15.so
7f8d655dc000-7f8d657db000 ---p 00008000 08:01 2621672                    /lib/x86_64-linux-gnu/libnss_compat-2.15.so
7f8d657db000-7f8d657dc000 r--p 00007000 08:01 2621672                    /lib/x86_64-linux-gnu/libnss_compat-2.15.so
7f8d657dc000-7f8d657dd000 rw-p 00008000 08:01 2621672                    /lib/x86_64-linux-gnu/libnss_compat-2.15.so
7f8d657dd000-7f8d65807000 r-xp 00000000 08:01 13766323                   /usr/lib/jvm/java-8-oracle/jre/lib/amd64/libjava.so
7f8d65807000-7f8d65a07000 ---p 0002a000 08:01 13766323                   /usr/lib/jvm/java-8-oracle/jre/lib/amd64/libjava.so
7f8d65a07000-7f8d65a09000 rw-p 0002a000 08:01 13766323                   /usr/lib/jvm/java-8-oracle/jre/lib/amd64/libjava.so
7f8d65a09000-7f8d65a16000 r-xp 00000000 08:01 13766361                   /usr/lib/jvm/java-8-oracle/jre/lib/amd64/libverify.so
7f8d65a16000-7f8d65c16000 ---p 0000d000 08:01 13766361                   /usr/lib/jvm/java-8-oracle/jre/lib/amd64/libverify.so
7f8d65c16000-7f8d65c18000 rw-p 0000d000 08:01 13766361                   /usr/lib/jvm/java-8-oracle/jre/lib/amd64/libverify.so
7f8d65c18000-7f8d65c1f000 r-xp 00000000 08:01 2621660                    /lib/x86_64-linux-gnu/librt-2.15.so
7f8d65c1f000-7f8d65e1e000 ---p 00007000 08:01 2621660                    /lib/x86_64-linux-gnu/librt-2.15.so
7f8d65e1e000-7f8d65e1f000 r--p 00006000 08:01 2621660                    /lib/x86_64-linux-gnu/librt-2.15.so
7f8d65e1f000-7f8d65e20000 rw-p 00007000 08:01 2621660                    /lib/x86_64-linux-gnu/librt-2.15.so
7f8d65e20000-7f8d65f1b000 r-xp 00000000 08:01 2621674                    /lib/x86_64-linux-gnu/libm-2.15.so
7f8d65f1b000-7f8d6611a000 ---p 000fb000 08:01 2621674                    /lib/x86_64-linux-gnu/libm-2.15.so
7f8d6611a000-7f8d6611b000 r--p 000fa000 08:01 2621674                    /lib/x86_64-linux-gnu/libm-2.15.so
7f8d6611b000-7f8d6611c000 rw-p 000fb000 08:01 2621674                    /lib/x86_64-linux-gnu/libm-2.15.so
7f8d6611c000-7f8d66de7000 r-xp 00000000 08:01 13894575                   /usr/lib/jvm/java-8-oracle/jre/lib/amd64/server/libjvm.so
7f8d66de7000-7f8d66fe6000 ---p 00ccb000 08:01 13894575                   /usr/lib/jvm/java-8-oracle/jre/lib/amd64/server/libjvm.so
7f8d66fe6000-7f8d670bf000 rw-p 00cca000 08:01 13894575                   /usr/lib/jvm/java-8-oracle/jre/lib/amd64/server/libjvm.so
7f8d670bf000-7f8d6710a000 rw-p 00000000 00:00 0 
7f8d6710a000-7f8d672be000 r-xp 00000000 08:01 2621665                    /lib/x86_64-linux-gnu/libc-2.15.so
7f8d672be000-7f8d674bd000 ---p 001b4000 08:01 2621665                    /lib/x86_64-linux-gnu/libc-2.15.so
7f8d674bd000-7f8d674c1000 r--p 001b3000 08:01 2621665                    /lib/x86_64-linux-gnu/libc-2.15.so
7f8d674c1000-7f8d674c3000 rw-p 001b7000 08:01 2621665                    /lib/x86_64-linux-gnu/libc-2.15.so
7f8d674c3000-7f8d674c8000 rw-p 00000000 00:00 0 
7f8d674c8000-7f8d674ca000 r-xp 00000000 08:01 2621657                    /lib/x86_64-linux-gnu/libdl-2.15.so
7f8d674ca000-7f8d676ca000 ---p 00002000 08:01 2621657                    /lib/x86_64-linux-gnu/libdl-2.15.so
7f8d676ca000-7f8d676cb000 r--p 00002000 08:01 2621657                    /lib/x86_64-linux-gnu/libdl-2.15.so
7f8d676cb000-7f8d676cc000 rw-p 00003000 08:01 2621657                    /lib/x86_64-linux-gnu/libdl-2.15.so
7f8d676cc000-7f8d676e1000 r-xp 00000000 08:01 2627921                    /usr/lib/jvm/java-8-oracle/lib/amd64/jli/libjli.so
7f8d676e1000-7f8d678e1000 ---p 00015000 08:01 2627921                    /usr/lib/jvm/java-8-oracle/lib/amd64/jli/libjli.so
7f8d678e1000-7f8d678e2000 rw-p 00015000 08:01 2627921                    /usr/lib/jvm/java-8-oracle/lib/amd64/jli/libjli.so
7f8d678e2000-7f8d678fa000 r-xp 00000000 08:01 2621668                    /lib/x86_64-linux-gnu/libpthread-2.15.so
7f8d678fa000-7f8d67af9000 ---p 00018000 08:01 2621668                    /lib/x86_64-linux-gnu/libpthread-2.15.so
7f8d67af9000-7f8d67afa000 r--p 00017000 08:01 2621668                    /lib/x86_64-linux-gnu/libpthread-2.15.so
7f8d67afa000-7f8d67afb000 rw-p 00018000 08:01 2621668                    /lib/x86_64-linux-gnu/libpthread-2.15.so
7f8d67afb000-7f8d67aff000 rw-p 00000000 00:00 0 
7f8d67aff000-7f8d67b21000 r-xp 00000000 08:01 2621671                    /lib/x86_64-linux-gnu/ld-2.15.so
7f8d67b21000-7f8d67b22000 rw-p 00000000 00:00 0 
7f8d67b22000-7f8d67b28000 r--s 00048000 08:01 10753524                   /home/lin/other/AndroidProjects/Radio/app/build/intermediates/exploded-aar/com.code-troopers.betterpickers/library/3.0.0/jars/classes.jar
7f8d67b28000-7f8d67c01000 rw-p 00000000 00:00 0 
7f8d67c01000-7f8d67c04000 ---p 00000000 00:00 0 
7f8d67c04000-7f8d67d06000 rw-p 00000000 00:00 0                          [stack:11227]
7f8d67d06000-7f8d67d15000 r--s 000df000 08:01 11274850                   /root/Android/Sdk/build-tools/23.0.3/lib/dx.jar
7f8d67d15000-7f8d67d1d000 rw-s 00000000 08:01 4850379                    /tmp/hsperfdata_root/11222
7f8d67d1d000-7f8d67d1e000 rw-p 00000000 00:00 0 
7f8d67d1e000-7f8d67d1f000 ---p 00000000 00:00 0 
7f8d67d1f000-7f8d67d21000 rw-p 00000000 00:00 0 
7f8d67d21000-7f8d67d22000 r--p 00022000 08:01 2621671                    /lib/x86_64-linux-gnu/ld-2.15.so
7f8d67d22000-7f8d67d24000 rw-p 00023000 08:01 2621671                    /lib/x86_64-linux-gnu/ld-2.15.so
7ffc90adc000-7ffc90afd000 rw-p 00000000 00:00 0                          [stack]
7ffc90b80000-7ffc90b82000 r-xp 00000000 00:00 0                          [vdso]
ffffffffff600000-ffffffffff601000 r-xp 00000000 00:00 0                  [vsyscall]

VM Arguments:
jvm_args: -Djava.awt.headless=true -Xmx1024M -Dfile.encoding=UTF-8 -Duser.country=US -Duser.language=en -Duser.variant 
java_command: com.android.dx.command.Main --dex --force-jumbo --num-threads=4 --output /home/lin/other/AndroidProjects/Radio/app/build/intermediates/pre-dexed/debug/com.code-troopers.betterpickers-library-3.0.0_de1491c5a7e4b879dd6a810e4d1a9e50ccac2e9a.jar /home/lin/other/AndroidProjects/Radio/app/build/intermediates/exploded-aar/com.code-troopers.betterpickers/library/3.0.0/jars/classes.jar
java_class_path (initial): /root/Android/Sdk/build-tools/23.0.3/lib/dx.jar
Launcher Type: SUN_STANDARD

Environment Variables:
PATH=/usr/local/sbin:/usr/local/bin:/usr/sbin:/usr/bin:/sbin:/bin
USERNAME=root
LD_LIBRARY_PATH=/opt/android-studio/bin:
SHELL=/bin/bash
DISPLAY=:0.0

Signal Handlers:
SIGSEGV: [libjvm.so+0xac4790], sa_mask[0]=11111111011111111101111111111110, sa_flags=SA_RESTART|SA_SIGINFO
SIGBUS: [libjvm.so+0xac4790], sa_mask[0]=11111111011111111101111111111110, sa_flags=SA_RESTART|SA_SIGINFO
SIGFPE: [libjvm.so+0x91f140], sa_mask[0]=11111111011111111101111111111110, sa_flags=SA_RESTART|SA_SIGINFO
SIGPIPE: [libjvm.so+0x91f140], sa_mask[0]=11111111011111111101111111111110, sa_flags=SA_RESTART|SA_SIGINFO
SIGXFSZ: [libjvm.so+0x91f140], sa_mask[0]=11111111011111111101111111111110, sa_flags=SA_RESTART|SA_SIGINFO
SIGILL: [libjvm.so+0x91f140], sa_mask[0]=11111111011111111101111111111110, sa_flags=SA_RESTART|SA_SIGINFO
SIGUSR1: SIG_DFL, sa_mask[0]=00000000000000000000000000000000, sa_flags=none
SIGUSR2: [libjvm.so+0x920770], sa_mask[0]=00100000000000000000000000000000, sa_flags=SA_RESTART|SA_SIGINFO
SIGHUP: [libjvm.so+0x921b70], sa_mask[0]=11111111011111111101111111111110, sa_flags=SA_RESTART|SA_SIGINFO
SIGINT: [libjvm.so+0x921b70], sa_mask[0]=11111111011111111101111111111110, sa_flags=SA_RESTART|SA_SIGINFO
SIGTERM: [libjvm.so+0x921b70], sa_mask[0]=11111111011111111101111111111110, sa_flags=SA_RESTART|SA_SIGINFO
SIGQUIT: [libjvm.so+0x921b70], sa_mask[0]=11111111011111111101111111111110, sa_flags=SA_RESTART|SA_SIGINFO


---------------  S Y S T E M  ---------------

OS:DISTRIB_ID=Ubuntu
DISTRIB_RELEASE=12.04
DISTRIB_CODENAME=precise
DISTRIB_DESCRIPTION="Ubuntu 12.04.5 LTS"

uname:Linux 3.13.0-95-generic #142~precise1-Ubuntu SMP Fri Aug 12 18:20:15 UTC 2016 x86_64
libc:glibc 2.15 NPTL 2.15 
rlimit: STACK 8192k, CORE 0k, NPROC 22873, NOFILE 4096, AS infinity
load average:11.25 6.56 4.51

/proc/meminfo:
MemTotal:        2948840 kB
MemFree:          139392 kB
Buffers:            9780 kB
Cached:           322372 kB
SwapCached:        30636 kB
Active:          2041228 kB
Inactive:         598896 kB
Active(anon):    1930396 kB
Inactive(anon):   498028 kB
Active(file):     110832 kB
Inactive(file):   100868 kB
Unevictable:           0 kB
Mlocked:               0 kB
SwapTotal:       3008508 kB
SwapFree:        2800192 kB
Dirty:              2580 kB
Writeback:             0 kB
AnonPages:       2292456 kB
Mapped:            81092 kB
Shmem:            120452 kB
Slab:              83976 kB
SReclaimable:      56928 kB
SUnreclaim:        27048 kB
KernelStack:        4432 kB
PageTables:        33396 kB
NFS_Unstable:          0 kB
Bounce:                0 kB
WritebackTmp:          0 kB
CommitLimit:     4482928 kB
Committed_AS:    5109268 kB
VmallocTotal:   34359738367 kB
VmallocUsed:      346432 kB
VmallocChunk:   34359385692 kB
HardwareCorrupted:     0 kB
AnonHugePages:    581632 kB
HugePages_Total:       0
HugePages_Free:        0
HugePages_Rsvd:        0
HugePages_Surp:        0
Hugepagesize:       2048 kB
DirectMap4k:       55684 kB
DirectMap2M:     2955264 kB


CPU:total 2 (2 cores per cpu, 1 threads per core) family 6 model 15 stepping 13, cmov, cx8, fxsr, mmx, sse, sse2, sse3, ssse3, tsc

/proc/cpuinfo:
processor	: 0
vendor_id	: GenuineIntel
cpu family	: 6
model		: 15
model name	: Genuine Intel(R) CPU           T1600  @ 1.66GHz
stepping	: 13
microcode	: 0xa3
cpu MHz		: 1662.567
cache size	: 1024 KB
physical id	: 0
siblings	: 2
core id		: 0
cpu cores	: 2
apicid		: 0
initial apicid	: 0
fpu		: yes
fpu_exception	: yes
cpuid level	: 10
wp		: yes
flags		: fpu vme de pse tsc msr pae mce cx8 apic sep mtrr pge mca cmov pat pse36 clflush dts acpi mmx fxsr sse sse2 ss ht tm pbe syscall nx lm constant_tsc arch_perfmon pebs bts rep_good nopl aperfmperf pni dtes64 monitor ds_cpl tm2 ssse3 cx16 xtpr pdcm lahf_lm dtherm
bogomips	: 3325.13
clflush size	: 64
cache_alignment	: 64
address sizes	: 36 bits physical, 48 bits virtual
power management:

processor	: 1
vendor_id	: GenuineIntel
cpu family	: 6
model		: 15
model name	: Genuine Intel(R) CPU           T1600  @ 1.66GHz
stepping	: 13
microcode	: 0xa3
cpu MHz		: 1662.567
cache size	: 1024 KB
physical id	: 0
siblings	: 2
core id		: 1
cpu cores	: 2
apicid		: 1
initial apicid	: 1
fpu		: yes
fpu_exception	: yes
cpuid level	: 10
wp		: yes
flags		: fpu vme de pse tsc msr pae mce cx8 apic sep mtrr pge mca cmov pat pse36 clflush dts acpi mmx fxsr sse sse2 ss ht tm pbe syscall nx lm constant_tsc arch_perfmon pebs bts rep_good nopl aperfmperf pni dtes64 monitor ds_cpl tm2 ssse3 cx16 xtpr pdcm lahf_lm dtherm
bogomips	: 3325.13
clflush size	: 64
cache_alignment	: 64
address sizes	: 36 bits physical, 48 bits virtual
power management:



Memory: 4k page, physical 2948840k(139392k free), swap 3008508k(2800192k free)

vm_info: Java HotSpot(TM) 64-Bit Server VM (25.101-b13) for linux-amd64 JRE (1.8.0_101-b13), built on Jun 22 2016 02:59:44 by "java_re" with gcc 4.3.0 20080428 (Red Hat 4.3.0-8)

time: Thu Sep  8 14:27:31 2016
elapsed time: 16 seconds (0d 0h 0m 16s)

