#
# A fatal error has been detected by the Java Runtime Environment:
#
#  SIGSEGV (0xb) at pc=0x00007f1cdc981cf3, pid=15082, tid=0x00007f1cc7a57700
#
# JRE version: Java(TM) SE Runtime Environment (8.0_101-b13) (build 1.8.0_101-b13)
# Java VM: Java HotSpot(TM) 64-Bit Server VM (25.101-b13 mixed mode linux-amd64 compressed oops)
# Problematic frame:
# V  [libjvm.so+0x3fecf3]  CardTableExtension::scavenge_contents_parallel(ObjectStartArray*, MutableSpace*, HeapWord*, PSPromotionManager*, unsigned int, unsigned int)+0x6b3
#
# Failed to write core dump. Core dumps have been disabled. To enable core dumping, try "ulimit -c unlimited" before starting Java again
#
# If you would like to submit a bug report, please visit:
#   http://bugreport.java.com/bugreport/crash.jsp
#

---------------  T H R E A D  ---------------

Current thread (0x00007f1cd801f000):  GCTaskThread [stack: 0x00007f1cc7957000,0x00007f1cc7a58000] [id=15088]

siginfo: si_signo: 11 (SIGSEGV), si_code: 2 (SEGV_ACCERR), si_addr: 0x0000000100200b70

Registers:
RAX=0x00007f1cdd510b90, RBX=0x00000000c0904f68, RCX=0x0000000000000003, RDX=0x0000000000000001
RSP=0x00007f1cc7a56ba0, RBP=0x00007f1cc7a56c50, RSI=0x0000000000000002, RDI=0x0000000100200b68
R8 =0x00007f1cc7a58000, R9 =0x00007f1cdd544290, R10=0x00000000ee0af9a0, R11=0x00007f1cc7a56b50
R12=0x00000000c0904ff8, R13=0x00007f1cc7bb2828, R14=0x00007f1cd801ae60, R15=0x00007f1cc7bb2881
RIP=0x00007f1cdc981cf3, EFLAGS=0x0000000000010202, CSGSFS=0x0000000000000033, ERR=0x0000000000000004
  TRAPNO=0x000000000000000e

Top of Stack: (sp=0x00007f1cc7a56ba0)
0x00007f1cc7a56ba0:   00007f1cd801ecf0 00007f1cc7bb2880
0x00007f1cc7a56bb0:   00007f1cc7bb2801 00007f1cdd535059
0x00007f1cc7a56bc0:   00007f1cd8071100 00000000c0ab5e90
0x00007f1cc7a56bd0:   00007f1cd801aba0 00007f1cc7bb35b0
0x00007f1cc7a56be0:   00000000c0900010 0000000000000100
0x00007f1cc7a56bf0:   00000000c09100b8 00007f1cc7bb277f
0x00007f1cc7a56c00:   0000000000000240 00007f1cc7bb2900
0x00007f1cc7a56c10:   00007f1cc7bb2900 00007f1cc7bb2800
0x00007f1cc7a56c20:   00007f1cc7bb277f 00007f1cd8023680
0x00007f1cc7a56c30:   00007f1cd8071100 0000000000000001
0x00007f1cc7a56c40:   00007f1cd801f9c0 00007f1cdd0d2b16
0x00007f1cc7a56c50:   00007f1cc7a56c80 00007f1cdcf126eb
0x00007f1cc7a56c60:   00007f1c00000002 0000000000000003
0x00007f1cc7a56c70:   00007f1cd8023680 00007f1cd801f000
0x00007f1cc7a56c80:   00007f1cc7a56d90 00007f1cdcb59b5f
0x00007f1cc7a56c90:   0000000000000000 00007f1cc7a56cd0
0x00007f1cc7a56ca0:   00007f1cc7a56d50 0000000000000000
0x00007f1cc7a56cb0:   00007f1cd801fa00 00007f1cd801fa10
0x00007f1cc7a56cc0:   00007f1cd801fde8 00000000000003d8
0x00007f1cc7a56cd0:   00007f1cd801f000 00007f1cd801fdf0
0x00007f1cc7a56ce0:   00007f1cd801fe30 00007f1cd801fe40
0x00007f1cc7a56cf0:   00007f1cd801ff18 00000000000000d8
0x00007f1cc7a56d00:   00007f1cc7a56d10 00007f1cdce61897
0x00007f1cc7a56d10:   00007f1cd801f000 00007f1cd801fdf0
0x00007f1cc7a56d20:   00007f1cd801fe30 00007f1cd801fe40
0x00007f1cc7a56d30:   00007f1cd801ff18 00000000000000d8
0x00007f1cc7a56d40:   00007f1cd8020050 00007f1cdce62156
0x00007f1cc7a56d50:   0000000000000000 00007f1cd801f000
0x00007f1cc7a56d60:   00007f1cc7a56d90 0000000000000000
0x00007f1cc7a56d70:   00007f1cd80209c0 00007f1cd80208d0
0x00007f1cc7a56d80:   00007f1cd801f000 0000000000000003
0x00007f1cc7a56d90:   00007f1cc7a56ee0 00007f1cdcea7698 

Instructions: (pc=0x00007f1cdc981cf3)
0x00007f1cdc981cd3:   09 48 8d 1c c2 eb d2 66 0f 1f 44 00 00 48 8b 05
0x00007f1cdc981ce3:   a1 fd b6 00 8b 7b 08 8b 48 08 48 d3 e7 48 03 38
0x00007f1cdc981cf3:   8b 77 08 83 fe 00 7e 37 40 f6 c6 01 0f 85 f3 00
0x00007f1cdc981d03:   00 00 89 f0 c1 f8 03 48 98 48 8d 04 c3 49 39 c4 

Register to memory mapping:

RAX=0x00007f1cdd510b90: <offset 0xf8db90> in /usr/lib/jvm/java-8-oracle/jre/lib/amd64/server/libjvm.so at 0x00007f1cdc583000
RBX=
[error occurred during error reporting (printing register info), id 0xb]

Stack: [0x00007f1cc7957000,0x00007f1cc7a58000],  sp=0x00007f1cc7a56ba0,  free space=1022k
Native frames: (J=compiled Java code, j=interpreted, Vv=VM code, C=native code)
V  [libjvm.so+0x3fecf3]  CardTableExtension::scavenge_contents_parallel(ObjectStartArray*, MutableSpace*, HeapWord*, PSPromotionManager*, unsigned int, unsigned int)+0x6b3
V  [libjvm.so+0x98f6eb]  OldToYoungRootsTask::do_it(GCTaskManager*, unsigned int)+0x4b
V  [libjvm.so+0x5d6b5f]  GCTaskThread::run()+0x12f
V  [libjvm.so+0x924698]  java_start(Thread*)+0x108


---------------  P R O C E S S  ---------------

Java Threads: ( => current thread )
  0x00007f1cd813d000 JavaThread "pool-1-thread-4" [_thread_blocked, id=15127, stack(0x00007f1cb6f08000,0x00007f1cb7009000)]
  0x00007f1cd813b000 JavaThread "pool-1-thread-3" [_thread_blocked, id=15126, stack(0x00007f1cb7009000,0x00007f1cb710a000)]
  0x00007f1cd8139000 JavaThread "pool-1-thread-2" [_thread_blocked, id=15125, stack(0x00007f1cb710a000,0x00007f1cb720b000)]
  0x00007f1cd8138000 JavaThread "pool-2-thread-1" [_thread_blocked, id=15124, stack(0x00007f1cb720b000,0x00007f1cb730c000)]
  0x00007f1cd8135800 JavaThread "pool-1-thread-1" [_thread_blocked, id=15123, stack(0x00007f1cb730c000,0x00007f1cb740d000)]
  0x00007f1cd80ba000 JavaThread "Service Thread" daemon [_thread_blocked, id=15098, stack(0x00007f1cb7518000,0x00007f1cb7619000)]
  0x00007f1cd80b7800 JavaThread "C1 CompilerThread1" daemon [_thread_blocked, id=15097, stack(0x00007f1cb7619000,0x00007f1cb771a000)]
  0x00007f1cd80b4800 JavaThread "C2 CompilerThread0" daemon [_thread_in_native, id=15096, stack(0x00007f1cb771a000,0x00007f1cb781b000)]
  0x00007f1cd80b3000 JavaThread "Signal Dispatcher" daemon [_thread_blocked, id=15095, stack(0x00007f1cb781b000,0x00007f1cb791c000)]
  0x00007f1cd8080000 JavaThread "Finalizer" daemon [_thread_blocked, id=15094, stack(0x00007f1cc4001000,0x00007f1cc4102000)]
  0x00007f1cd807b800 JavaThread "Reference Handler" daemon [_thread_blocked, id=15093, stack(0x00007f1cc4102000,0x00007f1cc4203000)]
  0x00007f1cd800a000 JavaThread "main" [_thread_blocked, id=15085, stack(0x00007f1cde068000,0x00007f1cde169000)]

Other Threads:
  0x00007f1cd8073800 VMThread [stack: 0x00007f1cc4203000,0x00007f1cc4304000] [id=15092]
  0x00007f1cd80bc800 WatcherThread [stack: 0x00007f1cb7417000,0x00007f1cb7518000] [id=15099]

=>0x00007f1cd801f000 (exited) GCTaskThread [stack: 0x00007f1cc7957000,0x00007f1cc7a58000] [id=15088]

VM state:at safepoint (normal execution)

VM Mutex/Monitor currently owned by a thread:  ([mutex/lock_event])
[0x00007f1cd80064e0] Threads_lock - owner thread: 0x00007f1cd8073800
[0x00007f1cd80069e0] Heap_lock - owner thread: 0x00007f1cd8135800

Heap:
 PSYoungGen      total 26112K, used 26080K [0x00000000eab00000, 0x00000000ee600000, 0x0000000100000000)
  eden space 24576K, 100% used [0x00000000eab00000,0x00000000ec300000,0x00000000ec300000)
  from space 1536K, 97% used [0x00000000ec300000,0x00000000ec478028,0x00000000ec480000)
  to   space 5632K, 57% used [0x00000000ee080000,0x00000000ee3a8028,0x00000000ee600000)
 ParOldGen       total 31744K, used 10967K [0x00000000c0000000, 0x00000000c1f00000, 0x00000000eab00000)
  object space 31744K, 34% used [0x00000000c0000000,0x00000000c0ab5e90,0x00000000c1f00000)
 Metaspace       used 5843K, capacity 6832K, committed 7040K, reserved 1056768K
  class space    used 592K, capacity 616K, committed 640K, reserved 1048576K

Card table byte_map: [0x00007f1cc7bae000,0x00007f1cc7daf000] byte_map_base: 0x00007f1cc75ae000

Marking Bits: (ParMarkBitMap*) 0x00007f1cdd544120
 Begin Bits: [0x00007f1cc5856000, 0x00007f1cc6856000)
 End Bits:   [0x00007f1cc6856000, 0x00007f1cc7856000)

Polling page: 0x00007f1cde185000

CodeCache: size=245760Kb used=3780Kb max_used=3780Kb free=241979Kb
 bounds [0x00007f1cc816f000, 0x00007f1cc852f000, 0x00007f1cd716f000]
 total_blobs=1212 nmethods=946 adapters=182
 compilation: enabled

Compilation events (10 events):
Event: 15.227 Thread 0x00007f1cd80b7800 nmethod 1526 0x00007f1cc8502150 code [0x00007f1cc85025c0, 0x00007f1cc85051f8]
Event: 15.227 Thread 0x00007f1cd80b7800 1522       3       com.android.dx.ssa.SsaMethod::mapRegisters (87 bytes)
Event: 15.305 Thread 0x00007f1cd80b7800 nmethod 1522 0x00007f1cc8506810 code [0x00007f1cc8506a80, 0x00007f1cc8507bc8]
Event: 15.305 Thread 0x00007f1cd80b7800 1532       3       com.android.dx.ssa.SsaMethod::forEachBlockDepthFirst (194 bytes)
Event: 15.393 Thread 0x00007f1cd80b7800 nmethod 1532 0x00007f1cc85083d0 code [0x00007f1cc8508860, 0x00007f1cc850bbe8]
Event: 15.393 Thread 0x00007f1cd80b7800 1549 %     3       com.android.dx.util.IntList::mutableCopy @ 16 (39 bytes)
Event: 15.393 Thread 0x00007f1cd80b7800 nmethod 1549% 0x00007f1cc850dc10 code [0x00007f1cc850dda0, 0x00007f1cc850e198]
Event: 15.393 Thread 0x00007f1cd80b7800 1528   !   3       com.android.dx.cf.code.Ropper::processBlock (1101 bytes)
Event: 15.758 Thread 0x00007f1cd80b7800 nmethod 1528 0x00007f1cc850e390 code [0x00007f1cc850ef40, 0x00007f1cc8518b38]
Event: 15.758 Thread 0x00007f1cd80b7800 1551       3       com.android.dx.rop.code.LocalVariableExtractor::processBlock (327 bytes)

GC Heap History (10 events):
Event: 3.376 GC heap after
Heap after GC invocations=1 (full 0):
 PSYoungGen      total 13824K, used 1514K [0x00000000eab00000, 0x00000000eba00000, 0x0000000100000000)
  eden space 12288K, 0% used [0x00000000eab00000,0x00000000eab00000,0x00000000eb700000)
  from space 1536K, 98% used [0x00000000eb700000,0x00000000eb87aab0,0x00000000eb880000)
  to   space 1536K, 0% used [0x00000000eb880000,0x00000000eb880000,0x00000000eba00000)
 ParOldGen       total 31744K, used 736K [0x00000000c0000000, 0x00000000c1f00000, 0x00000000eab00000)
  object space 31744K, 2% used [0x00000000c0000000,0x00000000c00b80c8,0x00000000c1f00000)
 Metaspace       used 4684K, capacity 5808K, committed 6016K, reserved 1056768K
  class space    used 515K, capacity 552K, committed 640K, reserved 1048576K
}
Event: 5.428 GC heap before
{Heap before GC invocations=2 (full 0):
 PSYoungGen      total 13824K, used 13802K [0x00000000eab00000, 0x00000000eba00000, 0x0000000100000000)
  eden space 12288K, 100% used [0x00000000eab00000,0x00000000eb700000,0x00000000eb700000)
  from space 1536K, 98% used [0x00000000eb700000,0x00000000eb87aab0,0x00000000eb880000)
  to   space 1536K, 0% used [0x00000000eb880000,0x00000000eb880000,0x00000000eba00000)
 ParOldGen       total 31744K, used 736K [0x00000000c0000000, 0x00000000c1f00000, 0x00000000eab00000)
  object space 31744K, 2% used [0x00000000c0000000,0x00000000c00b80c8,0x00000000c1f00000)
 Metaspace       used 5586K, capacity 6576K, committed 6784K, reserved 1056768K
  class space    used 586K, capacity 616K, committed 640K, reserved 1048576K
Event: 5.483 GC heap after
Heap after GC invocations=2 (full 0):
 PSYoungGen      total 13824K, used 1514K [0x00000000eab00000, 0x00000000ec600000, 0x0000000100000000)
  eden space 12288K, 0% used [0x00000000eab00000,0x00000000eab00000,0x00000000eb700000)
  from space 1536K, 98% used [0x00000000eb880000,0x00000000eb9faaa8,0x00000000eba00000)
  to   space 1536K, 0% used [0x00000000eb700000,0x00000000eb700000,0x00000000eb880000)
 ParOldGen       total 31744K, used 2812K [0x00000000c0000000, 0x00000000c1f00000, 0x00000000eab00000)
  object space 31744K, 8% used [0x00000000c0000000,0x00000000c02bf220,0x00000000c1f00000)
 Metaspace       used 5586K, capacity 6576K, committed 6784K, reserved 1056768K
  class space    used 586K, capacity 616K, committed 640K, reserved 1048576K
}
Event: 7.448 GC heap before
{Heap before GC invocations=3 (full 0):
 PSYoungGen      total 13824K, used 13802K [0x00000000eab00000, 0x00000000ec600000, 0x0000000100000000)
  eden space 12288K, 100% used [0x00000000eab00000,0x00000000eb700000,0x00000000eb700000)
  from space 1536K, 98% used [0x00000000eb880000,0x00000000eb9faaa8,0x00000000eba00000)
  to   space 1536K, 0% used [0x00000000eb700000,0x00000000eb700000,0x00000000eb880000)
 ParOldGen       total 31744K, used 2812K [0x00000000c0000000, 0x00000000c1f00000, 0x00000000eab00000)
  object space 31744K, 8% used [0x00000000c0000000,0x00000000c02bf220,0x00000000c1f00000)
 Metaspace       used 5616K, capacity 6640K, committed 6784K, reserved 1056768K
  class space    used 586K, capacity 616K, committed 640K, reserved 1048576K
Event: 7.558 GC heap after
Heap after GC invocations=3 (full 0):
 PSYoungGen      total 13824K, used 1504K [0x00000000eab00000, 0x00000000ec600000, 0x0000000100000000)
  eden space 12288K, 0% used [0x00000000eab00000,0x00000000eab00000,0x00000000eb700000)
  from space 1536K, 97% used [0x00000000eb700000,0x00000000eb878028,0x00000000eb880000)
  to   space 1536K, 0% used [0x00000000ec480000,0x00000000ec480000,0x00000000ec600000)
 ParOldGen       total 31744K, used 5055K [0x00000000c0000000, 0x00000000c1f00000, 0x00000000eab00000)
  object space 31744K, 15% used [0x00000000c0000000,0x00000000c04efe70,0x00000000c1f00000)
 Metaspace       used 5616K, capacity 6640K, committed 6784K, reserved 1056768K
  class space    used 586K, capacity 616K, committed 640K, reserved 1048576K
}
Event: 9.658 GC heap before
{Heap before GC invocations=4 (full 0):
 PSYoungGen      total 13824K, used 13792K [0x00000000eab00000, 0x00000000ec600000, 0x0000000100000000)
  eden space 12288K, 100% used [0x00000000eab00000,0x00000000eb700000,0x00000000eb700000)
  from space 1536K, 97% used [0x00000000eb700000,0x00000000eb878028,0x00000000eb880000)
  to   space 1536K, 0% used [0x00000000ec480000,0x00000000ec480000,0x00000000ec600000)
 ParOldGen       total 31744K, used 5055K [0x00000000c0000000, 0x00000000c1f00000, 0x00000000eab00000)
  object space 31744K, 15% used [0x00000000c0000000,0x00000000c04efe70,0x00000000c1f00000)
 Metaspace       used 5702K, capacity 6704K, committed 6784K, reserved 1056768K
  class space    used 591K, capacity 616K, committed 640K, reserved 1048576K
Event: 10.000 GC heap after
Heap after GC invocations=4 (full 0):
 PSYoungGen      total 26112K, used 1504K [0x00000000eab00000, 0x00000000ec600000, 0x0000000100000000)
  eden space 24576K, 0% used [0x00000000eab00000,0x00000000eab00000,0x00000000ec300000)
  from space 1536K, 97% used [0x00000000ec480000,0x00000000ec5f8028,0x00000000ec600000)
  to   space 1536K, 0% used [0x00000000ec300000,0x00000000ec300000,0x00000000ec480000)
 ParOldGen       total 31744K, used 7119K [0x00000000c0000000, 0x00000000c1f00000, 0x00000000eab00000)
  object space 31744K, 22% used [0x00000000c0000000,0x00000000c06f3e88,0x00000000c1f00000)
 Metaspace       used 5702K, capacity 6704K, committed 6784K, reserved 1056768K
  class space    used 591K, capacity 616K, committed 640K, reserved 1048576K
}
Event: 12.983 GC heap before
{Heap before GC invocations=5 (full 0):
 PSYoungGen      total 26112K, used 26080K [0x00000000eab00000, 0x00000000ec600000, 0x0000000100000000)
  eden space 24576K, 100% used [0x00000000eab00000,0x00000000ec300000,0x00000000ec300000)
  from space 1536K, 97% used [0x00000000ec480000,0x00000000ec5f8028,0x00000000ec600000)
  to   space 1536K, 0% used [0x00000000ec300000,0x00000000ec300000,0x00000000ec480000)
 ParOldGen       total 31744K, used 7119K [0x00000000c0000000, 0x00000000c1f00000, 0x00000000eab00000)
  object space 31744K, 22% used [0x00000000c0000000,0x00000000c06f3e88,0x00000000c1f00000)
 Metaspace       used 5798K, capacity 6768K, committed 7040K, reserved 1056768K
  class space    used 592K, capacity 616K, committed 640K, reserved 1048576K
Event: 13.310 GC heap after
Heap after GC invocations=5 (full 0):
 PSYoungGen      total 26112K, used 1504K [0x00000000eab00000, 0x00000000ee600000, 0x0000000100000000)
  eden space 24576K, 0% used [0x00000000eab00000,0x00000000eab00000,0x00000000ec300000)
  from space 1536K, 97% used [0x00000000ec300000,0x00000000ec478028,0x00000000ec480000)
  to   space 5632K, 0% used [0x00000000ee080000,0x00000000ee080000,0x00000000ee600000)
 ParOldGen       total 31744K, used 10967K [0x00000000c0000000, 0x00000000c1f00000, 0x00000000eab00000)
  object space 31744K, 34% used [0x00000000c0000000,0x00000000c0ab5e90,0x00000000c1f00000)
 Metaspace       used 5798K, capacity 6768K, committed 7040K, reserved 1056768K
  class space    used 592K, capacity 616K, committed 640K, reserved 1048576K
}
Event: 15.828 GC heap before
{Heap before GC invocations=6 (full 0):
 PSYoungGen      total 26112K, used 26080K [0x00000000eab00000, 0x00000000ee600000, 0x0000000100000000)
  eden space 24576K, 100% used [0x00000000eab00000,0x00000000ec300000,0x00000000ec300000)
  from space 1536K, 97% used [0x00000000ec300000,0x00000000ec478028,0x00000000ec480000)
  to   space 5632K, 0% used [0x00000000ee080000,0x00000000ee080000,0x00000000ee600000)
 ParOldGen       total 31744K, used 10967K [0x00000000c0000000, 0x00000000c1f00000, 0x00000000eab00000)
  object space 31744K, 34% used [0x00000000c0000000,0x00000000c0ab5e90,0x00000000c1f00000)
 Metaspace       used 5843K, capacity 6832K, committed 7040K, reserved 1056768K
  class space    used 592K, capacity 616K, committed 640K, reserved 1048576K

Deoptimization events (3 events):
Event: 2.617 Thread 0x00007f1cd800a000 Uncommon trap: reason=unstable_if action=reinterpret pc=0x00007f1cc82c9610 method=java.lang.String.indexOf(II)I @ 49
Event: 4.276 Thread 0x00007f1cd813d000 Uncommon trap: reason=unstable_if action=reinterpret pc=0x00007f1cc8347d64 method=java.util.HashMap.getNode(ILjava/lang/Object;)Ljava/util/HashMap$Node; @ 129
Event: 7.841 Thread 0x00007f1cd813d000 Uncommon trap: reason=null_check action=make_not_entrant pc=0x00007f1cc83f90e0 method=com.android.dx.ssa.SsaRenamer.getLocalForNewReg(I)Lcom/android/dx/rop/code/LocalItem; @ 19

Internal exceptions (3 events):
Event: 0.345 Thread 0x00007f1cd800a000 Exception <a 'java/lang/NoSuchMethodError': Method sun.misc.Unsafe.defineClass(Ljava/lang/String;[BII)Ljava/lang/Class; name or signature does not match> (0x00000000eab07cc0) thrown at [/HUDSON3/workspace/8-2-build-linux-amd64/jdk8u101/7261/hotspot/src/sh
Event: 0.346 Thread 0x00007f1cd800a000 Exception <a 'java/lang/NoSuchMethodError': Method sun.misc.Unsafe.prefetchRead(Ljava/lang/Object;J)V name or signature does not match> (0x00000000eab07fa8) thrown at [/HUDSON3/workspace/8-2-build-linux-amd64/jdk8u101/7261/hotspot/src/share/vm/prims/jni.c
Event: 7.841 Thread 0x00007f1cd813d000 Implicit null exception at 0x00007f1cc83f6aa3 to 0x00007f1cc83f90bd

Events (10 events):
Event: 10.016 Executing VM operation: ParallelGCFailedAllocation done
Event: 10.113 loading class com/android/dx/cf/code/SwitchList
Event: 10.113 loading class com/android/dx/cf/code/SwitchList done
Event: 12.935 Executing VM operation: ParallelGCFailedAllocation
Event: 13.348 Executing VM operation: ParallelGCFailedAllocation done
Event: 13.994 loading class com/android/dx/rop/code/RegOps
Event: 13.994 loading class com/android/dx/rop/code/RegOps done
Event: 14.256 Thread 0x00007f1cd813d000 DEOPT PACKING pc=0x00007f1cc84530a8 sp=0x00007f1cb7006f70
Event: 14.256 Thread 0x00007f1cd813d000 DEOPT UNPACKING pc=0x00007f1cc81b5f73 sp=0x00007f1cb7006ce0 mode 0
Event: 15.822 Executing VM operation: ParallelGCFailedAllocation


Dynamic libraries:
00400000-00401000 r-xp 00000000 08:01 3279757                            /usr/lib/jvm/java-8-oracle/bin/java
00600000-00601000 rw-p 00000000 08:01 3279757                            /usr/lib/jvm/java-8-oracle/bin/java
01395000-013d7000 rw-p 00000000 00:00 0                                  [heap]
c0000000-c1f00000 rw-p 00000000 00:00 0 
c1f00000-eab00000 ---p 00000000 00:00 0 
eab00000-ee600000 rw-p 00000000 00:00 0 
ee600000-100000000 ---p 00000000 00:00 0 
100000000-1000a0000 rw-p 00000000 00:00 0 
1000a0000-140000000 ---p 00000000 00:00 0 
7f1c84000000-7f1c84021000 rw-p 00000000 00:00 0 
7f1c84021000-7f1c88000000 ---p 00000000 00:00 0 
7f1c8c000000-7f1c8c021000 rw-p 00000000 00:00 0 
7f1c8c021000-7f1c90000000 ---p 00000000 00:00 0 
7f1c90000000-7f1c90021000 rw-p 00000000 00:00 0 
7f1c90021000-7f1c94000000 ---p 00000000 00:00 0 
7f1c94000000-7f1c94021000 rw-p 00000000 00:00 0 
7f1c94021000-7f1c98000000 ---p 00000000 00:00 0 
7f1c98000000-7f1c9802f000 rw-p 00000000 00:00 0 
7f1c9802f000-7f1c9c000000 ---p 00000000 00:00 0 
7f1c9c000000-7f1c9c52f000 rw-p 00000000 00:00 0 
7f1c9c52f000-7f1ca0000000 ---p 00000000 00:00 0 
7f1ca0000000-7f1ca0021000 rw-p 00000000 00:00 0 
7f1ca0021000-7f1ca4000000 ---p 00000000 00:00 0 
7f1ca4000000-7f1ca4021000 rw-p 00000000 00:00 0 
7f1ca4021000-7f1ca8000000 ---p 00000000 00:00 0 
7f1ca8000000-7f1ca8586000 rw-p 00000000 00:00 0 
7f1ca8586000-7f1cac000000 ---p 00000000 00:00 0 
7f1cac000000-7f1cac021000 rw-p 00000000 00:00 0 
7f1cac021000-7f1cb0000000 ---p 00000000 00:00 0 
7f1cb0000000-7f1cb0021000 rw-p 00000000 00:00 0 
7f1cb0021000-7f1cb4000000 ---p 00000000 00:00 0 
7f1cb6f08000-7f1cb6f0b000 ---p 00000000 00:00 0 
7f1cb6f0b000-7f1cb7009000 rw-p 00000000 00:00 0                          [stack:15127]
7f1cb7009000-7f1cb700c000 ---p 00000000 00:00 0 
7f1cb700c000-7f1cb710a000 rw-p 00000000 00:00 0                          [stack:15126]
7f1cb710a000-7f1cb710d000 ---p 00000000 00:00 0 
7f1cb710d000-7f1cb720b000 rw-p 00000000 00:00 0                          [stack:15125]
7f1cb720b000-7f1cb720e000 ---p 00000000 00:00 0 
7f1cb720e000-7f1cb730c000 rw-p 00000000 00:00 0                          [stack:15124]
7f1cb730c000-7f1cb730f000 ---p 00000000 00:00 0 
7f1cb730f000-7f1cb740d000 rw-p 00000000 00:00 0                          [stack:15123]
7f1cb740d000-7f1cb7417000 r--s 00046000 08:01 10626545                   /home/lin/other/AndroidProjects/Radio/app/build/intermediates/exploded-aar/com.android.support/support-v4/23.4.0/jars/libs/internal_impl-23.4.0.jar
7f1cb7417000-7f1cb7418000 ---p 00000000 00:00 0 
7f1cb7418000-7f1cb7518000 rw-p 00000000 00:00 0                          [stack:15099]
7f1cb7518000-7f1cb751b000 ---p 00000000 00:00 0 
7f1cb751b000-7f1cb7619000 rw-p 00000000 00:00 0                          [stack:15098]
7f1cb7619000-7f1cb761c000 ---p 00000000 00:00 0 
7f1cb761c000-7f1cb771a000 rw-p 00000000 00:00 0                          [stack:15097]
7f1cb771a000-7f1cb771d000 ---p 00000000 00:00 0 
7f1cb771d000-7f1cb781b000 rw-p 00000000 00:00 0                          [stack:15096]
7f1cb781b000-7f1cb781e000 ---p 00000000 00:00 0 
7f1cb781e000-7f1cb791c000 rw-p 00000000 00:00 0                          [stack:15095]
7f1cb791c000-7f1cb8000000 r--p 00000000 08:01 13113697                   /usr/lib/locale/locale-archive
7f1cb8000000-7f1cb8021000 rw-p 00000000 00:00 0 
7f1cb8021000-7f1cbc000000 ---p 00000000 00:00 0 
7f1cbc000000-7f1cbc021000 rw-p 00000000 00:00 0 
7f1cbc021000-7f1cc0000000 ---p 00000000 00:00 0 
7f1cc0000000-7f1cc02a5000 rw-p 00000000 00:00 0 
7f1cc02a5000-7f1cc4000000 ---p 00000000 00:00 0 
7f1cc4001000-7f1cc4004000 ---p 00000000 00:00 0 
7f1cc4004000-7f1cc4102000 rw-p 00000000 00:00 0                          [stack:15094]
7f1cc4102000-7f1cc4105000 ---p 00000000 00:00 0 
7f1cc4105000-7f1cc4203000 rw-p 00000000 00:00 0                          [stack:15093]
7f1cc4203000-7f1cc4204000 ---p 00000000 00:00 0 
7f1cc4204000-7f1cc4c7d000 rw-p 00000000 00:00 0                          [stack:15092]
7f1cc4c7d000-7f1cc4e56000 r--s 03d29000 08:01 13118676                   /usr/lib/jvm/java-8-oracle/jre/lib/rt.jar
7f1cc4e56000-7f1cc5496000 rw-p 00000000 00:00 0 
7f1cc5496000-7f1cc5656000 ---p 00000000 00:00 0 
7f1cc5656000-7f1cc7856000 rw-p 00000000 00:00 0 
7f1cc7856000-7f1cc7857000 ---p 00000000 00:00 0 
7f1cc7857000-7f1cc7957000 rw-p 00000000 00:00 0                          [stack:15089]
7f1cc7957000-7f1cc7958000 ---p 00000000 00:00 0 
7f1cc7958000-7f1cc7a68000 rw-p 00000000 00:00 0                          [stack:15088]
7f1cc7a68000-7f1cc7bae000 ---p 00000000 00:00 0 
7f1cc7bae000-7f1cc7bbe000 rw-p 00000000 00:00 0 
7f1cc7bbe000-7f1cc7d03000 ---p 00000000 00:00 0 
7f1cc7d03000-7f1cc7d21000 rw-p 00000000 00:00 0 
7f1cc7d21000-7f1cc7dae000 ---p 00000000 00:00 0 
7f1cc7dae000-7f1cc7dbe000 rw-p 00000000 00:00 0 
7f1cc7dbe000-7f1cc816f000 ---p 00000000 00:00 0 
7f1cc816f000-7f1cc852f000 rwxp 00000000 00:00 0 
7f1cc852f000-7f1cd716f000 ---p 00000000 00:00 0 
7f1cd716f000-7f1cd7189000 r-xp 00000000 08:01 13766358                   /usr/lib/jvm/java-8-oracle/jre/lib/amd64/libzip.so
7f1cd7189000-7f1cd7389000 ---p 0001a000 08:01 13766358                   /usr/lib/jvm/java-8-oracle/jre/lib/amd64/libzip.so
7f1cd7389000-7f1cd738a000 rw-p 0001a000 08:01 13766358                   /usr/lib/jvm/java-8-oracle/jre/lib/amd64/libzip.so
7f1cd738a000-7f1cd7395000 r-xp 00000000 08:01 2621673                    /lib/x86_64-linux-gnu/libnss_files-2.15.so
7f1cd7395000-7f1cd7594000 ---p 0000b000 08:01 2621673                    /lib/x86_64-linux-gnu/libnss_files-2.15.so
7f1cd7594000-7f1cd7595000 r--p 0000a000 08:01 2621673                    /lib/x86_64-linux-gnu/libnss_files-2.15.so
7f1cd7595000-7f1cd7596000 rw-p 0000b000 08:01 2621673                    /lib/x86_64-linux-gnu/libnss_files-2.15.so
7f1cd7596000-7f1cd75a0000 r-xp 00000000 08:01 2621658                    /lib/x86_64-linux-gnu/libnss_nis-2.15.so
7f1cd75a0000-7f1cd77a0000 ---p 0000a000 08:01 2621658                    /lib/x86_64-linux-gnu/libnss_nis-2.15.so
7f1cd77a0000-7f1cd77a1000 r--p 0000a000 08:01 2621658                    /lib/x86_64-linux-gnu/libnss_nis-2.15.so
7f1cd77a1000-7f1cd77a2000 rw-p 0000b000 08:01 2621658                    /lib/x86_64-linux-gnu/libnss_nis-2.15.so
7f1cd77a2000-7f1cd77b9000 r-xp 00000000 08:01 2621667                    /lib/x86_64-linux-gnu/libnsl-2.15.so
7f1cd77b9000-7f1cd79b8000 ---p 00017000 08:01 2621667                    /lib/x86_64-linux-gnu/libnsl-2.15.so
7f1cd79b8000-7f1cd79b9000 r--p 00016000 08:01 2621667                    /lib/x86_64-linux-gnu/libnsl-2.15.so
7f1cd79b9000-7f1cd79ba000 rw-p 00017000 08:01 2621667                    /lib/x86_64-linux-gnu/libnsl-2.15.so
7f1cd79ba000-7f1cd79bc000 rw-p 00000000 00:00 0 
7f1cd79bc000-7f1cd79c4000 r-xp 00000000 08:01 2621672                    /lib/x86_64-linux-gnu/libnss_compat-2.15.so
7f1cd79c4000-7f1cd7bc3000 ---p 00008000 08:01 2621672                    /lib/x86_64-linux-gnu/libnss_compat-2.15.so
7f1cd7bc3000-7f1cd7bc4000 r--p 00007000 08:01 2621672                    /lib/x86_64-linux-gnu/libnss_compat-2.15.so
7f1cd7bc4000-7f1cd7bc5000 rw-p 00008000 08:01 2621672                    /lib/x86_64-linux-gnu/libnss_compat-2.15.so
7f1cd7bc5000-7f1cd7bef000 r-xp 00000000 08:01 13766323                   /usr/lib/jvm/java-8-oracle/jre/lib/amd64/libjava.so
7f1cd7bef000-7f1cd7def000 ---p 0002a000 08:01 13766323                   /usr/lib/jvm/java-8-oracle/jre/lib/amd64/libjava.so
7f1cd7def000-7f1cd7df1000 rw-p 0002a000 08:01 13766323                   /usr/lib/jvm/java-8-oracle/jre/lib/amd64/libjava.so
7f1cd7df1000-7f1cd7dfe000 r-xp 00000000 08:01 13766361                   /usr/lib/jvm/java-8-oracle/jre/lib/amd64/libverify.so
7f1cd7dfe000-7f1cd7ffe000 ---p 0000d000 08:01 13766361                   /usr/lib/jvm/java-8-oracle/jre/lib/amd64/libverify.so
7f1cd7ffe000-7f1cd8000000 rw-p 0000d000 08:01 13766361                   /usr/lib/jvm/java-8-oracle/jre/lib/amd64/libverify.so
7f1cd8000000-7f1cd8386000 rw-p 00000000 00:00 0 
7f1cd8386000-7f1cdc000000 ---p 00000000 00:00 0 
7f1cdc009000-7f1cdc07f000 rw-p 00000000 00:00 0 
7f1cdc07f000-7f1cdc086000 r-xp 00000000 08:01 2621660                    /lib/x86_64-linux-gnu/librt-2.15.so
7f1cdc086000-7f1cdc285000 ---p 00007000 08:01 2621660                    /lib/x86_64-linux-gnu/librt-2.15.so
7f1cdc285000-7f1cdc286000 r--p 00006000 08:01 2621660                    /lib/x86_64-linux-gnu/librt-2.15.so
7f1cdc286000-7f1cdc287000 rw-p 00007000 08:01 2621660                    /lib/x86_64-linux-gnu/librt-2.15.so
7f1cdc287000-7f1cdc382000 r-xp 00000000 08:01 2621674                    /lib/x86_64-linux-gnu/libm-2.15.so
7f1cdc382000-7f1cdc581000 ---p 000fb000 08:01 2621674                    /lib/x86_64-linux-gnu/libm-2.15.so
7f1cdc581000-7f1cdc582000 r--p 000fa000 08:01 2621674                    /lib/x86_64-linux-gnu/libm-2.15.so
7f1cdc582000-7f1cdc583000 rw-p 000fb000 08:01 2621674                    /lib/x86_64-linux-gnu/libm-2.15.so
7f1cdc583000-7f1cdd24e000 r-xp 00000000 08:01 13894575                   /usr/lib/jvm/java-8-oracle/jre/lib/amd64/server/libjvm.so
7f1cdd24e000-7f1cdd44d000 ---p 00ccb000 08:01 13894575                   /usr/lib/jvm/java-8-oracle/jre/lib/amd64/server/libjvm.so
7f1cdd44d000-7f1cdd526000 rw-p 00cca000 08:01 13894575                   /usr/lib/jvm/java-8-oracle/jre/lib/amd64/server/libjvm.so
7f1cdd526000-7f1cdd571000 rw-p 00000000 00:00 0 
7f1cdd571000-7f1cdd725000 r-xp 00000000 08:01 2621665                    /lib/x86_64-linux-gnu/libc-2.15.so
7f1cdd725000-7f1cdd924000 ---p 001b4000 08:01 2621665                    /lib/x86_64-linux-gnu/libc-2.15.so
7f1cdd924000-7f1cdd928000 r--p 001b3000 08:01 2621665                    /lib/x86_64-linux-gnu/libc-2.15.so
7f1cdd928000-7f1cdd92a000 rw-p 001b7000 08:01 2621665                    /lib/x86_64-linux-gnu/libc-2.15.so
7f1cdd92a000-7f1cdd92f000 rw-p 00000000 00:00 0 
7f1cdd92f000-7f1cdd931000 r-xp 00000000 08:01 2621657                    /lib/x86_64-linux-gnu/libdl-2.15.so
7f1cdd931000-7f1cddb31000 ---p 00002000 08:01 2621657                    /lib/x86_64-linux-gnu/libdl-2.15.so
7f1cddb31000-7f1cddb32000 r--p 00002000 08:01 2621657                    /lib/x86_64-linux-gnu/libdl-2.15.so
7f1cddb32000-7f1cddb33000 rw-p 00003000 08:01 2621657                    /lib/x86_64-linux-gnu/libdl-2.15.so
7f1cddb33000-7f1cddb48000 r-xp 00000000 08:01 2627921                    /usr/lib/jvm/java-8-oracle/lib/amd64/jli/libjli.so
7f1cddb48000-7f1cddd48000 ---p 00015000 08:01 2627921                    /usr/lib/jvm/java-8-oracle/lib/amd64/jli/libjli.so
7f1cddd48000-7f1cddd49000 rw-p 00015000 08:01 2627921                    /usr/lib/jvm/java-8-oracle/lib/amd64/jli/libjli.so
7f1cddd49000-7f1cddd61000 r-xp 00000000 08:01 2621668                    /lib/x86_64-linux-gnu/libpthread-2.15.so
7f1cddd61000-7f1cddf60000 ---p 00018000 08:01 2621668                    /lib/x86_64-linux-gnu/libpthread-2.15.so
7f1cddf60000-7f1cddf61000 r--p 00017000 08:01 2621668                    /lib/x86_64-linux-gnu/libpthread-2.15.so
7f1cddf61000-7f1cddf62000 rw-p 00018000 08:01 2621668                    /lib/x86_64-linux-gnu/libpthread-2.15.so
7f1cddf62000-7f1cddf66000 rw-p 00000000 00:00 0 
7f1cddf66000-7f1cddf88000 r-xp 00000000 08:01 2621671                    /lib/x86_64-linux-gnu/ld-2.15.so
7f1cddf8e000-7f1cde068000 rw-p 00000000 00:00 0 
7f1cde068000-7f1cde06b000 ---p 00000000 00:00 0 
7f1cde06b000-7f1cde16d000 rw-p 00000000 00:00 0                          [stack:15085]
7f1cde16d000-7f1cde17c000 r--s 000df000 08:01 11274850                   /root/Android/Sdk/build-tools/23.0.3/lib/dx.jar
7f1cde17c000-7f1cde184000 rw-s 00000000 08:01 4852060                    /tmp/hsperfdata_root/15082
7f1cde184000-7f1cde185000 rw-p 00000000 00:00 0 
7f1cde185000-7f1cde186000 ---p 00000000 00:00 0 
7f1cde186000-7f1cde188000 rw-p 00000000 00:00 0 
7f1cde188000-7f1cde189000 r--p 00022000 08:01 2621671                    /lib/x86_64-linux-gnu/ld-2.15.so
7f1cde189000-7f1cde18b000 rw-p 00023000 08:01 2621671                    /lib/x86_64-linux-gnu/ld-2.15.so
7ffda16cf000-7ffda16f0000 rw-p 00000000 00:00 0                          [stack]
7ffda17b8000-7ffda17ba000 r-xp 00000000 00:00 0                          [vdso]
ffffffffff600000-ffffffffff601000 r-xp 00000000 00:00 0                  [vsyscall]

VM Arguments:
jvm_args: -Djava.awt.headless=true -Xmx1024M -Dfile.encoding=UTF-8 -Duser.country=US -Duser.language=en -Duser.variant 
java_command: com.android.dx.command.Main --dex --force-jumbo --num-threads=4 --output /home/lin/other/AndroidProjects/Radio/app/build/intermediates/pre-dexed/debug/internal_impl-23.4.0_b5619ed93d7f9003535a36ca45adce4d95a69933.jar /home/lin/other/AndroidProjects/Radio/app/build/intermediates/exploded-aar/com.android.support/support-v4/23.4.0/jars/libs/internal_impl-23.4.0.jar
java_class_path (initial): /root/Android/Sdk/build-tools/23.0.3/lib/dx.jar
Launcher Type: SUN_STANDARD

Environment Variables:
PATH=/usr/local/sbin:/usr/local/bin:/usr/sbin:/usr/bin:/sbin:/bin
USERNAME=root
LD_LIBRARY_PATH=/opt/android-studio/bin:
SHELL=/bin/bash
DISPLAY=:0.0

Signal Handlers:
SIGSEGV: [libjvm.so+0xac4790], sa_mask[0]=11111111011111111101111111111110, sa_flags=SA_RESTART|SA_SIGINFO
SIGBUS: [libjvm.so+0xac4790], sa_mask[0]=11111111011111111101111111111110, sa_flags=SA_RESTART|SA_SIGINFO
SIGFPE: [libjvm.so+0x91f140], sa_mask[0]=11111111011111111101111111111110, sa_flags=SA_RESTART|SA_SIGINFO
SIGPIPE: [libjvm.so+0x91f140], sa_mask[0]=11111111011111111101111111111110, sa_flags=SA_RESTART|SA_SIGINFO
SIGXFSZ: [libjvm.so+0x91f140], sa_mask[0]=11111111011111111101111111111110, sa_flags=SA_RESTART|SA_SIGINFO
SIGILL: [libjvm.so+0x91f140], sa_mask[0]=11111111011111111101111111111110, sa_flags=SA_RESTART|SA_SIGINFO
SIGUSR1: SIG_DFL, sa_mask[0]=00000000000000000000000000000000, sa_flags=none
SIGUSR2: [libjvm.so+0x920770], sa_mask[0]=00100000000000000000000000000000, sa_flags=SA_RESTART|SA_SIGINFO
SIGHUP: [libjvm.so+0x921b70], sa_mask[0]=11111111011111111101111111111110, sa_flags=SA_RESTART|SA_SIGINFO
SIGINT: [libjvm.so+0x921b70], sa_mask[0]=11111111011111111101111111111110, sa_flags=SA_RESTART|SA_SIGINFO
SIGTERM: [libjvm.so+0x921b70], sa_mask[0]=11111111011111111101111111111110, sa_flags=SA_RESTART|SA_SIGINFO
SIGQUIT: [libjvm.so+0x921b70], sa_mask[0]=11111111011111111101111111111110, sa_flags=SA_RESTART|SA_SIGINFO


---------------  S Y S T E M  ---------------

OS:DISTRIB_ID=Ubuntu
DISTRIB_RELEASE=12.04
DISTRIB_CODENAME=precise
DISTRIB_DESCRIPTION="Ubuntu 12.04.5 LTS"

uname:Linux 3.13.0-93-generic #140~precise1-Ubuntu SMP Tue Jul 19 19:55:11 UTC 2016 x86_64
libc:glibc 2.15 NPTL 2.15 
rlimit: STACK 8192k, CORE 0k, NPROC 22873, NOFILE 4096, AS infinity
load average:11.48 6.03 4.48

/proc/meminfo:
MemTotal:        2948840 kB
MemFree:          102328 kB
Buffers:           22884 kB
Cached:           435540 kB
SwapCached:        57808 kB
Active:          2126432 kB
Inactive:         549488 kB
Active(anon):    1978724 kB
Inactive(anon):   372292 kB
Active(file):     147708 kB
Inactive(file):   177196 kB
Unevictable:           0 kB
Mlocked:               0 kB
SwapTotal:       3008508 kB
SwapFree:        2166864 kB
Dirty:              3980 kB
Writeback:             0 kB
AnonPages:       2176224 kB
Mapped:           112300 kB
Shmem:            133520 kB
Slab:              73404 kB
SReclaimable:      44576 kB
SUnreclaim:        28828 kB
KernelStack:        4680 kB
PageTables:        35616 kB
NFS_Unstable:          0 kB
Bounce:                0 kB
WritebackTmp:          0 kB
CommitLimit:     4482928 kB
Committed_AS:    5650176 kB
VmallocTotal:   34359738367 kB
VmallocUsed:      352344 kB
VmallocChunk:   34359380056 kB
HardwareCorrupted:     0 kB
AnonHugePages:    325632 kB
HugePages_Total:       0
HugePages_Free:        0
HugePages_Rsvd:        0
HugePages_Surp:        0
Hugepagesize:       2048 kB
DirectMap4k:       82308 kB
DirectMap2M:     2928640 kB


CPU:total 2 (2 cores per cpu, 1 threads per core) family 6 model 15 stepping 13, cmov, cx8, fxsr, mmx, sse, sse2, sse3, ssse3, tsc

/proc/cpuinfo:
processor	: 0
vendor_id	: GenuineIntel
cpu family	: 6
model		: 15
model name	: Genuine Intel(R) CPU           T1600  @ 1.66GHz
stepping	: 13
microcode	: 0xa3
cpu MHz		: 1662.512
cache size	: 1024 KB
physical id	: 0
siblings	: 2
core id		: 0
cpu cores	: 2
apicid		: 0
initial apicid	: 0
fpu		: yes
fpu_exception	: yes
cpuid level	: 10
wp		: yes
flags		: fpu vme de pse tsc msr pae mce cx8 apic sep mtrr pge mca cmov pat pse36 clflush dts acpi mmx fxsr sse sse2 ss ht tm pbe syscall nx lm constant_tsc arch_perfmon pebs bts rep_good nopl aperfmperf pni dtes64 monitor ds_cpl tm2 ssse3 cx16 xtpr pdcm lahf_lm dtherm
bogomips	: 3325.02
clflush size	: 64
cache_alignment	: 64
address sizes	: 36 bits physical, 48 bits virtual
power management:

processor	: 1
vendor_id	: GenuineIntel
cpu family	: 6
model		: 15
model name	: Genuine Intel(R) CPU           T1600  @ 1.66GHz
stepping	: 13
microcode	: 0xa3
cpu MHz		: 1662.512
cache size	: 1024 KB
physical id	: 0
siblings	: 2
core id		: 1
cpu cores	: 2
apicid		: 1
initial apicid	: 1
fpu		: yes
fpu_exception	: yes
cpuid level	: 10
wp		: yes
flags		: fpu vme de pse tsc msr pae mce cx8 apic sep mtrr pge mca cmov pat pse36 clflush dts acpi mmx fxsr sse sse2 ss ht tm pbe syscall nx lm constant_tsc arch_perfmon pebs bts rep_good nopl aperfmperf pni dtes64 monitor ds_cpl tm2 ssse3 cx16 xtpr pdcm lahf_lm dtherm
bogomips	: 3325.02
clflush size	: 64
cache_alignment	: 64
address sizes	: 36 bits physical, 48 bits virtual
power management:



Memory: 4k page, physical 2948840k(102328k free), swap 3008508k(2166864k free)

vm_info: Java HotSpot(TM) 64-Bit Server VM (25.101-b13) for linux-amd64 JRE (1.8.0_101-b13), built on Jun 22 2016 02:59:44 by "java_re" with gcc 4.3.0 20080428 (Red Hat 4.3.0-8)

time: Tue Aug 30 14:50:50 2016
elapsed time: 16 seconds (0d 0h 0m 16s)

