#
# A fatal error has been detected by the Java Runtime Environment:
#
#  SIGSEGV (0xb) at pc=0x00007f23d0e8aed0, pid=15072, tid=0x00007f23a7efe700
#
# JRE version: Java(TM) SE Runtime Environment (8.0_101-b13) (build 1.8.0_101-b13)
# Java VM: Java HotSpot(TM) 64-Bit Server VM (25.101-b13 mixed mode linux-amd64 compressed oops)
# Problematic frame:
# J 625 C2 java.util.HashMap.getNode(ILjava/lang/Object;)Ljava/util/HashMap$Node; (148 bytes) @ 0x00007f23d0e8aed0 [0x00007f23d0e8ade0+0xf0]
#
# Failed to write core dump. Core dumps have been disabled. To enable core dumping, try "ulimit -c unlimited" before starting Java again
#
# If you would like to submit a bug report, please visit:
#   http://bugreport.java.com/bugreport/crash.jsp
#

---------------  T H R E A D  ---------------

Current thread (0x00007f23e013e000):  JavaThread "pool-1-thread-1" [_thread_in_Java, id=15099, stack(0x00007f23a7dfe000,0x00007f23a7eff000)]

siginfo: si_signo: 11 (SIGSEGV), si_code: 1 (SEGV_MAPERR), si_addr: 0x000000000004000c

Registers:
RAX=0x0000000000000000, RBX=0x00007f23cdefc058, RCX=0x0000000000000148, RDX=0x00000000ee1ea298
RSP=0x00007f23a7efc390, RBP=0x0000000000000000, RSI=0x00000000ee0c3ff8, RDI=0x0000000100080710
R8 =0x0000000000000000, R9 =0x0000000000040000, R10=0x00000000ee1ea298, R11=0x00000000ee1ea278
R12=0x0000000000000000, R13=0x0000000080000000, R14=0x0000000000008459, R15=0x00007f23e013e000
RIP=0x00007f23d0e8aed0, EFLAGS=0x0000000000010246, CSGSFS=0x0000000000000033, ERR=0x0000000000000004
  TRAPNO=0x000000000000000e

Top of Stack: (sp=0x00007f23a7efc390)
0x00007f23a7efc390:   ee1ea2783c5eeecf 00000000ee0c3ff8
0x00007f23a7efc3a0:   00000001a7efc3d0 0000000000000000
0x00007f23a7efc3b0:   00007f23a7efc490 00000000ee1216b8
0x00007f23a7efc3c0:   0000000000000000 ffffffffec106002
0x00007f23a7efc3d0:   00007f23a7efd288 00007f23d0da22b4
0x00007f23a7efc3e0:   00007f23a7efc490 00000000ee0c4010
0x00007f23a7efc3f0:   00000000ee08de28 00000000ee083ec0
0x00007f23a7efc400:   00007f23a7efd288 00007f23d0e903b4
0x00007f23a7efc410:   0000000000000000 00000000eaf0d470
0x00007f23a7efc420:   00000000eaf139b0 00000000eaf13e88
0x00007f23a7efc430:   00007f23a7efcaa0 00007f23d0e9013c
0x00007f23a7efc440:   00007f23a7efd288 00007f23d0e406a4
0x00007f23a7efc450:   00007f23a7efcaa0 00007f23d0e5decc
0x00007f23a7efc460:   00000000eaf0d470 00000000eaf139b0
0x00007f23a7efc470:   00000000eaf0dc30 0000000000000002
0x00007f23a7efc480:   ffffffff00000000 00000000ffffffff
0x00007f23a7efc490:   0000000000000003 00000000ee0c4010
0x00007f23a7efc4a0:   00007f23a7efcaa0 00007f23d0eea1bc
0x00007f23a7efc4b0:   00007f23a7efd288 00007f23d0e4221c
0x00007f23a7efc4c0:   00000000eaf0d470 00000000eaf0de90
0x00007f23a7efc4d0:   00007f23a7efcaa0 00007f23d0ddeb94
0x00007f23a7efc4e0:   00007f23a7efcaa0 00000000ee083700
0x00007f23a7efc4f0:   0000000beaf0d470 00007f23a7efccc0
0x00007f23a7efc500:   00007f23cdede800 00007f23a7efc558
0x00007f23a7efc510:   0100000000000058 00007f23cdfecf90
0x00007f23a7efc520:   00007f23cdede8b0 00007f23e013e628
0x00007f23a7efc530:   00007f23a7efc560 00007f23a7efcaa0
0x00007f23a7efc540:   00007f23d0e44f3c 00000000eaf0df28
0x00007f23a7efc550:   00000000ee088898 00000000eaf0d470
0x00007f23a7efc560:   00007f23a7efc680 0000000000000002
0x00007f23a7efc570:   00007f23a7efc610 00007f23e5410d3d
0x00007f23a7efc580:   00007f23a7efcac8 00007f23cdcfd320 

Instructions: (pc=0x00007f23d0e8aed0)
0x00007f23d0e8aeb0:   00 20 0f 85 f0 00 00 00 bd 01 00 00 00 41 81 f9
0x00007f23d0e8aec0:   7c 65 00 20 0f 84 5f 04 00 00 4d 8b c8 45 33 c0
0x00007f23d0e8aed0:   45 8b 59 0c 44 3b 1c 24 74 26 4c 8b 74 24 08 4c
0x00007f23d0e8aee0:   8b 5c 24 08 41 8b 49 18 85 05 12 d1 ea 15 85 c9 

Register to memory mapping:

RAX=0x0000000000000000 is an unknown value
RBX={method} {0x00007f23cdefc058} 'equals' '(Ljava/lang/Object;)Z' in 'com/android/dx/rop/code/RegisterSpec$ForComparison'
RCX=0x0000000000000148 is an unknown value
RDX=0x00000000ee1ea298 is an oop

[error occurred during error reporting (printing register info), id 0xb]

Stack: [0x00007f23a7dfe000,0x00007f23a7eff000],  sp=0x00007f23a7efc390,  free space=1016k
Native frames: (J=compiled Java code, j=interpreted, Vv=VM code, C=native code)
J 625 C2 java.util.HashMap.getNode(ILjava/lang/Object;)Ljava/util/HashMap$Node; (148 bytes) @ 0x00007f23d0e8aed0 [0x00007f23d0e8ade0+0xf0]
J 354 C1 com.android.dx.rop.code.RegisterSpec.intern(ILcom/android/dx/rop/type/TypeBearer;Lcom/android/dx/rop/code/LocalItem;)Lcom/android/dx/rop/code/RegisterSpec; (70 bytes) @ 0x00007f23d0da22b4 [0x00007f23d0da1e80+0x434]
J 800 C1 com.android.dx.cf.code.RopperMachine.run(Lcom/android/dx/cf/code/Frame;II)V (1550 bytes) @ 0x00007f23d0e4221c [0x00007f23d0e41fe0+0x23c]
J 1108 C1 com.android.dx.cf.code.Simulator$SimVisitor.visitLocal(IIIILcom/android/dx/rop/type/Type;I)V (329 bytes) @ 0x00007f23d0f37154 [0x00007f23d0f36840+0x914]
J 660 C1 com.android.dx.cf.code.BytecodeArray.parseInstruction(ILcom/android/dx/cf/code/BytecodeArray$Visitor;)I (2764 bytes) @ 0x00007f23d0e01d5c [0x00007f23d0e00b40+0x121c]
J 1064 C1 com.android.dx.cf.code.Simulator.simulate(Lcom/android/dx/cf/code/ByteBlock;Lcom/android/dx/cf/code/Frame;)V (74 bytes) @ 0x00007f23d0ec9204 [0x00007f23d0ec9140+0xc4]
J 1323 C1 com.android.dx.cf.code.Ropper.processBlock(Lcom/android/dx/cf/code/ByteBlock;Lcom/android/dx/cf/code/Frame;[I)V (1101 bytes) @ 0x00007f23d0f88544 [0x00007f23d0f87fe0+0x564]
j  com.android.dx.cf.code.Ropper.doit()V+61
j  com.android.dx.cf.code.Ropper.convert(Lcom/android/dx/cf/code/ConcreteMethod;Lcom/android/dx/rop/code/TranslationAdvice;Lcom/android/dx/cf/iface/MethodList;)Lcom/android/dx/rop/code/RopMethod;+12
j  com.android.dx.dex.cf.CfTranslator.processMethods(Lcom/android/dx/cf/direct/DirectClassFile;Lcom/android/dx/dex/cf/CfOptions;Lcom/android/dx/dex/DexOptions;Lcom/android/dx/dex/file/ClassDefItem;Lcom/android/dx/dex/file/DexFile;)V+176
j  com.android.dx.dex.cf.CfTranslator.translate0(Lcom/android/dx/cf/direct/DirectClassFile;[BLcom/android/dx/dex/cf/CfOptions;Lcom/android/dx/dex/DexOptions;Lcom/android/dx/dex/file/DexFile;)Lcom/android/dx/dex/file/ClassDefItem;+120
j  com.android.dx.dex.cf.CfTranslator.translate(Lcom/android/dx/cf/direct/DirectClassFile;[BLcom/android/dx/dex/cf/CfOptions;Lcom/android/dx/dex/DexOptions;Lcom/android/dx/dex/file/DexFile;)Lcom/android/dx/dex/file/ClassDefItem;+6
j  com.android.dx.command.dexer.Main.translateClass([BLcom/android/dx/cf/direct/DirectClassFile;)Lcom/android/dx/dex/file/ClassDefItem;+17
j  com.android.dx.command.dexer.Main.access$2700([BLcom/android/dx/cf/direct/DirectClassFile;)Lcom/android/dx/dex/file/ClassDefItem;+2
j  com.android.dx.command.dexer.Main$ClassTranslatorTask.call()Lcom/android/dx/dex/file/ClassDefItem;+8
j  com.android.dx.command.dexer.Main$ClassTranslatorTask.call()Ljava/lang/Object;+1
j  java.util.concurrent.FutureTask.run()V+42
j  java.util.concurrent.ThreadPoolExecutor.runWorker(Ljava/util/concurrent/ThreadPoolExecutor$Worker;)V+95
j  java.util.concurrent.ThreadPoolExecutor$Worker.run()V+5
j  java.lang.Thread.run()V+11
v  ~StubRoutines::call_stub
V  [libjvm.so+0x68f6b6]  JavaCalls::call_helper(JavaValue*, methodHandle*, JavaCallArguments*, Thread*)+0x1056
V  [libjvm.so+0x68fbc1]  JavaCalls::call_virtual(JavaValue*, KlassHandle, Symbol*, Symbol*, JavaCallArguments*, Thread*)+0x321
V  [libjvm.so+0x690067]  JavaCalls::call_virtual(JavaValue*, Handle, KlassHandle, Symbol*, Symbol*, Thread*)+0x47
V  [libjvm.so+0x726fc0]  thread_entry(JavaThread*, Thread*)+0xa0
V  [libjvm.so+0xa7343f]  JavaThread::thread_main_inner()+0xdf
V  [libjvm.so+0xa7356c]  JavaThread::run()+0x11c
V  [libjvm.so+0x924698]  java_start(Thread*)+0x108
C  [libpthread.so.0+0x7e9a]  start_thread+0xda


---------------  P R O C E S S  ---------------

Java Threads: ( => current thread )
  0x00007f23e0144800 JavaThread "pool-1-thread-4" [_thread_blocked, id=15104, stack(0x00007f23a79fa000,0x00007f23a7afb000)]
  0x00007f23e0143000 JavaThread "pool-1-thread-3" [_thread_blocked, id=15103, stack(0x00007f23a7afb000,0x00007f23a7bfc000)]
  0x00007f23e0141800 JavaThread "pool-1-thread-2" [_thread_blocked, id=15102, stack(0x00007f23a7bfc000,0x00007f23a7cfd000)]
  0x00007f23e0140800 JavaThread "pool-2-thread-1" [_thread_blocked, id=15101, stack(0x00007f23a7cfd000,0x00007f23a7dfe000)]
=>0x00007f23e013e000 JavaThread "pool-1-thread-1" [_thread_in_Java, id=15099, stack(0x00007f23a7dfe000,0x00007f23a7eff000)]
  0x00007f23e00c4000 JavaThread "Service Thread" daemon [_thread_blocked, id=15085, stack(0x00007f23cc0d3000,0x00007f23cc1d4000)]
  0x00007f23e00b7800 JavaThread "C1 CompilerThread1" daemon [_thread_blocked, id=15084, stack(0x00007f23cc1d4000,0x00007f23cc2d5000)]
  0x00007f23e00b4800 JavaThread "C2 CompilerThread0" daemon [_thread_in_native, id=15083, stack(0x00007f23cc2d5000,0x00007f23cc3d6000)]
  0x00007f23e00b3000 JavaThread "Signal Dispatcher" daemon [_thread_blocked, id=15082, stack(0x00007f23cc3d6000,0x00007f23cc4d7000)]
  0x00007f23e0080000 JavaThread "Finalizer" daemon [_thread_blocked, id=15081, stack(0x00007f23ccbbb000,0x00007f23cccbc000)]
  0x00007f23e007b800 JavaThread "Reference Handler" daemon [_thread_blocked, id=15080, stack(0x00007f23cccbc000,0x00007f23ccdbd000)]
  0x00007f23e000a000 JavaThread "main" [_thread_blocked, id=15076, stack(0x00007f23e6c1b000,0x00007f23e6d1c000)]

Other Threads:
  0x00007f23e0073800 VMThread [stack: 0x00007f23ccdbd000,0x00007f23ccebe000] [id=15079]
  0x00007f23e00c7000 WatcherThread [stack: 0x00007f23a7eff000,0x00007f23a8000000] [id=15086]

VM state:not at safepoint (normal execution)

VM Mutex/Monitor currently owned by a thread: None

Heap:
 PSYoungGen      total 53760K, used 10525K [0x00000000eab00000, 0x00000000ee800000, 0x0000000100000000)
  eden space 48128K, 10% used [0x00000000eab00000,0x00000000eb00f610,0x00000000eda00000)
  from space 5632K, 94% used [0x00000000ee080000,0x00000000ee5b8028,0x00000000ee600000)
  to   space 6656K, 0% used [0x00000000eda00000,0x00000000eda00000,0x00000000ee080000)
 ParOldGen       total 31744K, used 11159K [0x00000000c0000000, 0x00000000c1f00000, 0x00000000eab00000)
  object space 31744K, 35% used [0x00000000c0000000,0x00000000c0ae5d80,0x00000000c1f00000)
 Metaspace       used 5865K, capacity 6832K, committed 7040K, reserved 1056768K
  class space    used 593K, capacity 616K, committed 640K, reserved 1048576K

Card table byte_map: [0x00007f23d0618000,0x00007f23d0819000] byte_map_base: 0x00007f23d0018000

Marking Bits: (ParMarkBitMap*) 0x00007f23e60f7120
 Begin Bits: [0x00007f23ce416000, 0x00007f23cf416000)
 End Bits:   [0x00007f23cf416000, 0x00007f23d0416000)

Polling page: 0x00007f23e6d38000

CodeCache: size=245760Kb used=3924Kb max_used=3924Kb free=241835Kb
 bounds [0x00007f23d0bd9000, 0x00007f23d0fb9000, 0x00007f23dfbd9000]
 total_blobs=1266 nmethods=1000 adapters=182
 compilation: enabled

Compilation events (10 events):
Event: 13.965 Thread 0x00007f23e00b7800 nmethod 1356 0x00007f23d0fa4210 code [0x00007f23d0fa4600, 0x00007f23d0fa6e18]
Event: 13.965 Thread 0x00007f23e00b7800 1370       3       com.android.dx.ssa.SsaBasicBlock::newFromRop (183 bytes)
Event: 14.034 Thread 0x00007f23e00b7800 nmethod 1370 0x00007f23d0f7e2d0 code [0x00007f23d0f7e5c0, 0x00007f23d0f801d8]
Event: 14.034 Thread 0x00007f23e00b7800 1367       3       com.android.dx.rop.code.BasicBlockList::forEachInsn (39 bytes)
Event: 14.036 Thread 0x00007f23e00b7800 nmethod 1367 0x00007f23d0fa8690 code [0x00007f23d0fa8880, 0x00007f23d0fa9468]
Event: 14.036 Thread 0x00007f23e00b7800 1324       1       com.android.dx.rop.code.Insn$BaseVisitor::visitThrowingCstInsn (1 bytes)
Event: 14.036 Thread 0x00007f23e00b7800 nmethod 1324 0x00007f23d0f7e010 code [0x00007f23d0f7e160, 0x00007f23d0f7e270]
Event: 14.036 Thread 0x00007f23e00b7800 1355       2       com.android.dx.ssa.SsaConverter::placePhiFunctions (394 bytes)
Event: 14.143 Thread 0x00007f23e00b7800 nmethod 1355 0x00007f23d0fa9950 code [0x00007f23d0fa9d20, 0x00007f23d0fab3c8]
Event: 14.143 Thread 0x00007f23e00b7800 1372 %     3       com.android.dx.ssa.back.SsaToRop::convertInsns @ 17 (53 bytes)

GC Heap History (10 events):
Event: 6.825 GC heap before
{Heap before GC invocations=2 (full 0):
 PSYoungGen      total 13824K, used 13802K [0x00000000eab00000, 0x00000000eba00000, 0x0000000100000000)
  eden space 12288K, 100% used [0x00000000eab00000,0x00000000eb700000,0x00000000eb700000)
  from space 1536K, 98% used [0x00000000eb700000,0x00000000eb87aa90,0x00000000eb880000)
  to   space 1536K, 0% used [0x00000000eb880000,0x00000000eb880000,0x00000000eba00000)
 ParOldGen       total 31744K, used 754K [0x00000000c0000000, 0x00000000c1f00000, 0x00000000eab00000)
  object space 31744K, 2% used [0x00000000c0000000,0x00000000c00bcba8,0x00000000c1f00000)
 Metaspace       used 5587K, capacity 6576K, committed 6784K, reserved 1056768K
  class space    used 586K, capacity 616K, committed 640K, reserved 1048576K
Event: 6.910 GC heap after
Heap after GC invocations=2 (full 0):
 PSYoungGen      total 13824K, used 1504K [0x00000000eab00000, 0x00000000ec600000, 0x0000000100000000)
  eden space 12288K, 0% used [0x00000000eab00000,0x00000000eab00000,0x00000000eb700000)
  from space 1536K, 97% used [0x00000000eb880000,0x00000000eb9f8038,0x00000000eba00000)
  to   space 1536K, 0% used [0x00000000eb700000,0x00000000eb700000,0x00000000eb880000)
 ParOldGen       total 31744K, used 3141K [0x00000000c0000000, 0x00000000c1f00000, 0x00000000eab00000)
  object space 31744K, 9% used [0x00000000c0000000,0x00000000c03114a0,0x00000000c1f00000)
 Metaspace       used 5587K, capacity 6576K, committed 6784K, reserved 1056768K
  class space    used 586K, capacity 616K, committed 640K, reserved 1048576K
}
Event: 7.793 GC heap before
{Heap before GC invocations=3 (full 0):
 PSYoungGen      total 13824K, used 13792K [0x00000000eab00000, 0x00000000ec600000, 0x0000000100000000)
  eden space 12288K, 100% used [0x00000000eab00000,0x00000000eb700000,0x00000000eb700000)
  from space 1536K, 97% used [0x00000000eb880000,0x00000000eb9f8038,0x00000000eba00000)
  to   space 1536K, 0% used [0x00000000eb700000,0x00000000eb700000,0x00000000eb880000)
 ParOldGen       total 31744K, used 3141K [0x00000000c0000000, 0x00000000c1f00000, 0x00000000eab00000)
  object space 31744K, 9% used [0x00000000c0000000,0x00000000c03114a0,0x00000000c1f00000)
 Metaspace       used 5619K, capacity 6640K, committed 6784K, reserved 1056768K
  class space    used 586K, capacity 616K, committed 640K, reserved 1048576K
Event: 7.866 GC heap after
Heap after GC invocations=3 (full 0):
 PSYoungGen      total 13824K, used 1504K [0x00000000eab00000, 0x00000000ec600000, 0x0000000100000000)
  eden space 12288K, 0% used [0x00000000eab00000,0x00000000eab00000,0x00000000eb700000)
  from space 1536K, 97% used [0x00000000eb700000,0x00000000eb878028,0x00000000eb880000)
  to   space 1536K, 0% used [0x00000000ec480000,0x00000000ec480000,0x00000000ec600000)
 ParOldGen       total 31744K, used 5118K [0x00000000c0000000, 0x00000000c1f00000, 0x00000000eab00000)
  object space 31744K, 16% used [0x00000000c0000000,0x00000000c04ffa20,0x00000000c1f00000)
 Metaspace       used 5619K, capacity 6640K, committed 6784K, reserved 1056768K
  class space    used 586K, capacity 616K, committed 640K, reserved 1048576K
}
Event: 8.801 GC heap before
{Heap before GC invocations=4 (full 0):
 PSYoungGen      total 13824K, used 13792K [0x00000000eab00000, 0x00000000ec600000, 0x0000000100000000)
  eden space 12288K, 100% used [0x00000000eab00000,0x00000000eb700000,0x00000000eb700000)
  from space 1536K, 97% used [0x00000000eb700000,0x00000000eb878028,0x00000000eb880000)
  to   space 1536K, 0% used [0x00000000ec480000,0x00000000ec480000,0x00000000ec600000)
 ParOldGen       total 31744K, used 5118K [0x00000000c0000000, 0x00000000c1f00000, 0x00000000eab00000)
  object space 31744K, 16% used [0x00000000c0000000,0x00000000c04ffa20,0x00000000c1f00000)
 Metaspace       used 5713K, capacity 6704K, committed 6784K, reserved 1056768K
  class space    used 592K, capacity 616K, committed 640K, reserved 1048576K
Event: 8.908 GC heap after
Heap after GC invocations=4 (full 0):
 PSYoungGen      total 26112K, used 1504K [0x00000000eab00000, 0x00000000ec600000, 0x0000000100000000)
  eden space 24576K, 0% used [0x00000000eab00000,0x00000000eab00000,0x00000000ec300000)
  from space 1536K, 97% used [0x00000000ec480000,0x00000000ec5f8028,0x00000000ec600000)
  to   space 1536K, 0% used [0x00000000ec300000,0x00000000ec300000,0x00000000ec480000)
 ParOldGen       total 31744K, used 7167K [0x00000000c0000000, 0x00000000c1f00000, 0x00000000eab00000)
  object space 31744K, 22% used [0x00000000c0000000,0x00000000c06ffc68,0x00000000c1f00000)
 Metaspace       used 5713K, capacity 6704K, committed 6784K, reserved 1056768K
  class space    used 592K, capacity 616K, committed 640K, reserved 1048576K
}
Event: 11.232 GC heap before
{Heap before GC invocations=5 (full 0):
 PSYoungGen      total 26112K, used 26080K [0x00000000eab00000, 0x00000000ec600000, 0x0000000100000000)
  eden space 24576K, 100% used [0x00000000eab00000,0x00000000ec300000,0x00000000ec300000)
  from space 1536K, 97% used [0x00000000ec480000,0x00000000ec5f8028,0x00000000ec600000)
  to   space 1536K, 0% used [0x00000000ec300000,0x00000000ec300000,0x00000000ec480000)
 ParOldGen       total 31744K, used 7167K [0x00000000c0000000, 0x00000000c1f00000, 0x00000000eab00000)
  object space 31744K, 22% used [0x00000000c0000000,0x00000000c06ffc68,0x00000000c1f00000)
 Metaspace       used 5809K, capacity 6832K, committed 7040K, reserved 1056768K
  class space    used 593K, capacity 616K, committed 640K, reserved 1048576K
Event: 11.483 GC heap after
Heap after GC invocations=5 (full 0):
 PSYoungGen      total 26112K, used 1504K [0x00000000eab00000, 0x00000000ee600000, 0x0000000100000000)
  eden space 24576K, 0% used [0x00000000eab00000,0x00000000eab00000,0x00000000ec300000)
  from space 1536K, 97% used [0x00000000ec300000,0x00000000ec478028,0x00000000ec480000)
  to   space 5632K, 0% used [0x00000000ee080000,0x00000000ee080000,0x00000000ee600000)
 ParOldGen       total 31744K, used 11159K [0x00000000c0000000, 0x00000000c1f00000, 0x00000000eab00000)
  object space 31744K, 35% used [0x00000000c0000000,0x00000000c0ae5d80,0x00000000c1f00000)
 Metaspace       used 5809K, capacity 6832K, committed 7040K, reserved 1056768K
  class space    used 593K, capacity 616K, committed 640K, reserved 1048576K
}
Event: 13.589 GC heap before
{Heap before GC invocations=6 (full 0):
 PSYoungGen      total 26112K, used 26080K [0x00000000eab00000, 0x00000000ee600000, 0x0000000100000000)
  eden space 24576K, 100% used [0x00000000eab00000,0x00000000ec300000,0x00000000ec300000)
  from space 1536K, 97% used [0x00000000ec300000,0x00000000ec478028,0x00000000ec480000)
  to   space 5632K, 0% used [0x00000000ee080000,0x00000000ee080000,0x00000000ee600000)
 ParOldGen       total 31744K, used 11159K [0x00000000c0000000, 0x00000000c1f00000, 0x00000000eab00000)
  object space 31744K, 35% used [0x00000000c0000000,0x00000000c0ae5d80,0x00000000c1f00000)
 Metaspace       used 5858K, capacity 6832K, committed 7040K, reserved 1056768K
  class space    used 593K, capacity 616K, committed 640K, reserved 1048576K
Event: 13.789 GC heap after
Heap after GC invocations=6 (full 0):
 PSYoungGen      total 53760K, used 5344K [0x00000000eab00000, 0x00000000ee800000, 0x0000000100000000)
  eden space 48128K, 0% used [0x00000000eab00000,0x00000000eab00000,0x00000000eda00000)
  from space 5632K, 94% used [0x00000000ee080000,0x00000000ee5b8028,0x00000000ee600000)
  to   space 6656K, 0% used [0x00000000eda00000,0x00000000eda00000,0x00000000ee080000)
 ParOldGen       total 31744K, used 11159K [0x00000000c0000000, 0x00000000c1f00000, 0x00000000eab00000)
  object space 31744K, 35% used [0x00000000c0000000,0x00000000c0ae5d80,0x00000000c1f00000)
 Metaspace       used 5858K, capacity 6832K, committed 7040K, reserved 1056768K
  class space    used 593K, capacity 616K, committed 640K, reserved 1048576K
}

Deoptimization events (4 events):
Event: 4.230 Thread 0x00007f23e000a000 Uncommon trap: reason=unstable_if action=reinterpret pc=0x00007f23d0d32190 method=java.lang.String.indexOf(II)I @ 49
Event: 5.612 Thread 0x00007f23e0141800 Uncommon trap: reason=unstable_if action=reinterpret pc=0x00007f23d0db79ec method=java.util.HashMap.getNode(ILjava/lang/Object;)Ljava/util/HashMap$Node; @ 129
Event: 5.686 Thread 0x00007f23e013e000 Uncommon trap: reason=unstable_if action=reinterpret pc=0x00007f23d0dc116c method=java.util.BitSet.nextSetBit(I)I @ 87
Event: 11.871 Thread 0x00007f23e000a000 Uncommon trap: reason=null_check action=make_not_entrant pc=0x00007f23d0e7d2a4 method=com.android.dx.ssa.SsaRenamer.getLocalForNewReg(I)Lcom/android/dx/rop/code/LocalItem; @ 19

Internal exceptions (3 events):
Event: 0.976 Thread 0x00007f23e000a000 Exception <a 'java/lang/NoSuchMethodError': Method sun.misc.Unsafe.defineClass(Ljava/lang/String;[BII)Ljava/lang/Class; name or signature does not match> (0x00000000eab07cc0) thrown at [/HUDSON3/workspace/8-2-build-linux-amd64/jdk8u101/7261/hotspot/src/sh
Event: 0.976 Thread 0x00007f23e000a000 Exception <a 'java/lang/NoSuchMethodError': Method sun.misc.Unsafe.prefetchRead(Ljava/lang/Object;J)V name or signature does not match> (0x00000000eab07fa8) thrown at [/HUDSON3/workspace/8-2-build-linux-amd64/jdk8u101/7261/hotspot/src/share/vm/prims/jni.c
Event: 11.871 Thread 0x00007f23e000a000 Implicit null exception at 0x00007f23d0e7ab43 to 0x00007f23d0e7d281

Events (10 events):
Event: 11.871 Thread 0x00007f23e000a000 DEOPT PACKING pc=0x00007f23d0e7d2a4 sp=0x00007f23e6d19710
Event: 11.871 Thread 0x00007f23e000a000 DEOPT UNPACKING pc=0x00007f23d0bddf69 sp=0x00007f23e6d195a8 mode 2
Event: 11.906 loading class com/android/dx/rop/code/RegOps
Event: 11.906 loading class com/android/dx/rop/code/RegOps done
Event: 12.366 Thread 0x00007f23e0143000 DEOPT PACKING pc=0x00007f23d0eadae8 sp=0x00007f23a7bf9de0
Event: 12.366 Thread 0x00007f23e0143000 DEOPT UNPACKING pc=0x00007f23d0c1ff73 sp=0x00007f23a7bf9b50 mode 0
Event: 13.565 Executing VM operation: ParallelGCFailedAllocation
Event: 13.813 Executing VM operation: ParallelGCFailedAllocation done
Event: 13.817 Thread 0x00007f23e013e000 DEOPT PACKING pc=0x00007f23d0edd423 sp=0x00007f23a7efcf30
Event: 13.817 Thread 0x00007f23e013e000 DEOPT UNPACKING pc=0x00007f23d0c1ff73 sp=0x00007f23a7efcd00 mode 0


Dynamic libraries:
00400000-00401000 r-xp 00000000 08:01 3279757                            /usr/lib/jvm/java-8-oracle/bin/java
00600000-00601000 rw-p 00000000 08:01 3279757                            /usr/lib/jvm/java-8-oracle/bin/java
01ace000-01aef000 rw-p 00000000 00:00 0                                  [heap]
c0000000-c1f00000 rw-p 00000000 00:00 0 
c1f00000-eab00000 ---p 00000000 00:00 0 
eab00000-ee800000 rw-p 00000000 00:00 0 
ee800000-100000000 ---p 00000000 00:00 0 
100000000-1000a0000 rw-p 00000000 00:00 0 
1000a0000-140000000 ---p 00000000 00:00 0 
7f2390000000-7f2390028000 rw-p 00000000 00:00 0 
7f2390028000-7f2394000000 ---p 00000000 00:00 0 
7f2394000000-7f2394021000 rw-p 00000000 00:00 0 
7f2394021000-7f2398000000 ---p 00000000 00:00 0 
7f2398000000-7f23982af000 rw-p 00000000 00:00 0 
7f23982af000-7f239c000000 ---p 00000000 00:00 0 
7f239c000000-7f239c021000 rw-p 00000000 00:00 0 
7f239c021000-7f23a0000000 ---p 00000000 00:00 0 
7f23a0000000-7f23a0021000 rw-p 00000000 00:00 0 
7f23a0021000-7f23a4000000 ---p 00000000 00:00 0 
7f23a79fa000-7f23a79fd000 ---p 00000000 00:00 0 
7f23a79fd000-7f23a7afb000 rw-p 00000000 00:00 0                          [stack:15104]
7f23a7afb000-7f23a7afe000 ---p 00000000 00:00 0 
7f23a7afe000-7f23a7bfc000 rw-p 00000000 00:00 0                          [stack:15103]
7f23a7bfc000-7f23a7bff000 ---p 00000000 00:00 0 
7f23a7bff000-7f23a7cfd000 rw-p 00000000 00:00 0                          [stack:15102]
7f23a7cfd000-7f23a7d00000 ---p 00000000 00:00 0 
7f23a7d00000-7f23a7dfe000 rw-p 00000000 00:00 0                          [stack:15101]
7f23a7dfe000-7f23a7e01000 ---p 00000000 00:00 0 
7f23a7e01000-7f23a7eff000 rw-p 00000000 00:00 0                          [stack:15099]
7f23a7eff000-7f23a7f00000 ---p 00000000 00:00 0 
7f23a7f00000-7f23a8000000 rw-p 00000000 00:00 0                          [stack:15086]
7f23a8000000-7f23a85d3000 rw-p 00000000 00:00 0 
7f23a85d3000-7f23ac000000 ---p 00000000 00:00 0 
7f23ac000000-7f23ac021000 rw-p 00000000 00:00 0 
7f23ac021000-7f23b0000000 ---p 00000000 00:00 0 
7f23b0000000-7f23b0021000 rw-p 00000000 00:00 0 
7f23b0021000-7f23b4000000 ---p 00000000 00:00 0 
7f23b4000000-7f23b44dd000 rw-p 00000000 00:00 0 
7f23b44dd000-7f23b8000000 ---p 00000000 00:00 0 
7f23b8000000-7f23b8021000 rw-p 00000000 00:00 0 
7f23b8021000-7f23bc000000 ---p 00000000 00:00 0 
7f23bc000000-7f23bc021000 rw-p 00000000 00:00 0 
7f23bc021000-7f23c0000000 ---p 00000000 00:00 0 
7f23c0000000-7f23c0021000 rw-p 00000000 00:00 0 
7f23c0021000-7f23c4000000 ---p 00000000 00:00 0 
7f23c4000000-7f23c4021000 rw-p 00000000 00:00 0 
7f23c4021000-7f23c8000000 ---p 00000000 00:00 0 
7f23c8000000-7f23c8021000 rw-p 00000000 00:00 0 
7f23c8021000-7f23cc000000 ---p 00000000 00:00 0 
7f23cc0c9000-7f23cc0d3000 r--s 00046000 08:01 10627624                   /home/lin/other/AndroidProjects/Radio/app/build/intermediates/exploded-aar/com.android.support/support-v4/23.4.0/jars/libs/internal_impl-23.4.0.jar
7f23cc0d3000-7f23cc0d6000 ---p 00000000 00:00 0 
7f23cc0d6000-7f23cc1d4000 rw-p 00000000 00:00 0                          [stack:15085]
7f23cc1d4000-7f23cc1d7000 ---p 00000000 00:00 0 
7f23cc1d7000-7f23cc2d5000 rw-p 00000000 00:00 0                          [stack:15084]
7f23cc2d5000-7f23cc2d8000 ---p 00000000 00:00 0 
7f23cc2d8000-7f23cc3d6000 rw-p 00000000 00:00 0                          [stack:15083]
7f23cc3d6000-7f23cc3d9000 ---p 00000000 00:00 0 
7f23cc3d9000-7f23cc4d7000 rw-p 00000000 00:00 0                          [stack:15082]
7f23cc4d7000-7f23ccbbb000 r--p 00000000 08:01 13113697                   /usr/lib/locale/locale-archive
7f23ccbbb000-7f23ccbbe000 ---p 00000000 00:00 0 
7f23ccbbe000-7f23cccbc000 rw-p 00000000 00:00 0                          [stack:15081]
7f23cccbc000-7f23cccbf000 ---p 00000000 00:00 0 
7f23cccbf000-7f23ccdbd000 rw-p 00000000 00:00 0                          [stack:15080]
7f23ccdbd000-7f23ccdbe000 ---p 00000000 00:00 0 
7f23ccdbe000-7f23cd7c7000 rw-p 00000000 00:00 0                          [stack:15079]
7f23cd7c7000-7f23cd9a0000 r--s 03d29000 08:01 13118676                   /usr/lib/jvm/java-8-oracle/jre/lib/rt.jar
7f23cd9a0000-7f23ce056000 rw-p 00000000 00:00 0 
7f23ce056000-7f23ce216000 ---p 00000000 00:00 0 
7f23ce216000-7f23d0416000 rw-p 00000000 00:00 0 
7f23d0416000-7f23d0417000 ---p 00000000 00:00 0 
7f23d0417000-7f23d0517000 rw-p 00000000 00:00 0                          [stack:15078]
7f23d0517000-7f23d0518000 ---p 00000000 00:00 0 
7f23d0518000-7f23d0628000 rw-p 00000000 00:00 0                          [stack:15077]
7f23d0628000-7f23d076d000 ---p 00000000 00:00 0 
7f23d076d000-7f23d078c000 rw-p 00000000 00:00 0 
7f23d078c000-7f23d0818000 ---p 00000000 00:00 0 
7f23d0818000-7f23d0829000 rw-p 00000000 00:00 0 
7f23d0829000-7f23d0bd9000 ---p 00000000 00:00 0 
7f23d0bd9000-7f23d0fb9000 rwxp 00000000 00:00 0 
7f23d0fb9000-7f23dfbd9000 ---p 00000000 00:00 0 
7f23dfbd9000-7f23dfbf3000 r-xp 00000000 08:01 13766358                   /usr/lib/jvm/java-8-oracle/jre/lib/amd64/libzip.so
7f23dfbf3000-7f23dfdf3000 ---p 0001a000 08:01 13766358                   /usr/lib/jvm/java-8-oracle/jre/lib/amd64/libzip.so
7f23dfdf3000-7f23dfdf4000 rw-p 0001a000 08:01 13766358                   /usr/lib/jvm/java-8-oracle/jre/lib/amd64/libzip.so
7f23dfdf4000-7f23dfdff000 r-xp 00000000 08:01 2621673                    /lib/x86_64-linux-gnu/libnss_files-2.15.so
7f23dfdff000-7f23dfffe000 ---p 0000b000 08:01 2621673                    /lib/x86_64-linux-gnu/libnss_files-2.15.so
7f23dfffe000-7f23dffff000 r--p 0000a000 08:01 2621673                    /lib/x86_64-linux-gnu/libnss_files-2.15.so
7f23dffff000-7f23e0000000 rw-p 0000b000 08:01 2621673                    /lib/x86_64-linux-gnu/libnss_files-2.15.so
7f23e0000000-7f23e038f000 rw-p 00000000 00:00 0 
7f23e038f000-7f23e4000000 ---p 00000000 00:00 0 
7f23e4002000-7f23e4082000 rw-p 00000000 00:00 0 
7f23e4082000-7f23e41c8000 ---p 00000000 00:00 0 
7f23e41c8000-7f23e41d2000 r-xp 00000000 08:01 2621658                    /lib/x86_64-linux-gnu/libnss_nis-2.15.so
7f23e41d2000-7f23e43d2000 ---p 0000a000 08:01 2621658                    /lib/x86_64-linux-gnu/libnss_nis-2.15.so
7f23e43d2000-7f23e43d3000 r--p 0000a000 08:01 2621658                    /lib/x86_64-linux-gnu/libnss_nis-2.15.so
7f23e43d3000-7f23e43d4000 rw-p 0000b000 08:01 2621658                    /lib/x86_64-linux-gnu/libnss_nis-2.15.so
7f23e43d4000-7f23e43eb000 r-xp 00000000 08:01 2621667                    /lib/x86_64-linux-gnu/libnsl-2.15.so
7f23e43eb000-7f23e45ea000 ---p 00017000 08:01 2621667                    /lib/x86_64-linux-gnu/libnsl-2.15.so
7f23e45ea000-7f23e45eb000 r--p 00016000 08:01 2621667                    /lib/x86_64-linux-gnu/libnsl-2.15.so
7f23e45eb000-7f23e45ec000 rw-p 00017000 08:01 2621667                    /lib/x86_64-linux-gnu/libnsl-2.15.so
7f23e45ec000-7f23e45ee000 rw-p 00000000 00:00 0 
7f23e45ee000-7f23e45f6000 r-xp 00000000 08:01 2621672                    /lib/x86_64-linux-gnu/libnss_compat-2.15.so
7f23e45f6000-7f23e47f5000 ---p 00008000 08:01 2621672                    /lib/x86_64-linux-gnu/libnss_compat-2.15.so
7f23e47f5000-7f23e47f6000 r--p 00007000 08:01 2621672                    /lib/x86_64-linux-gnu/libnss_compat-2.15.so
7f23e47f6000-7f23e47f7000 rw-p 00008000 08:01 2621672                    /lib/x86_64-linux-gnu/libnss_compat-2.15.so
7f23e47f7000-7f23e4821000 r-xp 00000000 08:01 13766323                   /usr/lib/jvm/java-8-oracle/jre/lib/amd64/libjava.so
7f23e4821000-7f23e4a21000 ---p 0002a000 08:01 13766323                   /usr/lib/jvm/java-8-oracle/jre/lib/amd64/libjava.so
7f23e4a21000-7f23e4a23000 rw-p 0002a000 08:01 13766323                   /usr/lib/jvm/java-8-oracle/jre/lib/amd64/libjava.so
7f23e4a23000-7f23e4a30000 r-xp 00000000 08:01 13766361                   /usr/lib/jvm/java-8-oracle/jre/lib/amd64/libverify.so
7f23e4a30000-7f23e4c30000 ---p 0000d000 08:01 13766361                   /usr/lib/jvm/java-8-oracle/jre/lib/amd64/libverify.so
7f23e4c30000-7f23e4c32000 rw-p 0000d000 08:01 13766361                   /usr/lib/jvm/java-8-oracle/jre/lib/amd64/libverify.so
7f23e4c32000-7f23e4c39000 r-xp 00000000 08:01 2621660                    /lib/x86_64-linux-gnu/librt-2.15.so
7f23e4c39000-7f23e4e38000 ---p 00007000 08:01 2621660                    /lib/x86_64-linux-gnu/librt-2.15.so
7f23e4e38000-7f23e4e39000 r--p 00006000 08:01 2621660                    /lib/x86_64-linux-gnu/librt-2.15.so
7f23e4e39000-7f23e4e3a000 rw-p 00007000 08:01 2621660                    /lib/x86_64-linux-gnu/librt-2.15.so
7f23e4e3a000-7f23e4f35000 r-xp 00000000 08:01 2621674                    /lib/x86_64-linux-gnu/libm-2.15.so
7f23e4f35000-7f23e5134000 ---p 000fb000 08:01 2621674                    /lib/x86_64-linux-gnu/libm-2.15.so
7f23e5134000-7f23e5135000 r--p 000fa000 08:01 2621674                    /lib/x86_64-linux-gnu/libm-2.15.so
7f23e5135000-7f23e5136000 rw-p 000fb000 08:01 2621674                    /lib/x86_64-linux-gnu/libm-2.15.so
7f23e5136000-7f23e5e01000 r-xp 00000000 08:01 13894575                   /usr/lib/jvm/java-8-oracle/jre/lib/amd64/server/libjvm.so
7f23e5e01000-7f23e6000000 ---p 00ccb000 08:01 13894575                   /usr/lib/jvm/java-8-oracle/jre/lib/amd64/server/libjvm.so
7f23e6000000-7f23e60d9000 rw-p 00cca000 08:01 13894575                   /usr/lib/jvm/java-8-oracle/jre/lib/amd64/server/libjvm.so
7f23e60d9000-7f23e6124000 rw-p 00000000 00:00 0 
7f23e6124000-7f23e62d8000 r-xp 00000000 08:01 2621665                    /lib/x86_64-linux-gnu/libc-2.15.so
7f23e62d8000-7f23e64d7000 ---p 001b4000 08:01 2621665                    /lib/x86_64-linux-gnu/libc-2.15.so
7f23e64d7000-7f23e64db000 r--p 001b3000 08:01 2621665                    /lib/x86_64-linux-gnu/libc-2.15.so
7f23e64db000-7f23e64dd000 rw-p 001b7000 08:01 2621665                    /lib/x86_64-linux-gnu/libc-2.15.so
7f23e64dd000-7f23e64e2000 rw-p 00000000 00:00 0 
7f23e64e2000-7f23e64e4000 r-xp 00000000 08:01 2621657                    /lib/x86_64-linux-gnu/libdl-2.15.so
7f23e64e4000-7f23e66e4000 ---p 00002000 08:01 2621657                    /lib/x86_64-linux-gnu/libdl-2.15.so
7f23e66e4000-7f23e66e5000 r--p 00002000 08:01 2621657                    /lib/x86_64-linux-gnu/libdl-2.15.so
7f23e66e5000-7f23e66e6000 rw-p 00003000 08:01 2621657                    /lib/x86_64-linux-gnu/libdl-2.15.so
7f23e66e6000-7f23e66fb000 r-xp 00000000 08:01 2627921                    /usr/lib/jvm/java-8-oracle/lib/amd64/jli/libjli.so
7f23e66fb000-7f23e68fb000 ---p 00015000 08:01 2627921                    /usr/lib/jvm/java-8-oracle/lib/amd64/jli/libjli.so
7f23e68fb000-7f23e68fc000 rw-p 00015000 08:01 2627921                    /usr/lib/jvm/java-8-oracle/lib/amd64/jli/libjli.so
7f23e68fc000-7f23e6914000 r-xp 00000000 08:01 2621668                    /lib/x86_64-linux-gnu/libpthread-2.15.so
7f23e6914000-7f23e6b13000 ---p 00018000 08:01 2621668                    /lib/x86_64-linux-gnu/libpthread-2.15.so
7f23e6b13000-7f23e6b14000 r--p 00017000 08:01 2621668                    /lib/x86_64-linux-gnu/libpthread-2.15.so
7f23e6b14000-7f23e6b15000 rw-p 00018000 08:01 2621668                    /lib/x86_64-linux-gnu/libpthread-2.15.so
7f23e6b15000-7f23e6b19000 rw-p 00000000 00:00 0 
7f23e6b19000-7f23e6b3b000 r-xp 00000000 08:01 2621671                    /lib/x86_64-linux-gnu/ld-2.15.so
7f23e6b40000-7f23e6c1b000 rw-p 00000000 00:00 0 
7f23e6c1b000-7f23e6c1e000 ---p 00000000 00:00 0 
7f23e6c1e000-7f23e6d20000 rw-p 00000000 00:00 0                          [stack:15076]
7f23e6d20000-7f23e6d2f000 r--s 000df000 08:01 11274850                   /root/Android/Sdk/build-tools/23.0.3/lib/dx.jar
7f23e6d2f000-7f23e6d37000 rw-s 00000000 08:01 4850501                    /tmp/hsperfdata_root/15072
7f23e6d37000-7f23e6d38000 rw-p 00000000 00:00 0 
7f23e6d38000-7f23e6d39000 r--p 00000000 00:00 0 
7f23e6d39000-7f23e6d3b000 rw-p 00000000 00:00 0 
7f23e6d3b000-7f23e6d3c000 r--p 00022000 08:01 2621671                    /lib/x86_64-linux-gnu/ld-2.15.so
7f23e6d3c000-7f23e6d3e000 rw-p 00023000 08:01 2621671                    /lib/x86_64-linux-gnu/ld-2.15.so
7fffb750b000-7fffb752c000 rw-p 00000000 00:00 0                          [stack]
7fffb7598000-7fffb759a000 r-xp 00000000 00:00 0                          [vdso]
ffffffffff600000-ffffffffff601000 r-xp 00000000 00:00 0                  [vsyscall]

VM Arguments:
jvm_args: -Djava.awt.headless=true -Xmx1024M -Dfile.encoding=UTF-8 -Duser.country=US -Duser.language=en -Duser.variant 
java_command: com.android.dx.command.Main --dex --num-threads=4 --output /home/lin/other/AndroidProjects/Radio/app/build/intermediates/pre-dexed/debug/internal_impl-23.4.0_b5619ed93d7f9003535a36ca45adce4d95a69933.jar /home/lin/other/AndroidProjects/Radio/app/build/intermediates/exploded-aar/com.android.support/support-v4/23.4.0/jars/libs/internal_impl-23.4.0.jar
java_class_path (initial): /root/Android/Sdk/build-tools/23.0.3/lib/dx.jar
Launcher Type: SUN_STANDARD

Environment Variables:
PATH=/usr/local/sbin:/usr/local/bin:/usr/sbin:/usr/bin:/sbin:/bin
USERNAME=root
LD_LIBRARY_PATH=/opt/android-studio/bin:
SHELL=/bin/bash
DISPLAY=:0.0

Signal Handlers:
SIGSEGV: [libjvm.so+0xac4790], sa_mask[0]=11111111011111111101111111111110, sa_flags=SA_RESTART|SA_SIGINFO
SIGBUS: [libjvm.so+0xac4790], sa_mask[0]=11111111011111111101111111111110, sa_flags=SA_RESTART|SA_SIGINFO
SIGFPE: [libjvm.so+0x91f140], sa_mask[0]=11111111011111111101111111111110, sa_flags=SA_RESTART|SA_SIGINFO
SIGPIPE: [libjvm.so+0x91f140], sa_mask[0]=11111111011111111101111111111110, sa_flags=SA_RESTART|SA_SIGINFO
SIGXFSZ: [libjvm.so+0x91f140], sa_mask[0]=11111111011111111101111111111110, sa_flags=SA_RESTART|SA_SIGINFO
SIGILL: [libjvm.so+0x91f140], sa_mask[0]=11111111011111111101111111111110, sa_flags=SA_RESTART|SA_SIGINFO
SIGUSR1: SIG_DFL, sa_mask[0]=00000000000000000000000000000000, sa_flags=none
SIGUSR2: [libjvm.so+0x920770], sa_mask[0]=00100000000000000000000000000000, sa_flags=SA_RESTART|SA_SIGINFO
SIGHUP: [libjvm.so+0x921b70], sa_mask[0]=11111111011111111101111111111110, sa_flags=SA_RESTART|SA_SIGINFO
SIGINT: [libjvm.so+0x921b70], sa_mask[0]=11111111011111111101111111111110, sa_flags=SA_RESTART|SA_SIGINFO
SIGTERM: [libjvm.so+0x921b70], sa_mask[0]=11111111011111111101111111111110, sa_flags=SA_RESTART|SA_SIGINFO
SIGQUIT: [libjvm.so+0x921b70], sa_mask[0]=11111111011111111101111111111110, sa_flags=SA_RESTART|SA_SIGINFO


---------------  S Y S T E M  ---------------

OS:DISTRIB_ID=Ubuntu
DISTRIB_RELEASE=12.04
DISTRIB_CODENAME=precise
DISTRIB_DESCRIPTION="Ubuntu 12.04.5 LTS"

uname:Linux 3.13.0-95-generic #142~precise1-Ubuntu SMP Fri Aug 12 18:20:15 UTC 2016 x86_64
libc:glibc 2.15 NPTL 2.15 
rlimit: STACK 8192k, CORE 0k, NPROC 22873, NOFILE 4096, AS infinity
load average:9.87 5.11 3.09

/proc/meminfo:
MemTotal:        2948840 kB
MemFree:          101300 kB
Buffers:           25240 kB
Cached:           855248 kB
SwapCached:        45580 kB
Active:          1820496 kB
Inactive:         833496 kB
Active(anon):    1457536 kB
Inactive(anon):   491700 kB
Active(file):     362960 kB
Inactive(file):   341796 kB
Unevictable:           0 kB
Mlocked:               0 kB
SwapTotal:       3008508 kB
SwapFree:        2749732 kB
Dirty:             14316 kB
Writeback:             0 kB
AnonPages:       1760260 kB
Mapped:           236364 kB
Shmem:            175580 kB
Slab:             106184 kB
SReclaimable:      76576 kB
SUnreclaim:        29608 kB
KernelStack:        4752 kB
PageTables:        33364 kB
NFS_Unstable:          0 kB
Bounce:                0 kB
WritebackTmp:          0 kB
CommitLimit:     4482928 kB
Committed_AS:    4865448 kB
VmallocTotal:   34359738367 kB
VmallocUsed:      346464 kB
VmallocChunk:   34359383644 kB
HardwareCorrupted:     0 kB
AnonHugePages:    792576 kB
HugePages_Total:       0
HugePages_Free:        0
HugePages_Rsvd:        0
HugePages_Surp:        0
Hugepagesize:       2048 kB
DirectMap4k:       67972 kB
DirectMap2M:     2942976 kB


CPU:total 2 (2 cores per cpu, 1 threads per core) family 6 model 15 stepping 13, cmov, cx8, fxsr, mmx, sse, sse2, sse3, ssse3, tsc

/proc/cpuinfo:
processor	: 0
vendor_id	: GenuineIntel
cpu family	: 6
model		: 15
model name	: Genuine Intel(R) CPU           T1600  @ 1.66GHz
stepping	: 13
microcode	: 0xa3
cpu MHz		: 1662.438
cache size	: 1024 KB
physical id	: 0
siblings	: 2
core id		: 0
cpu cores	: 2
apicid		: 0
initial apicid	: 0
fpu		: yes
fpu_exception	: yes
cpuid level	: 10
wp		: yes
flags		: fpu vme de pse tsc msr pae mce cx8 apic sep mtrr pge mca cmov pat pse36 clflush dts acpi mmx fxsr sse sse2 ss ht tm pbe syscall nx lm constant_tsc arch_perfmon pebs bts rep_good nopl aperfmperf pni dtes64 monitor ds_cpl tm2 ssse3 cx16 xtpr pdcm lahf_lm dtherm
bogomips	: 3324.87
clflush size	: 64
cache_alignment	: 64
address sizes	: 36 bits physical, 48 bits virtual
power management:

processor	: 1
vendor_id	: GenuineIntel
cpu family	: 6
model		: 15
model name	: Genuine Intel(R) CPU           T1600  @ 1.66GHz
stepping	: 13
microcode	: 0xa3
cpu MHz		: 1662.438
cache size	: 1024 KB
physical id	: 0
siblings	: 2
core id		: 1
cpu cores	: 2
apicid		: 1
initial apicid	: 1
fpu		: yes
fpu_exception	: yes
cpuid level	: 10
wp		: yes
flags		: fpu vme de pse tsc msr pae mce cx8 apic sep mtrr pge mca cmov pat pse36 clflush dts acpi mmx fxsr sse sse2 ss ht tm pbe syscall nx lm constant_tsc arch_perfmon pebs bts rep_good nopl aperfmperf pni dtes64 monitor ds_cpl tm2 ssse3 cx16 xtpr pdcm lahf_lm dtherm
bogomips	: 3324.87
clflush size	: 64
cache_alignment	: 64
address sizes	: 36 bits physical, 48 bits virtual
power management:



Memory: 4k page, physical 2948840k(101300k free), swap 3008508k(2749732k free)

vm_info: Java HotSpot(TM) 64-Bit Server VM (25.101-b13) for linux-amd64 JRE (1.8.0_101-b13), built on Jun 22 2016 02:59:44 by "java_re" with gcc 4.3.0 20080428 (Red Hat 4.3.0-8)

time: Tue Sep 27 21:12:39 2016
elapsed time: 14 seconds (0d 0h 0m 14s)

