#
# A fatal error has been detected by the Java Runtime Environment:
#
#  SIGSEGV (0xb) at pc=0x00007f4b7d018fa2, pid=10568, tid=0x00007f4b7a315700
#
# JRE version: Java(TM) SE Runtime Environment (8.0_101-b13) (build 1.8.0_101-b13)
# Java VM: Java HotSpot(TM) 64-Bit Server VM (25.101-b13 mixed mode linux-amd64 compressed oops)
# Problematic frame:
# j  com.android.dx.cf.code.BasicBlocker.visitThrowing(IIZ)V+24
#
# Failed to write core dump. Core dumps have been disabled. To enable core dumping, try "ulimit -c unlimited" before starting Java again
#
# If you would like to submit a bug report, please visit:
#   http://bugreport.java.com/bugreport/crash.jsp
#

---------------  T H R E A D  ---------------

Current thread (0x00007f4b8c159000):  JavaThread "pool-1-thread-2" [_thread_in_Java, id=10587, stack(0x00007f4b7a215000,0x00007f4b7a316000)]

siginfo: si_signo: 11 (SIGSEGV), si_code: 2 (SEGV_ACCERR), si_addr: 0x000000010027aed8

Registers:
RAX=0x000000010027adf0, RBX=0x000000010006f310, RCX=0x0000000000000025, RDX=0x00000000eb32a198
RSP=0x00007f4b7a313b10, RBP=0x00007f4b7a313b68, RSI=0x00007f4b7a313aa0, RDI=0x00007f4b8c159000
R8 =0x0000000000000000, R9 =0xfffffffffffffff8, R10=0x00007f4b946f1dc0, R11=0x000000010007b1c0
R12=0x0000000000000000, R13=0x00007f4b9152f284, R14=0x00007f4b7a313ba0, R15=0x00007f4b8c159000
RIP=0x00007f4b7d018fa2, EFLAGS=0x0000000000010206, CSGSFS=0x0000000000000033, ERR=0x0000000000000004
  TRAPNO=0x000000000000000e

Top of Stack: (sp=0x00007f4b7a313b10)
0x00007f4b7a313b10:   00000000eb708550 0000000000000025
0x00007f4b7a313b20:   00000000eb32a198 00007f4b7a313b28
0x00007f4b7a313b30:   00007f4b9152f278 00007f4b7a313ba0
0x00007f4b7a313b40:   00007f4b9152f4f8 0000000000000000
0x00007f4b7a313b50:   00007f4b9152f2f0 0000000000000000
0x00007f4b7a313b60:   00007f4b7a313b88 00007f4b7a313be8
0x00007f4b7a313b70:   00007f4b7d007ffd 00000000eb708550
0x00007f4b7a313b80:   0000000000000028 0000000000000001
0x00007f4b7a313b90:   0000000000000003 0000000000000025
0x00007f4b7a313ba0:   00000000eb329fa8 00007f4b7a313ba8
0x00007f4b7a313bb0:   00007f4b9152e77b 00007f4b7a313c20
0x00007f4b7a313bc0:   00007f4b9152f4f8 0000000000000000
0x00007f4b7a313bd0:   00007f4b9152e7d8 00007f4b7a313b88
0x00007f4b7a313be0:   00007f4b7a313c30 00007f4b7a314028
0x00007f4b7a313bf0:   00007f4b7d1e9784 0000000000000000
0x00007f4b7a313c00:   00000000eb731d60 0000000000000003
0x00007f4b7a313c10:   0000000000000025 00000000000000b7
0x00007f4b7a313c20:   00000000eb329fa8 00007f4b7d1e9784
0x00007f4b7a313c30:   402c666600000000 00007f4b93a04840
0x00007f4b7a313c40:   0000000000000000 4050800000000000
0x00007f4b7a313c50:   00007f4b914c0290 0000000000000000
0x00007f4b7a313c60:   00007f4b93a04840 0000000000000000
0x00007f4b7a313c70:   00007f4b7a313cd0 00007f4b93a042ae
0x00007f4b7a313c80:   0000000000000001 00007f4b7a313c88
0x00007f4b7a313c90:   0000000000000800 00007f4b93a04840
0x00007f4b7a313ca0:   0000000000000000 0000000000000000
0x00007f4b7a313cb0:   00007f4b8c0267e0 00007f4b914c0290
0x00007f4b7a313cc0:   0000000000000000 00007f4b8c0267e0
0x00007f4b7a313cd0:   00007f4b7a313d20 00007f4b93a04632
0x00007f4b7a313ce0:   00007f4b93a04840 0000000000000000
0x00007f4b7a313cf0:   00000000eb7441f0 0000002600000025
0x00007f4b7a313d00:   00000000eb7441d8 00000000eb329fa8 

Instructions: (pc=0x00007f4b7d018fa2)
0x00007f4b7d018f82:   0c 8b d9 0f 83 f5 95 ff ff 48 85 c0 0f 84 32 01
0x00007f4b7d018f92:   00 00 8b 58 08 48 c1 e3 03 8b 42 08 48 c1 e0 03
0x00007f4b7d018fa2:   48 8b 80 e8 00 00 00 48 8d 54 8a 10 48 8b 4d e0
0x00007f4b7d018fb2:   48 85 c9 0f 84 8a 00 00 00 48 8b 79 10 48 3b fb 

Register to memory mapping:

RAX=0x000000010027adf0 is an unknown value
RBX=0x000000010006f310 is pointing into metadata
RCX=0x0000000000000025 is an unknown value
RDX=0x00000000eb32a198 is an oop

[error occurred during error reporting (printing register info), id 0xb]

Stack: [0x00007f4b7a215000,0x00007f4b7a316000],  sp=0x00007f4b7a313b10,  free space=1018k
Native frames: (J=compiled Java code, j=interpreted, Vv=VM code, C=native code)
j  com.android.dx.cf.code.BasicBlocker.visitThrowing(IIZ)V+24
j  com.android.dx.cf.code.BasicBlocker.visitConstant(IIILcom/android/dx/rop/cst/Constant;I)V+35
J 440 C1 com.android.dx.cf.code.BytecodeArray.parseInstruction(ILcom/android/dx/cf/code/BytecodeArray$Visitor;)I (2764 bytes) @ 0x00007f4b7d1e9784 [0x00007f4b7d1e6a40+0x2d44]
j  com.android.dx.cf.code.BytecodeArray.processWorkSet([ILcom/android/dx/cf/code/BytecodeArray$Visitor;)V+35
j  com.android.dx.cf.code.BasicBlocker.doit()V+53
j  com.android.dx.cf.code.BasicBlocker.identifyBlocks(Lcom/android/dx/cf/code/ConcreteMethod;)Lcom/android/dx/cf/code/ByteBlockList;+10
j  com.android.dx.cf.code.Ropper.<init>(Lcom/android/dx/cf/code/ConcreteMethod;Lcom/android/dx/rop/code/TranslationAdvice;Lcom/android/dx/cf/iface/MethodList;)V+39
j  com.android.dx.cf.code.Ropper.convert(Lcom/android/dx/cf/code/ConcreteMethod;Lcom/android/dx/rop/code/TranslationAdvice;Lcom/android/dx/cf/iface/MethodList;)Lcom/android/dx/rop/code/RopMethod;+7
j  com.android.dx.dex.cf.CfTranslator.processMethods(Lcom/android/dx/cf/direct/DirectClassFile;Lcom/android/dx/dex/cf/CfOptions;Lcom/android/dx/dex/DexOptions;Lcom/android/dx/dex/file/ClassDefItem;Lcom/android/dx/dex/file/DexFile;)V+176
j  com.android.dx.dex.cf.CfTranslator.translate0(Lcom/android/dx/cf/direct/DirectClassFile;[BLcom/android/dx/dex/cf/CfOptions;Lcom/android/dx/dex/DexOptions;Lcom/android/dx/dex/file/DexFile;)Lcom/android/dx/dex/file/ClassDefItem;+120
j  com.android.dx.dex.cf.CfTranslator.translate(Lcom/android/dx/cf/direct/DirectClassFile;[BLcom/android/dx/dex/cf/CfOptions;Lcom/android/dx/dex/DexOptions;Lcom/android/dx/dex/file/DexFile;)Lcom/android/dx/dex/file/ClassDefItem;+6
j  com.android.dx.command.dexer.Main.translateClass([BLcom/android/dx/cf/direct/DirectClassFile;)Lcom/android/dx/dex/file/ClassDefItem;+17
j  com.android.dx.command.dexer.Main.access$2700([BLcom/android/dx/cf/direct/DirectClassFile;)Lcom/android/dx/dex/file/ClassDefItem;+2
j  com.android.dx.command.dexer.Main$ClassTranslatorTask.call()Lcom/android/dx/dex/file/ClassDefItem;+8
j  com.android.dx.command.dexer.Main$ClassTranslatorTask.call()Ljava/lang/Object;+1
j  java.util.concurrent.FutureTask.run()V+42
j  java.util.concurrent.ThreadPoolExecutor.runWorker(Ljava/util/concurrent/ThreadPoolExecutor$Worker;)V+95
j  java.util.concurrent.ThreadPoolExecutor$Worker.run()V+5
j  java.lang.Thread.run()V+11
v  ~StubRoutines::call_stub
V  [libjvm.so+0x68f6b6]  JavaCalls::call_helper(JavaValue*, methodHandle*, JavaCallArguments*, Thread*)+0x1056
V  [libjvm.so+0x68fbc1]  JavaCalls::call_virtual(JavaValue*, KlassHandle, Symbol*, Symbol*, JavaCallArguments*, Thread*)+0x321
V  [libjvm.so+0x690067]  JavaCalls::call_virtual(JavaValue*, Handle, KlassHandle, Symbol*, Symbol*, Thread*)+0x47
V  [libjvm.so+0x726fc0]  thread_entry(JavaThread*, Thread*)+0xa0
V  [libjvm.so+0xa7343f]  JavaThread::thread_main_inner()+0xdf
V  [libjvm.so+0xa7356c]  JavaThread::run()+0x11c
V  [libjvm.so+0x924698]  java_start(Thread*)+0x108
C  [libpthread.so.0+0x7e9a]  start_thread+0xda


---------------  P R O C E S S  ---------------

Java Threads: ( => current thread )
  0x00007f4b8c15c000 JavaThread "pool-1-thread-4" [_thread_in_Java, id=10589, stack(0x00007f4b7a013000,0x00007f4b7a114000)]
  0x00007f4b8c15a800 JavaThread "pool-1-thread-3" [_thread_in_Java, id=10588, stack(0x00007f4b7a114000,0x00007f4b7a215000)]
=>0x00007f4b8c159000 JavaThread "pool-1-thread-2" [_thread_in_Java, id=10587, stack(0x00007f4b7a215000,0x00007f4b7a316000)]
  0x00007f4b8c14e000 JavaThread "pool-2-thread-1" [_thread_blocked, id=10586, stack(0x00007f4b7a316000,0x00007f4b7a417000)]
  0x00007f4b8c14c000 JavaThread "pool-1-thread-1" [_thread_in_Java, id=10585, stack(0x00007f4b7a417000,0x00007f4b7a518000)]
  0x00007f4b8c0c4000 JavaThread "Service Thread" daemon [_thread_blocked, id=10583, stack(0x00007f4b7a619000,0x00007f4b7a71a000)]
  0x00007f4b8c0b7800 JavaThread "C1 CompilerThread1" daemon [_thread_in_native, id=10582, stack(0x00007f4b7a71a000,0x00007f4b7a81b000)]
  0x00007f4b8c0b4800 JavaThread "C2 CompilerThread0" daemon [_thread_in_native, id=10581, stack(0x00007f4b7a81b000,0x00007f4b7a91c000)]
  0x00007f4b8c0b3000 JavaThread "Signal Dispatcher" daemon [_thread_blocked, id=10580, stack(0x00007f4b900b0000,0x00007f4b901b1000)]
  0x00007f4b8c080000 JavaThread "Finalizer" daemon [_thread_blocked, id=10579, stack(0x00007f4b901b1000,0x00007f4b902b2000)]
  0x00007f4b8c07b800 JavaThread "Reference Handler" daemon [_thread_blocked, id=10578, stack(0x00007f4b902b2000,0x00007f4b903b3000)]
  0x00007f4b8c00a000 JavaThread "main" [_thread_in_Java, id=10574, stack(0x00007f4b9520f000,0x00007f4b95310000)]

Other Threads:
  0x00007f4b8c073800 VMThread [stack: 0x00007f4b903b3000,0x00007f4b904b4000] [id=10577]
  0x00007f4b8c0cf000 WatcherThread [stack: 0x00007f4b7a518000,0x00007f4b7a619000] [id=10584]

VM state:not at safepoint (normal execution)

VM Mutex/Monitor currently owned by a thread: None

Heap:
 PSYoungGen      total 13824K, used 10554K [0x00000000eab00000, 0x00000000eba00000, 0x0000000100000000)
  eden space 12288K, 73% used [0x00000000eab00000,0x00000000eb3d2078,0x00000000eb700000)
  from space 1536K, 99% used [0x00000000eb700000,0x00000000eb87c9d8,0x00000000eb880000)
  to   space 1536K, 0% used [0x00000000eb880000,0x00000000eb880000,0x00000000eba00000)
 ParOldGen       total 31744K, used 2234K [0x00000000c0000000, 0x00000000c1f00000, 0x00000000eab00000)
  object space 31744K, 7% used [0x00000000c0000000,0x00000000c022e800,0x00000000c1f00000)
 Metaspace       used 5421K, capacity 6640K, committed 6784K, reserved 1056768K
  class space    used 565K, capacity 616K, committed 640K, reserved 1048576K

Card table byte_map: [0x00007f4b91dd4000,0x00007f4b91fd5000] byte_map_base: 0x00007f4b917d4000

Marking Bits: (ParMarkBitMap*) 0x00007f4b946eb120
 Begin Bits: [0x00007f4b7b000000, 0x00007f4b7c000000)
 End Bits:   [0x00007f4b7c000000, 0x00007f4b7d000000)

Polling page: 0x00007f4b9532c000

CodeCache: size=245760Kb used=2417Kb max_used=2417Kb free=243342Kb
 bounds [0x00007f4b7d000000, 0x00007f4b7d270000, 0x00007f4b8c000000]
 total_blobs=853 nmethods=595 adapters=174
 compilation: enabled

Compilation events (10 events):
Event: 2.165 Thread 0x00007f4b8c0b7800 nmethod 693 0x00007f4b7d257490 code [0x00007f4b7d257600, 0x00007f4b7d257768]
Event: 2.165 Thread 0x00007f4b8c0b7800  704       2       com.android.dx.cf.code.LineNumberList::pcToLine (73 bytes)
Event: 2.166 Thread 0x00007f4b8c0b7800 nmethod 704 0x00007f4b7d257810 code [0x00007f4b7d257980, 0x00007f4b7d257c08]
Event: 2.166 Thread 0x00007f4b8c0b7800  696       2       com.android.dx.dex.code.RopTranslator$LocalVariableAwareTranslationVisitor::addIntroductionIfNecessary (30 bytes)
Event: 2.168 Thread 0x00007f4b8c0b7800 nmethod 696 0x00007f4b7d257dd0 code [0x00007f4b7d257f80, 0x00007f4b7d258348]
Event: 2.173 Thread 0x00007f4b8c0b7800  708       2       com.android.dx.cf.code.RopperMachine::getSources (264 bytes)
Event: 2.197 Thread 0x00007f4b8c0b7800 nmethod 708 0x00007f4b7d258710 code [0x00007f4b7d258b20, 0x00007f4b7d25a438]
Event: 2.197 Thread 0x00007f4b8c0b7800  712       3       com.android.dx.ssa.back.LivenessAnalyzer::handleTailRecursion (94 bytes)
Event: 2.198 Thread 0x00007f4b8c0b7800 nmethod 712 0x00007f4b7d25ce90 code [0x00007f4b7d25d060, 0x00007f4b7d25d5a8]
Event: 2.198 Thread 0x00007f4b8c0b7800  707   !   2       com.android.dx.cf.code.RopperMachine::run (1550 bytes)

GC Heap History (2 events):
Event: 1.732 GC heap before
{Heap before GC invocations=1 (full 0):
 PSYoungGen      total 13824K, used 12288K [0x00000000eab00000, 0x00000000eba00000, 0x0000000100000000)
  eden space 12288K, 100% used [0x00000000eab00000,0x00000000eb700000,0x00000000eb700000)
  from space 1536K, 0% used [0x00000000eb880000,0x00000000eb880000,0x00000000eba00000)
  to   space 1536K, 0% used [0x00000000eb700000,0x00000000eb700000,0x00000000eb880000)
 ParOldGen       total 31744K, used 0K [0x00000000c0000000, 0x00000000c1f00000, 0x00000000eab00000)
  object space 31744K, 0% used [0x00000000c0000000,0x00000000c0000000,0x00000000c1f00000)
 Metaspace       used 5352K, capacity 6576K, committed 6784K, reserved 1056768K
  class space    used 565K, capacity 616K, committed 640K, reserved 1048576K
Event: 1.748 GC heap after
Heap after GC invocations=1 (full 0):
 PSYoungGen      total 13824K, used 1522K [0x00000000eab00000, 0x00000000eba00000, 0x0000000100000000)
  eden space 12288K, 0% used [0x00000000eab00000,0x00000000eab00000,0x00000000eb700000)
  from space 1536K, 99% used [0x00000000eb700000,0x00000000eb87c9d8,0x00000000eb880000)
  to   space 1536K, 0% used [0x00000000eb880000,0x00000000eb880000,0x00000000eba00000)
 ParOldGen       total 31744K, used 2234K [0x00000000c0000000, 0x00000000c1f00000, 0x00000000eab00000)
  object space 31744K, 7% used [0x00000000c0000000,0x00000000c022e800,0x00000000c1f00000)
 Metaspace       used 5352K, capacity 6576K, committed 6784K, reserved 1056768K
  class space    used 565K, capacity 616K, committed 640K, reserved 1048576K
}

Deoptimization events (7 events):
Event: 0.734 Thread 0x00007f4b8c00a000 Uncommon trap: reason=unstable_if action=reinterpret pc=0x00007f4b7d1333c4 method=java.lang.String.indexOf(II)I @ 49
Event: 1.455 Thread 0x00007f4b8c14c000 Uncommon trap: reason=class_check action=maybe_recompile pc=0x00007f4b7d19ce3c method=com.android.dx.rop.cst.CstMemberRef.compareTo0(Lcom/android/dx/rop/cst/Constant;)I @ 1
Event: 1.455 Thread 0x00007f4b8c00a000 Uncommon trap: reason=class_check action=maybe_recompile pc=0x00007f4b7d19ce3c method=com.android.dx.rop.cst.CstMemberRef.compareTo0(Lcom/android/dx/rop/cst/Constant;)I @ 1
Event: 1.456 Thread 0x00007f4b8c00a000 Uncommon trap: reason=class_check action=maybe_recompile pc=0x00007f4b7d19ce3c method=com.android.dx.rop.cst.CstMemberRef.compareTo0(Lcom/android/dx/rop/cst/Constant;)I @ 1
Event: 1.458 Thread 0x00007f4b8c15c000 Uncommon trap: reason=class_check action=maybe_recompile pc=0x00007f4b7d19ce3c method=com.android.dx.rop.cst.CstMemberRef.compareTo0(Lcom/android/dx/rop/cst/Constant;)I @ 1
Event: 1.688 Thread 0x00007f4b8c00a000 Uncommon trap: reason=unstable_if action=reinterpret pc=0x00007f4b7d1e27bc method=java.util.HashMap.getNode(ILjava/lang/Object;)Ljava/util/HashMap$Node; @ 129
Event: 1.704 Thread 0x00007f4b8c15c000 Uncommon trap: reason=unstable_if action=reinterpret pc=0x00007f4b7d19fb64 method=com.android.dx.rop.cst.CstFieldRef.compareTo0(Lcom/android/dx/rop/cst/Constant;)I @ 7

Internal exceptions (2 events):
Event: 0.213 Thread 0x00007f4b8c00a000 Exception <a 'java/lang/NoSuchMethodError': Method sun.misc.Unsafe.defineClass(Ljava/lang/String;[BII)Ljava/lang/Class; name or signature does not match> (0x00000000eab07cc0) thrown at [/HUDSON3/workspace/8-2-build-linux-amd64/jdk8u101/7261/hotspot/src/sh
Event: 0.213 Thread 0x00007f4b8c00a000 Exception <a 'java/lang/NoSuchMethodError': Method sun.misc.Unsafe.prefetchRead(Ljava/lang/Object;J)V name or signature does not match> (0x00000000eab07fa8) thrown at [/HUDSON3/workspace/8-2-build-linux-amd64/jdk8u101/7261/hotspot/src/share/vm/prims/jni.c

Events (10 events):
Event: 1.688 Thread 0x00007f4b8c00a000 Uncommon trap: trap_request=0xffffff65 fr.pc=0x00007f4b7d1e27bc
Event: 1.688 Thread 0x00007f4b8c00a000 DEOPT PACKING pc=0x00007f4b7d1e27bc sp=0x00007f4b9530d420
Event: 1.688 Thread 0x00007f4b8c00a000 DEOPT UNPACKING pc=0x00007f4b7d004f69 sp=0x00007f4b9530d3c8 mode 2
Event: 1.704 Thread 0x00007f4b8c15c000 Uncommon trap: trap_request=0xffffff65 fr.pc=0x00007f4b7d19fb64
Event: 1.704 Thread 0x00007f4b8c15c000 DEOPT PACKING pc=0x00007f4b7d19fb64 sp=0x00007f4b7a112060
Event: 1.704 Thread 0x00007f4b8c15c000 DEOPT UNPACKING pc=0x00007f4b7d004f69 sp=0x00007f4b7a112008 mode 2
Event: 1.726 Executing VM operation: ParallelGCFailedAllocation
Event: 1.748 Executing VM operation: ParallelGCFailedAllocation done
Event: 1.881 loading class java/util/ArrayList$1
Event: 1.884 loading class java/util/ArrayList$1 done


Dynamic libraries:
00400000-00401000 r-xp 00000000 08:01 3279757                            /usr/lib/jvm/java-8-oracle/bin/java
00600000-00601000 rw-p 00000000 08:01 3279757                            /usr/lib/jvm/java-8-oracle/bin/java
01e89000-01ecb000 rw-p 00000000 00:00 0                                  [heap]
c0000000-c1f00000 rw-p 00000000 00:00 0 
c1f00000-eab00000 ---p 00000000 00:00 0 
eab00000-eba00000 rw-p 00000000 00:00 0 
eba00000-100000000 ---p 00000000 00:00 0 
100000000-1000a0000 rw-p 00000000 00:00 0 
1000a0000-140000000 ---p 00000000 00:00 0 
7f4b3c000000-7f4b3c024000 rw-p 00000000 00:00 0 
7f4b3c024000-7f4b40000000 ---p 00000000 00:00 0 
7f4b44000000-7f4b44021000 rw-p 00000000 00:00 0 
7f4b44021000-7f4b48000000 ---p 00000000 00:00 0 
7f4b48000000-7f4b482d8000 rw-p 00000000 00:00 0 
7f4b482d8000-7f4b4c000000 ---p 00000000 00:00 0 
7f4b4c000000-7f4b4c021000 rw-p 00000000 00:00 0 
7f4b4c021000-7f4b50000000 ---p 00000000 00:00 0 
7f4b50000000-7f4b50068000 rw-p 00000000 00:00 0 
7f4b50068000-7f4b54000000 ---p 00000000 00:00 0 
7f4b54000000-7f4b54294000 rw-p 00000000 00:00 0 
7f4b54294000-7f4b58000000 ---p 00000000 00:00 0 
7f4b58000000-7f4b58021000 rw-p 00000000 00:00 0 
7f4b58021000-7f4b5c000000 ---p 00000000 00:00 0 
7f4b5c000000-7f4b5c021000 rw-p 00000000 00:00 0 
7f4b5c021000-7f4b60000000 ---p 00000000 00:00 0 
7f4b60000000-7f4b60390000 rw-p 00000000 00:00 0 
7f4b60390000-7f4b64000000 ---p 00000000 00:00 0 
7f4b64000000-7f4b64021000 rw-p 00000000 00:00 0 
7f4b64021000-7f4b68000000 ---p 00000000 00:00 0 
7f4b68000000-7f4b68021000 rw-p 00000000 00:00 0 
7f4b68021000-7f4b6c000000 ---p 00000000 00:00 0 
7f4b6c000000-7f4b6c021000 rw-p 00000000 00:00 0 
7f4b6c021000-7f4b70000000 ---p 00000000 00:00 0 
7f4b70000000-7f4b70021000 rw-p 00000000 00:00 0 
7f4b70021000-7f4b74000000 ---p 00000000 00:00 0 
7f4b74000000-7f4b74021000 rw-p 00000000 00:00 0 
7f4b74021000-7f4b78000000 ---p 00000000 00:00 0 
7f4b7a013000-7f4b7a016000 ---p 00000000 00:00 0 
7f4b7a016000-7f4b7a114000 rw-p 00000000 00:00 0                          [stack:10589]
7f4b7a114000-7f4b7a117000 ---p 00000000 00:00 0 
7f4b7a117000-7f4b7a215000 rw-p 00000000 00:00 0                          [stack:10588]
7f4b7a215000-7f4b7a218000 ---p 00000000 00:00 0 
7f4b7a218000-7f4b7a316000 rw-p 00000000 00:00 0                          [stack:10587]
7f4b7a316000-7f4b7a319000 ---p 00000000 00:00 0 
7f4b7a319000-7f4b7a417000 rw-p 00000000 00:00 0                          [stack:10586]
7f4b7a417000-7f4b7a41a000 ---p 00000000 00:00 0 
7f4b7a41a000-7f4b7a518000 rw-p 00000000 00:00 0                          [stack:10585]
7f4b7a518000-7f4b7a519000 ---p 00000000 00:00 0 
7f4b7a519000-7f4b7a619000 rw-p 00000000 00:00 0                          [stack:10584]
7f4b7a619000-7f4b7a61c000 ---p 00000000 00:00 0 
7f4b7a61c000-7f4b7a71a000 rw-p 00000000 00:00 0                          [stack:10583]
7f4b7a71a000-7f4b7a71d000 ---p 00000000 00:00 0 
7f4b7a71d000-7f4b7a81b000 rw-p 00000000 00:00 0                          [stack:10582]
7f4b7a81b000-7f4b7a81e000 ---p 00000000 00:00 0 
7f4b7a81e000-7f4b7a91c000 rw-p 00000000 00:00 0                          [stack:10581]
7f4b7a91c000-7f4b7b000000 r--p 00000000 08:01 13113697                   /usr/lib/locale/locale-archive
7f4b7b000000-7f4b7d000000 rw-p 00000000 00:00 0 
7f4b7d000000-7f4b7d270000 rwxp 00000000 00:00 0 
7f4b7d270000-7f4b8c000000 ---p 00000000 00:00 0 
7f4b8c000000-7f4b8c397000 rw-p 00000000 00:00 0 
7f4b8c397000-7f4b90000000 ---p 00000000 00:00 0 
7f4b900b0000-7f4b900b3000 ---p 00000000 00:00 0 
7f4b900b3000-7f4b901b1000 rw-p 00000000 00:00 0                          [stack:10580]
7f4b901b1000-7f4b901b4000 ---p 00000000 00:00 0 
7f4b901b4000-7f4b902b2000 rw-p 00000000 00:00 0                          [stack:10579]
7f4b902b2000-7f4b902b5000 ---p 00000000 00:00 0 
7f4b902b5000-7f4b903b3000 rw-p 00000000 00:00 0                          [stack:10578]
7f4b903b3000-7f4b903b4000 ---p 00000000 00:00 0 
7f4b903b4000-7f4b90e2d000 rw-p 00000000 00:00 0                          [stack:10577]
7f4b90e2d000-7f4b91006000 r--s 03d29000 08:01 13118676                   /usr/lib/jvm/java-8-oracle/jre/lib/rt.jar
7f4b91006000-7f4b9167c000 rw-p 00000000 00:00 0 
7f4b9167c000-7f4b9187c000 ---p 00000000 00:00 0 
7f4b9187c000-7f4b91a7c000 rw-p 00000000 00:00 0 
7f4b91a7c000-7f4b91a7d000 ---p 00000000 00:00 0 
7f4b91a7d000-7f4b91b7d000 rw-p 00000000 00:00 0                          [stack:10576]
7f4b91b7d000-7f4b91b7e000 ---p 00000000 00:00 0 
7f4b91b7e000-7f4b91c8e000 rw-p 00000000 00:00 0                          [stack:10575]
7f4b91c8e000-7f4b91dd4000 ---p 00000000 00:00 0 
7f4b91dd4000-7f4b91de4000 rw-p 00000000 00:00 0 
7f4b91de4000-7f4b91f29000 ---p 00000000 00:00 0 
7f4b91f29000-7f4b91f31000 rw-p 00000000 00:00 0 
7f4b91f31000-7f4b91fd4000 ---p 00000000 00:00 0 
7f4b91fd4000-7f4b91fdf000 rw-p 00000000 00:00 0 
7f4b91fdf000-7f4b92395000 ---p 00000000 00:00 0 
7f4b92395000-7f4b923af000 r-xp 00000000 08:01 13766358                   /usr/lib/jvm/java-8-oracle/jre/lib/amd64/libzip.so
7f4b923af000-7f4b925af000 ---p 0001a000 08:01 13766358                   /usr/lib/jvm/java-8-oracle/jre/lib/amd64/libzip.so
7f4b925af000-7f4b925b0000 rw-p 0001a000 08:01 13766358                   /usr/lib/jvm/java-8-oracle/jre/lib/amd64/libzip.so
7f4b925b0000-7f4b925bb000 r-xp 00000000 08:01 2621673                    /lib/x86_64-linux-gnu/libnss_files-2.15.so
7f4b925bb000-7f4b927ba000 ---p 0000b000 08:01 2621673                    /lib/x86_64-linux-gnu/libnss_files-2.15.so
7f4b927ba000-7f4b927bb000 r--p 0000a000 08:01 2621673                    /lib/x86_64-linux-gnu/libnss_files-2.15.so
7f4b927bb000-7f4b927bc000 rw-p 0000b000 08:01 2621673                    /lib/x86_64-linux-gnu/libnss_files-2.15.so
7f4b927bc000-7f4b927c6000 r-xp 00000000 08:01 2621658                    /lib/x86_64-linux-gnu/libnss_nis-2.15.so
7f4b927c6000-7f4b929c6000 ---p 0000a000 08:01 2621658                    /lib/x86_64-linux-gnu/libnss_nis-2.15.so
7f4b929c6000-7f4b929c7000 r--p 0000a000 08:01 2621658                    /lib/x86_64-linux-gnu/libnss_nis-2.15.so
7f4b929c7000-7f4b929c8000 rw-p 0000b000 08:01 2621658                    /lib/x86_64-linux-gnu/libnss_nis-2.15.so
7f4b929c8000-7f4b929df000 r-xp 00000000 08:01 2621667                    /lib/x86_64-linux-gnu/libnsl-2.15.so
7f4b929df000-7f4b92bde000 ---p 00017000 08:01 2621667                    /lib/x86_64-linux-gnu/libnsl-2.15.so
7f4b92bde000-7f4b92bdf000 r--p 00016000 08:01 2621667                    /lib/x86_64-linux-gnu/libnsl-2.15.so
7f4b92bdf000-7f4b92be0000 rw-p 00017000 08:01 2621667                    /lib/x86_64-linux-gnu/libnsl-2.15.so
7f4b92be0000-7f4b92be2000 rw-p 00000000 00:00 0 
7f4b92be2000-7f4b92bea000 r-xp 00000000 08:01 2621672                    /lib/x86_64-linux-gnu/libnss_compat-2.15.so
7f4b92bea000-7f4b92de9000 ---p 00008000 08:01 2621672                    /lib/x86_64-linux-gnu/libnss_compat-2.15.so
7f4b92de9000-7f4b92dea000 r--p 00007000 08:01 2621672                    /lib/x86_64-linux-gnu/libnss_compat-2.15.so
7f4b92dea000-7f4b92deb000 rw-p 00008000 08:01 2621672                    /lib/x86_64-linux-gnu/libnss_compat-2.15.so
7f4b92deb000-7f4b92e15000 r-xp 00000000 08:01 13766323                   /usr/lib/jvm/java-8-oracle/jre/lib/amd64/libjava.so
7f4b92e15000-7f4b93015000 ---p 0002a000 08:01 13766323                   /usr/lib/jvm/java-8-oracle/jre/lib/amd64/libjava.so
7f4b93015000-7f4b93017000 rw-p 0002a000 08:01 13766323                   /usr/lib/jvm/java-8-oracle/jre/lib/amd64/libjava.so
7f4b93017000-7f4b93024000 r-xp 00000000 08:01 13766361                   /usr/lib/jvm/java-8-oracle/jre/lib/amd64/libverify.so
7f4b93024000-7f4b93224000 ---p 0000d000 08:01 13766361                   /usr/lib/jvm/java-8-oracle/jre/lib/amd64/libverify.so
7f4b93224000-7f4b93226000 rw-p 0000d000 08:01 13766361                   /usr/lib/jvm/java-8-oracle/jre/lib/amd64/libverify.so
7f4b93226000-7f4b9322d000 r-xp 00000000 08:01 2621660                    /lib/x86_64-linux-gnu/librt-2.15.so
7f4b9322d000-7f4b9342c000 ---p 00007000 08:01 2621660                    /lib/x86_64-linux-gnu/librt-2.15.so
7f4b9342c000-7f4b9342d000 r--p 00006000 08:01 2621660                    /lib/x86_64-linux-gnu/librt-2.15.so
7f4b9342d000-7f4b9342e000 rw-p 00007000 08:01 2621660                    /lib/x86_64-linux-gnu/librt-2.15.so
7f4b9342e000-7f4b93529000 r-xp 00000000 08:01 2621674                    /lib/x86_64-linux-gnu/libm-2.15.so
7f4b93529000-7f4b93728000 ---p 000fb000 08:01 2621674                    /lib/x86_64-linux-gnu/libm-2.15.so
7f4b93728000-7f4b93729000 r--p 000fa000 08:01 2621674                    /lib/x86_64-linux-gnu/libm-2.15.so
7f4b93729000-7f4b9372a000 rw-p 000fb000 08:01 2621674                    /lib/x86_64-linux-gnu/libm-2.15.so
7f4b9372a000-7f4b943f5000 r-xp 00000000 08:01 13894575                   /usr/lib/jvm/java-8-oracle/jre/lib/amd64/server/libjvm.so
7f4b943f5000-7f4b945f4000 ---p 00ccb000 08:01 13894575                   /usr/lib/jvm/java-8-oracle/jre/lib/amd64/server/libjvm.so
7f4b945f4000-7f4b946cd000 rw-p 00cca000 08:01 13894575                   /usr/lib/jvm/java-8-oracle/jre/lib/amd64/server/libjvm.so
7f4b946cd000-7f4b94718000 rw-p 00000000 00:00 0 
7f4b94718000-7f4b948cc000 r-xp 00000000 08:01 2621665                    /lib/x86_64-linux-gnu/libc-2.15.so
7f4b948cc000-7f4b94acb000 ---p 001b4000 08:01 2621665                    /lib/x86_64-linux-gnu/libc-2.15.so
7f4b94acb000-7f4b94acf000 r--p 001b3000 08:01 2621665                    /lib/x86_64-linux-gnu/libc-2.15.so
7f4b94acf000-7f4b94ad1000 rw-p 001b7000 08:01 2621665                    /lib/x86_64-linux-gnu/libc-2.15.so
7f4b94ad1000-7f4b94ad6000 rw-p 00000000 00:00 0 
7f4b94ad6000-7f4b94ad8000 r-xp 00000000 08:01 2621657                    /lib/x86_64-linux-gnu/libdl-2.15.so
7f4b94ad8000-7f4b94cd8000 ---p 00002000 08:01 2621657                    /lib/x86_64-linux-gnu/libdl-2.15.so
7f4b94cd8000-7f4b94cd9000 r--p 00002000 08:01 2621657                    /lib/x86_64-linux-gnu/libdl-2.15.so
7f4b94cd9000-7f4b94cda000 rw-p 00003000 08:01 2621657                    /lib/x86_64-linux-gnu/libdl-2.15.so
7f4b94cda000-7f4b94cef000 r-xp 00000000 08:01 2627921                    /usr/lib/jvm/java-8-oracle/lib/amd64/jli/libjli.so
7f4b94cef000-7f4b94eef000 ---p 00015000 08:01 2627921                    /usr/lib/jvm/java-8-oracle/lib/amd64/jli/libjli.so
7f4b94eef000-7f4b94ef0000 rw-p 00015000 08:01 2627921                    /usr/lib/jvm/java-8-oracle/lib/amd64/jli/libjli.so
7f4b94ef0000-7f4b94f08000 r-xp 00000000 08:01 2621668                    /lib/x86_64-linux-gnu/libpthread-2.15.so
7f4b94f08000-7f4b95107000 ---p 00018000 08:01 2621668                    /lib/x86_64-linux-gnu/libpthread-2.15.so
7f4b95107000-7f4b95108000 r--p 00017000 08:01 2621668                    /lib/x86_64-linux-gnu/libpthread-2.15.so
7f4b95108000-7f4b95109000 rw-p 00018000 08:01 2621668                    /lib/x86_64-linux-gnu/libpthread-2.15.so
7f4b95109000-7f4b9510d000 rw-p 00000000 00:00 0 
7f4b9510d000-7f4b9512f000 r-xp 00000000 08:01 2621671                    /lib/x86_64-linux-gnu/ld-2.15.so
7f4b95134000-7f4b9520f000 rw-p 00000000 00:00 0 
7f4b9520f000-7f4b95212000 ---p 00000000 00:00 0 
7f4b95212000-7f4b95314000 rw-p 00000000 00:00 0                          [stack:10574]
7f4b95314000-7f4b95323000 r--s 000df000 08:01 11274850                   /root/Android/Sdk/build-tools/23.0.3/lib/dx.jar
7f4b95323000-7f4b9532b000 rw-s 00000000 08:01 4850377                    /tmp/hsperfdata_root/10568
7f4b9532b000-7f4b9532c000 rw-p 00000000 00:00 0 
7f4b9532c000-7f4b9532d000 r--p 00000000 00:00 0 
7f4b9532d000-7f4b9532f000 rw-p 00000000 00:00 0 
7f4b9532f000-7f4b95330000 r--p 00022000 08:01 2621671                    /lib/x86_64-linux-gnu/ld-2.15.so
7f4b95330000-7f4b95332000 rw-p 00023000 08:01 2621671                    /lib/x86_64-linux-gnu/ld-2.15.so
7ffd9d681000-7ffd9d6a2000 rw-p 00000000 00:00 0                          [stack]
7ffd9d7c7000-7ffd9d7c9000 r-xp 00000000 00:00 0                          [vdso]
ffffffffff600000-ffffffffff601000 r-xp 00000000 00:00 0                  [vsyscall]

VM Arguments:
jvm_args: -Djava.awt.headless=true -Xmx1024M -Dfile.encoding=UTF-8 -Duser.country=US -Duser.language=en -Duser.variant 
java_command: com.android.dx.command.Main --dex --force-jumbo --num-threads=4 --output /home/lin/other/AndroidProjects/Radio/app/build/intermediates/pre-dexed/debug/main_7cc5f647af7043fa3f77b86279a066893619d21a.jar /home/lin/other/AndroidProjects/Radio/app/build/intermediates/transforms/instantRun/debug/folders/1/5/main
java_class_path (initial): /root/Android/Sdk/build-tools/23.0.3/lib/dx.jar
Launcher Type: SUN_STANDARD

Environment Variables:
PATH=/usr/local/sbin:/usr/local/bin:/usr/sbin:/usr/bin:/sbin:/bin
USERNAME=root
LD_LIBRARY_PATH=/opt/android-studio/bin:
SHELL=/bin/bash
DISPLAY=:0.0

Signal Handlers:
SIGSEGV: [libjvm.so+0xac4790], sa_mask[0]=11111111011111111101111111111110, sa_flags=SA_RESTART|SA_SIGINFO
SIGBUS: [libjvm.so+0xac4790], sa_mask[0]=11111111011111111101111111111110, sa_flags=SA_RESTART|SA_SIGINFO
SIGFPE: [libjvm.so+0x91f140], sa_mask[0]=11111111011111111101111111111110, sa_flags=SA_RESTART|SA_SIGINFO
SIGPIPE: [libjvm.so+0x91f140], sa_mask[0]=11111111011111111101111111111110, sa_flags=SA_RESTART|SA_SIGINFO
SIGXFSZ: [libjvm.so+0x91f140], sa_mask[0]=11111111011111111101111111111110, sa_flags=SA_RESTART|SA_SIGINFO
SIGILL: [libjvm.so+0x91f140], sa_mask[0]=11111111011111111101111111111110, sa_flags=SA_RESTART|SA_SIGINFO
SIGUSR1: SIG_DFL, sa_mask[0]=00000000000000000000000000000000, sa_flags=none
SIGUSR2: [libjvm.so+0x920770], sa_mask[0]=00100000000000000000000000000000, sa_flags=SA_RESTART|SA_SIGINFO
SIGHUP: [libjvm.so+0x921b70], sa_mask[0]=11111111011111111101111111111110, sa_flags=SA_RESTART|SA_SIGINFO
SIGINT: [libjvm.so+0x921b70], sa_mask[0]=11111111011111111101111111111110, sa_flags=SA_RESTART|SA_SIGINFO
SIGTERM: [libjvm.so+0x921b70], sa_mask[0]=11111111011111111101111111111110, sa_flags=SA_RESTART|SA_SIGINFO
SIGQUIT: [libjvm.so+0x921b70], sa_mask[0]=11111111011111111101111111111110, sa_flags=SA_RESTART|SA_SIGINFO


---------------  S Y S T E M  ---------------

OS:DISTRIB_ID=Ubuntu
DISTRIB_RELEASE=12.04
DISTRIB_CODENAME=precise
DISTRIB_DESCRIPTION="Ubuntu 12.04.5 LTS"

uname:Linux 3.13.0-95-generic #142~precise1-Ubuntu SMP Fri Aug 12 18:20:15 UTC 2016 x86_64
libc:glibc 2.15 NPTL 2.15 
rlimit: STACK 8192k, CORE 0k, NPROC 22873, NOFILE 4096, AS infinity
load average:2.83 2.76 3.05

/proc/meminfo:
MemTotal:        2948840 kB
MemFree:           71936 kB
Buffers:           21544 kB
Cached:           558928 kB
SwapCached:        29636 kB
Active:          2052492 kB
Inactive:         653980 kB
Active(anon):    1823404 kB
Inactive(anon):   425124 kB
Active(file):     229088 kB
Inactive(file):   228856 kB
Unevictable:           0 kB
Mlocked:               0 kB
SwapTotal:       3008508 kB
SwapFree:        2802488 kB
Dirty:             14956 kB
Writeback:             0 kB
AnonPages:       2112120 kB
Mapped:           121196 kB
Shmem:            122528 kB
Slab:              83452 kB
SReclaimable:      56856 kB
SUnreclaim:        26596 kB
KernelStack:        4320 kB
PageTables:        32744 kB
NFS_Unstable:          0 kB
Bounce:                0 kB
WritebackTmp:          0 kB
CommitLimit:     4482928 kB
Committed_AS:    4826288 kB
VmallocTotal:   34359738367 kB
VmallocUsed:      346432 kB
VmallocChunk:   34359385692 kB
HardwareCorrupted:     0 kB
AnonHugePages:    546816 kB
HugePages_Total:       0
HugePages_Free:        0
HugePages_Rsvd:        0
HugePages_Surp:        0
Hugepagesize:       2048 kB
DirectMap4k:       55684 kB
DirectMap2M:     2955264 kB


CPU:total 2 (2 cores per cpu, 1 threads per core) family 6 model 15 stepping 13, cmov, cx8, fxsr, mmx, sse, sse2, sse3, ssse3, tsc

/proc/cpuinfo:
processor	: 0
vendor_id	: GenuineIntel
cpu family	: 6
model		: 15
model name	: Genuine Intel(R) CPU           T1600  @ 1.66GHz
stepping	: 13
microcode	: 0xa3
cpu MHz		: 1662.567
cache size	: 1024 KB
physical id	: 0
siblings	: 2
core id		: 0
cpu cores	: 2
apicid		: 0
initial apicid	: 0
fpu		: yes
fpu_exception	: yes
cpuid level	: 10
wp		: yes
flags		: fpu vme de pse tsc msr pae mce cx8 apic sep mtrr pge mca cmov pat pse36 clflush dts acpi mmx fxsr sse sse2 ss ht tm pbe syscall nx lm constant_tsc arch_perfmon pebs bts rep_good nopl aperfmperf pni dtes64 monitor ds_cpl tm2 ssse3 cx16 xtpr pdcm lahf_lm dtherm
bogomips	: 3325.13
clflush size	: 64
cache_alignment	: 64
address sizes	: 36 bits physical, 48 bits virtual
power management:

processor	: 1
vendor_id	: GenuineIntel
cpu family	: 6
model		: 15
model name	: Genuine Intel(R) CPU           T1600  @ 1.66GHz
stepping	: 13
microcode	: 0xa3
cpu MHz		: 1662.567
cache size	: 1024 KB
physical id	: 0
siblings	: 2
core id		: 1
cpu cores	: 2
apicid		: 1
initial apicid	: 1
fpu		: yes
fpu_exception	: yes
cpuid level	: 10
wp		: yes
flags		: fpu vme de pse tsc msr pae mce cx8 apic sep mtrr pge mca cmov pat pse36 clflush dts acpi mmx fxsr sse sse2 ss ht tm pbe syscall nx lm constant_tsc arch_perfmon pebs bts rep_good nopl aperfmperf pni dtes64 monitor ds_cpl tm2 ssse3 cx16 xtpr pdcm lahf_lm dtherm
bogomips	: 3325.13
clflush size	: 64
cache_alignment	: 64
address sizes	: 36 bits physical, 48 bits virtual
power management:



Memory: 4k page, physical 2948840k(71936k free), swap 3008508k(2802488k free)

vm_info: Java HotSpot(TM) 64-Bit Server VM (25.101-b13) for linux-amd64 JRE (1.8.0_101-b13), built on Jun 22 2016 02:59:44 by "java_re" with gcc 4.3.0 20080428 (Red Hat 4.3.0-8)

time: Thu Sep  8 14:22:27 2016
elapsed time: 2 seconds (0d 0h 0m 2s)

