#
# A fatal error has been detected by the Java Runtime Environment:
#
#  SIGSEGV (0xb) at pc=0x00007f39d2af9ef8, pid=19585, tid=0x00007f39b930d700
#
# JRE version: Java(TM) SE Runtime Environment (8.0_101-b13) (build 1.8.0_101-b13)
# Java VM: Java HotSpot(TM) 64-Bit Server VM (25.101-b13 mixed mode linux-amd64 compressed oops)
# Problematic frame:
# V  [libjvm.so+0x8e5ef8]  nmethod::flush()+0x48
#
# Failed to write core dump. Core dumps have been disabled. To enable core dumping, try "ulimit -c unlimited" before starting Java again
#
# If you would like to submit a bug report, please visit:
#   http://bugreport.java.com/bugreport/crash.jsp
#

---------------  T H R E A D  ---------------

Current thread (0x00007f39cc0b7800):  JavaThread "C1 CompilerThread1" daemon [_thread_in_vm, id=19610, stack(0x00007f39b920d000,0x00007f39b930e000)]

siginfo: si_signo: 11 (SIGSEGV), si_code: 128 (SI_KERNEL), si_addr: 0x0000000000000000

Registers:
RAX=0x0000000000000000, RBX=0x00007f39cc005840, RCX=0x00007f39cc0032c0, RDX=0x0000000000000000
RSP=0x00007f39b930c730, RBP=0x00007f39b930c740, RSI=0x0000000000000000, RDI=0x247c110ff2382474
R8 =0x00007f39d31d1100, R9 =0x00007f39bd000000, R10=0x0000000000000001, R11=0x0000000000000000
R12=0x00007f39bd1048d0, R13=0x00007f39b930c770, R14=0x00007f39a0011e50, R15=0x00007f39cc006b40
RIP=0x00007f39d2af9ef8, EFLAGS=0x0000000000010206, CSGSFS=0x3933000000000033, ERR=0x0000000000000000
  TRAPNO=0x000000000000000d

Top of Stack: (sp=0x00007f39b930c730)
0x00007f39b930c730:   00007f39cc005840 00007f39cc01c180
0x00007f39b930c740:   00007f39b930c840 00007f39d2c3e3e4
0x00007f39b930c750:   00007f39bd1048d0 00007f39a0011e90
0x00007f39b930c760:   00007f39a0012238 00000000000003d8
0x00007f39b930c770:   0000000000000000 00007f39bd104928
0x00007f39b930c780:   00007f39bd104928 00007f39bd1048d0
0x00007f39b930c790:   00007f39bd104ad0 00007f39d39e0060
0x00007f39b930c7a0:   00007f39b930c798 212020200000ffff
0x00007f39b930c7b0:   00007f3a09546d4c 00007f39bd104940
0x00007f39b930c7c0:   00007f39f5348d59 00007f39bd104940
0x00007f39b930c7d0:   00007f39f5348d59 00007f39e158d21c
0x00007f39b930c7e0:   00007f39d31796d0 0000000000000000
0x00007f39b930c7f0:   00007f39cc08a620 00007f39cc0b7800
0x00007f39b930c800:   00007f39b930c830 00007f39d1d1415d
0x00007f39b930c810:   000000b800000087 00000000cbbc200d
0x00007f39b930c820:   00007f39bd1048d0 00007f39cc0b7800
0x00007f39b930c830:   0000000000000000 00007f39d31d08f8
0x00007f39b930c840:   00007f39b930c870 00007f39d2c3e549
0x00007f39b930c850:   00007f39cc005840 0000000000000000
0x00007f39b930c860:   0000000000000001 0000000000000000
0x00007f39b930c870:   00007f39b930c960 00007f39d2c3ea88
0x00007f39b930c880:   00007f39b930c8a0 00000002d2b31b43
0x00007f39b930c890:   00007f39cc005840 0000000000054bc0
0x00007f39b930c8a0:   000000004b838a83 0000000000000000
0x00007f39b930c8b0:   00007f39d3166a00 0000000000000000
0x00007f39b930c8c0:   0000000000000000 0000000000000000
0x00007f39b930c8d0:   0000000000000000 00007f39b930c7a8
0x00007f39b930c8e0:   000000000000004a 0000000000000100
0x00007f39b930c8f0:   00000156d8035101 0000000000000000
0x00007f39b930c900:   00007f39cc0b0001 000000000022cdf2
0x00007f39b930c910:   000000004b60792e 00007f39cc0b7800
0x00007f39b930c920:   000000004b838a83 0000000000000000 

Instructions: (pc=0x00007f39d2af9ef8)
0x00007f39d2af9ed8:   84 83 c2 ff 49 8b bc 24 f8 00 00 00 49 c7 84 24
0x00007f39d2af9ee8:   f8 00 00 00 00 00 00 00 48 85 ff 74 1c 0f 1f 00
0x00007f39d2af9ef8:   48 8b 9f 10 01 00 00 be 04 00 00 00 e8 e7 41 03
0x00007f39d2af9f08:   00 48 85 db 48 89 df 75 e7 41 f6 84 24 db 00 00 

Register to memory mapping:

RAX=0x0000000000000000 is an unknown value
RBX=0x00007f39cc005840 is an unknown value
RCX=0x00007f39cc0032c0 is an unknown value
RDX=0x0000000000000000 is an unknown value
RSP=0x00007f39b930c730 is pointing into the stack for thread: 0x00007f39cc0b7800
RBP=0x00007f39b930c740 is pointing into the stack for thread: 0x00007f39cc0b7800
RSI=0x0000000000000000 is an unknown value
RDI=0x247c110ff2382474 is an unknown value
R8 =0x00007f39d31d1100: <offset 0xfbd100> in /usr/lib/jvm/java-8-oracle/jre/lib/amd64/server/libjvm.so at 0x00007f39d2214000
R9 =0x00007f39bd000000 is an unknown value
R10=0x0000000000000001 is an unknown value
R11=0x0000000000000000 is an unknown value
R12=0x00007f39bd1048d0 is at entry_point+-796196872 in (nmethod*)0x00007f39bd1048d0

[error occurred during error reporting (printing register info), id 0xb]

Stack: [0x00007f39b920d000,0x00007f39b930e000],  sp=0x00007f39b930c730,  free space=1021k
Native frames: (J=compiled Java code, j=interpreted, Vv=VM code, C=native code)
V  [libjvm.so+0x8e5ef8]  nmethod::flush()+0x48
V  [libjvm.so+0xa2a3e4]  NMethodSweeper::release_nmethod(nmethod*)+0x184
V  [libjvm.so+0xa2a549]  NMethodSweeper::process_nmethod(nmethod*)+0xd9
V  [libjvm.so+0xa2aa88]  NMethodSweeper::sweep_code_cache()+0x328
V  [libjvm.so+0xa2adf4]  NMethodSweeper::possibly_sweep()+0xb4
V  [libjvm.so+0x4ade05]  CompileQueue::get()+0x15
V  [libjvm.so+0x4b017b]  CompileBroker::compiler_thread_loop()+0x18b
V  [libjvm.so+0xa7343f]  JavaThread::thread_main_inner()+0xdf
V  [libjvm.so+0xa7356c]  JavaThread::run()+0x11c
V  [libjvm.so+0x924698]  java_start(Thread*)+0x108
C  [libpthread.so.0+0x7e9a]  start_thread+0xda


---------------  P R O C E S S  ---------------

Java Threads: ( => current thread )
  0x00007f39cc0cc000 JavaThread "Service Thread" daemon [_thread_blocked, id=19611, stack(0x00007f39b910c000,0x00007f39b920d000)]
=>0x00007f39cc0b7800 JavaThread "C1 CompilerThread1" daemon [_thread_in_vm, id=19610, stack(0x00007f39b920d000,0x00007f39b930e000)]
  0x00007f39cc0b4800 JavaThread "C2 CompilerThread0" daemon [_thread_blocked, id=19609, stack(0x00007f39b930e000,0x00007f39b940f000)]
  0x00007f39cc0b3000 JavaThread "Signal Dispatcher" daemon [_thread_blocked, id=19608, stack(0x00007f39b940f000,0x00007f39b9510000)]
  0x00007f39cc080000 JavaThread "Finalizer" daemon [_thread_blocked, id=19604, stack(0x00007f39b9bf4000,0x00007f39b9cf5000)]
  0x00007f39cc07b800 JavaThread "Reference Handler" daemon [_thread_blocked, id=19603, stack(0x00007f39b9cf5000,0x00007f39b9df6000)]
  0x00007f39cc00a000 JavaThread "main" [_thread_in_vm, id=19587, stack(0x00007f39d3cf9000,0x00007f39d3dfa000)]

Other Threads:
  0x00007f39cc073800 VMThread [stack: 0x00007f39b9df6000,0x00007f39b9ef7000] [id=19602]
  0x00007f39cc0cf000 WatcherThread [stack: 0x00007f39b900b000,0x00007f39b910c000] [id=19612]

VM state:not at safepoint (normal execution)

VM Mutex/Monitor currently owned by a thread:  ([mutex/lock_event])
[0x00007f39cc005840] CodeCache_lock - owner thread: 0x00007f39cc0b7800
[0x00007f39cc006ec0] Compile_lock - owner thread: 0x00007f39cc00a000

Heap:
 PSYoungGen      total 13824K, used 1289K [0x00000000eab00000, 0x00000000eba00000, 0x0000000100000000)
  eden space 12288K, 10% used [0x00000000eab00000,0x00000000eac42658,0x00000000eb700000)
  from space 1536K, 0% used [0x00000000eb880000,0x00000000eb880000,0x00000000eba00000)
  to   space 1536K, 0% used [0x00000000eb700000,0x00000000eb700000,0x00000000eb880000)
 ParOldGen       total 31744K, used 0K [0x00000000c0000000, 0x00000000c1f00000, 0x00000000eab00000)
  object space 31744K, 0% used [0x00000000c0000000,0x00000000c0000000,0x00000000c1f00000)
 Metaspace       used 2851K, capacity 4656K, committed 4864K, reserved 1056768K
  class space    used 306K, capacity 424K, committed 512K, reserved 1048576K

Card table byte_map: [0x00007f39d08be000,0x00007f39d0abf000] byte_map_base: 0x00007f39d02be000

Marking Bits: (ParMarkBitMap*) 0x00007f39d31d5120
 Begin Bits: [0x00007f39bb000000, 0x00007f39bc000000)
 End Bits:   [0x00007f39bc000000, 0x00007f39bd000000)

Polling page: 0x00007f39d3e16000

CodeCache: size=245760Kb used=1129Kb max_used=1129Kb free=244630Kb
 bounds [0x00007f39bd000000, 0x00007f39bd270000, 0x00007f39cc000000]
 total_blobs=274 nmethods=44 adapters=146
 compilation: enabled

Compilation events (10 events):
Event: 1.232 Thread 0x00007f39cc0b7800   40       1       java.net.URL::getAuthority (5 bytes)
Event: 1.232 Thread 0x00007f39cc0b7800 nmethod 40 0x00007f39bd116dd0 code [0x00007f39bd116f20, 0x00007f39bd117030]
Event: 1.249 Thread 0x00007f39cc0b7800   41  s    3       sun.misc.URLClassPath::getNextLoader (88 bytes)
Event: 1.250 Thread 0x00007f39cc0b7800 nmethod 41 0x00007f39bd117090 code [0x00007f39bd117280, 0x00007f39bd117ae8]
Event: 1.250 Thread 0x00007f39cc0b7800   42       3       java.lang.AbstractStringBuilder::expandCapacity (50 bytes)
Event: 1.251 Thread 0x00007f39cc0b7800 nmethod 42 0x00007f39bd117f50 code [0x00007f39bd118100, 0x00007f39bd118638]
Event: 1.253 Thread 0x00007f39cc0b7800   43       3       java.util.zip.ZStreamRef::address (5 bytes)
Event: 1.253 Thread 0x00007f39cc0b7800 nmethod 43 0x00007f39bd118810 code [0x00007f39bd118960, 0x00007f39bd118ab0]
Event: 1.265 Thread 0x00007f39cc0b7800   44   !   3       sun.misc.URLClassPath$JarLoader::getResource (85 bytes)
Event: 1.267 Thread 0x00007f39cc0b7800 nmethod 44 0x00007f39bd118b10 code [0x00007f39bd118dc0, 0x00007f39bd119d58]

GC Heap History (0 events):
No events

Deoptimization events (0 events):
No events

Internal exceptions (2 events):
Event: 0.364 Thread 0x00007f39cc00a000 Exception <a 'java/lang/NoSuchMethodError': Method sun.misc.Unsafe.defineClass(Ljava/lang/String;[BII)Ljava/lang/Class; name or signature does not match> (0x00000000eab07cc0) thrown at [/HUDSON3/workspace/8-2-build-linux-amd64/jdk8u101/7261/hotspot/src/sh
Event: 0.364 Thread 0x00007f39cc00a000 Exception <a 'java/lang/NoSuchMethodError': Method sun.misc.Unsafe.prefetchRead(Ljava/lang/Object;J)V name or signature does not match> (0x00000000eab07fa8) thrown at [/HUDSON3/workspace/8-2-build-linux-amd64/jdk8u101/7261/hotspot/src/share/vm/prims/jni.c

Events (10 events):
Event: 1.210 loading class com/android/dx/dex/file/Section done
Event: 1.220 loading class com/android/dx/dex/file/MixedItemSection
Event: 1.220 loading class com/android/dx/dex/file/MixedItemSection done
Event: 1.233 loading class com/android/dx/util/AnnotatedOutput
Event: 1.233 loading class com/android/dx/util/AnnotatedOutput done
Event: 1.251 loading class com/android/dx/util/Output
Event: 1.251 loading class com/android/dx/util/Output done
Event: 1.255 loading class com/android/dex/util/ByteOutput
Event: 1.255 loading class com/android/dex/util/ByteOutput done
Event: 1.267 Thread 0x00007f39cc0b7800 flushing nmethod 0x00007f39bd1048d0


Dynamic libraries:
00400000-00401000 r-xp 00000000 08:01 3279757                            /usr/lib/jvm/java-8-oracle/bin/java
00600000-00601000 rw-p 00000000 08:01 3279757                            /usr/lib/jvm/java-8-oracle/bin/java
024d2000-024f3000 rw-p 00000000 00:00 0                                  [heap]
c0000000-c1f00000 rw-p 00000000 00:00 0 
c1f00000-eab00000 ---p 00000000 00:00 0 
eab00000-eba00000 rw-p 00000000 00:00 0 
eba00000-100000000 ---p 00000000 00:00 0 
100000000-100080000 rw-p 00000000 00:00 0 
100080000-140000000 ---p 00000000 00:00 0 
7f398c000000-7f398c021000 rw-p 00000000 00:00 0 
7f398c021000-7f3990000000 ---p 00000000 00:00 0 
7f3994000000-7f3994058000 rw-p 00000000 00:00 0 
7f3994058000-7f3998000000 ---p 00000000 00:00 0 
7f3998000000-7f3998021000 rw-p 00000000 00:00 0 
7f3998021000-7f399c000000 ---p 00000000 00:00 0 
7f399c000000-7f399c021000 rw-p 00000000 00:00 0 
7f399c021000-7f39a0000000 ---p 00000000 00:00 0 
7f39a0000000-7f39a0046000 rw-p 00000000 00:00 0 
7f39a0046000-7f39a4000000 ---p 00000000 00:00 0 
7f39a4000000-7f39a4021000 rw-p 00000000 00:00 0 
7f39a4021000-7f39a8000000 ---p 00000000 00:00 0 
7f39a8000000-7f39a8021000 rw-p 00000000 00:00 0 
7f39a8021000-7f39ac000000 ---p 00000000 00:00 0 
7f39ac000000-7f39ac021000 rw-p 00000000 00:00 0 
7f39ac021000-7f39b0000000 ---p 00000000 00:00 0 
7f39b0000000-7f39b0021000 rw-p 00000000 00:00 0 
7f39b0021000-7f39b4000000 ---p 00000000 00:00 0 
7f39b4000000-7f39b4021000 rw-p 00000000 00:00 0 
7f39b4021000-7f39b8000000 ---p 00000000 00:00 0 
7f39b8d84000-7f39b900b000 rw-p 00000000 00:00 0 
7f39b900b000-7f39b900c000 ---p 00000000 00:00 0 
7f39b900c000-7f39b910c000 rw-p 00000000 00:00 0                          [stack:19612]
7f39b910c000-7f39b910f000 ---p 00000000 00:00 0 
7f39b910f000-7f39b920d000 rw-p 00000000 00:00 0                          [stack:19611]
7f39b920d000-7f39b9210000 ---p 00000000 00:00 0 
7f39b9210000-7f39b930e000 rw-p 00000000 00:00 0                          [stack:19610]
7f39b930e000-7f39b9311000 ---p 00000000 00:00 0 
7f39b9311000-7f39b940f000 rw-p 00000000 00:00 0                          [stack:19609]
7f39b940f000-7f39b9412000 ---p 00000000 00:00 0 
7f39b9412000-7f39b9510000 rw-p 00000000 00:00 0                          [stack:19608]
7f39b9510000-7f39b9bf4000 r--p 00000000 08:01 13113697                   /usr/lib/locale/locale-archive
7f39b9bf4000-7f39b9bf7000 ---p 00000000 00:00 0 
7f39b9bf7000-7f39b9cf5000 rw-p 00000000 00:00 0                          [stack:19604]
7f39b9cf5000-7f39b9cf8000 ---p 00000000 00:00 0 
7f39b9cf8000-7f39b9df6000 rw-p 00000000 00:00 0                          [stack:19603]
7f39b9df6000-7f39b9df7000 ---p 00000000 00:00 0 
7f39b9df7000-7f39bac40000 rw-p 00000000 00:00 0                          [stack:19602]
7f39bac40000-7f39bb000000 ---p 00000000 00:00 0 
7f39bb000000-7f39bd000000 rw-p 00000000 00:00 0 
7f39bd000000-7f39bd270000 rwxp 00000000 00:00 0 
7f39bd270000-7f39cc000000 ---p 00000000 00:00 0 
7f39cc000000-7f39cc10c000 rw-p 00000000 00:00 0 
7f39cc10c000-7f39d0000000 ---p 00000000 00:00 0 
7f39d00a7000-7f39d0117000 rw-p 00000000 00:00 0 
7f39d0117000-7f39d02f0000 r--s 03d29000 08:01 13118676                   /usr/lib/jvm/java-8-oracle/jre/lib/rt.jar
7f39d02f0000-7f39d0566000 rw-p 00000000 00:00 0 
7f39d0566000-7f39d0567000 ---p 00000000 00:00 0 
7f39d0567000-7f39d0667000 rw-p 00000000 00:00 0                          [stack:19592]
7f39d0667000-7f39d0668000 ---p 00000000 00:00 0 
7f39d0668000-7f39d0778000 rw-p 00000000 00:00 0                          [stack:19591]
7f39d0778000-7f39d08be000 ---p 00000000 00:00 0 
7f39d08be000-7f39d08ce000 rw-p 00000000 00:00 0 
7f39d08ce000-7f39d0a13000 ---p 00000000 00:00 0 
7f39d0a13000-7f39d0a1b000 rw-p 00000000 00:00 0 
7f39d0a1b000-7f39d0abe000 ---p 00000000 00:00 0 
7f39d0abe000-7f39d0ac9000 rw-p 00000000 00:00 0 
7f39d0ac9000-7f39d0e7f000 ---p 00000000 00:00 0 
7f39d0e7f000-7f39d0e99000 r-xp 00000000 08:01 13766358                   /usr/lib/jvm/java-8-oracle/jre/lib/amd64/libzip.so
7f39d0e99000-7f39d1099000 ---p 0001a000 08:01 13766358                   /usr/lib/jvm/java-8-oracle/jre/lib/amd64/libzip.so
7f39d1099000-7f39d109a000 rw-p 0001a000 08:01 13766358                   /usr/lib/jvm/java-8-oracle/jre/lib/amd64/libzip.so
7f39d109a000-7f39d10a5000 r-xp 00000000 08:01 2621673                    /lib/x86_64-linux-gnu/libnss_files-2.15.so
7f39d10a5000-7f39d12a4000 ---p 0000b000 08:01 2621673                    /lib/x86_64-linux-gnu/libnss_files-2.15.so
7f39d12a4000-7f39d12a5000 r--p 0000a000 08:01 2621673                    /lib/x86_64-linux-gnu/libnss_files-2.15.so
7f39d12a5000-7f39d12a6000 rw-p 0000b000 08:01 2621673                    /lib/x86_64-linux-gnu/libnss_files-2.15.so
7f39d12a6000-7f39d12b0000 r-xp 00000000 08:01 2621658                    /lib/x86_64-linux-gnu/libnss_nis-2.15.so
7f39d12b0000-7f39d14b0000 ---p 0000a000 08:01 2621658                    /lib/x86_64-linux-gnu/libnss_nis-2.15.so
7f39d14b0000-7f39d14b1000 r--p 0000a000 08:01 2621658                    /lib/x86_64-linux-gnu/libnss_nis-2.15.so
7f39d14b1000-7f39d14b2000 rw-p 0000b000 08:01 2621658                    /lib/x86_64-linux-gnu/libnss_nis-2.15.so
7f39d14b2000-7f39d14c9000 r-xp 00000000 08:01 2621667                    /lib/x86_64-linux-gnu/libnsl-2.15.so
7f39d14c9000-7f39d16c8000 ---p 00017000 08:01 2621667                    /lib/x86_64-linux-gnu/libnsl-2.15.so
7f39d16c8000-7f39d16c9000 r--p 00016000 08:01 2621667                    /lib/x86_64-linux-gnu/libnsl-2.15.so
7f39d16c9000-7f39d16ca000 rw-p 00017000 08:01 2621667                    /lib/x86_64-linux-gnu/libnsl-2.15.so
7f39d16ca000-7f39d16cc000 rw-p 00000000 00:00 0 
7f39d16cc000-7f39d16d4000 r-xp 00000000 08:01 2621672                    /lib/x86_64-linux-gnu/libnss_compat-2.15.so
7f39d16d4000-7f39d18d3000 ---p 00008000 08:01 2621672                    /lib/x86_64-linux-gnu/libnss_compat-2.15.so
7f39d18d3000-7f39d18d4000 r--p 00007000 08:01 2621672                    /lib/x86_64-linux-gnu/libnss_compat-2.15.so
7f39d18d4000-7f39d18d5000 rw-p 00008000 08:01 2621672                    /lib/x86_64-linux-gnu/libnss_compat-2.15.so
7f39d18d5000-7f39d18ff000 r-xp 00000000 08:01 13766323                   /usr/lib/jvm/java-8-oracle/jre/lib/amd64/libjava.so
7f39d18ff000-7f39d1aff000 ---p 0002a000 08:01 13766323                   /usr/lib/jvm/java-8-oracle/jre/lib/amd64/libjava.so
7f39d1aff000-7f39d1b01000 rw-p 0002a000 08:01 13766323                   /usr/lib/jvm/java-8-oracle/jre/lib/amd64/libjava.so
7f39d1b01000-7f39d1b0e000 r-xp 00000000 08:01 13766361                   /usr/lib/jvm/java-8-oracle/jre/lib/amd64/libverify.so
7f39d1b0e000-7f39d1d0e000 ---p 0000d000 08:01 13766361                   /usr/lib/jvm/java-8-oracle/jre/lib/amd64/libverify.so
7f39d1d0e000-7f39d1d10000 rw-p 0000d000 08:01 13766361                   /usr/lib/jvm/java-8-oracle/jre/lib/amd64/libverify.so
7f39d1d10000-7f39d1d17000 r-xp 00000000 08:01 2621660                    /lib/x86_64-linux-gnu/librt-2.15.so
7f39d1d17000-7f39d1f16000 ---p 00007000 08:01 2621660                    /lib/x86_64-linux-gnu/librt-2.15.so
7f39d1f16000-7f39d1f17000 r--p 00006000 08:01 2621660                    /lib/x86_64-linux-gnu/librt-2.15.so
7f39d1f17000-7f39d1f18000 rw-p 00007000 08:01 2621660                    /lib/x86_64-linux-gnu/librt-2.15.so
7f39d1f18000-7f39d2013000 r-xp 00000000 08:01 2621674                    /lib/x86_64-linux-gnu/libm-2.15.so
7f39d2013000-7f39d2212000 ---p 000fb000 08:01 2621674                    /lib/x86_64-linux-gnu/libm-2.15.so
7f39d2212000-7f39d2213000 r--p 000fa000 08:01 2621674                    /lib/x86_64-linux-gnu/libm-2.15.so
7f39d2213000-7f39d2214000 rw-p 000fb000 08:01 2621674                    /lib/x86_64-linux-gnu/libm-2.15.so
7f39d2214000-7f39d2edf000 r-xp 00000000 08:01 13894575                   /usr/lib/jvm/java-8-oracle/jre/lib/amd64/server/libjvm.so
7f39d2edf000-7f39d30de000 ---p 00ccb000 08:01 13894575                   /usr/lib/jvm/java-8-oracle/jre/lib/amd64/server/libjvm.so
7f39d30de000-7f39d31b7000 rw-p 00cca000 08:01 13894575                   /usr/lib/jvm/java-8-oracle/jre/lib/amd64/server/libjvm.so
7f39d31b7000-7f39d3202000 rw-p 00000000 00:00 0 
7f39d3202000-7f39d33b6000 r-xp 00000000 08:01 2621665                    /lib/x86_64-linux-gnu/libc-2.15.so
7f39d33b6000-7f39d35b5000 ---p 001b4000 08:01 2621665                    /lib/x86_64-linux-gnu/libc-2.15.so
7f39d35b5000-7f39d35b9000 r--p 001b3000 08:01 2621665                    /lib/x86_64-linux-gnu/libc-2.15.so
7f39d35b9000-7f39d35bb000 rw-p 001b7000 08:01 2621665                    /lib/x86_64-linux-gnu/libc-2.15.so
7f39d35bb000-7f39d35c0000 rw-p 00000000 00:00 0 
7f39d35c0000-7f39d35c2000 r-xp 00000000 08:01 2621657                    /lib/x86_64-linux-gnu/libdl-2.15.so
7f39d35c2000-7f39d37c2000 ---p 00002000 08:01 2621657                    /lib/x86_64-linux-gnu/libdl-2.15.so
7f39d37c2000-7f39d37c3000 r--p 00002000 08:01 2621657                    /lib/x86_64-linux-gnu/libdl-2.15.so
7f39d37c3000-7f39d37c4000 rw-p 00003000 08:01 2621657                    /lib/x86_64-linux-gnu/libdl-2.15.so
7f39d37c4000-7f39d37d9000 r-xp 00000000 08:01 2627921                    /usr/lib/jvm/java-8-oracle/lib/amd64/jli/libjli.so
7f39d37d9000-7f39d39d9000 ---p 00015000 08:01 2627921                    /usr/lib/jvm/java-8-oracle/lib/amd64/jli/libjli.so
7f39d39d9000-7f39d39da000 rw-p 00015000 08:01 2627921                    /usr/lib/jvm/java-8-oracle/lib/amd64/jli/libjli.so
7f39d39da000-7f39d39f2000 r-xp 00000000 08:01 2621668                    /lib/x86_64-linux-gnu/libpthread-2.15.so
7f39d39f2000-7f39d3bf1000 ---p 00018000 08:01 2621668                    /lib/x86_64-linux-gnu/libpthread-2.15.so
7f39d3bf1000-7f39d3bf2000 r--p 00017000 08:01 2621668                    /lib/x86_64-linux-gnu/libpthread-2.15.so
7f39d3bf2000-7f39d3bf3000 rw-p 00018000 08:01 2621668                    /lib/x86_64-linux-gnu/libpthread-2.15.so
7f39d3bf3000-7f39d3bf7000 rw-p 00000000 00:00 0 
7f39d3bf7000-7f39d3c19000 r-xp 00000000 08:01 2621671                    /lib/x86_64-linux-gnu/ld-2.15.so
7f39d3c1e000-7f39d3cf9000 rw-p 00000000 00:00 0 
7f39d3cf9000-7f39d3cfc000 ---p 00000000 00:00 0 
7f39d3cfc000-7f39d3dfe000 rw-p 00000000 00:00 0                          [stack:19587]
7f39d3dfe000-7f39d3e0d000 r--s 000df000 08:01 9309217                    /home/lin/Android/Sdk/build-tools/23.0.3/lib/dx.jar
7f39d3e0d000-7f39d3e15000 rw-s 00000000 08:01 4850485                    /tmp/hsperfdata_root/19585
7f39d3e15000-7f39d3e16000 rw-p 00000000 00:00 0 
7f39d3e16000-7f39d3e17000 r--p 00000000 00:00 0 
7f39d3e17000-7f39d3e19000 rw-p 00000000 00:00 0 
7f39d3e19000-7f39d3e1a000 r--p 00022000 08:01 2621671                    /lib/x86_64-linux-gnu/ld-2.15.so
7f39d3e1a000-7f39d3e1c000 rw-p 00023000 08:01 2621671                    /lib/x86_64-linux-gnu/ld-2.15.so
7ffcdc301000-7ffcdc322000 rw-p 00000000 00:00 0                          [stack]
7ffcdc39f000-7ffcdc3a1000 r-xp 00000000 00:00 0                          [vdso]
ffffffffff600000-ffffffffff601000 r-xp 00000000 00:00 0                  [vsyscall]

VM Arguments:
jvm_args: -Djava.awt.headless=true -Xmx1024M -Dfile.encoding=UTF-8 -Duser.country=US -Duser.language=en -Duser.variant 
java_command: com.android.dx.command.Main --dex --force-jumbo --num-threads=4 --output /home/lin/other/AndroidProjects/Radio/app/build/intermediates/pre-dexed/debug/com.android.support-design-23.0.1_5d73c620161e44835afa29aaa533057ce1e7991f.jar /home/lin/other/AndroidProjects/Radio/app/build/intermediates/exploded-aar/com.android.support/design/23.0.1/jars/classes.jar
java_class_path (initial): /home/lin/Android/Sdk/build-tools/23.0.3/lib/dx.jar
Launcher Type: SUN_STANDARD

Environment Variables:
PATH=/usr/local/sbin:/usr/local/bin:/usr/sbin:/usr/bin:/sbin:/bin
USERNAME=root
LD_LIBRARY_PATH=/opt/android-studio/bin:
SHELL=/bin/bash
DISPLAY=:0.0

Signal Handlers:
SIGSEGV: [libjvm.so+0xac4790], sa_mask[0]=11111111011111111101111111111110, sa_flags=SA_RESTART|SA_SIGINFO
SIGBUS: [libjvm.so+0xac4790], sa_mask[0]=11111111011111111101111111111110, sa_flags=SA_RESTART|SA_SIGINFO
SIGFPE: [libjvm.so+0x91f140], sa_mask[0]=11111111011111111101111111111110, sa_flags=SA_RESTART|SA_SIGINFO
SIGPIPE: [libjvm.so+0x91f140], sa_mask[0]=11111111011111111101111111111110, sa_flags=SA_RESTART|SA_SIGINFO
SIGXFSZ: [libjvm.so+0x91f140], sa_mask[0]=11111111011111111101111111111110, sa_flags=SA_RESTART|SA_SIGINFO
SIGILL: [libjvm.so+0x91f140], sa_mask[0]=11111111011111111101111111111110, sa_flags=SA_RESTART|SA_SIGINFO
SIGUSR1: SIG_DFL, sa_mask[0]=00000000000000000000000000000000, sa_flags=none
SIGUSR2: [libjvm.so+0x920770], sa_mask[0]=00100000000000000000000000000000, sa_flags=SA_RESTART|SA_SIGINFO
SIGHUP: [libjvm.so+0x921b70], sa_mask[0]=11111111011111111101111111111110, sa_flags=SA_RESTART|SA_SIGINFO
SIGINT: [libjvm.so+0x921b70], sa_mask[0]=11111111011111111101111111111110, sa_flags=SA_RESTART|SA_SIGINFO
SIGTERM: [libjvm.so+0x921b70], sa_mask[0]=11111111011111111101111111111110, sa_flags=SA_RESTART|SA_SIGINFO
SIGQUIT: [libjvm.so+0x921b70], sa_mask[0]=11111111011111111101111111111110, sa_flags=SA_RESTART|SA_SIGINFO


---------------  S Y S T E M  ---------------

OS:DISTRIB_ID=Ubuntu
DISTRIB_RELEASE=12.04
DISTRIB_CODENAME=precise
DISTRIB_DESCRIPTION="Ubuntu 12.04.5 LTS"

uname:Linux 3.13.0-93-generic #140~precise1-Ubuntu SMP Tue Jul 19 19:55:11 UTC 2016 x86_64
libc:glibc 2.15 NPTL 2.15 
rlimit: STACK 8192k, CORE 0k, NPROC 22873, NOFILE 4096, AS infinity
load average:9.18 7.40 5.86

/proc/meminfo:
MemTotal:        2948840 kB
MemFree:          343064 kB
Buffers:           16048 kB
Cached:           418916 kB
SwapCached:        41144 kB
Active:          1824532 kB
Inactive:         624056 kB
Active(anon):    1665568 kB
Inactive(anon):   487228 kB
Active(file):     158964 kB
Inactive(file):   136828 kB
Unevictable:           0 kB
Mlocked:               0 kB
SwapTotal:       3008508 kB
SwapFree:        2750608 kB
Dirty:               648 kB
Writeback:             0 kB
AnonPages:       2002112 kB
Mapped:           119572 kB
Shmem:            139224 kB
Slab:              69372 kB
SReclaimable:      41092 kB
SUnreclaim:        28280 kB
KernelStack:        4424 kB
PageTables:        33168 kB
NFS_Unstable:          0 kB
Bounce:                0 kB
WritebackTmp:          0 kB
CommitLimit:     4482928 kB
Committed_AS:    4962420 kB
VmallocTotal:   34359738367 kB
VmallocUsed:      346432 kB
VmallocChunk:   34359383644 kB
HardwareCorrupted:     0 kB
AnonHugePages:    970752 kB
HugePages_Total:       0
HugePages_Free:        0
HugePages_Rsvd:        0
HugePages_Surp:        0
Hugepagesize:       2048 kB
DirectMap4k:       65924 kB
DirectMap2M:     2945024 kB


CPU:total 2 (2 cores per cpu, 1 threads per core) family 6 model 15 stepping 13, cmov, cx8, fxsr, mmx, sse, sse2, sse3, ssse3, tsc

/proc/cpuinfo:
processor	: 0
vendor_id	: GenuineIntel
cpu family	: 6
model		: 15
model name	: Genuine Intel(R) CPU           T1600  @ 1.66GHz
stepping	: 13
microcode	: 0xa3
cpu MHz		: 1662.521
cache size	: 1024 KB
physical id	: 0
siblings	: 2
core id		: 0
cpu cores	: 2
apicid		: 0
initial apicid	: 0
fpu		: yes
fpu_exception	: yes
cpuid level	: 10
wp		: yes
flags		: fpu vme de pse tsc msr pae mce cx8 apic sep mtrr pge mca cmov pat pse36 clflush dts acpi mmx fxsr sse sse2 ss ht tm pbe syscall nx lm constant_tsc arch_perfmon pebs bts rep_good nopl aperfmperf pni dtes64 monitor ds_cpl tm2 ssse3 cx16 xtpr pdcm lahf_lm dtherm
bogomips	: 3325.04
clflush size	: 64
cache_alignment	: 64
address sizes	: 36 bits physical, 48 bits virtual
power management:

processor	: 1
vendor_id	: GenuineIntel
cpu family	: 6
model		: 15
model name	: Genuine Intel(R) CPU           T1600  @ 1.66GHz
stepping	: 13
microcode	: 0xa3
cpu MHz		: 1662.521
cache size	: 1024 KB
physical id	: 0
siblings	: 2
core id		: 1
cpu cores	: 2
apicid		: 1
initial apicid	: 1
fpu		: yes
fpu_exception	: yes
cpuid level	: 10
wp		: yes
flags		: fpu vme de pse tsc msr pae mce cx8 apic sep mtrr pge mca cmov pat pse36 clflush dts acpi mmx fxsr sse sse2 ss ht tm pbe syscall nx lm constant_tsc arch_perfmon pebs bts rep_good nopl aperfmperf pni dtes64 monitor ds_cpl tm2 ssse3 cx16 xtpr pdcm lahf_lm dtherm
bogomips	: 3325.04
clflush size	: 64
cache_alignment	: 64
address sizes	: 36 bits physical, 48 bits virtual
power management:



Memory: 4k page, physical 2948840k(343064k free), swap 3008508k(2750608k free)

vm_info: Java HotSpot(TM) 64-Bit Server VM (25.101-b13) for linux-amd64 JRE (1.8.0_101-b13), built on Jun 22 2016 02:59:44 by "java_re" with gcc 4.3.0 20080428 (Red Hat 4.3.0-8)

time: Mon Aug 29 23:35:11 2016
elapsed time: 1 seconds (0d 0h 0m 1s)

