#
# A fatal error has been detected by the Java Runtime Environment:
#
#  SIGSEGV (0xb) at pc=0x00007f2c3c364241, pid=15458, tid=0x00007f2c383f7700
#
# JRE version: Java(TM) SE Runtime Environment (8.0_101-b13) (build 1.8.0_101-b13)
# Java VM: Java HotSpot(TM) 64-Bit Server VM (25.101-b13 mixed mode linux-amd64 compressed oops)
# Problematic frame:
# V  [libjvm.so+0x8f2241]  Node::clone() const+0x141
#
# Failed to write core dump. Core dumps have been disabled. To enable core dumping, try "ulimit -c unlimited" before starting Java again
#
# If you would like to submit a bug report, please visit:
#   http://bugreport.java.com/bugreport/crash.jsp
#

---------------  T H R E A D  ---------------

Current thread (0x00007f2c340b4800):  JavaThread "C2 CompilerThread0" daemon [_thread_in_native, id=15487, stack(0x00007f2c382f7000,0x00007f2c383f8000)]

siginfo: si_signo: 11 (SIGSEGV), si_code: 2 (SEGV_ACCERR), si_addr: 0x00007f2c0837b358

Registers:
RAX=0x0000000000000009, RBX=0x000000000000000d, RCX=0x0000000000000040, RDX=0x00007f2c0833ba08
RSP=0x00007f2c383f36a0, RBP=0x00007f2c383f36e0, RSI=0x00007f2c0833b348, RDI=0x00007f2c0833ba80
R8 =0x0000000000000000, R9 =0x00007f2c0833b9b8, R10=0x00007f2c0833a8d8, R11=0x00007f2c0833b348
R12=0x00007f2c0837b348, R13=0x0000000000000008, R14=0x0000000000000009, R15=0x00007f2c0833a8d8
RIP=0x00007f2c3c364241, EFLAGS=0x0000000000010206, CSGSFS=0x0000000000000033, ERR=0x0000000000000004
  TRAPNO=0x000000000000000e

Top of Stack: (sp=0x00007f2c383f36a0)
0x00007f2c383f36a0:   00007f2c383f39d0 00007f2c0833b9b8
0x00007f2c383f36b0:   00007f2c383f5c90 0000000000003249
0x00007f2c383f36c0:   00007f2c383f5080 00007f2c08009b10
0x00007f2c383f36d0:   00007f2c383f39d0 00007f2c0833b588
0x00007f2c383f36e0:   00007f2c383f3720 00007f2c3c076ce6
0x00007f2c383f36f0:   00007f2c383f5080 00007f2c383f39d0
0x00007f2c383f3700:   00007f2c0833b4e8 00007f2c0833b548
0x00007f2c383f3710:   00007f2c383f3790 00007f2c383f39d0
0x00007f2c383f3720:   00007f2c383f3740 00007f2c3c076e6b
0x00007f2c383f3730:   00007f2c0833b480 00007f2c0833b4e8
0x00007f2c383f3740:   00007f2c383f37e0 00007f2c3c3c5e36
0x00007f2c383f3750:   00007f2c0833b3d0 00007f2c0833b3d0
0x00007f2c383f3760:   0000001b4653b400 00007f2c0802e5c8
0x00007f2c383f3770:   00007f2c0802e560 3f1c4b5a3ec7694c
0x00007f2c383f3780:   0000000501000cab 3ec7694c00000001
0x00007f2c383f3790:   00007f2c383f39d0 00007f2c0833a8d8
0x00007f2c383f37a0:   0000000000000000 4653b400383f39d0
0x00007f2c383f37b0:   00007f2c383f37e0 00007f2c0833b3d0
0x00007f2c383f37c0:   00007f2c08334d88 00007f2c3c3dc6a0
0x00007f2c383f37d0:   00007f2c0833b348 00007f2c383f39d0
0x00007f2c383f37e0:   00007f2c383f38e0 00007f2c3c3ca8b2
0x00007f2c383f37f0:   0000000000000000 0000000000003243
0x00007f2c383f3800:   00007f2c383f3820 00007f2c3be75cf9
0x00007f2c383f3810:   00007f2c0833b348 0000000000000000
0x00007f2c383f3820:   00007f2c383f3870 000000053c3dad54
0x00007f2c383f3830:   00007f2c383f5080 00007f2c0833b348
0x00007f2c383f3840:   00007f2c00000c15 00007f2c0833b348
0x00007f2c383f3850:   00007f2c383f5080 00007f2bfc2f3d10
0x00007f2c383f3860:   0000000000003243 00007f2c383f39d0
0x00007f2c383f3870:   00007f2c383f38a0 00007f2c3c3dc68a
0x00007f2c383f3880:   00007f2c08065790 00007f2c08065790
0x00007f2c383f3890:   0000000000000000 000000000000000b 

Instructions: (pc=0x00007f2c3c364241)
0x00007f2c3c364221:   77 1c 0f 83 b7 00 00 00 49 8b 57 08 44 89 f0 4c
0x00007f2c3c364231:   8b 24 c2 49 8b 51 08 4d 85 e4 4c 89 24 c2 74 da
0x00007f2c3c364241:   49 83 7c 24 10 00 74 d2 41 8b 5c 24 20 41 3b 5c
0x00007f2c3c364251:   24 24 75 b3 48 8b 05 c4 f9 67 00 8b 38 4c 89 4d 

Register to memory mapping:

RAX=0x0000000000000009 is an unknown value
RBX=0x000000000000000d is an unknown value
RCX=0x0000000000000040 is an unknown value
RDX=0x00007f2c0833ba08 is an unknown value
RSP=0x00007f2c383f36a0 is pointing into the stack for thread: 0x00007f2c340b4800
RBP=0x00007f2c383f36e0 is pointing into the stack for thread: 0x00007f2c340b4800
RSI=0x00007f2c0833b348 is an unknown value
RDI=0x00007f2c0833ba80 is an unknown value
R8 =0x0000000000000000 is an unknown value
R9 =0x00007f2c0833b9b8 is an unknown value
R10=0x00007f2c0833a8d8 is an unknown value
R11=0x00007f2c0833b348 is an unknown value
R12=0x00007f2c0837b348 is an unknown value
R13=0x0000000000000008 is an unknown value
R14=0x0000000000000009 is an unknown value
R15=0x00007f2c0833a8d8 is an unknown value


Stack: [0x00007f2c382f7000,0x00007f2c383f8000],  sp=0x00007f2c383f36a0,  free space=1009k
Native frames: (J=compiled Java code, j=interpreted, Vv=VM code, C=native code)
V  [libjvm.so+0x8f2241]  Node::clone() const+0x141
V  [libjvm.so+0x604ce6]  GraphKit::clone_map()+0x76
V  [libjvm.so+0x604e6b]  PreserveJVMState::PreserveJVMState(GraphKit*, bool)+0x2b
V  [libjvm.so+0x953e36]  Parse::do_if(BoolTest::mask, Node*)+0x406
V  [libjvm.so+0x9588b2]  Parse::do_one_bytecode()+0x3152
V  [libjvm.so+0x948fe8]  Parse::do_one_block()+0x178
V  [libjvm.so+0x94d1f7]  Parse::do_all_blocks()+0x127
V  [libjvm.so+0x94f429]  Parse::Parse(JVMState*, ciMethod*, float)+0x7f9
V  [libjvm.so+0x3f36d8]  ParseGenerator::generate(JVMState*)+0x88
V  [libjvm.so+0x56c036]  Parse::do_call()+0x1e6
V  [libjvm.so+0x958a9a]  Parse::do_one_bytecode()+0x333a
V  [libjvm.so+0x948fe8]  Parse::do_one_block()+0x178
V  [libjvm.so+0x94d1f7]  Parse::do_all_blocks()+0x127
V  [libjvm.so+0x94f429]  Parse::Parse(JVMState*, ciMethod*, float)+0x7f9
V  [libjvm.so+0x3f36d8]  ParseGenerator::generate(JVMState*)+0x88
V  [libjvm.so+0x56c036]  Parse::do_call()+0x1e6
V  [libjvm.so+0x958a9a]  Parse::do_one_bytecode()+0x333a
V  [libjvm.so+0x948fe8]  Parse::do_one_block()+0x178
V  [libjvm.so+0x94d1f7]  Parse::do_all_blocks()+0x127
V  [libjvm.so+0x94f429]  Parse::Parse(JVMState*, ciMethod*, float)+0x7f9
V  [libjvm.so+0x3f36d8]  ParseGenerator::generate(JVMState*)+0x88
V  [libjvm.so+0x56c036]  Parse::do_call()+0x1e6
V  [libjvm.so+0x958a9a]  Parse::do_one_bytecode()+0x333a
V  [libjvm.so+0x948fe8]  Parse::do_one_block()+0x178
V  [libjvm.so+0x94d1f7]  Parse::do_all_blocks()+0x127
V  [libjvm.so+0x94f429]  Parse::Parse(JVMState*, ciMethod*, float)+0x7f9
V  [libjvm.so+0x3f36d8]  ParseGenerator::generate(JVMState*)+0x88
V  [libjvm.so+0x56c036]  Parse::do_call()+0x1e6
V  [libjvm.so+0x958a9a]  Parse::do_one_bytecode()+0x333a
V  [libjvm.so+0x948fe8]  Parse::do_one_block()+0x178
V  [libjvm.so+0x94d1f7]  Parse::do_all_blocks()+0x127
V  [libjvm.so+0x94f429]  Parse::Parse(JVMState*, ciMethod*, float)+0x7f9
V  [libjvm.so+0x3f36d8]  ParseGenerator::generate(JVMState*)+0x88
V  [libjvm.so+0x56c036]  Parse::do_call()+0x1e6
V  [libjvm.so+0x958a9a]  Parse::do_one_bytecode()+0x333a
V  [libjvm.so+0x948fe8]  Parse::do_one_block()+0x178
V  [libjvm.so+0x94d1f7]  Parse::do_all_blocks()+0x127
V  [libjvm.so+0x94f429]  Parse::Parse(JVMState*, ciMethod*, float)+0x7f9
V  [libjvm.so+0x3f36d8]  ParseGenerator::generate(JVMState*)+0x88
V  [libjvm.so+0x4a66fa]  Compile::Compile(ciEnv*, C2Compiler*, ciMethod*, int, bool, bool, bool)+0x127a
V  [libjvm.so+0x3f20a8]  C2Compiler::compile_method(ciEnv*, ciMethod*, int)+0x198
V  [libjvm.so+0x4af61a]  CompileBroker::invoke_compiler_on_method(CompileTask*)+0xc9a
V  [libjvm.so+0x4b05c6]  CompileBroker::compiler_thread_loop()+0x5d6
V  [libjvm.so+0xa7343f]  JavaThread::thread_main_inner()+0xdf
V  [libjvm.so+0xa7356c]  JavaThread::run()+0x11c
V  [libjvm.so+0x924698]  java_start(Thread*)+0x108
C  [libpthread.so.0+0x7e9a]  start_thread+0xda


Current CompileTask:
C2:   6914 1145       4       com.android.dx.ssa.back.LivenessAnalyzer::run (231 bytes)


---------------  P R O C E S S  ---------------

Java Threads: ( => current thread )
  0x00007f2c3413d000 JavaThread "pool-1-thread-4" [_thread_in_Java, id=15497, stack(0x00007f2c22316000,0x00007f2c22417000)]
  0x00007f2c3413b800 JavaThread "pool-1-thread-3" [_thread_in_Java, id=15496, stack(0x00007f2c22417000,0x00007f2c22518000)]
  0x00007f2c34139000 JavaThread "pool-1-thread-2" [_thread_in_Java, id=15495, stack(0x00007f2c22518000,0x00007f2c22619000)]
  0x00007f2c3412e000 JavaThread "pool-2-thread-1" [_thread_blocked, id=15492, stack(0x00007f2c22619000,0x00007f2c2271a000)]
  0x00007f2c3412b800 JavaThread "pool-1-thread-1" [_thread_in_vm, id=15491, stack(0x00007f2c2271a000,0x00007f2c2281b000)]
  0x00007f2c340c4000 JavaThread "Service Thread" daemon [_thread_blocked, id=15489, stack(0x00007f2c380f5000,0x00007f2c381f6000)]
  0x00007f2c340b7800 JavaThread "C1 CompilerThread1" daemon [_thread_in_vm, id=15488, stack(0x00007f2c381f6000,0x00007f2c382f7000)]
=>0x00007f2c340b4800 JavaThread "C2 CompilerThread0" daemon [_thread_in_native, id=15487, stack(0x00007f2c382f7000,0x00007f2c383f8000)]
  0x00007f2c340b3000 JavaThread "Signal Dispatcher" daemon [_thread_blocked, id=15486, stack(0x00007f2c383f8000,0x00007f2c384f9000)]
  0x00007f2c34080000 JavaThread "Finalizer" daemon [_thread_blocked, id=15480, stack(0x00007f2c384f9000,0x00007f2c385fa000)]
  0x00007f2c3407b800 JavaThread "Reference Handler" daemon [_thread_blocked, id=15479, stack(0x00007f2c385fa000,0x00007f2c386fb000)]
  0x00007f2c3400a000 JavaThread "main" [_thread_in_Java, id=15463, stack(0x00007f2c3d557000,0x00007f2c3d658000)]

Other Threads:
  0x00007f2c34073800 VMThread [stack: 0x00007f2c386fb000,0x00007f2c387fc000] [id=15478]
  0x00007f2c340cf000 WatcherThread [stack: 0x00007f2c2281b000,0x00007f2c2291c000] [id=15490]

VM state:not at safepoint (normal execution)

VM Mutex/Monitor currently owned by a thread: None

Heap:
 PSYoungGen      total 26112K, used 7168K [0x00000000eab00000, 0x00000000ede00000, 0x0000000100000000)
  eden space 24576K, 22% used [0x00000000eab00000,0x00000000eb084138,0x00000000ec300000)
  from space 1536K, 98% used [0x00000000ec300000,0x00000000ec47c010,0x00000000ec480000)
  to   space 1536K, 0% used [0x00000000edc80000,0x00000000edc80000,0x00000000ede00000)
 ParOldGen       total 31744K, used 8585K [0x00000000c0000000, 0x00000000c1f00000, 0x00000000eab00000)
  object space 31744K, 27% used [0x00000000c0000000,0x00000000c08625c8,0x00000000c1f00000)
 Metaspace       used 5516K, capacity 6768K, committed 7040K, reserved 1056768K
  class space    used 568K, capacity 616K, committed 640K, reserved 1048576K

Card table byte_map: [0x00007f2c3a11c000,0x00007f2c3a31d000] byte_map_base: 0x00007f2c39b1c000

Marking Bits: (ParMarkBitMap*) 0x00007f2c3ca33120
 Begin Bits: [0x00007f2c23000000, 0x00007f2c24000000)
 End Bits:   [0x00007f2c24000000, 0x00007f2c25000000)

Polling page: 0x00007f2c3d674000

CodeCache: size=245760Kb used=2779Kb max_used=2779Kb free=242980Kb
 bounds [0x00007f2c25000000, 0x00007f2c252c0000, 0x00007f2c34000000]
 total_blobs=972 nmethods=713 adapters=175
 compilation: enabled

Compilation events (10 events):
Event: 6.595 Thread 0x00007f2c340b7800 nmethod 1280 0x00007f2c252a6950 code [0x00007f2c252a6ac0, 0x00007f2c252a6cb0]
Event: 6.595 Thread 0x00007f2c340b7800 1282   !   2       com.android.dx.cf.code.Simulator::simulate (74 bytes)
Event: 6.623 Thread 0x00007f2c340b7800 nmethod 1282 0x00007f2c252a6090 code [0x00007f2c252a6240, 0x00007f2c252a65b8]
Event: 6.623 Thread 0x00007f2c340b7800 1278       2       com.android.dx.cf.code.ByteBlock::<init> (181 bytes)
Event: 6.625 Thread 0x00007f2c340b7800 nmethod 1278 0x00007f2c252a4e50 code [0x00007f2c252a50a0, 0x00007f2c252a59c8]
Event: 6.625 Thread 0x00007f2c340b7800 1267       2       com.android.dx.ssa.InterferenceRegisterMapper::addInterfence (62 bytes)
Event: 6.692 Thread 0x00007f2c340b7800 nmethod 1267 0x00007f2c252b3010 code [0x00007f2c252b3220, 0x00007f2c252b3a08]
Event: 6.698 Thread 0x00007f2c340b7800 1271       2       com.android.dx.dex.code.FixedSizeInsn::<init> (8 bytes)
Event: 6.702 Thread 0x00007f2c340b7800 nmethod 1271 0x00007f2c252a4ad0 code [0x00007f2c252a4c40, 0x00007f2c252a4da8]
Event: 6.704 Thread 0x00007f2c340b7800 1251       2       java.util.BitSet::nextClearBit (116 bytes)

GC Heap History (6 events):
Event: 2.796 GC heap before
{Heap before GC invocations=1 (full 0):
 PSYoungGen      total 13824K, used 12288K [0x00000000eab00000, 0x00000000eba00000, 0x0000000100000000)
  eden space 12288K, 100% used [0x00000000eab00000,0x00000000eb700000,0x00000000eb700000)
  from space 1536K, 0% used [0x00000000eb880000,0x00000000eb880000,0x00000000eba00000)
  to   space 1536K, 0% used [0x00000000eb700000,0x00000000eb700000,0x00000000eb880000)
 ParOldGen       total 31744K, used 0K [0x00000000c0000000, 0x00000000c1f00000, 0x00000000eab00000)
  object space 31744K, 0% used [0x00000000c0000000,0x00000000c0000000,0x00000000c1f00000)
 Metaspace       used 5334K, capacity 6576K, committed 6784K, reserved 1056768K
  class space    used 565K, capacity 616K, committed 640K, reserved 1048576K
Event: 2.844 GC heap after
Heap after GC invocations=1 (full 0):
 PSYoungGen      total 13824K, used 1527K [0x00000000eab00000, 0x00000000ec600000, 0x0000000100000000)
  eden space 12288K, 0% used [0x00000000eab00000,0x00000000eab00000,0x00000000eb700000)
  from space 1536K, 99% used [0x00000000eb700000,0x00000000eb87deb0,0x00000000eb880000)
  to   space 1536K, 0% used [0x00000000ec480000,0x00000000ec480000,0x00000000ec600000)
 ParOldGen       total 31744K, used 2213K [0x00000000c0000000, 0x00000000c1f00000, 0x00000000eab00000)
  object space 31744K, 6% used [0x00000000c0000000,0x00000000c02294e0,0x00000000c1f00000)
 Metaspace       used 5334K, capacity 6576K, committed 6784K, reserved 1056768K
  class space    used 565K, capacity 616K, committed 640K, reserved 1048576K
}
Event: 4.295 GC heap before
{Heap before GC invocations=2 (full 0):
 PSYoungGen      total 13824K, used 13815K [0x00000000eab00000, 0x00000000ec600000, 0x0000000100000000)
  eden space 12288K, 100% used [0x00000000eab00000,0x00000000eb700000,0x00000000eb700000)
  from space 1536K, 99% used [0x00000000eb700000,0x00000000eb87deb0,0x00000000eb880000)
  to   space 1536K, 0% used [0x00000000ec480000,0x00000000ec480000,0x00000000ec600000)
 ParOldGen       total 31744K, used 2213K [0x00000000c0000000, 0x00000000c1f00000, 0x00000000eab00000)
  object space 31744K, 6% used [0x00000000c0000000,0x00000000c02294e0,0x00000000c1f00000)
 Metaspace       used 5397K, capacity 6640K, committed 6784K, reserved 1056768K
  class space    used 565K, capacity 616K, committed 640K, reserved 1048576K
Event: 4.363 GC heap after
Heap after GC invocations=2 (full 0):
 PSYoungGen      total 26112K, used 1509K [0x00000000eab00000, 0x00000000ec600000, 0x0000000100000000)
  eden space 24576K, 0% used [0x00000000eab00000,0x00000000eab00000,0x00000000ec300000)
  from space 1536K, 98% used [0x00000000ec480000,0x00000000ec5f94d8,0x00000000ec600000)
  to   space 1536K, 0% used [0x00000000ec300000,0x00000000ec300000,0x00000000ec480000)
 ParOldGen       total 31744K, used 4286K [0x00000000c0000000, 0x00000000c1f00000, 0x00000000eab00000)
  object space 31744K, 13% used [0x00000000c0000000,0x00000000c042faa0,0x00000000c1f00000)
 Metaspace       used 5397K, capacity 6640K, committed 6784K, reserved 1056768K
  class space    used 565K, capacity 616K, committed 640K, reserved 1048576K
}
Event: 6.172 GC heap before
{Heap before GC invocations=3 (full 0):
 PSYoungGen      total 26112K, used 26085K [0x00000000eab00000, 0x00000000ec600000, 0x0000000100000000)
  eden space 24576K, 100% used [0x00000000eab00000,0x00000000ec300000,0x00000000ec300000)
  from space 1536K, 98% used [0x00000000ec480000,0x00000000ec5f94d8,0x00000000ec600000)
  to   space 1536K, 0% used [0x00000000ec300000,0x00000000ec300000,0x00000000ec480000)
 ParOldGen       total 31744K, used 4286K [0x00000000c0000000, 0x00000000c1f00000, 0x00000000eab00000)
  object space 31744K, 13% used [0x00000000c0000000,0x00000000c042faa0,0x00000000c1f00000)
 Metaspace       used 5497K, capacity 6704K, committed 6784K, reserved 1056768K
  class space    used 567K, capacity 616K, committed 640K, reserved 1048576K
Event: 6.303 GC heap after
Heap after GC invocations=3 (full 0):
 PSYoungGen      total 26112K, used 1520K [0x00000000eab00000, 0x00000000ede00000, 0x0000000100000000)
  eden space 24576K, 0% used [0x00000000eab00000,0x00000000eab00000,0x00000000ec300000)
  from space 1536K, 98% used [0x00000000ec300000,0x00000000ec47c010,0x00000000ec480000)
  to   space 1536K, 0% used [0x00000000edc80000,0x00000000edc80000,0x00000000ede00000)
 ParOldGen       total 31744K, used 8585K [0x00000000c0000000, 0x00000000c1f00000, 0x00000000eab00000)
  object space 31744K, 27% used [0x00000000c0000000,0x00000000c08625c8,0x00000000c1f00000)
 Metaspace       used 5497K, capacity 6704K, committed 6784K, reserved 1056768K
  class space    used 567K, capacity 616K, committed 640K, reserved 1048576K
}

Deoptimization events (9 events):
Event: 0.911 Thread 0x00007f2c3400a000 Uncommon trap: reason=unstable_if action=reinterpret pc=0x00007f2c25132784 method=java.lang.String.indexOf(II)I @ 49
Event: 2.104 Thread 0x00007f2c34139000 Uncommon trap: reason=class_check action=maybe_recompile pc=0x00007f2c2518687c method=com.android.dx.rop.cst.CstMemberRef.compareTo0(Lcom/android/dx/rop/cst/Constant;)I @ 1
Event: 2.105 Thread 0x00007f2c3400a000 Uncommon trap: reason=class_check action=maybe_recompile pc=0x00007f2c2518687c method=com.android.dx.rop.cst.CstMemberRef.compareTo0(Lcom/android/dx/rop/cst/Constant;)I @ 1
Event: 2.105 Thread 0x00007f2c3400a000 Uncommon trap: reason=class_check action=maybe_recompile pc=0x00007f2c2518687c method=com.android.dx.rop.cst.CstMemberRef.compareTo0(Lcom/android/dx/rop/cst/Constant;)I @ 1
Event: 2.106 Thread 0x00007f2c3412b800 Uncommon trap: reason=class_check action=maybe_recompile pc=0x00007f2c2518687c method=com.android.dx.rop.cst.CstMemberRef.compareTo0(Lcom/android/dx/rop/cst/Constant;)I @ 1
Event: 2.605 Thread 0x00007f2c3400a000 Uncommon trap: reason=unstable_if action=reinterpret pc=0x00007f2c251a97f8 method=java.util.HashMap.getNode(ILjava/lang/Object;)Ljava/util/HashMap$Node; @ 129
Event: 6.045 Thread 0x00007f2c3400a000 Uncommon trap: reason=unloaded action=reinterpret pc=0x00007f2c25228330 method=com.android.dx.ssa.SsaRenamer$BlockRenamer.visitMoveInsn(Lcom/android/dx/ssa/NormalSsaInsn;)V @ 208
Event: 6.695 Thread 0x00007f2c3400a000 Uncommon trap: reason=unstable_if action=reinterpret pc=0x00007f2c2517717c method=java.lang.String.<init>([CII)V @ 18
Event: 6.713 Thread 0x00007f2c3413b800 Uncommon trap: reason=unstable_if action=reinterpret pc=0x00007f2c2523c7b8 method=com.android.dx.rop.code.RegisterSpec.equals(ILcom/android/dx/rop/type/TypeBearer;Lcom/android/dx/rop/code/LocalItem;)Z @ 24

Internal exceptions (2 events):
Event: 0.141 Thread 0x00007f2c3400a000 Exception <a 'java/lang/NoSuchMethodError': Method sun.misc.Unsafe.defineClass(Ljava/lang/String;[BII)Ljava/lang/Class; name or signature does not match> (0x00000000eab07cc0) thrown at [/HUDSON3/workspace/8-2-build-linux-amd64/jdk8u101/7261/hotspot/src/sh
Event: 0.141 Thread 0x00007f2c3400a000 Exception <a 'java/lang/NoSuchMethodError': Method sun.misc.Unsafe.prefetchRead(Ljava/lang/Object;J)V name or signature does not match> (0x00000000eab07fa8) thrown at [/HUDSON3/workspace/8-2-build-linux-amd64/jdk8u101/7261/hotspot/src/share/vm/prims/jni.c

Events (10 events):
Event: 6.158 Executing VM operation: ParallelGCFailedAllocation
Event: 6.324 Executing VM operation: ParallelGCFailedAllocation done
Event: 6.663 loading class com/android/dx/dex/file/FieldAnnotationStruct
Event: 6.663 loading class com/android/dx/dex/file/FieldAnnotationStruct done
Event: 6.695 Thread 0x00007f2c3400a000 Uncommon trap: trap_request=0xffffff65 fr.pc=0x00007f2c2517717c
Event: 6.698 Thread 0x00007f2c3400a000 DEOPT PACKING pc=0x00007f2c2517717c sp=0x00007f2c3d6555f0
Event: 6.699 Thread 0x00007f2c3400a000 DEOPT UNPACKING pc=0x00007f2c25004f69 sp=0x00007f2c3d655520 mode 2
Event: 6.713 Thread 0x00007f2c3413b800 Uncommon trap: trap_request=0xffffff65 fr.pc=0x00007f2c2523c7b8
Event: 6.713 Thread 0x00007f2c3413b800 DEOPT PACKING pc=0x00007f2c2523c7b8 sp=0x00007f2c225155c0
Event: 6.714 Thread 0x00007f2c3413b800 DEOPT UNPACKING pc=0x00007f2c25004f69 sp=0x00007f2c22515418 mode 2


Dynamic libraries:
00400000-00401000 r-xp 00000000 08:01 3279757                            /usr/lib/jvm/java-8-oracle/bin/java
00600000-00601000 rw-p 00000000 08:01 3279757                            /usr/lib/jvm/java-8-oracle/bin/java
00a53000-00a95000 rw-p 00000000 00:00 0                                  [heap]
c0000000-c1f00000 rw-p 00000000 00:00 0 
c1f00000-eab00000 ---p 00000000 00:00 0 
eab00000-ede00000 rw-p 00000000 00:00 0 
ede00000-100000000 ---p 00000000 00:00 0 
100000000-1000a0000 rw-p 00000000 00:00 0 
1000a0000-140000000 ---p 00000000 00:00 0 
7f2be4000000-7f2be4021000 rw-p 00000000 00:00 0 
7f2be4021000-7f2be8000000 ---p 00000000 00:00 0 
7f2bec000000-7f2bec021000 rw-p 00000000 00:00 0 
7f2bec021000-7f2bf0000000 ---p 00000000 00:00 0 
7f2bf0000000-7f2bf0024000 rw-p 00000000 00:00 0 
7f2bf0024000-7f2bf4000000 ---p 00000000 00:00 0 
7f2bf4000000-7f2bf4021000 rw-p 00000000 00:00 0 
7f2bf4021000-7f2bf8000000 ---p 00000000 00:00 0 
7f2bf8000000-7f2bf8021000 rw-p 00000000 00:00 0 
7f2bf8021000-7f2bfc000000 ---p 00000000 00:00 0 
7f2bfc000000-7f2bfc412000 rw-p 00000000 00:00 0 
7f2bfc412000-7f2c00000000 ---p 00000000 00:00 0 
7f2c00000000-7f2c00021000 rw-p 00000000 00:00 0 
7f2c00021000-7f2c04000000 ---p 00000000 00:00 0 
7f2c04000000-7f2c04021000 rw-p 00000000 00:00 0 
7f2c04021000-7f2c08000000 ---p 00000000 00:00 0 
7f2c08000000-7f2c085c7000 rw-p 00000000 00:00 0 
7f2c085c7000-7f2c0c000000 ---p 00000000 00:00 0 
7f2c0c000000-7f2c0c021000 rw-p 00000000 00:00 0 
7f2c0c021000-7f2c10000000 ---p 00000000 00:00 0 
7f2c10000000-7f2c10021000 rw-p 00000000 00:00 0 
7f2c10021000-7f2c14000000 ---p 00000000 00:00 0 
7f2c14000000-7f2c14021000 rw-p 00000000 00:00 0 
7f2c14021000-7f2c18000000 ---p 00000000 00:00 0 
7f2c18000000-7f2c18021000 rw-p 00000000 00:00 0 
7f2c18021000-7f2c1c000000 ---p 00000000 00:00 0 
7f2c1c000000-7f2c1c021000 rw-p 00000000 00:00 0 
7f2c1c021000-7f2c20000000 ---p 00000000 00:00 0 
7f2c22316000-7f2c22319000 ---p 00000000 00:00 0 
7f2c22319000-7f2c22417000 rw-p 00000000 00:00 0                          [stack:15497]
7f2c22417000-7f2c2241a000 ---p 00000000 00:00 0 
7f2c2241a000-7f2c22518000 rw-p 00000000 00:00 0                          [stack:15496]
7f2c22518000-7f2c2251b000 ---p 00000000 00:00 0 
7f2c2251b000-7f2c22619000 rw-p 00000000 00:00 0                          [stack:15495]
7f2c22619000-7f2c2261c000 ---p 00000000 00:00 0 
7f2c2261c000-7f2c2271a000 rw-p 00000000 00:00 0                          [stack:15492]
7f2c2271a000-7f2c2271d000 ---p 00000000 00:00 0 
7f2c2271d000-7f2c2281b000 rw-p 00000000 00:00 0                          [stack:15491]
7f2c2281b000-7f2c2281c000 ---p 00000000 00:00 0 
7f2c2281c000-7f2c2291c000 rw-p 00000000 00:00 0                          [stack:15490]
7f2c2291c000-7f2c23000000 r--p 00000000 08:01 13113697                   /usr/lib/locale/locale-archive
7f2c23000000-7f2c25000000 rw-p 00000000 00:00 0 
7f2c25000000-7f2c252c0000 rwxp 00000000 00:00 0 
7f2c252c0000-7f2c34000000 ---p 00000000 00:00 0 
7f2c34000000-7f2c34397000 rw-p 00000000 00:00 0 
7f2c34397000-7f2c38000000 ---p 00000000 00:00 0 
7f2c380f5000-7f2c380f8000 ---p 00000000 00:00 0 
7f2c380f8000-7f2c381f6000 rw-p 00000000 00:00 0                          [stack:15489]
7f2c381f6000-7f2c381f9000 ---p 00000000 00:00 0 
7f2c381f9000-7f2c382f7000 rw-p 00000000 00:00 0                          [stack:15488]
7f2c382f7000-7f2c382fa000 ---p 00000000 00:00 0 
7f2c382fa000-7f2c383f8000 rw-p 00000000 00:00 0                          [stack:15487]
7f2c383f8000-7f2c383fb000 ---p 00000000 00:00 0 
7f2c383fb000-7f2c384f9000 rw-p 00000000 00:00 0                          [stack:15486]
7f2c384f9000-7f2c384fc000 ---p 00000000 00:00 0 
7f2c384fc000-7f2c385fa000 rw-p 00000000 00:00 0                          [stack:15480]
7f2c385fa000-7f2c385fd000 ---p 00000000 00:00 0 
7f2c385fd000-7f2c386fb000 rw-p 00000000 00:00 0                          [stack:15479]
7f2c386fb000-7f2c386fc000 ---p 00000000 00:00 0 
7f2c386fc000-7f2c39175000 rw-p 00000000 00:00 0                          [stack:15478]
7f2c39175000-7f2c3934e000 r--s 03d29000 08:01 13118676                   /usr/lib/jvm/java-8-oracle/jre/lib/rt.jar
7f2c3934e000-7f2c39a04000 rw-p 00000000 00:00 0 
7f2c39a04000-7f2c39bc4000 ---p 00000000 00:00 0 
7f2c39bc4000-7f2c39dc4000 rw-p 00000000 00:00 0 
7f2c39dc4000-7f2c39dc5000 ---p 00000000 00:00 0 
7f2c39dc5000-7f2c39ec5000 rw-p 00000000 00:00 0                          [stack:15474]
7f2c39ec5000-7f2c39ec6000 ---p 00000000 00:00 0 
7f2c39ec6000-7f2c39fd6000 rw-p 00000000 00:00 0                          [stack:15472]
7f2c39fd6000-7f2c3a11c000 ---p 00000000 00:00 0 
7f2c3a11c000-7f2c3a12c000 rw-p 00000000 00:00 0 
7f2c3a12c000-7f2c3a271000 ---p 00000000 00:00 0 
7f2c3a271000-7f2c3a28b000 rw-p 00000000 00:00 0 
7f2c3a28b000-7f2c3a31c000 ---p 00000000 00:00 0 
7f2c3a31c000-7f2c3a328000 rw-p 00000000 00:00 0 
7f2c3a328000-7f2c3a6dd000 ---p 00000000 00:00 0 
7f2c3a6dd000-7f2c3a6f7000 r-xp 00000000 08:01 13766358                   /usr/lib/jvm/java-8-oracle/jre/lib/amd64/libzip.so
7f2c3a6f7000-7f2c3a8f7000 ---p 0001a000 08:01 13766358                   /usr/lib/jvm/java-8-oracle/jre/lib/amd64/libzip.so
7f2c3a8f7000-7f2c3a8f8000 rw-p 0001a000 08:01 13766358                   /usr/lib/jvm/java-8-oracle/jre/lib/amd64/libzip.so
7f2c3a8f8000-7f2c3a903000 r-xp 00000000 08:01 2621673                    /lib/x86_64-linux-gnu/libnss_files-2.15.so
7f2c3a903000-7f2c3ab02000 ---p 0000b000 08:01 2621673                    /lib/x86_64-linux-gnu/libnss_files-2.15.so
7f2c3ab02000-7f2c3ab03000 r--p 0000a000 08:01 2621673                    /lib/x86_64-linux-gnu/libnss_files-2.15.so
7f2c3ab03000-7f2c3ab04000 rw-p 0000b000 08:01 2621673                    /lib/x86_64-linux-gnu/libnss_files-2.15.so
7f2c3ab04000-7f2c3ab0e000 r-xp 00000000 08:01 2621658                    /lib/x86_64-linux-gnu/libnss_nis-2.15.so
7f2c3ab0e000-7f2c3ad0e000 ---p 0000a000 08:01 2621658                    /lib/x86_64-linux-gnu/libnss_nis-2.15.so
7f2c3ad0e000-7f2c3ad0f000 r--p 0000a000 08:01 2621658                    /lib/x86_64-linux-gnu/libnss_nis-2.15.so
7f2c3ad0f000-7f2c3ad10000 rw-p 0000b000 08:01 2621658                    /lib/x86_64-linux-gnu/libnss_nis-2.15.so
7f2c3ad10000-7f2c3ad27000 r-xp 00000000 08:01 2621667                    /lib/x86_64-linux-gnu/libnsl-2.15.so
7f2c3ad27000-7f2c3af26000 ---p 00017000 08:01 2621667                    /lib/x86_64-linux-gnu/libnsl-2.15.so
7f2c3af26000-7f2c3af27000 r--p 00016000 08:01 2621667                    /lib/x86_64-linux-gnu/libnsl-2.15.so
7f2c3af27000-7f2c3af28000 rw-p 00017000 08:01 2621667                    /lib/x86_64-linux-gnu/libnsl-2.15.so
7f2c3af28000-7f2c3af2a000 rw-p 00000000 00:00 0 
7f2c3af2a000-7f2c3af32000 r-xp 00000000 08:01 2621672                    /lib/x86_64-linux-gnu/libnss_compat-2.15.so
7f2c3af32000-7f2c3b131000 ---p 00008000 08:01 2621672                    /lib/x86_64-linux-gnu/libnss_compat-2.15.so
7f2c3b131000-7f2c3b132000 r--p 00007000 08:01 2621672                    /lib/x86_64-linux-gnu/libnss_compat-2.15.so
7f2c3b132000-7f2c3b133000 rw-p 00008000 08:01 2621672                    /lib/x86_64-linux-gnu/libnss_compat-2.15.so
7f2c3b133000-7f2c3b15d000 r-xp 00000000 08:01 13766323                   /usr/lib/jvm/java-8-oracle/jre/lib/amd64/libjava.so
7f2c3b15d000-7f2c3b35d000 ---p 0002a000 08:01 13766323                   /usr/lib/jvm/java-8-oracle/jre/lib/amd64/libjava.so
7f2c3b35d000-7f2c3b35f000 rw-p 0002a000 08:01 13766323                   /usr/lib/jvm/java-8-oracle/jre/lib/amd64/libjava.so
7f2c3b35f000-7f2c3b36c000 r-xp 00000000 08:01 13766361                   /usr/lib/jvm/java-8-oracle/jre/lib/amd64/libverify.so
7f2c3b36c000-7f2c3b56c000 ---p 0000d000 08:01 13766361                   /usr/lib/jvm/java-8-oracle/jre/lib/amd64/libverify.so
7f2c3b56c000-7f2c3b56e000 rw-p 0000d000 08:01 13766361                   /usr/lib/jvm/java-8-oracle/jre/lib/amd64/libverify.so
7f2c3b56e000-7f2c3b575000 r-xp 00000000 08:01 2621660                    /lib/x86_64-linux-gnu/librt-2.15.so
7f2c3b575000-7f2c3b774000 ---p 00007000 08:01 2621660                    /lib/x86_64-linux-gnu/librt-2.15.so
7f2c3b774000-7f2c3b775000 r--p 00006000 08:01 2621660                    /lib/x86_64-linux-gnu/librt-2.15.so
7f2c3b775000-7f2c3b776000 rw-p 00007000 08:01 2621660                    /lib/x86_64-linux-gnu/librt-2.15.so
7f2c3b776000-7f2c3b871000 r-xp 00000000 08:01 2621674                    /lib/x86_64-linux-gnu/libm-2.15.so
7f2c3b871000-7f2c3ba70000 ---p 000fb000 08:01 2621674                    /lib/x86_64-linux-gnu/libm-2.15.so
7f2c3ba70000-7f2c3ba71000 r--p 000fa000 08:01 2621674                    /lib/x86_64-linux-gnu/libm-2.15.so
7f2c3ba71000-7f2c3ba72000 rw-p 000fb000 08:01 2621674                    /lib/x86_64-linux-gnu/libm-2.15.so
7f2c3ba72000-7f2c3c73d000 r-xp 00000000 08:01 13894575                   /usr/lib/jvm/java-8-oracle/jre/lib/amd64/server/libjvm.so
7f2c3c73d000-7f2c3c93c000 ---p 00ccb000 08:01 13894575                   /usr/lib/jvm/java-8-oracle/jre/lib/amd64/server/libjvm.so
7f2c3c93c000-7f2c3ca15000 rw-p 00cca000 08:01 13894575                   /usr/lib/jvm/java-8-oracle/jre/lib/amd64/server/libjvm.so
7f2c3ca15000-7f2c3ca60000 rw-p 00000000 00:00 0 
7f2c3ca60000-7f2c3cc14000 r-xp 00000000 08:01 2621665                    /lib/x86_64-linux-gnu/libc-2.15.so
7f2c3cc14000-7f2c3ce13000 ---p 001b4000 08:01 2621665                    /lib/x86_64-linux-gnu/libc-2.15.so
7f2c3ce13000-7f2c3ce17000 r--p 001b3000 08:01 2621665                    /lib/x86_64-linux-gnu/libc-2.15.so
7f2c3ce17000-7f2c3ce19000 rw-p 001b7000 08:01 2621665                    /lib/x86_64-linux-gnu/libc-2.15.so
7f2c3ce19000-7f2c3ce1e000 rw-p 00000000 00:00 0 
7f2c3ce1e000-7f2c3ce20000 r-xp 00000000 08:01 2621657                    /lib/x86_64-linux-gnu/libdl-2.15.so
7f2c3ce20000-7f2c3d020000 ---p 00002000 08:01 2621657                    /lib/x86_64-linux-gnu/libdl-2.15.so
7f2c3d020000-7f2c3d021000 r--p 00002000 08:01 2621657                    /lib/x86_64-linux-gnu/libdl-2.15.so
7f2c3d021000-7f2c3d022000 rw-p 00003000 08:01 2621657                    /lib/x86_64-linux-gnu/libdl-2.15.so
7f2c3d022000-7f2c3d037000 r-xp 00000000 08:01 2627921                    /usr/lib/jvm/java-8-oracle/lib/amd64/jli/libjli.so
7f2c3d037000-7f2c3d237000 ---p 00015000 08:01 2627921                    /usr/lib/jvm/java-8-oracle/lib/amd64/jli/libjli.so
7f2c3d237000-7f2c3d238000 rw-p 00015000 08:01 2627921                    /usr/lib/jvm/java-8-oracle/lib/amd64/jli/libjli.so
7f2c3d238000-7f2c3d250000 r-xp 00000000 08:01 2621668                    /lib/x86_64-linux-gnu/libpthread-2.15.so
7f2c3d250000-7f2c3d44f000 ---p 00018000 08:01 2621668                    /lib/x86_64-linux-gnu/libpthread-2.15.so
7f2c3d44f000-7f2c3d450000 r--p 00017000 08:01 2621668                    /lib/x86_64-linux-gnu/libpthread-2.15.so
7f2c3d450000-7f2c3d451000 rw-p 00018000 08:01 2621668                    /lib/x86_64-linux-gnu/libpthread-2.15.so
7f2c3d451000-7f2c3d455000 rw-p 00000000 00:00 0 
7f2c3d455000-7f2c3d477000 r-xp 00000000 08:01 2621671                    /lib/x86_64-linux-gnu/ld-2.15.so
7f2c3d47c000-7f2c3d557000 rw-p 00000000 00:00 0 
7f2c3d557000-7f2c3d55a000 ---p 00000000 00:00 0 
7f2c3d55a000-7f2c3d65c000 rw-p 00000000 00:00 0                          [stack:15463]
7f2c3d65c000-7f2c3d66b000 r--s 000df000 08:01 11274850                   /root/Android/Sdk/build-tools/23.0.3/lib/dx.jar
7f2c3d66b000-7f2c3d673000 rw-s 00000000 08:01 4852065                    /tmp/hsperfdata_root/15458
7f2c3d673000-7f2c3d674000 rw-p 00000000 00:00 0 
7f2c3d674000-7f2c3d675000 r--p 00000000 00:00 0 
7f2c3d675000-7f2c3d677000 rw-p 00000000 00:00 0 
7f2c3d677000-7f2c3d678000 r--p 00022000 08:01 2621671                    /lib/x86_64-linux-gnu/ld-2.15.so
7f2c3d678000-7f2c3d67a000 rw-p 00023000 08:01 2621671                    /lib/x86_64-linux-gnu/ld-2.15.so
7ffd791ee000-7ffd7920f000 rw-p 00000000 00:00 0                          [stack]
7ffd79293000-7ffd79295000 r-xp 00000000 00:00 0                          [vdso]
ffffffffff600000-ffffffffff601000 r-xp 00000000 00:00 0                  [vsyscall]

VM Arguments:
jvm_args: -Djava.awt.headless=true -Xmx1024M -Dfile.encoding=UTF-8 -Duser.country=US -Duser.language=en -Duser.variant 
java_command: com.android.dx.command.Main --dex --force-jumbo --num-threads=4 --output /home/lin/other/AndroidProjects/Radio/app/build/intermediates/pre-dexed/debug/main_7cc5f647af7043fa3f77b86279a066893619d21a.jar /home/lin/other/AndroidProjects/Radio/app/build/intermediates/transforms/instantRun/debug/folders/1/5/main
java_class_path (initial): /root/Android/Sdk/build-tools/23.0.3/lib/dx.jar
Launcher Type: SUN_STANDARD

Environment Variables:
PATH=/usr/local/sbin:/usr/local/bin:/usr/sbin:/usr/bin:/sbin:/bin
USERNAME=root
LD_LIBRARY_PATH=/opt/android-studio/bin:
SHELL=/bin/bash
DISPLAY=:0.0

Signal Handlers:
SIGSEGV: [libjvm.so+0xac4790], sa_mask[0]=11111111011111111101111111111110, sa_flags=SA_RESTART|SA_SIGINFO
SIGBUS: [libjvm.so+0xac4790], sa_mask[0]=11111111011111111101111111111110, sa_flags=SA_RESTART|SA_SIGINFO
SIGFPE: [libjvm.so+0x91f140], sa_mask[0]=11111111011111111101111111111110, sa_flags=SA_RESTART|SA_SIGINFO
SIGPIPE: [libjvm.so+0x91f140], sa_mask[0]=11111111011111111101111111111110, sa_flags=SA_RESTART|SA_SIGINFO
SIGXFSZ: [libjvm.so+0x91f140], sa_mask[0]=11111111011111111101111111111110, sa_flags=SA_RESTART|SA_SIGINFO
SIGILL: [libjvm.so+0x91f140], sa_mask[0]=11111111011111111101111111111110, sa_flags=SA_RESTART|SA_SIGINFO
SIGUSR1: SIG_DFL, sa_mask[0]=00000000000000000000000000000000, sa_flags=none
SIGUSR2: [libjvm.so+0x920770], sa_mask[0]=00100000000000000000000000000000, sa_flags=SA_RESTART|SA_SIGINFO
SIGHUP: [libjvm.so+0x921b70], sa_mask[0]=11111111011111111101111111111110, sa_flags=SA_RESTART|SA_SIGINFO
SIGINT: [libjvm.so+0x921b70], sa_mask[0]=11111111011111111101111111111110, sa_flags=SA_RESTART|SA_SIGINFO
SIGTERM: [libjvm.so+0x921b70], sa_mask[0]=11111111011111111101111111111110, sa_flags=SA_RESTART|SA_SIGINFO
SIGQUIT: [libjvm.so+0x921b70], sa_mask[0]=11111111011111111101111111111110, sa_flags=SA_RESTART|SA_SIGINFO


---------------  S Y S T E M  ---------------

OS:DISTRIB_ID=Ubuntu
DISTRIB_RELEASE=12.04
DISTRIB_CODENAME=precise
DISTRIB_DESCRIPTION="Ubuntu 12.04.5 LTS"

uname:Linux 3.13.0-93-generic #140~precise1-Ubuntu SMP Tue Jul 19 19:55:11 UTC 2016 x86_64
libc:glibc 2.15 NPTL 2.15 
rlimit: STACK 8192k, CORE 0k, NPROC 22873, NOFILE 4096, AS infinity
load average:8.48 6.81 4.95

/proc/meminfo:
MemTotal:        2948840 kB
MemFree:           88656 kB
Buffers:           12932 kB
Cached:           377916 kB
SwapCached:        41644 kB
Active:          2079504 kB
Inactive:         609008 kB
Active(anon):    1930380 kB
Inactive(anon):   505144 kB
Active(file):     149124 kB
Inactive(file):   103864 kB
Unevictable:           0 kB
Mlocked:               0 kB
SwapTotal:       3008508 kB
SwapFree:        2113036 kB
Dirty:              6464 kB
Writeback:             0 kB
AnonPages:       2272800 kB
Mapped:           119452 kB
Shmem:            137860 kB
Slab:              72436 kB
SReclaimable:      43328 kB
SUnreclaim:        29108 kB
KernelStack:        4928 kB
PageTables:        37004 kB
NFS_Unstable:          0 kB
Bounce:                0 kB
WritebackTmp:          0 kB
CommitLimit:     4482928 kB
Committed_AS:    5983188 kB
VmallocTotal:   34359738367 kB
VmallocUsed:      352344 kB
VmallocChunk:   34359380056 kB
HardwareCorrupted:     0 kB
AnonHugePages:    317440 kB
HugePages_Total:       0
HugePages_Free:        0
HugePages_Rsvd:        0
HugePages_Surp:        0
Hugepagesize:       2048 kB
DirectMap4k:       82308 kB
DirectMap2M:     2928640 kB


CPU:total 2 (2 cores per cpu, 1 threads per core) family 6 model 15 stepping 13, cmov, cx8, fxsr, mmx, sse, sse2, sse3, ssse3, tsc

/proc/cpuinfo:
processor	: 0
vendor_id	: GenuineIntel
cpu family	: 6
model		: 15
model name	: Genuine Intel(R) CPU           T1600  @ 1.66GHz
stepping	: 13
microcode	: 0xa3
cpu MHz		: 1662.512
cache size	: 1024 KB
physical id	: 0
siblings	: 2
core id		: 0
cpu cores	: 2
apicid		: 0
initial apicid	: 0
fpu		: yes
fpu_exception	: yes
cpuid level	: 10
wp		: yes
flags		: fpu vme de pse tsc msr pae mce cx8 apic sep mtrr pge mca cmov pat pse36 clflush dts acpi mmx fxsr sse sse2 ss ht tm pbe syscall nx lm constant_tsc arch_perfmon pebs bts rep_good nopl aperfmperf pni dtes64 monitor ds_cpl tm2 ssse3 cx16 xtpr pdcm lahf_lm dtherm
bogomips	: 3325.02
clflush size	: 64
cache_alignment	: 64
address sizes	: 36 bits physical, 48 bits virtual
power management:

processor	: 1
vendor_id	: GenuineIntel
cpu family	: 6
model		: 15
model name	: Genuine Intel(R) CPU           T1600  @ 1.66GHz
stepping	: 13
microcode	: 0xa3
cpu MHz		: 1662.512
cache size	: 1024 KB
physical id	: 0
siblings	: 2
core id		: 1
cpu cores	: 2
apicid		: 1
initial apicid	: 1
fpu		: yes
fpu_exception	: yes
cpuid level	: 10
wp		: yes
flags		: fpu vme de pse tsc msr pae mce cx8 apic sep mtrr pge mca cmov pat pse36 clflush dts acpi mmx fxsr sse sse2 ss ht tm pbe syscall nx lm constant_tsc arch_perfmon pebs bts rep_good nopl aperfmperf pni dtes64 monitor ds_cpl tm2 ssse3 cx16 xtpr pdcm lahf_lm dtherm
bogomips	: 3325.02
clflush size	: 64
cache_alignment	: 64
address sizes	: 36 bits physical, 48 bits virtual
power management:



Memory: 4k page, physical 2948840k(88656k free), swap 3008508k(2113036k free)

vm_info: Java HotSpot(TM) 64-Bit Server VM (25.101-b13) for linux-amd64 JRE (1.8.0_101-b13), built on Jun 22 2016 02:59:44 by "java_re" with gcc 4.3.0 20080428 (Red Hat 4.3.0-8)

time: Tue Aug 30 14:52:38 2016
elapsed time: 6 seconds (0d 0h 0m 6s)

