#
# A fatal error has been detected by the Java Runtime Environment:
#
#  Internal Error (classFileParser.cpp:491), pid=21199, tid=0x00007f8355cb5700
#  fatal error: bad constant pool tag value 97
#
# JRE version:  (8.0_101-b13) (build )
# Java VM: Java HotSpot(TM) 64-Bit Server VM (25.101-b13 mixed mode linux-amd64 compressed oops)
# Failed to write core dump. Core dumps have been disabled. To enable core dumping, try "ulimit -c unlimited" before starting Java again
#
# If you would like to submit a bug report, please visit:
#   http://bugreport.java.com/bugreport/crash.jsp
#

---------------  T H R E A D  ---------------

Current thread (0x00007f834c00a000):  JavaThread "main" [_thread_in_vm, id=21203, stack(0x00007f8355bb5000,0x00007f8355cb6000)]

Stack: [0x00007f8355bb5000,0x00007f8355cb6000],  sp=0x00007f8355cb2350,  free space=1012k
Native frames: (J=compiled Java code, j=interpreted, Vv=VM code, C=native code)
V  [libjvm.so+0xac3f0a]  VMError::report_and_die()+0x2ba
V  [libjvm.so+0x4fbb59]  report_fatal(char const*, int, char const*)+0x59
V  [libjvm.so+0x45c48d]  ClassFileParser::parse_constant_pool(Thread*)+0x47d
V  [libjvm.so+0x45fe9b]  ClassFileParser::parseClassFile(Symbol*, ClassLoaderData*, Handle, KlassHandle, GrowableArray<Handle>*, TempNewSymbol&, bool, Thread*)+0x6bb
V  [libjvm.so+0x4653eb]  ClassLoader::load_classfile(Symbol*, Thread*)+0x3fb
V  [libjvm.so+0xa3a4f0]  SystemDictionary::load_instance_class(Symbol*, Handle, Thread*)+0x380
V  [libjvm.so+0xa394ac]  SystemDictionary::resolve_instance_class_or_null(Symbol*, Handle, Handle, Thread*)+0x7cc
V  [libjvm.so+0xa3a983]  SystemDictionary::resolve_or_fail(Symbol*, Handle, Handle, bool, Thread*)+0x33
V  [libjvm.so+0x4f2ed8]  ConstantPool::klass_at_impl(constantPoolHandle, int, Thread*)+0x158
V  [libjvm.so+0x4f85b0]  ConstantPool::klass_ref_at(int, Thread*)+0xa0
V  [libjvm.so+0x7f1d81]  LinkResolver::resolve_pool(KlassHandle&, Symbol*&, Symbol*&, KlassHandle&, constantPoolHandle, int, Thread*)+0x71
V  [libjvm.so+0x7fa2f5]  LinkResolver::resolve_invokestatic(CallInfo&, constantPoolHandle, int, Thread*)+0xa5
V  [libjvm.so+0x7fb541]  LinkResolver::resolve_invoke(CallInfo&, Handle, constantPoolHandle, int, Bytecodes::Code, Thread*)+0x4f1
V  [libjvm.so+0x688c32]  InterpreterRuntime::resolve_invoke(JavaThread*, Bytecodes::Code)+0x1b2
j  java.lang.String.<init>([BII)V+14
j  java.lang.String.<init>([B)V+5
v  ~StubRoutines::call_stub
V  [libjvm.so+0x68f6b6]  JavaCalls::call_helper(JavaValue*, methodHandle*, JavaCallArguments*, Thread*)+0x1056
V  [libjvm.so+0x6d182b]  jni_invoke_nonstatic(JNIEnv_*, JavaValue*, _jobject*, JNICallType, _jmethodID*, JNI_ArgumentPusher*, Thread*)+0x40b
V  [libjvm.so+0x6d96c3]  jni_NewObject+0x283
C  [libjava.so+0x1c14a]  JNU_NewStringPlatform+0x1aa
C  [libjava.so+0x13175]  Java_java_lang_System_initProperties+0x1425
j  java.lang.System.initProperties(Ljava/util/Properties;)Ljava/util/Properties;+0
j  java.lang.System.initializeSystemClass()V+13
v  ~StubRoutines::call_stub
V  [libjvm.so+0x68f6b6]  JavaCalls::call_helper(JavaValue*, methodHandle*, JavaCallArguments*, Thread*)+0x1056
V  [libjvm.so+0x690341]  JavaCalls::call_static(JavaValue*, KlassHandle, Symbol*, Symbol*, JavaCallArguments*, Thread*)+0x2d1
V  [libjvm.so+0x690799]  JavaCalls::call_static(JavaValue*, KlassHandle, Symbol*, Symbol*, Thread*)+0x39
V  [libjvm.so+0xa71012]  Threads::create_vm(JavaVMInitArgs*, bool*)+0x652
V  [libjvm.so+0x6d08f4]  JNI_CreateJavaVM+0x74
C  [libjli.so+0x745e]  JavaMain+0x9e
C  [libpthread.so.0+0x7e9a]  start_thread+0xda

Java frames: (J=compiled Java code, j=interpreted, Vv=VM code)
j  java.lang.String.<init>([BII)V+14
j  java.lang.String.<init>([B)V+5
v  ~StubRoutines::call_stub
j  java.lang.System.initProperties(Ljava/util/Properties;)Ljava/util/Properties;+0
j  java.lang.System.initializeSystemClass()V+13
v  ~StubRoutines::call_stub

---------------  P R O C E S S  ---------------

Java Threads: ( => current thread )
  0x00007f834c080000 JavaThread "Finalizer" daemon [_thread_blocked, id=21210, stack(0x00007f8337afb000,0x00007f8337bfc000)]
  0x00007f834c07b800 JavaThread "Reference Handler" daemon [_thread_blocked, id=21209, stack(0x00007f8337bfc000,0x00007f8337cfd000)]
=>0x00007f834c00a000 JavaThread "main" [_thread_in_vm, id=21203, stack(0x00007f8355bb5000,0x00007f8355cb6000)]

Other Threads:
  0x00007f834c073800 VMThread [stack: 0x00007f8337cfd000,0x00007f8337dfe000] [id=21208]

VM state:not at safepoint (normal execution)

VM Mutex/Monitor currently owned by a thread: None

Heap:
 PSYoungGen      total 13824K, used 245K [0x00000000eab00000, 0x00000000eba00000, 0x0000000100000000)
  eden space 12288K, 2% used [0x00000000eab00000,0x00000000eab3d718,0x00000000eb700000)
  from space 1536K, 0% used [0x00000000eb880000,0x00000000eb880000,0x00000000eba00000)
  to   space 1536K, 0% used [0x00000000eb700000,0x00000000eb700000,0x00000000eb880000)
 ParOldGen       total 31744K, used 0K [0x00000000c0000000, 0x00000000c1f00000, 0x00000000eab00000)
  object space 31744K, 0% used [0x00000000c0000000,0x00000000c0000000,0x00000000c1f00000)
 Metaspace       used 1172K, capacity 4480K, committed 4480K, reserved 1056768K
  class space    used 124K, capacity 384K, committed 384K, reserved 1048576K

Card table byte_map: [0x00007f835277a000,0x00007f835297b000] byte_map_base: 0x00007f835217a000

Marking Bits: (ParMarkBitMap*) 0x00007f8355091120
 Begin Bits: [0x00007f8350422000, 0x00007f8351422000)
 End Bits:   [0x00007f8351422000, 0x00007f8352422000)

Polling page: 0x00007f8355cd2000

CodeCache: size=245760Kb used=402Kb max_used=402Kb free=245357Kb
 bounds [0x00007f833d000000, 0x00007f833d270000, 0x00007f834c000000]
 total_blobs=101 nmethods=0 adapters=78
 compilation: enabled

Compilation events (0 events):
No events

GC Heap History (0 events):
No events

Deoptimization events (0 events):
No events

Internal exceptions (6 events):
Event: 0.094 Thread 0x00007f834c00a000 Exception <a 'java/lang/NoSuchMethodError': Method sun.misc.Unsafe.defineClass(Ljava/lang/String;[BII)Ljava/lang/Class; name or signature does not match> (0x00000000eab07cc0) thrown at [/HUDSON3/workspace/8-2-build-linux-amd64/jdk8u101/7261/hotspot/src/sh
Event: 0.094 Thread 0x00007f834c00a000 Exception <a 'java/lang/NoSuchMethodError': Method sun.misc.Unsafe.prefetchRead(Ljava/lang/Object;J)V name or signature does not match> (0x00000000eab07fa8) thrown at [/HUDSON3/workspace/8-2-build-linux-amd64/jdk8u101/7261/hotspot/src/share/vm/prims/jni.c
Event: 0.114 Thread 0x00007f834c00a000 Exception <a 'java/lang/NoClassDefFoundError': > (0x00000000eab13d78) thrown at [/HUDSON3/workspace/8-2-build-linux-amd64/jdk8u101/7261/hotspot/src/share/vm/classfile/systemDictionary.cpp, line 208]
Event: 0.114 Thread 0x00007f834c00a000 Exception <a 'java/lang/NoClassDefFoundError'> (0x00000000eab13d78) thrown at [/HUDSON3/workspace/8-2-build-linux-amd64/jdk8u101/7261/hotspot/src/share/vm/oops/instanceKlass.cpp, line 964]
Event: 0.114 Thread 0x00007f834c00a000 Exception <a 'java/lang/NoClassDefFoundError'> (0x00000000eab13d78) thrown at [/HUDSON3/workspace/8-2-build-linux-amd64/jdk8u101/7261/hotspot/src/share/vm/oops/instanceKlass.cpp, line 964]
Event: 0.114 Thread 0x00007f834c00a000 Exception <a 'java/lang/NoClassDefFoundError'> (0x00000000eab13d78) thrown at [/HUDSON3/workspace/8-2-build-linux-amd64/jdk8u101/7261/hotspot/src/share/vm/oops/instanceKlass.cpp, line 964]

Events (10 events):
Event: 0.113 loading class java/lang/ThreadLocal done
Event: 0.114 loading class java/util/concurrent/atomic/AtomicInteger
Event: 0.114 loading class java/util/concurrent/atomic/AtomicInteger done
Event: 0.114 loading class java/lang/Class$3
Event: 0.114 loading class java/lang/Class$3 done
Event: 0.114 loading class java/lang/Class$ReflectionData
Event: 0.114 loading class java/lang/Class$ReflectionData done
Event: 0.114 loading class 
Event: 0.114 loading class  done
Event: 0.115 loading class java/lang/StringCoding


Dynamic libraries:
00400000-00401000 r-xp 00000000 08:01 3279757                            /usr/lib/jvm/java-8-oracle/bin/java
00600000-00601000 rw-p 00000000 08:01 3279757                            /usr/lib/jvm/java-8-oracle/bin/java
0089d000-008be000 rw-p 00000000 00:00 0                                  [heap]
c0000000-c1f00000 rw-p 00000000 00:00 0 
c1f00000-eab00000 ---p 00000000 00:00 0 
eab00000-eba00000 rw-p 00000000 00:00 0 
eba00000-100000000 ---p 00000000 00:00 0 
100000000-100060000 rw-p 00000000 00:00 0 
100060000-140000000 ---p 00000000 00:00 0 
7f8320000000-7f8320021000 rw-p 00000000 00:00 0 
7f8320021000-7f8324000000 ---p 00000000 00:00 0 
7f8328000000-7f8328021000 rw-p 00000000 00:00 0 
7f8328021000-7f832c000000 ---p 00000000 00:00 0 
7f832c000000-7f832c021000 rw-p 00000000 00:00 0 
7f832c021000-7f8330000000 ---p 00000000 00:00 0 
7f8330000000-7f8330021000 rw-p 00000000 00:00 0 
7f8330021000-7f8334000000 ---p 00000000 00:00 0 
7f8337190000-7f8337417000 rw-p 00000000 00:00 0 
7f8337417000-7f8337afb000 r--p 00000000 08:01 13113697                   /usr/lib/locale/locale-archive
7f8337afb000-7f8337afe000 ---p 00000000 00:00 0 
7f8337afe000-7f8337bfc000 rw-p 00000000 00:00 0                          [stack:21210]
7f8337bfc000-7f8337bff000 ---p 00000000 00:00 0 
7f8337bff000-7f8337cfd000 rw-p 00000000 00:00 0                          [stack:21209]
7f8337cfd000-7f8337cfe000 ---p 00000000 00:00 0 
7f8337cfe000-7f8338000000 rw-p 00000000 00:00 0                          [stack:21208]
7f8338000000-7f8338021000 rw-p 00000000 00:00 0 
7f8338021000-7f833c000000 ---p 00000000 00:00 0 
7f833c021000-7f833c627000 rw-p 00000000 00:00 0 
7f833c627000-7f833c800000 r--s 03d29000 08:01 13118676                   /usr/lib/jvm/java-8-oracle/jre/lib/rt.jar
7f833c800000-7f833cc00000 rw-p 00000000 00:00 0 
7f833cc00000-7f833d000000 ---p 00000000 00:00 0 
7f833d000000-7f833d270000 rwxp 00000000 00:00 0 
7f833d270000-7f834c000000 ---p 00000000 00:00 0 
7f834c000000-7f834c0a1000 rw-p 00000000 00:00 0 
7f834c0a1000-7f8350000000 ---p 00000000 00:00 0 
7f835003b000-7f8352422000 rw-p 00000000 00:00 0 
7f8352422000-7f8352423000 ---p 00000000 00:00 0 
7f8352423000-7f8352523000 rw-p 00000000 00:00 0                          [stack:21206]
7f8352523000-7f8352524000 ---p 00000000 00:00 0 
7f8352524000-7f8352634000 rw-p 00000000 00:00 0                          [stack:21205]
7f8352634000-7f835277a000 ---p 00000000 00:00 0 
7f835277a000-7f835278a000 rw-p 00000000 00:00 0 
7f835278a000-7f83528cf000 ---p 00000000 00:00 0 
7f83528cf000-7f83528d7000 rw-p 00000000 00:00 0 
7f83528d7000-7f835297a000 ---p 00000000 00:00 0 
7f835297a000-7f8352985000 rw-p 00000000 00:00 0 
7f8352985000-7f8352d3b000 ---p 00000000 00:00 0 
7f8352d3b000-7f8352d55000 r-xp 00000000 08:01 13766358                   /usr/lib/jvm/java-8-oracle/jre/lib/amd64/libzip.so
7f8352d55000-7f8352f55000 ---p 0001a000 08:01 13766358                   /usr/lib/jvm/java-8-oracle/jre/lib/amd64/libzip.so
7f8352f55000-7f8352f56000 rw-p 0001a000 08:01 13766358                   /usr/lib/jvm/java-8-oracle/jre/lib/amd64/libzip.so
7f8352f56000-7f8352f61000 r-xp 00000000 08:01 2621673                    /lib/x86_64-linux-gnu/libnss_files-2.15.so
7f8352f61000-7f8353160000 ---p 0000b000 08:01 2621673                    /lib/x86_64-linux-gnu/libnss_files-2.15.so
7f8353160000-7f8353161000 r--p 0000a000 08:01 2621673                    /lib/x86_64-linux-gnu/libnss_files-2.15.so
7f8353161000-7f8353162000 rw-p 0000b000 08:01 2621673                    /lib/x86_64-linux-gnu/libnss_files-2.15.so
7f8353162000-7f835316c000 r-xp 00000000 08:01 2621658                    /lib/x86_64-linux-gnu/libnss_nis-2.15.so
7f835316c000-7f835336c000 ---p 0000a000 08:01 2621658                    /lib/x86_64-linux-gnu/libnss_nis-2.15.so
7f835336c000-7f835336d000 r--p 0000a000 08:01 2621658                    /lib/x86_64-linux-gnu/libnss_nis-2.15.so
7f835336d000-7f835336e000 rw-p 0000b000 08:01 2621658                    /lib/x86_64-linux-gnu/libnss_nis-2.15.so
7f835336e000-7f8353385000 r-xp 00000000 08:01 2621667                    /lib/x86_64-linux-gnu/libnsl-2.15.so
7f8353385000-7f8353584000 ---p 00017000 08:01 2621667                    /lib/x86_64-linux-gnu/libnsl-2.15.so
7f8353584000-7f8353585000 r--p 00016000 08:01 2621667                    /lib/x86_64-linux-gnu/libnsl-2.15.so
7f8353585000-7f8353586000 rw-p 00017000 08:01 2621667                    /lib/x86_64-linux-gnu/libnsl-2.15.so
7f8353586000-7f8353588000 rw-p 00000000 00:00 0 
7f8353588000-7f8353590000 r-xp 00000000 08:01 2621672                    /lib/x86_64-linux-gnu/libnss_compat-2.15.so
7f8353590000-7f835378f000 ---p 00008000 08:01 2621672                    /lib/x86_64-linux-gnu/libnss_compat-2.15.so
7f835378f000-7f8353790000 r--p 00007000 08:01 2621672                    /lib/x86_64-linux-gnu/libnss_compat-2.15.so
7f8353790000-7f8353791000 rw-p 00008000 08:01 2621672                    /lib/x86_64-linux-gnu/libnss_compat-2.15.so
7f8353791000-7f83537bb000 r-xp 00000000 08:01 13766323                   /usr/lib/jvm/java-8-oracle/jre/lib/amd64/libjava.so
7f83537bb000-7f83539bb000 ---p 0002a000 08:01 13766323                   /usr/lib/jvm/java-8-oracle/jre/lib/amd64/libjava.so
7f83539bb000-7f83539bd000 rw-p 0002a000 08:01 13766323                   /usr/lib/jvm/java-8-oracle/jre/lib/amd64/libjava.so
7f83539bd000-7f83539ca000 r-xp 00000000 08:01 13766361                   /usr/lib/jvm/java-8-oracle/jre/lib/amd64/libverify.so
7f83539ca000-7f8353bca000 ---p 0000d000 08:01 13766361                   /usr/lib/jvm/java-8-oracle/jre/lib/amd64/libverify.so
7f8353bca000-7f8353bcc000 rw-p 0000d000 08:01 13766361                   /usr/lib/jvm/java-8-oracle/jre/lib/amd64/libverify.so
7f8353bcc000-7f8353bd3000 r-xp 00000000 08:01 2621660                    /lib/x86_64-linux-gnu/librt-2.15.so
7f8353bd3000-7f8353dd2000 ---p 00007000 08:01 2621660                    /lib/x86_64-linux-gnu/librt-2.15.so
7f8353dd2000-7f8353dd3000 r--p 00006000 08:01 2621660                    /lib/x86_64-linux-gnu/librt-2.15.so
7f8353dd3000-7f8353dd4000 rw-p 00007000 08:01 2621660                    /lib/x86_64-linux-gnu/librt-2.15.so
7f8353dd4000-7f8353ecf000 r-xp 00000000 08:01 2621674                    /lib/x86_64-linux-gnu/libm-2.15.so
7f8353ecf000-7f83540ce000 ---p 000fb000 08:01 2621674                    /lib/x86_64-linux-gnu/libm-2.15.so
7f83540ce000-7f83540cf000 r--p 000fa000 08:01 2621674                    /lib/x86_64-linux-gnu/libm-2.15.so
7f83540cf000-7f83540d0000 rw-p 000fb000 08:01 2621674                    /lib/x86_64-linux-gnu/libm-2.15.so
7f83540d0000-7f8354d9b000 r-xp 00000000 08:01 13894575                   /usr/lib/jvm/java-8-oracle/jre/lib/amd64/server/libjvm.so
7f8354d9b000-7f8354f9a000 ---p 00ccb000 08:01 13894575                   /usr/lib/jvm/java-8-oracle/jre/lib/amd64/server/libjvm.so
7f8354f9a000-7f8355073000 rw-p 00cca000 08:01 13894575                   /usr/lib/jvm/java-8-oracle/jre/lib/amd64/server/libjvm.so
7f8355073000-7f83550be000 rw-p 00000000 00:00 0 
7f83550be000-7f8355272000 r-xp 00000000 08:01 2621665                    /lib/x86_64-linux-gnu/libc-2.15.so
7f8355272000-7f8355471000 ---p 001b4000 08:01 2621665                    /lib/x86_64-linux-gnu/libc-2.15.so
7f8355471000-7f8355475000 r--p 001b3000 08:01 2621665                    /lib/x86_64-linux-gnu/libc-2.15.so
7f8355475000-7f8355477000 rw-p 001b7000 08:01 2621665                    /lib/x86_64-linux-gnu/libc-2.15.so
7f8355477000-7f835547c000 rw-p 00000000 00:00 0 
7f835547c000-7f835547e000 r-xp 00000000 08:01 2621657                    /lib/x86_64-linux-gnu/libdl-2.15.so
7f835547e000-7f835567e000 ---p 00002000 08:01 2621657                    /lib/x86_64-linux-gnu/libdl-2.15.so
7f835567e000-7f835567f000 r--p 00002000 08:01 2621657                    /lib/x86_64-linux-gnu/libdl-2.15.so
7f835567f000-7f8355680000 rw-p 00003000 08:01 2621657                    /lib/x86_64-linux-gnu/libdl-2.15.so
7f8355680000-7f8355695000 r-xp 00000000 08:01 2627921                    /usr/lib/jvm/java-8-oracle/lib/amd64/jli/libjli.so
7f8355695000-7f8355895000 ---p 00015000 08:01 2627921                    /usr/lib/jvm/java-8-oracle/lib/amd64/jli/libjli.so
7f8355895000-7f8355896000 rw-p 00015000 08:01 2627921                    /usr/lib/jvm/java-8-oracle/lib/amd64/jli/libjli.so
7f8355896000-7f83558ae000 r-xp 00000000 08:01 2621668                    /lib/x86_64-linux-gnu/libpthread-2.15.so
7f83558ae000-7f8355aad000 ---p 00018000 08:01 2621668                    /lib/x86_64-linux-gnu/libpthread-2.15.so
7f8355aad000-7f8355aae000 r--p 00017000 08:01 2621668                    /lib/x86_64-linux-gnu/libpthread-2.15.so
7f8355aae000-7f8355aaf000 rw-p 00018000 08:01 2621668                    /lib/x86_64-linux-gnu/libpthread-2.15.so
7f8355aaf000-7f8355ab3000 rw-p 00000000 00:00 0 
7f8355ab3000-7f8355ad5000 r-xp 00000000 08:01 2621671                    /lib/x86_64-linux-gnu/ld-2.15.so
7f8355adc000-7f8355bb5000 rw-p 00000000 00:00 0 
7f8355bb5000-7f8355bb8000 ---p 00000000 00:00 0 
7f8355bb8000-7f8355cba000 rw-p 00000000 00:00 0                          [stack:21203]
7f8355cc6000-7f8355cc9000 rw-p 00000000 00:00 0 
7f8355cc9000-7f8355cd1000 rw-s 00000000 08:01 4850225                    /tmp/hsperfdata_lin/21199
7f8355cd1000-7f8355cd2000 rw-p 00000000 00:00 0 
7f8355cd2000-7f8355cd3000 r--p 00000000 00:00 0 
7f8355cd3000-7f8355cd5000 rw-p 00000000 00:00 0 
7f8355cd5000-7f8355cd6000 r--p 00022000 08:01 2621671                    /lib/x86_64-linux-gnu/ld-2.15.so
7f8355cd6000-7f8355cd8000 rw-p 00023000 08:01 2621671                    /lib/x86_64-linux-gnu/ld-2.15.so
7ffe035e9000-7ffe0360a000 rw-p 00000000 00:00 0                          [stack]
7ffe03676000-7ffe03678000 r-xp 00000000 00:00 0                          [vdso]
ffffffffff600000-ffffffffff601000 r-xp 00000000 00:00 0                  [vsyscall]

VM Arguments:
jvm_args: -Djava.awt.headless=true -Xmx1024M -Dfile.encoding=UTF-8 -Duser.country=US -Duser.language=en -Duser.variant 
java_command: com.android.dx.command.Main --dex --num-threads=4 --output /home/lin/other/AndroidProjects/Radio/app/build/intermediates/pre-dexed/debug/com.android.support-animated-vector-drawable-23.4.0_b3a9afb29cc9554a7c6a726b3aa87e0112a9c15f.jar /home/lin/other/AndroidProjects/Radio/app/build/intermediates/exploded-aar/com.android.support/animated-vector-drawable/23.4.0/jars/classes.jar
java_class_path (initial): /home/lin/Android/Sdk/build-tools/23.0.3/lib/dx.jar
Launcher Type: SUN_STANDARD

Environment Variables:
PATH=/usr/lib/lightdm/lightdm:/usr/local/sbin:/usr/local/bin:/usr/sbin:/usr/bin:/sbin:/bin:/usr/games
LD_LIBRARY_PATH=/opt/android-studio/bin:
SHELL=/bin/bash
DISPLAY=:0.0

Signal Handlers:
SIGSEGV: [libjvm.so+0xac4790], sa_mask[0]=11111111011111111101111111111110, sa_flags=SA_RESTART|SA_SIGINFO
SIGBUS: [libjvm.so+0xac4790], sa_mask[0]=11111111011111111101111111111110, sa_flags=SA_RESTART|SA_SIGINFO
SIGFPE: [libjvm.so+0x91f140], sa_mask[0]=11111111011111111101111111111110, sa_flags=SA_RESTART|SA_SIGINFO
SIGPIPE: [libjvm.so+0x91f140], sa_mask[0]=11111111011111111101111111111110, sa_flags=SA_RESTART|SA_SIGINFO
SIGXFSZ: [libjvm.so+0x91f140], sa_mask[0]=11111111011111111101111111111110, sa_flags=SA_RESTART|SA_SIGINFO
SIGILL: [libjvm.so+0x91f140], sa_mask[0]=11111111011111111101111111111110, sa_flags=SA_RESTART|SA_SIGINFO
SIGUSR1: SIG_DFL, sa_mask[0]=00000000000000000000000000000000, sa_flags=none
SIGUSR2: [libjvm.so+0x920770], sa_mask[0]=00100000000000000000000000000000, sa_flags=SA_RESTART|SA_SIGINFO
SIGHUP: SIG_DFL, sa_mask[0]=00000000000000000000000000000000, sa_flags=none
SIGINT: SIG_DFL, sa_mask[0]=00000000000000000000000000000000, sa_flags=none
SIGTERM: SIG_DFL, sa_mask[0]=00000000000000000000000000000000, sa_flags=none
SIGQUIT: SIG_DFL, sa_mask[0]=00000000000000000000000000000000, sa_flags=none


---------------  S Y S T E M  ---------------

OS:DISTRIB_ID=Ubuntu
DISTRIB_RELEASE=12.04
DISTRIB_CODENAME=precise
DISTRIB_DESCRIPTION="Ubuntu 12.04.5 LTS"

uname:Linux 3.13.0-93-generic #140~precise1-Ubuntu SMP Tue Jul 19 19:55:11 UTC 2016 x86_64
libc:glibc 2.15 NPTL 2.15 
rlimit: STACK 8192k, CORE 0k, NPROC 22873, NOFILE 4096, AS infinity
load average:10.01 5.04 2.90

/proc/meminfo:
MemTotal:        2948840 kB
MemFree:          244820 kB
Buffers:           12064 kB
Cached:           420324 kB
SwapCached:        45036 kB
Active:          1968164 kB
Inactive:         582748 kB
Active(anon):    1762840 kB
Inactive(anon):   487868 kB
Active(file):     205324 kB
Inactive(file):    94880 kB
Unevictable:           0 kB
Mlocked:               0 kB
SwapTotal:       3008508 kB
SwapFree:        2797000 kB
Dirty:             17924 kB
Writeback:             0 kB
AnonPages:       2098664 kB
Mapped:           123608 kB
Shmem:            132204 kB
Slab:              66008 kB
SReclaimable:      39188 kB
SUnreclaim:        26820 kB
KernelStack:        4344 kB
PageTables:        30188 kB
NFS_Unstable:          0 kB
Bounce:                0 kB
WritebackTmp:          0 kB
CommitLimit:     4482928 kB
Committed_AS:    4537704 kB
VmallocTotal:   34359738367 kB
VmallocUsed:      346432 kB
VmallocChunk:   34359384156 kB
HardwareCorrupted:     0 kB
AnonHugePages:   1114112 kB
HugePages_Total:       0
HugePages_Free:        0
HugePages_Rsvd:        0
HugePages_Surp:        0
Hugepagesize:       2048 kB
DirectMap4k:       61828 kB
DirectMap2M:     2949120 kB


CPU:total 2 (2 cores per cpu, 1 threads per core) family 6 model 15 stepping 13, cmov, cx8, fxsr, mmx, sse, sse2, sse3, ssse3, tsc

/proc/cpuinfo:
processor	: 0
vendor_id	: GenuineIntel
cpu family	: 6
model		: 15
model name	: Genuine Intel(R) CPU           T1600  @ 1.66GHz
stepping	: 13
microcode	: 0xa3
cpu MHz		: 1662.448
cache size	: 1024 KB
physical id	: 0
siblings	: 2
core id		: 0
cpu cores	: 2
apicid		: 0
initial apicid	: 0
fpu		: yes
fpu_exception	: yes
cpuid level	: 10
wp		: yes
flags		: fpu vme de pse tsc msr pae mce cx8 apic sep mtrr pge mca cmov pat pse36 clflush dts acpi mmx fxsr sse sse2 ss ht tm pbe syscall nx lm constant_tsc arch_perfmon pebs bts rep_good nopl aperfmperf pni dtes64 monitor ds_cpl tm2 ssse3 cx16 xtpr pdcm lahf_lm dtherm
bogomips	: 3324.89
clflush size	: 64
cache_alignment	: 64
address sizes	: 36 bits physical, 48 bits virtual
power management:

processor	: 1
vendor_id	: GenuineIntel
cpu family	: 6
model		: 15
model name	: Genuine Intel(R) CPU           T1600  @ 1.66GHz
stepping	: 13
microcode	: 0xa3
cpu MHz		: 1662.448
cache size	: 1024 KB
physical id	: 0
siblings	: 2
core id		: 1
cpu cores	: 2
apicid		: 1
initial apicid	: 1
fpu		: yes
fpu_exception	: yes
cpuid level	: 10
wp		: yes
flags		: fpu vme de pse tsc msr pae mce cx8 apic sep mtrr pge mca cmov pat pse36 clflush dts acpi mmx fxsr sse sse2 ss ht tm pbe syscall nx lm constant_tsc arch_perfmon pebs bts rep_good nopl aperfmperf pni dtes64 monitor ds_cpl tm2 ssse3 cx16 xtpr pdcm lahf_lm dtherm
bogomips	: 3324.89
clflush size	: 64
cache_alignment	: 64
address sizes	: 36 bits physical, 48 bits virtual
power management:



Memory: 4k page, physical 2948840k(244324k free), swap 3008508k(2797000k free)

vm_info: Java HotSpot(TM) 64-Bit Server VM (25.101-b13) for linux-amd64 JRE (1.8.0_101-b13), built on Jun 22 2016 02:59:44 by "java_re" with gcc 4.3.0 20080428 (Red Hat 4.3.0-8)

time: Tue Aug 16 18:27:31 2016
elapsed time: 0 seconds (0d 0h 0m 0s)

