#
# A fatal error has been detected by the Java Runtime Environment:
#
#  SIGSEGV (0xb) at pc=0x00007fc4850e60d7, pid=15024, tid=0x00007fc46c41a700
#
# JRE version: Java(TM) SE Runtime Environment (8.0_101-b13) (build 1.8.0_101-b13)
# Java VM: Java HotSpot(TM) 64-Bit Server VM (25.101-b13 mixed mode linux-amd64 compressed oops)
# Problematic frame:
# V  [libjvm.so+0x6350d7]  PhaseIFG::SquareUp()+0xd7
#
# Failed to write core dump. Core dumps have been disabled. To enable core dumping, try "ulimit -c unlimited" before starting Java again
#
# If you would like to submit a bug report, please visit:
#   http://bugreport.java.com/bugreport/crash.jsp
#

---------------  T H R E A D  ---------------

Current thread (0x00007fc4800b4800):  JavaThread "C2 CompilerThread0" daemon [_thread_in_native, id=15036, stack(0x00007fc46c31a000,0x00007fc46c41b000)]

siginfo: si_signo: 11 (SIGSEGV), si_code: 2 (SEGV_ACCERR), si_addr: 0x00007fc4509e5608

Registers:
RAX=0x00000000000024ad, RBX=0x00007fc4509e5600, RCX=0x00000000000024af, RDX=0x0000000000000000
RSP=0x00007fc46c4163d0, RBP=0x00007fc46c416450, RSI=0x00000000000024aa, RDI=0x0000000000000008
R8 =0x0000000000000000, R9 =0x0000000000000000, R10=0x0000000000000000, R11=0x0000000000000000
R12=0x0000000000001c72, R13=0x00007fc46c4165c0, R14=0x0000000000000003, R15=0x0000000000040000
RIP=0x00007fc4850e60d7, EFLAGS=0x0000000000010206, CSGSFS=0x0000000000000033, ERR=0x0000000000000004
  TRAPNO=0x000000000000000e

Top of Stack: (sp=0x00007fc46c4163d0)
0x00007fc46c4163d0:   00007fc46c4163e0 00000000000000e0
0x00007fc46c4163e0:   000024af00000000 00007fc400000006
0x00007fc46c4163f0:   00007fc4441cf180 0000000000000025
0x00007fc46c416400:   00007fc450120178 000000000004001f
0x00007fc46c416410:   00007fc450993120 00007fc444416c90
0x00007fc46c416420:   00007fc4507558e0 00007fc485a64760
0x00007fc46c416430:   00000000000019e5 00000000000000a0
0x00007fc46c416440:   00007fc46c417de8 00007fc46c417df0
0x00007fc46c416450:   00007fc46c4166c0 00007fc484ebfccd
0x00007fc46c416460:   0000000000000000 00007fc46c416600
0x00007fc46c416470:   00007fc46c4165c0 00007fc46c4164a0
0x00007fc46c416480:   00007fc46c416560 00007fc46c416630
0x00007fc46c416490:   00007fc46c417d00 0000000800000577
0x00007fc46c4164a0:   00007fc485a026f0 000000000000000d
0x00007fc46c4164b0:   00007fc46c418b90 00007fc46c417d00
0x00007fc46c4164c0:   00007fc400000000 00007fc4446a0d30
0x00007fc46c4164d0:   00007fc46c416520 0000000000009e80
0x00007fc46c4164e0:   0000000000000000 00007fc4853cc3c5
0x00007fc46c4164f0:   0000000c00000006 00007fc4855255b6
0x00007fc46c416500:   0000000000009e80 00007fc485525507
0x00007fc46c416510:   00007fc46c416580 00007fc484d92e05
0x00007fc46c416520:   00007fc46c416580 00007fc484d91144
0x00007fc46c416530:   0000000000000000 0000000000000000
0x00007fc46c416540:   0000000000000000 0000000000000000
0x00007fc46c416550:   00007fc40000001a 00007fc4800b4f40
0x00007fc46c416560:   000000000000000a 00007fc46c418b90
0x00007fc46c416570:   00007fc45040fe20 00007fc45072b5d0
0x00007fc46c416580:   00007fc450367550 00007fc45036a2b8
0x00007fc46c416590:   00007fc4501b2f30 00007fc46c417e30
0x00007fc46c4165a0:   00007fc46c417e10 0000000000001e26
0x00007fc46c4165b0:   00007fc46c416600 000000000000279b
0x00007fc46c4165c0:   00007fc40000000c 00007fc46c418b90 

Instructions: (pc=0x00007fc4850e60d7)
0x00007fc4850e60b7:   f1 89 55 90 89 4d 94 01 f0 85 c0 74 59 89 c0 48
0x00007fc4850e60c7:   8d 1c 80 48 c1 e3 05 49 03 5d 10 45 85 e4 74 a1
0x00007fc4850e60d7:   48 8b 43 08 48 8b 55 88 48 8b 0c 10 48 3b 0d 46
0x00007fc4850e60e7:   6a 93 00 74 53 42 8b 14 b1 89 d0 44 09 f8 44 85 

Register to memory mapping:

RAX=0x00000000000024ad is an unknown value
RBX=0x00007fc4509e5600 is an unknown value
RCX=0x00000000000024af is an unknown value
RDX=0x0000000000000000 is an unknown value
RSP=0x00007fc46c4163d0 is pointing into the stack for thread: 0x00007fc4800b4800
RBP=0x00007fc46c416450 is pointing into the stack for thread: 0x00007fc4800b4800
RSI=0x00000000000024aa is an unknown value
RDI=0x0000000000000008 is an unknown value
R8 =0x0000000000000000 is an unknown value
R9 =0x0000000000000000 is an unknown value
R10=0x0000000000000000 is an unknown value
R11=0x0000000000000000 is an unknown value
R12=0x0000000000001c72 is an unknown value
R13=0x00007fc46c4165c0 is pointing into the stack for thread: 0x00007fc4800b4800
R14=0x0000000000000003 is an unknown value
R15=0x0000000000040000 is an unknown value


Stack: [0x00007fc46c31a000,0x00007fc46c41b000],  sp=0x00007fc46c4163d0,  free space=1008k
Native frames: (J=compiled Java code, j=interpreted, Vv=VM code, C=native code)
V  [libjvm.so+0x6350d7]  PhaseIFG::SquareUp()+0xd7
V  [libjvm.so+0x40eccd]  PhaseChaitin::Register_Allocate()+0xe7d
V  [libjvm.so+0x4a28e0]  Compile::Code_Gen()+0x260
V  [libjvm.so+0x4a6933]  Compile::Compile(ciEnv*, C2Compiler*, ciMethod*, int, bool, bool, bool)+0x14b3
V  [libjvm.so+0x3f20a8]  C2Compiler::compile_method(ciEnv*, ciMethod*, int)+0x198
V  [libjvm.so+0x4af61a]  CompileBroker::invoke_compiler_on_method(CompileTask*)+0xc9a
V  [libjvm.so+0x4b05c6]  CompileBroker::compiler_thread_loop()+0x5d6
V  [libjvm.so+0xa7343f]  JavaThread::thread_main_inner()+0xdf
V  [libjvm.so+0xa7356c]  JavaThread::run()+0x11c
V  [libjvm.so+0x924698]  java_start(Thread*)+0x108
C  [libpthread.so.0+0x7e9a]  start_thread+0xda


Current CompileTask:
C2:  15775 1134       4       com.android.dx.ssa.NormalSsaInsn::accept (25 bytes)


---------------  P R O C E S S  ---------------

Java Threads: ( => current thread )
  0x00007fc48015e800 JavaThread "pool-1-thread-4" [_thread_in_Java, id=15061, stack(0x00007fc45f417000,0x00007fc45f518000)]
  0x00007fc48015d800 JavaThread "pool-1-thread-3" [_thread_in_Java, id=15060, stack(0x00007fc45f518000,0x00007fc45f619000)]
  0x00007fc48015b800 JavaThread "pool-1-thread-2" [_thread_blocked, id=15059, stack(0x00007fc45f619000,0x00007fc45f71a000)]
  0x00007fc48014a800 JavaThread "pool-2-thread-1" [_thread_blocked, id=15058, stack(0x00007fc45f71a000,0x00007fc45f81b000)]
  0x00007fc480148000 JavaThread "pool-1-thread-1" [_thread_in_vm, id=15057, stack(0x00007fc45f81b000,0x00007fc45f91c000)]
  0x00007fc4800c4000 JavaThread "Service Thread" daemon [_thread_blocked, id=15038, stack(0x00007fc46c118000,0x00007fc46c219000)]
  0x00007fc4800b7800 JavaThread "C1 CompilerThread1" daemon [_thread_in_native, id=15037, stack(0x00007fc46c219000,0x00007fc46c31a000)]
=>0x00007fc4800b4800 JavaThread "C2 CompilerThread0" daemon [_thread_in_native, id=15036, stack(0x00007fc46c31a000,0x00007fc46c41b000)]
  0x00007fc4800b3000 JavaThread "Signal Dispatcher" daemon [_thread_blocked, id=15035, stack(0x00007fc46c41b000,0x00007fc46c51c000)]
  0x00007fc480080000 JavaThread "Finalizer" daemon [_thread_blocked, id=15034, stack(0x00007fc46c51c000,0x00007fc46c61d000)]
  0x00007fc48007b800 JavaThread "Reference Handler" daemon [_thread_blocked, id=15033, stack(0x00007fc46c61d000,0x00007fc46c71e000)]
  0x00007fc48000a000 JavaThread "main" [_thread_blocked, id=15029, stack(0x00007fc486596000,0x00007fc486697000)]

Other Threads:
  0x00007fc480073800 VMThread [stack: 0x00007fc46c71e000,0x00007fc46c81f000] [id=15032]
  0x00007fc4800c7000 WatcherThread [stack: 0x00007fc46c017000,0x00007fc46c118000] [id=15039]

VM state:not at safepoint (normal execution)

VM Mutex/Monitor currently owned by a thread: None

Heap:
 PSYoungGen      total 57344K, used 17230K [0x00000000eab00000, 0x00000000f2300000, 0x0000000100000000)
  eden space 48128K, 16% used [0x00000000eab00000,0x00000000eb2d7f68,0x00000000eda00000)
  from space 9216K, 99% used [0x00000000eda00000,0x00000000ee2fbba0,0x00000000ee300000)
  to   space 13312K, 0% used [0x00000000f1600000,0x00000000f1600000,0x00000000f2300000)
 ParOldGen       total 31744K, used 23832K [0x00000000c0000000, 0x00000000c1f00000, 0x00000000eab00000)
  object space 31744K, 75% used [0x00000000c0000000,0x00000000c1746288,0x00000000c1f00000)
 Metaspace       used 5932K, capacity 6896K, committed 7040K, reserved 1056768K
  class space    used 590K, capacity 616K, committed 640K, reserved 1048576K

Card table byte_map: [0x00007fc46ffe9000,0x00007fc4701ea000] byte_map_base: 0x00007fc46f9e9000

Marking Bits: (ParMarkBitMap*) 0x00007fc485a72120
 Begin Bits: [0x00007fc46dde7000, 0x00007fc46ede7000)
 End Bits:   [0x00007fc46ede7000, 0x00007fc46fde7000)

Polling page: 0x00007fc4866b3000

CodeCache: size=245760Kb used=4327Kb max_used=4327Kb free=241432Kb
 bounds [0x00007fc4705aa000, 0x00007fc4709ea000, 0x00007fc47f5aa000]
 total_blobs=1381 nmethods=1115 adapters=182
 compilation: enabled

Compilation events (10 events):
Event: 15.514 Thread 0x00007fc4800b7800 nmethod 1602 0x00007fc4709d8ed0 code [0x00007fc4709d9060, 0x00007fc4709d92f8]
Event: 15.514 Thread 0x00007fc4800b7800 1597       2       com.android.dx.ssa.SsaMethod::makeExitBlock (134 bytes)
Event: 15.536 Thread 0x00007fc4800b7800 nmethod 1597 0x00007fc4709d94d0 code [0x00007fc4709d96c0, 0x00007fc4709d9da8]
Event: 15.536 Thread 0x00007fc4800b7800 1634       2       com.android.dx.util.Bits::bitCount (29 bytes)
Event: 15.536 Thread 0x00007fc4800b7800 nmethod 1634 0x00007fc4709da410 code [0x00007fc4709da580, 0x00007fc4709da768]
Event: 15.536 Thread 0x00007fc4800b7800 1606       2       com.android.dx.ssa.ConstCollector::getConstsSortedByCountUse (386 bytes)
Event: 15.586 Thread 0x00007fc4800b7800 nmethod 1606 0x00007fc4709da890 code [0x00007fc4709dac20, 0x00007fc4709dbec8]
Event: 15.586 Thread 0x00007fc4800b7800 1638   !   3       com.android.dx.cf.code.Simulator::simulate (74 bytes)
Event: 15.652 Thread 0x00007fc4800b7800 nmethod 1638 0x00007fc4709dd890 code [0x00007fc4709dda60, 0x00007fc4709de318]
Event: 15.652 Thread 0x00007fc4800b7800 1640       3       com.android.dx.ssa.DeadCodeRemover::run (194 bytes)

GC Heap History (10 events):
Event: 8.431 GC heap before
{Heap before GC invocations=3 (full 0):
 PSYoungGen      total 13824K, used 13792K [0x00000000eab00000, 0x00000000ec600000, 0x0000000100000000)
  eden space 12288K, 100% used [0x00000000eab00000,0x00000000eb700000,0x00000000eb700000)
  from space 1536K, 97% used [0x00000000eb880000,0x00000000eb9f8010,0x00000000eba00000)
  to   space 1536K, 0% used [0x00000000eb700000,0x00000000eb700000,0x00000000eb880000)
 ParOldGen       total 31744K, used 4761K [0x00000000c0000000, 0x00000000c1f00000, 0x00000000eab00000)
  object space 31744K, 14% used [0x00000000c0000000,0x00000000c04a64d0,0x00000000c1f00000)
 Metaspace       used 5703K, capacity 6704K, committed 6784K, reserved 1056768K
  class space    used 587K, capacity 616K, committed 640K, reserved 1048576K
Event: 8.533 GC heap after
Heap after GC invocations=3 (full 0):
 PSYoungGen      total 13824K, used 1531K [0x00000000eab00000, 0x00000000ec600000, 0x0000000100000000)
  eden space 12288K, 0% used [0x00000000eab00000,0x00000000eab00000,0x00000000eb700000)
  from space 1536K, 99% used [0x00000000eb700000,0x00000000eb87ecb8,0x00000000eb880000)
  to   space 1536K, 0% used [0x00000000ec480000,0x00000000ec480000,0x00000000ec600000)
 ParOldGen       total 31744K, used 8216K [0x00000000c0000000, 0x00000000c1f00000, 0x00000000eab00000)
  object space 31744K, 25% used [0x00000000c0000000,0x00000000c0806150,0x00000000c1f00000)
 Metaspace       used 5703K, capacity 6704K, committed 6784K, reserved 1056768K
  class space    used 587K, capacity 616K, committed 640K, reserved 1048576K
}
Event: 9.323 GC heap before
{Heap before GC invocations=4 (full 0):
 PSYoungGen      total 13824K, used 13819K [0x00000000eab00000, 0x00000000ec600000, 0x0000000100000000)
  eden space 12288K, 100% used [0x00000000eab00000,0x00000000eb700000,0x00000000eb700000)
  from space 1536K, 99% used [0x00000000eb700000,0x00000000eb87ecb8,0x00000000eb880000)
  to   space 1536K, 0% used [0x00000000ec480000,0x00000000ec480000,0x00000000ec600000)
 ParOldGen       total 31744K, used 8216K [0x00000000c0000000, 0x00000000c1f00000, 0x00000000eab00000)
  object space 31744K, 25% used [0x00000000c0000000,0x00000000c0806150,0x00000000c1f00000)
 Metaspace       used 5723K, capacity 6704K, committed 6784K, reserved 1056768K
  class space    used 587K, capacity 616K, committed 640K, reserved 1048576K
Event: 9.417 GC heap after
Heap after GC invocations=4 (full 0):
 PSYoungGen      total 26112K, used 1531K [0x00000000eab00000, 0x00000000ec600000, 0x0000000100000000)
  eden space 24576K, 0% used [0x00000000eab00000,0x00000000eab00000,0x00000000ec300000)
  from space 1536K, 99% used [0x00000000ec480000,0x00000000ec5fecb8,0x00000000ec600000)
  to   space 1536K, 0% used [0x00000000ec300000,0x00000000ec300000,0x00000000ec480000)
 ParOldGen       total 31744K, used 11288K [0x00000000c0000000, 0x00000000c1f00000, 0x00000000eab00000)
  object space 31744K, 35% used [0x00000000c0000000,0x00000000c0b06198,0x00000000c1f00000)
 Metaspace       used 5723K, capacity 6704K, committed 6784K, reserved 1056768K
  class space    used 587K, capacity 616K, committed 640K, reserved 1048576K
}
Event: 10.775 GC heap before
{Heap before GC invocations=5 (full 0):
 PSYoungGen      total 26112K, used 26107K [0x00000000eab00000, 0x00000000ec600000, 0x0000000100000000)
  eden space 24576K, 100% used [0x00000000eab00000,0x00000000ec300000,0x00000000ec300000)
  from space 1536K, 99% used [0x00000000ec480000,0x00000000ec5fecb8,0x00000000ec600000)
  to   space 1536K, 0% used [0x00000000ec300000,0x00000000ec300000,0x00000000ec480000)
 ParOldGen       total 31744K, used 11288K [0x00000000c0000000, 0x00000000c1f00000, 0x00000000eab00000)
  object space 31744K, 35% used [0x00000000c0000000,0x00000000c0b06198,0x00000000c1f00000)
 Metaspace       used 5750K, capacity 6768K, committed 7040K, reserved 1056768K
  class space    used 587K, capacity 616K, committed 640K, reserved 1048576K
Event: 10.977 GC heap after
Heap after GC invocations=5 (full 0):
 PSYoungGen      total 26112K, used 1520K [0x00000000eab00000, 0x00000000eeb00000, 0x0000000100000000)
  eden space 24576K, 0% used [0x00000000eab00000,0x00000000eab00000,0x00000000ec300000)
  from space 1536K, 98% used [0x00000000ec300000,0x00000000ec47c170,0x00000000ec480000)
  to   space 8192K, 0% used [0x00000000ee300000,0x00000000ee300000,0x00000000eeb00000)
 ParOldGen       total 31744K, used 18402K [0x00000000c0000000, 0x00000000c1f00000, 0x00000000eab00000)
  object space 31744K, 57% used [0x00000000c0000000,0x00000000c11f89b8,0x00000000c1f00000)
 Metaspace       used 5750K, capacity 6768K, committed 7040K, reserved 1056768K
  class space    used 587K, capacity 616K, committed 640K, reserved 1048576K
}
Event: 12.158 GC heap before
{Heap before GC invocations=6 (full 0):
 PSYoungGen      total 26112K, used 26096K [0x00000000eab00000, 0x00000000eeb00000, 0x0000000100000000)
  eden space 24576K, 100% used [0x00000000eab00000,0x00000000ec300000,0x00000000ec300000)
  from space 1536K, 98% used [0x00000000ec300000,0x00000000ec47c170,0x00000000ec480000)
  to   space 8192K, 0% used [0x00000000ee300000,0x00000000ee300000,0x00000000eeb00000)
 ParOldGen       total 31744K, used 18402K [0x00000000c0000000, 0x00000000c1f00000, 0x00000000eab00000)
  object space 31744K, 57% used [0x00000000c0000000,0x00000000c11f89b8,0x00000000c1f00000)
 Metaspace       used 5797K, capacity 6768K, committed 7040K, reserved 1056768K
  class space    used 587K, capacity 616K, committed 640K, reserved 1048576K
Event: 12.421 GC heap after
Heap after GC invocations=6 (full 0):
 PSYoungGen      total 56320K, used 7595K [0x00000000eab00000, 0x00000000eed00000, 0x0000000100000000)
  eden space 48128K, 0% used [0x00000000eab00000,0x00000000eab00000,0x00000000eda00000)
  from space 8192K, 92% used [0x00000000ee300000,0x00000000eea6ae18,0x00000000eeb00000)
  to   space 9216K, 0% used [0x00000000eda00000,0x00000000eda00000,0x00000000ee300000)
 ParOldGen       total 31744K, used 18402K [0x00000000c0000000, 0x00000000c1f00000, 0x00000000eab00000)
  object space 31744K, 57% used [0x00000000c0000000,0x00000000c11f89b8,0x00000000c1f00000)
 Metaspace       used 5797K, capacity 6768K, committed 7040K, reserved 1056768K
  class space    used 587K, capacity 616K, committed 640K, reserved 1048576K
}
Event: 14.887 GC heap before
{Heap before GC invocations=7 (full 0):
 PSYoungGen      total 56320K, used 55723K [0x00000000eab00000, 0x00000000eed00000, 0x0000000100000000)
  eden space 48128K, 100% used [0x00000000eab00000,0x00000000eda00000,0x00000000eda00000)
  from space 8192K, 92% used [0x00000000ee300000,0x00000000eea6ae18,0x00000000eeb00000)
  to   space 9216K, 0% used [0x00000000eda00000,0x00000000eda00000,0x00000000ee300000)
 ParOldGen       total 31744K, used 18402K [0x00000000c0000000, 0x00000000c1f00000, 0x00000000eab00000)
  object space 31744K, 57% used [0x00000000c0000000,0x00000000c11f89b8,0x00000000c1f00000)
 Metaspace       used 5916K, capacity 6896K, committed 7040K, reserved 1056768K
  class space    used 590K, capacity 616K, committed 640K, reserved 1048576K
Event: 15.457 GC heap after
Heap after GC invocations=7 (full 0):
 PSYoungGen      total 57344K, used 9198K [0x00000000eab00000, 0x00000000f2300000, 0x0000000100000000)
  eden space 48128K, 0% used [0x00000000eab00000,0x00000000eab00000,0x00000000eda00000)
  from space 9216K, 99% used [0x00000000eda00000,0x00000000ee2fbba0,0x00000000ee300000)
  to   space 13312K, 0% used [0x00000000f1600000,0x00000000f1600000,0x00000000f2300000)
 ParOldGen       total 31744K, used 23832K [0x00000000c0000000, 0x00000000c1f00000, 0x00000000eab00000)
  object space 31744K, 75% used [0x00000000c0000000,0x00000000c1746288,0x00000000c1f00000)
 Metaspace       used 5916K, capacity 6896K, committed 7040K, reserved 1056768K
  class space    used 590K, capacity 616K, committed 640K, reserved 1048576K
}

Deoptimization events (5 events):
Event: 3.363 Thread 0x00007fc48000a000 Uncommon trap: reason=unstable_if action=reinterpret pc=0x00007fc4706e4788 method=java.lang.String.indexOf(II)I @ 49
Event: 5.789 Thread 0x00007fc48015d800 Uncommon trap: reason=bimorphic action=maybe_recompile pc=0x00007fc4707b1880 method=java.util.HashMap.getNode(ILjava/lang/Object;)Ljava/util/HashMap$Node; @ 126
Event: 5.789 Thread 0x00007fc48015d800 Uncommon trap: reason=bimorphic action=maybe_recompile pc=0x00007fc4707b1880 method=java.util.HashMap.getNode(ILjava/lang/Object;)Ljava/util/HashMap$Node; @ 126
Event: 9.642 Thread 0x00007fc480148000 Uncommon trap: reason=null_check action=make_not_entrant pc=0x00007fc47084fcc8 method=com.android.dx.ssa.SsaRenamer.getLocalForNewReg(I)Lcom/android/dx/rop/code/LocalItem; @ 19
Event: 11.537 Thread 0x00007fc480148000 Uncommon trap: reason=bimorphic action=maybe_recompile pc=0x00007fc4707b1880 method=java.util.HashMap.getNode(ILjava/lang/Object;)Ljava/util/HashMap$Node; @ 126

Internal exceptions (3 events):
Event: 0.576 Thread 0x00007fc48000a000 Exception <a 'java/lang/NoSuchMethodError': Method sun.misc.Unsafe.defineClass(Ljava/lang/String;[BII)Ljava/lang/Class; name or signature does not match> (0x00000000eab07cc0) thrown at [/HUDSON3/workspace/8-2-build-linux-amd64/jdk8u101/7261/hotspot/src/sh
Event: 0.576 Thread 0x00007fc48000a000 Exception <a 'java/lang/NoSuchMethodError': Method sun.misc.Unsafe.prefetchRead(Ljava/lang/Object;J)V name or signature does not match> (0x00000000eab07fa8) thrown at [/HUDSON3/workspace/8-2-build-linux-amd64/jdk8u101/7261/hotspot/src/share/vm/prims/jni.c
Event: 9.642 Thread 0x00007fc480148000 Implicit null exception at 0x00007fc47084d842 to 0x00007fc47084fca5

Events (10 events):
Event: 14.321 Thread 0x00007fc48015b800 DEOPT PACKING pc=0x00007fc4709814e8 sp=0x00007fc45f717ec0
Event: 14.321 Thread 0x00007fc48015b800 DEOPT UNPACKING pc=0x00007fc4705f0f73 sp=0x00007fc45f717d28 mode 0
Event: 14.539 loading class java/util/HashMap$KeySet
Event: 14.539 loading class java/util/HashMap$KeySet done
Event: 14.539 loading class java/util/HashMap$KeyIterator
Event: 14.540 loading class java/util/HashMap$KeyIterator done
Event: 14.708 Thread 0x00007fc48015d800 DEOPT PACKING pc=0x00007fc47093e4c3 sp=0x00007fc45f616e90
Event: 14.708 Thread 0x00007fc48015d800 DEOPT UNPACKING pc=0x00007fc4705f0f73 sp=0x00007fc45f616c40 mode 0
Event: 14.862 Executing VM operation: ParallelGCFailedAllocation
Event: 15.471 Executing VM operation: ParallelGCFailedAllocation done


Dynamic libraries:
00400000-00401000 r-xp 00000000 08:01 3279757                            /usr/lib/jvm/java-8-oracle/bin/java
00600000-00601000 rw-p 00000000 08:01 3279757                            /usr/lib/jvm/java-8-oracle/bin/java
01a02000-01a44000 rw-p 00000000 00:00 0                                  [heap]
c0000000-c1f00000 rw-p 00000000 00:00 0 
c1f00000-eab00000 ---p 00000000 00:00 0 
eab00000-f2300000 rw-p 00000000 00:00 0 
f2300000-100000000 ---p 00000000 00:00 0 
100000000-1000a0000 rw-p 00000000 00:00 0 
1000a0000-140000000 ---p 00000000 00:00 0 
7fc42c000000-7fc42c021000 rw-p 00000000 00:00 0 
7fc42c021000-7fc430000000 ---p 00000000 00:00 0 
7fc434000000-7fc434021000 rw-p 00000000 00:00 0 
7fc434021000-7fc438000000 ---p 00000000 00:00 0 
7fc438000000-7fc438022000 rw-p 00000000 00:00 0 
7fc438022000-7fc43c000000 ---p 00000000 00:00 0 
7fc43c000000-7fc43c021000 rw-p 00000000 00:00 0 
7fc43c021000-7fc440000000 ---p 00000000 00:00 0 
7fc440000000-7fc44002b000 rw-p 00000000 00:00 0 
7fc44002b000-7fc444000000 ---p 00000000 00:00 0 
7fc444000000-7fc444896000 rw-p 00000000 00:00 0 
7fc444896000-7fc448000000 ---p 00000000 00:00 0 
7fc448000000-7fc448021000 rw-p 00000000 00:00 0 
7fc448021000-7fc44c000000 ---p 00000000 00:00 0 
7fc44c000000-7fc44c021000 rw-p 00000000 00:00 0 
7fc44c021000-7fc450000000 ---p 00000000 00:00 0 
7fc450000000-7fc450c2a000 rw-p 00000000 00:00 0 
7fc450c2a000-7fc454000000 ---p 00000000 00:00 0 
7fc454000000-7fc454021000 rw-p 00000000 00:00 0 
7fc454021000-7fc458000000 ---p 00000000 00:00 0 
7fc458000000-7fc458021000 rw-p 00000000 00:00 0 
7fc458021000-7fc45c000000 ---p 00000000 00:00 0 
7fc45f417000-7fc45f41a000 ---p 00000000 00:00 0 
7fc45f41a000-7fc45f518000 rw-p 00000000 00:00 0                          [stack:15061]
7fc45f518000-7fc45f51b000 ---p 00000000 00:00 0 
7fc45f51b000-7fc45f619000 rw-p 00000000 00:00 0                          [stack:15060]
7fc45f619000-7fc45f61c000 ---p 00000000 00:00 0 
7fc45f61c000-7fc45f71a000 rw-p 00000000 00:00 0                          [stack:15059]
7fc45f71a000-7fc45f71d000 ---p 00000000 00:00 0 
7fc45f71d000-7fc45f81b000 rw-p 00000000 00:00 0                          [stack:15058]
7fc45f81b000-7fc45f81e000 ---p 00000000 00:00 0 
7fc45f81e000-7fc45f91c000 rw-p 00000000 00:00 0                          [stack:15057]
7fc45f91c000-7fc460000000 r--p 00000000 08:01 13113697                   /usr/lib/locale/locale-archive
7fc460000000-7fc460021000 rw-p 00000000 00:00 0 
7fc460021000-7fc464000000 ---p 00000000 00:00 0 
7fc464000000-7fc464021000 rw-p 00000000 00:00 0 
7fc464021000-7fc468000000 ---p 00000000 00:00 0 
7fc468000000-7fc468021000 rw-p 00000000 00:00 0 
7fc468021000-7fc46c000000 ---p 00000000 00:00 0 
7fc46c017000-7fc46c018000 ---p 00000000 00:00 0 
7fc46c018000-7fc46c118000 rw-p 00000000 00:00 0                          [stack:15039]
7fc46c118000-7fc46c11b000 ---p 00000000 00:00 0 
7fc46c11b000-7fc46c219000 rw-p 00000000 00:00 0                          [stack:15038]
7fc46c219000-7fc46c21c000 ---p 00000000 00:00 0 
7fc46c21c000-7fc46c31a000 rw-p 00000000 00:00 0                          [stack:15037]
7fc46c31a000-7fc46c31d000 ---p 00000000 00:00 0 
7fc46c31d000-7fc46c41b000 rw-p 00000000 00:00 0                          [stack:15036]
7fc46c41b000-7fc46c41e000 ---p 00000000 00:00 0 
7fc46c41e000-7fc46c51c000 rw-p 00000000 00:00 0                          [stack:15035]
7fc46c51c000-7fc46c51f000 ---p 00000000 00:00 0 
7fc46c51f000-7fc46c61d000 rw-p 00000000 00:00 0                          [stack:15034]
7fc46c61d000-7fc46c620000 ---p 00000000 00:00 0 
7fc46c620000-7fc46c71e000 rw-p 00000000 00:00 0                          [stack:15033]
7fc46c71e000-7fc46c71f000 ---p 00000000 00:00 0 
7fc46c71f000-7fc46d198000 rw-p 00000000 00:00 0                          [stack:15032]
7fc46d198000-7fc46d371000 r--s 03d29000 08:01 13118676                   /usr/lib/jvm/java-8-oracle/jre/lib/rt.jar
7fc46d371000-7fc46da27000 rw-p 00000000 00:00 0 
7fc46da27000-7fc46dbe7000 ---p 00000000 00:00 0 
7fc46dbe7000-7fc46fde7000 rw-p 00000000 00:00 0 
7fc46fde7000-7fc46fde8000 ---p 00000000 00:00 0 
7fc46fde8000-7fc46fee8000 rw-p 00000000 00:00 0                          [stack:15031]
7fc46fee8000-7fc46fee9000 ---p 00000000 00:00 0 
7fc46fee9000-7fc46fff9000 rw-p 00000000 00:00 0                          [stack:15030]
7fc46fff9000-7fc47013e000 ---p 00000000 00:00 0 
7fc47013e000-7fc47017b000 rw-p 00000000 00:00 0 
7fc47017b000-7fc4701e9000 ---p 00000000 00:00 0 
7fc4701e9000-7fc4701fb000 rw-p 00000000 00:00 0 
7fc4701fb000-7fc4705aa000 ---p 00000000 00:00 0 
7fc4705aa000-7fc4709ea000 rwxp 00000000 00:00 0 
7fc4709ea000-7fc47f5aa000 ---p 00000000 00:00 0 
7fc47f5aa000-7fc47f5c4000 r-xp 00000000 08:01 13766358                   /usr/lib/jvm/java-8-oracle/jre/lib/amd64/libzip.so
7fc47f5c4000-7fc47f7c4000 ---p 0001a000 08:01 13766358                   /usr/lib/jvm/java-8-oracle/jre/lib/amd64/libzip.so
7fc47f7c4000-7fc47f7c5000 rw-p 0001a000 08:01 13766358                   /usr/lib/jvm/java-8-oracle/jre/lib/amd64/libzip.so
7fc47f7c5000-7fc47f7d0000 r-xp 00000000 08:01 2621673                    /lib/x86_64-linux-gnu/libnss_files-2.15.so
7fc47f7d0000-7fc47f9cf000 ---p 0000b000 08:01 2621673                    /lib/x86_64-linux-gnu/libnss_files-2.15.so
7fc47f9cf000-7fc47f9d0000 r--p 0000a000 08:01 2621673                    /lib/x86_64-linux-gnu/libnss_files-2.15.so
7fc47f9d0000-7fc47f9d1000 rw-p 0000b000 08:01 2621673                    /lib/x86_64-linux-gnu/libnss_files-2.15.so
7fc47f9d1000-7fc47f9db000 r-xp 00000000 08:01 2621658                    /lib/x86_64-linux-gnu/libnss_nis-2.15.so
7fc47f9db000-7fc47fbdb000 ---p 0000a000 08:01 2621658                    /lib/x86_64-linux-gnu/libnss_nis-2.15.so
7fc47fbdb000-7fc47fbdc000 r--p 0000a000 08:01 2621658                    /lib/x86_64-linux-gnu/libnss_nis-2.15.so
7fc47fbdc000-7fc47fbdd000 rw-p 0000b000 08:01 2621658                    /lib/x86_64-linux-gnu/libnss_nis-2.15.so
7fc47fbdd000-7fc47fbf4000 r-xp 00000000 08:01 2621667                    /lib/x86_64-linux-gnu/libnsl-2.15.so
7fc47fbf4000-7fc47fdf3000 ---p 00017000 08:01 2621667                    /lib/x86_64-linux-gnu/libnsl-2.15.so
7fc47fdf3000-7fc47fdf4000 r--p 00016000 08:01 2621667                    /lib/x86_64-linux-gnu/libnsl-2.15.so
7fc47fdf4000-7fc47fdf5000 rw-p 00017000 08:01 2621667                    /lib/x86_64-linux-gnu/libnsl-2.15.so
7fc47fdf5000-7fc47fdf7000 rw-p 00000000 00:00 0 
7fc47fdf7000-7fc47fdff000 r-xp 00000000 08:01 2621672                    /lib/x86_64-linux-gnu/libnss_compat-2.15.so
7fc47fdff000-7fc47fffe000 ---p 00008000 08:01 2621672                    /lib/x86_64-linux-gnu/libnss_compat-2.15.so
7fc47fffe000-7fc47ffff000 r--p 00007000 08:01 2621672                    /lib/x86_64-linux-gnu/libnss_compat-2.15.so
7fc47ffff000-7fc480000000 rw-p 00008000 08:01 2621672                    /lib/x86_64-linux-gnu/libnss_compat-2.15.so
7fc480000000-7fc48038f000 rw-p 00000000 00:00 0 
7fc48038f000-7fc484000000 ---p 00000000 00:00 0 
7fc48401c000-7fc48402c000 rw-p 00000000 00:00 0 
7fc48402c000-7fc484172000 ---p 00000000 00:00 0 
7fc484172000-7fc48419c000 r-xp 00000000 08:01 13766323                   /usr/lib/jvm/java-8-oracle/jre/lib/amd64/libjava.so
7fc48419c000-7fc48439c000 ---p 0002a000 08:01 13766323                   /usr/lib/jvm/java-8-oracle/jre/lib/amd64/libjava.so
7fc48439c000-7fc48439e000 rw-p 0002a000 08:01 13766323                   /usr/lib/jvm/java-8-oracle/jre/lib/amd64/libjava.so
7fc48439e000-7fc4843ab000 r-xp 00000000 08:01 13766361                   /usr/lib/jvm/java-8-oracle/jre/lib/amd64/libverify.so
7fc4843ab000-7fc4845ab000 ---p 0000d000 08:01 13766361                   /usr/lib/jvm/java-8-oracle/jre/lib/amd64/libverify.so
7fc4845ab000-7fc4845ad000 rw-p 0000d000 08:01 13766361                   /usr/lib/jvm/java-8-oracle/jre/lib/amd64/libverify.so
7fc4845ad000-7fc4845b4000 r-xp 00000000 08:01 2621660                    /lib/x86_64-linux-gnu/librt-2.15.so
7fc4845b4000-7fc4847b3000 ---p 00007000 08:01 2621660                    /lib/x86_64-linux-gnu/librt-2.15.so
7fc4847b3000-7fc4847b4000 r--p 00006000 08:01 2621660                    /lib/x86_64-linux-gnu/librt-2.15.so
7fc4847b4000-7fc4847b5000 rw-p 00007000 08:01 2621660                    /lib/x86_64-linux-gnu/librt-2.15.so
7fc4847b5000-7fc4848b0000 r-xp 00000000 08:01 2621674                    /lib/x86_64-linux-gnu/libm-2.15.so
7fc4848b0000-7fc484aaf000 ---p 000fb000 08:01 2621674                    /lib/x86_64-linux-gnu/libm-2.15.so
7fc484aaf000-7fc484ab0000 r--p 000fa000 08:01 2621674                    /lib/x86_64-linux-gnu/libm-2.15.so
7fc484ab0000-7fc484ab1000 rw-p 000fb000 08:01 2621674                    /lib/x86_64-linux-gnu/libm-2.15.so
7fc484ab1000-7fc48577c000 r-xp 00000000 08:01 13894575                   /usr/lib/jvm/java-8-oracle/jre/lib/amd64/server/libjvm.so
7fc48577c000-7fc48597b000 ---p 00ccb000 08:01 13894575                   /usr/lib/jvm/java-8-oracle/jre/lib/amd64/server/libjvm.so
7fc48597b000-7fc485a54000 rw-p 00cca000 08:01 13894575                   /usr/lib/jvm/java-8-oracle/jre/lib/amd64/server/libjvm.so
7fc485a54000-7fc485a9f000 rw-p 00000000 00:00 0 
7fc485a9f000-7fc485c53000 r-xp 00000000 08:01 2621665                    /lib/x86_64-linux-gnu/libc-2.15.so
7fc485c53000-7fc485e52000 ---p 001b4000 08:01 2621665                    /lib/x86_64-linux-gnu/libc-2.15.so
7fc485e52000-7fc485e56000 r--p 001b3000 08:01 2621665                    /lib/x86_64-linux-gnu/libc-2.15.so
7fc485e56000-7fc485e58000 rw-p 001b7000 08:01 2621665                    /lib/x86_64-linux-gnu/libc-2.15.so
7fc485e58000-7fc485e5d000 rw-p 00000000 00:00 0 
7fc485e5d000-7fc485e5f000 r-xp 00000000 08:01 2621657                    /lib/x86_64-linux-gnu/libdl-2.15.so
7fc485e5f000-7fc48605f000 ---p 00002000 08:01 2621657                    /lib/x86_64-linux-gnu/libdl-2.15.so
7fc48605f000-7fc486060000 r--p 00002000 08:01 2621657                    /lib/x86_64-linux-gnu/libdl-2.15.so
7fc486060000-7fc486061000 rw-p 00003000 08:01 2621657                    /lib/x86_64-linux-gnu/libdl-2.15.so
7fc486061000-7fc486076000 r-xp 00000000 08:01 2627921                    /usr/lib/jvm/java-8-oracle/lib/amd64/jli/libjli.so
7fc486076000-7fc486276000 ---p 00015000 08:01 2627921                    /usr/lib/jvm/java-8-oracle/lib/amd64/jli/libjli.so
7fc486276000-7fc486277000 rw-p 00015000 08:01 2627921                    /usr/lib/jvm/java-8-oracle/lib/amd64/jli/libjli.so
7fc486277000-7fc48628f000 r-xp 00000000 08:01 2621668                    /lib/x86_64-linux-gnu/libpthread-2.15.so
7fc48628f000-7fc48648e000 ---p 00018000 08:01 2621668                    /lib/x86_64-linux-gnu/libpthread-2.15.so
7fc48648e000-7fc48648f000 r--p 00017000 08:01 2621668                    /lib/x86_64-linux-gnu/libpthread-2.15.so
7fc48648f000-7fc486490000 rw-p 00018000 08:01 2621668                    /lib/x86_64-linux-gnu/libpthread-2.15.so
7fc486490000-7fc486494000 rw-p 00000000 00:00 0 
7fc486494000-7fc4864b6000 r-xp 00000000 08:01 2621671                    /lib/x86_64-linux-gnu/ld-2.15.so
7fc4864bb000-7fc486596000 rw-p 00000000 00:00 0 
7fc486596000-7fc486599000 ---p 00000000 00:00 0 
7fc486599000-7fc48669b000 rw-p 00000000 00:00 0                          [stack:15029]
7fc48669b000-7fc4866aa000 r--s 000df000 08:01 11274850                   /root/Android/Sdk/build-tools/23.0.3/lib/dx.jar
7fc4866aa000-7fc4866b2000 rw-s 00000000 08:01 4850504                    /tmp/hsperfdata_root/15024
7fc4866b2000-7fc4866b3000 rw-p 00000000 00:00 0 
7fc4866b3000-7fc4866b4000 r--p 00000000 00:00 0 
7fc4866b4000-7fc4866b6000 rw-p 00000000 00:00 0 
7fc4866b6000-7fc4866b7000 r--p 00022000 08:01 2621671                    /lib/x86_64-linux-gnu/ld-2.15.so
7fc4866b7000-7fc4866b9000 rw-p 00023000 08:01 2621671                    /lib/x86_64-linux-gnu/ld-2.15.so
7ffc9a8b7000-7ffc9a8d8000 rw-p 00000000 00:00 0                          [stack]
7ffc9a8e8000-7ffc9a8ea000 r-xp 00000000 00:00 0                          [vdso]
ffffffffff600000-ffffffffff601000 r-xp 00000000 00:00 0                  [vsyscall]

VM Arguments:
jvm_args: -Djava.awt.headless=true -Xmx1024M -Dfile.encoding=UTF-8 -Duser.country=US -Duser.language=en -Duser.variant 
java_command: com.android.dx.command.Main --dex --num-threads=4 --output /home/lin/other/AndroidProjects/Radio/app/build/intermediates/pre-dexed/debug/htmlcleaner-2.16_24bd37a77051bd7d20853a67f6198fdec94d3ade.jar /home/lin/other/AndroidProjects/Radio/app/libs/htmlcleaner-2.16.jar
java_class_path (initial): /root/Android/Sdk/build-tools/23.0.3/lib/dx.jar
Launcher Type: SUN_STANDARD

Environment Variables:
PATH=/usr/local/sbin:/usr/local/bin:/usr/sbin:/usr/bin:/sbin:/bin
USERNAME=root
LD_LIBRARY_PATH=/opt/android-studio/bin:
SHELL=/bin/bash
DISPLAY=:0.0

Signal Handlers:
SIGSEGV: [libjvm.so+0xac4790], sa_mask[0]=11111111011111111101111111111110, sa_flags=SA_RESTART|SA_SIGINFO
SIGBUS: [libjvm.so+0xac4790], sa_mask[0]=11111111011111111101111111111110, sa_flags=SA_RESTART|SA_SIGINFO
SIGFPE: [libjvm.so+0x91f140], sa_mask[0]=11111111011111111101111111111110, sa_flags=SA_RESTART|SA_SIGINFO
SIGPIPE: [libjvm.so+0x91f140], sa_mask[0]=11111111011111111101111111111110, sa_flags=SA_RESTART|SA_SIGINFO
SIGXFSZ: [libjvm.so+0x91f140], sa_mask[0]=11111111011111111101111111111110, sa_flags=SA_RESTART|SA_SIGINFO
SIGILL: [libjvm.so+0x91f140], sa_mask[0]=11111111011111111101111111111110, sa_flags=SA_RESTART|SA_SIGINFO
SIGUSR1: SIG_DFL, sa_mask[0]=00000000000000000000000000000000, sa_flags=none
SIGUSR2: [libjvm.so+0x920770], sa_mask[0]=00100000000000000000000000000000, sa_flags=SA_RESTART|SA_SIGINFO
SIGHUP: [libjvm.so+0x921b70], sa_mask[0]=11111111011111111101111111111110, sa_flags=SA_RESTART|SA_SIGINFO
SIGINT: [libjvm.so+0x921b70], sa_mask[0]=11111111011111111101111111111110, sa_flags=SA_RESTART|SA_SIGINFO
SIGTERM: [libjvm.so+0x921b70], sa_mask[0]=11111111011111111101111111111110, sa_flags=SA_RESTART|SA_SIGINFO
SIGQUIT: [libjvm.so+0x921b70], sa_mask[0]=11111111011111111101111111111110, sa_flags=SA_RESTART|SA_SIGINFO


---------------  S Y S T E M  ---------------

OS:DISTRIB_ID=Ubuntu
DISTRIB_RELEASE=12.04
DISTRIB_CODENAME=precise
DISTRIB_DESCRIPTION="Ubuntu 12.04.5 LTS"

uname:Linux 3.13.0-95-generic #142~precise1-Ubuntu SMP Fri Aug 12 18:20:15 UTC 2016 x86_64
libc:glibc 2.15 NPTL 2.15 
rlimit: STACK 8192k, CORE 0k, NPROC 22873, NOFILE 4096, AS infinity
load average:9.24 4.91 3.02

/proc/meminfo:
MemTotal:        2948840 kB
MemFree:           91520 kB
Buffers:           25232 kB
Cached:           854200 kB
SwapCached:        45580 kB
Active:          1824920 kB
Inactive:         838300 kB
Active(anon):    1467668 kB
Inactive(anon):   491700 kB
Active(file):     357252 kB
Inactive(file):   346600 kB
Unevictable:           0 kB
Mlocked:               0 kB
SwapTotal:       3008508 kB
SwapFree:        2749732 kB
Dirty:              7100 kB
Writeback:             0 kB
AnonPages:       1770292 kB
Mapped:           236320 kB
Shmem:            175580 kB
Slab:             106296 kB
SReclaimable:      76624 kB
SUnreclaim:        29672 kB
KernelStack:        4712 kB
PageTables:        33340 kB
NFS_Unstable:          0 kB
Bounce:                0 kB
WritebackTmp:          0 kB
CommitLimit:     4482928 kB
Committed_AS:    4899444 kB
VmallocTotal:   34359738367 kB
VmallocUsed:      346464 kB
VmallocChunk:   34359383644 kB
HardwareCorrupted:     0 kB
AnonHugePages:    792576 kB
HugePages_Total:       0
HugePages_Free:        0
HugePages_Rsvd:        0
HugePages_Surp:        0
Hugepagesize:       2048 kB
DirectMap4k:       67972 kB
DirectMap2M:     2942976 kB


CPU:total 2 (2 cores per cpu, 1 threads per core) family 6 model 15 stepping 13, cmov, cx8, fxsr, mmx, sse, sse2, sse3, ssse3, tsc

/proc/cpuinfo:
processor	: 0
vendor_id	: GenuineIntel
cpu family	: 6
model		: 15
model name	: Genuine Intel(R) CPU           T1600  @ 1.66GHz
stepping	: 13
microcode	: 0xa3
cpu MHz		: 1662.438
cache size	: 1024 KB
physical id	: 0
siblings	: 2
core id		: 0
cpu cores	: 2
apicid		: 0
initial apicid	: 0
fpu		: yes
fpu_exception	: yes
cpuid level	: 10
wp		: yes
flags		: fpu vme de pse tsc msr pae mce cx8 apic sep mtrr pge mca cmov pat pse36 clflush dts acpi mmx fxsr sse sse2 ss ht tm pbe syscall nx lm constant_tsc arch_perfmon pebs bts rep_good nopl aperfmperf pni dtes64 monitor ds_cpl tm2 ssse3 cx16 xtpr pdcm lahf_lm dtherm
bogomips	: 3324.87
clflush size	: 64
cache_alignment	: 64
address sizes	: 36 bits physical, 48 bits virtual
power management:

processor	: 1
vendor_id	: GenuineIntel
cpu family	: 6
model		: 15
model name	: Genuine Intel(R) CPU           T1600  @ 1.66GHz
stepping	: 13
microcode	: 0xa3
cpu MHz		: 1662.438
cache size	: 1024 KB
physical id	: 0
siblings	: 2
core id		: 1
cpu cores	: 2
apicid		: 1
initial apicid	: 1
fpu		: yes
fpu_exception	: yes
cpuid level	: 10
wp		: yes
flags		: fpu vme de pse tsc msr pae mce cx8 apic sep mtrr pge mca cmov pat pse36 clflush dts acpi mmx fxsr sse sse2 ss ht tm pbe syscall nx lm constant_tsc arch_perfmon pebs bts rep_good nopl aperfmperf pni dtes64 monitor ds_cpl tm2 ssse3 cx16 xtpr pdcm lahf_lm dtherm
bogomips	: 3324.87
clflush size	: 64
cache_alignment	: 64
address sizes	: 36 bits physical, 48 bits virtual
power management:



Memory: 4k page, physical 2948840k(91520k free), swap 3008508k(2749732k free)

vm_info: Java HotSpot(TM) 64-Bit Server VM (25.101-b13) for linux-amd64 JRE (1.8.0_101-b13), built on Jun 22 2016 02:59:44 by "java_re" with gcc 4.3.0 20080428 (Red Hat 4.3.0-8)

time: Tue Sep 27 21:12:30 2016
elapsed time: 15 seconds (0d 0h 0m 15s)

