#
# A fatal error has been detected by the Java Runtime Environment:
#
#  SIGSEGV (0xb) at pc=0x00007fe905664cc7, pid=17366, tid=0x00007fe8f00f0700
#
# JRE version: Java(TM) SE Runtime Environment (8.0_101-b13) (build 1.8.0_101-b13)
# Java VM: Java HotSpot(TM) 64-Bit Server VM (25.101-b13 mixed mode linux-amd64 compressed oops)
# Problematic frame:
# V  [libjvm.so+0x979cc7]  ParCompactionManager::follow_marking_stacks()+0x3d7
#
# Failed to write core dump. Core dumps have been disabled. To enable core dumping, try "ulimit -c unlimited" before starting Java again
#
# If you would like to submit a bug report, please visit:
#   http://bugreport.java.com/bugreport/crash.jsp
#

---------------  T H R E A D  ---------------

Current thread (0x00007fe900021000):  GCTaskThread [stack: 0x00007fe8efff0000,0x00007fe8f00f1000] [id=17380]

siginfo: si_signo: 11 (SIGSEGV), si_code: 2 (SEGV_ACCERR), si_addr: 0x0000000100282b80

Registers:
RAX=0x00007fe905c78b90, RBX=0x00000000c1105598, RCX=0x0000000000000003, RDX=0x0000000000000001
RSP=0x00007fe8f00ef7a0, RBP=0x00007fe8f00ef920, RSI=0x0008000000000000, RDI=0x0000000100282b78
R8 =0x00000000c1098d98, R9 =0x0000000000000001, R10=0x0000000000000003, R11=0x00007fe905ca8100
R12=0x00007fe900070e40, R13=0x00007fe905cac120, R14=0x00000000c109868c, R15=0x0000000000000003
RIP=0x00007fe905664cc7, EFLAGS=0x0000000000010206, CSGSFS=0x0000000000000033, ERR=0x0000000000000004
  TRAPNO=0x000000000000000e

Top of Stack: (sp=0x00007fe8f00ef7a0)
0x00007fe8f00ef7a0:   00007fe8f00ef880 00000000c1098d98
0x00007fe8f00ef7b0:   00007fe900070e50 00007fe8f00ef8d0
0x00007fe8f00ef7c0:   00007fe8f00ef8a0 00007fe8f00ef880
0x00007fe8f00ef7d0:   00007fe8f00ef870 00007fe8f00ef860
0x00007fe8f00ef7e0:   00007fe8f00ef850 00007fe8f00ef840
0x00007fe8f00ef7f0:   00007fe905c9d059 00007fe900070f00
0x00007fe8f00ef800:   00000000c1096588 00000000c1c99d50
0x00007fe8f00ef810:   00007fe900070e80 00007fe8f00ef8c8
0x00007fe8f00ef820:   0000000000000d1e 0000000000000a00
0x00007fe8f00ef830:   00007fe900070e80 00007fe8f00ef8e8
0x00007fe8f00ef840:   00007fe900071268 00007fe905c9d059
0x00007fe8f00ef850:   00007fe900071268 00007fe900071240
0x00007fe8f00ef860:   0000000000000000 00007fe900000000
0x00007fe8f00ef870:   00000000c1096588 00007fe800000800
0x00007fe8f00ef880:   00000000c1096588 00007fe900000800
0x00007fe8f00ef890:   00007fe8f00ef8c0 00007fe905672c0c
0x00007fe8f00ef8a0:   0000000000000000 000000000000001f
0x00007fe8f00ef8b0:   0000000100000000 03030000fffffcff
0x00007fe8f00ef8c0:   0303030303030303 0000030303030303
0x00007fe8f00ef8d0:   0000004800000000 00007fe900127800
0x00007fe8f00ef8e0:   0000004900000000 00000000c11124a0
0x00007fe8f00ef8f0:   00007fe900021540 00007fe8f00ef9b0
0x00007fe8f00ef900:   00007fe900021540 00007fe900021580
0x00007fe8f00ef910:   00007fe900070e40 00007fe9000236c0
0x00007fe8f00ef920:   00007fe8f00efa00 00007fe90564a47e
0x00007fe8f00ef930:   00007fe8f00ef970 00007fe900021590
0x00007fe8f00ef940:   00007fe900021968 00000000000003d8
0x00007fe8f00ef950:   00007fe905c47b20 00007fe900021000
0x00007fe8f00ef960:   00007fe8f00ef9b0 00007fe905c47b40
0x00007fe8f00ef970:   00007fe8f00ef900 00007fe8f00ef9b0
0x00007fe8f00ef980:   00007fe90001ec01 00007fe900021000
0x00007fe8f00ef990:   00007fe905c47a80 0000000000000000 

Instructions: (pc=0x00007fe905664cc7)
0x00007fe905664ca7:   ff ff 0f b6 10 84 d2 0f 84 7c 05 00 00 48 8b 05
0x00007fe905664cb7:   cd 4d 5f 00 8b 7b 08 8b 48 08 48 d3 e7 48 03 38
0x00007fe905664cc7:   8b 77 08 83 fe 00 0f 8e 6d 05 00 00 40 f6 c6 01
0x00007fe905664cd7:   0f 85 69 05 00 00 89 f0 c1 f8 03 4c 63 f8 48 89 

Register to memory mapping:

RAX=0x00007fe905c78b90: <offset 0xf8db90> in /usr/lib/jvm/java-8-oracle/jre/lib/amd64/server/libjvm.so at 0x00007fe904ceb000
RBX=
[error occurred during error reporting (printing register info), id 0xb]

Stack: [0x00007fe8efff0000,0x00007fe8f00f1000],  sp=0x00007fe8f00ef7a0,  free space=1021k
Native frames: (J=compiled Java code, j=interpreted, Vv=VM code, C=native code)
V  [libjvm.so+0x979cc7]  ParCompactionManager::follow_marking_stacks()+0x3d7
V  [libjvm.so+0x95f47e]  ThreadRootsMarkingTask::do_it(GCTaskManager*, unsigned int)+0x12e
V  [libjvm.so+0x5d6b5f]  GCTaskThread::run()+0x12f
V  [libjvm.so+0x924698]  java_start(Thread*)+0x108


---------------  P R O C E S S  ---------------

Java Threads: ( => current thread )
  0x00007fe90012b800 JavaThread "pool-1-thread-4" [_thread_blocked, id=17405, stack(0x00007fe8d75f6000,0x00007fe8d76f7000)]
  0x00007fe900129800 JavaThread "pool-1-thread-3" [_thread_blocked, id=17404, stack(0x00007fe8d76f7000,0x00007fe8d77f8000)]
  0x00007fe900127800 JavaThread "pool-1-thread-2" [_thread_blocked, id=17403, stack(0x00007fe8d77f8000,0x00007fe8d78f9000)]
  0x00007fe900126800 JavaThread "pool-2-thread-1" [_thread_blocked, id=17402, stack(0x00007fe8d78f9000,0x00007fe8d79fa000)]
  0x00007fe900124000 JavaThread "pool-1-thread-1" [_thread_blocked, id=17401, stack(0x00007fe8d79fa000,0x00007fe8d7afb000)]
  0x00007fe9000ba000 JavaThread "Service Thread" daemon [_thread_blocked, id=17394, stack(0x00007fe8d7bfc000,0x00007fe8d7cfd000)]
  0x00007fe9000b7800 JavaThread "C1 CompilerThread1" daemon [_thread_blocked, id=17393, stack(0x00007fe8d7cfd000,0x00007fe8d7dfe000)]
  0x00007fe9000b4800 JavaThread "C2 CompilerThread0" daemon [_thread_blocked, id=17390, stack(0x00007fe8d7dfe000,0x00007fe8d7eff000)]
  0x00007fe9000b3000 JavaThread "Signal Dispatcher" daemon [_thread_blocked, id=17388, stack(0x00007fe8d7eff000,0x00007fe8d8000000)]
  0x00007fe900080000 JavaThread "Finalizer" daemon [_thread_blocked, id=17386, stack(0x00007fe8ec746000,0x00007fe8ec847000)]
  0x00007fe90007b800 JavaThread "Reference Handler" daemon [_thread_blocked, id=17385, stack(0x00007fe8ec847000,0x00007fe8ec948000)]
  0x00007fe90000a000 JavaThread "main" [_thread_blocked, id=17370, stack(0x00007fe9067d0000,0x00007fe9068d1000)]

Other Threads:
  0x00007fe900073800 VMThread [stack: 0x00007fe8ec948000,0x00007fe8eca49000] [id=17382]
  0x00007fe9000bd000 WatcherThread [stack: 0x00007fe8d7afb000,0x00007fe8d7bfc000] [id=17396]

=>0x00007fe900021000 (exited) GCTaskThread [stack: 0x00007fe8efff0000,0x00007fe8f00f1000] [id=17380]

VM state:at safepoint (normal execution)

VM Mutex/Monitor currently owned by a thread:  ([mutex/lock_event])
[0x00007fe900006460] Threads_lock - owner thread: 0x00007fe900073800
[0x00007fe900006960] Heap_lock - owner thread: 0x00007fe900127800

Heap:
 PSYoungGen      total 50688K, used 1511K [0x00000000eab00000, 0x00000000f2900000, 0x0000000100000000)
  eden space 49152K, 0% used [0x00000000eab00000,0x00000000eab00000,0x00000000edb00000)
  from space 1536K, 98% used [0x00000000edb00000,0x00000000edc79d60,0x00000000edc80000)
  to   space 15360K, 0% used [0x00000000f1a00000,0x00000000f1a00000,0x00000000f2900000)
 ParOldGen       total 31744K, used 29292K [0x00000000c0000000, 0x00000000c1f00000, 0x00000000eab00000)
  object space 31744K, 92% used [0x00000000c0000000,0x00000000c1c9b2b8,0x00000000c1f00000)
 Metaspace       used 5727K, capacity 6896K, committed 7040K, reserved 1056768K
  class space    used 578K, capacity 616K, committed 640K, reserved 1048576K

Card table byte_map: [0x00007fe8f01f2000,0x00007fe8f03f3000] byte_map_base: 0x00007fe8efbf2000

Marking Bits: (ParMarkBitMap*) 0x00007fe905cac120
 Begin Bits: [0x00007fe8edff0000, 0x00007fe8eeff0000)
 End Bits:   [0x00007fe8eeff0000, 0x00007fe8efff0000)

Polling page: 0x00007fe9068ed000

CodeCache: size=245760Kb used=3994Kb max_used=3994Kb free=241765Kb
 bounds [0x00007fe8f07b3000, 0x00007fe8f0ba3000, 0x00007fe8ff7b3000]
 total_blobs=1300 nmethods=1041 adapters=175
 compilation: enabled

Compilation events (10 events):
Event: 15.742 Thread 0x00007fe9000b7800 nmethod 1609% 0x00007fe8f0b97190 code [0x00007fe8f0b973a0, 0x00007fe8f0b97dc8]
Event: 15.743 Thread 0x00007fe9000b7800 1602       2       com.android.dx.util.ListIntSet$1::hasNext (23 bytes)
Event: 15.748 Thread 0x00007fe9000b7800 nmethod 1602 0x00007fe8f0b98450 code [0x00007fe8f0b985c0, 0x00007fe8f0b98730]
Event: 15.748 Thread 0x00007fe9000b7800 1599       2       com.android.dx.util.ListIntSet::has (17 bytes)
Event: 15.749 Thread 0x00007fe9000b7800 nmethod 1599 0x00007fe8f0b98810 code [0x00007fe8f0b98980, 0x00007fe8f0b98b08]
Event: 15.760 Thread 0x00007fe9000b7800 1610 %     3       com.android.dx.ssa.SsaBasicBlock::forEachPhiInsn @ 10 (54 bytes)
Event: 15.762 Thread 0x00007fe9000b7800 nmethod 1610% 0x00007fe8f0b98bd0 code [0x00007fe8f0b98dc0, 0x00007fe8f0b996e8]
Event: 15.769 Thread 0x00007fe9000b7800 1611       3       com.android.dx.ssa.SsaRenamer$BlockRenamer::updateSuccessorPhis (64 bytes)
Event: 15.771 Thread 0x00007fe9000b7800 nmethod 1611 0x00007fe8f0b99bd0 code [0x00007fe8f0b99de0, 0x00007fe8f0b9a748]
Event: 15.810 Thread 0x00007fe9000b7800 1612       3       com.android.dx.ssa.SsaBasicBlock::forEachPhiInsn (54 bytes)

GC Heap History (10 events):
Event: 4.829 GC heap after
Heap after GC invocations=1 (full 0):
 PSYoungGen      total 13824K, used 1506K [0x00000000eab00000, 0x00000000ec600000, 0x0000000100000000)
  eden space 12288K, 0% used [0x00000000eab00000,0x00000000eab00000,0x00000000eb700000)
  from space 1536K, 98% used [0x00000000eb700000,0x00000000eb8789e8,0x00000000eb880000)
  to   space 1536K, 0% used [0x00000000ec480000,0x00000000ec480000,0x00000000ec600000)
 ParOldGen       total 31744K, used 2249K [0x00000000c0000000, 0x00000000c1f00000, 0x00000000eab00000)
  object space 31744K, 7% used [0x00000000c0000000,0x00000000c0232748,0x00000000c1f00000)
 Metaspace       used 5334K, capacity 6576K, committed 6784K, reserved 1056768K
  class space    used 565K, capacity 616K, committed 640K, reserved 1048576K
}
Event: 6.319 GC heap before
{Heap before GC invocations=2 (full 0):
 PSYoungGen      total 13824K, used 13794K [0x00000000eab00000, 0x00000000ec600000, 0x0000000100000000)
  eden space 12288K, 100% used [0x00000000eab00000,0x00000000eb700000,0x00000000eb700000)
  from space 1536K, 98% used [0x00000000eb700000,0x00000000eb8789e8,0x00000000eb880000)
  to   space 1536K, 0% used [0x00000000ec480000,0x00000000ec480000,0x00000000ec600000)
 ParOldGen       total 31744K, used 2249K [0x00000000c0000000, 0x00000000c1f00000, 0x00000000eab00000)
  object space 31744K, 7% used [0x00000000c0000000,0x00000000c0232748,0x00000000c1f00000)
 Metaspace       used 5426K, capacity 6640K, committed 6784K, reserved 1056768K
  class space    used 565K, capacity 616K, committed 640K, reserved 1048576K
Event: 6.443 GC heap after
Heap after GC invocations=2 (full 0):
 PSYoungGen      total 26112K, used 1522K [0x00000000eab00000, 0x00000000ec600000, 0x0000000100000000)
  eden space 24576K, 0% used [0x00000000eab00000,0x00000000eab00000,0x00000000ec300000)
  from space 1536K, 99% used [0x00000000ec480000,0x00000000ec5fca50,0x00000000ec600000)
  to   space 1536K, 0% used [0x00000000ec300000,0x00000000ec300000,0x00000000ec480000)
 ParOldGen       total 31744K, used 4284K [0x00000000c0000000, 0x00000000c1f00000, 0x00000000eab00000)
  object space 31744K, 13% used [0x00000000c0000000,0x00000000c042f248,0x00000000c1f00000)
 Metaspace       used 5426K, capacity 6640K, committed 6784K, reserved 1056768K
  class space    used 565K, capacity 616K, committed 640K, reserved 1048576K
}
Event: 8.444 GC heap before
{Heap before GC invocations=3 (full 0):
 PSYoungGen      total 26112K, used 26098K [0x00000000eab00000, 0x00000000ec600000, 0x0000000100000000)
  eden space 24576K, 100% used [0x00000000eab00000,0x00000000ec300000,0x00000000ec300000)
  from space 1536K, 99% used [0x00000000ec480000,0x00000000ec5fca50,0x00000000ec600000)
  to   space 1536K, 0% used [0x00000000ec300000,0x00000000ec300000,0x00000000ec480000)
 ParOldGen       total 31744K, used 4284K [0x00000000c0000000, 0x00000000c1f00000, 0x00000000eab00000)
  object space 31744K, 13% used [0x00000000c0000000,0x00000000c042f248,0x00000000c1f00000)
 Metaspace       used 5512K, capacity 6704K, committed 6784K, reserved 1056768K
  class space    used 567K, capacity 616K, committed 640K, reserved 1048576K
Event: 8.571 GC heap after
Heap after GC invocations=3 (full 0):
 PSYoungGen      total 26112K, used 1505K [0x00000000eab00000, 0x00000000ede00000, 0x0000000100000000)
  eden space 24576K, 0% used [0x00000000eab00000,0x00000000eab00000,0x00000000ec300000)
  from space 1536K, 98% used [0x00000000ec300000,0x00000000ec478720,0x00000000ec480000)
  to   space 1536K, 0% used [0x00000000edc80000,0x00000000edc80000,0x00000000ede00000)
 ParOldGen       total 31744K, used 8567K [0x00000000c0000000, 0x00000000c1f00000, 0x00000000eab00000)
  object space 31744K, 26% used [0x00000000c0000000,0x00000000c085dd60,0x00000000c1f00000)
 Metaspace       used 5512K, capacity 6704K, committed 6784K, reserved 1056768K
  class space    used 567K, capacity 616K, committed 640K, reserved 1048576K
}
Event: 10.136 GC heap before
{Heap before GC invocations=4 (full 0):
 PSYoungGen      total 26112K, used 26081K [0x00000000eab00000, 0x00000000ede00000, 0x0000000100000000)
  eden space 24576K, 100% used [0x00000000eab00000,0x00000000ec300000,0x00000000ec300000)
  from space 1536K, 98% used [0x00000000ec300000,0x00000000ec478720,0x00000000ec480000)
  to   space 1536K, 0% used [0x00000000edc80000,0x00000000edc80000,0x00000000ede00000)
 ParOldGen       total 31744K, used 8567K [0x00000000c0000000, 0x00000000c1f00000, 0x00000000eab00000)
  object space 31744K, 26% used [0x00000000c0000000,0x00000000c085dd60,0x00000000c1f00000)
 Metaspace       used 5596K, capacity 6832K, committed 7040K, reserved 1056768K
  class space    used 575K, capacity 616K, committed 640K, reserved 1048576K
Event: 10.353 GC heap after
Heap after GC invocations=4 (full 0):
 PSYoungGen      total 50688K, used 1526K [0x00000000eab00000, 0x00000000ede00000, 0x0000000100000000)
  eden space 49152K, 0% used [0x00000000eab00000,0x00000000eab00000,0x00000000edb00000)
  from space 1536K, 99% used [0x00000000edc80000,0x00000000eddfd900,0x00000000ede00000)
  to   space 1536K, 0% used [0x00000000edb00000,0x00000000edb00000,0x00000000edc80000)
 ParOldGen       total 31744K, used 13434K [0x00000000c0000000, 0x00000000c1f00000, 0x00000000eab00000)
  object space 31744K, 42% used [0x00000000c0000000,0x00000000c0d1e9c0,0x00000000c1f00000)
 Metaspace       used 5596K, capacity 6832K, committed 7040K, reserved 1056768K
  class space    used 575K, capacity 616K, committed 640K, reserved 1048576K
}
Event: 15.811 GC heap before
{Heap before GC invocations=5 (full 0):
 PSYoungGen      total 50688K, used 50678K [0x00000000eab00000, 0x00000000ede00000, 0x0000000100000000)
  eden space 49152K, 100% used [0x00000000eab00000,0x00000000edb00000,0x00000000edb00000)
  from space 1536K, 99% used [0x00000000edc80000,0x00000000eddfd900,0x00000000ede00000)
  to   space 1536K, 0% used [0x00000000edb00000,0x00000000edb00000,0x00000000edc80000)
 ParOldGen       total 31744K, used 13434K [0x00000000c0000000, 0x00000000c1f00000, 0x00000000eab00000)
  object space 31744K, 42% used [0x00000000c0000000,0x00000000c0d1e9c0,0x00000000c1f00000)
 Metaspace       used 5727K, capacity 6896K, committed 7040K, reserved 1056768K
  class space    used 578K, capacity 616K, committed 640K, reserved 1048576K
Event: 16.459 GC heap after
Heap after GC invocations=5 (full 0):
 PSYoungGen      total 50688K, used 1511K [0x00000000eab00000, 0x00000000f2900000, 0x0000000100000000)
  eden space 49152K, 0% used [0x00000000eab00000,0x00000000eab00000,0x00000000edb00000)
  from space 1536K, 98% used [0x00000000edb00000,0x00000000edc79d60,0x00000000edc80000)
  to   space 15360K, 0% used [0x00000000f1a00000,0x00000000f1a00000,0x00000000f2900000)
 ParOldGen       total 31744K, used 29292K [0x00000000c0000000, 0x00000000c1f00000, 0x00000000eab00000)
  object space 31744K, 92% used [0x00000000c0000000,0x00000000c1c9b2b8,0x00000000c1f00000)
 Metaspace       used 5727K, capacity 6896K, committed 7040K, reserved 1056768K
  class space    used 578K, capacity 616K, committed 640K, reserved 1048576K
}
Event: 16.459 GC heap before
{Heap before GC invocations=6 (full 1):
 PSYoungGen      total 50688K, used 1511K [0x00000000eab00000, 0x00000000f2900000, 0x0000000100000000)
  eden space 49152K, 0% used [0x00000000eab00000,0x00000000eab00000,0x00000000edb00000)
  from space 1536K, 98% used [0x00000000edb00000,0x00000000edc79d60,0x00000000edc80000)
  to   space 15360K, 0% used [0x00000000f1a00000,0x00000000f1a00000,0x00000000f2900000)
 ParOldGen       total 31744K, used 29292K [0x00000000c0000000, 0x00000000c1f00000, 0x00000000eab00000)
  object space 31744K, 92% used [0x00000000c0000000,0x00000000c1c9b2b8,0x00000000c1f00000)
 Metaspace       used 5727K, capacity 6896K, committed 7040K, reserved 1056768K
  class space    used 578K, capacity 616K, committed 640K, reserved 1048576K

Deoptimization events (10 events):
Event: 8.764 Thread 0x00007fe900127800 Uncommon trap: reason=unstable_if action=reinterpret pc=0x00007fe8f09ae4bc method=com.android.dx.rop.code.RegisterSpec.equals(ILcom/android/dx/rop/type/TypeBearer;Lcom/android/dx/rop/code/LocalItem;)Z @ 24
Event: 8.825 Thread 0x00007fe900124000 Uncommon trap: reason=unloaded action=reinterpret pc=0x00007fe8f09f63b0 method=com.android.dx.ssa.SsaRenamer$BlockRenamer.visitMoveInsn(Lcom/android/dx/ssa/NormalSsaInsn;)V @ 208
Event: 8.864 Thread 0x00007fe900124000 Uncommon trap: reason=unstable_if action=reinterpret pc=0x00007fe8f0a1ff10 method=com.android.dx.rop.code.RegisterSpec.equals(ILcom/android/dx/rop/type/TypeBearer;Lcom/android/dx/rop/code/LocalItem;)Z @ 24
Event: 8.949 Thread 0x00007fe90012b800 Uncommon trap: reason=unstable_if action=reinterpret pc=0x00007fe8f097cbb8 method=java.util.BitSet.ensureCapacity(I)V @ 6
Event: 9.363 Thread 0x00007fe90000a000 Uncommon trap: reason=unstable_if action=reinterpret pc=0x00007fe8f09235dc method=com.android.dx.rop.cst.Constant.compareTo(Lcom/android/dx/rop/cst/Constant;)I @ 12
Event: 9.942 Thread 0x00007fe90000a000 Uncommon trap: reason=class_check action=maybe_recompile pc=0x00007fe8f0a202a0 method=com.android.dx.rop.type.Type.equals(Ljava/lang/Object;)Z @ 8
Event: 9.942 Thread 0x00007fe90000a000 Uncommon trap: reason=class_check action=maybe_recompile pc=0x00007fe8f0a202a0 method=com.android.dx.rop.type.Type.equals(Ljava/lang/Object;)Z @ 8
Event: 9.946 Thread 0x00007fe90000a000 Uncommon trap: reason=class_check action=maybe_recompile pc=0x00007fe8f0a202a0 method=com.android.dx.rop.type.Type.equals(Ljava/lang/Object;)Z @ 8
Event: 9.946 Thread 0x00007fe90000a000 Uncommon trap: reason=class_check action=maybe_recompile pc=0x00007fe8f0a202a0 method=com.android.dx.rop.type.Type.equals(Ljava/lang/Object;)Z @ 8
Event: 10.901 Thread 0x00007fe90012b800 Uncommon trap: reason=unstable_if action=reinterpret pc=0x00007fe8f0a9a060 method=com.android.dx.cf.code.Ropper.labelToResultIndex(I)I @ 34

Internal exceptions (2 events):
Event: 0.177 Thread 0x00007fe90000a000 Exception <a 'java/lang/NoSuchMethodError': Method sun.misc.Unsafe.defineClass(Ljava/lang/String;[BII)Ljava/lang/Class; name or signature does not match> (0x00000000eab07cc0) thrown at [/HUDSON3/workspace/8-2-build-linux-amd64/jdk8u101/7261/hotspot/src/sh
Event: 0.178 Thread 0x00007fe90000a000 Exception <a 'java/lang/NoSuchMethodError': Method sun.misc.Unsafe.prefetchRead(Ljava/lang/Object;J)V name or signature does not match> (0x00000000eab07fa8) thrown at [/HUDSON3/workspace/8-2-build-linux-amd64/jdk8u101/7261/hotspot/src/share/vm/prims/jni.c

Events (10 events):
Event: 15.685 Thread 0x00007fe900127800 DEOPT UNPACKING pc=0x00007fe8f07f9f73 sp=0x00007fe8d78f6a18 mode 0
Event: 15.710 Thread 0x00007fe900127800 DEOPT PACKING pc=0x00007fe8f09d2b47 sp=0x00007fe8d78f6cb0
Event: 15.710 Thread 0x00007fe900127800 DEOPT UNPACKING pc=0x00007fe8f07f9f73 sp=0x00007fe8d78f6a18 mode 0
Event: 15.758 Thread 0x00007fe90000a000 DEOPT PACKING pc=0x00007fe8f09d2b47 sp=0x00007fe9068ce260
Event: 15.758 Thread 0x00007fe90000a000 DEOPT UNPACKING pc=0x00007fe8f07f9f73 sp=0x00007fe9068cdfc8 mode 0
Event: 15.780 Thread 0x00007fe900127800 DEOPT PACKING pc=0x00007fe8f09d2b47 sp=0x00007fe8d78f6cb0
Event: 15.780 Thread 0x00007fe900127800 DEOPT UNPACKING pc=0x00007fe8f07f9f73 sp=0x00007fe8d78f6a18 mode 0
Event: 15.806 Thread 0x00007fe90000a000 DEOPT PACKING pc=0x00007fe8f09d2b47 sp=0x00007fe9068ce1e0
Event: 15.806 Thread 0x00007fe90000a000 DEOPT UNPACKING pc=0x00007fe8f07f9f73 sp=0x00007fe9068cdf48 mode 0
Event: 15.811 Executing VM operation: ParallelGCFailedAllocation


Dynamic libraries:
00400000-00401000 r-xp 00000000 08:01 3279757                            /usr/lib/jvm/java-8-oracle/bin/java
00600000-00601000 rw-p 00000000 08:01 3279757                            /usr/lib/jvm/java-8-oracle/bin/java
01c1c000-01c3d000 rw-p 00000000 00:00 0                                  [heap]
c0000000-c1f00000 rw-p 00000000 00:00 0 
c1f00000-eab00000 ---p 00000000 00:00 0 
eab00000-f2900000 rw-p 00000000 00:00 0 
f2900000-100000000 ---p 00000000 00:00 0 
100000000-1000a0000 rw-p 00000000 00:00 0 
1000a0000-140000000 ---p 00000000 00:00 0 
7fe8b0000000-7fe8b00b7000 rw-p 00000000 00:00 0 
7fe8b00b7000-7fe8b4000000 ---p 00000000 00:00 0 
7fe8b4000000-7fe8b402d000 rw-p 00000000 00:00 0 
7fe8b402d000-7fe8b8000000 ---p 00000000 00:00 0 
7fe8b8000000-7fe8b803f000 rw-p 00000000 00:00 0 
7fe8b803f000-7fe8bc000000 ---p 00000000 00:00 0 
7fe8bc000000-7fe8bc021000 rw-p 00000000 00:00 0 
7fe8bc021000-7fe8c0000000 ---p 00000000 00:00 0 
7fe8c0000000-7fe8c0021000 rw-p 00000000 00:00 0 
7fe8c0021000-7fe8c4000000 ---p 00000000 00:00 0 
7fe8c4000000-7fe8c4021000 rw-p 00000000 00:00 0 
7fe8c4021000-7fe8c8000000 ---p 00000000 00:00 0 
7fe8c8000000-7fe8c8926000 rw-p 00000000 00:00 0 
7fe8c8926000-7fe8cc000000 ---p 00000000 00:00 0 
7fe8cc000000-7fe8cc87b000 rw-p 00000000 00:00 0 
7fe8cc87b000-7fe8d0000000 ---p 00000000 00:00 0 
7fe8d0000000-7fe8d0021000 rw-p 00000000 00:00 0 
7fe8d0021000-7fe8d4000000 ---p 00000000 00:00 0 
7fe8d75f6000-7fe8d75f9000 ---p 00000000 00:00 0 
7fe8d75f9000-7fe8d76f7000 rw-p 00000000 00:00 0                          [stack:17405]
7fe8d76f7000-7fe8d76fa000 ---p 00000000 00:00 0 
7fe8d76fa000-7fe8d77f8000 rw-p 00000000 00:00 0                          [stack:17404]
7fe8d77f8000-7fe8d77fb000 ---p 00000000 00:00 0 
7fe8d77fb000-7fe8d78f9000 rw-p 00000000 00:00 0                          [stack:17403]
7fe8d78f9000-7fe8d78fc000 ---p 00000000 00:00 0 
7fe8d78fc000-7fe8d79fa000 rw-p 00000000 00:00 0                          [stack:17402]
7fe8d79fa000-7fe8d79fd000 ---p 00000000 00:00 0 
7fe8d79fd000-7fe8d7afb000 rw-p 00000000 00:00 0                          [stack:17401]
7fe8d7afb000-7fe8d7afc000 ---p 00000000 00:00 0 
7fe8d7afc000-7fe8d7bfc000 rw-p 00000000 00:00 0                          [stack:17396]
7fe8d7bfc000-7fe8d7bff000 ---p 00000000 00:00 0 
7fe8d7bff000-7fe8d7cfd000 rw-p 00000000 00:00 0                          [stack:17394]
7fe8d7cfd000-7fe8d7d00000 ---p 00000000 00:00 0 
7fe8d7d00000-7fe8d7dfe000 rw-p 00000000 00:00 0                          [stack:17393]
7fe8d7dfe000-7fe8d7e01000 ---p 00000000 00:00 0 
7fe8d7e01000-7fe8d7eff000 rw-p 00000000 00:00 0                          [stack:17390]
7fe8d7eff000-7fe8d7f02000 ---p 00000000 00:00 0 
7fe8d7f02000-7fe8d8000000 rw-p 00000000 00:00 0                          [stack:17388]
7fe8d8000000-7fe8d8021000 rw-p 00000000 00:00 0 
7fe8d8021000-7fe8dc000000 ---p 00000000 00:00 0 
7fe8dc000000-7fe8dc021000 rw-p 00000000 00:00 0 
7fe8dc021000-7fe8e0000000 ---p 00000000 00:00 0 
7fe8e0000000-7fe8e0294000 rw-p 00000000 00:00 0 
7fe8e0294000-7fe8e4000000 ---p 00000000 00:00 0 
7fe8e4000000-7fe8e4021000 rw-p 00000000 00:00 0 
7fe8e4021000-7fe8e8000000 ---p 00000000 00:00 0 
7fe8e8000000-7fe8e8021000 rw-p 00000000 00:00 0 
7fe8e8021000-7fe8ec000000 ---p 00000000 00:00 0 
7fe8ec062000-7fe8ec746000 r--p 00000000 08:01 13113697                   /usr/lib/locale/locale-archive
7fe8ec746000-7fe8ec749000 ---p 00000000 00:00 0 
7fe8ec749000-7fe8ec847000 rw-p 00000000 00:00 0                          [stack:17386]
7fe8ec847000-7fe8ec84a000 ---p 00000000 00:00 0 
7fe8ec84a000-7fe8ec948000 rw-p 00000000 00:00 0                          [stack:17385]
7fe8ec948000-7fe8ec949000 ---p 00000000 00:00 0 
7fe8ec949000-7fe8ed3a1000 rw-p 00000000 00:00 0                          [stack:17382]
7fe8ed3a1000-7fe8ed57a000 r--s 03d29000 08:01 13118676                   /usr/lib/jvm/java-8-oracle/jre/lib/rt.jar
7fe8ed57a000-7fe8edc30000 rw-p 00000000 00:00 0 
7fe8edc30000-7fe8eddf0000 ---p 00000000 00:00 0 
7fe8eddf0000-7fe8efff0000 rw-p 00000000 00:00 0 
7fe8efff0000-7fe8efff1000 ---p 00000000 00:00 0 
7fe8efff1000-7fe8f00f1000 rw-p 00000000 00:00 0                          [stack:17380]
7fe8f00f1000-7fe8f00f2000 ---p 00000000 00:00 0 
7fe8f00f2000-7fe8f0202000 rw-p 00000000 00:00 0                          [stack:17379]
7fe8f0202000-7fe8f0347000 ---p 00000000 00:00 0 
7fe8f0347000-7fe8f0387000 rw-p 00000000 00:00 0 
7fe8f0387000-7fe8f03f2000 ---p 00000000 00:00 0 
7fe8f03f2000-7fe8f0403000 rw-p 00000000 00:00 0 
7fe8f0403000-7fe8f07b3000 ---p 00000000 00:00 0 
7fe8f07b3000-7fe8f0ba3000 rwxp 00000000 00:00 0 
7fe8f0ba3000-7fe8ff7b3000 ---p 00000000 00:00 0 
7fe8ff7b3000-7fe8ff7cd000 r-xp 00000000 08:01 13766358                   /usr/lib/jvm/java-8-oracle/jre/lib/amd64/libzip.so
7fe8ff7cd000-7fe8ff9cd000 ---p 0001a000 08:01 13766358                   /usr/lib/jvm/java-8-oracle/jre/lib/amd64/libzip.so
7fe8ff9cd000-7fe8ff9ce000 rw-p 0001a000 08:01 13766358                   /usr/lib/jvm/java-8-oracle/jre/lib/amd64/libzip.so
7fe8ff9ce000-7fe8ff9d9000 r-xp 00000000 08:01 2621673                    /lib/x86_64-linux-gnu/libnss_files-2.15.so
7fe8ff9d9000-7fe8ffbd8000 ---p 0000b000 08:01 2621673                    /lib/x86_64-linux-gnu/libnss_files-2.15.so
7fe8ffbd8000-7fe8ffbd9000 r--p 0000a000 08:01 2621673                    /lib/x86_64-linux-gnu/libnss_files-2.15.so
7fe8ffbd9000-7fe8ffbda000 rw-p 0000b000 08:01 2621673                    /lib/x86_64-linux-gnu/libnss_files-2.15.so
7fe8ffbda000-7fe8ffbe4000 r-xp 00000000 08:01 2621658                    /lib/x86_64-linux-gnu/libnss_nis-2.15.so
7fe8ffbe4000-7fe8ffde4000 ---p 0000a000 08:01 2621658                    /lib/x86_64-linux-gnu/libnss_nis-2.15.so
7fe8ffde4000-7fe8ffde5000 r--p 0000a000 08:01 2621658                    /lib/x86_64-linux-gnu/libnss_nis-2.15.so
7fe8ffde5000-7fe8ffde6000 rw-p 0000b000 08:01 2621658                    /lib/x86_64-linux-gnu/libnss_nis-2.15.so
7fe8ffde6000-7fe8ffdfd000 r-xp 00000000 08:01 2621667                    /lib/x86_64-linux-gnu/libnsl-2.15.so
7fe8ffdfd000-7fe8ffffc000 ---p 00017000 08:01 2621667                    /lib/x86_64-linux-gnu/libnsl-2.15.so
7fe8ffffc000-7fe8ffffd000 r--p 00016000 08:01 2621667                    /lib/x86_64-linux-gnu/libnsl-2.15.so
7fe8ffffd000-7fe8ffffe000 rw-p 00017000 08:01 2621667                    /lib/x86_64-linux-gnu/libnsl-2.15.so
7fe8ffffe000-7fe900000000 rw-p 00000000 00:00 0 
7fe900000000-7fe900387000 rw-p 00000000 00:00 0 
7fe900387000-7fe904000000 ---p 00000000 00:00 0 
7fe90402c000-7fe90405d000 rw-p 00000000 00:00 0 
7fe90405d000-7fe9041a3000 ---p 00000000 00:00 0 
7fe9041a3000-7fe9041ab000 r-xp 00000000 08:01 2621672                    /lib/x86_64-linux-gnu/libnss_compat-2.15.so
7fe9041ab000-7fe9043aa000 ---p 00008000 08:01 2621672                    /lib/x86_64-linux-gnu/libnss_compat-2.15.so
7fe9043aa000-7fe9043ab000 r--p 00007000 08:01 2621672                    /lib/x86_64-linux-gnu/libnss_compat-2.15.so
7fe9043ab000-7fe9043ac000 rw-p 00008000 08:01 2621672                    /lib/x86_64-linux-gnu/libnss_compat-2.15.so
7fe9043ac000-7fe9043d6000 r-xp 00000000 08:01 13766323                   /usr/lib/jvm/java-8-oracle/jre/lib/amd64/libjava.so
7fe9043d6000-7fe9045d6000 ---p 0002a000 08:01 13766323                   /usr/lib/jvm/java-8-oracle/jre/lib/amd64/libjava.so
7fe9045d6000-7fe9045d8000 rw-p 0002a000 08:01 13766323                   /usr/lib/jvm/java-8-oracle/jre/lib/amd64/libjava.so
7fe9045d8000-7fe9045e5000 r-xp 00000000 08:01 13766361                   /usr/lib/jvm/java-8-oracle/jre/lib/amd64/libverify.so
7fe9045e5000-7fe9047e5000 ---p 0000d000 08:01 13766361                   /usr/lib/jvm/java-8-oracle/jre/lib/amd64/libverify.so
7fe9047e5000-7fe9047e7000 rw-p 0000d000 08:01 13766361                   /usr/lib/jvm/java-8-oracle/jre/lib/amd64/libverify.so
7fe9047e7000-7fe9047ee000 r-xp 00000000 08:01 2621660                    /lib/x86_64-linux-gnu/librt-2.15.so
7fe9047ee000-7fe9049ed000 ---p 00007000 08:01 2621660                    /lib/x86_64-linux-gnu/librt-2.15.so
7fe9049ed000-7fe9049ee000 r--p 00006000 08:01 2621660                    /lib/x86_64-linux-gnu/librt-2.15.so
7fe9049ee000-7fe9049ef000 rw-p 00007000 08:01 2621660                    /lib/x86_64-linux-gnu/librt-2.15.so
7fe9049ef000-7fe904aea000 r-xp 00000000 08:01 2621674                    /lib/x86_64-linux-gnu/libm-2.15.so
7fe904aea000-7fe904ce9000 ---p 000fb000 08:01 2621674                    /lib/x86_64-linux-gnu/libm-2.15.so
7fe904ce9000-7fe904cea000 r--p 000fa000 08:01 2621674                    /lib/x86_64-linux-gnu/libm-2.15.so
7fe904cea000-7fe904ceb000 rw-p 000fb000 08:01 2621674                    /lib/x86_64-linux-gnu/libm-2.15.so
7fe904ceb000-7fe9059b6000 r-xp 00000000 08:01 13894575                   /usr/lib/jvm/java-8-oracle/jre/lib/amd64/server/libjvm.so
7fe9059b6000-7fe905bb5000 ---p 00ccb000 08:01 13894575                   /usr/lib/jvm/java-8-oracle/jre/lib/amd64/server/libjvm.so
7fe905bb5000-7fe905c8e000 rw-p 00cca000 08:01 13894575                   /usr/lib/jvm/java-8-oracle/jre/lib/amd64/server/libjvm.so
7fe905c8e000-7fe905cd9000 rw-p 00000000 00:00 0 
7fe905cd9000-7fe905e8d000 r-xp 00000000 08:01 2621665                    /lib/x86_64-linux-gnu/libc-2.15.so
7fe905e8d000-7fe90608c000 ---p 001b4000 08:01 2621665                    /lib/x86_64-linux-gnu/libc-2.15.so
7fe90608c000-7fe906090000 r--p 001b3000 08:01 2621665                    /lib/x86_64-linux-gnu/libc-2.15.so
7fe906090000-7fe906092000 rw-p 001b7000 08:01 2621665                    /lib/x86_64-linux-gnu/libc-2.15.so
7fe906092000-7fe906097000 rw-p 00000000 00:00 0 
7fe906097000-7fe906099000 r-xp 00000000 08:01 2621657                    /lib/x86_64-linux-gnu/libdl-2.15.so
7fe906099000-7fe906299000 ---p 00002000 08:01 2621657                    /lib/x86_64-linux-gnu/libdl-2.15.so
7fe906299000-7fe90629a000 r--p 00002000 08:01 2621657                    /lib/x86_64-linux-gnu/libdl-2.15.so
7fe90629a000-7fe90629b000 rw-p 00003000 08:01 2621657                    /lib/x86_64-linux-gnu/libdl-2.15.so
7fe90629b000-7fe9062b0000 r-xp 00000000 08:01 2627921                    /usr/lib/jvm/java-8-oracle/lib/amd64/jli/libjli.so
7fe9062b0000-7fe9064b0000 ---p 00015000 08:01 2627921                    /usr/lib/jvm/java-8-oracle/lib/amd64/jli/libjli.so
7fe9064b0000-7fe9064b1000 rw-p 00015000 08:01 2627921                    /usr/lib/jvm/java-8-oracle/lib/amd64/jli/libjli.so
7fe9064b1000-7fe9064c9000 r-xp 00000000 08:01 2621668                    /lib/x86_64-linux-gnu/libpthread-2.15.so
7fe9064c9000-7fe9066c8000 ---p 00018000 08:01 2621668                    /lib/x86_64-linux-gnu/libpthread-2.15.so
7fe9066c8000-7fe9066c9000 r--p 00017000 08:01 2621668                    /lib/x86_64-linux-gnu/libpthread-2.15.so
7fe9066c9000-7fe9066ca000 rw-p 00018000 08:01 2621668                    /lib/x86_64-linux-gnu/libpthread-2.15.so
7fe9066ca000-7fe9066ce000 rw-p 00000000 00:00 0 
7fe9066ce000-7fe9066f0000 r-xp 00000000 08:01 2621671                    /lib/x86_64-linux-gnu/ld-2.15.so
7fe9066f6000-7fe9067d0000 rw-p 00000000 00:00 0 
7fe9067d0000-7fe9067d3000 ---p 00000000 00:00 0 
7fe9067d3000-7fe9068d5000 rw-p 00000000 00:00 0                          [stack:17370]
7fe9068d5000-7fe9068e4000 r--s 000df000 08:01 9309217                    /home/lin/Android/Sdk/build-tools/23.0.3/lib/dx.jar
7fe9068e4000-7fe9068ec000 rw-s 00000000 08:01 4850480                    /tmp/hsperfdata_root/17366
7fe9068ec000-7fe9068ed000 rw-p 00000000 00:00 0 
7fe9068ed000-7fe9068ee000 ---p 00000000 00:00 0 
7fe9068ee000-7fe9068f0000 rw-p 00000000 00:00 0 
7fe9068f0000-7fe9068f1000 r--p 00022000 08:01 2621671                    /lib/x86_64-linux-gnu/ld-2.15.so
7fe9068f1000-7fe9068f3000 rw-p 00023000 08:01 2621671                    /lib/x86_64-linux-gnu/ld-2.15.so
7fff47b2f000-7fff47b50000 rw-p 00000000 00:00 0                          [stack]
7fff47b81000-7fff47b83000 r-xp 00000000 00:00 0                          [vdso]
ffffffffff600000-ffffffffff601000 r-xp 00000000 00:00 0                  [vsyscall]

VM Arguments:
jvm_args: -Djava.awt.headless=true -Xmx1024M -Dfile.encoding=UTF-8 -Duser.country=US -Duser.language=en -Duser.variant 
java_command: com.android.dx.command.Main --dex --force-jumbo --num-threads=4 --output /home/lin/other/AndroidProjects/Radio/app/build/intermediates/pre-dexed/debug/main_7cc5f647af7043fa3f77b86279a066893619d21a.jar /home/lin/other/AndroidProjects/Radio/app/build/intermediates/transforms/instantRun/debug/folders/1/5/main
java_class_path (initial): /home/lin/Android/Sdk/build-tools/23.0.3/lib/dx.jar
Launcher Type: SUN_STANDARD

Environment Variables:
PATH=/usr/local/sbin:/usr/local/bin:/usr/sbin:/usr/bin:/sbin:/bin
USERNAME=root
LD_LIBRARY_PATH=/opt/android-studio/bin:
SHELL=/bin/bash
DISPLAY=:0.0

Signal Handlers:
SIGSEGV: [libjvm.so+0xac4790], sa_mask[0]=11111111011111111101111111111110, sa_flags=SA_RESTART|SA_SIGINFO
SIGBUS: [libjvm.so+0xac4790], sa_mask[0]=11111111011111111101111111111110, sa_flags=SA_RESTART|SA_SIGINFO
SIGFPE: [libjvm.so+0x91f140], sa_mask[0]=11111111011111111101111111111110, sa_flags=SA_RESTART|SA_SIGINFO
SIGPIPE: [libjvm.so+0x91f140], sa_mask[0]=11111111011111111101111111111110, sa_flags=SA_RESTART|SA_SIGINFO
SIGXFSZ: [libjvm.so+0x91f140], sa_mask[0]=11111111011111111101111111111110, sa_flags=SA_RESTART|SA_SIGINFO
SIGILL: [libjvm.so+0x91f140], sa_mask[0]=11111111011111111101111111111110, sa_flags=SA_RESTART|SA_SIGINFO
SIGUSR1: SIG_DFL, sa_mask[0]=00000000000000000000000000000000, sa_flags=none
SIGUSR2: [libjvm.so+0x920770], sa_mask[0]=00100000000000000000000000000000, sa_flags=SA_RESTART|SA_SIGINFO
SIGHUP: [libjvm.so+0x921b70], sa_mask[0]=11111111011111111101111111111110, sa_flags=SA_RESTART|SA_SIGINFO
SIGINT: [libjvm.so+0x921b70], sa_mask[0]=11111111011111111101111111111110, sa_flags=SA_RESTART|SA_SIGINFO
SIGTERM: [libjvm.so+0x921b70], sa_mask[0]=11111111011111111101111111111110, sa_flags=SA_RESTART|SA_SIGINFO
SIGQUIT: [libjvm.so+0x921b70], sa_mask[0]=11111111011111111101111111111110, sa_flags=SA_RESTART|SA_SIGINFO


---------------  S Y S T E M  ---------------

OS:DISTRIB_ID=Ubuntu
DISTRIB_RELEASE=12.04
DISTRIB_CODENAME=precise
DISTRIB_DESCRIPTION="Ubuntu 12.04.5 LTS"

uname:Linux 3.13.0-93-generic #140~precise1-Ubuntu SMP Tue Jul 19 19:55:11 UTC 2016 x86_64
libc:glibc 2.15 NPTL 2.15 
rlimit: STACK 8192k, CORE 0k, NPROC 22873, NOFILE 4096, AS infinity
load average:6.59 4.59 3.17

/proc/meminfo:
MemTotal:        2948840 kB
MemFree:           94836 kB
Buffers:           16076 kB
Cached:           469112 kB
SwapCached:        49820 kB
Active:          2052716 kB
Inactive:         638060 kB
Active(anon):    1891104 kB
Inactive(anon):   476344 kB
Active(file):     161612 kB
Inactive(file):   161716 kB
Unevictable:           0 kB
Mlocked:               0 kB
SwapTotal:       3008508 kB
SwapFree:        2762124 kB
Dirty:              1176 kB
Writeback:             0 kB
AnonPages:       2185708 kB
Mapped:           124828 kB
Shmem:            161820 kB
Slab:              73168 kB
SReclaimable:      44844 kB
SUnreclaim:        28324 kB
KernelStack:        4872 kB
PageTables:        35220 kB
NFS_Unstable:          0 kB
Bounce:                0 kB
WritebackTmp:          0 kB
CommitLimit:     4482928 kB
Committed_AS:    5562796 kB
VmallocTotal:   34359738367 kB
VmallocUsed:      346432 kB
VmallocChunk:   34359383644 kB
HardwareCorrupted:     0 kB
AnonHugePages:    874496 kB
HugePages_Total:       0
HugePages_Free:        0
HugePages_Rsvd:        0
HugePages_Surp:        0
Hugepagesize:       2048 kB
DirectMap4k:       65924 kB
DirectMap2M:     2945024 kB


CPU:total 2 (2 cores per cpu, 1 threads per core) family 6 model 15 stepping 13, cmov, cx8, fxsr, mmx, sse, sse2, sse3, ssse3, tsc

/proc/cpuinfo:
processor	: 0
vendor_id	: GenuineIntel
cpu family	: 6
model		: 15
model name	: Genuine Intel(R) CPU           T1600  @ 1.66GHz
stepping	: 13
microcode	: 0xa3
cpu MHz		: 1662.521
cache size	: 1024 KB
physical id	: 0
siblings	: 2
core id		: 0
cpu cores	: 2
apicid		: 0
initial apicid	: 0
fpu		: yes
fpu_exception	: yes
cpuid level	: 10
wp		: yes
flags		: fpu vme de pse tsc msr pae mce cx8 apic sep mtrr pge mca cmov pat pse36 clflush dts acpi mmx fxsr sse sse2 ss ht tm pbe syscall nx lm constant_tsc arch_perfmon pebs bts rep_good nopl aperfmperf pni dtes64 monitor ds_cpl tm2 ssse3 cx16 xtpr pdcm lahf_lm dtherm
bogomips	: 3325.04
clflush size	: 64
cache_alignment	: 64
address sizes	: 36 bits physical, 48 bits virtual
power management:

processor	: 1
vendor_id	: GenuineIntel
cpu family	: 6
model		: 15
model name	: Genuine Intel(R) CPU           T1600  @ 1.66GHz
stepping	: 13
microcode	: 0xa3
cpu MHz		: 1662.521
cache size	: 1024 KB
physical id	: 0
siblings	: 2
core id		: 1
cpu cores	: 2
apicid		: 1
initial apicid	: 1
fpu		: yes
fpu_exception	: yes
cpuid level	: 10
wp		: yes
flags		: fpu vme de pse tsc msr pae mce cx8 apic sep mtrr pge mca cmov pat pse36 clflush dts acpi mmx fxsr sse sse2 ss ht tm pbe syscall nx lm constant_tsc arch_perfmon pebs bts rep_good nopl aperfmperf pni dtes64 monitor ds_cpl tm2 ssse3 cx16 xtpr pdcm lahf_lm dtherm
bogomips	: 3325.04
clflush size	: 64
cache_alignment	: 64
address sizes	: 36 bits physical, 48 bits virtual
power management:



Memory: 4k page, physical 2948840k(94836k free), swap 3008508k(2762124k free)

vm_info: Java HotSpot(TM) 64-Bit Server VM (25.101-b13) for linux-amd64 JRE (1.8.0_101-b13), built on Jun 22 2016 02:59:44 by "java_re" with gcc 4.3.0 20080428 (Red Hat 4.3.0-8)

time: Mon Aug 29 23:22:25 2016
elapsed time: 16 seconds (0d 0h 0m 16s)

