#
# A fatal error has been detected by the Java Runtime Environment:
#
#  SIGSEGV (0xb) at pc=0x00007fa18d022c26, pid=17608, tid=0x00007fa1a5615700
#
# JRE version: Java(TM) SE Runtime Environment (8.0_101-b13) (build 1.8.0_101-b13)
# Java VM: Java HotSpot(TM) 64-Bit Server VM (25.101-b13 mixed mode linux-amd64 compressed oops)
# Problematic frame:
# j  com.android.dx.cf.code.BasicBlocker.visitConstant(IIILcom/android/dx/rop/cst/Constant;I)V+4
#
# Failed to write core dump. Core dumps have been disabled. To enable core dumping, try "ulimit -c unlimited" before starting Java again
#
# If you would like to submit a bug report, please visit:
#   http://bugreport.java.com/bugreport/crash.jsp
#

---------------  T H R E A D  ---------------

Current thread (0x00007fa19c00a000):  JavaThread "main" [_thread_in_Java, id=17612, stack(0x00007fa1a5515000,0x00007fa1a5616000)]

siginfo: si_signo: 11 (SIGSEGV), si_code: 2 (SEGV_ACCERR), si_addr: 0x000000010026ab08

Registers:
RAX=0x000000010006a838, RBX=0x000000000000001a, RCX=0x0000000000000040, RDX=0x000000010026aac8
RSP=0x00007fa1a5613538, RBP=0x00007fa1a5613578, RSI=0x0000000000100000, RDI=0x000000010006afe8
R8 =0x0000000000000001, R9 =0x000000000003c9cf, R10=0x00007fa1a49f7dc0, R11=0x0000000000020000
R12=0x0000000000000000, R13=0x00007fa1a181e451, R14=0x00007fa1a56135b0, R15=0x00007fa19c00a000
RIP=0x00007fa18d022c26, EFLAGS=0x0000000000010206, CSGSFS=0x0000000000000033, ERR=0x0000000000000004
  TRAPNO=0x000000000000000e

Top of Stack: (sp=0x00007fa1a5613538)
0x00007fa1a5613538:   00007fa1a5613538 00007fa1a181e44c
0x00007fa1a5613548:   00007fa1a56135b0 00007fa1a181f1e8
0x00007fa1a5613558:   00007fa1a1953b60 00007fa1a181e4c8
0x00007fa1a5613568:   0000000000000000 00007fa1a56135c0
0x00007fa1a5613578:   00007fa1a56139b0 00007fa18d211e9c
0x00007fa1a5613588:   00007fa100000000 00000000ebd048f0
0x00007fa1a5613598:   0000000000000003 00007fa100000011
0x00007fa1a56135a8:   00007fa1000000b2 00000000ebd1cdb8
0x00007fa1a56135b8:   00007fa18d211e9c 0000000000000000
0x00007fa1a56135c8:   0000000001d33354 00007fa19c00a000
0x00007fa1a56135d8:   00007fa1a49f1e80 00007fa1a5613a98
0x00007fa1a56135e8:   00007fa18d2968b4 00007fa19c0076e0
0x00007fa1a56135f8:   00000000ec305fb8 00007fa19c00a000
0x00007fa1a5613608:   0000000000000000 00007fa19c00a000
0x00007fa1a5613618:   00007fa19c00a000 00007fa19c00a000
0x00007fa1a5613628:   00000000ebd1be70 00007fa19c00a000
0x00007fa1a5613638:   00007fa1a49f1e80 00007fa1a5613680
0x00007fa1a5613648:   00007fa1a4462522 00007fa19c0076e0
0x00007fa1a5613658:   00000000ebd1cc40 00007fa19c00a000
0x00007fa1a5613668:   0000000000000000 00007fa19c00a000
0x00007fa1a5613678:   000000003359c978 00000000ebd0eab0
0x00007fa1a5613688:   0000001200000011 00000000ebd0ea98
0x00007fa1a5613698:   00000000ebd1cdb8 00000000ebd0eab0
0x00007fa1a56136a8:   00000000000000b2 0000000000000000
0x00007fa1a56136b8:   00000000ebd1c808 00007fa1a5613710
0x00007fa1a56136c8:   00007fa19c00a000 00007fa1a5613720
0x00007fa1a56136d8:   00007fa18d23e57f 00000000ebd1be70
0x00007fa1a56136e8:   00007fa1a5613728 00007fa1a56137c8
0x00007fa1a56136f8:   00007fa18d29218c 00000000ebd1bdc0
0x00007fa1a5613708:   00007fa18d2a5574 00000000c020da20
0x00007fa1a5613718:   00000000ebd1bdc0 00000000ebd1be70
0x00007fa1a5613728:   00007fa18d242964 00000000ec376a48 

Instructions: (pc=0x00007fa18d022c26)
0x00007fa18d022c06:   89 51 10 bf 01 00 00 00 48 89 79 18 48 83 c1 30
0x00007fa18d022c16:   48 89 4d e0 48 3b d0 0f 84 59 00 00 00 8b 48 0c
0x00007fa18d022c26:   48 3b 04 0a 0f 84 4c 00 00 00 83 f9 18 0f 85 22
0x00007fa18d022c36:   00 00 00 50 48 8b c0 57 48 8b 7a 20 8b 0f 48 83 

Register to memory mapping:

RAX=0x000000010006a838 is pointing into metadata
RBX=0x000000000000001a is an unknown value
RCX=0x0000000000000040 is an unknown value
RDX=0x000000010026aac8 is an unknown value
RSP=0x00007fa1a5613538 is pointing into the stack for thread: 0x00007fa19c00a000
RBP=0x00007fa1a5613578 is pointing into the stack for thread: 0x00007fa19c00a000
RSI=0x0000000000100000 is an unknown value
RDI=0x000000010006afe8 is pointing into metadata
R8 =0x0000000000000001 is an unknown value
R9 =0x000000000003c9cf is an unknown value
R10=0x00007fa1a49f7dc0: <offset 0xfc7dc0> in /usr/lib/jvm/java-8-oracle/jre/lib/amd64/server/libjvm.so at 0x00007fa1a3a30000
R11=0x0000000000020000 is an unknown value
R12=0x0000000000000000 is an unknown value
R13=0x00007fa1a181e451 is pointing into metadata
R14=0x00007fa1a56135b0 is pointing into the stack for thread: 0x00007fa19c00a000
R15=0x00007fa19c00a000 is a thread


Stack: [0x00007fa1a5515000,0x00007fa1a5616000],  sp=0x00007fa1a5613538,  free space=1017k
Native frames: (J=compiled Java code, j=interpreted, Vv=VM code, C=native code)
j  com.android.dx.cf.code.BasicBlocker.visitConstant(IIILcom/android/dx/rop/cst/Constant;I)V+4
J 606 C1 com.android.dx.cf.code.BytecodeArray.parseInstruction(ILcom/android/dx/cf/code/BytecodeArray$Visitor;)I (2764 bytes) @ 0x00007fa18d211e9c [0x00007fa18d210e60+0x103c]
j  com.android.dx.cf.code.BytecodeArray.processWorkSet([ILcom/android/dx/cf/code/BytecodeArray$Visitor;)V+35
j  com.android.dx.cf.code.BasicBlocker.doit()V+53
j  com.android.dx.cf.code.BasicBlocker.identifyBlocks(Lcom/android/dx/cf/code/ConcreteMethod;)Lcom/android/dx/cf/code/ByteBlockList;+10
j  com.android.dx.cf.code.Ropper.<init>(Lcom/android/dx/cf/code/ConcreteMethod;Lcom/android/dx/rop/code/TranslationAdvice;Lcom/android/dx/cf/iface/MethodList;)V+39
j  com.android.dx.cf.code.Ropper.convert(Lcom/android/dx/cf/code/ConcreteMethod;Lcom/android/dx/rop/code/TranslationAdvice;Lcom/android/dx/cf/iface/MethodList;)Lcom/android/dx/rop/code/RopMethod;+7
j  com.android.dx.dex.cf.CfTranslator.processMethods(Lcom/android/dx/cf/direct/DirectClassFile;Lcom/android/dx/dex/cf/CfOptions;Lcom/android/dx/dex/DexOptions;Lcom/android/dx/dex/file/ClassDefItem;Lcom/android/dx/dex/file/DexFile;)V+176
j  com.android.dx.dex.cf.CfTranslator.translate0(Lcom/android/dx/cf/direct/DirectClassFile;[BLcom/android/dx/dex/cf/CfOptions;Lcom/android/dx/dex/DexOptions;Lcom/android/dx/dex/file/DexFile;)Lcom/android/dx/dex/file/ClassDefItem;+120
j  com.android.dx.dex.cf.CfTranslator.translate(Lcom/android/dx/cf/direct/DirectClassFile;[BLcom/android/dx/dex/cf/CfOptions;Lcom/android/dx/dex/DexOptions;Lcom/android/dx/dex/file/DexFile;)Lcom/android/dx/dex/file/ClassDefItem;+6
j  com.android.dx.command.dexer.Main.translateClass([BLcom/android/dx/cf/direct/DirectClassFile;)Lcom/android/dx/dex/file/ClassDefItem;+17
j  com.android.dx.command.dexer.Main.access$2700([BLcom/android/dx/cf/direct/DirectClassFile;)Lcom/android/dx/dex/file/ClassDefItem;+2
j  com.android.dx.command.dexer.Main$ClassTranslatorTask.call()Lcom/android/dx/dex/file/ClassDefItem;+8
j  com.android.dx.command.dexer.Main$ClassTranslatorTask.call()Ljava/lang/Object;+1
j  java.util.concurrent.FutureTask.run()V+42
j  java.util.concurrent.ThreadPoolExecutor$CallerRunsPolicy.rejectedExecution(Ljava/lang/Runnable;Ljava/util/concurrent/ThreadPoolExecutor;)V+8
j  java.util.concurrent.ThreadPoolExecutor.reject(Ljava/lang/Runnable;)V+6
j  java.util.concurrent.ThreadPoolExecutor.execute(Ljava/lang/Runnable;)V+128
j  java.util.concurrent.AbstractExecutorService.submit(Ljava/util/concurrent/Callable;)Ljava/util/concurrent/Future;+20
j  com.android.dx.command.dexer.Main$DirectClassFileConsumer.call(Lcom/android/dx/cf/direct/DirectClassFile;)Ljava/lang/Boolean;+295
j  com.android.dx.command.dexer.Main$DirectClassFileConsumer.access$700(Lcom/android/dx/command/dexer/Main$DirectClassFileConsumer;Lcom/android/dx/cf/direct/DirectClassFile;)Ljava/lang/Boolean;+2
j  com.android.dx.command.dexer.Main.processClass(Ljava/lang/String;[B)Z+37
j  com.android.dx.command.dexer.Main.processFileBytes(Ljava/lang/String;J[B)Z+188
j  com.android.dx.command.dexer.Main.access$1200(Ljava/lang/String;J[B)Z+3
j  com.android.dx.command.dexer.Main$FileBytesConsumer.processFileBytes(Ljava/lang/String;J[B)Z+4
j  com.android.dx.cf.direct.ClassPathOpener.processArchive(Ljava/io/File;)Z+203
j  com.android.dx.cf.direct.ClassPathOpener.processOne(Ljava/io/File;Z)Z+48
j  com.android.dx.cf.direct.ClassPathOpener.process()Z+15
j  com.android.dx.command.dexer.Main.processOne(Ljava/lang/String;Lcom/android/dx/cf/direct/ClassPathOpener$FileNameFilter;)V+20
j  com.android.dx.command.dexer.Main.processAllFiles()Z+272
j  com.android.dx.command.dexer.Main.runMonoDex()I+58
j  com.android.dx.command.dexer.Main.run(Lcom/android/dx/command/dexer/Main$Arguments;)I+76
j  com.android.dx.command.dexer.Main.main([Ljava/lang/String;)V+14
j  com.android.dx.command.Main.main([Ljava/lang/String;)V+61
v  ~StubRoutines::call_stub
V  [libjvm.so+0x68f6b6]  JavaCalls::call_helper(JavaValue*, methodHandle*, JavaCallArguments*, Thread*)+0x1056
V  [libjvm.so+0x6d0d42]  jni_invoke_static(JNIEnv_*, JavaValue*, _jobject*, JNICallType, _jmethodID*, JNI_ArgumentPusher*, Thread*)+0x362
V  [libjvm.so+0x6ed5aa]  jni_CallStaticVoidMethod+0x17a
C  [libjli.so+0x7bdf]  JavaMain+0x81f
C  [libpthread.so.0+0x7e9a]  start_thread+0xda


---------------  P R O C E S S  ---------------

Java Threads: ( => current thread )
  0x00007fa19c158800 JavaThread "pool-1-thread-4" [_thread_in_Java, id=17638, stack(0x00007fa18a316000,0x00007fa18a417000)]
  0x00007fa19c15c000 JavaThread "pool-1-thread-3" [_thread_in_Java, id=17637, stack(0x00007fa18a417000,0x00007fa18a518000)]
  0x00007fa19c159800 JavaThread "pool-1-thread-2" [_thread_in_Java, id=17636, stack(0x00007fa18a518000,0x00007fa18a619000)]
  0x00007fa19c157800 JavaThread "pool-2-thread-1" [_thread_blocked, id=17635, stack(0x00007fa18a619000,0x00007fa18a71a000)]
  0x00007fa19c155800 JavaThread "pool-1-thread-1" [_thread_in_Java, id=17634, stack(0x00007fa18a71a000,0x00007fa18a81b000)]
  0x00007fa19c0c4000 JavaThread "Service Thread" daemon [_thread_blocked, id=17627, stack(0x00007fa1a00b3000,0x00007fa1a01b4000)]
  0x00007fa19c0b7800 JavaThread "C1 CompilerThread1" daemon [_thread_in_native, id=17626, stack(0x00007fa1a01b4000,0x00007fa1a02b5000)]
  0x00007fa19c0b4800 JavaThread "C2 CompilerThread0" daemon [_thread_in_native, id=17625, stack(0x00007fa1a02b5000,0x00007fa1a03b6000)]
  0x00007fa19c0b3000 JavaThread "Signal Dispatcher" daemon [_thread_blocked, id=17624, stack(0x00007fa1a03b6000,0x00007fa1a04b7000)]
  0x00007fa19c080000 JavaThread "Finalizer" daemon [_thread_blocked, id=17623, stack(0x00007fa1a04b7000,0x00007fa1a05b8000)]
  0x00007fa19c07b800 JavaThread "Reference Handler" daemon [_thread_blocked, id=17622, stack(0x00007fa1a05b8000,0x00007fa1a06b9000)]
=>0x00007fa19c00a000 JavaThread "main" [_thread_in_Java, id=17612, stack(0x00007fa1a5515000,0x00007fa1a5616000)]

Other Threads:
  0x00007fa19c073800 VMThread [stack: 0x00007fa1a06b9000,0x00007fa1a07ba000] [id=17621]
  0x00007fa19c0cf000 WatcherThread [stack: 0x00007fa18a81b000,0x00007fa18a91c000] [id=17628]

VM state:not at safepoint (normal execution)

VM Mutex/Monitor currently owned by a thread: None

Heap:
 PSYoungGen      total 26112K, used 22716K [0x00000000eab00000, 0x00000000ede00000, 0x0000000100000000)
  eden space 24576K, 86% used [0x00000000eab00000,0x00000000ebfb5180,0x00000000ec300000)
  from space 1536K, 98% used [0x00000000ec300000,0x00000000ec479f58,0x00000000ec480000)
  to   space 1536K, 0% used [0x00000000edc80000,0x00000000edc80000,0x00000000ede00000)
 ParOldGen       total 31744K, used 7758K [0x00000000c0000000, 0x00000000c1f00000, 0x00000000eab00000)
  object space 31744K, 24% used [0x00000000c0000000,0x00000000c0793858,0x00000000c1f00000)
 Metaspace       used 5792K, capacity 6768K, committed 7040K, reserved 1056768K
  class space    used 593K, capacity 616K, committed 640K, reserved 1048576K

Card table byte_map: [0x00007fa1a20da000,0x00007fa1a22db000] byte_map_base: 0x00007fa1a1ada000

Marking Bits: (ParMarkBitMap*) 0x00007fa1a49f1120
 Begin Bits: [0x00007fa18b000000, 0x00007fa18c000000)
 End Bits:   [0x00007fa18c000000, 0x00007fa18d000000)

Polling page: 0x00007fa1a5632000

CodeCache: size=245760Kb used=3189Kb max_used=3189Kb free=242570Kb
 bounds [0x00007fa18d000000, 0x00007fa18d320000, 0x00007fa19c000000]
 total_blobs=1149 nmethods=883 adapters=182
 compilation: enabled

Compilation events (10 events):
Event: 11.272 Thread 0x00007fa19c0b7800 nmethod 1207% 0x00007fa18d312bd0 code [0x00007fa18d312da0, 0x00007fa18d313618]
Event: 11.272 Thread 0x00007fa19c0b7800 1205       1       com.android.dx.rop.code.Insn$BaseVisitor::visitPlainInsn (1 bytes)
Event: 11.272 Thread 0x00007fa19c0b7800 nmethod 1205 0x00007fa18d30df90 code [0x00007fa18d30e0e0, 0x00007fa18d30e1f0]
Event: 11.273 Thread 0x00007fa19c0b7800 1168       2       java.util.TreeMap$ValueIterator::next (8 bytes)
Event: 11.304 Thread 0x00007fa19c0b7800 nmethod 1168 0x00007fa18d312810 code [0x00007fa18d312980, 0x00007fa18d312b08]
Event: 11.304 Thread 0x00007fa19c0b7800 1115       2       com.android.dx.cf.code.Ropper::addOrReplaceBlock (66 bytes)
Event: 11.305 Thread 0x00007fa19c0b7800 nmethod 1115 0x00007fa18d311a10 code [0x00007fa18d311c00, 0x00007fa18d3121f8]
Event: 11.306 Thread 0x00007fa19c0b7800 1211 %     3       com.android.dx.ssa.DeadCodeRemover::pruneDeadInstructions @ 26 (246 bytes)
Event: 11.367 Thread 0x00007fa19c0b7800 nmethod 1211% 0x00007fa18d3141d0 code [0x00007fa18d3145e0, 0x00007fa18d316f48]
Event: 11.367 Thread 0x00007fa19c0b7800 1215       3       com.android.dx.ssa.SsaMethod::bitSetFromLabelList (47 bytes)

GC Heap History (6 events):
Event: 4.044 GC heap before
{Heap before GC invocations=1 (full 0):
 PSYoungGen      total 13824K, used 12288K [0x00000000eab00000, 0x00000000eba00000, 0x0000000100000000)
  eden space 12288K, 100% used [0x00000000eab00000,0x00000000eb700000,0x00000000eb700000)
  from space 1536K, 0% used [0x00000000eb880000,0x00000000eb880000,0x00000000eba00000)
  to   space 1536K, 0% used [0x00000000eb700000,0x00000000eb700000,0x00000000eb880000)
 ParOldGen       total 31744K, used 0K [0x00000000c0000000, 0x00000000c1f00000, 0x00000000eab00000)
  object space 31744K, 0% used [0x00000000c0000000,0x00000000c0000000,0x00000000c1f00000)
 Metaspace       used 5392K, capacity 6448K, committed 6528K, reserved 1056768K
  class space    used 585K, capacity 616K, committed 640K, reserved 1048576K
Event: 4.101 GC heap after
Heap after GC invocations=1 (full 0):
 PSYoungGen      total 13824K, used 1530K [0x00000000eab00000, 0x00000000ec600000, 0x0000000100000000)
  eden space 12288K, 0% used [0x00000000eab00000,0x00000000eab00000,0x00000000eb700000)
  from space 1536K, 99% used [0x00000000eb700000,0x00000000eb87eaa0,0x00000000eb880000)
  to   space 1536K, 0% used [0x00000000ec480000,0x00000000ec480000,0x00000000ec600000)
 ParOldGen       total 31744K, used 1938K [0x00000000c0000000, 0x00000000c1f00000, 0x00000000eab00000)
  object space 31744K, 6% used [0x00000000c0000000,0x00000000c01e4908,0x00000000c1f00000)
 Metaspace       used 5392K, capacity 6448K, committed 6528K, reserved 1056768K
  class space    used 585K, capacity 616K, committed 640K, reserved 1048576K
}
Event: 6.780 GC heap before
{Heap before GC invocations=2 (full 0):
 PSYoungGen      total 13824K, used 13818K [0x00000000eab00000, 0x00000000ec600000, 0x0000000100000000)
  eden space 12288K, 100% used [0x00000000eab00000,0x00000000eb700000,0x00000000eb700000)
  from space 1536K, 99% used [0x00000000eb700000,0x00000000eb87eaa0,0x00000000eb880000)
  to   space 1536K, 0% used [0x00000000ec480000,0x00000000ec480000,0x00000000ec600000)
 ParOldGen       total 31744K, used 1938K [0x00000000c0000000, 0x00000000c1f00000, 0x00000000eab00000)
  object space 31744K, 6% used [0x00000000c0000000,0x00000000c01e4908,0x00000000c1f00000)
 Metaspace       used 5675K, capacity 6704K, committed 6784K, reserved 1056768K
  class space    used 591K, capacity 616K, committed 640K, reserved 1048576K
Event: 6.909 GC heap after
Heap after GC invocations=2 (full 0):
 PSYoungGen      total 26112K, used 1516K [0x00000000eab00000, 0x00000000ec600000, 0x0000000100000000)
  eden space 24576K, 0% used [0x00000000eab00000,0x00000000eab00000,0x00000000ec300000)
  from space 1536K, 98% used [0x00000000ec480000,0x00000000ec5fb0f0,0x00000000ec600000)
  to   space 1536K, 0% used [0x00000000ec300000,0x00000000ec300000,0x00000000ec480000)
 ParOldGen       total 31744K, used 3861K [0x00000000c0000000, 0x00000000c1f00000, 0x00000000eab00000)
  object space 31744K, 12% used [0x00000000c0000000,0x00000000c03c5760,0x00000000c1f00000)
 Metaspace       used 5675K, capacity 6704K, committed 6784K, reserved 1056768K
  class space    used 591K, capacity 616K, committed 640K, reserved 1048576K
}
Event: 9.676 GC heap before
{Heap before GC invocations=3 (full 0):
 PSYoungGen      total 26112K, used 26092K [0x00000000eab00000, 0x00000000ec600000, 0x0000000100000000)
  eden space 24576K, 100% used [0x00000000eab00000,0x00000000ec300000,0x00000000ec300000)
  from space 1536K, 98% used [0x00000000ec480000,0x00000000ec5fb0f0,0x00000000ec600000)
  to   space 1536K, 0% used [0x00000000ec300000,0x00000000ec300000,0x00000000ec480000)
 ParOldGen       total 31744K, used 3861K [0x00000000c0000000, 0x00000000c1f00000, 0x00000000eab00000)
  object space 31744K, 12% used [0x00000000c0000000,0x00000000c03c5760,0x00000000c1f00000)
 Metaspace       used 5743K, capacity 6768K, committed 7040K, reserved 1056768K
  class space    used 591K, capacity 616K, committed 640K, reserved 1048576K
Event: 9.904 GC heap after
Heap after GC invocations=3 (full 0):
 PSYoungGen      total 26112K, used 1511K [0x00000000eab00000, 0x00000000ede00000, 0x0000000100000000)
  eden space 24576K, 0% used [0x00000000eab00000,0x00000000eab00000,0x00000000ec300000)
  from space 1536K, 98% used [0x00000000ec300000,0x00000000ec479f58,0x00000000ec480000)
  to   space 1536K, 0% used [0x00000000edc80000,0x00000000edc80000,0x00000000ede00000)
 ParOldGen       total 31744K, used 7758K [0x00000000c0000000, 0x00000000c1f00000, 0x00000000eab00000)
  object space 31744K, 24% used [0x00000000c0000000,0x00000000c0793858,0x00000000c1f00000)
 Metaspace       used 5743K, capacity 6768K, committed 7040K, reserved 1056768K
  class space    used 591K, capacity 616K, committed 640K, reserved 1048576K
}

Deoptimization events (8 events):
Event: 2.303 Thread 0x00007fa19c00a000 Uncommon trap: reason=unstable_if action=reinterpret pc=0x00007fa18d139d08 method=java.lang.String.indexOf(II)I @ 49
Event: 4.143 Thread 0x00007fa19c15c000 Uncommon trap: reason=unstable_if action=reinterpret pc=0x00007fa18d1d51c8 method=java.util.HashMap.getNode(ILjava/lang/Object;)Ljava/util/HashMap$Node; @ 129
Event: 4.224 Thread 0x00007fa19c155800 Uncommon trap: reason=unstable_if action=reinterpret pc=0x00007fa18d1d576c method=java.util.BitSet.nextSetBit(I)I @ 87
Event: 7.435 Thread 0x00007fa19c159800 Uncommon trap: reason=unstable_if action=reinterpret pc=0x00007fa18d20f140 method=com.android.dx.rop.code.RegisterSpec.equals(ILcom/android/dx/rop/type/TypeBearer;Lcom/android/dx/rop/code/LocalItem;)Z @ 16
Event: 7.690 Thread 0x00007fa19c155800 Uncommon trap: reason=bimorphic action=maybe_recompile pc=0x00007fa18d1f4d10 method=java.util.HashMap.getNode(ILjava/lang/Object;)Ljava/util/HashMap$Node; @ 126
Event: 8.387 Thread 0x00007fa19c00a000 Uncommon trap: reason=bimorphic action=maybe_recompile pc=0x00007fa18d1f4d10 method=java.util.HashMap.getNode(ILjava/lang/Object;)Ljava/util/HashMap$Node; @ 126
Event: 8.387 Thread 0x00007fa19c00a000 Uncommon trap: reason=bimorphic action=maybe_recompile pc=0x00007fa18d1f4d10 method=java.util.HashMap.getNode(ILjava/lang/Object;)Ljava/util/HashMap$Node; @ 126
Event: 8.387 Thread 0x00007fa19c00a000 Uncommon trap: reason=bimorphic action=maybe_recompile pc=0x00007fa18d1f4d10 method=java.util.HashMap.getNode(ILjava/lang/Object;)Ljava/util/HashMap$Node; @ 126

Internal exceptions (2 events):
Event: 0.331 Thread 0x00007fa19c00a000 Exception <a 'java/lang/NoSuchMethodError': Method sun.misc.Unsafe.defineClass(Ljava/lang/String;[BII)Ljava/lang/Class; name or signature does not match> (0x00000000eab07cc0) thrown at [/HUDSON3/workspace/8-2-build-linux-amd64/jdk8u101/7261/hotspot/src/sh
Event: 0.331 Thread 0x00007fa19c00a000 Exception <a 'java/lang/NoSuchMethodError': Method sun.misc.Unsafe.prefetchRead(Ljava/lang/Object;J)V name or signature does not match> (0x00000000eab07fa8) thrown at [/HUDSON3/workspace/8-2-build-linux-amd64/jdk8u101/7261/hotspot/src/share/vm/prims/jni.c

Events (10 events):
Event: 9.634 Executing VM operation: ParallelGCFailedAllocation
Event: 9.904 Executing VM operation: ParallelGCFailedAllocation done
Event: 9.972 loading class com/android/dx/cf/code/Ropper$ExceptionHandlerSetup
Event: 9.972 loading class com/android/dx/cf/code/Ropper$ExceptionHandlerSetup done
Event: 9.994 loading class java/util/HashMap$Values
Event: 9.994 loading class java/util/HashMap$Values done
Event: 9.995 loading class java/util/HashMap$ValueIterator
Event: 9.995 loading class java/util/HashMap$ValueIterator done
Event: 11.181 loading class java/util/ArrayList$1
Event: 11.181 loading class java/util/ArrayList$1 done


Dynamic libraries:
00400000-00401000 r-xp 00000000 08:01 3279757                            /usr/lib/jvm/java-8-oracle/bin/java
00600000-00601000 rw-p 00000000 08:01 3279757                            /usr/lib/jvm/java-8-oracle/bin/java
014af000-014d0000 rw-p 00000000 00:00 0                                  [heap]
c0000000-c1f00000 rw-p 00000000 00:00 0 
c1f00000-eab00000 ---p 00000000 00:00 0 
eab00000-ede00000 rw-p 00000000 00:00 0 
ede00000-100000000 ---p 00000000 00:00 0 
100000000-1000a0000 rw-p 00000000 00:00 0 
1000a0000-140000000 ---p 00000000 00:00 0 
7fa14c000000-7fa14c040000 rw-p 00000000 00:00 0 
7fa14c040000-7fa150000000 ---p 00000000 00:00 0 
7fa154000000-7fa154021000 rw-p 00000000 00:00 0 
7fa154021000-7fa158000000 ---p 00000000 00:00 0 
7fa158000000-7fa158021000 rw-p 00000000 00:00 0 
7fa158021000-7fa15c000000 ---p 00000000 00:00 0 
7fa15c000000-7fa15c021000 rw-p 00000000 00:00 0 
7fa15c021000-7fa160000000 ---p 00000000 00:00 0 
7fa160000000-7fa160039000 rw-p 00000000 00:00 0 
7fa160039000-7fa164000000 ---p 00000000 00:00 0 
7fa164000000-7fa164480000 rw-p 00000000 00:00 0 
7fa164480000-7fa168000000 ---p 00000000 00:00 0 
7fa168000000-7fa168021000 rw-p 00000000 00:00 0 
7fa168021000-7fa16c000000 ---p 00000000 00:00 0 
7fa16c000000-7fa16c021000 rw-p 00000000 00:00 0 
7fa16c021000-7fa170000000 ---p 00000000 00:00 0 
7fa170000000-7fa170462000 rw-p 00000000 00:00 0 
7fa170462000-7fa174000000 ---p 00000000 00:00 0 
7fa174000000-7fa174021000 rw-p 00000000 00:00 0 
7fa174021000-7fa178000000 ---p 00000000 00:00 0 
7fa178000000-7fa178021000 rw-p 00000000 00:00 0 
7fa178021000-7fa17c000000 ---p 00000000 00:00 0 
7fa17c000000-7fa17c021000 rw-p 00000000 00:00 0 
7fa17c021000-7fa180000000 ---p 00000000 00:00 0 
7fa180000000-7fa180021000 rw-p 00000000 00:00 0 
7fa180021000-7fa184000000 ---p 00000000 00:00 0 
7fa184000000-7fa184021000 rw-p 00000000 00:00 0 
7fa184021000-7fa188000000 ---p 00000000 00:00 0 
7fa18a316000-7fa18a319000 ---p 00000000 00:00 0 
7fa18a319000-7fa18a417000 rw-p 00000000 00:00 0                          [stack:17638]
7fa18a417000-7fa18a41a000 ---p 00000000 00:00 0 
7fa18a41a000-7fa18a518000 rw-p 00000000 00:00 0                          [stack:17637]
7fa18a518000-7fa18a51b000 ---p 00000000 00:00 0 
7fa18a51b000-7fa18a619000 rw-p 00000000 00:00 0                          [stack:17636]
7fa18a619000-7fa18a61c000 ---p 00000000 00:00 0 
7fa18a61c000-7fa18a71a000 rw-p 00000000 00:00 0                          [stack:17635]
7fa18a71a000-7fa18a71d000 ---p 00000000 00:00 0 
7fa18a71d000-7fa18a81b000 rw-p 00000000 00:00 0                          [stack:17634]
7fa18a81b000-7fa18a81c000 ---p 00000000 00:00 0 
7fa18a81c000-7fa18a91c000 rw-p 00000000 00:00 0                          [stack:17628]
7fa18a91c000-7fa18b000000 r--p 00000000 08:01 13113697                   /usr/lib/locale/locale-archive
7fa18b000000-7fa18d000000 rw-p 00000000 00:00 0 
7fa18d000000-7fa18d330000 rwxp 00000000 00:00 0 
7fa18d330000-7fa19c000000 ---p 00000000 00:00 0 
7fa19c000000-7fa19c3fc000 rw-p 00000000 00:00 0 
7fa19c3fc000-7fa1a0000000 ---p 00000000 00:00 0 
7fa1a00b2000-7fa1a00b3000 rw-p 00000000 00:00 0 
7fa1a00b3000-7fa1a00b6000 ---p 00000000 00:00 0 
7fa1a00b6000-7fa1a01b4000 rw-p 00000000 00:00 0                          [stack:17627]
7fa1a01b4000-7fa1a01b7000 ---p 00000000 00:00 0 
7fa1a01b7000-7fa1a02b5000 rw-p 00000000 00:00 0                          [stack:17626]
7fa1a02b5000-7fa1a02b8000 ---p 00000000 00:00 0 
7fa1a02b8000-7fa1a03b6000 rw-p 00000000 00:00 0                          [stack:17625]
7fa1a03b6000-7fa1a03b9000 ---p 00000000 00:00 0 
7fa1a03b9000-7fa1a04b7000 rw-p 00000000 00:00 0                          [stack:17624]
7fa1a04b7000-7fa1a04ba000 ---p 00000000 00:00 0 
7fa1a04ba000-7fa1a05b8000 rw-p 00000000 00:00 0                          [stack:17623]
7fa1a05b8000-7fa1a05bb000 ---p 00000000 00:00 0 
7fa1a05bb000-7fa1a06b9000 rw-p 00000000 00:00 0                          [stack:17622]
7fa1a06b9000-7fa1a06ba000 ---p 00000000 00:00 0 
7fa1a06ba000-7fa1a1133000 rw-p 00000000 00:00 0                          [stack:17621]
7fa1a1133000-7fa1a130c000 r--s 03d29000 08:01 13118676                   /usr/lib/jvm/java-8-oracle/jre/lib/rt.jar
7fa1a130c000-7fa1a19c2000 rw-p 00000000 00:00 0 
7fa1a19c2000-7fa1a1b82000 ---p 00000000 00:00 0 
7fa1a1b82000-7fa1a1d82000 rw-p 00000000 00:00 0 
7fa1a1d82000-7fa1a1d83000 ---p 00000000 00:00 0 
7fa1a1d83000-7fa1a1e83000 rw-p 00000000 00:00 0                          [stack:17618]
7fa1a1e83000-7fa1a1e84000 ---p 00000000 00:00 0 
7fa1a1e84000-7fa1a1f94000 rw-p 00000000 00:00 0                          [stack:17616]
7fa1a1f94000-7fa1a20da000 ---p 00000000 00:00 0 
7fa1a20da000-7fa1a20ea000 rw-p 00000000 00:00 0 
7fa1a20ea000-7fa1a222f000 ---p 00000000 00:00 0 
7fa1a222f000-7fa1a2249000 rw-p 00000000 00:00 0 
7fa1a2249000-7fa1a22da000 ---p 00000000 00:00 0 
7fa1a22da000-7fa1a22e8000 rw-p 00000000 00:00 0 
7fa1a22e8000-7fa1a269b000 ---p 00000000 00:00 0 
7fa1a269b000-7fa1a26b5000 r-xp 00000000 08:01 13766358                   /usr/lib/jvm/java-8-oracle/jre/lib/amd64/libzip.so
7fa1a26b5000-7fa1a28b5000 ---p 0001a000 08:01 13766358                   /usr/lib/jvm/java-8-oracle/jre/lib/amd64/libzip.so
7fa1a28b5000-7fa1a28b6000 rw-p 0001a000 08:01 13766358                   /usr/lib/jvm/java-8-oracle/jre/lib/amd64/libzip.so
7fa1a28b6000-7fa1a28c1000 r-xp 00000000 08:01 2621673                    /lib/x86_64-linux-gnu/libnss_files-2.15.so
7fa1a28c1000-7fa1a2ac0000 ---p 0000b000 08:01 2621673                    /lib/x86_64-linux-gnu/libnss_files-2.15.so
7fa1a2ac0000-7fa1a2ac1000 r--p 0000a000 08:01 2621673                    /lib/x86_64-linux-gnu/libnss_files-2.15.so
7fa1a2ac1000-7fa1a2ac2000 rw-p 0000b000 08:01 2621673                    /lib/x86_64-linux-gnu/libnss_files-2.15.so
7fa1a2ac2000-7fa1a2acc000 r-xp 00000000 08:01 2621658                    /lib/x86_64-linux-gnu/libnss_nis-2.15.so
7fa1a2acc000-7fa1a2ccc000 ---p 0000a000 08:01 2621658                    /lib/x86_64-linux-gnu/libnss_nis-2.15.so
7fa1a2ccc000-7fa1a2ccd000 r--p 0000a000 08:01 2621658                    /lib/x86_64-linux-gnu/libnss_nis-2.15.so
7fa1a2ccd000-7fa1a2cce000 rw-p 0000b000 08:01 2621658                    /lib/x86_64-linux-gnu/libnss_nis-2.15.so
7fa1a2cce000-7fa1a2ce5000 r-xp 00000000 08:01 2621667                    /lib/x86_64-linux-gnu/libnsl-2.15.so
7fa1a2ce5000-7fa1a2ee4000 ---p 00017000 08:01 2621667                    /lib/x86_64-linux-gnu/libnsl-2.15.so
7fa1a2ee4000-7fa1a2ee5000 r--p 00016000 08:01 2621667                    /lib/x86_64-linux-gnu/libnsl-2.15.so
7fa1a2ee5000-7fa1a2ee6000 rw-p 00017000 08:01 2621667                    /lib/x86_64-linux-gnu/libnsl-2.15.so
7fa1a2ee6000-7fa1a2ee8000 rw-p 00000000 00:00 0 
7fa1a2ee8000-7fa1a2ef0000 r-xp 00000000 08:01 2621672                    /lib/x86_64-linux-gnu/libnss_compat-2.15.so
7fa1a2ef0000-7fa1a30ef000 ---p 00008000 08:01 2621672                    /lib/x86_64-linux-gnu/libnss_compat-2.15.so
7fa1a30ef000-7fa1a30f0000 r--p 00007000 08:01 2621672                    /lib/x86_64-linux-gnu/libnss_compat-2.15.so
7fa1a30f0000-7fa1a30f1000 rw-p 00008000 08:01 2621672                    /lib/x86_64-linux-gnu/libnss_compat-2.15.so
7fa1a30f1000-7fa1a311b000 r-xp 00000000 08:01 13766323                   /usr/lib/jvm/java-8-oracle/jre/lib/amd64/libjava.so
7fa1a311b000-7fa1a331b000 ---p 0002a000 08:01 13766323                   /usr/lib/jvm/java-8-oracle/jre/lib/amd64/libjava.so
7fa1a331b000-7fa1a331d000 rw-p 0002a000 08:01 13766323                   /usr/lib/jvm/java-8-oracle/jre/lib/amd64/libjava.so
7fa1a331d000-7fa1a332a000 r-xp 00000000 08:01 13766361                   /usr/lib/jvm/java-8-oracle/jre/lib/amd64/libverify.so
7fa1a332a000-7fa1a352a000 ---p 0000d000 08:01 13766361                   /usr/lib/jvm/java-8-oracle/jre/lib/amd64/libverify.so
7fa1a352a000-7fa1a352c000 rw-p 0000d000 08:01 13766361                   /usr/lib/jvm/java-8-oracle/jre/lib/amd64/libverify.so
7fa1a352c000-7fa1a3533000 r-xp 00000000 08:01 2621660                    /lib/x86_64-linux-gnu/librt-2.15.so
7fa1a3533000-7fa1a3732000 ---p 00007000 08:01 2621660                    /lib/x86_64-linux-gnu/librt-2.15.so
7fa1a3732000-7fa1a3733000 r--p 00006000 08:01 2621660                    /lib/x86_64-linux-gnu/librt-2.15.so
7fa1a3733000-7fa1a3734000 rw-p 00007000 08:01 2621660                    /lib/x86_64-linux-gnu/librt-2.15.so
7fa1a3734000-7fa1a382f000 r-xp 00000000 08:01 2621674                    /lib/x86_64-linux-gnu/libm-2.15.so
7fa1a382f000-7fa1a3a2e000 ---p 000fb000 08:01 2621674                    /lib/x86_64-linux-gnu/libm-2.15.so
7fa1a3a2e000-7fa1a3a2f000 r--p 000fa000 08:01 2621674                    /lib/x86_64-linux-gnu/libm-2.15.so
7fa1a3a2f000-7fa1a3a30000 rw-p 000fb000 08:01 2621674                    /lib/x86_64-linux-gnu/libm-2.15.so
7fa1a3a30000-7fa1a46fb000 r-xp 00000000 08:01 13894575                   /usr/lib/jvm/java-8-oracle/jre/lib/amd64/server/libjvm.so
7fa1a46fb000-7fa1a48fa000 ---p 00ccb000 08:01 13894575                   /usr/lib/jvm/java-8-oracle/jre/lib/amd64/server/libjvm.so
7fa1a48fa000-7fa1a49d3000 rw-p 00cca000 08:01 13894575                   /usr/lib/jvm/java-8-oracle/jre/lib/amd64/server/libjvm.so
7fa1a49d3000-7fa1a4a1e000 rw-p 00000000 00:00 0 
7fa1a4a1e000-7fa1a4bd2000 r-xp 00000000 08:01 2621665                    /lib/x86_64-linux-gnu/libc-2.15.so
7fa1a4bd2000-7fa1a4dd1000 ---p 001b4000 08:01 2621665                    /lib/x86_64-linux-gnu/libc-2.15.so
7fa1a4dd1000-7fa1a4dd5000 r--p 001b3000 08:01 2621665                    /lib/x86_64-linux-gnu/libc-2.15.so
7fa1a4dd5000-7fa1a4dd7000 rw-p 001b7000 08:01 2621665                    /lib/x86_64-linux-gnu/libc-2.15.so
7fa1a4dd7000-7fa1a4ddc000 rw-p 00000000 00:00 0 
7fa1a4ddc000-7fa1a4dde000 r-xp 00000000 08:01 2621657                    /lib/x86_64-linux-gnu/libdl-2.15.so
7fa1a4dde000-7fa1a4fde000 ---p 00002000 08:01 2621657                    /lib/x86_64-linux-gnu/libdl-2.15.so
7fa1a4fde000-7fa1a4fdf000 r--p 00002000 08:01 2621657                    /lib/x86_64-linux-gnu/libdl-2.15.so
7fa1a4fdf000-7fa1a4fe0000 rw-p 00003000 08:01 2621657                    /lib/x86_64-linux-gnu/libdl-2.15.so
7fa1a4fe0000-7fa1a4ff5000 r-xp 00000000 08:01 2627921                    /usr/lib/jvm/java-8-oracle/lib/amd64/jli/libjli.so
7fa1a4ff5000-7fa1a51f5000 ---p 00015000 08:01 2627921                    /usr/lib/jvm/java-8-oracle/lib/amd64/jli/libjli.so
7fa1a51f5000-7fa1a51f6000 rw-p 00015000 08:01 2627921                    /usr/lib/jvm/java-8-oracle/lib/amd64/jli/libjli.so
7fa1a51f6000-7fa1a520e000 r-xp 00000000 08:01 2621668                    /lib/x86_64-linux-gnu/libpthread-2.15.so
7fa1a520e000-7fa1a540d000 ---p 00018000 08:01 2621668                    /lib/x86_64-linux-gnu/libpthread-2.15.so
7fa1a540d000-7fa1a540e000 r--p 00017000 08:01 2621668                    /lib/x86_64-linux-gnu/libpthread-2.15.so
7fa1a540e000-7fa1a540f000 rw-p 00018000 08:01 2621668                    /lib/x86_64-linux-gnu/libpthread-2.15.so
7fa1a540f000-7fa1a5413000 rw-p 00000000 00:00 0 
7fa1a5413000-7fa1a5435000 r-xp 00000000 08:01 2621671                    /lib/x86_64-linux-gnu/ld-2.15.so
7fa1a5435000-7fa1a5437000 rw-p 00000000 00:00 0 
7fa1a5437000-7fa1a543c000 r--s 00031000 08:01 10496462                   /home/lin/other/AndroidProjects/Radio/app/build/intermediates/exploded-aar/com.android.support/design/23.0.1/jars/classes.jar
7fa1a543c000-7fa1a5515000 rw-p 00000000 00:00 0 
7fa1a5515000-7fa1a5518000 ---p 00000000 00:00 0 
7fa1a5518000-7fa1a561a000 rw-p 00000000 00:00 0                          [stack:17612]
7fa1a561a000-7fa1a5629000 r--s 000df000 08:01 9309217                    /home/lin/Android/Sdk/build-tools/23.0.3/lib/dx.jar
7fa1a5629000-7fa1a5631000 rw-s 00000000 08:01 4850478                    /tmp/hsperfdata_root/17608
7fa1a5631000-7fa1a5632000 rw-p 00000000 00:00 0 
7fa1a5632000-7fa1a5633000 r--p 00000000 00:00 0 
7fa1a5633000-7fa1a5635000 rw-p 00000000 00:00 0 
7fa1a5635000-7fa1a5636000 r--p 00022000 08:01 2621671                    /lib/x86_64-linux-gnu/ld-2.15.so
7fa1a5636000-7fa1a5638000 rw-p 00023000 08:01 2621671                    /lib/x86_64-linux-gnu/ld-2.15.so
7fff0d944000-7fff0d965000 rw-p 00000000 00:00 0                          [stack]
7fff0d97c000-7fff0d97e000 r-xp 00000000 00:00 0                          [vdso]
ffffffffff600000-ffffffffff601000 r-xp 00000000 00:00 0                  [vsyscall]

VM Arguments:
jvm_args: -Djava.awt.headless=true -Xmx1024M -Dfile.encoding=UTF-8 -Duser.country=US -Duser.language=en -Duser.variant 
java_command: com.android.dx.command.Main --dex --force-jumbo --num-threads=4 --output /home/lin/other/AndroidProjects/Radio/app/build/intermediates/pre-dexed/debug/com.android.support-design-23.0.1_5d73c620161e44835afa29aaa533057ce1e7991f.jar /home/lin/other/AndroidProjects/Radio/app/build/intermediates/exploded-aar/com.android.support/design/23.0.1/jars/classes.jar
java_class_path (initial): /home/lin/Android/Sdk/build-tools/23.0.3/lib/dx.jar
Launcher Type: SUN_STANDARD

Environment Variables:
PATH=/usr/local/sbin:/usr/local/bin:/usr/sbin:/usr/bin:/sbin:/bin
USERNAME=root
LD_LIBRARY_PATH=/opt/android-studio/bin:
SHELL=/bin/bash
DISPLAY=:0.0

Signal Handlers:
SIGSEGV: [libjvm.so+0xac4790], sa_mask[0]=11111111011111111101111111111110, sa_flags=SA_RESTART|SA_SIGINFO
SIGBUS: [libjvm.so+0xac4790], sa_mask[0]=11111111011111111101111111111110, sa_flags=SA_RESTART|SA_SIGINFO
SIGFPE: [libjvm.so+0x91f140], sa_mask[0]=11111111011111111101111111111110, sa_flags=SA_RESTART|SA_SIGINFO
SIGPIPE: [libjvm.so+0x91f140], sa_mask[0]=11111111011111111101111111111110, sa_flags=SA_RESTART|SA_SIGINFO
SIGXFSZ: [libjvm.so+0x91f140], sa_mask[0]=11111111011111111101111111111110, sa_flags=SA_RESTART|SA_SIGINFO
SIGILL: [libjvm.so+0x91f140], sa_mask[0]=11111111011111111101111111111110, sa_flags=SA_RESTART|SA_SIGINFO
SIGUSR1: SIG_DFL, sa_mask[0]=00000000000000000000000000000000, sa_flags=none
SIGUSR2: [libjvm.so+0x920770], sa_mask[0]=00100000000000000000000000000000, sa_flags=SA_RESTART|SA_SIGINFO
SIGHUP: [libjvm.so+0x921b70], sa_mask[0]=11111111011111111101111111111110, sa_flags=SA_RESTART|SA_SIGINFO
SIGINT: [libjvm.so+0x921b70], sa_mask[0]=11111111011111111101111111111110, sa_flags=SA_RESTART|SA_SIGINFO
SIGTERM: [libjvm.so+0x921b70], sa_mask[0]=11111111011111111101111111111110, sa_flags=SA_RESTART|SA_SIGINFO
SIGQUIT: [libjvm.so+0x921b70], sa_mask[0]=11111111011111111101111111111110, sa_flags=SA_RESTART|SA_SIGINFO


---------------  S Y S T E M  ---------------

OS:DISTRIB_ID=Ubuntu
DISTRIB_RELEASE=12.04
DISTRIB_CODENAME=precise
DISTRIB_DESCRIPTION="Ubuntu 12.04.5 LTS"

uname:Linux 3.13.0-93-generic #140~precise1-Ubuntu SMP Tue Jul 19 19:55:11 UTC 2016 x86_64
libc:glibc 2.15 NPTL 2.15 
rlimit: STACK 8192k, CORE 0k, NPROC 22873, NOFILE 4096, AS infinity
load average:10.12 5.88 3.69

/proc/meminfo:
MemTotal:        2948840 kB
MemFree:          146204 kB
Buffers:           15160 kB
Cached:           435468 kB
SwapCached:        49624 kB
Active:          2027480 kB
Inactive:         612888 kB
Active(anon):    1872592 kB
Inactive(anon):   474160 kB
Active(file):     154888 kB
Inactive(file):   138728 kB
Unevictable:           0 kB
Mlocked:               0 kB
SwapTotal:       3008508 kB
SwapFree:        2761992 kB
Dirty:              1988 kB
Writeback:             0 kB
AnonPages:       2170092 kB
Mapped:           123212 kB
Shmem:            157012 kB
Slab:              72248 kB
SReclaimable:      44288 kB
SUnreclaim:        27960 kB
KernelStack:        4696 kB
PageTables:        35140 kB
NFS_Unstable:          0 kB
Bounce:                0 kB
WritebackTmp:          0 kB
CommitLimit:     4482928 kB
Committed_AS:    5529860 kB
VmallocTotal:   34359738367 kB
VmallocUsed:      346432 kB
VmallocChunk:   34359383644 kB
HardwareCorrupted:     0 kB
AnonHugePages:    899072 kB
HugePages_Total:       0
HugePages_Free:        0
HugePages_Rsvd:        0
HugePages_Surp:        0
Hugepagesize:       2048 kB
DirectMap4k:       65924 kB
DirectMap2M:     2945024 kB


CPU:total 2 (2 cores per cpu, 1 threads per core) family 6 model 15 stepping 13, cmov, cx8, fxsr, mmx, sse, sse2, sse3, ssse3, tsc

/proc/cpuinfo:
processor	: 0
vendor_id	: GenuineIntel
cpu family	: 6
model		: 15
model name	: Genuine Intel(R) CPU           T1600  @ 1.66GHz
stepping	: 13
microcode	: 0xa3
cpu MHz		: 1662.521
cache size	: 1024 KB
physical id	: 0
siblings	: 2
core id		: 0
cpu cores	: 2
apicid		: 0
initial apicid	: 0
fpu		: yes
fpu_exception	: yes
cpuid level	: 10
wp		: yes
flags		: fpu vme de pse tsc msr pae mce cx8 apic sep mtrr pge mca cmov pat pse36 clflush dts acpi mmx fxsr sse sse2 ss ht tm pbe syscall nx lm constant_tsc arch_perfmon pebs bts rep_good nopl aperfmperf pni dtes64 monitor ds_cpl tm2 ssse3 cx16 xtpr pdcm lahf_lm dtherm
bogomips	: 3325.04
clflush size	: 64
cache_alignment	: 64
address sizes	: 36 bits physical, 48 bits virtual
power management:

processor	: 1
vendor_id	: GenuineIntel
cpu family	: 6
model		: 15
model name	: Genuine Intel(R) CPU           T1600  @ 1.66GHz
stepping	: 13
microcode	: 0xa3
cpu MHz		: 1662.521
cache size	: 1024 KB
physical id	: 0
siblings	: 2
core id		: 1
cpu cores	: 2
apicid		: 1
initial apicid	: 1
fpu		: yes
fpu_exception	: yes
cpuid level	: 10
wp		: yes
flags		: fpu vme de pse tsc msr pae mce cx8 apic sep mtrr pge mca cmov pat pse36 clflush dts acpi mmx fxsr sse sse2 ss ht tm pbe syscall nx lm constant_tsc arch_perfmon pebs bts rep_good nopl aperfmperf pni dtes64 monitor ds_cpl tm2 ssse3 cx16 xtpr pdcm lahf_lm dtherm
bogomips	: 3325.04
clflush size	: 64
cache_alignment	: 64
address sizes	: 36 bits physical, 48 bits virtual
power management:



Memory: 4k page, physical 2948840k(146204k free), swap 3008508k(2761992k free)

vm_info: Java HotSpot(TM) 64-Bit Server VM (25.101-b13) for linux-amd64 JRE (1.8.0_101-b13), built on Jun 22 2016 02:59:44 by "java_re" with gcc 4.3.0 20080428 (Red Hat 4.3.0-8)

time: Mon Aug 29 23:23:11 2016
elapsed time: 11 seconds (0d 0h 0m 11s)

