#
# A fatal error has been detected by the Java Runtime Environment:
#
#  SIGSEGV (0xb) at pc=0x00007f97d5019051, pid=27945, tid=0x00007f97ecb59700
#
# JRE version:  (8.0_101-b13) (build )
# Java VM: Java HotSpot(TM) 64-Bit Server VM (25.101-b13 mixed mode linux-amd64 compressed oops)
# Problematic frame:
# j  sun.nio.cs.StandardCharsets$Aliases.init([Ljava/lang/Object;)V+509
#
# Failed to write core dump. Core dumps have been disabled. To enable core dumping, try "ulimit -c unlimited" before starting Java again
#
# If you would like to submit a bug report, please visit:
#   http://bugreport.java.com/bugreport/crash.jsp
#

---------------  T H R E A D  ---------------

Current thread (0x00007f97e400a000):  JavaThread "main" [_thread_in_Java, id=27948, stack(0x00007f97eca59000,0x00007f97ecb5a000)]

siginfo: si_signo: 11 (SIGSEGV), si_code: 2 (SEGV_ACCERR), si_addr: 0x00000001002016f8

Registers:
RAX=0x0000000100000f28, RBX=0x00000001002016d0, RCX=0x0000000000000028, RDX=0x00000000eab10200
RSP=0x00007f97ecb57a98, RBP=0x00007f97ecb57b08, RSI=0x00007f97e89c5468, RDI=0x00007f97e400a000
R8 =0x0000000000000000, R9 =0x0000000000000009, R10=0x00007f97ebf3bdc0, R11=0x00000000eab0d218
R12=0x0000000000000000, R13=0x00007f97e89c460f, R14=0x00007f97ecb57b20, R15=0x00007f97e400a000
RIP=0x00007f97d5019051, EFLAGS=0x0000000000010212, CSGSFS=0x0000000000000033, ERR=0x0000000000000004
  TRAPNO=0x000000000000000e

Top of Stack: (sp=0x00007f97ecb57a98)
0x00007f97ecb57a98:   00000000eab0d218 0000000000000000
0x00007f97ecb57aa8:   00000000eab101f0 00000000eab101f0
0x00007f97ecb57ab8:   0000000000000089 00000000eab0e8b0
0x00007f97ecb57ac8:   00007f97ecb57ac8 00007f97e89c460d
0x00007f97ecb57ad8:   00007f97ecb57b20 00007f97e89c6418
0x00007f97ecb57ae8:   0000000000000000 00007f97e89c5468
0x00007f97ecb57af8:   0000000000000000 00007f97ecb57b18
0x00007f97ecb57b08:   00007f97ecb57b68 00007f97d5007ffd
0x00007f97ecb57b18:   00000000eab0e8b0 00000000eab0e888
0x00007f97ecb57b28:   00007f97ecb57b28 00007f97e89c5a16
0x00007f97ecb57b38:   00007f97ecb57b98 00007f97e89c61f8
0x00007f97ecb57b48:   0000000000000000 00007f97e89c5a28
0x00007f97ecb57b58:   00007f97ecb57b18 00007f97ecb57b78
0x00007f97ecb57b68:   00007f97ecb57be0 00007f97d5007ffd
0x00007f97ecb57b78:   00000000000003ff 0000000000000000
0x00007f97ecb57b88:   00000000000000d3 0000000000000400
0x00007f97ecb57b98:   00000000eab0e888 00007f97ecb57ba0
0x00007f97ecb57ba8:   00007f97e89c437b 00007f97ecb57bf0
0x00007f97ecb57bb8:   00007f97e89c6418 0000000000000000
0x00007f97ecb57bc8:   00007f97e89c4388 00007f97ecb57b78
0x00007f97ecb57bd8:   00007f97ecb57bf0 00007f97ecb57c38
0x00007f97ecb57be8:   00007f97d5007ffd 00000000eab0e888
0x00007f97ecb57bf8:   00007f97ecb57bf8 00007f97e89c54f1
0x00007f97ecb57c08:   00007f97ecb57c50 00007f97e89c6418
0x00007f97ecb57c18:   0000000000000000 00007f97e89c5500
0x00007f97ecb57c28:   00007f97ecb57bf0 00007f97ecb57c48
0x00007f97ecb57c38:   00007f97ecb57cb0 00007f97d5007ffd
0x00007f97ecb57c48:   0000000000000000 00000000eab0e888
0x00007f97ecb57c58:   00000000eab0e888 00000000eab0e370
0x00007f97ecb57c68:   00000000eab0e350 00007f97ecb57c70
0x00007f97ecb57c78:   00007f97e89c0e30 00007f97ecb57cc0
0x00007f97ecb57c88:   00007f97e89c28e0 0000000000000000 

Instructions: (pc=0x00007f97d5019051)
0x00007f97d5019031:   89 59 10 bf 01 00 00 00 48 89 79 18 48 83 c1 30
0x00007f97d5019041:   48 89 4d e0 48 3b d8 0f 84 5a 00 00 00 8b 48 0c
0x00007f97d5019051:   48 3b 04 0b 0f 84 4d 00 00 00 83 f9 18 0f 85 22
0x00007f97d5019061:   00 00 00 50 48 8b c0 57 48 8b 7b 20 8b 0f 48 83 

Register to memory mapping:

RAX=0x0000000100000f28 is pointing into metadata
RBX=0x00000001002016d0 is an unknown value
RCX=0x0000000000000028 is an unknown value
RDX=0x00000000eab10200 is an oop

[error occurred during error reporting (printing register info), id 0xb]

Stack: [0x00007f97eca59000,0x00007f97ecb5a000],  sp=0x00007f97ecb57a98,  free space=1018k
Native frames: (J=compiled Java code, j=interpreted, Vv=VM code, C=native code)
j  sun.nio.cs.StandardCharsets$Aliases.init([Ljava/lang/Object;)V+509
j  sun.util.PreHashedMap.<init>(IIII)V+38
j  sun.nio.cs.StandardCharsets$Aliases.<init>()V+11
j  sun.nio.cs.StandardCharsets$Aliases.<init>(Lsun/nio/cs/StandardCharsets$1;)V+1
j  sun.nio.cs.StandardCharsets.<init>()V+8
j  java.nio.charset.Charset.<clinit>()V+8
v  ~StubRoutines::call_stub
V  [libjvm.so+0x68f6b6]  JavaCalls::call_helper(JavaValue*, methodHandle*, JavaCallArguments*, Thread*)+0x1056
V  [libjvm.so+0x6414e7]  InstanceKlass::call_class_initializer_impl(instanceKlassHandle, Thread*)+0xd7
V  [libjvm.so+0x643afc]  InstanceKlass::initialize_impl(instanceKlassHandle, Thread*)+0x1ac
V  [libjvm.so+0x643ec1]  InstanceKlass::initialize(Thread*)+0x41
V  [libjvm.so+0x70dd0b]  find_class_from_class_loader(JNIEnv_*, Symbol*, unsigned char, Handle, Handle, unsigned char, Thread*)+0x7b
V  [libjvm.so+0x6e57d4]  jni_FindClass+0x424
C  [libjava.so+0x1aefa]  JNU_CallStaticMethodByName+0xaa
C  [libjava.so+0x1c0f2]  JNU_NewStringPlatform+0x152
C  [libjava.so+0x13175]  Java_java_lang_System_initProperties+0x1425
j  java.lang.System.initProperties(Ljava/util/Properties;)Ljava/util/Properties;+0
j  java.lang.System.initializeSystemClass()V+13
v  ~StubRoutines::call_stub
V  [libjvm.so+0x68f6b6]  JavaCalls::call_helper(JavaValue*, methodHandle*, JavaCallArguments*, Thread*)+0x1056
V  [libjvm.so+0x690341]  JavaCalls::call_static(JavaValue*, KlassHandle, Symbol*, Symbol*, JavaCallArguments*, Thread*)+0x2d1
V  [libjvm.so+0x690799]  JavaCalls::call_static(JavaValue*, KlassHandle, Symbol*, Symbol*, Thread*)+0x39
V  [libjvm.so+0xa71012]  Threads::create_vm(JavaVMInitArgs*, bool*)+0x652
V  [libjvm.so+0x6d08f4]  JNI_CreateJavaVM+0x74
C  [libjli.so+0x745e]  JavaMain+0x9e
C  [libpthread.so.0+0x7e9a]  start_thread+0xda


---------------  P R O C E S S  ---------------

Java Threads: ( => current thread )
  0x00007f97e4080000 JavaThread "Finalizer" daemon [_thread_blocked, id=27955, stack(0x00007f97d29fa000,0x00007f97d2afb000)]
  0x00007f97e407b800 JavaThread "Reference Handler" daemon [_thread_blocked, id=27954, stack(0x00007f97d2afb000,0x00007f97d2bfc000)]
=>0x00007f97e400a000 JavaThread "main" [_thread_in_Java, id=27948, stack(0x00007f97eca59000,0x00007f97ecb5a000)]

Other Threads:
  0x00007f97e4073800 VMThread [stack: 0x00007f97d2bfc000,0x00007f97d2cfd000] [id=27953]

VM state:not at safepoint (normal execution)

VM Mutex/Monitor currently owned by a thread: None

Heap:
 PSYoungGen      total 13824K, used 245K [0x00000000eab00000, 0x00000000eba00000, 0x0000000100000000)
  eden space 12288K, 2% used [0x00000000eab00000,0x00000000eab3d718,0x00000000eb700000)
  from space 1536K, 0% used [0x00000000eb880000,0x00000000eb880000,0x00000000eba00000)
  to   space 1536K, 0% used [0x00000000eb700000,0x00000000eb700000,0x00000000eb880000)
 ParOldGen       total 31744K, used 0K [0x00000000c0000000, 0x00000000c1f00000, 0x00000000eab00000)
  object space 31744K, 0% used [0x00000000c0000000,0x00000000c0000000,0x00000000c1f00000)
 Metaspace       used 1146K, capacity 4480K, committed 4480K, reserved 1056768K
  class space    used 120K, capacity 384K, committed 384K, reserved 1048576K

Card table byte_map: [0x00007f97e961e000,0x00007f97e981f000] byte_map_base: 0x00007f97e901e000

Marking Bits: (ParMarkBitMap*) 0x00007f97ebf35120
 Begin Bits: [0x00007f97d3000000, 0x00007f97d4000000)
 End Bits:   [0x00007f97d4000000, 0x00007f97d5000000)

Polling page: 0x00007f97ecb76000

CodeCache: size=245760Kb used=402Kb max_used=402Kb free=245357Kb
 bounds [0x00007f97d5000000, 0x00007f97d5270000, 0x00007f97e4000000]
 total_blobs=101 nmethods=0 adapters=78
 compilation: enabled

Compilation events (0 events):
No events

GC Heap History (0 events):
No events

Deoptimization events (0 events):
No events

Internal exceptions (2 events):
Event: 0.246 Thread 0x00007f97e400a000 Exception <a 'java/lang/NoSuchMethodError': Method sun.misc.Unsafe.defineClass(Ljava/lang/String;[BII)Ljava/lang/Class; name or signature does not match> (0x00000000eab07cc0) thrown at [/HUDSON3/workspace/8-2-build-linux-amd64/jdk8u101/7261/hotspot/src/sh
Event: 0.247 Thread 0x00007f97e400a000 Exception <a 'java/lang/NoSuchMethodError': Method sun.misc.Unsafe.prefetchRead(Ljava/lang/Object;J)V name or signature does not match> (0x00000000eab07fa8) thrown at [/HUDSON3/workspace/8-2-build-linux-amd64/jdk8u101/7261/hotspot/src/share/vm/prims/jni.c

Events (10 events):
Event: 0.285 loading class sun/nio/cs/StandardCharsets
Event: 0.286 loading class sun/nio/cs/FastCharsetProvider
Event: 0.286 loading class java/nio/charset/spi/CharsetProvider
Event: 0.288 loading class java/nio/charset/spi/CharsetProvider done
Event: 0.288 loading class sun/nio/cs/FastCharsetProvider done
Event: 0.288 loading class sun/nio/cs/StandardCharsets done
Event: 0.290 loading class sun/nio/cs/StandardCharsets$Aliases
Event: 0.290 loading class sun/util/PreHashedMap
Event: 0.290 loading class sun/util/PreHashedMap done
Event: 0.290 loading class sun/nio/cs/StandardCharsets$Aliases done


Dynamic libraries:
00400000-00401000 r-xp 00000000 08:01 3279757                            /usr/lib/jvm/java-8-oracle/bin/java
00600000-00601000 rw-p 00000000 08:01 3279757                            /usr/lib/jvm/java-8-oracle/bin/java
01c30000-01c51000 rw-p 00000000 00:00 0                                  [heap]
c0000000-c1f00000 rw-p 00000000 00:00 0 
c1f00000-eab00000 ---p 00000000 00:00 0 
eab00000-eba00000 rw-p 00000000 00:00 0 
eba00000-100000000 ---p 00000000 00:00 0 
100000000-100060000 rw-p 00000000 00:00 0 
100060000-140000000 ---p 00000000 00:00 0 
7f97bc000000-7f97bc021000 rw-p 00000000 00:00 0 
7f97bc021000-7f97c0000000 ---p 00000000 00:00 0 
7f97c0000000-7f97c0021000 rw-p 00000000 00:00 0 
7f97c0021000-7f97c4000000 ---p 00000000 00:00 0 
7f97c4000000-7f97c4021000 rw-p 00000000 00:00 0 
7f97c4021000-7f97c8000000 ---p 00000000 00:00 0 
7f97c8000000-7f97c8021000 rw-p 00000000 00:00 0 
7f97c8021000-7f97cc000000 ---p 00000000 00:00 0 
7f97cc000000-7f97cc021000 rw-p 00000000 00:00 0 
7f97cc021000-7f97d0000000 ---p 00000000 00:00 0 
7f97d208f000-7f97d2316000 rw-p 00000000 00:00 0 
7f97d2316000-7f97d29fa000 r--p 00000000 08:01 13113697                   /usr/lib/locale/locale-archive
7f97d29fa000-7f97d29fd000 ---p 00000000 00:00 0 
7f97d29fd000-7f97d2afb000 rw-p 00000000 00:00 0                          [stack:27955]
7f97d2afb000-7f97d2afe000 ---p 00000000 00:00 0 
7f97d2afe000-7f97d2bfc000 rw-p 00000000 00:00 0                          [stack:27954]
7f97d2bfc000-7f97d2bfd000 ---p 00000000 00:00 0 
7f97d2bfd000-7f97d5000000 rw-p 00000000 00:00 0                          [stack:27953]
7f97d5000000-7f97d5270000 rwxp 00000000 00:00 0 
7f97d5270000-7f97e4000000 ---p 00000000 00:00 0 
7f97e4000000-7f97e409e000 rw-p 00000000 00:00 0 
7f97e409e000-7f97e8000000 ---p 00000000 00:00 0 
7f97e8001000-7f97e8677000 rw-p 00000000 00:00 0 
7f97e8677000-7f97e8850000 r--s 03d29000 08:01 13118676                   /usr/lib/jvm/java-8-oracle/jre/lib/rt.jar
7f97e8850000-7f97e8cc6000 rw-p 00000000 00:00 0 
7f97e8cc6000-7f97e90c6000 ---p 00000000 00:00 0 
7f97e90c6000-7f97e92c6000 rw-p 00000000 00:00 0 
7f97e92c6000-7f97e92c7000 ---p 00000000 00:00 0 
7f97e92c7000-7f97e93c7000 rw-p 00000000 00:00 0                          [stack:27951]
7f97e93c7000-7f97e93c8000 ---p 00000000 00:00 0 
7f97e93c8000-7f97e94d8000 rw-p 00000000 00:00 0                          [stack:27950]
7f97e94d8000-7f97e961e000 ---p 00000000 00:00 0 
7f97e961e000-7f97e962e000 rw-p 00000000 00:00 0 
7f97e962e000-7f97e9773000 ---p 00000000 00:00 0 
7f97e9773000-7f97e977b000 rw-p 00000000 00:00 0 
7f97e977b000-7f97e981e000 ---p 00000000 00:00 0 
7f97e981e000-7f97e9829000 rw-p 00000000 00:00 0 
7f97e9829000-7f97e9bdf000 ---p 00000000 00:00 0 
7f97e9bdf000-7f97e9bf9000 r-xp 00000000 08:01 13766358                   /usr/lib/jvm/java-8-oracle/jre/lib/amd64/libzip.so
7f97e9bf9000-7f97e9df9000 ---p 0001a000 08:01 13766358                   /usr/lib/jvm/java-8-oracle/jre/lib/amd64/libzip.so
7f97e9df9000-7f97e9dfa000 rw-p 0001a000 08:01 13766358                   /usr/lib/jvm/java-8-oracle/jre/lib/amd64/libzip.so
7f97e9dfa000-7f97e9e05000 r-xp 00000000 08:01 2621673                    /lib/x86_64-linux-gnu/libnss_files-2.15.so
7f97e9e05000-7f97ea004000 ---p 0000b000 08:01 2621673                    /lib/x86_64-linux-gnu/libnss_files-2.15.so
7f97ea004000-7f97ea005000 r--p 0000a000 08:01 2621673                    /lib/x86_64-linux-gnu/libnss_files-2.15.so
7f97ea005000-7f97ea006000 rw-p 0000b000 08:01 2621673                    /lib/x86_64-linux-gnu/libnss_files-2.15.so
7f97ea006000-7f97ea010000 r-xp 00000000 08:01 2621658                    /lib/x86_64-linux-gnu/libnss_nis-2.15.so
7f97ea010000-7f97ea210000 ---p 0000a000 08:01 2621658                    /lib/x86_64-linux-gnu/libnss_nis-2.15.so
7f97ea210000-7f97ea211000 r--p 0000a000 08:01 2621658                    /lib/x86_64-linux-gnu/libnss_nis-2.15.so
7f97ea211000-7f97ea212000 rw-p 0000b000 08:01 2621658                    /lib/x86_64-linux-gnu/libnss_nis-2.15.so
7f97ea212000-7f97ea229000 r-xp 00000000 08:01 2621667                    /lib/x86_64-linux-gnu/libnsl-2.15.so
7f97ea229000-7f97ea428000 ---p 00017000 08:01 2621667                    /lib/x86_64-linux-gnu/libnsl-2.15.so
7f97ea428000-7f97ea429000 r--p 00016000 08:01 2621667                    /lib/x86_64-linux-gnu/libnsl-2.15.so
7f97ea429000-7f97ea42a000 rw-p 00017000 08:01 2621667                    /lib/x86_64-linux-gnu/libnsl-2.15.so
7f97ea42a000-7f97ea42c000 rw-p 00000000 00:00 0 
7f97ea42c000-7f97ea434000 r-xp 00000000 08:01 2621672                    /lib/x86_64-linux-gnu/libnss_compat-2.15.so
7f97ea434000-7f97ea633000 ---p 00008000 08:01 2621672                    /lib/x86_64-linux-gnu/libnss_compat-2.15.so
7f97ea633000-7f97ea634000 r--p 00007000 08:01 2621672                    /lib/x86_64-linux-gnu/libnss_compat-2.15.so
7f97ea634000-7f97ea635000 rw-p 00008000 08:01 2621672                    /lib/x86_64-linux-gnu/libnss_compat-2.15.so
7f97ea635000-7f97ea65f000 r-xp 00000000 08:01 13766323                   /usr/lib/jvm/java-8-oracle/jre/lib/amd64/libjava.so
7f97ea65f000-7f97ea85f000 ---p 0002a000 08:01 13766323                   /usr/lib/jvm/java-8-oracle/jre/lib/amd64/libjava.so
7f97ea85f000-7f97ea861000 rw-p 0002a000 08:01 13766323                   /usr/lib/jvm/java-8-oracle/jre/lib/amd64/libjava.so
7f97ea861000-7f97ea86e000 r-xp 00000000 08:01 13766361                   /usr/lib/jvm/java-8-oracle/jre/lib/amd64/libverify.so
7f97ea86e000-7f97eaa6e000 ---p 0000d000 08:01 13766361                   /usr/lib/jvm/java-8-oracle/jre/lib/amd64/libverify.so
7f97eaa6e000-7f97eaa70000 rw-p 0000d000 08:01 13766361                   /usr/lib/jvm/java-8-oracle/jre/lib/amd64/libverify.so
7f97eaa70000-7f97eaa77000 r-xp 00000000 08:01 2621660                    /lib/x86_64-linux-gnu/librt-2.15.so
7f97eaa77000-7f97eac76000 ---p 00007000 08:01 2621660                    /lib/x86_64-linux-gnu/librt-2.15.so
7f97eac76000-7f97eac77000 r--p 00006000 08:01 2621660                    /lib/x86_64-linux-gnu/librt-2.15.so
7f97eac77000-7f97eac78000 rw-p 00007000 08:01 2621660                    /lib/x86_64-linux-gnu/librt-2.15.so
7f97eac78000-7f97ead73000 r-xp 00000000 08:01 2621674                    /lib/x86_64-linux-gnu/libm-2.15.so
7f97ead73000-7f97eaf72000 ---p 000fb000 08:01 2621674                    /lib/x86_64-linux-gnu/libm-2.15.so
7f97eaf72000-7f97eaf73000 r--p 000fa000 08:01 2621674                    /lib/x86_64-linux-gnu/libm-2.15.so
7f97eaf73000-7f97eaf74000 rw-p 000fb000 08:01 2621674                    /lib/x86_64-linux-gnu/libm-2.15.so
7f97eaf74000-7f97ebc3f000 r-xp 00000000 08:01 13894575                   /usr/lib/jvm/java-8-oracle/jre/lib/amd64/server/libjvm.so
7f97ebc3f000-7f97ebe3e000 ---p 00ccb000 08:01 13894575                   /usr/lib/jvm/java-8-oracle/jre/lib/amd64/server/libjvm.so
7f97ebe3e000-7f97ebf17000 rw-p 00cca000 08:01 13894575                   /usr/lib/jvm/java-8-oracle/jre/lib/amd64/server/libjvm.so
7f97ebf17000-7f97ebf62000 rw-p 00000000 00:00 0 
7f97ebf62000-7f97ec116000 r-xp 00000000 08:01 2621665                    /lib/x86_64-linux-gnu/libc-2.15.so
7f97ec116000-7f97ec315000 ---p 001b4000 08:01 2621665                    /lib/x86_64-linux-gnu/libc-2.15.so
7f97ec315000-7f97ec319000 r--p 001b3000 08:01 2621665                    /lib/x86_64-linux-gnu/libc-2.15.so
7f97ec319000-7f97ec31b000 rw-p 001b7000 08:01 2621665                    /lib/x86_64-linux-gnu/libc-2.15.so
7f97ec31b000-7f97ec320000 rw-p 00000000 00:00 0 
7f97ec320000-7f97ec322000 r-xp 00000000 08:01 2621657                    /lib/x86_64-linux-gnu/libdl-2.15.so
7f97ec322000-7f97ec522000 ---p 00002000 08:01 2621657                    /lib/x86_64-linux-gnu/libdl-2.15.so
7f97ec522000-7f97ec523000 r--p 00002000 08:01 2621657                    /lib/x86_64-linux-gnu/libdl-2.15.so
7f97ec523000-7f97ec524000 rw-p 00003000 08:01 2621657                    /lib/x86_64-linux-gnu/libdl-2.15.so
7f97ec524000-7f97ec539000 r-xp 00000000 08:01 2627921                    /usr/lib/jvm/java-8-oracle/lib/amd64/jli/libjli.so
7f97ec539000-7f97ec739000 ---p 00015000 08:01 2627921                    /usr/lib/jvm/java-8-oracle/lib/amd64/jli/libjli.so
7f97ec739000-7f97ec73a000 rw-p 00015000 08:01 2627921                    /usr/lib/jvm/java-8-oracle/lib/amd64/jli/libjli.so
7f97ec73a000-7f97ec752000 r-xp 00000000 08:01 2621668                    /lib/x86_64-linux-gnu/libpthread-2.15.so
7f97ec752000-7f97ec951000 ---p 00018000 08:01 2621668                    /lib/x86_64-linux-gnu/libpthread-2.15.so
7f97ec951000-7f97ec952000 r--p 00017000 08:01 2621668                    /lib/x86_64-linux-gnu/libpthread-2.15.so
7f97ec952000-7f97ec953000 rw-p 00018000 08:01 2621668                    /lib/x86_64-linux-gnu/libpthread-2.15.so
7f97ec953000-7f97ec957000 rw-p 00000000 00:00 0 
7f97ec957000-7f97ec979000 r-xp 00000000 08:01 2621671                    /lib/x86_64-linux-gnu/ld-2.15.so
7f97ec980000-7f97eca59000 rw-p 00000000 00:00 0 
7f97eca59000-7f97eca5c000 ---p 00000000 00:00 0 
7f97eca5c000-7f97ecb5e000 rw-p 00000000 00:00 0                          [stack:27948]
7f97ecb6a000-7f97ecb6d000 rw-p 00000000 00:00 0 
7f97ecb6d000-7f97ecb75000 rw-s 00000000 08:01 4850125                    /tmp/hsperfdata_lin/27945
7f97ecb75000-7f97ecb76000 rw-p 00000000 00:00 0 
7f97ecb76000-7f97ecb77000 r--p 00000000 00:00 0 
7f97ecb77000-7f97ecb79000 rw-p 00000000 00:00 0 
7f97ecb79000-7f97ecb7a000 r--p 00022000 08:01 2621671                    /lib/x86_64-linux-gnu/ld-2.15.so
7f97ecb7a000-7f97ecb7c000 rw-p 00023000 08:01 2621671                    /lib/x86_64-linux-gnu/ld-2.15.so
7ffcf442e000-7ffcf444f000 rw-p 00000000 00:00 0                          [stack]
7ffcf4487000-7ffcf4489000 r-xp 00000000 00:00 0                          [vdso]
ffffffffff600000-ffffffffff601000 r-xp 00000000 00:00 0                  [vsyscall]

VM Arguments:
jvm_args: -Djava.awt.headless=true -Xmx1024M -Dfile.encoding=UTF-8 -Duser.country=US -Duser.language=en -Duser.variant 
java_command: com.android.dx.command.Main --dex --num-threads=4 --output /home/lin/other/AndroidProjects/Radio/app/build/intermediates/pre-dexed/debug/com.android.support-appcompat-v7-23.4.0_931a42660435b959128062e7e91ccba6756dc32b.jar /home/lin/other/AndroidProjects/Radio/app/build/intermediates/exploded-aar/com.android.support/appcompat-v7/23.4.0/jars/classes.jar
java_class_path (initial): /home/lin/Android/Sdk/build-tools/23.0.3/lib/dx.jar
Launcher Type: SUN_STANDARD

Environment Variables:
PATH=/usr/lib/lightdm/lightdm:/usr/local/sbin:/usr/local/bin:/usr/sbin:/usr/bin:/sbin:/bin:/usr/games
LD_LIBRARY_PATH=/opt/android-studio/bin:
SHELL=/bin/bash
DISPLAY=:0.0

Signal Handlers:
SIGSEGV: [libjvm.so+0xac4790], sa_mask[0]=11111111011111111101111111111110, sa_flags=SA_RESTART|SA_SIGINFO
SIGBUS: [libjvm.so+0xac4790], sa_mask[0]=11111111011111111101111111111110, sa_flags=SA_RESTART|SA_SIGINFO
SIGFPE: [libjvm.so+0x91f140], sa_mask[0]=11111111011111111101111111111110, sa_flags=SA_RESTART|SA_SIGINFO
SIGPIPE: [libjvm.so+0x91f140], sa_mask[0]=11111111011111111101111111111110, sa_flags=SA_RESTART|SA_SIGINFO
SIGXFSZ: [libjvm.so+0x91f140], sa_mask[0]=11111111011111111101111111111110, sa_flags=SA_RESTART|SA_SIGINFO
SIGILL: [libjvm.so+0x91f140], sa_mask[0]=11111111011111111101111111111110, sa_flags=SA_RESTART|SA_SIGINFO
SIGUSR1: SIG_DFL, sa_mask[0]=00000000000000000000000000000000, sa_flags=none
SIGUSR2: [libjvm.so+0x920770], sa_mask[0]=00100000000000000000000000000000, sa_flags=SA_RESTART|SA_SIGINFO
SIGHUP: SIG_DFL, sa_mask[0]=00000000000000000000000000000000, sa_flags=none
SIGINT: SIG_DFL, sa_mask[0]=00000000000000000000000000000000, sa_flags=none
SIGTERM: SIG_DFL, sa_mask[0]=00000000000000000000000000000000, sa_flags=none
SIGQUIT: SIG_DFL, sa_mask[0]=00000000000000000000000000000000, sa_flags=none


---------------  S Y S T E M  ---------------

OS:DISTRIB_ID=Ubuntu
DISTRIB_RELEASE=12.04
DISTRIB_CODENAME=precise
DISTRIB_DESCRIPTION="Ubuntu 12.04.5 LTS"

uname:Linux 3.13.0-93-generic #140~precise1-Ubuntu SMP Tue Jul 19 19:55:11 UTC 2016 x86_64
libc:glibc 2.15 NPTL 2.15 
rlimit: STACK 8192k, CORE 0k, NPROC 22873, NOFILE 4096, AS infinity
load average:3.12 1.35 1.71

/proc/meminfo:
MemTotal:        2948840 kB
MemFree:           83212 kB
Buffers:           33060 kB
Cached:           749800 kB
SwapCached:        43380 kB
Active:          1991824 kB
Inactive:         715440 kB
Active(anon):    1668832 kB
Inactive(anon):   392892 kB
Active(file):     322992 kB
Inactive(file):   322548 kB
Unevictable:           0 kB
Mlocked:               0 kB
SwapTotal:       3008508 kB
SwapFree:        2622880 kB
Dirty:             11264 kB
Writeback:             0 kB
AnonPages:       1905420 kB
Mapped:           126020 kB
Shmem:            137320 kB
Slab:              71132 kB
SReclaimable:      44020 kB
SUnreclaim:        27112 kB
KernelStack:        4336 kB
PageTables:        31968 kB
NFS_Unstable:          0 kB
Bounce:                0 kB
WritebackTmp:          0 kB
CommitLimit:     4482928 kB
Committed_AS:    5103652 kB
VmallocTotal:   34359738367 kB
VmallocUsed:      346400 kB
VmallocChunk:   34359384156 kB
HardwareCorrupted:     0 kB
AnonHugePages:    657408 kB
HugePages_Total:       0
HugePages_Free:        0
HugePages_Rsvd:        0
HugePages_Surp:        0
Hugepagesize:       2048 kB
DirectMap4k:       61828 kB
DirectMap2M:     2949120 kB


CPU:total 2 (2 cores per cpu, 1 threads per core) family 6 model 15 stepping 13, cmov, cx8, fxsr, mmx, sse, sse2, sse3, ssse3, tsc

/proc/cpuinfo:
processor	: 0
vendor_id	: GenuineIntel
cpu family	: 6
model		: 15
model name	: Genuine Intel(R) CPU           T1600  @ 1.66GHz
stepping	: 13
microcode	: 0xa3
cpu MHz		: 1662.448
cache size	: 1024 KB
physical id	: 0
siblings	: 2
core id		: 0
cpu cores	: 2
apicid		: 0
initial apicid	: 0
fpu		: yes
fpu_exception	: yes
cpuid level	: 10
wp		: yes
flags		: fpu vme de pse tsc msr pae mce cx8 apic sep mtrr pge mca cmov pat pse36 clflush dts acpi mmx fxsr sse sse2 ss ht tm pbe syscall nx lm constant_tsc arch_perfmon pebs bts rep_good nopl aperfmperf pni dtes64 monitor ds_cpl tm2 ssse3 cx16 xtpr pdcm lahf_lm dtherm
bogomips	: 3324.89
clflush size	: 64
cache_alignment	: 64
address sizes	: 36 bits physical, 48 bits virtual
power management:

processor	: 1
vendor_id	: GenuineIntel
cpu family	: 6
model		: 15
model name	: Genuine Intel(R) CPU           T1600  @ 1.66GHz
stepping	: 13
microcode	: 0xa3
cpu MHz		: 1662.448
cache size	: 1024 KB
physical id	: 0
siblings	: 2
core id		: 1
cpu cores	: 2
apicid		: 1
initial apicid	: 1
fpu		: yes
fpu_exception	: yes
cpuid level	: 10
wp		: yes
flags		: fpu vme de pse tsc msr pae mce cx8 apic sep mtrr pge mca cmov pat pse36 clflush dts acpi mmx fxsr sse sse2 ss ht tm pbe syscall nx lm constant_tsc arch_perfmon pebs bts rep_good nopl aperfmperf pni dtes64 monitor ds_cpl tm2 ssse3 cx16 xtpr pdcm lahf_lm dtherm
bogomips	: 3324.89
clflush size	: 64
cache_alignment	: 64
address sizes	: 36 bits physical, 48 bits virtual
power management:



Memory: 4k page, physical 2948840k(83212k free), swap 3008508k(2622880k free)

vm_info: Java HotSpot(TM) 64-Bit Server VM (25.101-b13) for linux-amd64 JRE (1.8.0_101-b13), built on Jun 22 2016 02:59:44 by "java_re" with gcc 4.3.0 20080428 (Red Hat 4.3.0-8)

time: Tue Aug 16 22:21:17 2016
elapsed time: 0 seconds (0d 0h 0m 0s)

