#
# A fatal error has been detected by the Java Runtime Environment:
#
#  SIGSEGV (0xb) at pc=0x00007f4a2e0d25a3, pid=15343, tid=0x00007f4a18b3e700
#
# JRE version: Java(TM) SE Runtime Environment (8.0_101-b13) (build 1.8.0_101-b13)
# Java VM: Java HotSpot(TM) 64-Bit Server VM (25.101-b13 mixed mode linux-amd64 compressed oops)
# Problematic frame:
# V  [libjvm.so+0x98c5a3]  oopDesc* PSPromotionManager::copy_to_survivor_space<false>(oopDesc*)+0x143
#
# Failed to write core dump. Core dumps have been disabled. To enable core dumping, try "ulimit -c unlimited" before starting Java again
#
# If you would like to submit a bug report, please visit:
#   http://bugreport.java.com/bugreport/crash.jsp
#

---------------  T H R E A D  ---------------

Current thread (0x00007f4a28021000):  GCTaskThread [stack: 0x00007f4a18a3e000,0x00007f4a18b3f000] [id=15349]

siginfo: si_signo: 11 (SIGSEGV), si_code: 2 (SEGV_ACCERR), si_addr: 0x0000000100200990

Registers:
RAX=0x00007f4a2e6d3b90, RBX=0x00000000eb8415d4, RCX=0x0000000000000003, RDX=0x0000000000000001
RSP=0x00007f4a18b3d860, RBP=0x00007f4a18b3d8d0, RSI=0x00000000eb1ca488, RDI=0x0000000100200988
R8 =0x00000000eb8415b8, R9 =0x00007f4a28071318, R10=0x00007f4a2e6f8059, R11=0x00007f4a18b3d810
R12=0x00000000eb1ca488, R13=0x0000000000040001, R14=0x0000000000000000, R15=0x00007f4a280712e8
RIP=0x00007f4a2e0d25a3, EFLAGS=0x0000000000010206, CSGSFS=0x0000000000000033, ERR=0x0000000000000004
  TRAPNO=0x000000000000000e

Top of Stack: (sp=0x00007f4a18b3d860)
0x00007f4a18b3d860:   00000000eb76c091 00007f4a2e6f8059
0x00007f4a18b3d870:   00000000eab003b8 00007f4a28071280
0x00007f4a18b3d880:   00000000eb83a3c5 000000000000000d
0x00007f4a18b3d890:   00000000eab0a962 0000000000001000
0x00007f4a18b3d8a0:   0000000000000000 00000000eb8415d4
0x00007f4a18b3d8b0:   00007f4a28071280 00007f4a2e6d3b80
0x00007f4a18b3d8c0:   0000000000000000 00007f4a280712e8
0x00007f4a18b3d8d0:   00007f4a18b3d9c0 00007f4a2e0d1e70
0x00007f4a18b3d8e0:   00000000eb758000 00007f4a18b3d950
0x00007f4a18b3d8f0:   00007f4a18b3d960 00007f4a18b3d920
0x00007f4a18b3d900:   00007f4a18b3d930 00007f4a18b3d980
0x00007f4a18b3d910:   00007f4a18b3d940 00007f4a28071318
0x00007f4a18b3d920:   00007f4a18b3da30 00007f4a18b3d9f0
0x00007f4a18b3d930:   00007f4a18b3d960 00007f4a2e0d69df
0x00007f4a18b3d940:   00007f4a18b3d960 00007f4a18b3d9e0
0x00007f4a18b3d950:   00007f4a280231f0 00007f4a18b3d9e0
0x00007f4a18b3d960:   00007f4a18b3d980 00007f4a2e0d5eeb
0x00007f4a18b3d970:   00007f4a18b3da30 0000000100000028
0x00007f4a18b3d980:   00000000eb8415d5 00007f4a2dbaf4e4
0x00007f4a18b3d990:   00007f4a28021580 00007f4a28023940
0x00007f4a18b3d9a0:   00007f4a28071280 0000000000000001
0x00007f4a18b3d9b0:   00007f4a28021580 00007f4a2e295ae5
0x00007f4a18b3d9c0:   00007f4a18b3da80 00007f4a2e0d58b2
0x00007f4a18b3d9d0:   0000000000000000 00007f4a2e295af9
0x00007f4a18b3d9e0:   00007f4a2e6aafa0 00007f4a18b3da00
0x00007f4a18b3d9f0:   00007f4a2e6aafd0 00007f4a28071200
0x00007f4a18b3da00:   00007f4a28071280 0000000000000000
0x00007f4a18b3da10:   00007f4a2e6aaf70 0000000000000000
0x00007f4a18b3da20:   00007f4a28071280 00007f4a2e02360b
0x00007f4a18b3da30:   00007f4a2e6aadf0 00007f4a2801ec00
0x00007f4a18b3da40:   00007f4a28071280 00007f4a2dd1be67
0x00007f4a18b3da50:   00007f4a18b3da80 00007f4a28023940 

Instructions: (pc=0x00007f4a2e0d25a3)
0x00007f4a2e0d2583:   83 e0 07 48 83 f8 05 75 d3 31 db eb d6 48 8b 05
0x00007f4a2e0d2593:   f1 24 5e 00 8b 7e 08 8b 48 08 48 d3 e7 48 03 38
0x00007f4a2e0d25a3:   8b 77 08 83 fe 00 0f 8f 0a ff ff ff 0f 85 4b 02
0x00007f4a2e0d25b3:   00 00 0f 1f 00 48 8b 07 4c 89 e6 4c 89 55 98 ff 

Register to memory mapping:

RAX=0x00007f4a2e6d3b90: <offset 0xf8db90> in /usr/lib/jvm/java-8-oracle/jre/lib/amd64/server/libjvm.so at 0x00007f4a2d746000
RBX=0x00000000eb8415d4 is an unknown value
RCX=0x0000000000000003 is an unknown value
RDX=0x0000000000000001 is an unknown value
RSP=0x00007f4a18b3d860 is an unknown value
RBP=0x00007f4a18b3d8d0 is an unknown value
RSI=0x00000000eb1ca488 is an oop

[error occurred during error reporting (printing register info), id 0xb]

Stack: [0x00007f4a18a3e000,0x00007f4a18b3f000],  sp=0x00007f4a18b3d860,  free space=1022k
Native frames: (J=compiled Java code, j=interpreted, Vv=VM code, C=native code)
V  [libjvm.so+0x98c5a3]  oopDesc* PSPromotionManager::copy_to_survivor_space<false>(oopDesc*)+0x143
V  [libjvm.so+0x98be70]  PSPromotionManager::drain_stacks_depth(bool)+0x830
V  [libjvm.so+0x98f8b2]  ScavengeRootsTask::do_it(GCTaskManager*, unsigned int)+0x82
V  [libjvm.so+0x5d6b5f]  GCTaskThread::run()+0x12f
V  [libjvm.so+0x924698]  java_start(Thread*)+0x108


---------------  P R O C E S S  ---------------

Java Threads: ( => current thread )
  0x00007f4a28145000 JavaThread "pool-1-thread-2" [_thread_blocked, id=15367, stack(0x00007f4a142d6000,0x00007f4a143d7000)]
  0x00007f4a28135800 JavaThread "pool-2-thread-1" [_thread_blocked, id=15364, stack(0x00007f4a143d7000,0x00007f4a144d8000)]
  0x00007f4a280c4000 JavaThread "Service Thread" daemon [_thread_blocked, id=15361, stack(0x00007f4a146da000,0x00007f4a147db000)]
  0x00007f4a280b7800 JavaThread "C1 CompilerThread1" daemon [_thread_blocked, id=15360, stack(0x00007f4a147db000,0x00007f4a148dc000)]
  0x00007f4a280b4800 JavaThread "C2 CompilerThread0" daemon [_thread_blocked, id=15359, stack(0x00007f4a148dc000,0x00007f4a149dd000)]
  0x00007f4a280b3000 JavaThread "Signal Dispatcher" daemon [_thread_blocked, id=15358, stack(0x00007f4a149dd000,0x00007f4a14ade000)]
  0x00007f4a28080000 JavaThread "Finalizer" daemon [_thread_blocked, id=15357, stack(0x00007f4a151c2000,0x00007f4a152c3000)]
  0x00007f4a2807b800 JavaThread "Reference Handler" daemon [_thread_blocked, id=15356, stack(0x00007f4a152c3000,0x00007f4a153c4000)]
  0x00007f4a2800a000 JavaThread "main" [_thread_blocked, id=15347, stack(0x00007f4a2f22b000,0x00007f4a2f32c000)]

Other Threads:
  0x00007f4a28073800 VMThread [stack: 0x00007f4a153c4000,0x00007f4a154c5000] [id=15355]
  0x00007f4a280c7000 WatcherThread [stack: 0x00007f4a145d9000,0x00007f4a146da000] [id=15362]

=>0x00007f4a28021000 (exited) GCTaskThread [stack: 0x00007f4a18a3e000,0x00007f4a18b3f000] [id=15349]

VM state:at safepoint (normal execution)

VM Mutex/Monitor currently owned by a thread:  ([mutex/lock_event])
[0x00007f4a280064a0] Threads_lock - owner thread: 0x00007f4a28073800
[0x00007f4a280069a0] Heap_lock - owner thread: 0x00007f4a28145000

Heap:
 PSYoungGen      total 13824K, used 12288K [0x00000000eab00000, 0x00000000eba00000, 0x0000000100000000)
  eden space 12288K, 100% used [0x00000000eab00000,0x00000000eb700000,0x00000000eb700000)
  from space 1536K, 0% used [0x00000000eb880000,0x00000000eb880000,0x00000000eba00000)
  to   space 1536K, 100% used [0x00000000eb700000,0x00000000eb880000,0x00000000eb880000)
 ParOldGen       total 31744K, used 296K [0x00000000c0000000, 0x00000000c1f00000, 0x00000000eab00000)
  object space 31744K, 0% used [0x00000000c0000000,0x00000000c004a038,0x00000000c1f00000)
 Metaspace       used 5524K, capacity 6576K, committed 6784K, reserved 1056768K
  class space    used 583K, capacity 616K, committed 640K, reserved 1048576K

Card table byte_map: [0x00007f4a2c1b0000,0x00007f4a2c3b1000] byte_map_base: 0x00007f4a2bbb0000

Marking Bits: (ParMarkBitMap*) 0x00007f4a2e707120
 Begin Bits: [0x00007f4a16a3e000, 0x00007f4a17a3e000)
 End Bits:   [0x00007f4a17a3e000, 0x00007f4a18a3e000)

Polling page: 0x00007f4a2f348000

CodeCache: size=245760Kb used=2441Kb max_used=2441Kb free=243318Kb
 bounds [0x00007f4a19000000, 0x00007f4a19270000, 0x00007f4a28000000]
 total_blobs=846 nmethods=581 adapters=181
 compilation: enabled

Compilation events (10 events):
Event: 4.082 Thread 0x00007f4a280b7800 nmethod 688 0x00007f4a19260f10 code [0x00007f4a19261080, 0x00007f4a19261388]
Event: 4.082 Thread 0x00007f4a280b7800  685       3       com.android.dx.ssa.back.InterferenceGraph::add (46 bytes)
Event: 4.084 Thread 0x00007f4a280b7800 nmethod 685 0x00007f4a19261490 code [0x00007f4a19261700, 0x00007f4a192622c8]
Event: 4.084 Thread 0x00007f4a280b7800  689       3       com.android.dx.util.BitIntSet::has (28 bytes)
Event: 4.084 Thread 0x00007f4a280b7800 nmethod 689 0x00007f4a19262b50 code [0x00007f4a19262cc0, 0x00007f4a19262ff0]
Event: 4.084 Thread 0x00007f4a280b7800  661       1       com.android.dx.rop.type.Type::isConstant (2 bytes)
Event: 4.105 Thread 0x00007f4a280b7800 nmethod 661 0x00007f4a19263150 code [0x00007f4a192632a0, 0x00007f4a192633b0]
Event: 4.105 Thread 0x00007f4a280b7800  690       3       com.android.dx.rop.code.PlainInsn::getCatches (4 bytes)
Event: 4.105 Thread 0x00007f4a280b7800 nmethod 690 0x00007f4a19263410 code [0x00007f4a19263580, 0x00007f4a192636d0]
Event: 4.105 Thread 0x00007f4a280b7800  663       3       com.android.dx.rop.code.ThrowingCstInsn::accept (8 bytes)

GC Heap History (1 events):
Event: 4.106 GC heap before
{Heap before GC invocations=1 (full 0):
 PSYoungGen      total 13824K, used 12288K [0x00000000eab00000, 0x00000000eba00000, 0x0000000100000000)
  eden space 12288K, 100% used [0x00000000eab00000,0x00000000eb700000,0x00000000eb700000)
  from space 1536K, 0% used [0x00000000eb880000,0x00000000eb880000,0x00000000eba00000)
  to   space 1536K, 0% used [0x00000000eb700000,0x00000000eb700000,0x00000000eb880000)
 ParOldGen       total 31744K, used 0K [0x00000000c0000000, 0x00000000c1f00000, 0x00000000eab00000)
  object space 31744K, 0% used [0x00000000c0000000,0x00000000c0000000,0x00000000c1f00000)
 Metaspace       used 5524K, capacity 6576K, committed 6784K, reserved 1056768K
  class space    used 583K, capacity 616K, committed 640K, reserved 1048576K

Deoptimization events (2 events):
Event: 1.367 Thread 0x00007f4a2800a000 Uncommon trap: reason=unstable_if action=reinterpret pc=0x00007f4a19147d04 method=java.lang.String.indexOf(II)I @ 49
Event: 2.977 Thread 0x00007f4a28145000 Uncommon trap: reason=unstable_if action=reinterpret pc=0x00007f4a191d45a0 method=java.util.HashMap.getNode(ILjava/lang/Object;)Ljava/util/HashMap$Node; @ 62

Internal exceptions (4 events):
Event: 0.185 Thread 0x00007f4a2800a000 Exception <a 'java/lang/NoSuchMethodError': Method sun.misc.Unsafe.defineClass(Ljava/lang/String;[BII)Ljava/lang/Class; name or signature does not match> (0x00000000eab07cc0) thrown at [/HUDSON3/workspace/8-2-build-linux-amd64/jdk8u101/7261/hotspot/src/sh
Event: 0.185 Thread 0x00007f4a2800a000 Exception <a 'java/lang/NoSuchMethodError': Method sun.misc.Unsafe.prefetchRead(Ljava/lang/Object;J)V name or signature does not match> (0x00000000eab07fa8) thrown at [/HUDSON3/workspace/8-2-build-linux-amd64/jdk8u101/7261/hotspot/src/share/vm/prims/jni.c
Event: 2.106 Thread 0x00007f4a28133800 Exception <a 'java/lang/ClassFormatError': Unknown constant tag 110 in class file com/android/dx/dex/code/CodeAddress> (0x00000000eb1ca2d0) thrown at [/HUDSON3/workspace/8-2-build-linux-amd64/jdk8u101/7261/hotspot/src/share/vm/classfile/classFileError.cpp
Event: 2.106 Thread 0x00007f4a28133800 Exception <a 'java/lang/ClassFormatError'> (0x00000000eb1ca2d0) thrown at [/HUDSON3/workspace/8-2-build-linux-amd64/jdk8u101/7261/hotspot/src/share/vm/prims/jvm.cpp, line 1390]

Events (10 events):
Event: 2.290 loading class java/io/PrintWriter done
Event: 2.395 loading class com/android/dx/ssa/PhiInsn$Operand
Event: 2.395 loading class com/android/dx/ssa/PhiInsn$Operand done
Event: 2.433 loading class com/android/dx/ssa/back/FirstFitLocalCombiningAllocator$Multiset
Event: 2.433 loading class com/android/dx/ssa/back/FirstFitLocalCombiningAllocator$Multiset done
Event: 2.977 Thread 0x00007f4a28145000 Uncommon trap: trap_request=0xffffff65 fr.pc=0x00007f4a191d45a0
Event: 2.977 Thread 0x00007f4a28145000 DEOPT PACKING pc=0x00007f4a191d45a0 sp=0x00007f4a143d4ae0
Event: 2.977 Thread 0x00007f4a28145000 DEOPT UNPACKING pc=0x00007f4a19004f69 sp=0x00007f4a143d4a78 mode 2
Event: 3.058 Thread 0x00007f4a28148800 Thread exited: 0x00007f4a28148800
Event: 4.106 Executing VM operation: ParallelGCFailedAllocation


Dynamic libraries:
00400000-00401000 r-xp 00000000 08:01 3279757                            /usr/lib/jvm/java-8-oracle/bin/java
00600000-00601000 rw-p 00000000 08:01 3279757                            /usr/lib/jvm/java-8-oracle/bin/java
024bf000-02502000 rw-p 00000000 00:00 0                                  [heap]
c0000000-c1f00000 rw-p 00000000 00:00 0 
c1f00000-eab00000 ---p 00000000 00:00 0 
eab00000-eba00000 rw-p 00000000 00:00 0 
eba00000-100000000 ---p 00000000 00:00 0 
100000000-1000a0000 rw-p 00000000 00:00 0 
1000a0000-140000000 ---p 00000000 00:00 0 
7f49d8000000-7f49d8021000 rw-p 00000000 00:00 0 
7f49d8021000-7f49dc000000 ---p 00000000 00:00 0 
7f49e0000000-7f49e0021000 rw-p 00000000 00:00 0 
7f49e0021000-7f49e4000000 ---p 00000000 00:00 0 
7f49e4000000-7f49e402c000 rw-p 00000000 00:00 0 
7f49e402c000-7f49e8000000 ---p 00000000 00:00 0 
7f49e8000000-7f49e8021000 rw-p 00000000 00:00 0 
7f49e8021000-7f49ec000000 ---p 00000000 00:00 0 
7f49ec000000-7f49ec035000 rw-p 00000000 00:00 0 
7f49ec035000-7f49f0000000 ---p 00000000 00:00 0 
7f49f0000000-7f49f06bf000 rw-p 00000000 00:00 0 
7f49f06bf000-7f49f4000000 ---p 00000000 00:00 0 
7f49f4000000-7f49f4021000 rw-p 00000000 00:00 0 
7f49f4021000-7f49f8000000 ---p 00000000 00:00 0 
7f49f8000000-7f49f8021000 rw-p 00000000 00:00 0 
7f49f8021000-7f49fc000000 ---p 00000000 00:00 0 
7f49fc000000-7f49fc446000 rw-p 00000000 00:00 0 
7f49fc446000-7f4a00000000 ---p 00000000 00:00 0 
7f4a00000000-7f4a00021000 rw-p 00000000 00:00 0 
7f4a00021000-7f4a04000000 ---p 00000000 00:00 0 
7f4a04000000-7f4a04021000 rw-p 00000000 00:00 0 
7f4a04021000-7f4a08000000 ---p 00000000 00:00 0 
7f4a08000000-7f4a08291000 rw-p 00000000 00:00 0 
7f4a08291000-7f4a0c000000 ---p 00000000 00:00 0 
7f4a0c000000-7f4a0c021000 rw-p 00000000 00:00 0 
7f4a0c021000-7f4a10000000 ---p 00000000 00:00 0 
7f4a10000000-7f4a10021000 rw-p 00000000 00:00 0 
7f4a10021000-7f4a14000000 ---p 00000000 00:00 0 
7f4a140d4000-7f4a140d7000 ---p 00000000 00:00 0 
7f4a140d7000-7f4a141d5000 rw-p 00000000 00:00 0 
7f4a141d5000-7f4a141d8000 ---p 00000000 00:00 0 
7f4a141d8000-7f4a142d6000 rw-p 00000000 00:00 0 
7f4a142d6000-7f4a142d9000 ---p 00000000 00:00 0 
7f4a142d9000-7f4a143d7000 rw-p 00000000 00:00 0                          [stack:15367]
7f4a143d7000-7f4a143da000 ---p 00000000 00:00 0 
7f4a143da000-7f4a144d8000 rw-p 00000000 00:00 0                          [stack:15364]
7f4a144d8000-7f4a144db000 ---p 00000000 00:00 0 
7f4a144db000-7f4a145d9000 rw-p 00000000 00:00 0 
7f4a145d9000-7f4a145da000 ---p 00000000 00:00 0 
7f4a145da000-7f4a146da000 rw-p 00000000 00:00 0                          [stack:15362]
7f4a146da000-7f4a146dd000 ---p 00000000 00:00 0 
7f4a146dd000-7f4a147db000 rw-p 00000000 00:00 0                          [stack:15361]
7f4a147db000-7f4a147de000 ---p 00000000 00:00 0 
7f4a147de000-7f4a148dc000 rw-p 00000000 00:00 0                          [stack:15360]
7f4a148dc000-7f4a148df000 ---p 00000000 00:00 0 
7f4a148df000-7f4a149dd000 rw-p 00000000 00:00 0                          [stack:15359]
7f4a149dd000-7f4a149e0000 ---p 00000000 00:00 0 
7f4a149e0000-7f4a14ade000 rw-p 00000000 00:00 0                          [stack:15358]
7f4a14ade000-7f4a151c2000 r--p 00000000 08:01 13113697                   /usr/lib/locale/locale-archive
7f4a151c2000-7f4a151c5000 ---p 00000000 00:00 0 
7f4a151c5000-7f4a152c3000 rw-p 00000000 00:00 0                          [stack:15357]
7f4a152c3000-7f4a152c6000 ---p 00000000 00:00 0 
7f4a152c6000-7f4a153c4000 rw-p 00000000 00:00 0                          [stack:15356]
7f4a153c4000-7f4a153c5000 ---p 00000000 00:00 0 
7f4a153c5000-7f4a15def000 rw-p 00000000 00:00 0                          [stack:15355]
7f4a15def000-7f4a15fc8000 r--s 03d29000 08:01 13118676                   /usr/lib/jvm/java-8-oracle/jre/lib/rt.jar
7f4a15fc8000-7f4a1663e000 rw-p 00000000 00:00 0 
7f4a1663e000-7f4a1683e000 ---p 00000000 00:00 0 
7f4a1683e000-7f4a18a3e000 rw-p 00000000 00:00 0 
7f4a18a3e000-7f4a18a3f000 ---p 00000000 00:00 0 
7f4a18a3f000-7f4a18b3f000 rw-p 00000000 00:00 0                          [stack:15349]
7f4a18b3f000-7f4a18b40000 ---p 00000000 00:00 0 
7f4a18b40000-7f4a18c4a000 rw-p 00000000 00:00 0                          [stack:15348]
7f4a18c4a000-7f4a19000000 ---p 00000000 00:00 0 
7f4a19000000-7f4a19270000 rwxp 00000000 00:00 0 
7f4a19270000-7f4a28000000 ---p 00000000 00:00 0 
7f4a28000000-7f4a2838f000 rw-p 00000000 00:00 0 
7f4a2838f000-7f4a2c000000 ---p 00000000 00:00 0 
7f4a2c00b000-7f4a2c06a000 rw-p 00000000 00:00 0 
7f4a2c06a000-7f4a2c1b0000 ---p 00000000 00:00 0 
7f4a2c1b0000-7f4a2c1c0000 rw-p 00000000 00:00 0 
7f4a2c1c0000-7f4a2c305000 ---p 00000000 00:00 0 
7f4a2c305000-7f4a2c30d000 rw-p 00000000 00:00 0 
7f4a2c30d000-7f4a2c3b0000 ---p 00000000 00:00 0 
7f4a2c3b0000-7f4a2c3b1000 rw-p 00000000 00:00 0 
7f4a2c3b1000-7f4a2c3cb000 r-xp 00000000 08:01 13766358                   /usr/lib/jvm/java-8-oracle/jre/lib/amd64/libzip.so
7f4a2c3cb000-7f4a2c5cb000 ---p 0001a000 08:01 13766358                   /usr/lib/jvm/java-8-oracle/jre/lib/amd64/libzip.so
7f4a2c5cb000-7f4a2c5cc000 rw-p 0001a000 08:01 13766358                   /usr/lib/jvm/java-8-oracle/jre/lib/amd64/libzip.so
7f4a2c5cc000-7f4a2c5d7000 r-xp 00000000 08:01 2621673                    /lib/x86_64-linux-gnu/libnss_files-2.15.so
7f4a2c5d7000-7f4a2c7d6000 ---p 0000b000 08:01 2621673                    /lib/x86_64-linux-gnu/libnss_files-2.15.so
7f4a2c7d6000-7f4a2c7d7000 r--p 0000a000 08:01 2621673                    /lib/x86_64-linux-gnu/libnss_files-2.15.so
7f4a2c7d7000-7f4a2c7d8000 rw-p 0000b000 08:01 2621673                    /lib/x86_64-linux-gnu/libnss_files-2.15.so
7f4a2c7d8000-7f4a2c7e2000 r-xp 00000000 08:01 2621658                    /lib/x86_64-linux-gnu/libnss_nis-2.15.so
7f4a2c7e2000-7f4a2c9e2000 ---p 0000a000 08:01 2621658                    /lib/x86_64-linux-gnu/libnss_nis-2.15.so
7f4a2c9e2000-7f4a2c9e3000 r--p 0000a000 08:01 2621658                    /lib/x86_64-linux-gnu/libnss_nis-2.15.so
7f4a2c9e3000-7f4a2c9e4000 rw-p 0000b000 08:01 2621658                    /lib/x86_64-linux-gnu/libnss_nis-2.15.so
7f4a2c9e4000-7f4a2c9fb000 r-xp 00000000 08:01 2621667                    /lib/x86_64-linux-gnu/libnsl-2.15.so
7f4a2c9fb000-7f4a2cbfa000 ---p 00017000 08:01 2621667                    /lib/x86_64-linux-gnu/libnsl-2.15.so
7f4a2cbfa000-7f4a2cbfb000 r--p 00016000 08:01 2621667                    /lib/x86_64-linux-gnu/libnsl-2.15.so
7f4a2cbfb000-7f4a2cbfc000 rw-p 00017000 08:01 2621667                    /lib/x86_64-linux-gnu/libnsl-2.15.so
7f4a2cbfc000-7f4a2cbfe000 rw-p 00000000 00:00 0 
7f4a2cbfe000-7f4a2cc06000 r-xp 00000000 08:01 2621672                    /lib/x86_64-linux-gnu/libnss_compat-2.15.so
7f4a2cc06000-7f4a2ce05000 ---p 00008000 08:01 2621672                    /lib/x86_64-linux-gnu/libnss_compat-2.15.so
7f4a2ce05000-7f4a2ce06000 r--p 00007000 08:01 2621672                    /lib/x86_64-linux-gnu/libnss_compat-2.15.so
7f4a2ce06000-7f4a2ce07000 rw-p 00008000 08:01 2621672                    /lib/x86_64-linux-gnu/libnss_compat-2.15.so
7f4a2ce07000-7f4a2ce31000 r-xp 00000000 08:01 13766323                   /usr/lib/jvm/java-8-oracle/jre/lib/amd64/libjava.so
7f4a2ce31000-7f4a2d031000 ---p 0002a000 08:01 13766323                   /usr/lib/jvm/java-8-oracle/jre/lib/amd64/libjava.so
7f4a2d031000-7f4a2d033000 rw-p 0002a000 08:01 13766323                   /usr/lib/jvm/java-8-oracle/jre/lib/amd64/libjava.so
7f4a2d033000-7f4a2d040000 r-xp 00000000 08:01 13766361                   /usr/lib/jvm/java-8-oracle/jre/lib/amd64/libverify.so
7f4a2d040000-7f4a2d240000 ---p 0000d000 08:01 13766361                   /usr/lib/jvm/java-8-oracle/jre/lib/amd64/libverify.so
7f4a2d240000-7f4a2d242000 rw-p 0000d000 08:01 13766361                   /usr/lib/jvm/java-8-oracle/jre/lib/amd64/libverify.so
7f4a2d242000-7f4a2d249000 r-xp 00000000 08:01 2621660                    /lib/x86_64-linux-gnu/librt-2.15.so
7f4a2d249000-7f4a2d448000 ---p 00007000 08:01 2621660                    /lib/x86_64-linux-gnu/librt-2.15.so
7f4a2d448000-7f4a2d449000 r--p 00006000 08:01 2621660                    /lib/x86_64-linux-gnu/librt-2.15.so
7f4a2d449000-7f4a2d44a000 rw-p 00007000 08:01 2621660                    /lib/x86_64-linux-gnu/librt-2.15.so
7f4a2d44a000-7f4a2d545000 r-xp 00000000 08:01 2621674                    /lib/x86_64-linux-gnu/libm-2.15.so
7f4a2d545000-7f4a2d744000 ---p 000fb000 08:01 2621674                    /lib/x86_64-linux-gnu/libm-2.15.so
7f4a2d744000-7f4a2d745000 r--p 000fa000 08:01 2621674                    /lib/x86_64-linux-gnu/libm-2.15.so
7f4a2d745000-7f4a2d746000 rw-p 000fb000 08:01 2621674                    /lib/x86_64-linux-gnu/libm-2.15.so
7f4a2d746000-7f4a2e411000 r-xp 00000000 08:01 13894575                   /usr/lib/jvm/java-8-oracle/jre/lib/amd64/server/libjvm.so
7f4a2e411000-7f4a2e610000 ---p 00ccb000 08:01 13894575                   /usr/lib/jvm/java-8-oracle/jre/lib/amd64/server/libjvm.so
7f4a2e610000-7f4a2e6e9000 rw-p 00cca000 08:01 13894575                   /usr/lib/jvm/java-8-oracle/jre/lib/amd64/server/libjvm.so
7f4a2e6e9000-7f4a2e734000 rw-p 00000000 00:00 0 
7f4a2e734000-7f4a2e8e8000 r-xp 00000000 08:01 2621665                    /lib/x86_64-linux-gnu/libc-2.15.so
7f4a2e8e8000-7f4a2eae7000 ---p 001b4000 08:01 2621665                    /lib/x86_64-linux-gnu/libc-2.15.so
7f4a2eae7000-7f4a2eaeb000 r--p 001b3000 08:01 2621665                    /lib/x86_64-linux-gnu/libc-2.15.so
7f4a2eaeb000-7f4a2eaed000 rw-p 001b7000 08:01 2621665                    /lib/x86_64-linux-gnu/libc-2.15.so
7f4a2eaed000-7f4a2eaf2000 rw-p 00000000 00:00 0 
7f4a2eaf2000-7f4a2eaf4000 r-xp 00000000 08:01 2621657                    /lib/x86_64-linux-gnu/libdl-2.15.so
7f4a2eaf4000-7f4a2ecf4000 ---p 00002000 08:01 2621657                    /lib/x86_64-linux-gnu/libdl-2.15.so
7f4a2ecf4000-7f4a2ecf5000 r--p 00002000 08:01 2621657                    /lib/x86_64-linux-gnu/libdl-2.15.so
7f4a2ecf5000-7f4a2ecf6000 rw-p 00003000 08:01 2621657                    /lib/x86_64-linux-gnu/libdl-2.15.so
7f4a2ecf6000-7f4a2ed0b000 r-xp 00000000 08:01 2627921                    /usr/lib/jvm/java-8-oracle/lib/amd64/jli/libjli.so
7f4a2ed0b000-7f4a2ef0b000 ---p 00015000 08:01 2627921                    /usr/lib/jvm/java-8-oracle/lib/amd64/jli/libjli.so
7f4a2ef0b000-7f4a2ef0c000 rw-p 00015000 08:01 2627921                    /usr/lib/jvm/java-8-oracle/lib/amd64/jli/libjli.so
7f4a2ef0c000-7f4a2ef24000 r-xp 00000000 08:01 2621668                    /lib/x86_64-linux-gnu/libpthread-2.15.so
7f4a2ef24000-7f4a2f123000 ---p 00018000 08:01 2621668                    /lib/x86_64-linux-gnu/libpthread-2.15.so
7f4a2f123000-7f4a2f124000 r--p 00017000 08:01 2621668                    /lib/x86_64-linux-gnu/libpthread-2.15.so
7f4a2f124000-7f4a2f125000 rw-p 00018000 08:01 2621668                    /lib/x86_64-linux-gnu/libpthread-2.15.so
7f4a2f125000-7f4a2f129000 rw-p 00000000 00:00 0 
7f4a2f129000-7f4a2f14b000 r-xp 00000000 08:01 2621671                    /lib/x86_64-linux-gnu/ld-2.15.so
7f4a2f151000-7f4a2f22b000 rw-p 00000000 00:00 0 
7f4a2f22b000-7f4a2f22e000 ---p 00000000 00:00 0 
7f4a2f22e000-7f4a2f330000 rw-p 00000000 00:00 0                          [stack:15347]
7f4a2f330000-7f4a2f33f000 r--s 000df000 08:01 11274850                   /root/Android/Sdk/build-tools/23.0.3/lib/dx.jar
7f4a2f33f000-7f4a2f347000 rw-s 00000000 08:01 4850504                    /tmp/hsperfdata_root/15343
7f4a2f347000-7f4a2f348000 rw-p 00000000 00:00 0 
7f4a2f348000-7f4a2f349000 ---p 00000000 00:00 0 
7f4a2f349000-7f4a2f34b000 rw-p 00000000 00:00 0 
7f4a2f34b000-7f4a2f34c000 r--p 00022000 08:01 2621671                    /lib/x86_64-linux-gnu/ld-2.15.so
7f4a2f34c000-7f4a2f34e000 rw-p 00023000 08:01 2621671                    /lib/x86_64-linux-gnu/ld-2.15.so
7ffeedac1000-7ffeedae2000 rw-p 00000000 00:00 0                          [stack]
7ffeedb12000-7ffeedb14000 r-xp 00000000 00:00 0                          [vdso]
ffffffffff600000-ffffffffff601000 r-xp 00000000 00:00 0                  [vsyscall]

VM Arguments:
jvm_args: -Djava.awt.headless=true -Xmx1024M -Dfile.encoding=UTF-8 -Duser.country=US -Duser.language=en -Duser.variant 
java_command: com.android.dx.command.Main --dex --num-threads=4 --output /home/lin/other/AndroidProjects/Radio/app/build/intermediates/pre-dexed/debug/io.apptik.widget-multislider-1.2_581037131a7bb60b51af06a9149cd3065ef50610.jar /home/lin/other/AndroidProjects/Radio/app/build/intermediates/exploded-aar/io.apptik.widget/multislider/1.2/jars/classes.jar
java_class_path (initial): /root/Android/Sdk/build-tools/23.0.3/lib/dx.jar
Launcher Type: SUN_STANDARD

Environment Variables:
PATH=/usr/local/sbin:/usr/local/bin:/usr/sbin:/usr/bin:/sbin:/bin
USERNAME=root
LD_LIBRARY_PATH=/opt/android-studio/bin:
SHELL=/bin/bash
DISPLAY=:0.0

Signal Handlers:
SIGSEGV: [libjvm.so+0xac4790], sa_mask[0]=11111111011111111101111111111110, sa_flags=SA_RESTART|SA_SIGINFO
SIGBUS: [libjvm.so+0xac4790], sa_mask[0]=11111111011111111101111111111110, sa_flags=SA_RESTART|SA_SIGINFO
SIGFPE: [libjvm.so+0x91f140], sa_mask[0]=11111111011111111101111111111110, sa_flags=SA_RESTART|SA_SIGINFO
SIGPIPE: [libjvm.so+0x91f140], sa_mask[0]=11111111011111111101111111111110, sa_flags=SA_RESTART|SA_SIGINFO
SIGXFSZ: [libjvm.so+0x91f140], sa_mask[0]=11111111011111111101111111111110, sa_flags=SA_RESTART|SA_SIGINFO
SIGILL: [libjvm.so+0x91f140], sa_mask[0]=11111111011111111101111111111110, sa_flags=SA_RESTART|SA_SIGINFO
SIGUSR1: SIG_DFL, sa_mask[0]=00000000000000000000000000000000, sa_flags=none
SIGUSR2: [libjvm.so+0x920770], sa_mask[0]=00100000000000000000000000000000, sa_flags=SA_RESTART|SA_SIGINFO
SIGHUP: [libjvm.so+0x921b70], sa_mask[0]=11111111011111111101111111111110, sa_flags=SA_RESTART|SA_SIGINFO
SIGINT: [libjvm.so+0x921b70], sa_mask[0]=11111111011111111101111111111110, sa_flags=SA_RESTART|SA_SIGINFO
SIGTERM: [libjvm.so+0x921b70], sa_mask[0]=11111111011111111101111111111110, sa_flags=SA_RESTART|SA_SIGINFO
SIGQUIT: [libjvm.so+0x921b70], sa_mask[0]=11111111011111111101111111111110, sa_flags=SA_RESTART|SA_SIGINFO


---------------  S Y S T E M  ---------------

OS:DISTRIB_ID=Ubuntu
DISTRIB_RELEASE=12.04
DISTRIB_CODENAME=precise
DISTRIB_DESCRIPTION="Ubuntu 12.04.5 LTS"

uname:Linux 3.13.0-95-generic #142~precise1-Ubuntu SMP Fri Aug 12 18:20:15 UTC 2016 x86_64
libc:glibc 2.15 NPTL 2.15 
rlimit: STACK 8192k, CORE 0k, NPROC 22873, NOFILE 4096, AS infinity
load average:11.31 6.19 3.56

/proc/meminfo:
MemTotal:        2948840 kB
MemFree:           80088 kB
Buffers:           22580 kB
Cached:           739820 kB
SwapCached:        45496 kB
Active:          1862324 kB
Inactive:         815100 kB
Active(anon):    1568740 kB
Inactive(anon):   521916 kB
Active(file):     293584 kB
Inactive(file):   293184 kB
Unevictable:           0 kB
Mlocked:               0 kB
SwapTotal:       3008508 kB
SwapFree:        2748332 kB
Dirty:              8384 kB
Writeback:             0 kB
AnonPages:       1901816 kB
Mapped:           236296 kB
Shmem:            175580 kB
Slab:             105496 kB
SReclaimable:      75860 kB
SUnreclaim:        29636 kB
KernelStack:        4736 kB
PageTables:        33640 kB
NFS_Unstable:          0 kB
Bounce:                0 kB
WritebackTmp:          0 kB
CommitLimit:     4482928 kB
Committed_AS:    5056992 kB
VmallocTotal:   34359738367 kB
VmallocUsed:      346464 kB
VmallocChunk:   34359383644 kB
HardwareCorrupted:     0 kB
AnonHugePages:    792576 kB
HugePages_Total:       0
HugePages_Free:        0
HugePages_Rsvd:        0
HugePages_Surp:        0
Hugepagesize:       2048 kB
DirectMap4k:       67972 kB
DirectMap2M:     2942976 kB


CPU:total 2 (2 cores per cpu, 1 threads per core) family 6 model 15 stepping 13, cmov, cx8, fxsr, mmx, sse, sse2, sse3, ssse3, tsc

/proc/cpuinfo:
processor	: 0
vendor_id	: GenuineIntel
cpu family	: 6
model		: 15
model name	: Genuine Intel(R) CPU           T1600  @ 1.66GHz
stepping	: 13
microcode	: 0xa3
cpu MHz		: 1662.438
cache size	: 1024 KB
physical id	: 0
siblings	: 2
core id		: 0
cpu cores	: 2
apicid		: 0
initial apicid	: 0
fpu		: yes
fpu_exception	: yes
cpuid level	: 10
wp		: yes
flags		: fpu vme de pse tsc msr pae mce cx8 apic sep mtrr pge mca cmov pat pse36 clflush dts acpi mmx fxsr sse sse2 ss ht tm pbe syscall nx lm constant_tsc arch_perfmon pebs bts rep_good nopl aperfmperf pni dtes64 monitor ds_cpl tm2 ssse3 cx16 xtpr pdcm lahf_lm dtherm
bogomips	: 3324.87
clflush size	: 64
cache_alignment	: 64
address sizes	: 36 bits physical, 48 bits virtual
power management:

processor	: 1
vendor_id	: GenuineIntel
cpu family	: 6
model		: 15
model name	: Genuine Intel(R) CPU           T1600  @ 1.66GHz
stepping	: 13
microcode	: 0xa3
cpu MHz		: 1662.438
cache size	: 1024 KB
physical id	: 0
siblings	: 2
core id		: 1
cpu cores	: 2
apicid		: 1
initial apicid	: 1
fpu		: yes
fpu_exception	: yes
cpuid level	: 10
wp		: yes
flags		: fpu vme de pse tsc msr pae mce cx8 apic sep mtrr pge mca cmov pat pse36 clflush dts acpi mmx fxsr sse sse2 ss ht tm pbe syscall nx lm constant_tsc arch_perfmon pebs bts rep_good nopl aperfmperf pni dtes64 monitor ds_cpl tm2 ssse3 cx16 xtpr pdcm lahf_lm dtherm
bogomips	: 3324.87
clflush size	: 64
cache_alignment	: 64
address sizes	: 36 bits physical, 48 bits virtual
power management:



Memory: 4k page, physical 2948840k(80088k free), swap 3008508k(2748332k free)

vm_info: Java HotSpot(TM) 64-Bit Server VM (25.101-b13) for linux-amd64 JRE (1.8.0_101-b13), built on Jun 22 2016 02:59:44 by "java_re" with gcc 4.3.0 20080428 (Red Hat 4.3.0-8)

time: Tue Sep 27 21:13:20 2016
elapsed time: 4 seconds (0d 0h 0m 4s)

