#
# A fatal error has been detected by the Java Runtime Environment:
#
#  SIGSEGV (0xb) at pc=0x00007f3ec10245d0, pid=27286, tid=0x00007f3ea8463700
#
# JRE version: Java(TM) SE Runtime Environment (8.0_101-b13) (build 1.8.0_101-b13)
# Java VM: Java HotSpot(TM) 64-Bit Server VM (25.101-b13 mixed mode linux-amd64 compressed oops)
# Problematic frame:
# V  [libjvm.so+0x4385d0]  ciObjectFactory::create_new_metadata(Metadata*)+0x320
#
# Failed to write core dump. Core dumps have been disabled. To enable core dumping, try "ulimit -c unlimited" before starting Java again
#
# If you would like to submit a bug report, please visit:
#   http://bugreport.java.com/bugreport/crash.jsp
#

---------------  T H R E A D  ---------------

Current thread (0x00007f3ebc0b7800):  JavaThread "C1 CompilerThread1" daemon [_thread_in_vm, id=27310, stack(0x00007f3ea8363000,0x00007f3ea8464000)]

siginfo: si_signo: 11 (SIGSEGV), si_code: 2 (SEGV_ACCERR), si_addr: 0x00000001002016d0

Registers:
RAX=0x0000000000000001, RBX=0x0000000000000065, RCX=0x00007f3ec25ca2c0, RDX=0x00007f3ea8463a20
RSP=0x00007f3ea84619b0, RBP=0x00007f3ea8461a20, RSI=0x0000000000000001, RDI=0x0000000000000010
R8 =0x00007f3e880ef310, R9 =0x0000000000000009, R10=0x0000000000000002, R11=0x0000000000000000
R12=0x00000001002016d0, R13=0x00007f3e8404f040, R14=0x00007f3ebc0b7800, R15=0x00007f3e8404f040
RIP=0x00007f3ec10245d0, EFLAGS=0x0000000000010202, CSGSFS=0x0000000000000033, ERR=0x0000000000000004
  TRAPNO=0x000000000000000e

Top of Stack: (sp=0x00007f3ea84619b0)
0x00007f3ea84619b0:   00007f3e880ef020 00007f3ec1b72640
0x00007f3ea84619c0:   00007f3ea8461a80 00007f3ea950d378
0x00007f3ea84619d0:   00007f3ea8461a50 00007f3ec101283e
0x00007f3ea84619e0:   000000010000d1b8 00007f3ea8462a20
0x00007f3ea84619f0:   00007f3e880ef0c0 0000000000000065
0x00007f3ea8461a00:   00000001002016d0 00007f3e8404f040
0x00007f3ea8461a10:   0000000000000071 00007f3e880ee220
0x00007f3ea8461a20:   00007f3ea8461a60 00007f3ec1024a05
0x00007f3ea8461a30:   00007f3ea8461a50 0000000000000003
0x00007f3ea8461a40:   00000001002016d0 0000000000000003
0x00007f3ea8461a50:   0000000000000001 00007f3e88172dd0
0x00007f3ea8461a60:   00007f3ea8461aa0 00007f3ec101f5ae
0x00007f3ea8461a70:   00007f3e88172dc0 00007f3e88172dc0
0x00007f3ea8461a80:   0000000000000020 00007f3e88172dd0
0x00007f3ea8461a90:   00007f3e880ef1a0 00007f3ea9697bd8
0x00007f3ea8461aa0:   00007f3ea8461b10 00007f3ec101ea3f
0x00007f3ea8461ab0:   00007f3ea9697cd8 00007f3e88171c30
0x00007f3ea8461ac0:   00007f3e88172d80 00007f3e88179c18
0x00007f3ea8461ad0:   00007f3ebc01c180 0000000000010388
0x00007f3ea8461ae0:   0000000000000000 00007f3ea9697bd8
0x00007f3ea8461af0:   00007f3ea8461b70 00007f3e880ef020
0x00007f3ea8461b00:   00007f3ebc0b7800 00007f3ec1b72640
0x00007f3ea8461b10:   00007f3ea8461b60 00007f3ec1011087
0x00007f3ea8461b20:   0000000000000060 00007f3ea95111a8
0x00007f3ea8461b30:   00007f3ea8461bc0 00007f3ea950ee70
0x00007f3ea8461b40:   00007f3e880ef020 00007f3ec1b72640
0x00007f3ea8461b50:   00007f3ea8461bb0 0000000000000000
0x00007f3ea8461b60:   00007f3ea8461be0 00007f3ec10122d7
0x00007f3ea8461b70:   00007f3ea950ee70 00007f3ebc0b7800
0x00007f3ea8461b80:   00007f3ea8461bc0 00007f3ec1016d57
0x00007f3ea8461b90:   00007f3ea950ee70 00007f3ebc0b7800
0x00007f3ea8461ba0:   00007f3ebc0b7800 00007f3ec1014ffd 

Instructions: (pc=0x00007f3ec10245d0)
0x00007f3ec10245b0:   89 04 32 41 8b 00 48 83 c6 08 39 c7 7c e2 44 8d
0x00007f3ec10245c0:   48 ff 45 89 08 e9 7b fd ff ff 66 0f 1f 44 00 00
0x00007f3ec10245d0:   49 8b 04 24 4c 89 e7 ff 50 08 84 c0 0f 84 05 fd
0x00007f3ec10245e0:   ff ff 41 8b 44 24 08 85 c0 0f 8e f8 fc ff ff 41 

Register to memory mapping:

RAX=0x0000000000000001 is an unknown value
RBX=0x0000000000000065 is an unknown value
RCX=0x00007f3ec25ca2c0: <offset 0x2182c0> in /lib/x86_64-linux-gnu/libpthread.so.0 at 0x00007f3ec23b2000
RDX=0x00007f3ea8463a20 is pointing into the stack for thread: 0x00007f3ebc0b7800
RSP=0x00007f3ea84619b0 is pointing into the stack for thread: 0x00007f3ebc0b7800
RBP=0x00007f3ea8461a20 is pointing into the stack for thread: 0x00007f3ebc0b7800
RSI=0x0000000000000001 is an unknown value
RDI=0x0000000000000010 is an unknown value
R8 =0x00007f3e880ef310 is an unknown value
R9 =0x0000000000000009 is an unknown value
R10=0x0000000000000002 is an unknown value
R11=0x0000000000000000 is an unknown value
R12=0x00000001002016d0 is an unknown value
R13=0x00007f3e8404f040 is an unknown value
R14=0x00007f3ebc0b7800 is a thread
R15=0x00007f3e8404f040 is an unknown value


Stack: [0x00007f3ea8363000,0x00007f3ea8464000],  sp=0x00007f3ea84619b0,  free space=1018k
Native frames: (J=compiled Java code, j=interpreted, Vv=VM code, C=native code)
V  [libjvm.so+0x4385d0]  ciObjectFactory::create_new_metadata(Metadata*)+0x320
V  [libjvm.so+0x438a05]  ciObjectFactory::get_metadata(Metadata*)+0x85
V  [libjvm.so+0x4335ae]  ciVirtualCallData::translate_from(ProfileData const*)+0x7e
V  [libjvm.so+0x432a3f]  ciMethodData::load_data()+0x14f
V  [libjvm.so+0x425087]  ciMethod::ensure_method_data(methodHandle)+0xa7
V  [libjvm.so+0x4262d7]  ciMethod::ensure_method_data()+0xa7
V  [libjvm.so+0x3713d5]  GraphBuilder::try_inline_full(ciMethod*, bool, Bytecodes::Code, Instruction*)+0x545
V  [libjvm.so+0x36d83f]  GraphBuilder::try_inline(ciMethod*, bool, Bytecodes::Code, Instruction*)+0x11f
V  [libjvm.so+0x36e982]  GraphBuilder::invoke(Bytecodes::Code)+0xbc2
V  [libjvm.so+0x36f2fd]  GraphBuilder::iterate_bytecodes_for_block(int)+0x6ad
V  [libjvm.so+0x370e8b]  GraphBuilder::iterate_all_blocks(bool)+0x14b
V  [libjvm.so+0x371826]  GraphBuilder::try_inline_full(ciMethod*, bool, Bytecodes::Code, Instruction*)+0x996
V  [libjvm.so+0x36d83f]  GraphBuilder::try_inline(ciMethod*, bool, Bytecodes::Code, Instruction*)+0x11f
V  [libjvm.so+0x36e982]  GraphBuilder::invoke(Bytecodes::Code)+0xbc2
V  [libjvm.so+0x36f2fd]  GraphBuilder::iterate_bytecodes_for_block(int)+0x6ad
V  [libjvm.so+0x370e32]  GraphBuilder::iterate_all_blocks(bool)+0xf2
V  [libjvm.so+0x372a57]  GraphBuilder::GraphBuilder(Compilation*, IRScope*)+0x527
V  [libjvm.so+0x37ad87]  IRScope::IRScope(Compilation*, IRScope*, int, ciMethod*, int, bool)+0x1e7
V  [libjvm.so+0x37ae9f]  IR::IR(Compilation*, ciMethod*, int)+0x9f
V  [libjvm.so+0x35944b]  Compilation::build_hir()+0xdb
V  [libjvm.so+0x35980e]  Compilation::compile_java_method()+0x6e
V  [libjvm.so+0x35993e]  Compilation::compile_method()+0x4e
V  [libjvm.so+0x359cae]  Compilation::Compilation(AbstractCompiler*, ciEnv*, ciMethod*, int, BufferBlob*)+0x25e
V  [libjvm.so+0x35aa59]  Compiler::compile_method(ciEnv*, ciMethod*, int)+0xa9
V  [libjvm.so+0x4af61a]  CompileBroker::invoke_compiler_on_method(CompileTask*)+0xc9a
V  [libjvm.so+0x4b05c6]  CompileBroker::compiler_thread_loop()+0x5d6
V  [libjvm.so+0xa7343f]  JavaThread::thread_main_inner()+0xdf
V  [libjvm.so+0xa7356c]  JavaThread::run()+0x11c
V  [libjvm.so+0x924698]  java_start(Thread*)+0x108
C  [libpthread.so.0+0x7e9a]  start_thread+0xda


Current CompileTask:
C1:   4036  611       2       java.util.ArrayList::subListRangeCheck (110 bytes)


---------------  P R O C E S S  ---------------

Java Threads: ( => current thread )
  0x00007f3ebc145000 JavaThread "pool-1-thread-4" [_thread_in_Java, id=27328, stack(0x00007f3e93518000,0x00007f3e93619000)]
  0x00007f3ebc143800 JavaThread "pool-1-thread-3" [_thread_in_Java, id=27327, stack(0x00007f3e93619000,0x00007f3e9371a000)]
  0x00007f3ebc141800 JavaThread "pool-1-thread-2" [_thread_in_vm, id=27326, stack(0x00007f3e9371a000,0x00007f3e9381b000)]
  0x00007f3ebc140800 JavaThread "pool-2-thread-1" [_thread_blocked, id=27325, stack(0x00007f3e9381b000,0x00007f3e9391c000)]
  0x00007f3ebc11a800 JavaThread "pool-1-thread-1" [_thread_in_Java, id=27324, stack(0x00007f3ea8060000,0x00007f3ea8161000)]
  0x00007f3ebc0ba000 JavaThread "Service Thread" daemon [_thread_blocked, id=27311, stack(0x00007f3ea8262000,0x00007f3ea8363000)]
=>0x00007f3ebc0b7800 JavaThread "C1 CompilerThread1" daemon [_thread_in_vm, id=27310, stack(0x00007f3ea8363000,0x00007f3ea8464000)]
  0x00007f3ebc0b4800 JavaThread "C2 CompilerThread0" daemon [_thread_in_native, id=27309, stack(0x00007f3ea8464000,0x00007f3ea8565000)]
  0x00007f3ebc0b3000 JavaThread "Signal Dispatcher" daemon [_thread_blocked, id=27308, stack(0x00007f3ea8565000,0x00007f3ea8666000)]
  0x00007f3ebc080000 JavaThread "Finalizer" daemon [_thread_blocked, id=27306, stack(0x00007f3ea8666000,0x00007f3ea8767000)]
  0x00007f3ebc07b800 JavaThread "Reference Handler" daemon [_thread_blocked, id=27305, stack(0x00007f3ea8767000,0x00007f3ea8868000)]
  0x00007f3ebc00a000 JavaThread "main" [_thread_in_Java, id=27295, stack(0x00007f3ec26d1000,0x00007f3ec27d2000)]

Other Threads:
  0x00007f3ebc073800 VMThread [stack: 0x00007f3ea8868000,0x00007f3ea8969000] [id=27303]
  0x00007f3ebc0bd000 WatcherThread [stack: 0x00007f3ea8161000,0x00007f3ea8262000] [id=27312]

VM state:not at safepoint (normal execution)

VM Mutex/Monitor currently owned by a thread: None

Heap:
 PSYoungGen      total 13824K, used 11174K [0x00000000eab00000, 0x00000000eba00000, 0x0000000100000000)
  eden space 12288K, 78% used [0x00000000eab00000,0x00000000eb46bf58,0x00000000eb700000)
  from space 1536K, 99% used [0x00000000eb700000,0x00000000eb87dc60,0x00000000eb880000)
  to   space 1536K, 0% used [0x00000000eb880000,0x00000000eb880000,0x00000000eba00000)
 ParOldGen       total 31744K, used 815K [0x00000000c0000000, 0x00000000c1f00000, 0x00000000eab00000)
  object space 31744K, 2% used [0x00000000c0000000,0x00000000c00cbd68,0x00000000c1f00000)
 Metaspace       used 5636K, capacity 6576K, committed 6784K, reserved 1056768K
  class space    used 588K, capacity 616K, committed 640K, reserved 1048576K

Card table byte_map: [0x00007f3eac1f2000,0x00007f3eac3f3000] byte_map_base: 0x00007f3eabbf2000

Marking Bits: (ParMarkBitMap*) 0x00007f3ec1bad120
 Begin Bits: [0x00007f3ea9e9a000, 0x00007f3eaae9a000)
 End Bits:   [0x00007f3eaae9a000, 0x00007f3eabe9a000)

Polling page: 0x00007f3ec27ee000

CodeCache: size=245760Kb used=2222Kb max_used=2234Kb free=243537Kb
 bounds [0x00007f3eac7b3000, 0x00007f3eaca23000, 0x00007f3ebb7b3000]
 total_blobs=829 nmethods=563 adapters=182
 compilation: enabled

Compilation events (10 events):
Event: 3.858 Thread 0x00007f3ebc0b4800 nmethod 603 0x00007f3eac9dc3d0 code [0x00007f3eac9dc520, 0x00007f3eac9dc578]
Event: 3.858 Thread 0x00007f3ebc0b4800  578       4       com.android.dx.util.IntList::add (65 bytes)
Event: 3.868 Thread 0x00007f3ebc0b7800 nmethod 610 0x00007f3eac9dd710 code [0x00007f3eac9dd880, 0x00007f3eac9dda48]
Event: 3.868 Thread 0x00007f3ebc0b7800  616       2       java.util.ArrayList$SubList::<init> (46 bytes)
Event: 3.869 Thread 0x00007f3ebc0b7800 nmethod 616 0x00007f3eac9dd350 code [0x00007f3eac9dd4a0, 0x00007f3eac9dd630]
Event: 3.869 Thread 0x00007f3ebc0b7800  617       2       java.util.ArrayList::subList (22 bytes)
Event: 3.869 Thread 0x00007f3ebc0b7800 nmethod 617 0x00007f3eac9dced0 code [0x00007f3eac9dd040, 0x00007f3eac9dd258]
Event: 3.869 Thread 0x00007f3ebc0b7800  611       2       java.util.ArrayList::subListRangeCheck (110 bytes)
Event: 3.893 Thread 0x00007f3ebc0b4800 nmethod 578 0x00007f3eac9dc890 code [0x00007f3eac9dca00, 0x00007f3eac9dccf8]
Event: 3.893 Thread 0x00007f3ebc0b4800  628       4       java.util.HashMap::getNode (148 bytes)

GC Heap History (2 events):
Event: 2.383 GC heap before
{Heap before GC invocations=1 (full 0):
 PSYoungGen      total 13824K, used 12288K [0x00000000eab00000, 0x00000000eba00000, 0x0000000100000000)
  eden space 12288K, 100% used [0x00000000eab00000,0x00000000eb700000,0x00000000eb700000)
  from space 1536K, 0% used [0x00000000eb880000,0x00000000eb880000,0x00000000eba00000)
  to   space 1536K, 0% used [0x00000000eb700000,0x00000000eb700000,0x00000000eb880000)
 ParOldGen       total 31744K, used 0K [0x00000000c0000000, 0x00000000c1f00000, 0x00000000eab00000)
  object space 31744K, 0% used [0x00000000c0000000,0x00000000c0000000,0x00000000c1f00000)
 Metaspace       used 4794K, capacity 5872K, committed 6016K, reserved 1056768K
  class space    used 528K, capacity 552K, committed 640K, reserved 1048576K
Event: 2.407 GC heap after
Heap after GC invocations=1 (full 0):
 PSYoungGen      total 13824K, used 1527K [0x00000000eab00000, 0x00000000eba00000, 0x0000000100000000)
  eden space 12288K, 0% used [0x00000000eab00000,0x00000000eab00000,0x00000000eb700000)
  from space 1536K, 99% used [0x00000000eb700000,0x00000000eb87dc60,0x00000000eb880000)
  to   space 1536K, 0% used [0x00000000eb880000,0x00000000eb880000,0x00000000eba00000)
 ParOldGen       total 31744K, used 815K [0x00000000c0000000, 0x00000000c1f00000, 0x00000000eab00000)
  object space 31744K, 2% used [0x00000000c0000000,0x00000000c00cbd68,0x00000000c1f00000)
 Metaspace       used 4794K, capacity 5872K, committed 6016K, reserved 1056768K
  class space    used 528K, capacity 552K, committed 640K, reserved 1048576K
}

Deoptimization events (3 events):
Event: 1.755 Thread 0x00007f3ebc00a000 Uncommon trap: reason=unstable_if action=reinterpret pc=0x00007f3eac920850 method=java.lang.String.indexOf(II)I @ 49
Event: 3.320 Thread 0x00007f3ebc141800 Uncommon trap: reason=unstable_if action=reinterpret pc=0x00007f3eac9afa2c method=java.util.BitSet.nextSetBit(I)I @ 87
Event: 3.394 Thread 0x00007f3ebc145000 Uncommon trap: reason=unstable_if action=reinterpret pc=0x00007f3eac9a99e8 method=java.util.HashMap.getNode(ILjava/lang/Object;)Ljava/util/HashMap$Node; @ 129

Internal exceptions (3 events):
Event: 0.197 Thread 0x00007f3ebc00a000 Exception <a 'java/lang/NoSuchMethodError': Method sun.misc.Unsafe.defineClass(Ljava/lang/String;[BII)Ljava/lang/Class; name or signature does not match> (0x00000000eab07cc0) thrown at [/HUDSON3/workspace/8-2-build-linux-amd64/jdk8u101/7261/hotspot/src/sh
Event: 0.197 Thread 0x00007f3ebc00a000 Exception <a 'java/lang/NoSuchMethodError': Method sun.misc.Unsafe.prefetchRead(Ljava/lang/Object;J)V name or signature does not match> (0x00000000eab07fa8) thrown at [/HUDSON3/workspace/8-2-build-linux-amd64/jdk8u101/7261/hotspot/src/share/vm/prims/jni.c
Event: 3.697 Thread 0x00007f3ebc00a000 Exception <a 'java/lang/Error'> (0x00000000eb105dd8) thrown at [/HUDSON3/workspace/8-2-build-linux-amd64/jdk8u101/7261/hotspot/src/share/vm/oops/instanceKlass.cpp, line 964]

Events (10 events):
Event: 3.695 loading class java/lang/invoke/MethodHandles$Lookup
Event: 3.695 loading class java/lang/invoke/MethodHandles$Lookup done
Event: 3.695 loading class java/lang/invoke/MethodType$ConcurrentWeakInternSet
Event: 3.696 loading class java/lang/invoke/MethodType$ConcurrentWeakInternSet done
Event: 3.696 loading class java/lang/invoke/MethodTypeForm
Event: 3.696 loading class java/lang/invoke/MethodTypeForm done
Event: 3.696 loading class java/lang/invoke/Invokers
Event: 3.696 loading class java/lang/invoke/Invokers done
Event: 3.697 loading class java/lang/NoSuchFieldException
Event: 3.697 loading class java/lang/NoSuchFieldException done


Dynamic libraries:
00400000-00401000 r-xp 00000000 08:01 3279757                            /usr/lib/jvm/java-8-oracle/bin/java
00600000-00601000 rw-p 00000000 08:01 3279757                            /usr/lib/jvm/java-8-oracle/bin/java
00e47000-00e89000 rw-p 00000000 00:00 0                                  [heap]
c0000000-c1f00000 rw-p 00000000 00:00 0 
c1f00000-eab00000 ---p 00000000 00:00 0 
eab00000-eba00000 rw-p 00000000 00:00 0 
eba00000-100000000 ---p 00000000 00:00 0 
100000000-1000a0000 rw-p 00000000 00:00 0 
1000a0000-140000000 ---p 00000000 00:00 0 
7f3e6c000000-7f3e6c021000 rw-p 00000000 00:00 0 
7f3e6c021000-7f3e70000000 ---p 00000000 00:00 0 
7f3e70000000-7f3e70032000 rw-p 00000000 00:00 0 
7f3e70032000-7f3e74000000 ---p 00000000 00:00 0 
7f3e74000000-7f3e74021000 rw-p 00000000 00:00 0 
7f3e74021000-7f3e78000000 ---p 00000000 00:00 0 
7f3e78000000-7f3e78021000 rw-p 00000000 00:00 0 
7f3e78021000-7f3e7c000000 ---p 00000000 00:00 0 
7f3e7c000000-7f3e7c021000 rw-p 00000000 00:00 0 
7f3e7c021000-7f3e80000000 ---p 00000000 00:00 0 
7f3e80000000-7f3e80021000 rw-p 00000000 00:00 0 
7f3e80021000-7f3e84000000 ---p 00000000 00:00 0 
7f3e84000000-7f3e840ea000 rw-p 00000000 00:00 0 
7f3e840ea000-7f3e88000000 ---p 00000000 00:00 0 
7f3e88000000-7f3e8845f000 rw-p 00000000 00:00 0 
7f3e8845f000-7f3e8c000000 ---p 00000000 00:00 0 
7f3e8c000000-7f3e8c021000 rw-p 00000000 00:00 0 
7f3e8c021000-7f3e90000000 ---p 00000000 00:00 0 
7f3e93518000-7f3e9351b000 ---p 00000000 00:00 0 
7f3e9351b000-7f3e93619000 rw-p 00000000 00:00 0                          [stack:27328]
7f3e93619000-7f3e9361c000 ---p 00000000 00:00 0 
7f3e9361c000-7f3e9371a000 rw-p 00000000 00:00 0                          [stack:27327]
7f3e9371a000-7f3e9371d000 ---p 00000000 00:00 0 
7f3e9371d000-7f3e9381b000 rw-p 00000000 00:00 0                          [stack:27326]
7f3e9381b000-7f3e9381e000 ---p 00000000 00:00 0 
7f3e9381e000-7f3e9391c000 rw-p 00000000 00:00 0                          [stack:27325]
7f3e9391c000-7f3e94000000 r--p 00000000 08:01 13113697                   /usr/lib/locale/locale-archive
7f3e94000000-7f3e94021000 rw-p 00000000 00:00 0 
7f3e94021000-7f3e98000000 ---p 00000000 00:00 0 
7f3e98000000-7f3e98021000 rw-p 00000000 00:00 0 
7f3e98021000-7f3e9c000000 ---p 00000000 00:00 0 
7f3e9c000000-7f3e9c021000 rw-p 00000000 00:00 0 
7f3e9c021000-7f3ea0000000 ---p 00000000 00:00 0 
7f3ea0000000-7f3ea0021000 rw-p 00000000 00:00 0 
7f3ea0021000-7f3ea4000000 ---p 00000000 00:00 0 
7f3ea4000000-7f3ea4021000 rw-p 00000000 00:00 0 
7f3ea4021000-7f3ea8000000 ---p 00000000 00:00 0 
7f3ea8060000-7f3ea8063000 ---p 00000000 00:00 0 
7f3ea8063000-7f3ea8161000 rw-p 00000000 00:00 0                          [stack:27324]
7f3ea8161000-7f3ea8162000 ---p 00000000 00:00 0 
7f3ea8162000-7f3ea8262000 rw-p 00000000 00:00 0                          [stack:27312]
7f3ea8262000-7f3ea8265000 ---p 00000000 00:00 0 
7f3ea8265000-7f3ea8363000 rw-p 00000000 00:00 0                          [stack:27311]
7f3ea8363000-7f3ea8366000 ---p 00000000 00:00 0 
7f3ea8366000-7f3ea8464000 rw-p 00000000 00:00 0                          [stack:27310]
7f3ea8464000-7f3ea8467000 ---p 00000000 00:00 0 
7f3ea8467000-7f3ea8565000 rw-p 00000000 00:00 0                          [stack:27309]
7f3ea8565000-7f3ea8568000 ---p 00000000 00:00 0 
7f3ea8568000-7f3ea8666000 rw-p 00000000 00:00 0                          [stack:27308]
7f3ea8666000-7f3ea8669000 ---p 00000000 00:00 0 
7f3ea8669000-7f3ea8767000 rw-p 00000000 00:00 0                          [stack:27306]
7f3ea8767000-7f3ea876a000 ---p 00000000 00:00 0 
7f3ea876a000-7f3ea8868000 rw-p 00000000 00:00 0                          [stack:27305]
7f3ea8868000-7f3ea8869000 ---p 00000000 00:00 0 
7f3ea8869000-7f3ea92c1000 rw-p 00000000 00:00 0                          [stack:27303]
7f3ea92c1000-7f3ea949a000 r--s 03d29000 08:01 13118676                   /usr/lib/jvm/java-8-oracle/jre/lib/rt.jar
7f3ea949a000-7f3ea9a9a000 rw-p 00000000 00:00 0 
7f3ea9a9a000-7f3ea9c9a000 ---p 00000000 00:00 0 
7f3ea9c9a000-7f3eabe9a000 rw-p 00000000 00:00 0 
7f3eabe9a000-7f3eabe9b000 ---p 00000000 00:00 0 
7f3eabe9b000-7f3eabf9b000 rw-p 00000000 00:00 0                          [stack:27301]
7f3eabf9b000-7f3eabf9c000 ---p 00000000 00:00 0 
7f3eabf9c000-7f3eac0ac000 rw-p 00000000 00:00 0                          [stack:27297]
7f3eac0ac000-7f3eac1f2000 ---p 00000000 00:00 0 
7f3eac1f2000-7f3eac202000 rw-p 00000000 00:00 0 
7f3eac202000-7f3eac347000 ---p 00000000 00:00 0 
7f3eac347000-7f3eac34f000 rw-p 00000000 00:00 0 
7f3eac34f000-7f3eac3f2000 ---p 00000000 00:00 0 
7f3eac3f2000-7f3eac3fd000 rw-p 00000000 00:00 0 
7f3eac3fd000-7f3eac7b3000 ---p 00000000 00:00 0 
7f3eac7b3000-7f3eaca23000 rwxp 00000000 00:00 0 
7f3eaca23000-7f3ebb7b3000 ---p 00000000 00:00 0 
7f3ebb7b3000-7f3ebb7cd000 r-xp 00000000 08:01 13766358                   /usr/lib/jvm/java-8-oracle/jre/lib/amd64/libzip.so
7f3ebb7cd000-7f3ebb9cd000 ---p 0001a000 08:01 13766358                   /usr/lib/jvm/java-8-oracle/jre/lib/amd64/libzip.so
7f3ebb9cd000-7f3ebb9ce000 rw-p 0001a000 08:01 13766358                   /usr/lib/jvm/java-8-oracle/jre/lib/amd64/libzip.so
7f3ebb9ce000-7f3ebb9d9000 r-xp 00000000 08:01 2621673                    /lib/x86_64-linux-gnu/libnss_files-2.15.so
7f3ebb9d9000-7f3ebbbd8000 ---p 0000b000 08:01 2621673                    /lib/x86_64-linux-gnu/libnss_files-2.15.so
7f3ebbbd8000-7f3ebbbd9000 r--p 0000a000 08:01 2621673                    /lib/x86_64-linux-gnu/libnss_files-2.15.so
7f3ebbbd9000-7f3ebbbda000 rw-p 0000b000 08:01 2621673                    /lib/x86_64-linux-gnu/libnss_files-2.15.so
7f3ebbbda000-7f3ebbbe4000 r-xp 00000000 08:01 2621658                    /lib/x86_64-linux-gnu/libnss_nis-2.15.so
7f3ebbbe4000-7f3ebbde4000 ---p 0000a000 08:01 2621658                    /lib/x86_64-linux-gnu/libnss_nis-2.15.so
7f3ebbde4000-7f3ebbde5000 r--p 0000a000 08:01 2621658                    /lib/x86_64-linux-gnu/libnss_nis-2.15.so
7f3ebbde5000-7f3ebbde6000 rw-p 0000b000 08:01 2621658                    /lib/x86_64-linux-gnu/libnss_nis-2.15.so
7f3ebbde6000-7f3ebbdfd000 r-xp 00000000 08:01 2621667                    /lib/x86_64-linux-gnu/libnsl-2.15.so
7f3ebbdfd000-7f3ebbffc000 ---p 00017000 08:01 2621667                    /lib/x86_64-linux-gnu/libnsl-2.15.so
7f3ebbffc000-7f3ebbffd000 r--p 00016000 08:01 2621667                    /lib/x86_64-linux-gnu/libnsl-2.15.so
7f3ebbffd000-7f3ebbffe000 rw-p 00017000 08:01 2621667                    /lib/x86_64-linux-gnu/libnsl-2.15.so
7f3ebbffe000-7f3ebc000000 rw-p 00000000 00:00 0 
7f3ebc000000-7f3ebc38f000 rw-p 00000000 00:00 0 
7f3ebc38f000-7f3ec0000000 ---p 00000000 00:00 0 
7f3ec0003000-7f3ec000d000 r--s 00046000 08:01 10496432                   /home/lin/other/AndroidProjects/Radio/app/build/intermediates/exploded-aar/com.android.support/support-v4/23.4.0/jars/libs/internal_impl-23.4.0.jar
7f3ec000d000-7f3ec00a4000 rw-p 00000000 00:00 0 
7f3ec00a4000-7f3ec00ac000 r-xp 00000000 08:01 2621672                    /lib/x86_64-linux-gnu/libnss_compat-2.15.so
7f3ec00ac000-7f3ec02ab000 ---p 00008000 08:01 2621672                    /lib/x86_64-linux-gnu/libnss_compat-2.15.so
7f3ec02ab000-7f3ec02ac000 r--p 00007000 08:01 2621672                    /lib/x86_64-linux-gnu/libnss_compat-2.15.so
7f3ec02ac000-7f3ec02ad000 rw-p 00008000 08:01 2621672                    /lib/x86_64-linux-gnu/libnss_compat-2.15.so
7f3ec02ad000-7f3ec02d7000 r-xp 00000000 08:01 13766323                   /usr/lib/jvm/java-8-oracle/jre/lib/amd64/libjava.so
7f3ec02d7000-7f3ec04d7000 ---p 0002a000 08:01 13766323                   /usr/lib/jvm/java-8-oracle/jre/lib/amd64/libjava.so
7f3ec04d7000-7f3ec04d9000 rw-p 0002a000 08:01 13766323                   /usr/lib/jvm/java-8-oracle/jre/lib/amd64/libjava.so
7f3ec04d9000-7f3ec04e6000 r-xp 00000000 08:01 13766361                   /usr/lib/jvm/java-8-oracle/jre/lib/amd64/libverify.so
7f3ec04e6000-7f3ec06e6000 ---p 0000d000 08:01 13766361                   /usr/lib/jvm/java-8-oracle/jre/lib/amd64/libverify.so
7f3ec06e6000-7f3ec06e8000 rw-p 0000d000 08:01 13766361                   /usr/lib/jvm/java-8-oracle/jre/lib/amd64/libverify.so
7f3ec06e8000-7f3ec06ef000 r-xp 00000000 08:01 2621660                    /lib/x86_64-linux-gnu/librt-2.15.so
7f3ec06ef000-7f3ec08ee000 ---p 00007000 08:01 2621660                    /lib/x86_64-linux-gnu/librt-2.15.so
7f3ec08ee000-7f3ec08ef000 r--p 00006000 08:01 2621660                    /lib/x86_64-linux-gnu/librt-2.15.so
7f3ec08ef000-7f3ec08f0000 rw-p 00007000 08:01 2621660                    /lib/x86_64-linux-gnu/librt-2.15.so
7f3ec08f0000-7f3ec09eb000 r-xp 00000000 08:01 2621674                    /lib/x86_64-linux-gnu/libm-2.15.so
7f3ec09eb000-7f3ec0bea000 ---p 000fb000 08:01 2621674                    /lib/x86_64-linux-gnu/libm-2.15.so
7f3ec0bea000-7f3ec0beb000 r--p 000fa000 08:01 2621674                    /lib/x86_64-linux-gnu/libm-2.15.so
7f3ec0beb000-7f3ec0bec000 rw-p 000fb000 08:01 2621674                    /lib/x86_64-linux-gnu/libm-2.15.so
7f3ec0bec000-7f3ec18b7000 r-xp 00000000 08:01 13894575                   /usr/lib/jvm/java-8-oracle/jre/lib/amd64/server/libjvm.so
7f3ec18b7000-7f3ec1ab6000 ---p 00ccb000 08:01 13894575                   /usr/lib/jvm/java-8-oracle/jre/lib/amd64/server/libjvm.so
7f3ec1ab6000-7f3ec1b8f000 rw-p 00cca000 08:01 13894575                   /usr/lib/jvm/java-8-oracle/jre/lib/amd64/server/libjvm.so
7f3ec1b8f000-7f3ec1bda000 rw-p 00000000 00:00 0 
7f3ec1bda000-7f3ec1d8e000 r-xp 00000000 08:01 2621665                    /lib/x86_64-linux-gnu/libc-2.15.so
7f3ec1d8e000-7f3ec1f8d000 ---p 001b4000 08:01 2621665                    /lib/x86_64-linux-gnu/libc-2.15.so
7f3ec1f8d000-7f3ec1f91000 r--p 001b3000 08:01 2621665                    /lib/x86_64-linux-gnu/libc-2.15.so
7f3ec1f91000-7f3ec1f93000 rw-p 001b7000 08:01 2621665                    /lib/x86_64-linux-gnu/libc-2.15.so
7f3ec1f93000-7f3ec1f98000 rw-p 00000000 00:00 0 
7f3ec1f98000-7f3ec1f9a000 r-xp 00000000 08:01 2621657                    /lib/x86_64-linux-gnu/libdl-2.15.so
7f3ec1f9a000-7f3ec219a000 ---p 00002000 08:01 2621657                    /lib/x86_64-linux-gnu/libdl-2.15.so
7f3ec219a000-7f3ec219b000 r--p 00002000 08:01 2621657                    /lib/x86_64-linux-gnu/libdl-2.15.so
7f3ec219b000-7f3ec219c000 rw-p 00003000 08:01 2621657                    /lib/x86_64-linux-gnu/libdl-2.15.so
7f3ec219c000-7f3ec21b1000 r-xp 00000000 08:01 2627921                    /usr/lib/jvm/java-8-oracle/lib/amd64/jli/libjli.so
7f3ec21b1000-7f3ec23b1000 ---p 00015000 08:01 2627921                    /usr/lib/jvm/java-8-oracle/lib/amd64/jli/libjli.so
7f3ec23b1000-7f3ec23b2000 rw-p 00015000 08:01 2627921                    /usr/lib/jvm/java-8-oracle/lib/amd64/jli/libjli.so
7f3ec23b2000-7f3ec23ca000 r-xp 00000000 08:01 2621668                    /lib/x86_64-linux-gnu/libpthread-2.15.so
7f3ec23ca000-7f3ec25c9000 ---p 00018000 08:01 2621668                    /lib/x86_64-linux-gnu/libpthread-2.15.so
7f3ec25c9000-7f3ec25ca000 r--p 00017000 08:01 2621668                    /lib/x86_64-linux-gnu/libpthread-2.15.so
7f3ec25ca000-7f3ec25cb000 rw-p 00018000 08:01 2621668                    /lib/x86_64-linux-gnu/libpthread-2.15.so
7f3ec25cb000-7f3ec25cf000 rw-p 00000000 00:00 0 
7f3ec25cf000-7f3ec25f1000 r-xp 00000000 08:01 2621671                    /lib/x86_64-linux-gnu/ld-2.15.so
7f3ec25f6000-7f3ec26d1000 rw-p 00000000 00:00 0 
7f3ec26d1000-7f3ec26d4000 ---p 00000000 00:00 0 
7f3ec26d4000-7f3ec27d6000 rw-p 00000000 00:00 0                          [stack:27295]
7f3ec27d6000-7f3ec27e5000 r--s 000df000 08:01 9309217                    /home/lin/Android/Sdk/build-tools/23.0.3/lib/dx.jar
7f3ec27e5000-7f3ec27ed000 rw-s 00000000 08:01 4850312                    /tmp/hsperfdata_lin/27286
7f3ec27ed000-7f3ec27ee000 rw-p 00000000 00:00 0 
7f3ec27ee000-7f3ec27ef000 r--p 00000000 00:00 0 
7f3ec27ef000-7f3ec27f1000 rw-p 00000000 00:00 0 
7f3ec27f1000-7f3ec27f2000 r--p 00022000 08:01 2621671                    /lib/x86_64-linux-gnu/ld-2.15.so
7f3ec27f2000-7f3ec27f4000 rw-p 00023000 08:01 2621671                    /lib/x86_64-linux-gnu/ld-2.15.so
7ffffd393000-7ffffd3b4000 rw-p 00000000 00:00 0                          [stack]
7ffffd3f0000-7ffffd3f2000 r-xp 00000000 00:00 0                          [vdso]
ffffffffff600000-ffffffffff601000 r-xp 00000000 00:00 0                  [vsyscall]

VM Arguments:
jvm_args: -Djava.awt.headless=true -Xmx1024M -Dfile.encoding=UTF-8 -Duser.country=US -Duser.language=en -Duser.variant 
java_command: com.android.dx.command.Main --dex --num-threads=4 --output /home/lin/other/AndroidProjects/Radio/app/build/intermediates/pre-dexed/debug/internal_impl-23.4.0_b5619ed93d7f9003535a36ca45adce4d95a69933.jar /home/lin/other/AndroidProjects/Radio/app/build/intermediates/exploded-aar/com.android.support/support-v4/23.4.0/jars/libs/internal_impl-23.4.0.jar
java_class_path (initial): /home/lin/Android/Sdk/build-tools/23.0.3/lib/dx.jar
Launcher Type: SUN_STANDARD

Environment Variables:
PATH=/usr/lib/lightdm/lightdm:/usr/local/sbin:/usr/local/bin:/usr/sbin:/usr/bin:/sbin:/bin:/usr/games
LD_LIBRARY_PATH=/opt/android-studio/bin:
SHELL=/bin/bash
DISPLAY=:0.0

Signal Handlers:
SIGSEGV: [libjvm.so+0xac4790], sa_mask[0]=11111111011111111101111111111110, sa_flags=SA_RESTART|SA_SIGINFO
SIGBUS: [libjvm.so+0xac4790], sa_mask[0]=11111111011111111101111111111110, sa_flags=SA_RESTART|SA_SIGINFO
SIGFPE: [libjvm.so+0x91f140], sa_mask[0]=11111111011111111101111111111110, sa_flags=SA_RESTART|SA_SIGINFO
SIGPIPE: [libjvm.so+0x91f140], sa_mask[0]=11111111011111111101111111111110, sa_flags=SA_RESTART|SA_SIGINFO
SIGXFSZ: [libjvm.so+0x91f140], sa_mask[0]=11111111011111111101111111111110, sa_flags=SA_RESTART|SA_SIGINFO
SIGILL: [libjvm.so+0x91f140], sa_mask[0]=11111111011111111101111111111110, sa_flags=SA_RESTART|SA_SIGINFO
SIGUSR1: SIG_DFL, sa_mask[0]=00000000000000000000000000000000, sa_flags=none
SIGUSR2: [libjvm.so+0x920770], sa_mask[0]=00100000000000000000000000000000, sa_flags=SA_RESTART|SA_SIGINFO
SIGHUP: [libjvm.so+0x921b70], sa_mask[0]=11111111011111111101111111111110, sa_flags=SA_RESTART|SA_SIGINFO
SIGINT: [libjvm.so+0x921b70], sa_mask[0]=11111111011111111101111111111110, sa_flags=SA_RESTART|SA_SIGINFO
SIGTERM: [libjvm.so+0x921b70], sa_mask[0]=11111111011111111101111111111110, sa_flags=SA_RESTART|SA_SIGINFO
SIGQUIT: [libjvm.so+0x921b70], sa_mask[0]=11111111011111111101111111111110, sa_flags=SA_RESTART|SA_SIGINFO


---------------  S Y S T E M  ---------------

OS:DISTRIB_ID=Ubuntu
DISTRIB_RELEASE=12.04
DISTRIB_CODENAME=precise
DISTRIB_DESCRIPTION="Ubuntu 12.04.5 LTS"

uname:Linux 3.13.0-93-generic #140~precise1-Ubuntu SMP Tue Jul 19 19:55:11 UTC 2016 x86_64
libc:glibc 2.15 NPTL 2.15 
rlimit: STACK 8192k, CORE 0k, NPROC 22873, NOFILE 4096, AS infinity
load average:5.24 4.90 3.47

/proc/meminfo:
MemTotal:        2948840 kB
MemFree:           81072 kB
Buffers:           13084 kB
Cached:           471700 kB
SwapCached:       117456 kB
Active:          2140952 kB
Inactive:         577304 kB
Active(anon):    1898340 kB
Inactive(anon):   474660 kB
Active(file):     242612 kB
Inactive(file):   102644 kB
Unevictable:           0 kB
Mlocked:               0 kB
SwapTotal:       3008508 kB
SwapFree:        2490380 kB
Dirty:              1136 kB
Writeback:             0 kB
AnonPages:       2212320 kB
Mapped:           105436 kB
Shmem:            139588 kB
Slab:              60312 kB
SReclaimable:      32636 kB
SUnreclaim:        27676 kB
KernelStack:        4592 kB
PageTables:        33076 kB
NFS_Unstable:          0 kB
Bounce:                0 kB
WritebackTmp:          0 kB
CommitLimit:     4482928 kB
Committed_AS:    5396868 kB
VmallocTotal:   34359738367 kB
VmallocUsed:      346432 kB
VmallocChunk:   34359384156 kB
HardwareCorrupted:     0 kB
AnonHugePages:   1001472 kB
HugePages_Total:       0
HugePages_Free:        0
HugePages_Rsvd:        0
HugePages_Surp:        0
Hugepagesize:       2048 kB
DirectMap4k:       61828 kB
DirectMap2M:     2949120 kB


CPU:total 2 (2 cores per cpu, 1 threads per core) family 6 model 15 stepping 13, cmov, cx8, fxsr, mmx, sse, sse2, sse3, ssse3, tsc

/proc/cpuinfo:
processor	: 0
vendor_id	: GenuineIntel
cpu family	: 6
model		: 15
model name	: Genuine Intel(R) CPU           T1600  @ 1.66GHz
stepping	: 13
microcode	: 0xa3
cpu MHz		: 1662.448
cache size	: 1024 KB
physical id	: 0
siblings	: 2
core id		: 0
cpu cores	: 2
apicid		: 0
initial apicid	: 0
fpu		: yes
fpu_exception	: yes
cpuid level	: 10
wp		: yes
flags		: fpu vme de pse tsc msr pae mce cx8 apic sep mtrr pge mca cmov pat pse36 clflush dts acpi mmx fxsr sse sse2 ss ht tm pbe syscall nx lm constant_tsc arch_perfmon pebs bts rep_good nopl aperfmperf pni dtes64 monitor ds_cpl tm2 ssse3 cx16 xtpr pdcm lahf_lm dtherm
bogomips	: 3324.89
clflush size	: 64
cache_alignment	: 64
address sizes	: 36 bits physical, 48 bits virtual
power management:

processor	: 1
vendor_id	: GenuineIntel
cpu family	: 6
model		: 15
model name	: Genuine Intel(R) CPU           T1600  @ 1.66GHz
stepping	: 13
microcode	: 0xa3
cpu MHz		: 1662.448
cache size	: 1024 KB
physical id	: 0
siblings	: 2
core id		: 1
cpu cores	: 2
apicid		: 1
initial apicid	: 1
fpu		: yes
fpu_exception	: yes
cpuid level	: 10
wp		: yes
flags		: fpu vme de pse tsc msr pae mce cx8 apic sep mtrr pge mca cmov pat pse36 clflush dts acpi mmx fxsr sse sse2 ss ht tm pbe syscall nx lm constant_tsc arch_perfmon pebs bts rep_good nopl aperfmperf pni dtes64 monitor ds_cpl tm2 ssse3 cx16 xtpr pdcm lahf_lm dtherm
bogomips	: 3324.89
clflush size	: 64
cache_alignment	: 64
address sizes	: 36 bits physical, 48 bits virtual
power management:



Memory: 4k page, physical 2948840k(80824k free), swap 3008508k(2490380k free)

vm_info: Java HotSpot(TM) 64-Bit Server VM (25.101-b13) for linux-amd64 JRE (1.8.0_101-b13), built on Jun 22 2016 02:59:44 by "java_re" with gcc 4.3.0 20080428 (Red Hat 4.3.0-8)

time: Tue Aug 16 21:59:44 2016
elapsed time: 4 seconds (0d 0h 0m 4s)

