#
# A fatal error has been detected by the Java Runtime Environment:
#
#  SIGSEGV (0xb) at pc=0x00007f585cf33583, pid=3239, tid=140017134823168
#
# JRE version: Java(TM) SE Runtime Environment (8.0_91-b14) (build 1.8.0_91-b14)
# Java VM: Java HotSpot(TM) 64-Bit Server VM (25.91-b14 mixed mode linux-amd64 compressed oops)
# Problematic frame:
# V  [libjvm.so+0x986583]  oopDesc* PSPromotionManager::copy_to_survivor_space<false>(oopDesc*)+0x143
#
# Failed to write core dump. Core dumps have been disabled. To enable core dumping, try "ulimit -c unlimited" before starting Java again
#
# If you would like to submit a bug report, please visit:
#   http://bugreport.java.com/bugreport/crash.jsp
#

---------------  T H R E A D  ---------------

Current thread (0x00007f5858021000):  GCTaskThread [stack: 0x00007f5847856000,0x00007f5847957000] [nId=3245]

siginfo: si_signo: 11 (SIGSEGV), si_code: 1 (SEGV_MAPERR), si_addr: 0x0000000000000010

Registers:
RAX=0x00007f585d530490, RBX=0x00000000c0f052b8, RCX=0x0000000000000003, RDX=0x0000000000000001
RSP=0x00007f58479558c0, RBP=0x00007f5847955930, RSI=0x00000000ebca7300, RDI=0x0000000000000008
R8 =0x00007f585d530480, R9 =0x00007f585d518aba, R10=0x00007f585d554879, R11=0x00007f58479558e0
R12=0x00000000ebca7300, R13=0x0000000120006648, R14=0x0000000000000000, R15=0x00007f58580712e8
RIP=0x00007f585cf33583, EFLAGS=0x0000000000010202, CSGSFS=0x0000000000000033, ERR=0x0000000000000004
  TRAPNO=0x000000000000000e

Top of Stack: (sp=0x00007f58479558c0)
0x00007f58479558c0:   0000000000000000 00007f585d554879
0x00007f58479558d0:   00007f58580712a8 00007f5858071280
0x00007f58479558e0:   00000000c0f052b9 0000000000000400
0x00007f58479558f0:   00000000ed455a3a 00007f5847955920
0x00007f5847955900:   00007f5847955930 00000000c0f052b8
0x00007f5847955910:   00007f5858071280 00007f585d530480
0x00007f5847955920:   0000000000000000 00007f58580712e8
0x00007f5847955930:   00007f5847955a20 00007f585cf32e08
0x00007f5847955940:   00007f585d508030 00007f58479559b0
0x00007f5847955950:   00007f58479559c0 00007f5847955980
0x00007f5847955960:   00007f5847955990 00007f58479559e0
0x00007f5847955970:   01007f58580215a0 00007f5858071318
0x00007f5847955980:   00000000ed455a3a 00007f585cf330f6
0x00007f5847955990:   00000000c0ef0da0 00000000ed455a3a
0x00007f58479559a0:   00007f5847955a20 00007f585cf3396e
0x00007f58479559b0:   00007f58580215a0 00007f585d554879
0x00007f58479559c0:   00000b3200000010 00007f5858071280
0x00007f58479559d0:   00000b3300000010 00007f585d0f314f
0x00007f58479559e0:   00000000c0f052b9 00007f5847955a00
0x00007f58479559f0:   00007f5847955a10 00000000c0016124
0x00007f5847955a00:   00007f585d530480 0000000000000001
0x00007f5847955a10:   00007f5847955a40 00007f5847955a4c
0x00007f5847955a20:   00007f5847955a80 00007f585cf36c0e
0x00007f5847955a30:   00007f58180182d0 00007f5858071280
0x00007f5847955a40:   00000000c0016125 000000115cb81b57
0x00007f5847955a50:   00007f5847955a80 00007f58180182d0
0x00007f5847955a60:   00007f5858021000 0000000000000001
0x00007f5847955a70:   00007f58580215a0 00007f585d0f3161
0x00007f5847955a80:   00007f5847955b90 00007f585cb8284f
0x00007f5847955a90:   0000000000000000 00007f5847955ad0
0x00007f5847955aa0:   00007f5847955b50 0000000000000000
0x00007f5847955ab0:   00007f58580215e0 00007f58580215f0 

Instructions: (pc=0x00007f585cf33583)
0x00007f585cf33563:   83 e0 07 48 83 f8 05 75 d3 31 db eb d6 48 8b 05
0x00007f585cf33573:   31 df 5d 00 8b 7e 08 8b 48 08 48 d3 e7 48 03 38
0x00007f585cf33583:   8b 77 08 83 fe 00 0f 8f 0a ff ff ff 0f 85 4b 02
0x00007f585cf33593:   00 00 0f 1f 00 48 8b 07 4c 89 e6 4c 89 55 98 ff 

Register to memory mapping:

RAX=0x00007f585d530490: <offset 0xf83490> in /usr/lib/jvm/java-8-oracle/jre/lib/amd64/server/libjvm.so at 0x00007f585c5ad000
RBX=0x00000000c0f052b8 is pointing into object: 0x00000000c0ef0da0
[Ljava.util.HashMap$Node; 
 - klass: 'java/util/HashMap$Node'[]
 - length: 32768
RCX=0x0000000000000003 is an unknown value
RDX=0x0000000000000001 is an unknown value
RSP=0x00007f58479558c0 is an unknown value
RBP=0x00007f5847955930 is an unknown value
RSI=0x00000000ebca7300 is an oop

[error occurred during error reporting (printing register info), nId 0xb]

Stack: [0x00007f5847856000,0x00007f5847957000],  sp=0x00007f58479558c0,  free space=1022k
Native frames: (J=compiled Java code, j=interpreted, Vv=VM code, C=native code)
V  [libjvm.so+0x986583]  oopDesc* PSPromotionManager::copy_to_survivor_space<false>(oopDesc*)+0x143
V  [libjvm.so+0x985e08]  PSPromotionManager::drain_stacks_depth(bool)+0x7e8
V  [libjvm.so+0x989c0e]  StealTask::do_it(GCTaskManager*, unsigned int)+0x19e
V  [libjvm.so+0x5d584f]  GCTaskThread::run()+0x12f
V  [libjvm.so+0x91ef78]  java_start(Thread*)+0x108


---------------  P R O C E S S  ---------------

Java Threads: ( => current thread )
  0x00007f585818a800 JavaThread "pool-1-thread-4" [_thread_blocked, nId=3259, stack(0x00007f5836f12000,0x00007f5837013000)]
  0x00007f5858189000 JavaThread "pool-1-thread-3" [_thread_blocked, nId=3258, stack(0x00007f5837013000,0x00007f5837114000)]
  0x00007f5858188000 JavaThread "pool-1-thread-2" [_thread_blocked, nId=3257, stack(0x00007f5837114000,0x00007f5837215000)]
  0x00007f5858184800 JavaThread "pool-2-thread-1" [_thread_blocked, nId=3256, stack(0x00007f5837215000,0x00007f5837316000)]
  0x00007f5858179000 JavaThread "pool-1-thread-1" [_thread_blocked, nId=3255, stack(0x00007f5837316000,0x00007f5837417000)]
  0x00007f58580c4000 JavaThread "Service Thread" daemon [_thread_blocked, nId=3252, stack(0x00007f5837518000,0x00007f5837619000)]
  0x00007f58580b7800 JavaThread "C1 CompilerThread1" daemon [_thread_blocked, nId=3251, stack(0x00007f5837619000,0x00007f583771a000)]
  0x00007f58580b4800 JavaThread "C2 CompilerThread0" daemon [_thread_blocked, nId=3250, stack(0x00007f583771a000,0x00007f583781b000)]
  0x00007f58580b3000 JavaThread "Signal Dispatcher" daemon [_thread_blocked, nId=3249, stack(0x00007f583781b000,0x00007f583791c000)]
  0x00007f5858080000 JavaThread "Finalizer" daemon [_thread_blocked, nId=3248, stack(0x00007f5844022000,0x00007f5844123000)]
  0x00007f585807b800 JavaThread "Reference Handler" daemon [_thread_blocked, nId=3247, stack(0x00007f5844123000,0x00007f5844224000)]
  0x00007f585800a000 JavaThread "main" [_thread_blocked, nId=3241, stack(0x00007f585e087000,0x00007f585e188000)]

Other Threads:
  0x00007f5858073800 VMThread [stack: 0x00007f5844224000,0x00007f5844325000] [nId=3246]
  0x00007f58580c7800 WatcherThread [stack: 0x00007f5837417000,0x00007f5837518000] [nId=3253]

=>0x00007f5858021000 (exited) GCTaskThread [stack: 0x00007f5847856000,0x00007f5847957000] [nId=3245]

VM state:at safepoint (normal execution)

VM Mutex/Monitor currently owned by a thread:  ([mutex/lock_event])
[0x00007f58580064c0] Threads_lock - owner thread: 0x00007f5858073800
[0x00007f58580069c0] Heap_lock - owner thread: 0x00007f585800a000

Heap:
 PSYoungGen      total 50688K, used 50668K [0x00000000eab00000, 0x00000000ede00000, 0x0000000100000000)
  eden space 49152K, 100% used [0x00000000eab00000,0x00000000edb00000,0x00000000edb00000)
  from space 1536K, 98% used [0x00000000edc80000,0x00000000eddfb348,0x00000000ede00000)
  to   space 1536K, 98% used [0x00000000edb00000,0x00000000edc7b328,0x00000000edc80000)
 ParOldGen       total 31744K, used 16395K [0x00000000c0000000, 0x00000000c1f00000, 0x00000000eab00000)
  object space 31744K, 51% used [0x00000000c0000000,0x00000000c1002db0,0x00000000c1f00000)
 Metaspace       used 5863K, capacity 6832K, committed 7040K, reserved 1056768K
  class space    used 594K, capacity 616K, committed 640K, reserved 1048576K

Card table byte_map: [0x00007f5847bae000,0x00007f5847daf000] byte_map_base: 0x00007f58475ae000

Marking Bits: (ParMarkBitMap*) 0x00007f585d563d60
 Begin Bits: [0x00007f5845856000, 0x00007f5846856000)
 End Bits:   [0x00007f5846856000, 0x00007f5847856000)

Polling page: 0x00007f585e1a4000

CodeCache: size=245760Kb used=3935Kb max_used=3941Kb free=241825Kb
 bounds [0x00007f584816f000, 0x00007f584854f000, 0x00007f585716f000]
 total_blobs=1326 nmethods=1059 adapters=182
 compilation: enabled

Compilation events (10 events):
Event: 8.276 Thread 0x00007f58580b7800 nmethod 1323 0x00007f5848547550 code [0x00007f58485476a0, 0x00007f5848547810]
Event: 8.280 Thread 0x00007f58580b7800 1455       2       com.android.dx.rop.code.BasicBlockList::getInstructionCount (48 bytes)
Event: 8.281 Thread 0x00007f58580b7800 nmethod 1455 0x00007f5848545ad0 code [0x00007f5848545c40, 0x00007f5848545e70]
Event: 8.281 Thread 0x00007f58580b7800 1068       1       com.android.dx.rop.cst.TypedConstant::isConstant (2 bytes)
Event: 8.282 Thread 0x00007f58580b7800 nmethod 1068 0x00007f5848545810 code [0x00007f5848545960, 0x00007f5848545a70]
Event: 8.282 Thread 0x00007f58580b7800 1269       2       com.android.dx.rop.type.Prototype::withFirstParameter (68 bytes)
Event: 8.283 Thread 0x00007f58580b7800 nmethod 1269 0x00007f5848549710 code [0x00007f58485498e0, 0x00007f5848549d38]
Event: 8.283 Thread 0x00007f58580b7800 1398       2       com.android.dx.rop.cst.CstString::equals (24 bytes)
Event: 8.284 Thread 0x00007f58580b7800 nmethod 1398 0x00007f5848545390 code [0x00007f5848545500, 0x00007f5848545708]
Event: 8.284 Thread 0x00007f58580b7800 1412       2       com.android.dx.dex.code.RopTranslator$TranslationVisitor::getNextMoveResultPseudo (55 bytes)

GC Heap History (9 events):
Event: 0.733 GC heap before
{Heap before GC invocations=1 (full 0):
 PSYoungGen      total 13824K, used 12288K [0x00000000eab00000, 0x00000000eba00000, 0x0000000100000000)
  eden space 12288K, 100% used [0x00000000eab00000,0x00000000eb700000,0x00000000eb700000)
  from space 1536K, 0% used [0x00000000eb880000,0x00000000eb880000,0x00000000eba00000)
  to   space 1536K, 0% used [0x00000000eb700000,0x00000000eb700000,0x00000000eb880000)
 ParOldGen       total 31744K, used 0K [0x00000000c0000000, 0x00000000c1f00000, 0x00000000eab00000)
  object space 31744K, 0% used [0x00000000c0000000,0x00000000c0000000,0x00000000c1f00000)
 Metaspace       used 3335K, capacity 4720K, committed 4864K, reserved 1056768K
  class space    used 359K, capacity 424K, committed 512K, reserved 1048576K
Event: 0.746 GC heap after
Heap after GC invocations=1 (full 0):
 PSYoungGen      total 13824K, used 813K [0x00000000eab00000, 0x00000000ec600000, 0x0000000100000000)
  eden space 12288K, 0% used [0x00000000eab00000,0x00000000eab00000,0x00000000eb700000)
  from space 1536K, 52% used [0x00000000eb700000,0x00000000eb7cb630,0x00000000eb880000)
  to   space 1536K, 0% used [0x00000000ec480000,0x00000000ec480000,0x00000000ec600000)
 ParOldGen       total 31744K, used 0K [0x00000000c0000000, 0x00000000c1f00000, 0x00000000eab00000)
  object space 31744K, 0% used [0x00000000c0000000,0x00000000c0000000,0x00000000c1f00000)
 Metaspace       used 3335K, capacity 4720K, committed 4864K, reserved 1056768K
  class space    used 359K, capacity 424K, committed 512K, reserved 1048576K
}
Event: 2.130 GC heap before
{Heap before GC invocations=2 (full 0):
 PSYoungGen      total 13824K, used 13101K [0x00000000eab00000, 0x00000000ec600000, 0x0000000100000000)
  eden space 12288K, 100% used [0x00000000eab00000,0x00000000eb700000,0x00000000eb700000)
  from space 1536K, 52% used [0x00000000eb700000,0x00000000eb7cb630,0x00000000eb880000)
  to   space 1536K, 0% used [0x00000000ec480000,0x00000000ec480000,0x00000000ec600000)
 ParOldGen       total 31744K, used 0K [0x00000000c0000000, 0x00000000c1f00000, 0x00000000eab00000)
  object space 31744K, 0% used [0x00000000c0000000,0x00000000c0000000,0x00000000c1f00000)
 Metaspace       used 5589K, capacity 6576K, committed 6784K, reserved 1056768K
  class space    used 590K, capacity 616K, committed 640K, reserved 1048576K
Event: 2.163 GC heap after
Heap after GC invocations=2 (full 0):
 PSYoungGen      total 26112K, used 1527K [0x00000000eab00000, 0x00000000ec600000, 0x0000000100000000)
  eden space 24576K, 0% used [0x00000000eab00000,0x00000000eab00000,0x00000000ec300000)
  from space 1536K, 99% used [0x00000000ec480000,0x00000000ec5fdc60,0x00000000ec600000)
  to   space 1536K, 0% used [0x00000000ec300000,0x00000000ec300000,0x00000000ec480000)
 ParOldGen       total 31744K, used 2016K [0x00000000c0000000, 0x00000000c1f00000, 0x00000000eab00000)
  object space 31744K, 6% used [0x00000000c0000000,0x00000000c01f8370,0x00000000c1f00000)
 Metaspace       used 5589K, capacity 6576K, committed 6784K, reserved 1056768K
  class space    used 590K, capacity 616K, committed 640K, reserved 1048576K
}
Event: 4.465 GC heap before
{Heap before GC invocations=3 (full 0):
 PSYoungGen      total 26112K, used 26103K [0x00000000eab00000, 0x00000000ec600000, 0x0000000100000000)
  eden space 24576K, 100% used [0x00000000eab00000,0x00000000ec300000,0x00000000ec300000)
  from space 1536K, 99% used [0x00000000ec480000,0x00000000ec5fdc60,0x00000000ec600000)
  to   space 1536K, 0% used [0x00000000ec300000,0x00000000ec300000,0x00000000ec480000)
 ParOldGen       total 31744K, used 2016K [0x00000000c0000000, 0x00000000c1f00000, 0x00000000eab00000)
  object space 31744K, 6% used [0x00000000c0000000,0x00000000c01f8370,0x00000000c1f00000)
 Metaspace       used 5752K, capacity 6704K, committed 6784K, reserved 1056768K
  class space    used 593K, capacity 616K, committed 640K, reserved 1048576K
Event: 4.568 GC heap after
Heap after GC invocations=3 (full 0):
 PSYoungGen      total 26112K, used 1516K [0x00000000eab00000, 0x00000000ede00000, 0x0000000100000000)
  eden space 24576K, 0% used [0x00000000eab00000,0x00000000eab00000,0x00000000ec300000)
  from space 1536K, 98% used [0x00000000ec300000,0x00000000ec47b328,0x00000000ec480000)
  to   space 1536K, 0% used [0x00000000edc80000,0x00000000edc80000,0x00000000ede00000)
 ParOldGen       total 31744K, used 6753K [0x00000000c0000000, 0x00000000c1f00000, 0x00000000eab00000)
  object space 31744K, 21% used [0x00000000c0000000,0x00000000c0698518,0x00000000c1f00000)
 Metaspace       used 5752K, capacity 6704K, committed 6784K, reserved 1056768K
  class space    used 593K, capacity 616K, committed 640K, reserved 1048576K
}
Event: 5.825 GC heap before
{Heap before GC invocations=4 (full 0):
 PSYoungGen      total 26112K, used 26092K [0x00000000eab00000, 0x00000000ede00000, 0x0000000100000000)
  eden space 24576K, 100% used [0x00000000eab00000,0x00000000ec300000,0x00000000ec300000)
  from space 1536K, 98% used [0x00000000ec300000,0x00000000ec47b328,0x00000000ec480000)
  to   space 1536K, 0% used [0x00000000edc80000,0x00000000edc80000,0x00000000ede00000)
 ParOldGen       total 31744K, used 6753K [0x00000000c0000000, 0x00000000c1f00000, 0x00000000eab00000)
  object space 31744K, 21% used [0x00000000c0000000,0x00000000c0698518,0x00000000c1f00000)
 Metaspace       used 5802K, capacity 6768K, committed 7040K, reserved 1056768K
  class space    used 594K, capacity 616K, committed 640K, reserved 1048576K
Event: 5.951 GC heap after
Heap after GC invocations=4 (full 0):
 PSYoungGen      total 50688K, used 1516K [0x00000000eab00000, 0x00000000ede00000, 0x0000000100000000)
  eden space 49152K, 0% used [0x00000000eab00000,0x00000000eab00000,0x00000000edb00000)
  from space 1536K, 98% used [0x00000000edc80000,0x00000000eddfb348,0x00000000ede00000)
  to   space 1536K, 0% used [0x00000000edb00000,0x00000000edb00000,0x00000000edc80000)
 ParOldGen       total 31744K, used 10462K [0x00000000c0000000, 0x00000000c1f00000, 0x00000000eab00000)
  object space 31744K, 32% used [0x00000000c0000000,0x00000000c0a37830,0x00000000c1f00000)
 Metaspace       used 5802K, capacity 6768K, committed 7040K, reserved 1056768K
  class space    used 594K, capacity 616K, committed 640K, reserved 1048576K
}
Event: 8.302 GC heap before
{Heap before GC invocations=5 (full 0):
 PSYoungGen      total 50688K, used 50668K [0x00000000eab00000, 0x00000000ede00000, 0x0000000100000000)
  eden space 49152K, 100% used [0x00000000eab00000,0x00000000edb00000,0x00000000edb00000)
  from space 1536K, 98% used [0x00000000edc80000,0x00000000eddfb348,0x00000000ede00000)
  to   space 1536K, 0% used [0x00000000edb00000,0x00000000edb00000,0x00000000edc80000)
 ParOldGen       total 31744K, used 10463K [0x00000000c0000000, 0x00000000c1f00000, 0x00000000eab00000)
  object space 31744K, 32% used [0x00000000c0000000,0x00000000c0a37e78,0x00000000c1f00000)
 Metaspace       used 5863K, capacity 6832K, committed 7040K, reserved 1056768K
  class space    used 594K, capacity 616K, committed 640K, reserved 1048576K

Deoptimization events (10 events):
Event: 2.898 Thread 0x00007f585818a800 Uncommon trap: reason=unstable_if action=reinterpret pc=0x00007f584836bcec method=java.util.BitSet.nextSetBit(I)I @ 87
Event: 4.124 Thread 0x00007f585800a000 Uncommon trap: reason=null_check action=make_not_entrant pc=0x00007f58483c97e0 method=com.android.dx.ssa.SsaRenamer.getLocalForNewReg(I)Lcom/android/dx/rop/code/LocalItem; @ 19
Event: 4.356 Thread 0x00007f5858189000 Uncommon trap: reason=unstable_if action=reinterpret pc=0x00007f584837cdd0 method=java.util.HashMap.getNode(ILjava/lang/Object;)Ljava/util/HashMap$Node; @ 129
Event: 4.605 Thread 0x00007f585800a000 Uncommon trap: reason=unstable_if action=reinterpret pc=0x00007f5848416450 method=com.android.dx.rop.code.RegisterSpecSet.put(Lcom/android/dx/rop/code/RegisterSpec;)V @ 77
Event: 5.116 Thread 0x00007f585800a000 Uncommon trap: reason=unstable_if action=reinterpret pc=0x00007f584840ae6c method=com.android.dx.rop.code.RegisterSpec.equals(ILcom/android/dx/rop/type/TypeBearer;Lcom/android/dx/rop/code/LocalItem;)Z @ 42
Event: 5.335 Thread 0x00007f5858189000 Uncommon trap: reason=unstable_if action=reinterpret pc=0x00007f58483db49c method=com.android.dx.rop.cst.Constant.compareTo(Lcom/android/dx/rop/cst/Constant;)I @ 12
Event: 6.057 Thread 0x00007f585818a800 Uncommon trap: reason=bimorphic action=maybe_recompile pc=0x00007f58483d995c method=java.util.HashMap.getNode(ILjava/lang/Object;)Ljava/util/HashMap$Node; @ 126
Event: 6.057 Thread 0x00007f585818a800 Uncommon trap: reason=bimorphic action=maybe_recompile pc=0x00007f58483d995c method=java.util.HashMap.getNode(ILjava/lang/Object;)Ljava/util/HashMap$Node; @ 126
Event: 6.057 Thread 0x00007f585818a800 Uncommon trap: reason=bimorphic action=maybe_recompile pc=0x00007f58483d995c method=java.util.HashMap.getNode(ILjava/lang/Object;)Ljava/util/HashMap$Node; @ 126
Event: 6.057 Thread 0x00007f585818a800 Uncommon trap: reason=bimorphic action=maybe_recompile pc=0x00007f58483d995c method=java.util.HashMap.getNode(ILjava/lang/Object;)Ljava/util/HashMap$Node; @ 126

Internal exceptions (3 events):
Event: 0.145 Thread 0x00007f585800a000 Exception <a 'java/lang/NoSuchMethodError': Method sun.misc.Unsafe.defineClass(Ljava/lang/String;[BII)Ljava/lang/Class; name or signature does not match> (0x00000000eab07cc0) thrown at [/HUDSON/workspace/8-2-build-linux-amd64/jdk8u91/6644/hotspot/src/shar
Event: 0.145 Thread 0x00007f585800a000 Exception <a 'java/lang/NoSuchMethodError': Method sun.misc.Unsafe.prefetchRead(Ljava/lang/Object;J)V name or signature does not match> (0x00000000eab07fa8) thrown at [/HUDSON/workspace/8-2-build-linux-amd64/jdk8u91/6644/hotspot/src/share/vm/prims/jni.cpp
Event: 4.124 Thread 0x00007f585800a000 Implicit null exception at 0x00007f58483c86a8 to 0x00007f58483c97b9

Events (10 events):
Event: 7.792 Thread 0x00007f5858189000 DEOPT UNPACKING pc=0x00007f58481b5f73 sp=0x00007f5837111e40 mode 0
Event: 7.873 Thread 0x00007f585800a000 DEOPT PACKING pc=0x00007f584836aa74 sp=0x00007f585e1858c0
Event: 7.873 Thread 0x00007f585800a000 DEOPT UNPACKING pc=0x00007f58481b5f73 sp=0x00007f585e185608 mode 0
Event: 8.149 Thread 0x00007f585818a800 DEOPT PACKING pc=0x00007f58484b42a8 sp=0x00007f5837010fe0
Event: 8.149 Thread 0x00007f585818a800 DEOPT UNPACKING pc=0x00007f58481b5f73 sp=0x00007f5837010d50 mode 0
Event: 8.244 Thread 0x00007f5858179000 DEOPT PACKING pc=0x00007f584837f579 sp=0x00007f5837414e10
Event: 8.244 Thread 0x00007f5858179000 DEOPT UNPACKING pc=0x00007f58481b5f73 sp=0x00007f5837414b60 mode 0
Event: 8.289 Executing VM operation: ParallelGCFailedAllocation
Event: 8.301 Executing VM operation: ParallelGCFailedAllocation done
Event: 8.302 Executing VM operation: ParallelGCSystemGC


Dynamic libraries:
00400000-00401000 r-xp 00000000 08:01 13635200                           /usr/lib/jvm/java-8-oracle/bin/java
00600000-00601000 rw-p 00000000 08:01 13635200                           /usr/lib/jvm/java-8-oracle/bin/java
00d5b000-00d9f000 rw-p 00000000 00:00 0                                  [heap]
c0000000-c1f00000 rw-p 00000000 00:00 0 
c1f00000-eab00000 ---p 00000000 00:00 0 
eab00000-ede00000 rw-p 00000000 00:00 0 
ede00000-100000000 ---p 00000000 00:00 0 
100000000-1000a0000 rw-p 00000000 00:00 0 
1000a0000-140000000 ---p 00000000 00:00 0 
7f5804000000-7f5804021000 rw-p 00000000 00:00 0 
7f5804021000-7f5808000000 ---p 00000000 00:00 0 
7f580c000000-7f580c021000 rw-p 00000000 00:00 0 
7f580c021000-7f5810000000 ---p 00000000 00:00 0 
7f5810000000-7f5810021000 rw-p 00000000 00:00 0 
7f5810021000-7f5814000000 ---p 00000000 00:00 0 
7f5814000000-7f5814021000 rw-p 00000000 00:00 0 
7f5814021000-7f5818000000 ---p 00000000 00:00 0 
7f5818000000-7f5818038000 rw-p 00000000 00:00 0 
7f5818038000-7f581c000000 ---p 00000000 00:00 0 
7f581c000000-7f581c481000 rw-p 00000000 00:00 0 
7f581c481000-7f5820000000 ---p 00000000 00:00 0 
7f5820000000-7f5820021000 rw-p 00000000 00:00 0 
7f5820021000-7f5824000000 ---p 00000000 00:00 0 
7f5824000000-7f5824021000 rw-p 00000000 00:00 0 
7f5824021000-7f5828000000 ---p 00000000 00:00 0 
7f5828000000-7f582837d000 rw-p 00000000 00:00 0 
7f582837d000-7f582c000000 ---p 00000000 00:00 0 
7f582c000000-7f582c021000 rw-p 00000000 00:00 0 
7f582c021000-7f5830000000 ---p 00000000 00:00 0 
7f5830000000-7f5830021000 rw-p 00000000 00:00 0 
7f5830021000-7f5834000000 ---p 00000000 00:00 0 
7f5836f12000-7f5836f15000 ---p 00000000 00:00 0 
7f5836f15000-7f5837013000 rw-p 00000000 00:00 0                          [stack:3259]
7f5837013000-7f5837016000 ---p 00000000 00:00 0 
7f5837016000-7f5837114000 rw-p 00000000 00:00 0                          [stack:3258]
7f5837114000-7f5837117000 ---p 00000000 00:00 0 
7f5837117000-7f5837215000 rw-p 00000000 00:00 0                          [stack:3257]
7f5837215000-7f5837218000 ---p 00000000 00:00 0 
7f5837218000-7f5837316000 rw-p 00000000 00:00 0                          [stack:3256]
7f5837316000-7f5837319000 ---p 00000000 00:00 0 
7f5837319000-7f5837417000 rw-p 00000000 00:00 0                          [stack:3255]
7f5837417000-7f5837418000 ---p 00000000 00:00 0 
7f5837418000-7f5837518000 rw-p 00000000 00:00 0                          [stack:3253]
7f5837518000-7f583751b000 ---p 00000000 00:00 0 
7f583751b000-7f5837619000 rw-p 00000000 00:00 0                          [stack:3252]
7f5837619000-7f583761c000 ---p 00000000 00:00 0 
7f583761c000-7f583771a000 rw-p 00000000 00:00 0                          [stack:3251]
7f583771a000-7f583771d000 ---p 00000000 00:00 0 
7f583771d000-7f583781b000 rw-p 00000000 00:00 0                          [stack:3250]
7f583781b000-7f583781e000 ---p 00000000 00:00 0 
7f583781e000-7f583791c000 rw-p 00000000 00:00 0                          [stack:3249]
7f583791c000-7f5838000000 r--p 00000000 08:01 13113697                   /usr/lib/locale/locale-archive
7f5838000000-7f5838295000 rw-p 00000000 00:00 0 
7f5838295000-7f583c000000 ---p 00000000 00:00 0 
7f583c000000-7f583c021000 rw-p 00000000 00:00 0 
7f583c021000-7f5840000000 ---p 00000000 00:00 0 
7f5840000000-7f5840021000 rw-p 00000000 00:00 0 
7f5840021000-7f5844000000 ---p 00000000 00:00 0 
7f584400c000-7f5844022000 r--s 000f1000 08:01 10629058                   /home/lin/other/AndroidProjects/Radio/app/build/intermediates/exploded-aar/com.android.support/support-v4/23.4.0/jars/classes.jar
7f5844022000-7f5844025000 ---p 00000000 00:00 0 
7f5844025000-7f5844123000 rw-p 00000000 00:00 0                          [stack:3248]
7f5844123000-7f5844126000 ---p 00000000 00:00 0 
7f5844126000-7f5844224000 rw-p 00000000 00:00 0                          [stack:3247]
7f5844224000-7f5844225000 ---p 00000000 00:00 0 
7f5844225000-7f5844c7d000 rw-p 00000000 00:00 0                          [stack:3246]
7f5844c7d000-7f5844e56000 r--s 03d1f000 08:01 13766388                   /usr/lib/jvm/java-8-oracle/jre/lib/rt.jar
7f5844e56000-7f5845496000 rw-p 00000000 00:00 0 
7f5845496000-7f5845656000 ---p 00000000 00:00 0 
7f5845656000-7f5847856000 rw-p 00000000 00:00 0 
7f5847856000-7f5847857000 ---p 00000000 00:00 0 
7f5847857000-7f5847957000 rw-p 00000000 00:00 0                          [stack:3245]
7f5847957000-7f5847958000 ---p 00000000 00:00 0 
7f5847958000-7f5847a68000 rw-p 00000000 00:00 0                          [stack:3244]
7f5847a68000-7f5847bae000 ---p 00000000 00:00 0 
7f5847bae000-7f5847bbe000 rw-p 00000000 00:00 0 
7f5847bbe000-7f5847d03000 ---p 00000000 00:00 0 
7f5847d03000-7f5847d1d000 rw-p 00000000 00:00 0 
7f5847d1d000-7f5847dae000 ---p 00000000 00:00 0 
7f5847dae000-7f5847dbf000 rw-p 00000000 00:00 0 
7f5847dbf000-7f584816f000 ---p 00000000 00:00 0 
7f584816f000-7f584854f000 rwxp 00000000 00:00 0 
7f584854f000-7f585716f000 ---p 00000000 00:00 0 
7f585716f000-7f5857189000 r-xp 00000000 08:01 13766351                   /usr/lib/jvm/java-8-oracle/jre/lib/amd64/libzip.so
7f5857189000-7f5857389000 ---p 0001a000 08:01 13766351                   /usr/lib/jvm/java-8-oracle/jre/lib/amd64/libzip.so
7f5857389000-7f585738a000 rw-p 0001a000 08:01 13766351                   /usr/lib/jvm/java-8-oracle/jre/lib/amd64/libzip.so
7f585738a000-7f5857395000 r-xp 00000000 08:01 2621673                    /lib/x86_64-linux-gnu/libnss_files-2.15.so
7f5857395000-7f5857594000 ---p 0000b000 08:01 2621673                    /lib/x86_64-linux-gnu/libnss_files-2.15.so
7f5857594000-7f5857595000 r--p 0000a000 08:01 2621673                    /lib/x86_64-linux-gnu/libnss_files-2.15.so
7f5857595000-7f5857596000 rw-p 0000b000 08:01 2621673                    /lib/x86_64-linux-gnu/libnss_files-2.15.so
7f5857596000-7f58575a0000 r-xp 00000000 08:01 2621658                    /lib/x86_64-linux-gnu/libnss_nis-2.15.so
7f58575a0000-7f58577a0000 ---p 0000a000 08:01 2621658                    /lib/x86_64-linux-gnu/libnss_nis-2.15.so
7f58577a0000-7f58577a1000 r--p 0000a000 08:01 2621658                    /lib/x86_64-linux-gnu/libnss_nis-2.15.so
7f58577a1000-7f58577a2000 rw-p 0000b000 08:01 2621658                    /lib/x86_64-linux-gnu/libnss_nis-2.15.so
7f58577a2000-7f58577b9000 r-xp 00000000 08:01 2621667                    /lib/x86_64-linux-gnu/libnsl-2.15.so
7f58577b9000-7f58579b8000 ---p 00017000 08:01 2621667                    /lib/x86_64-linux-gnu/libnsl-2.15.so
7f58579b8000-7f58579b9000 r--p 00016000 08:01 2621667                    /lib/x86_64-linux-gnu/libnsl-2.15.so
7f58579b9000-7f58579ba000 rw-p 00017000 08:01 2621667                    /lib/x86_64-linux-gnu/libnsl-2.15.so
7f58579ba000-7f58579bc000 rw-p 00000000 00:00 0 
7f58579bc000-7f58579c4000 r-xp 00000000 08:01 2621672                    /lib/x86_64-linux-gnu/libnss_compat-2.15.so
7f58579c4000-7f5857bc3000 ---p 00008000 08:01 2621672                    /lib/x86_64-linux-gnu/libnss_compat-2.15.so
7f5857bc3000-7f5857bc4000 r--p 00007000 08:01 2621672                    /lib/x86_64-linux-gnu/libnss_compat-2.15.so
7f5857bc4000-7f5857bc5000 rw-p 00008000 08:01 2621672                    /lib/x86_64-linux-gnu/libnss_compat-2.15.so
7f5857bc5000-7f5857bef000 r-xp 00000000 08:01 13766318                   /usr/lib/jvm/java-8-oracle/jre/lib/amd64/libjava.so
7f5857bef000-7f5857def000 ---p 0002a000 08:01 13766318                   /usr/lib/jvm/java-8-oracle/jre/lib/amd64/libjava.so
7f5857def000-7f5857df1000 rw-p 0002a000 08:01 13766318                   /usr/lib/jvm/java-8-oracle/jre/lib/amd64/libjava.so
7f5857df1000-7f5857dfe000 r-xp 00000000 08:01 13766354                   /usr/lib/jvm/java-8-oracle/jre/lib/amd64/libverify.so
7f5857dfe000-7f5857ffe000 ---p 0000d000 08:01 13766354                   /usr/lib/jvm/java-8-oracle/jre/lib/amd64/libverify.so
7f5857ffe000-7f5858000000 rw-p 0000d000 08:01 13766354                   /usr/lib/jvm/java-8-oracle/jre/lib/amd64/libverify.so
7f5858000000-7f585838e000 rw-p 00000000 00:00 0 
7f585838e000-7f585c000000 ---p 00000000 00:00 0 
7f585c012000-7f585c0a9000 rw-p 00000000 00:00 0 
7f585c0a9000-7f585c0b0000 r-xp 00000000 08:01 2621660                    /lib/x86_64-linux-gnu/librt-2.15.so
7f585c0b0000-7f585c2af000 ---p 00007000 08:01 2621660                    /lib/x86_64-linux-gnu/librt-2.15.so
7f585c2af000-7f585c2b0000 r--p 00006000 08:01 2621660                    /lib/x86_64-linux-gnu/librt-2.15.so
7f585c2b0000-7f585c2b1000 rw-p 00007000 08:01 2621660                    /lib/x86_64-linux-gnu/librt-2.15.so
7f585c2b1000-7f585c3ac000 r-xp 00000000 08:01 2621674                    /lib/x86_64-linux-gnu/libm-2.15.so
7f585c3ac000-7f585c5ab000 ---p 000fb000 08:01 2621674                    /lib/x86_64-linux-gnu/libm-2.15.so
7f585c5ab000-7f585c5ac000 r--p 000fa000 08:01 2621674                    /lib/x86_64-linux-gnu/libm-2.15.so
7f585c5ac000-7f585c5ad000 rw-p 000fb000 08:01 2621674                    /lib/x86_64-linux-gnu/libm-2.15.so
7f585c5ad000-7f585d26d000 r-xp 00000000 08:01 14164915                   /usr/lib/jvm/java-8-oracle/jre/lib/amd64/server/libjvm.so
7f585d26d000-7f585d46d000 ---p 00cc0000 08:01 14164915                   /usr/lib/jvm/java-8-oracle/jre/lib/amd64/server/libjvm.so
7f585d46d000-7f585d545000 rw-p 00cc0000 08:01 14164915                   /usr/lib/jvm/java-8-oracle/jre/lib/amd64/server/libjvm.so
7f585d545000-7f585d590000 rw-p 00000000 00:00 0 
7f585d590000-7f585d744000 r-xp 00000000 08:01 2621665                    /lib/x86_64-linux-gnu/libc-2.15.so
7f585d744000-7f585d943000 ---p 001b4000 08:01 2621665                    /lib/x86_64-linux-gnu/libc-2.15.so
7f585d943000-7f585d947000 r--p 001b3000 08:01 2621665                    /lib/x86_64-linux-gnu/libc-2.15.so
7f585d947000-7f585d949000 rw-p 001b7000 08:01 2621665                    /lib/x86_64-linux-gnu/libc-2.15.so
7f585d949000-7f585d94e000 rw-p 00000000 00:00 0 
7f585d94e000-7f585d950000 r-xp 00000000 08:01 2621657                    /lib/x86_64-linux-gnu/libdl-2.15.so
7f585d950000-7f585db50000 ---p 00002000 08:01 2621657                    /lib/x86_64-linux-gnu/libdl-2.15.so
7f585db50000-7f585db51000 r--p 00002000 08:01 2621657                    /lib/x86_64-linux-gnu/libdl-2.15.so
7f585db51000-7f585db52000 rw-p 00003000 08:01 2621657                    /lib/x86_64-linux-gnu/libdl-2.15.so
7f585db52000-7f585db67000 r-xp 00000000 08:01 1311205                    /usr/lib/jvm/java-8-oracle/lib/amd64/jli/libjli.so
7f585db67000-7f585dd67000 ---p 00015000 08:01 1311205                    /usr/lib/jvm/java-8-oracle/lib/amd64/jli/libjli.so
7f585dd67000-7f585dd68000 rw-p 00015000 08:01 1311205                    /usr/lib/jvm/java-8-oracle/lib/amd64/jli/libjli.so
7f585dd68000-7f585dd80000 r-xp 00000000 08:01 2621668                    /lib/x86_64-linux-gnu/libpthread-2.15.so
7f585dd80000-7f585df7f000 ---p 00018000 08:01 2621668                    /lib/x86_64-linux-gnu/libpthread-2.15.so
7f585df7f000-7f585df80000 r--p 00017000 08:01 2621668                    /lib/x86_64-linux-gnu/libpthread-2.15.so
7f585df80000-7f585df81000 rw-p 00018000 08:01 2621668                    /lib/x86_64-linux-gnu/libpthread-2.15.so
7f585df81000-7f585df85000 rw-p 00000000 00:00 0 
7f585df85000-7f585dfa7000 r-xp 00000000 08:01 2621671                    /lib/x86_64-linux-gnu/ld-2.15.so
7f585dfad000-7f585e087000 rw-p 00000000 00:00 0 
7f585e087000-7f585e08a000 ---p 00000000 00:00 0 
7f585e08a000-7f585e18c000 rw-p 00000000 00:00 0                          [stack:3241]
7f585e18c000-7f585e19b000 r--s 000df000 08:01 9309217                    /home/lin/Android/Sdk/build-tools/23.0.3/lib/dx.jar
7f585e19b000-7f585e1a3000 rw-s 00000000 08:01 4850083                    /tmp/hsperfdata_lin/3239
7f585e1a3000-7f585e1a4000 rw-p 00000000 00:00 0 
7f585e1a4000-7f585e1a5000 ---p 00000000 00:00 0 
7f585e1a5000-7f585e1a7000 rw-p 00000000 00:00 0 
7f585e1a7000-7f585e1a8000 r--p 00022000 08:01 2621671                    /lib/x86_64-linux-gnu/ld-2.15.so
7f585e1a8000-7f585e1aa000 rw-p 00023000 08:01 2621671                    /lib/x86_64-linux-gnu/ld-2.15.so
7ffdec07b000-7ffdec09c000 rw-p 00000000 00:00 0                          [stack]
7ffdec0e9000-7ffdec0eb000 r-xp 00000000 00:00 0                          [vdso]
ffffffffff600000-ffffffffff601000 r-xp 00000000 00:00 0                  [vsyscall]

VM Arguments:
jvm_args: -Djava.awt.headless=true -Xmx1024M -Dfile.encoding=UTF-8 -Duser.country=US -Duser.language=en -Duser.variant 
java_command: com.android.dx.command.Main --dex --num-threads=4 --output /home/lin/other/AndroidProjects/Radio/app/build/intermediates/pre-dexed/debug/com.android.support-support-v4-23.4.0_ac3bdcdce9bb63a2e369af28a6b233d87e981259.jar /home/lin/other/AndroidProjects/Radio/app/build/intermediates/exploded-aar/com.android.support/support-v4/23.4.0/jars/classes.jar
java_class_path (initial): /home/lin/Android/Sdk/build-tools/23.0.3/lib/dx.jar
Launcher Type: SUN_STANDARD

Environment Variables:
PATH=/usr/lib/lightdm/lightdm:/usr/local/sbin:/usr/local/bin:/usr/sbin:/usr/bin:/sbin:/bin:/usr/games
LD_LIBRARY_PATH=/opt/android-studio/bin:
SHELL=/bin/bash
DISPLAY=:0.0

Signal Handlers:
SIGSEGV: [libjvm.so+0xabca10], sa_mask[0]=11111111011111111101111111111110, sa_flags=SA_RESTART|SA_SIGINFO
SIGBUS: [libjvm.so+0xabca10], sa_mask[0]=11111111011111111101111111111110, sa_flags=SA_RESTART|SA_SIGINFO
SIGFPE: [libjvm.so+0x919a20], sa_mask[0]=11111111011111111101111111111110, sa_flags=SA_RESTART|SA_SIGINFO
SIGPIPE: [libjvm.so+0x919a20], sa_mask[0]=11111111011111111101111111111110, sa_flags=SA_RESTART|SA_SIGINFO
SIGXFSZ: [libjvm.so+0x919a20], sa_mask[0]=11111111011111111101111111111110, sa_flags=SA_RESTART|SA_SIGINFO
SIGILL: [libjvm.so+0x919a20], sa_mask[0]=11111111011111111101111111111110, sa_flags=SA_RESTART|SA_SIGINFO
SIGUSR1: SIG_DFL, sa_mask[0]=00000000000000000000000000000000, sa_flags=none
SIGUSR2: [libjvm.so+0x91b050], sa_mask[0]=00100000000000000000000000000000, sa_flags=SA_RESTART|SA_SIGINFO
SIGHUP: [libjvm.so+0x91c450], sa_mask[0]=11111111011111111101111111111110, sa_flags=SA_RESTART|SA_SIGINFO
SIGINT: [libjvm.so+0x91c450], sa_mask[0]=11111111011111111101111111111110, sa_flags=SA_RESTART|SA_SIGINFO
SIGTERM: [libjvm.so+0x91c450], sa_mask[0]=11111111011111111101111111111110, sa_flags=SA_RESTART|SA_SIGINFO
SIGQUIT: [libjvm.so+0x91c450], sa_mask[0]=11111111011111111101111111111110, sa_flags=SA_RESTART|SA_SIGINFO


---------------  S Y S T E M  ---------------

OS:DISTRIB_ID=Ubuntu
DISTRIB_RELEASE=12.04
DISTRIB_CODENAME=precise
DISTRIB_DESCRIPTION="Ubuntu 12.04.5 LTS"

uname:Linux 3.13.0-92-generic #139~precise1-Ubuntu SMP Wed Jun 29 21:30:37 UTC 2016 x86_64
libc:glibc 2.15 NPTL 2.15 
rlimit: STACK 8192k, CORE 0k, NPROC 22873, NOFILE 4096, AS infinity
load average:9.39 4.52 1.96

/proc/meminfo:
MemTotal:        2948840 kB
MemFree:          334908 kB
Buffers:           71996 kB
Cached:           861060 kB
SwapCached:            0 kB
Active:          1850800 kB
Inactive:         612280 kB
Active(anon):    1530928 kB
Inactive(anon):    75320 kB
Active(file):     319872 kB
Inactive(file):   536960 kB
Unevictable:           0 kB
Mlocked:               0 kB
SwapTotal:       3008508 kB
SwapFree:        3008508 kB
Dirty:              4736 kB
Writeback:             0 kB
AnonPages:       1532228 kB
Mapped:           157392 kB
Shmem:             76228 kB
Slab:              70568 kB
SReclaimable:      48284 kB
SUnreclaim:        22284 kB
KernelStack:        3632 kB
PageTables:        25644 kB
NFS_Unstable:          0 kB
Bounce:                0 kB
WritebackTmp:          0 kB
CommitLimit:     4482928 kB
Committed_AS:    3446424 kB
VmallocTotal:   34359738367 kB
VmallocUsed:      346400 kB
VmallocChunk:   34359385692 kB
HardwareCorrupted:     0 kB
AnonHugePages:    706560 kB
HugePages_Total:       0
HugePages_Free:        0
HugePages_Rsvd:        0
HugePages_Surp:        0
Hugepagesize:       2048 kB
DirectMap4k:       53636 kB
DirectMap2M:     2957312 kB


CPU:total 2 (2 cores per cpu, 1 threads per core) family 6 model 15 stepping 13, cmov, cx8, fxsr, mmx, sse, sse2, sse3, ssse3, tsc

/proc/cpuinfo:
processor	: 0
vendor_id	: GenuineIntel
cpu family	: 6
model		: 15
model name	: Genuine Intel(R) CPU           T1600  @ 1.66GHz
stepping	: 13
microcode	: 0xa3
cpu MHz		: 1662.550
cache size	: 1024 KB
physical nId	: 0
siblings	: 2
core nId		: 0
cpu cores	: 2
apicid		: 0
initial apicid	: 0
fpu		: yes
fpu_exception	: yes
cpuid level	: 10
wp		: yes
flags		: fpu vme de pse tsc msr pae mce cx8 apic sep mtrr pge mca cmov pat pse36 clflush dts acpi mmx fxsr sse sse2 ss ht tm pbe syscall nx lm constant_tsc arch_perfmon pebs bts rep_good nopl aperfmperf pni dtes64 monitor ds_cpl tm2 ssse3 cx16 xtpr pdcm lahf_lm dtherm
bogomips	: 3325.10
clflush size	: 64
cache_alignment	: 64
address sizes	: 36 bits physical, 48 bits virtual
power management:

processor	: 1
vendor_id	: GenuineIntel
cpu family	: 6
model		: 15
model name	: Genuine Intel(R) CPU           T1600  @ 1.66GHz
stepping	: 13
microcode	: 0xa3
cpu MHz		: 1662.550
cache size	: 1024 KB
physical nId	: 0
siblings	: 2
core nId		: 1
cpu cores	: 2
apicid		: 1
initial apicid	: 1
fpu		: yes
fpu_exception	: yes
cpuid level	: 10
wp		: yes
flags		: fpu vme de pse tsc msr pae mce cx8 apic sep mtrr pge mca cmov pat pse36 clflush dts acpi mmx fxsr sse sse2 ss ht tm pbe syscall nx lm constant_tsc arch_perfmon pebs bts rep_good nopl aperfmperf pni dtes64 monitor ds_cpl tm2 ssse3 cx16 xtpr pdcm lahf_lm dtherm
bogomips	: 3325.10
clflush size	: 64
cache_alignment	: 64
address sizes	: 36 bits physical, 48 bits virtual
power management:



Memory: 4k page, physical 2948840k(334908k free), swap 3008508k(3008508k free)

vm_info: Java HotSpot(TM) 64-Bit Server VM (25.91-b14) for linux-amd64 JRE (1.8.0_91-b14), built on Apr  1 2016 00:57:21 by "java_re" with gcc 4.3.0 20080428 (Red Hat 4.3.0-8)

time: Sat Jul 16 14:29:50 2016
elapsed time: 8 seconds (0d 0h 0m 8s)

