#
# A fatal error has been detected by the Java Runtime Environment:
#
#  SIGSEGV (0xb) at pc=0x00007f1a6d9345a3, pid=17470, tid=0x00007f1a584c1700
#
# JRE version: Java(TM) SE Runtime Environment (8.0_101-b13) (build 1.8.0_101-b13)
# Java VM: Java HotSpot(TM) 64-Bit Server VM (25.101-b13 mixed mode linux-amd64 compressed oops)
# Problematic frame:
# V  [libjvm.so+0x98c5a3]  oopDesc* PSPromotionManager::copy_to_survivor_space<false>(oopDesc*)+0x143
#
# Failed to write core dump. Core dumps have been disabled. To enable core dumping, try "ulimit -c unlimited" before starting Java again
#
# If you would like to submit a bug report, please visit:
#   http://bugreport.java.com/bugreport/crash.jsp
#

---------------  T H R E A D  ---------------

Current thread (0x00007f1a6801f000):  GCTaskThread [stack: 0x00007f1a583c1000,0x00007f1a584c2000] [id=17477]

siginfo: si_signo: 11 (SIGSEGV), si_code: 1 (SEGV_MAPERR), si_addr: 0x0000000000000008

Registers:
RAX=0x00007f1a6df35b90, RBX=0x00000000c0cdbe28, RCX=0x0000000000000003, RDX=0x0000000000000001
RSP=0x00007f1a584c0830, RBP=0x00007f1a584c08a0, RSI=0x00000000ee542fa0, RDI=0x0000000000000000
R8 =0x00000000c0cdbe08, R9 =0x00007f1a68071198, R10=0x00007f1a6df5a059, R11=0x00007f1a584c07e0
R12=0x00000000ee542fa0, R13=0x0000000000000000, R14=0x0000000000000000, R15=0x00007f1a68071168
RIP=0x00007f1a6d9345a3, EFLAGS=0x0000000000010246, CSGSFS=0x0000000000000033, ERR=0x0000000000000004
  TRAPNO=0x000000000000000e

Top of Stack: (sp=0x00007f1a584c0830)
0x00007f1a584c0830:   00007f1a584c08b0 00007f1a6df5a059
0x00007f1a584c0840:   00007f1a68071128 00007f1a68071100
0x00007f1a584c0850:   00000000c0cdaac0 0000000000000400
0x00007f1a584c0860:   00000000ee4e93da 0000000000001000
0x00007f1a584c0870:   00007f1a584c0920 00000000c0cdbe28
0x00007f1a584c0880:   00007f1a68071100 00007f1a6df35b80
0x00007f1a584c0890:   0000000000000000 00007f1a68071168
0x00007f1a584c08a0:   00007f1a584c0990 00007f1a6d933e70
0x00007f1a584c08b0:   00007f1a584c0910 00007f1a584c0920
0x00007f1a584c08c0:   00007f1a584c0930 00007f1a584c08f0
0x00007f1a584c08d0:   00007f1a584c0900 00007f1a584c0950
0x00007f1a584c08e0:   00000000ee53542d 00007f1a68071198
0x00007f1a584c08f0:   00000000c0201cc0 00007f1a68071160
0x00007f1a584c0900:   00007f1a6801ae60 00000000c0202094
0x00007f1a584c0910:   00000000c0206f99 00007f1a6d8a75af
0x00007f1a584c0920:   000000010003cab0 00000000c0206f98
0x00007f1a584c0930:   00007f1a584c0990 00007f1a6d5f6ac0
0x00007f1a584c0940:   00000000c0201d5d 00007f1a6df69290
0x00007f1a584c0950:   00000000c0cdbe29 00007f1a68071160
0x00007f1a584c0960:   0000000000000000 00000000c0207000
0x00007f1a584c0970:   00000000c0207000 00007f1a58619038
0x00007f1a584c0980:   00007f1a6801ae60 00007f1a58619096
0x00007f1a584c0990:   00007f1a584c0a50 00007f1a6d3a713e
0x00007f1a584c09a0:   00007f1a6801ecf0 00007f1a58619095
0x00007f1a584c09b0:   00007f1a58619001 00007f1a6df5a059
0x00007f1a584c09c0:   00007f1a68071100 00000000c0bd4100
0x00007f1a584c09d0:   00007f1a6801aba0 00007f1a5861dea1
0x00007f1a584c09e0:   00000000c0200af0 0000000000000100
0x00007f1a584c09f0:   00000000c0212b78 00007f1a58619006
0x00007f1a584c0a00:   0000000000000240 00007f1a58619100
0x00007f1a584c0a10:   00007f1a58619100 00007f1a58619038
0x00007f1a584c0a20:   00007f1a58619006 00007f1a68023680 

Instructions: (pc=0x00007f1a6d9345a3)
0x00007f1a6d934583:   83 e0 07 48 83 f8 05 75 d3 31 db eb d6 48 8b 05
0x00007f1a6d934593:   f1 24 5e 00 8b 7e 08 8b 48 08 48 d3 e7 48 03 38
0x00007f1a6d9345a3:   8b 77 08 83 fe 00 0f 8f 0a ff ff ff 0f 85 4b 02
0x00007f1a6d9345b3:   00 00 0f 1f 00 48 8b 07 4c 89 e6 4c 89 55 98 ff 

Register to memory mapping:

RAX=0x00007f1a6df35b90: <offset 0xf8db90> in /usr/lib/jvm/java-8-oracle/jre/lib/amd64/server/libjvm.so at 0x00007f1a6cfa8000
RBX=0x00000000c0cdbe28 is pointing into object: 0x00000000c0cdbe08
[Lcom.android.dx.dex.code.CodeAddress; 
 - klass: 'com/android/dx/dex/code/CodeAddress'[]
 - length: 19
RCX=0x0000000000000003 is an unknown value
RDX=0x0000000000000001 is an unknown value
RSP=0x00007f1a584c0830 is an unknown value
RBP=0x00007f1a584c08a0 is an unknown value
RSI=0x00000000ee542fa0 is an unknown value
RDI=0x0000000000000000 is an unknown value
R8 =0x00000000c0cdbe08 is an oop
[Lcom.android.dx.dex.code.CodeAddress; 
 - klass: 'com/android/dx/dex/code/CodeAddress'[]
 - length: 19
R9 =0x00007f1a68071198 is an unknown value
R10=0x00007f1a6df5a059: <offset 0xfb2059> in /usr/lib/jvm/java-8-oracle/jre/lib/amd64/server/libjvm.so at 0x00007f1a6cfa8000
R11=0x00007f1a584c07e0 is an unknown value
R12=0x00000000ee542fa0 is an unknown value
R13=0x0000000000000000 is an unknown value
R14=0x0000000000000000 is an unknown value
R15=0x00007f1a68071168 is an unknown value


Stack: [0x00007f1a583c1000,0x00007f1a584c2000],  sp=0x00007f1a584c0830,  free space=1022k
Native frames: (J=compiled Java code, j=interpreted, Vv=VM code, C=native code)
V  [libjvm.so+0x98c5a3]  oopDesc* PSPromotionManager::copy_to_survivor_space<false>(oopDesc*)+0x143
V  [libjvm.so+0x98be70]  PSPromotionManager::drain_stacks_depth(bool)+0x830
V  [libjvm.so+0x3ff13e]  CardTableExtension::scavenge_contents_parallel(ObjectStartArray*, MutableSpace*, HeapWord*, PSPromotionManager*, unsigned int, unsigned int)+0xafe
V  [libjvm.so+0x98f6eb]  OldToYoungRootsTask::do_it(GCTaskManager*, unsigned int)+0x4b
V  [libjvm.so+0x5d6b5f]  GCTaskThread::run()+0x12f
V  [libjvm.so+0x924698]  java_start(Thread*)+0x108


---------------  P R O C E S S  ---------------

Java Threads: ( => current thread )
  0x00007f1a68175000 JavaThread "pool-1-thread-4" [_thread_blocked, id=17510, stack(0x00007f1a378f9000,0x00007f1a379fa000)]
  0x00007f1a68174000 JavaThread "pool-1-thread-3" [_thread_blocked, id=17509, stack(0x00007f1a379fa000,0x00007f1a37afb000)]
  0x00007f1a68172000 JavaThread "pool-1-thread-2" [_thread_blocked, id=17508, stack(0x00007f1a37afb000,0x00007f1a37bfc000)]
  0x00007f1a68170000 JavaThread "pool-2-thread-1" [_thread_blocked, id=17507, stack(0x00007f1a37bfc000,0x00007f1a37cfd000)]
  0x00007f1a6816e000 JavaThread "pool-1-thread-1" [_thread_blocked, id=17506, stack(0x00007f1a37cfd000,0x00007f1a37dfe000)]
  0x00007f1a680ba000 JavaThread "Service Thread" daemon [_thread_blocked, id=17486, stack(0x00007f1a37eff000,0x00007f1a38000000)]
  0x00007f1a680b7800 JavaThread "C1 CompilerThread1" daemon [_thread_blocked, id=17485, stack(0x00007f1a5402f000,0x00007f1a54130000)]
  0x00007f1a680b4800 JavaThread "C2 CompilerThread0" daemon [_thread_blocked, id=17484, stack(0x00007f1a54130000,0x00007f1a54231000)]
  0x00007f1a680b3000 JavaThread "Signal Dispatcher" daemon [_thread_blocked, id=17483, stack(0x00007f1a54231000,0x00007f1a54332000)]
  0x00007f1a68080000 JavaThread "Finalizer" daemon [_thread_blocked, id=17482, stack(0x00007f1a54a16000,0x00007f1a54b17000)]
  0x00007f1a6807b800 JavaThread "Reference Handler" daemon [_thread_blocked, id=17481, stack(0x00007f1a54b17000,0x00007f1a54c18000)]
  0x00007f1a6800a000 JavaThread "main" [_thread_blocked, id=17474, stack(0x00007f1a6ea8d000,0x00007f1a6eb8e000)]

Other Threads:
  0x00007f1a68073800 VMThread [stack: 0x00007f1a54c18000,0x00007f1a54d19000] [id=17480]
  0x00007f1a680bd800 WatcherThread [stack: 0x00007f1a37dfe000,0x00007f1a37eff000] [id=17487]

=>0x00007f1a6801f000 (exited) GCTaskThread [stack: 0x00007f1a583c1000,0x00007f1a584c2000] [id=17477]

VM state:at safepoint (normal execution)

VM Mutex/Monitor currently owned by a thread:  ([mutex/lock_event])
[0x00007f1a680064e0] Threads_lock - owner thread: 0x00007f1a68073800
[0x00007f1a680069e0] Heap_lock - owner thread: 0x00007f1a68172000

Heap:
 PSYoungGen      total 54272K, used 53504K [0x00000000eab00000, 0x00000000ee700000, 0x0000000100000000)
  eden space 48640K, 100% used [0x00000000eab00000,0x00000000eda80000,0x00000000eda80000)
  from space 5632K, 86% used [0x00000000ee080000,0x00000000ee540020,0x00000000ee600000)
  to   space 6144K, 99% used [0x00000000eda80000,0x00000000ee07b300,0x00000000ee080000)
 ParOldGen       total 31744K, used 14410K [0x00000000c0000000, 0x00000000c1f00000, 0x00000000eab00000)
  object space 31744K, 45% used [0x00000000c0000000,0x00000000c0e12ac0,0x00000000c1f00000)
 Metaspace       used 6040K, capacity 6936K, committed 7168K, reserved 1056768K
  class space    used 615K, capacity 656K, committed 768K, reserved 1048576K

Card table byte_map: [0x00007f1a58618000,0x00007f1a58819000] byte_map_base: 0x00007f1a58018000

Marking Bits: (ParMarkBitMap*) 0x00007f1a6df69120
 Begin Bits: [0x00007f1a562c0000, 0x00007f1a572c0000)
 End Bits:   [0x00007f1a572c0000, 0x00007f1a582c0000)

Polling page: 0x00007f1a6ebaa000

CodeCache: size=245760Kb used=4743Kb max_used=4743Kb free=241016Kb
 bounds [0x00007f1a58bd9000, 0x00007f1a59089000, 0x00007f1a67bd9000]
 total_blobs=1472 nmethods=1206 adapters=182
 compilation: enabled

Compilation events (10 events):
Event: 13.713 Thread 0x00007f1a680b4800 1669       4       java.util.Collections$UnmodifiableCollection$1::hasNext (10 bytes)
Event: 13.719 Thread 0x00007f1a680b7800 1772 %     3       com.android.dx.cf.code.BaseMachine::storeResults @ 54 (90 bytes)
Event: 13.720 Thread 0x00007f1a680b7800 nmethod 1772% 0x00007f1a59061a90 code [0x00007f1a59061ca0, 0x00007f1a590627a8]
Event: 13.720 Thread 0x00007f1a680b7800 1775 %     3       com.android.dx.cf.code.RopperMachine::getSources @ 69 (264 bytes)
Event: 13.747 Thread 0x00007f1a680b4800 nmethod 1669 0x00007f1a590712d0 code [0x00007f1a59071420, 0x00007f1a590714f8]
Event: 13.747 Thread 0x00007f1a680b4800 1699       4       com.android.dx.ssa.NormalSsaInsn::mapSourceRegisters (48 bytes)
Event: 13.810 Thread 0x00007f1a680b7800 nmethod 1775% 0x00007f1a590775d0 code [0x00007f1a59077be0, 0x00007f1a5907c698]
Event: 13.855 Thread 0x00007f1a680b7800 1783 %     3       com.android.dx.ssa.PhiInsn::getSources @ 48 (95 bytes)
Event: 13.869 Thread 0x00007f1a680b7800 nmethod 1783% 0x00007f1a5907fa50 code [0x00007f1a5907fcc0, 0x00007f1a59080d38]
Event: 13.869 Thread 0x00007f1a680b7800 1782 %     3       com.android.dx.ssa.SsaBasicBlock::forEachPhiInsn @ 10 (54 bytes)

GC Heap History (10 events):
Event: 5.832 GC heap after
Heap after GC invocations=2 (full 0):
 PSYoungGen      total 13824K, used 1504K [0x00000000eab00000, 0x00000000ec600000, 0x0000000100000000)
  eden space 12288K, 0% used [0x00000000eab00000,0x00000000eab00000,0x00000000eb700000)
  from space 1536K, 97% used [0x00000000eb880000,0x00000000eb9f8020,0x00000000eba00000)
  to   space 1536K, 0% used [0x00000000eb700000,0x00000000eb700000,0x00000000eb880000)
 ParOldGen       total 31744K, used 3819K [0x00000000c0000000, 0x00000000c1f00000, 0x00000000eab00000)
  object space 31744K, 12% used [0x00000000c0000000,0x00000000c03badc8,0x00000000c1f00000)
 Metaspace       used 5638K, capacity 6640K, committed 6784K, reserved 1056768K
  class space    used 589K, capacity 616K, committed 640K, reserved 1048576K
}
Event: 6.975 GC heap before
{Heap before GC invocations=3 (full 0):
 PSYoungGen      total 13824K, used 13792K [0x00000000eab00000, 0x00000000ec600000, 0x0000000100000000)
  eden space 12288K, 100% used [0x00000000eab00000,0x00000000eb700000,0x00000000eb700000)
  from space 1536K, 97% used [0x00000000eb880000,0x00000000eb9f8020,0x00000000eba00000)
  to   space 1536K, 0% used [0x00000000eb700000,0x00000000eb700000,0x00000000eb880000)
 ParOldGen       total 31744K, used 3819K [0x00000000c0000000, 0x00000000c1f00000, 0x00000000eab00000)
  object space 31744K, 12% used [0x00000000c0000000,0x00000000c03badc8,0x00000000c1f00000)
 Metaspace       used 5675K, capacity 6640K, committed 6784K, reserved 1056768K
  class space    used 589K, capacity 616K, committed 640K, reserved 1048576K
Event: 7.031 GC heap after
Heap after GC invocations=3 (full 0):
 PSYoungGen      total 13824K, used 1504K [0x00000000eab00000, 0x00000000ec600000, 0x0000000100000000)
  eden space 12288K, 0% used [0x00000000eab00000,0x00000000eab00000,0x00000000eb700000)
  from space 1536K, 97% used [0x00000000eb700000,0x00000000eb878020,0x00000000eb880000)
  to   space 1536K, 0% used [0x00000000ec480000,0x00000000ec480000,0x00000000ec600000)
 ParOldGen       total 31744K, used 6043K [0x00000000c0000000, 0x00000000c1f00000, 0x00000000eab00000)
  object space 31744K, 19% used [0x00000000c0000000,0x00000000c05e6c70,0x00000000c1f00000)
 Metaspace       used 5675K, capacity 6640K, committed 6784K, reserved 1056768K
  class space    used 589K, capacity 616K, committed 640K, reserved 1048576K
}
Event: 8.162 GC heap before
{Heap before GC invocations=4 (full 0):
 PSYoungGen      total 13824K, used 13792K [0x00000000eab00000, 0x00000000ec600000, 0x0000000100000000)
  eden space 12288K, 100% used [0x00000000eab00000,0x00000000eb700000,0x00000000eb700000)
  from space 1536K, 97% used [0x00000000eb700000,0x00000000eb878020,0x00000000eb880000)
  to   space 1536K, 0% used [0x00000000ec480000,0x00000000ec480000,0x00000000ec600000)
 ParOldGen       total 31744K, used 6043K [0x00000000c0000000, 0x00000000c1f00000, 0x00000000eab00000)
  object space 31744K, 19% used [0x00000000c0000000,0x00000000c05e6c70,0x00000000c1f00000)
 Metaspace       used 5764K, capacity 6768K, committed 7040K, reserved 1056768K
  class space    used 589K, capacity 616K, committed 640K, reserved 1048576K
Event: 8.216 GC heap after
Heap after GC invocations=4 (full 0):
 PSYoungGen      total 26112K, used 1536K [0x00000000eab00000, 0x00000000ec600000, 0x0000000100000000)
  eden space 24576K, 0% used [0x00000000eab00000,0x00000000eab00000,0x00000000ec300000)
  from space 1536K, 100% used [0x00000000ec480000,0x00000000ec600000,0x00000000ec600000)
  to   space 1536K, 0% used [0x00000000ec300000,0x00000000ec300000,0x00000000ec480000)
 ParOldGen       total 31744K, used 7589K [0x00000000c0000000, 0x00000000c1f00000, 0x00000000eab00000)
  object space 31744K, 23% used [0x00000000c0000000,0x00000000c0769690,0x00000000c1f00000)
 Metaspace       used 5764K, capacity 6768K, committed 7040K, reserved 1056768K
  class space    used 589K, capacity 616K, committed 640K, reserved 1048576K
}
Event: 9.450 GC heap before
{Heap before GC invocations=5 (full 0):
 PSYoungGen      total 26112K, used 26112K [0x00000000eab00000, 0x00000000ec600000, 0x0000000100000000)
  eden space 24576K, 100% used [0x00000000eab00000,0x00000000ec300000,0x00000000ec300000)
  from space 1536K, 100% used [0x00000000ec480000,0x00000000ec600000,0x00000000ec600000)
  to   space 1536K, 0% used [0x00000000ec300000,0x00000000ec300000,0x00000000ec480000)
 ParOldGen       total 31744K, used 7589K [0x00000000c0000000, 0x00000000c1f00000, 0x00000000eab00000)
  object space 31744K, 23% used [0x00000000c0000000,0x00000000c0769690,0x00000000c1f00000)
 Metaspace       used 5923K, capacity 6872K, committed 7168K, reserved 1056768K
  class space    used 614K, capacity 656K, committed 768K, reserved 1048576K
Event: 9.597 GC heap after
Heap after GC invocations=5 (full 0):
 PSYoungGen      total 26112K, used 1520K [0x00000000eab00000, 0x00000000ee600000, 0x0000000100000000)
  eden space 24576K, 0% used [0x00000000eab00000,0x00000000eab00000,0x00000000ec300000)
  from space 1536K, 98% used [0x00000000ec300000,0x00000000ec47c010,0x00000000ec480000)
  to   space 5632K, 0% used [0x00000000ee080000,0x00000000ee080000,0x00000000ee600000)
 ParOldGen       total 31744K, used 12112K [0x00000000c0000000, 0x00000000c1f00000, 0x00000000eab00000)
  object space 31744K, 38% used [0x00000000c0000000,0x00000000c0bd4100,0x00000000c1f00000)
 Metaspace       used 5923K, capacity 6872K, committed 7168K, reserved 1056768K
  class space    used 614K, capacity 656K, committed 768K, reserved 1048576K
}
Event: 11.065 GC heap before
{Heap before GC invocations=6 (full 0):
 PSYoungGen      total 26112K, used 26096K [0x00000000eab00000, 0x00000000ee600000, 0x0000000100000000)
  eden space 24576K, 100% used [0x00000000eab00000,0x00000000ec300000,0x00000000ec300000)
  from space 1536K, 98% used [0x00000000ec300000,0x00000000ec47c010,0x00000000ec480000)
  to   space 5632K, 0% used [0x00000000ee080000,0x00000000ee080000,0x00000000ee600000)
 ParOldGen       total 31744K, used 12112K [0x00000000c0000000, 0x00000000c1f00000, 0x00000000eab00000)
  object space 31744K, 38% used [0x00000000c0000000,0x00000000c0bd4100,0x00000000c1f00000)
 Metaspace       used 6001K, capacity 6936K, committed 7168K, reserved 1056768K
  class space    used 615K, capacity 656K, committed 768K, reserved 1048576K
Event: 11.187 GC heap after
Heap after GC invocations=6 (full 0):
 PSYoungGen      total 54272K, used 4864K [0x00000000eab00000, 0x00000000ee700000, 0x0000000100000000)
  eden space 48640K, 0% used [0x00000000eab00000,0x00000000eab00000,0x00000000eda80000)
  from space 5632K, 86% used [0x00000000ee080000,0x00000000ee540020,0x00000000ee600000)
  to   space 6144K, 0% used [0x00000000eda80000,0x00000000eda80000,0x00000000ee080000)
 ParOldGen       total 31744K, used 12112K [0x00000000c0000000, 0x00000000c1f00000, 0x00000000eab00000)
  object space 31744K, 38% used [0x00000000c0000000,0x00000000c0bd4100,0x00000000c1f00000)
 Metaspace       used 6001K, capacity 6936K, committed 7168K, reserved 1056768K
  class space    used 615K, capacity 656K, committed 768K, reserved 1048576K
}
Event: 13.905 GC heap before
{Heap before GC invocations=7 (full 0):
 PSYoungGen      total 54272K, used 53504K [0x00000000eab00000, 0x00000000ee700000, 0x0000000100000000)
  eden space 48640K, 100% used [0x00000000eab00000,0x00000000eda80000,0x00000000eda80000)
  from space 5632K, 86% used [0x00000000ee080000,0x00000000ee540020,0x00000000ee600000)
  to   space 6144K, 0% used [0x00000000eda80000,0x00000000eda80000,0x00000000ee080000)
 ParOldGen       total 31744K, used 12112K [0x00000000c0000000, 0x00000000c1f00000, 0x00000000eab00000)
  object space 31744K, 38% used [0x00000000c0000000,0x00000000c0bd4100,0x00000000c1f00000)
 Metaspace       used 6040K, capacity 6936K, committed 7168K, reserved 1056768K
  class space    used 615K, capacity 656K, committed 768K, reserved 1048576K

Deoptimization events (10 events):
Event: 2.718 Thread 0x00007f1a6800a000 Uncommon trap: reason=unstable_if action=reinterpret pc=0x00007f1a58d15bc8 method=java.lang.String.indexOf(II)I @ 49
Event: 5.206 Thread 0x00007f1a6800a000 Uncommon trap: reason=bimorphic action=maybe_recompile pc=0x00007f1a58deaa7c method=java.util.HashMap.getNode(ILjava/lang/Object;)Ljava/util/HashMap$Node; @ 126
Event: 5.317 Thread 0x00007f1a6800a000 Uncommon trap: reason=bimorphic action=maybe_recompile pc=0x00007f1a58deaa7c method=java.util.HashMap.getNode(ILjava/lang/Object;)Ljava/util/HashMap$Node; @ 126
Event: 5.317 Thread 0x00007f1a6800a000 Uncommon trap: reason=bimorphic action=maybe_recompile pc=0x00007f1a58deaa7c method=java.util.HashMap.getNode(ILjava/lang/Object;)Ljava/util/HashMap$Node; @ 126
Event: 5.318 Thread 0x00007f1a6800a000 Uncommon trap: reason=bimorphic action=maybe_recompile pc=0x00007f1a58deaa7c method=java.util.HashMap.getNode(ILjava/lang/Object;)Ljava/util/HashMap$Node; @ 126
Event: 5.318 Thread 0x00007f1a6800a000 Uncommon trap: reason=bimorphic action=maybe_recompile pc=0x00007f1a58dc75a0 method=java.util.HashMap.getNode(ILjava/lang/Object;)Ljava/util/HashMap$Node; @ 126
Event: 8.406 Thread 0x00007f1a68174000 Uncommon trap: reason=null_check action=make_not_entrant pc=0x00007f1a58e6ed9c method=com.android.dx.ssa.SsaRenamer.getLocalForNewReg(I)Lcom/android/dx/rop/code/LocalItem; @ 19
Event: 8.879 Thread 0x00007f1a6800a000 Uncommon trap: reason=unstable_if action=reinterpret pc=0x00007f1a58f05274 method=java.util.HashMap.putVal(ILjava/lang/Object;Ljava/lang/Object;ZZ)Ljava/lang/Object; @ 162
Event: 9.003 Thread 0x00007f1a6800a000 Uncommon trap: reason=unstable_if action=reinterpret pc=0x00007f1a58e7b2d8 method=java.util.HashMap.getNode(ILjava/lang/Object;)Ljava/util/HashMap$Node; @ 84
Event: 9.145 Thread 0x00007f1a68175000 Uncommon trap: reason=unstable_if action=reinterpret pc=0x00007f1a58e60d6c method=java.util.HashMap.getNode(ILjava/lang/Object;)Ljava/util/HashMap$Node; @ 84

Internal exceptions (6 events):
Event: 0.496 Thread 0x00007f1a6800a000 Exception <a 'java/lang/NoSuchMethodError': Method sun.misc.Unsafe.defineClass(Ljava/lang/String;[BII)Ljava/lang/Class; name or signature does not match> (0x00000000eab07cc0) thrown at [/HUDSON3/workspace/8-2-build-linux-amd64/jdk8u101/7261/hotspot/src/sh
Event: 0.496 Thread 0x00007f1a6800a000 Exception <a 'java/lang/NoSuchMethodError': Method sun.misc.Unsafe.prefetchRead(Ljava/lang/Object;J)V name or signature does not match> (0x00000000eab07fa8) thrown at [/HUDSON3/workspace/8-2-build-linux-amd64/jdk8u101/7261/hotspot/src/share/vm/prims/jni.c
Event: 8.406 Thread 0x00007f1a68174000 Implicit null exception at 0x00007f1a58e6c6c3 to 0x00007f1a58e6ed79
Event: 8.956 Thread 0x00007f1a6800a000 Exception <a 'java/lang/ArrayIndexOutOfBoundsException': 18> (0x00000000eba3f3a8) thrown at [/HUDSON3/workspace/8-2-build-linux-amd64/jdk8u101/7261/hotspot/src/share/vm/interpreter/interpreterRuntime.cpp, line 366]
Event: 8.998 Thread 0x00007f1a6800a000 Exception <a 'java/lang/ArrayIndexOutOfBoundsException': 145> (0x00000000eba40f28) thrown at [/HUDSON3/workspace/8-2-build-linux-amd64/jdk8u101/7261/hotspot/src/share/vm/interpreter/interpreterRuntime.cpp, line 366]
Event: 9.000 Thread 0x00007f1a6800a000 Exception <a 'java/lang/ArrayIndexOutOfBoundsException': 40> (0x00000000eba42210) thrown at [/HUDSON3/workspace/8-2-build-linux-amd64/jdk8u101/7261/hotspot/src/share/vm/interpreter/interpreterRuntime.cpp, line 366]

Events (10 events):
Event: 13.620 Thread 0x00007f1a6800a000 DEOPT UNPACKING pc=0x00007f1a58c1ff73 sp=0x00007f1a6eb8b780 mode 0
Event: 13.675 Thread 0x00007f1a68172000 DEOPT PACKING pc=0x00007f1a58dd56f4 sp=0x00007f1a37bfa070
Event: 13.675 Thread 0x00007f1a68172000 DEOPT UNPACKING pc=0x00007f1a58c1ff73 sp=0x00007f1a37bf9db8 mode 0
Event: 13.675 Thread 0x00007f1a68172000 DEOPT PACKING pc=0x00007f1a58e6b919 sp=0x00007f1a37bf9ff0
Event: 13.675 Thread 0x00007f1a68172000 DEOPT UNPACKING pc=0x00007f1a58c1ff73 sp=0x00007f1a37bf9d28 mode 0
Event: 13.721 Thread 0x00007f1a68172000 DEOPT PACKING pc=0x00007f1a58dd56f4 sp=0x00007f1a37bf9d70
Event: 13.721 Thread 0x00007f1a68172000 DEOPT UNPACKING pc=0x00007f1a58c1ff73 sp=0x00007f1a37bf9ab8 mode 0
Event: 13.761 Thread 0x00007f1a6816e000 DEOPT PACKING pc=0x00007f1a58e5bcb9 sp=0x00007f1a37dfbe90
Event: 13.761 Thread 0x00007f1a6816e000 DEOPT UNPACKING pc=0x00007f1a58c1ff73 sp=0x00007f1a37dfbbe0 mode 0
Event: 13.876 Executing VM operation: ParallelGCFailedAllocation


Dynamic libraries:
00400000-00401000 r-xp 00000000 08:01 3279757                            /usr/lib/jvm/java-8-oracle/bin/java
00600000-00601000 rw-p 00000000 08:01 3279757                            /usr/lib/jvm/java-8-oracle/bin/java
00e87000-00ea8000 rw-p 00000000 00:00 0                                  [heap]
c0000000-c1f00000 rw-p 00000000 00:00 0 
c1f00000-eab00000 ---p 00000000 00:00 0 
eab00000-ee700000 rw-p 00000000 00:00 0 
ee700000-100000000 ---p 00000000 00:00 0 
100000000-1000c0000 rw-p 00000000 00:00 0 
1000c0000-140000000 ---p 00000000 00:00 0 
7f1a18000000-7f1a18021000 rw-p 00000000 00:00 0 
7f1a18021000-7f1a1c000000 ---p 00000000 00:00 0 
7f1a1c000000-7f1a1c02c000 rw-p 00000000 00:00 0 
7f1a1c02c000-7f1a20000000 ---p 00000000 00:00 0 
7f1a20000000-7f1a20033000 rw-p 00000000 00:00 0 
7f1a20033000-7f1a24000000 ---p 00000000 00:00 0 
7f1a24000000-7f1a24021000 rw-p 00000000 00:00 0 
7f1a24021000-7f1a28000000 ---p 00000000 00:00 0 
7f1a28000000-7f1a28021000 rw-p 00000000 00:00 0 
7f1a28021000-7f1a2c000000 ---p 00000000 00:00 0 
7f1a2c000000-7f1a2c021000 rw-p 00000000 00:00 0 
7f1a2c021000-7f1a30000000 ---p 00000000 00:00 0 
7f1a30000000-7f1a3053e000 rw-p 00000000 00:00 0 
7f1a3053e000-7f1a34000000 ---p 00000000 00:00 0 
7f1a378f9000-7f1a378fc000 ---p 00000000 00:00 0 
7f1a378fc000-7f1a379fa000 rw-p 00000000 00:00 0                          [stack:17510]
7f1a379fa000-7f1a379fd000 ---p 00000000 00:00 0 
7f1a379fd000-7f1a37afb000 rw-p 00000000 00:00 0                          [stack:17509]
7f1a37afb000-7f1a37afe000 ---p 00000000 00:00 0 
7f1a37afe000-7f1a37bfc000 rw-p 00000000 00:00 0                          [stack:17508]
7f1a37bfc000-7f1a37bff000 ---p 00000000 00:00 0 
7f1a37bff000-7f1a37cfd000 rw-p 00000000 00:00 0                          [stack:17507]
7f1a37cfd000-7f1a37d00000 ---p 00000000 00:00 0 
7f1a37d00000-7f1a37dfe000 rw-p 00000000 00:00 0                          [stack:17506]
7f1a37dfe000-7f1a37dff000 ---p 00000000 00:00 0 
7f1a37dff000-7f1a37eff000 rw-p 00000000 00:00 0                          [stack:17487]
7f1a37eff000-7f1a37f02000 ---p 00000000 00:00 0 
7f1a37f02000-7f1a38000000 rw-p 00000000 00:00 0                          [stack:17486]
7f1a38000000-7f1a38021000 rw-p 00000000 00:00 0 
7f1a38021000-7f1a3c000000 ---p 00000000 00:00 0 
7f1a3c000000-7f1a3c551000 rw-p 00000000 00:00 0 
7f1a3c551000-7f1a40000000 ---p 00000000 00:00 0 
7f1a40000000-7f1a40021000 rw-p 00000000 00:00 0 
7f1a40021000-7f1a44000000 ---p 00000000 00:00 0 
7f1a44000000-7f1a44021000 rw-p 00000000 00:00 0 
7f1a44021000-7f1a48000000 ---p 00000000 00:00 0 
7f1a48000000-7f1a48021000 rw-p 00000000 00:00 0 
7f1a48021000-7f1a4c000000 ---p 00000000 00:00 0 
7f1a4c000000-7f1a4c021000 rw-p 00000000 00:00 0 
7f1a4c021000-7f1a50000000 ---p 00000000 00:00 0 
7f1a50000000-7f1a5029b000 rw-p 00000000 00:00 0 
7f1a5029b000-7f1a54000000 ---p 00000000 00:00 0 
7f1a5402f000-7f1a54032000 ---p 00000000 00:00 0 
7f1a54032000-7f1a54130000 rw-p 00000000 00:00 0                          [stack:17485]
7f1a54130000-7f1a54133000 ---p 00000000 00:00 0 
7f1a54133000-7f1a54231000 rw-p 00000000 00:00 0                          [stack:17484]
7f1a54231000-7f1a54234000 ---p 00000000 00:00 0 
7f1a54234000-7f1a54332000 rw-p 00000000 00:00 0                          [stack:17483]
7f1a54332000-7f1a54a16000 r--p 00000000 08:01 13113697                   /usr/lib/locale/locale-archive
7f1a54a16000-7f1a54a19000 ---p 00000000 00:00 0 
7f1a54a19000-7f1a54b17000 rw-p 00000000 00:00 0                          [stack:17482]
7f1a54b17000-7f1a54b1a000 ---p 00000000 00:00 0 
7f1a54b1a000-7f1a54c18000 rw-p 00000000 00:00 0                          [stack:17481]
7f1a54c18000-7f1a54c19000 ---p 00000000 00:00 0 
7f1a54c19000-7f1a55671000 rw-p 00000000 00:00 0                          [stack:17480]
7f1a55671000-7f1a5584a000 r--s 03d29000 08:01 13118676                   /usr/lib/jvm/java-8-oracle/jre/lib/rt.jar
7f1a5584a000-7f1a55f00000 rw-p 00000000 00:00 0 
7f1a55f00000-7f1a560c0000 ---p 00000000 00:00 0 
7f1a560c0000-7f1a582c0000 rw-p 00000000 00:00 0 
7f1a582c0000-7f1a582c1000 ---p 00000000 00:00 0 
7f1a582c1000-7f1a583c1000 rw-p 00000000 00:00 0                          [stack:17478]
7f1a583c1000-7f1a583c2000 ---p 00000000 00:00 0 
7f1a583c2000-7f1a584d2000 rw-p 00000000 00:00 0                          [stack:17477]
7f1a584d2000-7f1a58618000 ---p 00000000 00:00 0 
7f1a58618000-7f1a58628000 rw-p 00000000 00:00 0 
7f1a58628000-7f1a5876d000 ---p 00000000 00:00 0 
7f1a5876d000-7f1a5878c000 rw-p 00000000 00:00 0 
7f1a5878c000-7f1a58818000 ---p 00000000 00:00 0 
7f1a58818000-7f1a5882c000 rw-p 00000000 00:00 0 
7f1a5882c000-7f1a58bd9000 ---p 00000000 00:00 0 
7f1a58bd9000-7f1a59089000 rwxp 00000000 00:00 0 
7f1a59089000-7f1a67bd9000 ---p 00000000 00:00 0 
7f1a67bd9000-7f1a67bf3000 r-xp 00000000 08:01 13766358                   /usr/lib/jvm/java-8-oracle/jre/lib/amd64/libzip.so
7f1a67bf3000-7f1a67df3000 ---p 0001a000 08:01 13766358                   /usr/lib/jvm/java-8-oracle/jre/lib/amd64/libzip.so
7f1a67df3000-7f1a67df4000 rw-p 0001a000 08:01 13766358                   /usr/lib/jvm/java-8-oracle/jre/lib/amd64/libzip.so
7f1a67df4000-7f1a67dff000 r-xp 00000000 08:01 2621673                    /lib/x86_64-linux-gnu/libnss_files-2.15.so
7f1a67dff000-7f1a67ffe000 ---p 0000b000 08:01 2621673                    /lib/x86_64-linux-gnu/libnss_files-2.15.so
7f1a67ffe000-7f1a67fff000 r--p 0000a000 08:01 2621673                    /lib/x86_64-linux-gnu/libnss_files-2.15.so
7f1a67fff000-7f1a68000000 rw-p 0000b000 08:01 2621673                    /lib/x86_64-linux-gnu/libnss_files-2.15.so
7f1a68000000-7f1a68397000 rw-p 00000000 00:00 0 
7f1a68397000-7f1a6c000000 ---p 00000000 00:00 0 
7f1a6c019000-7f1a6c03a000 rw-p 00000000 00:00 0 
7f1a6c03a000-7f1a6c044000 r-xp 00000000 08:01 2621658                    /lib/x86_64-linux-gnu/libnss_nis-2.15.so
7f1a6c044000-7f1a6c244000 ---p 0000a000 08:01 2621658                    /lib/x86_64-linux-gnu/libnss_nis-2.15.so
7f1a6c244000-7f1a6c245000 r--p 0000a000 08:01 2621658                    /lib/x86_64-linux-gnu/libnss_nis-2.15.so
7f1a6c245000-7f1a6c246000 rw-p 0000b000 08:01 2621658                    /lib/x86_64-linux-gnu/libnss_nis-2.15.so
7f1a6c246000-7f1a6c25d000 r-xp 00000000 08:01 2621667                    /lib/x86_64-linux-gnu/libnsl-2.15.so
7f1a6c25d000-7f1a6c45c000 ---p 00017000 08:01 2621667                    /lib/x86_64-linux-gnu/libnsl-2.15.so
7f1a6c45c000-7f1a6c45d000 r--p 00016000 08:01 2621667                    /lib/x86_64-linux-gnu/libnsl-2.15.so
7f1a6c45d000-7f1a6c45e000 rw-p 00017000 08:01 2621667                    /lib/x86_64-linux-gnu/libnsl-2.15.so
7f1a6c45e000-7f1a6c460000 rw-p 00000000 00:00 0 
7f1a6c460000-7f1a6c468000 r-xp 00000000 08:01 2621672                    /lib/x86_64-linux-gnu/libnss_compat-2.15.so
7f1a6c468000-7f1a6c667000 ---p 00008000 08:01 2621672                    /lib/x86_64-linux-gnu/libnss_compat-2.15.so
7f1a6c667000-7f1a6c668000 r--p 00007000 08:01 2621672                    /lib/x86_64-linux-gnu/libnss_compat-2.15.so
7f1a6c668000-7f1a6c669000 rw-p 00008000 08:01 2621672                    /lib/x86_64-linux-gnu/libnss_compat-2.15.so
7f1a6c669000-7f1a6c693000 r-xp 00000000 08:01 13766323                   /usr/lib/jvm/java-8-oracle/jre/lib/amd64/libjava.so
7f1a6c693000-7f1a6c893000 ---p 0002a000 08:01 13766323                   /usr/lib/jvm/java-8-oracle/jre/lib/amd64/libjava.so
7f1a6c893000-7f1a6c895000 rw-p 0002a000 08:01 13766323                   /usr/lib/jvm/java-8-oracle/jre/lib/amd64/libjava.so
7f1a6c895000-7f1a6c8a2000 r-xp 00000000 08:01 13766361                   /usr/lib/jvm/java-8-oracle/jre/lib/amd64/libverify.so
7f1a6c8a2000-7f1a6caa2000 ---p 0000d000 08:01 13766361                   /usr/lib/jvm/java-8-oracle/jre/lib/amd64/libverify.so
7f1a6caa2000-7f1a6caa4000 rw-p 0000d000 08:01 13766361                   /usr/lib/jvm/java-8-oracle/jre/lib/amd64/libverify.so
7f1a6caa4000-7f1a6caab000 r-xp 00000000 08:01 2621660                    /lib/x86_64-linux-gnu/librt-2.15.so
7f1a6caab000-7f1a6ccaa000 ---p 00007000 08:01 2621660                    /lib/x86_64-linux-gnu/librt-2.15.so
7f1a6ccaa000-7f1a6ccab000 r--p 00006000 08:01 2621660                    /lib/x86_64-linux-gnu/librt-2.15.so
7f1a6ccab000-7f1a6ccac000 rw-p 00007000 08:01 2621660                    /lib/x86_64-linux-gnu/librt-2.15.so
7f1a6ccac000-7f1a6cda7000 r-xp 00000000 08:01 2621674                    /lib/x86_64-linux-gnu/libm-2.15.so
7f1a6cda7000-7f1a6cfa6000 ---p 000fb000 08:01 2621674                    /lib/x86_64-linux-gnu/libm-2.15.so
7f1a6cfa6000-7f1a6cfa7000 r--p 000fa000 08:01 2621674                    /lib/x86_64-linux-gnu/libm-2.15.so
7f1a6cfa7000-7f1a6cfa8000 rw-p 000fb000 08:01 2621674                    /lib/x86_64-linux-gnu/libm-2.15.so
7f1a6cfa8000-7f1a6dc73000 r-xp 00000000 08:01 13894575                   /usr/lib/jvm/java-8-oracle/jre/lib/amd64/server/libjvm.so
7f1a6dc73000-7f1a6de72000 ---p 00ccb000 08:01 13894575                   /usr/lib/jvm/java-8-oracle/jre/lib/amd64/server/libjvm.so
7f1a6de72000-7f1a6df4b000 rw-p 00cca000 08:01 13894575                   /usr/lib/jvm/java-8-oracle/jre/lib/amd64/server/libjvm.so
7f1a6df4b000-7f1a6df96000 rw-p 00000000 00:00 0 
7f1a6df96000-7f1a6e14a000 r-xp 00000000 08:01 2621665                    /lib/x86_64-linux-gnu/libc-2.15.so
7f1a6e14a000-7f1a6e349000 ---p 001b4000 08:01 2621665                    /lib/x86_64-linux-gnu/libc-2.15.so
7f1a6e349000-7f1a6e34d000 r--p 001b3000 08:01 2621665                    /lib/x86_64-linux-gnu/libc-2.15.so
7f1a6e34d000-7f1a6e34f000 rw-p 001b7000 08:01 2621665                    /lib/x86_64-linux-gnu/libc-2.15.so
7f1a6e34f000-7f1a6e354000 rw-p 00000000 00:00 0 
7f1a6e354000-7f1a6e356000 r-xp 00000000 08:01 2621657                    /lib/x86_64-linux-gnu/libdl-2.15.so
7f1a6e356000-7f1a6e556000 ---p 00002000 08:01 2621657                    /lib/x86_64-linux-gnu/libdl-2.15.so
7f1a6e556000-7f1a6e557000 r--p 00002000 08:01 2621657                    /lib/x86_64-linux-gnu/libdl-2.15.so
7f1a6e557000-7f1a6e558000 rw-p 00003000 08:01 2621657                    /lib/x86_64-linux-gnu/libdl-2.15.so
7f1a6e558000-7f1a6e56d000 r-xp 00000000 08:01 2627921                    /usr/lib/jvm/java-8-oracle/lib/amd64/jli/libjli.so
7f1a6e56d000-7f1a6e76d000 ---p 00015000 08:01 2627921                    /usr/lib/jvm/java-8-oracle/lib/amd64/jli/libjli.so
7f1a6e76d000-7f1a6e76e000 rw-p 00015000 08:01 2627921                    /usr/lib/jvm/java-8-oracle/lib/amd64/jli/libjli.so
7f1a6e76e000-7f1a6e786000 r-xp 00000000 08:01 2621668                    /lib/x86_64-linux-gnu/libpthread-2.15.so
7f1a6e786000-7f1a6e985000 ---p 00018000 08:01 2621668                    /lib/x86_64-linux-gnu/libpthread-2.15.so
7f1a6e985000-7f1a6e986000 r--p 00017000 08:01 2621668                    /lib/x86_64-linux-gnu/libpthread-2.15.so
7f1a6e986000-7f1a6e987000 rw-p 00018000 08:01 2621668                    /lib/x86_64-linux-gnu/libpthread-2.15.so
7f1a6e987000-7f1a6e98b000 rw-p 00000000 00:00 0 
7f1a6e98b000-7f1a6e9ad000 r-xp 00000000 08:01 2621671                    /lib/x86_64-linux-gnu/ld-2.15.so
7f1a6e9ae000-7f1a6e9af000 rw-p 00000000 00:00 0 
7f1a6e9af000-7f1a6e9b4000 r--s 00040000 08:01 10496508                   /home/lin/other/AndroidProjects/Radio/app/build/intermediates/exploded-aar/com.android.support/recyclerview-v7/23.0.1/jars/classes.jar
7f1a6e9b4000-7f1a6ea8d000 rw-p 00000000 00:00 0 
7f1a6ea8d000-7f1a6ea90000 ---p 00000000 00:00 0 
7f1a6ea90000-7f1a6eb92000 rw-p 00000000 00:00 0                          [stack:17474]
7f1a6eb92000-7f1a6eba1000 r--s 000df000 08:01 9309217                    /home/lin/Android/Sdk/build-tools/23.0.3/lib/dx.jar
7f1a6eba1000-7f1a6eba9000 rw-s 00000000 08:01 4850478                    /tmp/hsperfdata_root/17470
7f1a6eba9000-7f1a6ebaa000 rw-p 00000000 00:00 0 
7f1a6ebaa000-7f1a6ebab000 ---p 00000000 00:00 0 
7f1a6ebab000-7f1a6ebad000 rw-p 00000000 00:00 0 
7f1a6ebad000-7f1a6ebae000 r--p 00022000 08:01 2621671                    /lib/x86_64-linux-gnu/ld-2.15.so
7f1a6ebae000-7f1a6ebb0000 rw-p 00023000 08:01 2621671                    /lib/x86_64-linux-gnu/ld-2.15.so
7ffcd11b6000-7ffcd11d7000 rw-p 00000000 00:00 0                          [stack]
7ffcd11ee000-7ffcd11f0000 r-xp 00000000 00:00 0                          [vdso]
ffffffffff600000-ffffffffff601000 r-xp 00000000 00:00 0                  [vsyscall]

VM Arguments:
jvm_args: -Djava.awt.headless=true -Xmx1024M -Dfile.encoding=UTF-8 -Duser.country=US -Duser.language=en -Duser.variant 
java_command: com.android.dx.command.Main --dex --force-jumbo --num-threads=4 --output /home/lin/other/AndroidProjects/Radio/app/build/intermediates/pre-dexed/debug/com.android.support-recyclerview-v7-23.0.1_4d66548410a3b3ff8b552055a86666757e800a86.jar /home/lin/other/AndroidProjects/Radio/app/build/intermediates/exploded-aar/com.android.support/recyclerview-v7/23.0.1/jars/classes.jar
java_class_path (initial): /home/lin/Android/Sdk/build-tools/23.0.3/lib/dx.jar
Launcher Type: SUN_STANDARD

Environment Variables:
PATH=/usr/local/sbin:/usr/local/bin:/usr/sbin:/usr/bin:/sbin:/bin
USERNAME=root
LD_LIBRARY_PATH=/opt/android-studio/bin:
SHELL=/bin/bash
DISPLAY=:0.0

Signal Handlers:
SIGSEGV: [libjvm.so+0xac4790], sa_mask[0]=11111111011111111101111111111110, sa_flags=SA_RESTART|SA_SIGINFO
SIGBUS: [libjvm.so+0xac4790], sa_mask[0]=11111111011111111101111111111110, sa_flags=SA_RESTART|SA_SIGINFO
SIGFPE: [libjvm.so+0x91f140], sa_mask[0]=11111111011111111101111111111110, sa_flags=SA_RESTART|SA_SIGINFO
SIGPIPE: [libjvm.so+0x91f140], sa_mask[0]=11111111011111111101111111111110, sa_flags=SA_RESTART|SA_SIGINFO
SIGXFSZ: [libjvm.so+0x91f140], sa_mask[0]=11111111011111111101111111111110, sa_flags=SA_RESTART|SA_SIGINFO
SIGILL: [libjvm.so+0x91f140], sa_mask[0]=11111111011111111101111111111110, sa_flags=SA_RESTART|SA_SIGINFO
SIGUSR1: SIG_DFL, sa_mask[0]=00000000000000000000000000000000, sa_flags=none
SIGUSR2: [libjvm.so+0x920770], sa_mask[0]=00100000000000000000000000000000, sa_flags=SA_RESTART|SA_SIGINFO
SIGHUP: [libjvm.so+0x921b70], sa_mask[0]=11111111011111111101111111111110, sa_flags=SA_RESTART|SA_SIGINFO
SIGINT: [libjvm.so+0x921b70], sa_mask[0]=11111111011111111101111111111110, sa_flags=SA_RESTART|SA_SIGINFO
SIGTERM: [libjvm.so+0x921b70], sa_mask[0]=11111111011111111101111111111110, sa_flags=SA_RESTART|SA_SIGINFO
SIGQUIT: [libjvm.so+0x921b70], sa_mask[0]=11111111011111111101111111111110, sa_flags=SA_RESTART|SA_SIGINFO


---------------  S Y S T E M  ---------------

OS:DISTRIB_ID=Ubuntu
DISTRIB_RELEASE=12.04
DISTRIB_CODENAME=precise
DISTRIB_DESCRIPTION="Ubuntu 12.04.5 LTS"

uname:Linux 3.13.0-93-generic #140~precise1-Ubuntu SMP Tue Jul 19 19:55:11 UTC 2016 x86_64
libc:glibc 2.15 NPTL 2.15 
rlimit: STACK 8192k, CORE 0k, NPROC 22873, NOFILE 4096, AS infinity
load average:9.53 5.51 3.52

/proc/meminfo:
MemTotal:        2948840 kB
MemFree:          121548 kB
Buffers:           14732 kB
Cached:           434928 kB
SwapCached:        49568 kB
Active:          2050800 kB
Inactive:         614208 kB
Active(anon):    1898316 kB
Inactive(anon):   475220 kB
Active(file):     152484 kB
Inactive(file):   138988 kB
Unevictable:           0 kB
Mlocked:               0 kB
SwapTotal:       3008508 kB
SwapFree:        2761988 kB
Dirty:              9056 kB
Writeback:             0 kB
AnonPages:       2195708 kB
Mapped:           123456 kB
Shmem:            158184 kB
Slab:              72608 kB
SReclaimable:      44320 kB
SUnreclaim:        28288 kB
KernelStack:        4848 kB
PageTables:        35208 kB
NFS_Unstable:          0 kB
Bounce:                0 kB
WritebackTmp:          0 kB
CommitLimit:     4482928 kB
Committed_AS:    5500424 kB
VmallocTotal:   34359738367 kB
VmallocUsed:      346432 kB
VmallocChunk:   34359383644 kB
HardwareCorrupted:     0 kB
AnonHugePages:    903168 kB
HugePages_Total:       0
HugePages_Free:        0
HugePages_Rsvd:        0
HugePages_Surp:        0
Hugepagesize:       2048 kB
DirectMap4k:       65924 kB
DirectMap2M:     2945024 kB


CPU:total 2 (2 cores per cpu, 1 threads per core) family 6 model 15 stepping 13, cmov, cx8, fxsr, mmx, sse, sse2, sse3, ssse3, tsc

/proc/cpuinfo:
processor	: 0
vendor_id	: GenuineIntel
cpu family	: 6
model		: 15
model name	: Genuine Intel(R) CPU           T1600  @ 1.66GHz
stepping	: 13
microcode	: 0xa3
cpu MHz		: 1662.521
cache size	: 1024 KB
physical id	: 0
siblings	: 2
core id		: 0
cpu cores	: 2
apicid		: 0
initial apicid	: 0
fpu		: yes
fpu_exception	: yes
cpuid level	: 10
wp		: yes
flags		: fpu vme de pse tsc msr pae mce cx8 apic sep mtrr pge mca cmov pat pse36 clflush dts acpi mmx fxsr sse sse2 ss ht tm pbe syscall nx lm constant_tsc arch_perfmon pebs bts rep_good nopl aperfmperf pni dtes64 monitor ds_cpl tm2 ssse3 cx16 xtpr pdcm lahf_lm dtherm
bogomips	: 3325.04
clflush size	: 64
cache_alignment	: 64
address sizes	: 36 bits physical, 48 bits virtual
power management:

processor	: 1
vendor_id	: GenuineIntel
cpu family	: 6
model		: 15
model name	: Genuine Intel(R) CPU           T1600  @ 1.66GHz
stepping	: 13
microcode	: 0xa3
cpu MHz		: 1662.521
cache size	: 1024 KB
physical id	: 0
siblings	: 2
core id		: 1
cpu cores	: 2
apicid		: 1
initial apicid	: 1
fpu		: yes
fpu_exception	: yes
cpuid level	: 10
wp		: yes
flags		: fpu vme de pse tsc msr pae mce cx8 apic sep mtrr pge mca cmov pat pse36 clflush dts acpi mmx fxsr sse sse2 ss ht tm pbe syscall nx lm constant_tsc arch_perfmon pebs bts rep_good nopl aperfmperf pni dtes64 monitor ds_cpl tm2 ssse3 cx16 xtpr pdcm lahf_lm dtherm
bogomips	: 3325.04
clflush size	: 64
cache_alignment	: 64
address sizes	: 36 bits physical, 48 bits virtual
power management:



Memory: 4k page, physical 2948840k(121548k free), swap 3008508k(2761988k free)

vm_info: Java HotSpot(TM) 64-Bit Server VM (25.101-b13) for linux-amd64 JRE (1.8.0_101-b13), built on Jun 22 2016 02:59:44 by "java_re" with gcc 4.3.0 20080428 (Red Hat 4.3.0-8)

time: Mon Aug 29 23:22:53 2016
elapsed time: 14 seconds (0d 0h 0m 14s)

