#
# A fatal error has been detected by the Java Runtime Environment:
#
#  SIGSEGV (0xb) at pc=0x00007f1d9d018fa2, pid=17878, tid=0x00007f1d9a416700
#
# JRE version: Java(TM) SE Runtime Environment (8.0_101-b13) (build 1.8.0_101-b13)
# Java VM: Java HotSpot(TM) 64-Bit Server VM (25.101-b13 mixed mode linux-amd64 compressed oops)
# Problematic frame:
# j  java.util.ArrayList.add(Ljava/lang/Object;)Z+7
#
# Failed to write core dump. Core dumps have been disabled. To enable core dumping, try "ulimit -c unlimited" before starting Java again
#
# If you would like to submit a bug report, please visit:
#   http://bugreport.java.com/bugreport/crash.jsp
#

---------------  T H R E A D  ---------------

Current thread (0x00007f1dac14b000):  JavaThread "pool-1-thread-2" [_thread_in_Java, id=17914, stack(0x00007f1d9a316000,0x00007f1d9a417000)]

siginfo: si_signo: 11 (SIGSEGV), si_code: 2 (SEGV_ACCERR), si_addr: 0x0000000100211878

Registers:
RAX=0x0000000100211790, RBX=0x0000000100085408, RCX=0x0000000000000003, RDX=0x00000000eb304030
RSP=0x00007f1d9a414ea8, RBP=0x00007f1d9a414f00, RSI=0x00007f1d9a414e60, RDI=0x00007f1db13aaf40
R8 =0x0000000000000000, R9 =0x0000000000000001, R10=0x00007f1db47bcdc0, R11=0x00007f1d9d1a78e0
R12=0x0000000000000000, R13=0x00007f1db1215cda, R14=0x00007f1d9a414f18, R15=0x00007f1dac14b000
RIP=0x00007f1d9d018fa2, EFLAGS=0x0000000000010206, CSGSFS=0x0000000000000033, ERR=0x0000000000000004
  TRAPNO=0x000000000000000e

Top of Stack: (sp=0x00007f1d9a414ea8)
0x00007f1d9a414ea8:   00000000eb304128 0000000000000003
0x00007f1d9a414eb8:   00000000eb304030 00007f1d9a414ec0
0x00007f1d9a414ec8:   00007f1db1215cc7 00007f1d9a414f18
0x00007f1d9a414ed8:   00007f1db1217540 00007f1db13aabd0
0x00007f1d9a414ee8:   00007f1db1215ce8 0000000000000000
0x00007f1d9a414ef8:   00007f1d9a414f10 00007f1d9a414f60
0x00007f1d9a414f08:   00007f1d9d0077d0 00000000eb304128
0x00007f1d9a414f18:   00000000eb303cd8 00007f1d9a414f20
0x00007f1d9a414f28:   00007f1db1686aab 00007f1d9a414f80
0x00007f1d9a414f38:   00007f1db1687ec8 0000000000000000
0x00007f1d9a414f48:   00007f1db1686af8 00007f1d9a414f10
0x00007f1d9a414f58:   00007f1d9a414f70 00007f1d9a414fc8
0x00007f1d9a414f68:   00007f1d9d007ffd 000000000000000c
0x00007f1d9a414f78:   0000000000000003 00000000eb303c50
0x00007f1d9a414f88:   00007f1d9a414f88 00007f1db168679a
0x00007f1d9a414f98:   00007f1d9a414ff0 00007f1db1687ec8
0x00007f1d9a414fa8:   0000000000000000 00007f1db16867e8
0x00007f1d9a414fb8:   00007f1d9a414f70 00007f1d9a414fd8
0x00007f1d9a414fc8:   00007f1d9a415038 00007f1d9d007ffd
0x00007f1d9a414fd8:   0000000000000001 0000000000000003
0x00007f1d9a414fe8:   000000000000000c 00000000eb303c50
0x00007f1d9a414ff8:   00007f1d9a414ff8 00007f1db16807b4
0x00007f1d9a415008:   00007f1d9a415068 00007f1db1686cd8
0x00007f1d9a415018:   0000000000000000 00007f1db1680818
0x00007f1d9a415028:   00007f1d9a414fd8 00007f1d9a415058
0x00007f1d9a415038:   00007f1d9a4150b0 00007f1d9d007ffd
0x00007f1d9a415048:   0000000000000001 000000000000000c
0x00007f1d9a415058:   0000000000000003 00000000eb300760
0x00007f1d9a415068:   00000000eb303be0 00007f1d9a415070
0x00007f1d9a415078:   00007f1db167ed09 00007f1d9a415100
0x00007f1d9a415088:   00007f1db1686cd8 0000000000000000
0x00007f1d9a415098:   00007f1db167edb8 00007f1d9a415058 

Instructions: (pc=0x00007f1d9d018fa2)
0x00007f1d9d018f82:   0c 8b d9 0f 83 f5 95 ff ff 48 85 c0 0f 84 32 01
0x00007f1d9d018f92:   00 00 8b 58 08 48 c1 e3 03 8b 42 08 48 c1 e0 03
0x00007f1d9d018fa2:   48 8b 80 e8 00 00 00 48 8d 54 8a 10 48 8b 4d e0
0x00007f1d9d018fb2:   48 85 c9 0f 84 8a 00 00 00 48 8b 79 10 48 3b fb 

Register to memory mapping:

RAX=0x0000000100211790 is an unknown value
RBX=0x0000000100085408 is pointing into metadata
RCX=0x0000000000000003 is an unknown value
RDX=0x00000000eb304030 is an oop

[error occurred during error reporting (printing register info), id 0xb]

Stack: [0x00007f1d9a316000,0x00007f1d9a417000],  sp=0x00007f1d9a414ea8,  free space=1019k
Native frames: (J=compiled Java code, j=interpreted, Vv=VM code, C=native code)
j  java.util.ArrayList.add(Ljava/lang/Object;)Z+7
j  com.android.dx.ssa.InterferenceRegisterMapper.addInterfence(II)V+35
j  com.android.dx.ssa.InterferenceRegisterMapper.addMapping(III)V+10
j  com.android.dx.ssa.back.FirstFitLocalCombiningAllocator.addMapping(Lcom/android/dx/rop/code/RegisterSpec;I)V+52
j  com.android.dx.ssa.back.FirstFitLocalCombiningAllocator.handleLocalAssociatedParams()V+97
j  com.android.dx.ssa.back.FirstFitLocalCombiningAllocator.allocateRegisters()Lcom/android/dx/ssa/RegisterMapper;+5
j  com.android.dx.ssa.back.SsaToRop.convert()Lcom/android/dx/rop/code/RopMethod;+21
j  com.android.dx.ssa.back.SsaToRop.convertToRopMethod(Lcom/android/dx/ssa/SsaMethod;Z)Lcom/android/dx/rop/code/RopMethod;+9
j  com.android.dx.ssa.Optimizer.optimize(Lcom/android/dx/rop/code/RopMethod;IZZLcom/android/dx/rop/code/TranslationAdvice;Ljava/util/EnumSet;)Lcom/android/dx/rop/code/RopMethod;+30
j  com.android.dx.ssa.Optimizer.optimize(Lcom/android/dx/rop/code/RopMethod;IZZLcom/android/dx/rop/code/TranslationAdvice;)Lcom/android/dx/rop/code/RopMethod;+12
j  com.android.dx.dex.cf.CfTranslator.processMethods(Lcom/android/dx/cf/direct/DirectClassFile;Lcom/android/dx/dex/cf/CfOptions;Lcom/android/dx/dex/DexOptions;Lcom/android/dx/dex/file/ClassDefItem;Lcom/android/dx/dex/file/DexFile;)V+265
j  com.android.dx.dex.cf.CfTranslator.translate0(Lcom/android/dx/cf/direct/DirectClassFile;[BLcom/android/dx/dex/cf/CfOptions;Lcom/android/dx/dex/DexOptions;Lcom/android/dx/dex/file/DexFile;)Lcom/android/dx/dex/file/ClassDefItem;+120
j  com.android.dx.dex.cf.CfTranslator.translate(Lcom/android/dx/cf/direct/DirectClassFile;[BLcom/android/dx/dex/cf/CfOptions;Lcom/android/dx/dex/DexOptions;Lcom/android/dx/dex/file/DexFile;)Lcom/android/dx/dex/file/ClassDefItem;+6
j  com.android.dx.command.dexer.Main.translateClass([BLcom/android/dx/cf/direct/DirectClassFile;)Lcom/android/dx/dex/file/ClassDefItem;+17
j  com.android.dx.command.dexer.Main.access$2700([BLcom/android/dx/cf/direct/DirectClassFile;)Lcom/android/dx/dex/file/ClassDefItem;+2
j  com.android.dx.command.dexer.Main$ClassTranslatorTask.call()Lcom/android/dx/dex/file/ClassDefItem;+8
j  com.android.dx.command.dexer.Main$ClassTranslatorTask.call()Ljava/lang/Object;+1
j  java.util.concurrent.FutureTask.run()V+42
j  java.util.concurrent.ThreadPoolExecutor.runWorker(Ljava/util/concurrent/ThreadPoolExecutor$Worker;)V+95
j  java.util.concurrent.ThreadPoolExecutor$Worker.run()V+5
j  java.lang.Thread.run()V+11
v  ~StubRoutines::call_stub
V  [libjvm.so+0x68f6b6]  JavaCalls::call_helper(JavaValue*, methodHandle*, JavaCallArguments*, Thread*)+0x1056
V  [libjvm.so+0x68fbc1]  JavaCalls::call_virtual(JavaValue*, KlassHandle, Symbol*, Symbol*, JavaCallArguments*, Thread*)+0x321
V  [libjvm.so+0x690067]  JavaCalls::call_virtual(JavaValue*, Handle, KlassHandle, Symbol*, Symbol*, Thread*)+0x47
V  [libjvm.so+0x726fc0]  thread_entry(JavaThread*, Thread*)+0xa0
V  [libjvm.so+0xa7343f]  JavaThread::thread_main_inner()+0xdf
V  [libjvm.so+0xa7356c]  JavaThread::run()+0x11c
V  [libjvm.so+0x924698]  java_start(Thread*)+0x108
C  [libpthread.so.0+0x7e9a]  start_thread+0xda


---------------  P R O C E S S  ---------------

Java Threads: ( => current thread )
  0x00007f1dac14e000 JavaThread "pool-1-thread-4" [_thread_in_Java, id=17916, stack(0x00007f1d9a114000,0x00007f1d9a215000)]
=>0x00007f1dac14b000 JavaThread "pool-1-thread-2" [_thread_in_Java, id=17914, stack(0x00007f1d9a316000,0x00007f1d9a417000)]
  0x00007f1dac13c800 JavaThread "pool-2-thread-1" [_thread_blocked, id=17912, stack(0x00007f1d9a417000,0x00007f1d9a518000)]
  0x00007f1dac0c4000 JavaThread "Service Thread" daemon [_thread_blocked, id=17900, stack(0x00007f1d9a71a000,0x00007f1d9a81b000)]
  0x00007f1dac0b7800 JavaThread "C1 CompilerThread1" daemon [_thread_in_vm, id=17899, stack(0x00007f1d9a81b000,0x00007f1d9a91c000)]
  0x00007f1dac0b4800 JavaThread "C2 CompilerThread0" daemon [_thread_in_native, id=17898, stack(0x00007f1db007a000,0x00007f1db017b000)]
  0x00007f1dac0b3000 JavaThread "Signal Dispatcher" daemon [_thread_blocked, id=17897, stack(0x00007f1db017b000,0x00007f1db027c000)]
  0x00007f1dac080000 JavaThread "Finalizer" daemon [_thread_blocked, id=17896, stack(0x00007f1db027c000,0x00007f1db037d000)]
  0x00007f1dac07b800 JavaThread "Reference Handler" daemon [_thread_blocked, id=17895, stack(0x00007f1db037d000,0x00007f1db047e000)]
  0x00007f1dac00a000 JavaThread "main" [_thread_blocked, id=17884, stack(0x00007f1db52da000,0x00007f1db53db000)]

Other Threads:
  0x00007f1dac073800 VMThread [stack: 0x00007f1db047e000,0x00007f1db057f000] [id=17892]
  0x00007f1dac0c7000 WatcherThread [stack: 0x00007f1d9a619000,0x00007f1d9a71a000] [id=17901]

VM state:not at safepoint (normal execution)

VM Mutex/Monitor currently owned by a thread: None

Heap:
 PSYoungGen      total 13824K, used 8583K [0x00000000eab00000, 0x00000000eba00000, 0x0000000100000000)
  eden space 12288K, 69% used [0x00000000eab00000,0x00000000eb361cd0,0x00000000eb700000)
  from space 1536K, 0% used [0x00000000eb880000,0x00000000eb880000,0x00000000eba00000)
  to   space 1536K, 0% used [0x00000000eb700000,0x00000000eb700000,0x00000000eb880000)
 ParOldGen       total 31744K, used 0K [0x00000000c0000000, 0x00000000c1f00000, 0x00000000eab00000)
  object space 31744K, 0% used [0x00000000c0000000,0x00000000c0000000,0x00000000c1f00000)
 Metaspace       used 5257K, capacity 6384K, committed 6528K, reserved 1056768K
  class space    used 581K, capacity 616K, committed 640K, reserved 1048576K

Card table byte_map: [0x00007f1db1e9f000,0x00007f1db20a0000] byte_map_base: 0x00007f1db189f000

Marking Bits: (ParMarkBitMap*) 0x00007f1db47b6120
 Begin Bits: [0x00007f1d9b000000, 0x00007f1d9c000000)
 End Bits:   [0x00007f1d9c000000, 0x00007f1d9d000000)

Polling page: 0x00007f1db53f7000

CodeCache: size=245760Kb used=1702Kb max_used=1702Kb free=244057Kb
 bounds [0x00007f1d9d000000, 0x00007f1d9d270000, 0x00007f1dac000000]
 total_blobs=571 nmethods=306 adapters=181
 compilation: enabled

Compilation events (10 events):
Event: 2.658 Thread 0x00007f1dac0b7800 nmethod 291 0x00007f1d9d1a25d0 code [0x00007f1d9d1a2740, 0x00007f1d9d1a2948]
Event: 2.659 Thread 0x00007f1dac0b7800  290   !   3       com.android.dx.util.IntList::get (36 bytes)
Event: 2.659 Thread 0x00007f1dac0b7800 nmethod 290 0x00007f1d9d1a1e90 code [0x00007f1d9d1a2020, 0x00007f1d9d1a2398]
Event: 2.670 Thread 0x00007f1dac0b7800  293       3       java.util.Arrays::hashCode (56 bytes)
Event: 2.671 Thread 0x00007f1dac0b7800 nmethod 293 0x00007f1d9d1a1810 code [0x00007f1d9d1a19a0, 0x00007f1d9d1a1d28]
Event: 2.671 Thread 0x00007f1dac0b7800  292       3       com.android.dx.util.FixedSizeList::hashCode (8 bytes)
Event: 2.682 Thread 0x00007f1dac0b7800 nmethod 292 0x00007f1d9d1a1490 code [0x00007f1d9d1a1600, 0x00007f1d9d1a1788]
Event: 2.682 Thread 0x00007f1dac0b7800  294       3       java.util.ArrayList::ensureExplicitCapacity (26 bytes)
Event: 2.692 Thread 0x00007f1dac0b7800 nmethod 294 0x00007f1d9d1a7750 code [0x00007f1d9d1a78c0, 0x00007f1d9d1a7aa8]
Event: 2.692 Thread 0x00007f1dac0b7800  299       1       com.android.dx.rop.code.RegisterSpec::getLocalItem (5 bytes)

GC Heap History (0 events):
No events

Deoptimization events (1 events):
Event: 1.552 Thread 0x00007f1dac00a000 Uncommon trap: reason=unstable_if action=reinterpret pc=0x00007f1d9d150b84 method=java.lang.String.indexOf(II)I @ 49

Internal exceptions (2 events):
Event: 0.219 Thread 0x00007f1dac00a000 Exception <a 'java/lang/NoSuchMethodError': Method sun.misc.Unsafe.defineClass(Ljava/lang/String;[BII)Ljava/lang/Class; name or signature does not match> (0x00000000eab07cc0) thrown at [/HUDSON3/workspace/8-2-build-linux-amd64/jdk8u101/7261/hotspot/src/sh
Event: 0.219 Thread 0x00007f1dac00a000 Exception <a 'java/lang/NoSuchMethodError': Method sun.misc.Unsafe.prefetchRead(Ljava/lang/Object;J)V name or signature does not match> (0x00000000eab07fa8) thrown at [/HUDSON3/workspace/8-2-build-linux-amd64/jdk8u101/7261/hotspot/src/share/vm/prims/jni.c

Events (10 events):
Event: 2.650 loading class com/android/dx/dex/code/RopToDop done
Event: 2.666 loading class com/android/dx/dex/code/StdCatchBuilder
Event: 2.666 loading class com/android/dx/dex/code/StdCatchBuilder done
Event: 2.671 loading class com/android/dx/dex/code/DalvCode
Event: 2.671 loading class com/android/dx/dex/code/DalvCode done
Event: 2.672 loading class com/android/dx/dex/file/DebugInfoItem
Event: 2.672 loading class com/android/dx/dex/file/DebugInfoItem done
Event: 2.673 loading class java/io/PrintWriter
Event: 2.674 loading class java/io/PrintWriter done
Event: 2.679 Thread 0x00007f1dac13b000 Thread exited: 0x00007f1dac13b000


Dynamic libraries:
00400000-00401000 r-xp 00000000 08:01 3279757                            /usr/lib/jvm/java-8-oracle/bin/java
00600000-00601000 rw-p 00000000 08:01 3279757                            /usr/lib/jvm/java-8-oracle/bin/java
016e7000-01729000 rw-p 00000000 00:00 0                                  [heap]
c0000000-c1f00000 rw-p 00000000 00:00 0 
c1f00000-eab00000 ---p 00000000 00:00 0 
eab00000-eba00000 rw-p 00000000 00:00 0 
eba00000-100000000 ---p 00000000 00:00 0 
100000000-1000a0000 rw-p 00000000 00:00 0 
1000a0000-140000000 ---p 00000000 00:00 0 
7f1d5c000000-7f1d5c021000 rw-p 00000000 00:00 0 
7f1d5c021000-7f1d60000000 ---p 00000000 00:00 0 
7f1d64000000-7f1d64021000 rw-p 00000000 00:00 0 
7f1d64021000-7f1d68000000 ---p 00000000 00:00 0 
7f1d68000000-7f1d682b2000 rw-p 00000000 00:00 0 
7f1d682b2000-7f1d6c000000 ---p 00000000 00:00 0 
7f1d6c000000-7f1d6c021000 rw-p 00000000 00:00 0 
7f1d6c021000-7f1d70000000 ---p 00000000 00:00 0 
7f1d70000000-7f1d7003a000 rw-p 00000000 00:00 0 
7f1d7003a000-7f1d74000000 ---p 00000000 00:00 0 
7f1d74000000-7f1d74164000 rw-p 00000000 00:00 0 
7f1d74164000-7f1d78000000 ---p 00000000 00:00 0 
7f1d78000000-7f1d78021000 rw-p 00000000 00:00 0 
7f1d78021000-7f1d7c000000 ---p 00000000 00:00 0 
7f1d7c000000-7f1d7c021000 rw-p 00000000 00:00 0 
7f1d7c021000-7f1d80000000 ---p 00000000 00:00 0 
7f1d80000000-7f1d80106000 rw-p 00000000 00:00 0 
7f1d80106000-7f1d84000000 ---p 00000000 00:00 0 
7f1d84000000-7f1d84021000 rw-p 00000000 00:00 0 
7f1d84021000-7f1d88000000 ---p 00000000 00:00 0 
7f1d88000000-7f1d88021000 rw-p 00000000 00:00 0 
7f1d88021000-7f1d8c000000 ---p 00000000 00:00 0 
7f1d8c000000-7f1d8c021000 rw-p 00000000 00:00 0 
7f1d8c021000-7f1d90000000 ---p 00000000 00:00 0 
7f1d90000000-7f1d90021000 rw-p 00000000 00:00 0 
7f1d90021000-7f1d94000000 ---p 00000000 00:00 0 
7f1d94000000-7f1d94021000 rw-p 00000000 00:00 0 
7f1d94021000-7f1d98000000 ---p 00000000 00:00 0 
7f1d9a114000-7f1d9a117000 ---p 00000000 00:00 0 
7f1d9a117000-7f1d9a215000 rw-p 00000000 00:00 0                          [stack:17916]
7f1d9a215000-7f1d9a218000 ---p 00000000 00:00 0 
7f1d9a218000-7f1d9a316000 rw-p 00000000 00:00 0 
7f1d9a316000-7f1d9a319000 ---p 00000000 00:00 0 
7f1d9a319000-7f1d9a417000 rw-p 00000000 00:00 0                          [stack:17914]
7f1d9a417000-7f1d9a41a000 ---p 00000000 00:00 0 
7f1d9a41a000-7f1d9a518000 rw-p 00000000 00:00 0                          [stack:17912]
7f1d9a518000-7f1d9a51b000 ---p 00000000 00:00 0 
7f1d9a51b000-7f1d9a619000 rw-p 00000000 00:00 0 
7f1d9a619000-7f1d9a61a000 ---p 00000000 00:00 0 
7f1d9a61a000-7f1d9a71a000 rw-p 00000000 00:00 0                          [stack:17901]
7f1d9a71a000-7f1d9a71d000 ---p 00000000 00:00 0 
7f1d9a71d000-7f1d9a81b000 rw-p 00000000 00:00 0                          [stack:17900]
7f1d9a81b000-7f1d9a81e000 ---p 00000000 00:00 0 
7f1d9a81e000-7f1d9a91c000 rw-p 00000000 00:00 0                          [stack:17899]
7f1d9a91c000-7f1d9b000000 r--p 00000000 08:01 13113697                   /usr/lib/locale/locale-archive
7f1d9b000000-7f1d9d000000 rw-p 00000000 00:00 0 
7f1d9d000000-7f1d9d270000 rwxp 00000000 00:00 0 
7f1d9d270000-7f1dac000000 ---p 00000000 00:00 0 
7f1dac000000-7f1dac38f000 rw-p 00000000 00:00 0 
7f1dac38f000-7f1db0000000 ---p 00000000 00:00 0 
7f1db007a000-7f1db007d000 ---p 00000000 00:00 0 
7f1db007d000-7f1db017b000 rw-p 00000000 00:00 0                          [stack:17898]
7f1db017b000-7f1db017e000 ---p 00000000 00:00 0 
7f1db017e000-7f1db027c000 rw-p 00000000 00:00 0                          [stack:17897]
7f1db027c000-7f1db027f000 ---p 00000000 00:00 0 
7f1db027f000-7f1db037d000 rw-p 00000000 00:00 0                          [stack:17896]
7f1db037d000-7f1db0380000 ---p 00000000 00:00 0 
7f1db0380000-7f1db047e000 rw-p 00000000 00:00 0                          [stack:17895]
7f1db047e000-7f1db047f000 ---p 00000000 00:00 0 
7f1db047f000-7f1db0ef8000 rw-p 00000000 00:00 0                          [stack:17892]
7f1db0ef8000-7f1db10d1000 r--s 03d29000 08:01 13118676                   /usr/lib/jvm/java-8-oracle/jre/lib/rt.jar
7f1db10d1000-7f1db1707000 rw-p 00000000 00:00 0 
7f1db1707000-7f1db1947000 ---p 00000000 00:00 0 
7f1db1947000-7f1db1b47000 rw-p 00000000 00:00 0 
7f1db1b47000-7f1db1b48000 ---p 00000000 00:00 0 
7f1db1b48000-7f1db1c48000 rw-p 00000000 00:00 0                          [stack:17890]
7f1db1c48000-7f1db1c49000 ---p 00000000 00:00 0 
7f1db1c49000-7f1db1d59000 rw-p 00000000 00:00 0                          [stack:17889]
7f1db1d59000-7f1db1e9f000 ---p 00000000 00:00 0 
7f1db1e9f000-7f1db1eaf000 rw-p 00000000 00:00 0 
7f1db1eaf000-7f1db1ff4000 ---p 00000000 00:00 0 
7f1db1ff4000-7f1db1ffc000 rw-p 00000000 00:00 0 
7f1db1ffc000-7f1db209f000 ---p 00000000 00:00 0 
7f1db209f000-7f1db20aa000 rw-p 00000000 00:00 0 
7f1db20aa000-7f1db2460000 ---p 00000000 00:00 0 
7f1db2460000-7f1db247a000 r-xp 00000000 08:01 13766358                   /usr/lib/jvm/java-8-oracle/jre/lib/amd64/libzip.so
7f1db247a000-7f1db267a000 ---p 0001a000 08:01 13766358                   /usr/lib/jvm/java-8-oracle/jre/lib/amd64/libzip.so
7f1db267a000-7f1db267b000 rw-p 0001a000 08:01 13766358                   /usr/lib/jvm/java-8-oracle/jre/lib/amd64/libzip.so
7f1db267b000-7f1db2686000 r-xp 00000000 08:01 2621673                    /lib/x86_64-linux-gnu/libnss_files-2.15.so
7f1db2686000-7f1db2885000 ---p 0000b000 08:01 2621673                    /lib/x86_64-linux-gnu/libnss_files-2.15.so
7f1db2885000-7f1db2886000 r--p 0000a000 08:01 2621673                    /lib/x86_64-linux-gnu/libnss_files-2.15.so
7f1db2886000-7f1db2887000 rw-p 0000b000 08:01 2621673                    /lib/x86_64-linux-gnu/libnss_files-2.15.so
7f1db2887000-7f1db2891000 r-xp 00000000 08:01 2621658                    /lib/x86_64-linux-gnu/libnss_nis-2.15.so
7f1db2891000-7f1db2a91000 ---p 0000a000 08:01 2621658                    /lib/x86_64-linux-gnu/libnss_nis-2.15.so
7f1db2a91000-7f1db2a92000 r--p 0000a000 08:01 2621658                    /lib/x86_64-linux-gnu/libnss_nis-2.15.so
7f1db2a92000-7f1db2a93000 rw-p 0000b000 08:01 2621658                    /lib/x86_64-linux-gnu/libnss_nis-2.15.so
7f1db2a93000-7f1db2aaa000 r-xp 00000000 08:01 2621667                    /lib/x86_64-linux-gnu/libnsl-2.15.so
7f1db2aaa000-7f1db2ca9000 ---p 00017000 08:01 2621667                    /lib/x86_64-linux-gnu/libnsl-2.15.so
7f1db2ca9000-7f1db2caa000 r--p 00016000 08:01 2621667                    /lib/x86_64-linux-gnu/libnsl-2.15.so
7f1db2caa000-7f1db2cab000 rw-p 00017000 08:01 2621667                    /lib/x86_64-linux-gnu/libnsl-2.15.so
7f1db2cab000-7f1db2cad000 rw-p 00000000 00:00 0 
7f1db2cad000-7f1db2cb5000 r-xp 00000000 08:01 2621672                    /lib/x86_64-linux-gnu/libnss_compat-2.15.so
7f1db2cb5000-7f1db2eb4000 ---p 00008000 08:01 2621672                    /lib/x86_64-linux-gnu/libnss_compat-2.15.so
7f1db2eb4000-7f1db2eb5000 r--p 00007000 08:01 2621672                    /lib/x86_64-linux-gnu/libnss_compat-2.15.so
7f1db2eb5000-7f1db2eb6000 rw-p 00008000 08:01 2621672                    /lib/x86_64-linux-gnu/libnss_compat-2.15.so
7f1db2eb6000-7f1db2ee0000 r-xp 00000000 08:01 13766323                   /usr/lib/jvm/java-8-oracle/jre/lib/amd64/libjava.so
7f1db2ee0000-7f1db30e0000 ---p 0002a000 08:01 13766323                   /usr/lib/jvm/java-8-oracle/jre/lib/amd64/libjava.so
7f1db30e0000-7f1db30e2000 rw-p 0002a000 08:01 13766323                   /usr/lib/jvm/java-8-oracle/jre/lib/amd64/libjava.so
7f1db30e2000-7f1db30ef000 r-xp 00000000 08:01 13766361                   /usr/lib/jvm/java-8-oracle/jre/lib/amd64/libverify.so
7f1db30ef000-7f1db32ef000 ---p 0000d000 08:01 13766361                   /usr/lib/jvm/java-8-oracle/jre/lib/amd64/libverify.so
7f1db32ef000-7f1db32f1000 rw-p 0000d000 08:01 13766361                   /usr/lib/jvm/java-8-oracle/jre/lib/amd64/libverify.so
7f1db32f1000-7f1db32f8000 r-xp 00000000 08:01 2621660                    /lib/x86_64-linux-gnu/librt-2.15.so
7f1db32f8000-7f1db34f7000 ---p 00007000 08:01 2621660                    /lib/x86_64-linux-gnu/librt-2.15.so
7f1db34f7000-7f1db34f8000 r--p 00006000 08:01 2621660                    /lib/x86_64-linux-gnu/librt-2.15.so
7f1db34f8000-7f1db34f9000 rw-p 00007000 08:01 2621660                    /lib/x86_64-linux-gnu/librt-2.15.so
7f1db34f9000-7f1db35f4000 r-xp 00000000 08:01 2621674                    /lib/x86_64-linux-gnu/libm-2.15.so
7f1db35f4000-7f1db37f3000 ---p 000fb000 08:01 2621674                    /lib/x86_64-linux-gnu/libm-2.15.so
7f1db37f3000-7f1db37f4000 r--p 000fa000 08:01 2621674                    /lib/x86_64-linux-gnu/libm-2.15.so
7f1db37f4000-7f1db37f5000 rw-p 000fb000 08:01 2621674                    /lib/x86_64-linux-gnu/libm-2.15.so
7f1db37f5000-7f1db44c0000 r-xp 00000000 08:01 13894575                   /usr/lib/jvm/java-8-oracle/jre/lib/amd64/server/libjvm.so
7f1db44c0000-7f1db46bf000 ---p 00ccb000 08:01 13894575                   /usr/lib/jvm/java-8-oracle/jre/lib/amd64/server/libjvm.so
7f1db46bf000-7f1db4798000 rw-p 00cca000 08:01 13894575                   /usr/lib/jvm/java-8-oracle/jre/lib/amd64/server/libjvm.so
7f1db4798000-7f1db47e3000 rw-p 00000000 00:00 0 
7f1db47e3000-7f1db4997000 r-xp 00000000 08:01 2621665                    /lib/x86_64-linux-gnu/libc-2.15.so
7f1db4997000-7f1db4b96000 ---p 001b4000 08:01 2621665                    /lib/x86_64-linux-gnu/libc-2.15.so
7f1db4b96000-7f1db4b9a000 r--p 001b3000 08:01 2621665                    /lib/x86_64-linux-gnu/libc-2.15.so
7f1db4b9a000-7f1db4b9c000 rw-p 001b7000 08:01 2621665                    /lib/x86_64-linux-gnu/libc-2.15.so
7f1db4b9c000-7f1db4ba1000 rw-p 00000000 00:00 0 
7f1db4ba1000-7f1db4ba3000 r-xp 00000000 08:01 2621657                    /lib/x86_64-linux-gnu/libdl-2.15.so
7f1db4ba3000-7f1db4da3000 ---p 00002000 08:01 2621657                    /lib/x86_64-linux-gnu/libdl-2.15.so
7f1db4da3000-7f1db4da4000 r--p 00002000 08:01 2621657                    /lib/x86_64-linux-gnu/libdl-2.15.so
7f1db4da4000-7f1db4da5000 rw-p 00003000 08:01 2621657                    /lib/x86_64-linux-gnu/libdl-2.15.so
7f1db4da5000-7f1db4dba000 r-xp 00000000 08:01 2627921                    /usr/lib/jvm/java-8-oracle/lib/amd64/jli/libjli.so
7f1db4dba000-7f1db4fba000 ---p 00015000 08:01 2627921                    /usr/lib/jvm/java-8-oracle/lib/amd64/jli/libjli.so
7f1db4fba000-7f1db4fbb000 rw-p 00015000 08:01 2627921                    /usr/lib/jvm/java-8-oracle/lib/amd64/jli/libjli.so
7f1db4fbb000-7f1db4fd3000 r-xp 00000000 08:01 2621668                    /lib/x86_64-linux-gnu/libpthread-2.15.so
7f1db4fd3000-7f1db51d2000 ---p 00018000 08:01 2621668                    /lib/x86_64-linux-gnu/libpthread-2.15.so
7f1db51d2000-7f1db51d3000 r--p 00017000 08:01 2621668                    /lib/x86_64-linux-gnu/libpthread-2.15.so
7f1db51d3000-7f1db51d4000 rw-p 00018000 08:01 2621668                    /lib/x86_64-linux-gnu/libpthread-2.15.so
7f1db51d4000-7f1db51d8000 rw-p 00000000 00:00 0 
7f1db51d8000-7f1db51fa000 r-xp 00000000 08:01 2621671                    /lib/x86_64-linux-gnu/ld-2.15.so
7f1db51ff000-7f1db52da000 rw-p 00000000 00:00 0 
7f1db52da000-7f1db52dd000 ---p 00000000 00:00 0 
7f1db52dd000-7f1db53df000 rw-p 00000000 00:00 0                          [stack:17884]
7f1db53df000-7f1db53ee000 r--s 000df000 08:01 9309217                    /home/lin/Android/Sdk/build-tools/23.0.3/lib/dx.jar
7f1db53ee000-7f1db53f6000 rw-s 00000000 08:01 4850482                    /tmp/hsperfdata_root/17878
7f1db53f6000-7f1db53f7000 rw-p 00000000 00:00 0 
7f1db53f7000-7f1db53f8000 r--p 00000000 00:00 0 
7f1db53f8000-7f1db53fa000 rw-p 00000000 00:00 0 
7f1db53fa000-7f1db53fb000 r--p 00022000 08:01 2621671                    /lib/x86_64-linux-gnu/ld-2.15.so
7f1db53fb000-7f1db53fd000 rw-p 00023000 08:01 2621671                    /lib/x86_64-linux-gnu/ld-2.15.so
7fffef57e000-7fffef59f000 rw-p 00000000 00:00 0                          [stack]
7fffef5fb000-7fffef5fd000 r-xp 00000000 00:00 0                          [vdso]
ffffffffff600000-ffffffffff601000 r-xp 00000000 00:00 0                  [vsyscall]

VM Arguments:
jvm_args: -Djava.awt.headless=true -Xmx1024M -Dfile.encoding=UTF-8 -Duser.country=US -Duser.language=en -Duser.variant 
java_command: com.android.dx.command.Main --dex --force-jumbo --num-threads=4 --output /home/lin/other/AndroidProjects/Radio/app/build/intermediates/pre-dexed/debug/io.apptik.widget-multislider-1.2_581037131a7bb60b51af06a9149cd3065ef50610.jar /home/lin/other/AndroidProjects/Radio/app/build/intermediates/exploded-aar/io.apptik.widget/multislider/1.2/jars/classes.jar
java_class_path (initial): /home/lin/Android/Sdk/build-tools/23.0.3/lib/dx.jar
Launcher Type: SUN_STANDARD

Environment Variables:
PATH=/usr/local/sbin:/usr/local/bin:/usr/sbin:/usr/bin:/sbin:/bin
USERNAME=root
LD_LIBRARY_PATH=/opt/android-studio/bin:
SHELL=/bin/bash
DISPLAY=:0.0

Signal Handlers:
SIGSEGV: [libjvm.so+0xac4790], sa_mask[0]=11111111011111111101111111111110, sa_flags=SA_RESTART|SA_SIGINFO
SIGBUS: [libjvm.so+0xac4790], sa_mask[0]=11111111011111111101111111111110, sa_flags=SA_RESTART|SA_SIGINFO
SIGFPE: [libjvm.so+0x91f140], sa_mask[0]=11111111011111111101111111111110, sa_flags=SA_RESTART|SA_SIGINFO
SIGPIPE: [libjvm.so+0x91f140], sa_mask[0]=11111111011111111101111111111110, sa_flags=SA_RESTART|SA_SIGINFO
SIGXFSZ: [libjvm.so+0x91f140], sa_mask[0]=11111111011111111101111111111110, sa_flags=SA_RESTART|SA_SIGINFO
SIGILL: [libjvm.so+0x91f140], sa_mask[0]=11111111011111111101111111111110, sa_flags=SA_RESTART|SA_SIGINFO
SIGUSR1: SIG_DFL, sa_mask[0]=00000000000000000000000000000000, sa_flags=none
SIGUSR2: [libjvm.so+0x920770], sa_mask[0]=00100000000000000000000000000000, sa_flags=SA_RESTART|SA_SIGINFO
SIGHUP: [libjvm.so+0x921b70], sa_mask[0]=11111111011111111101111111111110, sa_flags=SA_RESTART|SA_SIGINFO
SIGINT: [libjvm.so+0x921b70], sa_mask[0]=11111111011111111101111111111110, sa_flags=SA_RESTART|SA_SIGINFO
SIGTERM: [libjvm.so+0x921b70], sa_mask[0]=11111111011111111101111111111110, sa_flags=SA_RESTART|SA_SIGINFO
SIGQUIT: [libjvm.so+0x921b70], sa_mask[0]=11111111011111111101111111111110, sa_flags=SA_RESTART|SA_SIGINFO


---------------  S Y S T E M  ---------------

OS:DISTRIB_ID=Ubuntu
DISTRIB_RELEASE=12.04
DISTRIB_CODENAME=precise
DISTRIB_DESCRIPTION="Ubuntu 12.04.5 LTS"

uname:Linux 3.13.0-93-generic #140~precise1-Ubuntu SMP Tue Jul 19 19:55:11 UTC 2016 x86_64
libc:glibc 2.15 NPTL 2.15 
rlimit: STACK 8192k, CORE 0k, NPROC 22873, NOFILE 4096, AS infinity
load average:7.21 5.94 3.88

/proc/meminfo:
MemTotal:        2948840 kB
MemFree:          164868 kB
Buffers:           16020 kB
Cached:           460920 kB
SwapCached:        49808 kB
Active:          2033452 kB
Inactive:         588156 kB
Active(anon):    1827360 kB
Inactive(anon):   474592 kB
Active(file):     206092 kB
Inactive(file):   113564 kB
Unevictable:           0 kB
Mlocked:               0 kB
SwapTotal:       3008508 kB
SwapFree:        2762020 kB
Dirty:             10996 kB
Writeback:             0 kB
AnonPages:       2124960 kB
Mapped:           123272 kB
Shmem:            157236 kB
Slab:              72220 kB
SReclaimable:      43964 kB
SUnreclaim:        28256 kB
KernelStack:        4920 kB
PageTables:        35060 kB
NFS_Unstable:          0 kB
Bounce:                0 kB
WritebackTmp:          0 kB
CommitLimit:     4482928 kB
Committed_AS:    5461416 kB
VmallocTotal:   34359738367 kB
VmallocUsed:      346432 kB
VmallocChunk:   34359383644 kB
HardwareCorrupted:     0 kB
AnonHugePages:    870400 kB
HugePages_Total:       0
HugePages_Free:        0
HugePages_Rsvd:        0
HugePages_Surp:        0
Hugepagesize:       2048 kB
DirectMap4k:       65924 kB
DirectMap2M:     2945024 kB


CPU:total 2 (2 cores per cpu, 1 threads per core) family 6 model 15 stepping 13, cmov, cx8, fxsr, mmx, sse, sse2, sse3, ssse3, tsc

/proc/cpuinfo:
processor	: 0
vendor_id	: GenuineIntel
cpu family	: 6
model		: 15
model name	: Genuine Intel(R) CPU           T1600  @ 1.66GHz
stepping	: 13
microcode	: 0xa3
cpu MHz		: 1662.521
cache size	: 1024 KB
physical id	: 0
siblings	: 2
core id		: 0
cpu cores	: 2
apicid		: 0
initial apicid	: 0
fpu		: yes
fpu_exception	: yes
cpuid level	: 10
wp		: yes
flags		: fpu vme de pse tsc msr pae mce cx8 apic sep mtrr pge mca cmov pat pse36 clflush dts acpi mmx fxsr sse sse2 ss ht tm pbe syscall nx lm constant_tsc arch_perfmon pebs bts rep_good nopl aperfmperf pni dtes64 monitor ds_cpl tm2 ssse3 cx16 xtpr pdcm lahf_lm dtherm
bogomips	: 3325.04
clflush size	: 64
cache_alignment	: 64
address sizes	: 36 bits physical, 48 bits virtual
power management:

processor	: 1
vendor_id	: GenuineIntel
cpu family	: 6
model		: 15
model name	: Genuine Intel(R) CPU           T1600  @ 1.66GHz
stepping	: 13
microcode	: 0xa3
cpu MHz		: 1662.521
cache size	: 1024 KB
physical id	: 0
siblings	: 2
core id		: 1
cpu cores	: 2
apicid		: 1
initial apicid	: 1
fpu		: yes
fpu_exception	: yes
cpuid level	: 10
wp		: yes
flags		: fpu vme de pse tsc msr pae mce cx8 apic sep mtrr pge mca cmov pat pse36 clflush dts acpi mmx fxsr sse sse2 ss ht tm pbe syscall nx lm constant_tsc arch_perfmon pebs bts rep_good nopl aperfmperf pni dtes64 monitor ds_cpl tm2 ssse3 cx16 xtpr pdcm lahf_lm dtherm
bogomips	: 3325.04
clflush size	: 64
cache_alignment	: 64
address sizes	: 36 bits physical, 48 bits virtual
power management:



Memory: 4k page, physical 2948840k(164868k free), swap 3008508k(2762020k free)

vm_info: Java HotSpot(TM) 64-Bit Server VM (25.101-b13) for linux-amd64 JRE (1.8.0_101-b13), built on Jun 22 2016 02:59:44 by "java_re" with gcc 4.3.0 20080428 (Red Hat 4.3.0-8)

time: Mon Aug 29 23:24:27 2016
elapsed time: 2 seconds (0d 0h 0m 2s)

