#
# A fatal error has been detected by the Java Runtime Environment:
#
#  SIGILL (0x4) at pc=0x00007fdaa528a289, pid=14037, tid=0x00007fdaa4719700
#
# JRE version: Java(TM) SE Runtime Environment (8.0_101-b13) (build 1.8.0_101-b13)
# Java VM: Java HotSpot(TM) 64-Bit Server VM (25.101-b13 mixed mode linux-amd64 compressed oops)
# Problematic frame:
# J 734 C1 com.android.dx.ssa.LocalVariableExtractor.processBlock(I)V (383 bytes) @ 0x00007fdaa528a289 [0x00007fdaa528a140+0x149]
#
# Failed to write core dump. Core dumps have been disabled. To enable core dumping, try "ulimit -c unlimited" before starting Java again
#
# If you would like to submit a bug report, please visit:
#   http://bugreport.java.com/bugreport/crash.jsp
#

---------------  T H R E A D  ---------------

Current thread (0x00007fdab416c800):  JavaThread "pool-1-thread-2" [_thread_in_Java, id=14056, stack(0x00007fdaa4619000,0x00007fdaa471a000)]

siginfo: si_signo: 4 (SIGILL), si_code: 2 (ILL_ILLOPN), si_addr: 0x00007fdaa528a289

Registers:
RAX=0x00000000eaded618, RBX=0x0000000000000004, RCX=0x0000000000000000, RDX=0x0000000100082b58
RSP=0x00007fdaa4717ff0, RBP=0x00007fdaa47181b8, RSI=0x0000000000000020, RDI=0x0000000000000004
R8 =0x00000000eaded5d0, R9 =0xfffffffffffffff8, R10=0x00007fdabcac9ca0, R11=0x00007fdaa528a160
R12=0x0000000000000000, R13=0x00007fdaa4718168, R14=0x00007fdaa47181d0, R15=0x00007fdab416c800
RIP=0x00007fdaa528a289, EFLAGS=0x0000000000010202, CSGSFS=0x0000000000000033, ERR=0x0000000000000000
  TRAPNO=0x0000000000000006

Top of Stack: (sp=0x00007fdaa4717ff0)
0x00007fdaa4717ff0:   ffffffffffffffff 0000000000000006
0x00007fdaa4718000:   00007fdab416c800 0000000000000001
0x00007fdaa4718010:   00007fdaa4718060 00007fdabc14a0da
0x00007fdaa4718020:   00000001000851f8 00000004b9968e70
0x00007fdaa4718030:   0000000000000000 00007fdab9973c70
0x00007fdaa4718040:   00007fdab416c800 0000000000000008
0x00007fdaa4718050:   00007fdab9973c70 00007fdab416c800
0x00007fdaa4718060:   00007fdaa47180d0 00000000eaded500
0x00007fdaa4718070:   00007fda00000005 00007fdab416c800
0x00007fdaa4718080:   00007fdab9973c70 00007fdab9973c70
0x00007fdaa4718090:   00007fdab416c800 00007fdaa4718098
0x00007fdaa47180a0:   00007fdab416c800 00007fdaa47180e8
0x00007fdaa47180b0:   00000000000000bd 0000000000000000
0x00007fdaa47180c0:   00007fdaa4718130 00007fdaa5007ffd
0x00007fdaa47180d0:   00007fdaa4718130 00007fdaa5007ffd
0x00007fdaa47180e0:   00007fdaa5007ffd 00000000eaded540
0x00007fdaa47180f0:   00007fdaa47180f0 00007fdab997438a
0x00007fdaa4718100:   00007fdaa4718150 00007fdab9974d88
0x00007fdaa4718110:   0000000000000000 00007fdab99743c8
0x00007fdaa4718120:   00007fdaa4718120 00007fdab99635f0
0x00007fdaa4718130:   00007fdaa4718170 00007fdab9968e70
0x00007fdaa4718140:   0000000000000000 00007fdab9963608
0x00007fdaa4718150:   00007fdaa47181b8 00007fdaa5007ffd
0x00007fdaa4718160:   00007fdaa5007ffd 0000000000000005
0x00007fdaa4718170:   00000000eaded500 00007fdaa4718178
0x00007fdaa4718180:   00007fdab99730a8 00007fdaa47181d0
0x00007fdaa4718190:   00007fdab9973568 0000000000000000
0x00007fdaa47181a0:   00007fdab99730f0 00007fdaa4718168
0x00007fdaa47181b0:   00007fdaa47181d0 00007fdaa4718218
0x00007fdaa47181c0:   00007fdaa5007d80 0000000000000005
0x00007fdaa47181d0:   00000000eaded500 00007fdaa47181d8
0x00007fdaa47181e0:   00007fdab9972eca 00007fdaa4718230 

Instructions: (pc=0x00007fdaa528a289)
0x00007fdaa528a269:   49 8b 47 60 48 8d 34 30 49 3b 77 70 0f 87 5f 0b
0x00007fdaa528a279:   00 00 49 89 77 60 48 2b f0 4c c7 00 01 00 00 00
0x00007fdaa528a289:   48 8f ca 48 c1 e9 03 89 48 08 89 58 0c 48 83 ee
0x00007fdaa528a299:   10 0f 84 11 00 00 00 48 33 df 48 c1 ee 03 48 89 

Register to memory mapping:

RAX=0x00000000eaded618 is an oop
