#
# A fatal error has been detected by the Java Runtime Environment:
#
#  SIGSEGV (0xb) at pc=0x00007f1244b05200, pid=19620, tid=0x00007f125ab3a700
#
# JRE version: Java(TM) SE Runtime Environment (8.0_101-b13) (build 1.8.0_101-b13)
# Java VM: Java HotSpot(TM) 64-Bit Server VM (25.101-b13 mixed mode linux-amd64 compressed oops)
# Problematic frame:
# 
[error occurred during error reporting (printing problematic frame), id 0xb]

# Failed to write core dump. Core dumps have been disabled. To enable core dumping, try "ulimit -c unlimited" before starting Java again
#
# If you would like to submit a bug report, please visit:
#   http://bugreport.java.com/bugreport/crash.jsp
#

---------------  T H R E A D  ---------------

Current thread (0x00007f125400a000):  JavaThread "main" [_thread_in_Java, id=19623, stack(0x00007f125aa3a000,0x00007f125ab3b000)]

siginfo: si_signo: 11 (SIGSEGV), si_code: 2 (SEGV_ACCERR), si_addr: 0x00007f12417fce40

Registers:
RAX=0x00007f1241810e40, RBX=0x00007f1241810e40, RCX=0x00000000eac81960, RDX=0x0000000000000000
RSP=0x00007f125ab39058, RBP=0x00007f125ab390b8, RSI=0x00000000eac81960, RDI=0x00000000000000d4
R8 =0x0000000000000024, R9 =0x0000000000000030, R10=0x00007f1259f18d00, R11=0x00007f1244b05200
R12=0x0000000000000000, R13=0x00007f125ab39070, R14=0x0000000000000000, R15=0x00007f125400a000
RIP=0x00007f1244b05200, EFLAGS=0x0000000000010206, CSGSFS=0x0000000000000033, ERR=0x0000000000000007
  TRAPNO=0x000000000000000e

Top of Stack: (sp=0x00007f125ab39058)
0x00007f125ab39058:   00007f12449d4e54 0000000000000000
0x00007f125ab39068:   00007f12449d4e54 00000000eac81960
0x00007f125ab39078:   00007f125ab39078 00007f1241810241
0x00007f125ab39088:   00007f125ab390d8 00007f12418b8a20
0x00007f125ab39098:   0000000000000000 00007f1241810268
0x00007f125ab390a8:   00007f125ab39070 00007f125ab390c8
0x00007f125ab390b8:   00007f125ab39120 00007f12449d4d80
0x00007f125ab390c8:   00000000eab0a628 00000000eac81960
0x00007f125ab390d8:   00000000eac7e230 00007f125ab390e0
0x00007f125ab390e8:   00007f1241c38bef 00007f125ab39138
0x00007f125ab390f8:   00007f1241c39228 0000000000000000
0x00007f125ab39108:   00007f1241c38c28 00007f125ab390c8
0x00007f125ab39118:   00007f125ab39130 00007f125ab39180
0x00007f125ab39128:   00007f12449d4a40 00000000eac7d468
0x00007f125ab39138:   00000000eac7e230 00007f125ab39140
0x00007f125ab39148:   00007f1241c390da 00007f125ab39198
0x00007f125ab39158:   00007f1241c39228 0000000000000000
0x00007f125ab39168:   00007f1241c39100 00007f125ab39130
0x00007f125ab39178:   00007f125ab39190 00007f125ab391e0
0x00007f125ab39188:   00007f12449d4a40 00000000eac7d468
0x00007f125ab39198:   00000000eac7e230 00007f125ab391a0
0x00007f125ab391a8:   00007f1241c3ac28 00007f125ab39200
0x00007f125ab391b8:   00007f1241c3adb0 0000000000000000
0x00007f125ab391c8:   00007f1241c3ac58 00007f125ab39190
0x00007f125ab391d8:   00007f125ab391f0 00007f125ab39248
0x00007f125ab391e8:   00007f12449d4a40 00000000eac7d380
0x00007f125ab391f8:   00000000eac7e130 00000000eac817c0
0x00007f125ab39208:   00007f125ab39208 00007f1241c3ace9
0x00007f125ab39218:   00007f125ab39268 00007f1241c3adb0
0x00007f125ab39228:   0000000000000000 00007f1241c3ad00
0x00007f125ab39238:   00007f125ab391f0 00007f125ab39258
0x00007f125ab39248:   00007f125ab392b0 00007f12449d4a85 

Instructions: (pc=0x00007f1244b05200)
0x00007f1244b051e0:   44 8b 56 08 49 c1 e2 03 4c 3b d0 0f 85 6f d9 f0
0x00007f1244b051f0:   ff 66 66 66 0f 1f 84 00 00 00 00 00 66 66 66 90
0x00007f1244b05200:   89 84 20 00 c0 fe ff 55 48 83 e8 30 48 b8 f8 8e
0x00007f1244b05210:   ab 41 12 7f 00 00 8b b8 dc 00 00 00 83 c7 08 89 

Register to memory mapping:

RAX={method} {0x00007f1241810e40} 'toString' '()Ljava/lang/String;' in 'java/lang/String'
RBX={method} {0x00007f1241810e40} 'toString' '()Ljava/lang/String;' in 'java/lang/String'
RCX=0x00000000eac81960 is an oop
java.lang.String 
 - klass: 'java/lang/String'
RDX=0x0000000000000000 is an unknown value
RSP=0x00007f125ab39058 is pointing into the stack for thread: 0x00007f125400a000
RBP=0x00007f125ab390b8 is pointing into the stack for thread: 0x00007f125400a000
RSI=0x00000000eac81960 is an oop
java.lang.String 
 - klass: 'java/lang/String'
RDI=0x00000000000000d4 is an unknown value
R8 =0x0000000000000024 is an unknown value
R9 =0x0000000000000030 is an unknown value
R10=0x00007f1259f18d00: <offset 0xfc3d00> in /usr/lib/jvm/java-8-oracle/jre/lib/amd64/server/libjvm.so at 0x00007f1258f55000
R11=0x00007f1244b05200 is at entry_point+-262112 in (nmethod*)0x00007f1244b05090

[error occurred during error reporting (printing register info), id 0xb]

Stack: [0x00007f125aa3a000,0x00007f125ab3b000],  sp=0x00007f125ab39058,  free space=1020k
Native frames: (J=compiled Java code, j=interpreted, Vv=VM code, C=native code)

[error occurred during error reporting (printing native stack), id 0xb]


---------------  P R O C E S S  ---------------

Java Threads: ( => current thread )
  0x00007f12540cc000 JavaThread "Service Thread" daemon [_thread_blocked, id=19634, stack(0x00007f1223dfe000,0x00007f1223eff000)]
  0x00007f12540b7800 JavaThread "C1 CompilerThread1" daemon [_thread_blocked, id=19633, stack(0x00007f1223eff000,0x00007f1224000000)]
  0x00007f12540b4800 JavaThread "C2 CompilerThread0" daemon [_thread_blocked, id=19632, stack(0x00007f12400f0000,0x00007f12401f1000)]
  0x00007f12540b3000 JavaThread "Signal Dispatcher" daemon [_thread_blocked, id=19631, stack(0x00007f12401f1000,0x00007f12402f2000)]
  0x00007f1254080000 JavaThread "Finalizer" daemon [_thread_blocked, id=19630, stack(0x00007f12409d6000,0x00007f1240ad7000)]
  0x00007f125407b800 JavaThread "Reference Handler" daemon [_thread_blocked, id=19629, stack(0x00007f1240ad7000,0x00007f1240bd8000)]
=>0x00007f125400a000 JavaThread "main" [_thread_in_Java, id=19623, stack(0x00007f125aa3a000,0x00007f125ab3b000)]

Other Threads:
  0x00007f1254073800 VMThread [stack: 0x00007f1240bd8000,0x00007f1240cd9000] [id=19628]
  0x00007f12540cf000 WatcherThread [stack: 0x00007f1223cfd000,0x00007f1223dfe000] [id=19635]

VM state:not at safepoint (normal execution)

VM Mutex/Monitor currently owned by a thread: None

Heap:
 PSYoungGen      total 13824K, used 2030K [0x00000000eab00000, 0x00000000eba00000, 0x0000000100000000)
  eden space 12288K, 16% used [0x00000000eab00000,0x00000000eacfbb98,0x00000000eb700000)
  from space 1536K, 0% used [0x00000000eb880000,0x00000000eb880000,0x00000000eba00000)
  to   space 1536K, 0% used [0x00000000eb700000,0x00000000eb700000,0x00000000eb880000)
 ParOldGen       total 31744K, used 0K [0x00000000c0000000, 0x00000000c1f00000, 0x00000000eab00000)
  object space 31744K, 0% used [0x00000000c0000000,0x00000000c0000000,0x00000000c1f00000)
 Metaspace       used 3303K, capacity 4720K, committed 4864K, reserved 1056768K
  class space    used 359K, capacity 424K, committed 512K, reserved 1048576K

Card table byte_map: [0x00007f124440c000,0x00007f124460d000] byte_map_base: 0x00007f1243e0c000

Marking Bits: (ParMarkBitMap*) 0x00007f1259f16120
 Begin Bits: [0x00007f124220a000, 0x00007f124320a000)
 End Bits:   [0x00007f124320a000, 0x00007f124420a000)

Polling page: 0x00007f125ab57000

CodeCache: size=245760Kb used=1249Kb max_used=1249Kb free=244510Kb
 bounds [0x00007f12449cd000, 0x00007f1244c3d000, 0x00007f12539cd000]
 total_blobs=326 nmethods=86 adapters=156
 compilation: enabled

Compilation events (10 events):
Event: 2.145 Thread 0x00007f12540b7800   86       3       java.util.regex.Matcher::search (109 bytes)
Event: 2.145 Thread 0x00007f12540b7800 nmethod 86 0x00007f1244b04290 code [0x00007f1244b04420, 0x00007f1244b04828]
Event: 2.145 Thread 0x00007f12540b7800   82       3       java.lang.Math::max (11 bytes)
Event: 2.145 Thread 0x00007f12540b7800 nmethod 82 0x00007f1244b04990 code [0x00007f1244b04b00, 0x00007f1244b04c90]
Event: 2.145 Thread 0x00007f12540b7800   83       3       java.util.regex.Pattern::has (15 bytes)
Event: 2.146 Thread 0x00007f12540b7800 nmethod 83 0x00007f1244b04d10 code [0x00007f1244b04e80, 0x00007f1244b05030]
Event: 2.146 Thread 0x00007f12540b7800   85       3       java.lang.String::toString (2 bytes)
Event: 2.146 Thread 0x00007f12540b7800 nmethod 85 0x00007f1244b05090 code [0x00007f1244b051e0, 0x00007f1244b05330]
Event: 2.146 Thread 0x00007f12540b7800   81       1       java.util.zip.ZipEntry::getName (5 bytes)
Event: 2.146 Thread 0x00007f12540b7800 nmethod 81 0x00007f1244b05390 code [0x00007f1244b054e0, 0x00007f1244b055f0]

GC Heap History (0 events):
No events

Deoptimization events (0 events):
No events

Internal exceptions (2 events):
Event: 0.381 Thread 0x00007f125400a000 Exception <a 'java/lang/NoSuchMethodError': Method sun.misc.Unsafe.defineClass(Ljava/lang/String;[BII)Ljava/lang/Class; name or signature does not match> (0x00000000eab07cc0) thrown at [/HUDSON3/workspace/8-2-build-linux-amd64/jdk8u101/7261/hotspot/src/sh
Event: 0.381 Thread 0x00007f125400a000 Exception <a 'java/lang/NoSuchMethodError': Method sun.misc.Unsafe.prefetchRead(Ljava/lang/Object;J)V name or signature does not match> (0x00000000eab07fa8) thrown at [/HUDSON3/workspace/8-2-build-linux-amd64/jdk8u101/7261/hotspot/src/share/vm/prims/jni.c

Events (10 events):
Event: 2.071 loading class java/util/regex/Pattern$SliceNode done
Event: 2.071 loading class java/util/regex/Pattern$Slice done
Event: 2.071 loading class java/util/regex/Pattern$BnM
Event: 2.071 loading class java/util/regex/Pattern$BnM done
Event: 2.071 loading class java/util/regex/Pattern$SliceS
Event: 2.071 loading class java/util/regex/Pattern$SliceS done
Event: 2.072 loading class java/util/regex/Matcher
Event: 2.072 loading class java/util/regex/MatchResult
Event: 2.072 loading class java/util/regex/MatchResult done
Event: 2.099 loading class java/util/regex/Matcher done


Dynamic libraries:
00400000-00401000 r-xp 00000000 08:01 3279757                            /usr/lib/jvm/java-8-oracle/bin/java
00600000-00601000 rw-p 00000000 08:01 3279757                            /usr/lib/jvm/java-8-oracle/bin/java
00e22000-00e43000 rw-p 00000000 00:00 0                                  [heap]
c0000000-c1f00000 rw-p 00000000 00:00 0 
c1f00000-eab00000 ---p 00000000 00:00 0 
eab00000-eba00000 rw-p 00000000 00:00 0 
eba00000-100000000 ---p 00000000 00:00 0 
100000000-100080000 rw-p 00000000 00:00 0 
100080000-140000000 ---p 00000000 00:00 0 
7f1214000000-7f1214021000 rw-p 00000000 00:00 0 
7f1214021000-7f1218000000 ---p 00000000 00:00 0 
7f1218000000-7f1218021000 rw-p 00000000 00:00 0 
7f1218021000-7f121c000000 ---p 00000000 00:00 0 
7f121c000000-7f121c196000 rw-p 00000000 00:00 0 
7f121c196000-7f1220000000 ---p 00000000 00:00 0 
7f1223cfd000-7f1223cfe000 ---p 00000000 00:00 0 
7f1223cfe000-7f1223dfe000 rw-p 00000000 00:00 0                          [stack:19635]
7f1223dfe000-7f1223e01000 ---p 00000000 00:00 0 
7f1223e01000-7f1223eff000 rw-p 00000000 00:00 0                          [stack:19634]
7f1223eff000-7f1223f02000 ---p 00000000 00:00 0 
7f1223f02000-7f1224000000 rw-p 00000000 00:00 0                          [stack:19633]
7f1224000000-7f1224021000 rw-p 00000000 00:00 0 
7f1224021000-7f1228000000 ---p 00000000 00:00 0 
7f1228000000-7f122804e000 rw-p 00000000 00:00 0 
7f122804e000-7f122c000000 ---p 00000000 00:00 0 
7f122c000000-7f122c021000 rw-p 00000000 00:00 0 
7f122c021000-7f1230000000 ---p 00000000 00:00 0 
7f1230000000-7f1230021000 rw-p 00000000 00:00 0 
7f1230021000-7f1234000000 ---p 00000000 00:00 0 
7f1234000000-7f1234021000 rw-p 00000000 00:00 0 
7f1234021000-7f1238000000 ---p 00000000 00:00 0 
7f1238000000-7f1238021000 rw-p 00000000 00:00 0 
7f1238021000-7f123c000000 ---p 00000000 00:00 0 
7f123c000000-7f123c021000 rw-p 00000000 00:00 0 
7f123c021000-7f1240000000 ---p 00000000 00:00 0 
7f12400f0000-7f12400f3000 ---p 00000000 00:00 0 
7f12400f3000-7f12401f1000 rw-p 00000000 00:00 0                          [stack:19632]
7f12401f1000-7f12401f4000 ---p 00000000 00:00 0 
7f12401f4000-7f12402f2000 rw-p 00000000 00:00 0                          [stack:19631]
7f12402f2000-7f12409d6000 r--p 00000000 08:01 13113697                   /usr/lib/locale/locale-archive
7f12409d6000-7f12409d9000 ---p 00000000 00:00 0 
7f12409d9000-7f1240ad7000 rw-p 00000000 00:00 0                          [stack:19630]
7f1240ad7000-7f1240ada000 ---p 00000000 00:00 0 
7f1240ada000-7f1240bd8000 rw-p 00000000 00:00 0                          [stack:19629]
7f1240bd8000-7f1240bd9000 ---p 00000000 00:00 0 
7f1240bd9000-7f1241631000 rw-p 00000000 00:00 0                          [stack:19628]
7f1241631000-7f124180a000 r--s 03d29000 08:01 13118676                   /usr/lib/jvm/java-8-oracle/jre/lib/rt.jar
7f124180a000-7f1241c4a000 rw-p 00000000 00:00 0 
7f1241c4a000-7f124200a000 ---p 00000000 00:00 0 
7f124200a000-7f124420a000 rw-p 00000000 00:00 0 
7f124420a000-7f124420b000 ---p 00000000 00:00 0 
7f124420b000-7f124430b000 rw-p 00000000 00:00 0                          [stack:19627]
7f124430b000-7f124430c000 ---p 00000000 00:00 0 
7f124430c000-7f124441c000 rw-p 00000000 00:00 0                          [stack:19626]
7f124441c000-7f1244561000 ---p 00000000 00:00 0 
7f1244561000-7f1244569000 rw-p 00000000 00:00 0 
7f1244569000-7f124460c000 ---p 00000000 00:00 0 
7f124460c000-7f1244617000 rw-p 00000000 00:00 0 
7f1244617000-7f12449cd000 ---p 00000000 00:00 0 
7f12449cd000-7f1244c3d000 rwxp 00000000 00:00 0 
7f1244c3d000-7f12539cd000 ---p 00000000 00:00 0 
7f12539cd000-7f12539e7000 r-xp 00000000 08:01 13766358                   /usr/lib/jvm/java-8-oracle/jre/lib/amd64/libzip.so
7f12539e7000-7f1253be7000 ---p 0001a000 08:01 13766358                   /usr/lib/jvm/java-8-oracle/jre/lib/amd64/libzip.so
7f1253be7000-7f1253be8000 rw-p 0001a000 08:01 13766358                   /usr/lib/jvm/java-8-oracle/jre/lib/amd64/libzip.so
7f1253be8000-7f1253bf3000 r-xp 00000000 08:01 2621673                    /lib/x86_64-linux-gnu/libnss_files-2.15.so
7f1253bf3000-7f1253df2000 ---p 0000b000 08:01 2621673                    /lib/x86_64-linux-gnu/libnss_files-2.15.so
7f1253df2000-7f1253df3000 r--p 0000a000 08:01 2621673                    /lib/x86_64-linux-gnu/libnss_files-2.15.so
7f1253df3000-7f1253df4000 rw-p 0000b000 08:01 2621673                    /lib/x86_64-linux-gnu/libnss_files-2.15.so
7f1253df4000-7f1253dfe000 r-xp 00000000 08:01 2621658                    /lib/x86_64-linux-gnu/libnss_nis-2.15.so
7f1253dfe000-7f1253ffe000 ---p 0000a000 08:01 2621658                    /lib/x86_64-linux-gnu/libnss_nis-2.15.so
7f1253ffe000-7f1253fff000 r--p 0000a000 08:01 2621658                    /lib/x86_64-linux-gnu/libnss_nis-2.15.so
7f1253fff000-7f1254000000 rw-p 0000b000 08:01 2621658                    /lib/x86_64-linux-gnu/libnss_nis-2.15.so
7f1254000000-7f1254397000 rw-p 00000000 00:00 0 
7f1254397000-7f1258000000 ---p 00000000 00:00 0 
7f1258006000-7f12580ad000 rw-p 00000000 00:00 0 
7f12580ad000-7f12581f3000 ---p 00000000 00:00 0 
7f12581f3000-7f125820a000 r-xp 00000000 08:01 2621667                    /lib/x86_64-linux-gnu/libnsl-2.15.so
7f125820a000-7f1258409000 ---p 00017000 08:01 2621667                    /lib/x86_64-linux-gnu/libnsl-2.15.so
7f1258409000-7f125840a000 r--p 00016000 08:01 2621667                    /lib/x86_64-linux-gnu/libnsl-2.15.so
7f125840a000-7f125840b000 rw-p 00017000 08:01 2621667                    /lib/x86_64-linux-gnu/libnsl-2.15.so
7f125840b000-7f125840d000 rw-p 00000000 00:00 0 
7f125840d000-7f1258415000 r-xp 00000000 08:01 2621672                    /lib/x86_64-linux-gnu/libnss_compat-2.15.so
7f1258415000-7f1258614000 ---p 00008000 08:01 2621672                    /lib/x86_64-linux-gnu/libnss_compat-2.15.so
7f1258614000-7f1258615000 r--p 00007000 08:01 2621672                    /lib/x86_64-linux-gnu/libnss_compat-2.15.so
7f1258615000-7f1258616000 rw-p 00008000 08:01 2621672                    /lib/x86_64-linux-gnu/libnss_compat-2.15.so
7f1258616000-7f1258640000 r-xp 00000000 08:01 13766323                   /usr/lib/jvm/java-8-oracle/jre/lib/amd64/libjava.so
7f1258640000-7f1258840000 ---p 0002a000 08:01 13766323                   /usr/lib/jvm/java-8-oracle/jre/lib/amd64/libjava.so
7f1258840000-7f1258842000 rw-p 0002a000 08:01 13766323                   /usr/lib/jvm/java-8-oracle/jre/lib/amd64/libjava.so
7f1258842000-7f125884f000 r-xp 00000000 08:01 13766361                   /usr/lib/jvm/java-8-oracle/jre/lib/amd64/libverify.so
7f125884f000-7f1258a4f000 ---p 0000d000 08:01 13766361                   /usr/lib/jvm/java-8-oracle/jre/lib/amd64/libverify.so
7f1258a4f000-7f1258a51000 rw-p 0000d000 08:01 13766361                   /usr/lib/jvm/java-8-oracle/jre/lib/amd64/libverify.so
7f1258a51000-7f1258a58000 r-xp 00000000 08:01 2621660                    /lib/x86_64-linux-gnu/librt-2.15.so
7f1258a58000-7f1258c57000 ---p 00007000 08:01 2621660                    /lib/x86_64-linux-gnu/librt-2.15.so
7f1258c57000-7f1258c58000 r--p 00006000 08:01 2621660                    /lib/x86_64-linux-gnu/librt-2.15.so
7f1258c58000-7f1258c59000 rw-p 00007000 08:01 2621660                    /lib/x86_64-linux-gnu/librt-2.15.so
7f1258c59000-7f1258d54000 r-xp 00000000 08:01 2621674                    /lib/x86_64-linux-gnu/libm-2.15.so
7f1258d54000-7f1258f53000 ---p 000fb000 08:01 2621674                    /lib/x86_64-linux-gnu/libm-2.15.so
7f1258f53000-7f1258f54000 r--p 000fa000 08:01 2621674                    /lib/x86_64-linux-gnu/libm-2.15.so
7f1258f54000-7f1258f55000 rw-p 000fb000 08:01 2621674                    /lib/x86_64-linux-gnu/libm-2.15.so
7f1258f55000-7f1259c20000 r-xp 00000000 08:01 13894575                   /usr/lib/jvm/java-8-oracle/jre/lib/amd64/server/libjvm.so
7f1259c20000-7f1259e1f000 ---p 00ccb000 08:01 13894575                   /usr/lib/jvm/java-8-oracle/jre/lib/amd64/server/libjvm.so
7f1259e1f000-7f1259ef8000 rw-p 00cca000 08:01 13894575                   /usr/lib/jvm/java-8-oracle/jre/lib/amd64/server/libjvm.so
7f1259ef8000-7f1259f43000 rw-p 00000000 00:00 0 
7f1259f43000-7f125a0f7000 r-xp 00000000 08:01 2621665                    /lib/x86_64-linux-gnu/libc-2.15.so
7f125a0f7000-7f125a2f6000 ---p 001b4000 08:01 2621665                    /lib/x86_64-linux-gnu/libc-2.15.so
7f125a2f6000-7f125a2fa000 r--p 001b3000 08:01 2621665                    /lib/x86_64-linux-gnu/libc-2.15.so
7f125a2fa000-7f125a2fc000 rw-p 001b7000 08:01 2621665                    /lib/x86_64-linux-gnu/libc-2.15.so
7f125a2fc000-7f125a301000 rw-p 00000000 00:00 0 
7f125a301000-7f125a303000 r-xp 00000000 08:01 2621657                    /lib/x86_64-linux-gnu/libdl-2.15.so
7f125a303000-7f125a503000 ---p 00002000 08:01 2621657                    /lib/x86_64-linux-gnu/libdl-2.15.so
7f125a503000-7f125a504000 r--p 00002000 08:01 2621657                    /lib/x86_64-linux-gnu/libdl-2.15.so
7f125a504000-7f125a505000 rw-p 00003000 08:01 2621657                    /lib/x86_64-linux-gnu/libdl-2.15.so
7f125a505000-7f125a51a000 r-xp 00000000 08:01 2627921                    /usr/lib/jvm/java-8-oracle/lib/amd64/jli/libjli.so
7f125a51a000-7f125a71a000 ---p 00015000 08:01 2627921                    /usr/lib/jvm/java-8-oracle/lib/amd64/jli/libjli.so
7f125a71a000-7f125a71b000 rw-p 00015000 08:01 2627921                    /usr/lib/jvm/java-8-oracle/lib/amd64/jli/libjli.so
7f125a71b000-7f125a733000 r-xp 00000000 08:01 2621668                    /lib/x86_64-linux-gnu/libpthread-2.15.so
7f125a733000-7f125a932000 ---p 00018000 08:01 2621668                    /lib/x86_64-linux-gnu/libpthread-2.15.so
7f125a932000-7f125a933000 r--p 00017000 08:01 2621668                    /lib/x86_64-linux-gnu/libpthread-2.15.so
7f125a933000-7f125a934000 rw-p 00018000 08:01 2621668                    /lib/x86_64-linux-gnu/libpthread-2.15.so
7f125a934000-7f125a938000 rw-p 00000000 00:00 0 
7f125a938000-7f125a95a000 r-xp 00000000 08:01 2621671                    /lib/x86_64-linux-gnu/ld-2.15.so
7f125a95f000-7f125a961000 r--s 00003000 08:01 9830568                    /home/lin/Android/Sdk/extras/android/m2repository/com/android/support/support-annotations/23.4.0/support-annotations-23.4.0.jar
7f125a961000-7f125aa3a000 rw-p 00000000 00:00 0 
7f125aa3a000-7f125aa3d000 ---p 00000000 00:00 0 
7f125aa3d000-7f125ab3f000 rw-p 00000000 00:00 0                          [stack:19623]
7f125ab3f000-7f125ab4e000 r--s 000df000 08:01 9309217                    /home/lin/Android/Sdk/build-tools/23.0.3/lib/dx.jar
7f125ab4e000-7f125ab56000 rw-s 00000000 08:01 4850485                    /tmp/hsperfdata_root/19620
7f125ab56000-7f125ab57000 rw-p 00000000 00:00 0 
7f125ab57000-7f125ab58000 r--p 00000000 00:00 0 
7f125ab58000-7f125ab5a000 rw-p 00000000 00:00 0 
7f125ab5a000-7f125ab5b000 r--p 00022000 08:01 2621671                    /lib/x86_64-linux-gnu/ld-2.15.so
7f125ab5b000-7f125ab5d000 rw-p 00023000 08:01 2621671                    /lib/x86_64-linux-gnu/ld-2.15.so
7fffe5426000-7fffe5447000 rw-p 00000000 00:00 0                          [stack]
7fffe54f8000-7fffe54fa000 r-xp 00000000 00:00 0                          [vdso]
ffffffffff600000-ffffffffff601000 r-xp 00000000 00:00 0                  [vsyscall]

VM Arguments:
jvm_args: -Djava.awt.headless=true -Xmx1024M -Dfile.encoding=UTF-8 -Duser.country=US -Duser.language=en -Duser.variant 
java_command: com.android.dx.command.Main --dex --force-jumbo --num-threads=4 --output /home/lin/other/AndroidProjects/Radio/app/build/intermediates/pre-dexed/debug/support-annotations-23.4.0_8a3743f88299966ba5208e4b28fd47736bbe96c3.jar /home/lin/Android/Sdk/extras/android/m2repository/com/android/support/support-annotations/23.4.0/support-annotations-23.4.0.jar
java_class_path (initial): /home/lin/Android/Sdk/build-tools/23.0.3/lib/dx.jar
Launcher Type: SUN_STANDARD

Environment Variables:
PATH=/usr/local/sbin:/usr/local/bin:/usr/sbin:/usr/bin:/sbin:/bin
USERNAME=root
LD_LIBRARY_PATH=/opt/android-studio/bin:
SHELL=/bin/bash
DISPLAY=:0.0

Signal Handlers:
SIGSEGV: [libjvm.so+0xac4790], sa_mask[0]=11111111011111111101111111111110, sa_flags=SA_RESTART|SA_SIGINFO
SIGBUS: [libjvm.so+0xac4790], sa_mask[0]=11111111011111111101111111111110, sa_flags=SA_RESTART|SA_SIGINFO
SIGFPE: [libjvm.so+0x91f140], sa_mask[0]=11111111011111111101111111111110, sa_flags=SA_RESTART|SA_SIGINFO
SIGPIPE: [libjvm.so+0x91f140], sa_mask[0]=11111111011111111101111111111110, sa_flags=SA_RESTART|SA_SIGINFO
SIGXFSZ: [libjvm.so+0x91f140], sa_mask[0]=11111111011111111101111111111110, sa_flags=SA_RESTART|SA_SIGINFO
SIGILL: [libjvm.so+0x91f140], sa_mask[0]=11111111011111111101111111111110, sa_flags=SA_RESTART|SA_SIGINFO
SIGUSR1: SIG_DFL, sa_mask[0]=00000000000000000000000000000000, sa_flags=none
SIGUSR2: [libjvm.so+0x920770], sa_mask[0]=00100000000000000000000000000000, sa_flags=SA_RESTART|SA_SIGINFO
SIGHUP: [libjvm.so+0x921b70], sa_mask[0]=11111111011111111101111111111110, sa_flags=SA_RESTART|SA_SIGINFO
SIGINT: [libjvm.so+0x921b70], sa_mask[0]=11111111011111111101111111111110, sa_flags=SA_RESTART|SA_SIGINFO
SIGTERM: [libjvm.so+0x921b70], sa_mask[0]=11111111011111111101111111111110, sa_flags=SA_RESTART|SA_SIGINFO
SIGQUIT: [libjvm.so+0x921b70], sa_mask[0]=11111111011111111101111111111110, sa_flags=SA_RESTART|SA_SIGINFO


---------------  S Y S T E M  ---------------

OS:DISTRIB_ID=Ubuntu
DISTRIB_RELEASE=12.04
DISTRIB_CODENAME=precise
DISTRIB_DESCRIPTION="Ubuntu 12.04.5 LTS"

uname:Linux 3.13.0-93-generic #140~precise1-Ubuntu SMP Tue Jul 19 19:55:11 UTC 2016 x86_64
libc:glibc 2.15 NPTL 2.15 
rlimit: STACK 8192k, CORE 0k, NPROC 22873, NOFILE 4096, AS infinity
load average:10.13 7.63 5.94

/proc/meminfo:
MemTotal:        2948840 kB
MemFree:          327388 kB
Buffers:           16216 kB
Cached:           420548 kB
SwapCached:        41136 kB
Active:          1843108 kB
Inactive:         621576 kB
Active(anon):    1679976 kB
Inactive(anon):   491104 kB
Active(file):     163132 kB
Inactive(file):   130472 kB
Unevictable:           0 kB
Mlocked:               0 kB
SwapTotal:       3008508 kB
SwapFree:        2750616 kB
Dirty:               684 kB
Writeback:             0 kB
AnonPages:       2016528 kB
Mapped:           119788 kB
Shmem:            143128 kB
Slab:              68956 kB
SReclaimable:      40820 kB
SUnreclaim:        28136 kB
KernelStack:        4504 kB
PageTables:        33280 kB
NFS_Unstable:          0 kB
Bounce:                0 kB
WritebackTmp:          0 kB
CommitLimit:     4482928 kB
Committed_AS:    4969668 kB
VmallocTotal:   34359738367 kB
VmallocUsed:      346432 kB
VmallocChunk:   34359383644 kB
HardwareCorrupted:     0 kB
AnonHugePages:    978944 kB
HugePages_Total:       0
HugePages_Free:        0
HugePages_Rsvd:        0
HugePages_Surp:        0
Hugepagesize:       2048 kB
DirectMap4k:       65924 kB
DirectMap2M:     2945024 kB


CPU:total 2 (2 cores per cpu, 1 threads per core) family 6 model 15 stepping 13, cmov, cx8, fxsr, mmx, sse, sse2, sse3, ssse3, tsc

/proc/cpuinfo:
processor	: 0
vendor_id	: GenuineIntel
cpu family	: 6
model		: 15
model name	: Genuine Intel(R) CPU           T1600  @ 1.66GHz
stepping	: 13
microcode	: 0xa3
cpu MHz		: 1662.521
cache size	: 1024 KB
physical id	: 0
siblings	: 2
core id		: 0
cpu cores	: 2
apicid		: 0
initial apicid	: 0
fpu		: yes
fpu_exception	: yes
cpuid level	: 10
wp		: yes
flags		: fpu vme de pse tsc msr pae mce cx8 apic sep mtrr pge mca cmov pat pse36 clflush dts acpi mmx fxsr sse sse2 ss ht tm pbe syscall nx lm constant_tsc arch_perfmon pebs bts rep_good nopl aperfmperf pni dtes64 monitor ds_cpl tm2 ssse3 cx16 xtpr pdcm lahf_lm dtherm
bogomips	: 3325.04
clflush size	: 64
cache_alignment	: 64
address sizes	: 36 bits physical, 48 bits virtual
power management:

processor	: 1
vendor_id	: GenuineIntel
cpu family	: 6
model		: 15
model name	: Genuine Intel(R) CPU           T1600  @ 1.66GHz
stepping	: 13
microcode	: 0xa3
cpu MHz		: 1662.521
cache size	: 1024 KB
physical id	: 0
siblings	: 2
core id		: 1
cpu cores	: 2
apicid		: 1
initial apicid	: 1
fpu		: yes
fpu_exception	: yes
cpuid level	: 10
wp		: yes
flags		: fpu vme de pse tsc msr pae mce cx8 apic sep mtrr pge mca cmov pat pse36 clflush dts acpi mmx fxsr sse sse2 ss ht tm pbe syscall nx lm constant_tsc arch_perfmon pebs bts rep_good nopl aperfmperf pni dtes64 monitor ds_cpl tm2 ssse3 cx16 xtpr pdcm lahf_lm dtherm
bogomips	: 3325.04
clflush size	: 64
cache_alignment	: 64
address sizes	: 36 bits physical, 48 bits virtual
power management:



Memory: 4k page, physical 2948840k(327388k free), swap 3008508k(2750616k free)

vm_info: Java HotSpot(TM) 64-Bit Server VM (25.101-b13) for linux-amd64 JRE (1.8.0_101-b13), built on Jun 22 2016 02:59:44 by "java_re" with gcc 4.3.0 20080428 (Red Hat 4.3.0-8)

time: Mon Aug 29 23:35:14 2016
elapsed time: 2 seconds (0d 0h 0m 2s)

