#
# A fatal error has been detected by the Java Runtime Environment:
#
#  SIGSEGV (0xb) at pc=0x00007f32b90229e2, pid=3298, tid=0x00007f327ffff700
#
# JRE version: Java(TM) SE Runtime Environment (8.0_101-b13) (build 1.8.0_101-b13)
# Java VM: Java HotSpot(TM) 64-Bit Server VM (25.101-b13 mixed mode linux-amd64 compressed oops)
# Problematic frame:
# j  com.android.dx.ssa.SsaMethod.mapRegisters(Lcom/android/dx/ssa/RegisterMapper;)V+18
#
# Failed to write core dump. Core dumps have been disabled. To enable core dumping, try "ulimit -c unlimited" before starting Java again
#
# If you would like to submit a bug report, please visit:
#   http://bugreport.java.com/bugreport/crash.jsp
#

---------------  T H R E A D  ---------------

Current thread (0x00007f32c8151800):  JavaThread "pool-1-thread-4" [_thread_in_Java, id=3326, stack(0x00007f327feff000,0x00007f3280000000)]

siginfo: si_signo: 11 (SIGSEGV), si_code: 2 (SEGV_ACCERR), si_addr: 0x00000001002835f0

Registers:
RAX=0x00000001000835c0, RBX=0x00000001002835c0, RCX=0x0000000000000030, RDX=0x00000000c03049c8
RSP=0x00007f327fffdfe0, RBP=0x00007f327fffe020, RSI=0x00000000c02bcaf8, RDI=0x0000000000000000
R8 =0x0000000000000109, R9 =0x00000000c0333dd0, R10=0x00007f32ce612dc0, R11=0x000000000000010a
R12=0x0000000000000000, R13=0x00007f32b63e8697, R14=0x00007f327fffe058, R15=0x00007f32c8151800
RIP=0x00007f32b90229e2, EFLAGS=0x0000000000010206, CSGSFS=0x0000000000000033, ERR=0x0000000000000004
  TRAPNO=0x000000000000000e

Top of Stack: (sp=0x00007f327fffdfe0)
0x00007f327fffdfe0:   00007f327fffdfe0 00007f32b63e8692
0x00007f327fffdff0:   00007f327fffe058 00007f32b63ed510
0x00007f327fffe000:   0000000000000000 00007f32b63e8730
0x00007f327fffe010:   0000000000000000 00007f327fffe050
0x00007f327fffe020:   00007f327fffe0a0 00007f32b9007ffd
0x00007f327fffe030:   00000000c03064f0 00000000eab162e0
0x00007f327fffe040:   00000000c0306458 00000000c02bcaf8
0x00007f327fffe050:   00000000c02bcad8 00000000c02bca98
0x00007f327fffe060:   00007f327fffe060 00007f32b641972d
0x00007f327fffe070:   00007f327fffe0c8 00007f32b6420ba0
0x00007f327fffe080:   0000000000000000 00007f32b64197b0
0x00007f327fffe090:   00007f327fffe050 00007f327fffe0c8
0x00007f327fffe0a0:   00007f327fffe110 00007f32b9007d80
0x00007f327fffe0b0:   0000000000000000 00000000c02bcad8
0x00007f327fffe0c0:   00000000c02bcb98 00000000c02bcb80
0x00007f327fffe0d0:   00007f327fffe0d0 00007f32b6419589
0x00007f327fffe0e0:   00007f327fffe128 00007f32b6420ba0
0x00007f327fffe0f0:   0000000000000000 00007f32b64195b0
0x00007f327fffe100:   00007f327fffe0c8 00007f327fffe120
0x00007f327fffe110:   00007f327fffe170 00007f32b9007d80
0x00007f327fffe120:   0000000000000000 00000000c02bca98
0x00007f327fffe130:   00007f327fffe130 00007f32b63e27ee
0x00007f327fffe140:   00007f327fffe1b8 00007f32b63e30c8
0x00007f327fffe150:   0000000000000000 00007f32b63e2888
0x00007f327fffe160:   00007f327fffe120 00007f327fffe190
0x00007f327fffe170:   00007f327fffe200 00007f32b9007d80
0x00007f327fffe180:   0000000000000000 00000000c02bca98
0x00007f327fffe190:   00000000c02bcbf8 00000000eb7b4008
0x00007f327fffe1a0:   0000000000000001 0000000000000000
0x00007f327fffe1b0:   0000000000000004 00000000c02bcbd8
0x00007f327fffe1c0:   00007f327fffe1c0 00007f32b63e26fc
0x00007f327fffe1d0:   00007f327fffe230 00007f32b63e30c8 

Instructions: (pc=0x00007f32b90229e2)
0x00007f32b90229c2:   89 59 10 bf 01 00 00 00 48 89 79 18 48 83 c1 30
0x00007f32b90229d2:   48 89 4d e0 48 3b d8 0f 84 5b 00 00 00 8b 48 0c
0x00007f32b90229e2:   48 3b 04 0b 0f 84 4e 00 00 00 83 f9 18 0f 85 22
0x00007f32b90229f2:   00 00 00 50 48 8b c0 57 48 8b 7b 20 8b 0f 48 83 

Register to memory mapping:

RAX=0x00000001000835c0 is pointing into metadata
RBX=0x00000001002835c0 is an unknown value
RCX=0x0000000000000030 is an unknown value
RDX=
[error occurred during error reporting (printing register info), id 0xb]

Stack: [0x00007f327feff000,0x00007f3280000000],  sp=0x00007f327fffdfe0,  free space=1019k
Native frames: (J=compiled Java code, j=interpreted, Vv=VM code, C=native code)
j  com.android.dx.ssa.SsaMethod.mapRegisters(Lcom/android/dx/ssa/RegisterMapper;)V+18
j  com.android.dx.ssa.back.SsaToRop.convert()Lcom/android/dx/rop/code/RopMethod;+37
j  com.android.dx.ssa.back.SsaToRop.convertToRopMethod(Lcom/android/dx/ssa/SsaMethod;Z)Lcom/android/dx/rop/code/RopMethod;+9
j  com.android.dx.ssa.Optimizer.optimize(Lcom/android/dx/rop/code/RopMethod;IZZLcom/android/dx/rop/code/TranslationAdvice;Ljava/util/EnumSet;)Lcom/android/dx/rop/code/RopMethod;+30
j  com.android.dx.ssa.Optimizer.optimize(Lcom/android/dx/rop/code/RopMethod;IZZLcom/android/dx/rop/code/TranslationAdvice;)Lcom/android/dx/rop/code/RopMethod;+12
j  com.android.dx.dex.cf.CfTranslator.processMethods(Lcom/android/dx/cf/direct/DirectClassFile;Lcom/android/dx/dex/cf/CfOptions;Lcom/android/dx/dex/DexOptions;Lcom/android/dx/dex/file/ClassDefItem;Lcom/android/dx/dex/file/DexFile;)V+265
j  com.android.dx.dex.cf.CfTranslator.translate0(Lcom/android/dx/cf/direct/DirectClassFile;[BLcom/android/dx/dex/cf/CfOptions;Lcom/android/dx/dex/DexOptions;Lcom/android/dx/dex/file/DexFile;)Lcom/android/dx/dex/file/ClassDefItem;+120
j  com.android.dx.dex.cf.CfTranslator.translate(Lcom/android/dx/cf/direct/DirectClassFile;[BLcom/android/dx/dex/cf/CfOptions;Lcom/android/dx/dex/DexOptions;Lcom/android/dx/dex/file/DexFile;)Lcom/android/dx/dex/file/ClassDefItem;+6
j  com.android.dx.command.dexer.Main.translateClass([BLcom/android/dx/cf/direct/DirectClassFile;)Lcom/android/dx/dex/file/ClassDefItem;+17
j  com.android.dx.command.dexer.Main.access$2700([BLcom/android/dx/cf/direct/DirectClassFile;)Lcom/android/dx/dex/file/ClassDefItem;+2
j  com.android.dx.command.dexer.Main$ClassTranslatorTask.call()Lcom/android/dx/dex/file/ClassDefItem;+8
j  com.android.dx.command.dexer.Main$ClassTranslatorTask.call()Ljava/lang/Object;+1
j  java.util.concurrent.FutureTask.run()V+42
j  java.util.concurrent.ThreadPoolExecutor.runWorker(Ljava/util/concurrent/ThreadPoolExecutor$Worker;)V+95
j  java.util.concurrent.ThreadPoolExecutor$Worker.run()V+5
j  java.lang.Thread.run()V+11
v  ~StubRoutines::call_stub
V  [libjvm.so+0x68f6b6]  JavaCalls::call_helper(JavaValue*, methodHandle*, JavaCallArguments*, Thread*)+0x1056
V  [libjvm.so+0x68fbc1]  JavaCalls::call_virtual(JavaValue*, KlassHandle, Symbol*, Symbol*, JavaCallArguments*, Thread*)+0x321
V  [libjvm.so+0x690067]  JavaCalls::call_virtual(JavaValue*, Handle, KlassHandle, Symbol*, Symbol*, Thread*)+0x47
V  [libjvm.so+0x726fc0]  thread_entry(JavaThread*, Thread*)+0xa0
V  [libjvm.so+0xa7343f]  JavaThread::thread_main_inner()+0xdf
V  [libjvm.so+0xa7356c]  JavaThread::run()+0x11c
V  [libjvm.so+0x924698]  java_start(Thread*)+0x108
C  [libpthread.so.0+0x7e9a]  start_thread+0xda


---------------  P R O C E S S  ---------------

Java Threads: ( => current thread )
=>0x00007f32c8151800 JavaThread "pool-1-thread-4" [_thread_in_Java, id=3326, stack(0x00007f327feff000,0x00007f3280000000)]
  0x00007f32c814f800 JavaThread "pool-1-thread-3" [_thread_in_Java, id=3325, stack(0x00007f32b40c7000,0x00007f32b41c8000)]
  0x00007f32c814e800 JavaThread "pool-1-thread-2" [_thread_in_Java, id=3324, stack(0x00007f32b41c8000,0x00007f32b42c9000)]
  0x00007f32c8142800 JavaThread "pool-2-thread-1" [_thread_blocked, id=3323, stack(0x00007f32b42c9000,0x00007f32b43ca000)]
  0x00007f32c8140800 JavaThread "pool-1-thread-1" [_thread_in_Java, id=3322, stack(0x00007f32b43ca000,0x00007f32b44cb000)]
  0x00007f32c80c4000 JavaThread "Service Thread" daemon [_thread_blocked, id=3313, stack(0x00007f32b45cc000,0x00007f32b46cd000)]
  0x00007f32c80b7800 JavaThread "C1 CompilerThread1" daemon [_thread_in_native, id=3312, stack(0x00007f32b46cd000,0x00007f32b47ce000)]
  0x00007f32c80b4800 JavaThread "C2 CompilerThread0" daemon [_thread_in_native, id=3311, stack(0x00007f32b47ce000,0x00007f32b48cf000)]
  0x00007f32c80b3000 JavaThread "Signal Dispatcher" daemon [_thread_blocked, id=3310, stack(0x00007f32b48cf000,0x00007f32b49d0000)]
  0x00007f32c8080000 JavaThread "Finalizer" daemon [_thread_blocked, id=3308, stack(0x00007f32b50b4000,0x00007f32b51b5000)]
  0x00007f32c807b800 JavaThread "Reference Handler" daemon [_thread_blocked, id=3307, stack(0x00007f32b51b5000,0x00007f32b52b6000)]
  0x00007f32c800a000 JavaThread "main" [_thread_in_vm, id=3303, stack(0x00007f32cf130000,0x00007f32cf231000)]

Other Threads:
  0x00007f32c8073800 VMThread [stack: 0x00007f32b52b6000,0x00007f32b53b7000] [id=3306]
  0x00007f32c80cf000 WatcherThread [stack: 0x00007f32b44cb000,0x00007f32b45cc000] [id=3314]

VM state:not at safepoint (normal execution)

VM Mutex/Monitor currently owned by a thread: None

Heap:
 PSYoungGen      total 13824K, used 2672K [0x00000000eab00000, 0x00000000ec600000, 0x0000000100000000)
  eden space 12288K, 9% used [0x00000000eab00000,0x00000000eac1eef8,0x00000000eb700000)
  from space 1536K, 99% used [0x00000000eb700000,0x00000000eb87d320,0x00000000eb880000)
  to   space 1536K, 0% used [0x00000000ec480000,0x00000000ec480000,0x00000000ec600000)
 ParOldGen       total 31744K, used 4938K [0x00000000c0000000, 0x00000000c1f00000, 0x00000000eab00000)
  object space 31744K, 15% used [0x00000000c0000000,0x00000000c04d2840,0x00000000c1f00000)
 Metaspace       used 5668K, capacity 6640K, committed 6784K, reserved 1056768K
  class space    used 593K, capacity 616K, committed 640K, reserved 1048576K

Card table byte_map: [0x00007f32cc0b5000,0x00007f32cc2b6000] byte_map_base: 0x00007f32cbab5000

Marking Bits: (ParMarkBitMap*) 0x00007f32ce60c120
 Begin Bits: [0x00007f32b68e8000, 0x00007f32b78e8000)
 End Bits:   [0x00007f32b78e8000, 0x00007f32b88e8000)

Polling page: 0x00007f32cf24d000

CodeCache: size=245760Kb used=2435Kb max_used=2435Kb free=243324Kb
 bounds [0x00007f32b9000000, 0x00007f32b9270000, 0x00007f32c8000000]
 total_blobs=917 nmethods=651 adapters=182
 compilation: enabled

Compilation events (10 events):
Event: 7.454 Thread 0x00007f32c80b7800 nmethod 772 0x00007f32b925b690 code [0x00007f32b925b820, 0x00007f32b925ba48]
Event: 7.454 Thread 0x00007f32c80b7800  765       2       java.util.HashSet::add (20 bytes)
Event: 7.455 Thread 0x00007f32c80b7800 nmethod 765 0x00007f32b925bbd0 code [0x00007f32b925bd40, 0x00007f32b925bf58]
Event: 7.455 Thread 0x00007f32c80b7800  760       2       com.android.dx.ssa.Dominators$DfsWalker::visitBlock (59 bytes)
Event: 7.491 Thread 0x00007f32c80b7800 nmethod 760 0x00007f32b925c090 code [0x00007f32b925c220, 0x00007f32b925c6a8]
Event: 7.492 Thread 0x00007f32c80b7800  775 %     3       com.android.dx.ssa.back.LivenessAnalyzer::handleTailRecursion @ 0 (94 bytes)
Event: 7.492 Thread 0x00007f32c80b7800 nmethod 775% 0x00007f32b925cad0 code [0x00007f32b925cca0, 0x00007f32b925d228]
Event: 7.492 Thread 0x00007f32c80b7800  781       2       com.android.dx.ssa.LocalVariableExtractor::processBlock (383 bytes)
Event: 7.638 Thread 0x00007f32c80b7800 nmethod 781 0x00007f32b925d450 code [0x00007f32b925d7c0, 0x00007f32b925e9f8]
Event: 7.638 Thread 0x00007f32c80b7800  788       2       com.android.dx.ssa.Dominators::compress (229 bytes)

GC Heap History (6 events):
Event: 2.200 GC heap before
{Heap before GC invocations=1 (full 0):
 PSYoungGen      total 13824K, used 12288K [0x00000000eab00000, 0x00000000eba00000, 0x0000000100000000)
  eden space 12288K, 100% used [0x00000000eab00000,0x00000000eb700000,0x00000000eb700000)
  from space 1536K, 0% used [0x00000000eb880000,0x00000000eb880000,0x00000000eba00000)
  to   space 1536K, 0% used [0x00000000eb700000,0x00000000eb700000,0x00000000eb880000)
 ParOldGen       total 31744K, used 0K [0x00000000c0000000, 0x00000000c1f00000, 0x00000000eab00000)
  object space 31744K, 0% used [0x00000000c0000000,0x00000000c0000000,0x00000000c1f00000)
 Metaspace       used 3344K, capacity 4720K, committed 4864K, reserved 1056768K
  class space    used 359K, capacity 424K, committed 512K, reserved 1048576K
Event: 2.213 GC heap after
Heap after GC invocations=1 (full 0):
 PSYoungGen      total 13824K, used 829K [0x00000000eab00000, 0x00000000eba00000, 0x0000000100000000)
  eden space 12288K, 0% used [0x00000000eab00000,0x00000000eab00000,0x00000000eb700000)
  from space 1536K, 54% used [0x00000000eb700000,0x00000000eb7cf640,0x00000000eb880000)
  to   space 1536K, 0% used [0x00000000eb880000,0x00000000eb880000,0x00000000eba00000)
 ParOldGen       total 31744K, used 0K [0x00000000c0000000, 0x00000000c1f00000, 0x00000000eab00000)
  object space 31744K, 0% used [0x00000000c0000000,0x00000000c0000000,0x00000000c1f00000)
 Metaspace       used 3344K, capacity 4720K, committed 4864K, reserved 1056768K
  class space    used 359K, capacity 424K, committed 512K, reserved 1048576K
}
Event: 5.612 GC heap before
{Heap before GC invocations=2 (full 0):
 PSYoungGen      total 13824K, used 13117K [0x00000000eab00000, 0x00000000eba00000, 0x0000000100000000)
  eden space 12288K, 100% used [0x00000000eab00000,0x00000000eb700000,0x00000000eb700000)
  from space 1536K, 54% used [0x00000000eb700000,0x00000000eb7cf640,0x00000000eb880000)
  to   space 1536K, 0% used [0x00000000eb880000,0x00000000eb880000,0x00000000eba00000)
 ParOldGen       total 31744K, used 0K [0x00000000c0000000, 0x00000000c1f00000, 0x00000000eab00000)
  object space 31744K, 0% used [0x00000000c0000000,0x00000000c0000000,0x00000000c1f00000)
 Metaspace       used 5570K, capacity 6576K, committed 6784K, reserved 1056768K
  class space    used 590K, capacity 616K, committed 640K, reserved 1048576K
Event: 5.652 GC heap after
Heap after GC invocations=2 (full 0):
 PSYoungGen      total 13824K, used 1514K [0x00000000eab00000, 0x00000000eba00000, 0x0000000100000000)
  eden space 12288K, 0% used [0x00000000eab00000,0x00000000eab00000,0x00000000eb700000)
  from space 1536K, 98% used [0x00000000eb880000,0x00000000eb9faa90,0x00000000eba00000)
  to   space 1536K, 0% used [0x00000000eb700000,0x00000000eb700000,0x00000000eb880000)
 ParOldGen       total 31744K, used 2135K [0x00000000c0000000, 0x00000000c1f00000, 0x00000000eab00000)
  object space 31744K, 6% used [0x00000000c0000000,0x00000000c0215ef8,0x00000000c1f00000)
 Metaspace       used 5570K, capacity 6576K, committed 6784K, reserved 1056768K
  class space    used 590K, capacity 616K, committed 640K, reserved 1048576K
}
Event: 7.528 GC heap before
{Heap before GC invocations=3 (full 0):
 PSYoungGen      total 13824K, used 13802K [0x00000000eab00000, 0x00000000eba00000, 0x0000000100000000)
  eden space 12288K, 100% used [0x00000000eab00000,0x00000000eb700000,0x00000000eb700000)
  from space 1536K, 98% used [0x00000000eb880000,0x00000000eb9faa90,0x00000000eba00000)
  to   space 1536K, 0% used [0x00000000eb700000,0x00000000eb700000,0x00000000eb880000)
 ParOldGen       total 31744K, used 2135K [0x00000000c0000000, 0x00000000c1f00000, 0x00000000eab00000)
  object space 31744K, 6% used [0x00000000c0000000,0x00000000c0215ef8,0x00000000c1f00000)
 Metaspace       used 5668K, capacity 6640K, committed 6784K, reserved 1056768K
  class space    used 593K, capacity 616K, committed 640K, reserved 1048576K
Event: 7.631 GC heap after
Heap after GC invocations=3 (full 0):
 PSYoungGen      total 13824K, used 1524K [0x00000000eab00000, 0x00000000ec600000, 0x0000000100000000)
  eden space 12288K, 0% used [0x00000000eab00000,0x00000000eab00000,0x00000000eb700000)
  from space 1536K, 99% used [0x00000000eb700000,0x00000000eb87d320,0x00000000eb880000)
  to   space 1536K, 0% used [0x00000000ec480000,0x00000000ec480000,0x00000000ec600000)
 ParOldGen       total 31744K, used 4938K [0x00000000c0000000, 0x00000000c1f00000, 0x00000000eab00000)
  object space 31744K, 15% used [0x00000000c0000000,0x00000000c04d2840,0x00000000c1f00000)
 Metaspace       used 5668K, capacity 6640K, committed 6784K, reserved 1056768K
  class space    used 593K, capacity 616K, committed 640K, reserved 1048576K
}

Deoptimization events (3 events):
Event: 3.551 Thread 0x00007f32c800a000 Uncommon trap: reason=unstable_if action=reinterpret pc=0x00007f32b9141408 method=java.lang.String.indexOf(II)I @ 49
Event: 5.491 Thread 0x00007f32c814f800 Uncommon trap: reason=unstable_if action=reinterpret pc=0x00007f32b91f51ec method=java.util.HashMap.getNode(ILjava/lang/Object;)Ljava/util/HashMap$Node; @ 62
Event: 6.698 Thread 0x00007f32c814e800 Uncommon trap: reason=unstable_if action=reinterpret pc=0x00007f32b91f33ec method=java.util.BitSet.nextSetBit(I)I @ 87

Internal exceptions (2 events):
Event: 0.324 Thread 0x00007f32c800a000 Exception <a 'java/lang/NoSuchMethodError': Method sun.misc.Unsafe.defineClass(Ljava/lang/String;[BII)Ljava/lang/Class; name or signature does not match> (0x00000000eab07cc0) thrown at [/HUDSON3/workspace/8-2-build-linux-amd64/jdk8u101/7261/hotspot/src/sh
Event: 0.324 Thread 0x00007f32c800a000 Exception <a 'java/lang/NoSuchMethodError': Method sun.misc.Unsafe.prefetchRead(Ljava/lang/Object;J)V name or signature does not match> (0x00000000eab07fa8) thrown at [/HUDSON3/workspace/8-2-build-linux-amd64/jdk8u101/7261/hotspot/src/share/vm/prims/jni.c

Events (10 events):
Event: 6.698 Thread 0x00007f32c814e800 DEOPT PACKING pc=0x00007f32b91f33ec sp=0x00007f32b42c6e20
Event: 6.698 Thread 0x00007f32c814e800 DEOPT UNPACKING pc=0x00007f32b9004f69 sp=0x00007f32b42c6dd8 mode 2
Event: 7.007 loading class com/android/dx/cf/code/Ropper$ExceptionHandlerSetup
Event: 7.007 loading class com/android/dx/cf/code/Ropper$ExceptionHandlerSetup done
Event: 7.144 loading class java/util/HashMap$Values
Event: 7.144 loading class java/util/HashMap$Values done
Event: 7.144 loading class java/util/HashMap$ValueIterator
Event: 7.144 loading class java/util/HashMap$ValueIterator done
Event: 7.512 Executing VM operation: ParallelGCFailedAllocation
Event: 7.631 Executing VM operation: ParallelGCFailedAllocation done


Dynamic libraries:
00400000-00401000 r-xp 00000000 08:01 3279757                            /usr/lib/jvm/java-8-oracle/bin/java
00600000-00601000 rw-p 00000000 08:01 3279757                            /usr/lib/jvm/java-8-oracle/bin/java
020c9000-02389000 rw-p 00000000 00:00 0                                  [heap]
c0000000-c1f00000 rw-p 00000000 00:00 0 
c1f00000-eab00000 ---p 00000000 00:00 0 
eab00000-ec600000 rw-p 00000000 00:00 0 
ec600000-100000000 ---p 00000000 00:00 0 
100000000-1000a0000 rw-p 00000000 00:00 0 
1000a0000-140000000 ---p 00000000 00:00 0 
7f3278000000-7f3278021000 rw-p 00000000 00:00 0 
7f3278021000-7f327c000000 ---p 00000000 00:00 0 
7f327feff000-7f327ff02000 ---p 00000000 00:00 0 
7f327ff02000-7f3280000000 rw-p 00000000 00:00 0                          [stack:3326]
7f3280000000-7f3280021000 rw-p 00000000 00:00 0 
7f3280021000-7f3284000000 ---p 00000000 00:00 0 
7f3284000000-7f3284022000 rw-p 00000000 00:00 0 
7f3284022000-7f3288000000 ---p 00000000 00:00 0 
7f3288000000-7f3288021000 rw-p 00000000 00:00 0 
7f3288021000-7f328c000000 ---p 00000000 00:00 0 
7f328c000000-7f328c021000 rw-p 00000000 00:00 0 
7f328c021000-7f3290000000 ---p 00000000 00:00 0 
7f3290000000-7f32903e9000 rw-p 00000000 00:00 0 
7f32903e9000-7f3294000000 ---p 00000000 00:00 0 
7f3294000000-7f3294021000 rw-p 00000000 00:00 0 
7f3294021000-7f3298000000 ---p 00000000 00:00 0 
7f3298000000-7f3298021000 rw-p 00000000 00:00 0 
7f3298021000-7f329c000000 ---p 00000000 00:00 0 
7f329c000000-7f329c457000 rw-p 00000000 00:00 0 
7f329c457000-7f32a0000000 ---p 00000000 00:00 0 
7f32a0000000-7f32a0021000 rw-p 00000000 00:00 0 
7f32a0021000-7f32a4000000 ---p 00000000 00:00 0 
7f32a4000000-7f32a4021000 rw-p 00000000 00:00 0 
7f32a4021000-7f32a8000000 ---p 00000000 00:00 0 
7f32a8000000-7f32a8021000 rw-p 00000000 00:00 0 
7f32a8021000-7f32ac000000 ---p 00000000 00:00 0 
7f32ac000000-7f32ac021000 rw-p 00000000 00:00 0 
7f32ac021000-7f32b0000000 ---p 00000000 00:00 0 
7f32b0000000-7f32b0021000 rw-p 00000000 00:00 0 
7f32b0021000-7f32b4000000 ---p 00000000 00:00 0 
7f32b40c7000-7f32b40ca000 ---p 00000000 00:00 0 
7f32b40ca000-7f32b41c8000 rw-p 00000000 00:00 0                          [stack:3325]
7f32b41c8000-7f32b41cb000 ---p 00000000 00:00 0 
7f32b41cb000-7f32b42c9000 rw-p 00000000 00:00 0                          [stack:3324]
7f32b42c9000-7f32b42cc000 ---p 00000000 00:00 0 
7f32b42cc000-7f32b43ca000 rw-p 00000000 00:00 0                          [stack:3323]
7f32b43ca000-7f32b43cd000 ---p 00000000 00:00 0 
7f32b43cd000-7f32b44cb000 rw-p 00000000 00:00 0                          [stack:3322]
7f32b44cb000-7f32b44cc000 ---p 00000000 00:00 0 
7f32b44cc000-7f32b45cc000 rw-p 00000000 00:00 0                          [stack:3314]
7f32b45cc000-7f32b45cf000 ---p 00000000 00:00 0 
7f32b45cf000-7f32b46cd000 rw-p 00000000 00:00 0                          [stack:3313]
7f32b46cd000-7f32b46d0000 ---p 00000000 00:00 0 
7f32b46d0000-7f32b47ce000 rw-p 00000000 00:00 0                          [stack:3312]
7f32b47ce000-7f32b47d1000 ---p 00000000 00:00 0 
7f32b47d1000-7f32b48cf000 rw-p 00000000 00:00 0                          [stack:3311]
7f32b48cf000-7f32b48d2000 ---p 00000000 00:00 0 
7f32b48d2000-7f32b49d0000 rw-p 00000000 00:00 0                          [stack:3310]
7f32b49d0000-7f32b50b4000 r--p 00000000 08:01 13113697                   /usr/lib/locale/locale-archive
7f32b50b4000-7f32b50b7000 ---p 00000000 00:00 0 
7f32b50b7000-7f32b51b5000 rw-p 00000000 00:00 0                          [stack:3308]
7f32b51b5000-7f32b51b8000 ---p 00000000 00:00 0 
7f32b51b8000-7f32b52b6000 rw-p 00000000 00:00 0                          [stack:3307]
7f32b52b6000-7f32b52b7000 ---p 00000000 00:00 0 
7f32b52b7000-7f32b5d0f000 rw-p 00000000 00:00 0                          [stack:3306]
7f32b5d0f000-7f32b5ee8000 r--s 03d29000 08:01 13118676                   /usr/lib/jvm/java-8-oracle/jre/lib/rt.jar
7f32b5ee8000-7f32b64e8000 rw-p 00000000 00:00 0 
7f32b64e8000-7f32b66e8000 ---p 00000000 00:00 0 
7f32b66e8000-7f32b88e8000 rw-p 00000000 00:00 0 
7f32b88e8000-7f32b88e9000 ---p 00000000 00:00 0 
7f32b88e9000-7f32b89e9000 rw-p 00000000 00:00 0                          [stack:3305]
7f32b89e9000-7f32b89ea000 ---p 00000000 00:00 0 
7f32b89ea000-7f32b8afa000 rw-p 00000000 00:00 0                          [stack:3304]
7f32b8afa000-7f32b8c40000 ---p 00000000 00:00 0 
7f32b8c40000-7f32b8c4a000 rw-p 00000000 00:00 0 
7f32b8c4a000-7f32b9000000 ---p 00000000 00:00 0 
7f32b9000000-7f32b9270000 rwxp 00000000 00:00 0 
7f32b9270000-7f32c8000000 ---p 00000000 00:00 0 
7f32c8000000-7f32c8397000 rw-p 00000000 00:00 0 
7f32c8397000-7f32cc000000 ---p 00000000 00:00 0 
7f32cc008000-7f32cc01e000 r--s 000f1000 08:01 10626553                   /home/lin/other/AndroidProjects/Radio/app/build/intermediates/exploded-aar/com.android.support/support-v4/23.4.0/jars/classes.jar
7f32cc01e000-7f32cc0c5000 rw-p 00000000 00:00 0 
7f32cc0c5000-7f32cc20a000 ---p 00000000 00:00 0 
7f32cc20a000-7f32cc218000 rw-p 00000000 00:00 0 
7f32cc218000-7f32cc2b5000 ---p 00000000 00:00 0 
7f32cc2b5000-7f32cc2b6000 rw-p 00000000 00:00 0 
7f32cc2b6000-7f32cc2d0000 r-xp 00000000 08:01 13766358                   /usr/lib/jvm/java-8-oracle/jre/lib/amd64/libzip.so
7f32cc2d0000-7f32cc4d0000 ---p 0001a000 08:01 13766358                   /usr/lib/jvm/java-8-oracle/jre/lib/amd64/libzip.so
7f32cc4d0000-7f32cc4d1000 rw-p 0001a000 08:01 13766358                   /usr/lib/jvm/java-8-oracle/jre/lib/amd64/libzip.so
7f32cc4d1000-7f32cc4dc000 r-xp 00000000 08:01 2621673                    /lib/x86_64-linux-gnu/libnss_files-2.15.so
7f32cc4dc000-7f32cc6db000 ---p 0000b000 08:01 2621673                    /lib/x86_64-linux-gnu/libnss_files-2.15.so
7f32cc6db000-7f32cc6dc000 r--p 0000a000 08:01 2621673                    /lib/x86_64-linux-gnu/libnss_files-2.15.so
7f32cc6dc000-7f32cc6dd000 rw-p 0000b000 08:01 2621673                    /lib/x86_64-linux-gnu/libnss_files-2.15.so
7f32cc6dd000-7f32cc6e7000 r-xp 00000000 08:01 2621658                    /lib/x86_64-linux-gnu/libnss_nis-2.15.so
7f32cc6e7000-7f32cc8e7000 ---p 0000a000 08:01 2621658                    /lib/x86_64-linux-gnu/libnss_nis-2.15.so
7f32cc8e7000-7f32cc8e8000 r--p 0000a000 08:01 2621658                    /lib/x86_64-linux-gnu/libnss_nis-2.15.so
7f32cc8e8000-7f32cc8e9000 rw-p 0000b000 08:01 2621658                    /lib/x86_64-linux-gnu/libnss_nis-2.15.so
7f32cc8e9000-7f32cc900000 r-xp 00000000 08:01 2621667                    /lib/x86_64-linux-gnu/libnsl-2.15.so
7f32cc900000-7f32ccaff000 ---p 00017000 08:01 2621667                    /lib/x86_64-linux-gnu/libnsl-2.15.so
7f32ccaff000-7f32ccb00000 r--p 00016000 08:01 2621667                    /lib/x86_64-linux-gnu/libnsl-2.15.so
7f32ccb00000-7f32ccb01000 rw-p 00017000 08:01 2621667                    /lib/x86_64-linux-gnu/libnsl-2.15.so
7f32ccb01000-7f32ccb03000 rw-p 00000000 00:00 0 
7f32ccb03000-7f32ccb0b000 r-xp 00000000 08:01 2621672                    /lib/x86_64-linux-gnu/libnss_compat-2.15.so
7f32ccb0b000-7f32ccd0a000 ---p 00008000 08:01 2621672                    /lib/x86_64-linux-gnu/libnss_compat-2.15.so
7f32ccd0a000-7f32ccd0b000 r--p 00007000 08:01 2621672                    /lib/x86_64-linux-gnu/libnss_compat-2.15.so
7f32ccd0b000-7f32ccd0c000 rw-p 00008000 08:01 2621672                    /lib/x86_64-linux-gnu/libnss_compat-2.15.so
7f32ccd0c000-7f32ccd36000 r-xp 00000000 08:01 13766323                   /usr/lib/jvm/java-8-oracle/jre/lib/amd64/libjava.so
7f32ccd36000-7f32ccf36000 ---p 0002a000 08:01 13766323                   /usr/lib/jvm/java-8-oracle/jre/lib/amd64/libjava.so
7f32ccf36000-7f32ccf38000 rw-p 0002a000 08:01 13766323                   /usr/lib/jvm/java-8-oracle/jre/lib/amd64/libjava.so
7f32ccf38000-7f32ccf45000 r-xp 00000000 08:01 13766361                   /usr/lib/jvm/java-8-oracle/jre/lib/amd64/libverify.so
7f32ccf45000-7f32cd145000 ---p 0000d000 08:01 13766361                   /usr/lib/jvm/java-8-oracle/jre/lib/amd64/libverify.so
7f32cd145000-7f32cd147000 rw-p 0000d000 08:01 13766361                   /usr/lib/jvm/java-8-oracle/jre/lib/amd64/libverify.so
7f32cd147000-7f32cd14e000 r-xp 00000000 08:01 2621660                    /lib/x86_64-linux-gnu/librt-2.15.so
7f32cd14e000-7f32cd34d000 ---p 00007000 08:01 2621660                    /lib/x86_64-linux-gnu/librt-2.15.so
7f32cd34d000-7f32cd34e000 r--p 00006000 08:01 2621660                    /lib/x86_64-linux-gnu/librt-2.15.so
7f32cd34e000-7f32cd34f000 rw-p 00007000 08:01 2621660                    /lib/x86_64-linux-gnu/librt-2.15.so
7f32cd34f000-7f32cd44a000 r-xp 00000000 08:01 2621674                    /lib/x86_64-linux-gnu/libm-2.15.so
7f32cd44a000-7f32cd649000 ---p 000fb000 08:01 2621674                    /lib/x86_64-linux-gnu/libm-2.15.so
7f32cd649000-7f32cd64a000 r--p 000fa000 08:01 2621674                    /lib/x86_64-linux-gnu/libm-2.15.so
7f32cd64a000-7f32cd64b000 rw-p 000fb000 08:01 2621674                    /lib/x86_64-linux-gnu/libm-2.15.so
7f32cd64b000-7f32ce316000 r-xp 00000000 08:01 13894575                   /usr/lib/jvm/java-8-oracle/jre/lib/amd64/server/libjvm.so
7f32ce316000-7f32ce515000 ---p 00ccb000 08:01 13894575                   /usr/lib/jvm/java-8-oracle/jre/lib/amd64/server/libjvm.so
7f32ce515000-7f32ce5ee000 rw-p 00cca000 08:01 13894575                   /usr/lib/jvm/java-8-oracle/jre/lib/amd64/server/libjvm.so
7f32ce5ee000-7f32ce639000 rw-p 00000000 00:00 0 
7f32ce639000-7f32ce7ed000 r-xp 00000000 08:01 2621665                    /lib/x86_64-linux-gnu/libc-2.15.so
7f32ce7ed000-7f32ce9ec000 ---p 001b4000 08:01 2621665                    /lib/x86_64-linux-gnu/libc-2.15.so
7f32ce9ec000-7f32ce9f0000 r--p 001b3000 08:01 2621665                    /lib/x86_64-linux-gnu/libc-2.15.so
7f32ce9f0000-7f32ce9f2000 rw-p 001b7000 08:01 2621665                    /lib/x86_64-linux-gnu/libc-2.15.so
7f32ce9f2000-7f32ce9f7000 rw-p 00000000 00:00 0 
7f32ce9f7000-7f32ce9f9000 r-xp 00000000 08:01 2621657                    /lib/x86_64-linux-gnu/libdl-2.15.so
7f32ce9f9000-7f32cebf9000 ---p 00002000 08:01 2621657                    /lib/x86_64-linux-gnu/libdl-2.15.so
7f32cebf9000-7f32cebfa000 r--p 00002000 08:01 2621657                    /lib/x86_64-linux-gnu/libdl-2.15.so
7f32cebfa000-7f32cebfb000 rw-p 00003000 08:01 2621657                    /lib/x86_64-linux-gnu/libdl-2.15.so
7f32cebfb000-7f32cec10000 r-xp 00000000 08:01 2627921                    /usr/lib/jvm/java-8-oracle/lib/amd64/jli/libjli.so
7f32cec10000-7f32cee10000 ---p 00015000 08:01 2627921                    /usr/lib/jvm/java-8-oracle/lib/amd64/jli/libjli.so
7f32cee10000-7f32cee11000 rw-p 00015000 08:01 2627921                    /usr/lib/jvm/java-8-oracle/lib/amd64/jli/libjli.so
7f32cee11000-7f32cee29000 r-xp 00000000 08:01 2621668                    /lib/x86_64-linux-gnu/libpthread-2.15.so
7f32cee29000-7f32cf028000 ---p 00018000 08:01 2621668                    /lib/x86_64-linux-gnu/libpthread-2.15.so
7f32cf028000-7f32cf029000 r--p 00017000 08:01 2621668                    /lib/x86_64-linux-gnu/libpthread-2.15.so
7f32cf029000-7f32cf02a000 rw-p 00018000 08:01 2621668                    /lib/x86_64-linux-gnu/libpthread-2.15.so
7f32cf02a000-7f32cf02e000 rw-p 00000000 00:00 0 
7f32cf02e000-7f32cf050000 r-xp 00000000 08:01 2621671                    /lib/x86_64-linux-gnu/ld-2.15.so
7f32cf055000-7f32cf130000 rw-p 00000000 00:00 0 
7f32cf130000-7f32cf133000 ---p 00000000 00:00 0 
7f32cf133000-7f32cf235000 rw-p 00000000 00:00 0                          [stack:3303]
7f32cf235000-7f32cf244000 r--s 000df000 08:01 11274850                   /root/Android/Sdk/build-tools/23.0.3/lib/dx.jar
7f32cf244000-7f32cf24c000 rw-s 00000000 08:01 4849832                    /tmp/hsperfdata_root/3298
7f32cf24c000-7f32cf24d000 rw-p 00000000 00:00 0 
7f32cf24d000-7f32cf24e000 r--p 00000000 00:00 0 
7f32cf24e000-7f32cf250000 rw-p 00000000 00:00 0 
7f32cf250000-7f32cf251000 r--p 00022000 08:01 2621671                    /lib/x86_64-linux-gnu/ld-2.15.so
7f32cf251000-7f32cf253000 rw-p 00023000 08:01 2621671                    /lib/x86_64-linux-gnu/ld-2.15.so
7ffe4d8db000-7ffe4d8fc000 rw-p 00000000 00:00 0                          [stack]
7ffe4d92d000-7ffe4d92f000 r-xp 00000000 00:00 0                          [vdso]
ffffffffff600000-ffffffffff601000 r-xp 00000000 00:00 0                  [vsyscall]

VM Arguments:
jvm_args: -Djava.awt.headless=true -Xmx1024M -Dfile.encoding=UTF-8 -Duser.country=US -Duser.language=en -Duser.variant 
java_command: com.android.dx.command.Main --dex --force-jumbo --num-threads=4 --output /home/lin/other/AndroidProjects/Radio/app/build/intermediates/pre-dexed/debug/com.android.support-support-v4-23.4.0_ac3bdcdce9bb63a2e369af28a6b233d87e981259.jar /home/lin/other/AndroidProjects/Radio/app/build/intermediates/exploded-aar/com.android.support/support-v4/23.4.0/jars/classes.jar
java_class_path (initial): /root/Android/Sdk/build-tools/23.0.3/lib/dx.jar
Launcher Type: SUN_STANDARD

Environment Variables:
PATH=/usr/local/sbin:/usr/local/bin:/usr/sbin:/usr/bin:/sbin:/bin
USERNAME=root
LD_LIBRARY_PATH=/opt/android-studio/bin:
SHELL=/bin/bash
DISPLAY=:0.0

Signal Handlers:
SIGSEGV: [libjvm.so+0xac4790], sa_mask[0]=11111111011111111101111111111110, sa_flags=SA_RESTART|SA_SIGINFO
SIGBUS: [libjvm.so+0xac4790], sa_mask[0]=11111111011111111101111111111110, sa_flags=SA_RESTART|SA_SIGINFO
SIGFPE: [libjvm.so+0x91f140], sa_mask[0]=11111111011111111101111111111110, sa_flags=SA_RESTART|SA_SIGINFO
SIGPIPE: [libjvm.so+0x91f140], sa_mask[0]=11111111011111111101111111111110, sa_flags=SA_RESTART|SA_SIGINFO
SIGXFSZ: [libjvm.so+0x91f140], sa_mask[0]=11111111011111111101111111111110, sa_flags=SA_RESTART|SA_SIGINFO
SIGILL: [libjvm.so+0x91f140], sa_mask[0]=11111111011111111101111111111110, sa_flags=SA_RESTART|SA_SIGINFO
SIGUSR1: SIG_DFL, sa_mask[0]=00000000000000000000000000000000, sa_flags=none
SIGUSR2: [libjvm.so+0x920770], sa_mask[0]=00100000000000000000000000000000, sa_flags=SA_RESTART|SA_SIGINFO
SIGHUP: [libjvm.so+0x921b70], sa_mask[0]=11111111011111111101111111111110, sa_flags=SA_RESTART|SA_SIGINFO
SIGINT: [libjvm.so+0x921b70], sa_mask[0]=11111111011111111101111111111110, sa_flags=SA_RESTART|SA_SIGINFO
SIGTERM: [libjvm.so+0x921b70], sa_mask[0]=11111111011111111101111111111110, sa_flags=SA_RESTART|SA_SIGINFO
SIGQUIT: [libjvm.so+0x921b70], sa_mask[0]=11111111011111111101111111111110, sa_flags=SA_RESTART|SA_SIGINFO


---------------  S Y S T E M  ---------------

OS:DISTRIB_ID=Ubuntu
DISTRIB_RELEASE=12.04
DISTRIB_CODENAME=precise
DISTRIB_DESCRIPTION="Ubuntu 12.04.5 LTS"

uname:Linux 3.13.0-95-generic #142~precise1-Ubuntu SMP Fri Aug 12 18:20:15 UTC 2016 x86_64
libc:glibc 2.15 NPTL 2.15 
rlimit: STACK 8192k, CORE 0k, NPROC 22873, NOFILE 4096, AS infinity
load average:7.47 4.09 2.05

/proc/meminfo:
MemTotal:        2948840 kB
MemFree:          178792 kB
Buffers:           39948 kB
Cached:           727664 kB
SwapCached:            0 kB
Active:          1977964 kB
Inactive:         626648 kB
Active(anon):    1641768 kB
Inactive(anon):   308840 kB
Active(file):     336196 kB
Inactive(file):   317808 kB
Unevictable:           0 kB
Mlocked:               0 kB
SwapTotal:       3008508 kB
SwapFree:        3008416 kB
Dirty:               912 kB
Writeback:             0 kB
AnonPages:       1837200 kB
Mapped:           189572 kB
Shmem:            113512 kB
Slab:              80864 kB
SReclaimable:      56136 kB
SUnreclaim:        24728 kB
KernelStack:        4352 kB
PageTables:        30616 kB
NFS_Unstable:          0 kB
Bounce:                0 kB
WritebackTmp:          0 kB
CommitLimit:     4482928 kB
Committed_AS:    4491172 kB
VmallocTotal:   34359738367 kB
VmallocUsed:      346432 kB
VmallocChunk:   34359385180 kB
HardwareCorrupted:     0 kB
AnonHugePages:    761856 kB
HugePages_Total:       0
HugePages_Free:        0
HugePages_Rsvd:        0
HugePages_Surp:        0
Hugepagesize:       2048 kB
DirectMap4k:       57732 kB
DirectMap2M:     2953216 kB


CPU:total 2 (2 cores per cpu, 1 threads per core) family 6 model 15 stepping 13, cmov, cx8, fxsr, mmx, sse, sse2, sse3, ssse3, tsc

/proc/cpuinfo:
processor	: 0
vendor_id	: GenuineIntel
cpu family	: 6
model		: 15
model name	: Genuine Intel(R) CPU           T1600  @ 1.66GHz
stepping	: 13
microcode	: 0xa3
cpu MHz		: 1662.464
cache size	: 1024 KB
physical id	: 0
siblings	: 2
core id		: 0
cpu cores	: 2
apicid		: 0
initial apicid	: 0
fpu		: yes
fpu_exception	: yes
cpuid level	: 10
wp		: yes
flags		: fpu vme de pse tsc msr pae mce cx8 apic sep mtrr pge mca cmov pat pse36 clflush dts acpi mmx fxsr sse sse2 ss ht tm pbe syscall nx lm constant_tsc arch_perfmon pebs bts rep_good nopl aperfmperf pni dtes64 monitor ds_cpl tm2 ssse3 cx16 xtpr pdcm lahf_lm dtherm
bogomips	: 3324.92
clflush size	: 64
cache_alignment	: 64
address sizes	: 36 bits physical, 48 bits virtual
power management:

processor	: 1
vendor_id	: GenuineIntel
cpu family	: 6
model		: 15
model name	: Genuine Intel(R) CPU           T1600  @ 1.66GHz
stepping	: 13
microcode	: 0xa3
cpu MHz		: 1662.464
cache size	: 1024 KB
physical id	: 0
siblings	: 2
core id		: 1
cpu cores	: 2
apicid		: 1
initial apicid	: 1
fpu		: yes
fpu_exception	: yes
cpuid level	: 10
wp		: yes
flags		: fpu vme de pse tsc msr pae mce cx8 apic sep mtrr pge mca cmov pat pse36 clflush dts acpi mmx fxsr sse sse2 ss ht tm pbe syscall nx lm constant_tsc arch_perfmon pebs bts rep_good nopl aperfmperf pni dtes64 monitor ds_cpl tm2 ssse3 cx16 xtpr pdcm lahf_lm dtherm
bogomips	: 3324.92
clflush size	: 64
cache_alignment	: 64
address sizes	: 36 bits physical, 48 bits virtual
power management:



Memory: 4k page, physical 2948840k(178792k free), swap 3008508k(3008416k free)

vm_info: Java HotSpot(TM) 64-Bit Server VM (25.101-b13) for linux-amd64 JRE (1.8.0_101-b13), built on Jun 22 2016 02:59:44 by "java_re" with gcc 4.3.0 20080428 (Red Hat 4.3.0-8)

time: Tue Aug 30 15:20:15 2016
elapsed time: 7 seconds (0d 0h 0m 7s)

