#
# A fatal error has been detected by the Java Runtime Environment:
#
#  SIGSEGV (0xb) at pc=0x00007f3dadd2a251, pid=27916, tid=0x00007f3daeee1700
#
# JRE version:  (8.0_101-b13) (build )
# Java VM: Java HotSpot(TM) 64-Bit Server VM (25.101-b13 mixed mode linux-amd64 compressed oops)
# Problematic frame:
# V  [libjvm.so+0xa2e251]  StringTable::intern(Handle, unsigned short*, int, Thread*)+0xb1
#
# Failed to write core dump. Core dumps have been disabled. To enable core dumping, try "ulimit -c unlimited" before starting Java again
#
# If you would like to submit a bug report, please visit:
#   http://bugreport.java.com/bugreport/crash.jsp
#

---------------  T H R E A D  ---------------

Current thread (0x00007f3da800a000):  JavaThread "Unknown thread" [_thread_in_vm, id=27923, stack(0x00007f3daede1000,0x00007f3daeee2000)]

siginfo: si_signo: 11 (SIGSEGV), si_code: 1 (SEGV_MAPERR), si_addr: 0x0000000000040000

Registers:
RAX=0x00007f3d95c13438, RBX=0x0000000000040000, RCX=0x00007f3da800ea9c, RDX=0x000000000000ce85
RSP=0x00007f3daeedfee0, RBP=0x00007f3daeedff40, RSI=0x00007f3da800ea9c, RDI=0x0000000000000000
R8 =0x000000000000001e, R9 =0x00007f3da80077c0, R10=0x000000000000001e, R11=0x0000000000000080
R12=0x0000000000000000, R13=0x000000008c31edbd, R14=0x00007f3da80233f0, R15=0x000000000000001e
RIP=0x00007f3dadd2a251, EFLAGS=0x0000000000010246, CSGSFS=0x0000000000000033, ERR=0x0000000000000004
  TRAPNO=0x000000000000000e

Top of Stack: (sp=0x00007f3daeedfee0)
0x00007f3daeedfee0:   00007f3da800a000 00007f3dadcaa280
0x00007f3daeedfef0:   0000ce85ae271d40 00007f3da800a000
0x00007f3daeedff00:   00007f3da800ea60 0000000000000000
0x00007f3daeedff10:   00007f3daeedff40 00007f3da8007650
0x00007f3daeedff20:   0000000000000000 00007f3da800a000
0x00007f3daeedff30:   00007f3da800c830 00000000000083b0
0x00007f3daeedff40:   00007f3daeedffa0 00007f3dadd2a86f
0x00007f3daeedff50:   00007f3da800ea60 00007f3da8014818
0x00007f3daeedff60:   0100000000000005 0000001ea800ea20
0x00007f3daeedff70:   00007f3da800ea40 00007f3da800a000
0x00007f3daeedff80:   0000000100002868 00007f3d95c3cb18
0x00007f3daeedff90:   00007f3daeee0068 00007f3da800a000
0x00007f3daeedffa0:   00007f3daeedffc0 00007f3dad7ed06c
0x00007f3daeedffb0:   00007f3d95c3cb18 00007f3da80077c0
0x00007f3daeedffc0:   00007f3daeee0020 00007f3dad99615f
0x00007f3daeedffd0:   00007f3da800a000 00007f3da8007718
0x00007f3daeedffe0:   0000002000000020 0000000100002868
0x00007f3daeedfff0:   00007f3da8023270 00007f3daeee0068
0x00007f3daeee0000:   0000000100002868 00007f3da800a000
0x00007f3daeee0010:   00007f3da800a000 00007f3dad995dc0
0x00007f3daeee0020:   00007f3daeee00c0 00007f3dad9416be
0x00007f3daeee0030:   00007f3da8007718 000e0000eab00da8
0x00007f3daeee0040:   00007f3d95c3d620 00007f3d95c3cb18
0x00007f3daeee0050:   00007f3da800a000 0000000e00000009
0x00007f3daeee0060:   00007f3d00000056 000000090000001a
0x00007f3daeee0070:   00007f3d95c3cb18 00007f3da800a000
0x00007f3daeee0080:   00007f3d95c3cb18 00007f3d95c3cb18
0x00007f3daeee0090:   00007f3daeee00c0 00007f3da800a000
0x00007f3daeee00a0:   00007f3da8007718 0000000100002868
0x00007f3daeee00b0:   0000000000000000 00000000eab00d10
0x00007f3daeee00c0:   00007f3daeee0130 00007f3dad996fb1
0x00007f3daeee00d0:   0000000100002868 0000000000000000 

Instructions: (pc=0x00007f3dadd2a251)
0x00007f3dadd2a231:   00 45 31 e4 eb 1a 66 0f 1f 84 00 00 00 00 00 48
0x00007f3dadd2a241:   8b 43 08 41 83 c4 01 48 89 c3 48 83 e3 fe 74 4f
0x00007f3dadd2a251:   44 3b 2b 75 ea 48 8b 7b 10 48 8b 75 c0 44 89 fa
0x00007f3dadd2a261:   e8 ca a7 c6 ff 84 c0 74 d6 48 8b 5b 10 48 85 db 

Stack: [0x00007f3daede1000,0x00007f3daeee2000],  sp=0x00007f3daeedfee0,  free space=1019k
Native frames: (J=compiled Java code, j=interpreted, Vv=VM code, C=native code)
V  [libjvm.so+0xa2e251]  StringTable::intern(Handle, unsigned short*, int, Thread*)+0xb1
V  [libjvm.so+0xa2e86f]  StringTable::intern(Symbol*, Thread*)+0x5f
V  [libjvm.so+0x4f106c]  ConstantPool::uncached_string_at(int, Thread*)+0x1c
V  [libjvm.so+0x69a15f]  initialize_static_field(fieldDescriptor*, Handle, Thread*)+0x39f
V  [libjvm.so+0x6456be]  InstanceKlass::do_local_static_fields_impl(instanceKlassHandle, void (*)(fieldDescriptor*, Handle, Thread*), Handle, Thread*)+0x1de
V  [libjvm.so+0x69afb1]  java_lang_Class::create_mirror(KlassHandle, Handle, Handle, Thread*)+0x2d1
V  [libjvm.so+0x460c83]  ClassFileParser::parseClassFile(Symbol*, ClassLoaderData*, Handle, KlassHandle, GrowableArray<Handle>*, TempNewSymbol&, bool, Thread*)+0x14a3
V  [libjvm.so+0x4653eb]  ClassLoader::load_classfile(Symbol*, Thread*)+0x3fb
V  [libjvm.so+0xa3a4f0]  SystemDictionary::load_instance_class(Symbol*, Handle, Thread*)+0x380
V  [libjvm.so+0xa394ac]  SystemDictionary::resolve_instance_class_or_null(Symbol*, Handle, Handle, Thread*)+0x7cc
V  [libjvm.so+0xa3ac67]  SystemDictionary::initialize_wk_klasses_until(SystemDictionary::WKID, SystemDictionary::WKID&, Thread*)+0xf7
V  [libjvm.so+0xa3ad8a]  SystemDictionary::initialize_preloaded_classes(Thread*)+0xca
V  [libjvm.so+0xa8c2bc]  Universe::genesis(Thread*)+0x3cc
V  [libjvm.so+0xa8c56c]  universe2_init()+0x2c
V  [libjvm.so+0x63be4d]  init_globals()+0xbd
V  [libjvm.so+0xa70bfe]  Threads::create_vm(JavaVMInitArgs*, bool*)+0x23e
V  [libjvm.so+0x6d08f4]  JNI_CreateJavaVM+0x74
C  [libjli.so+0x745e]  JavaMain+0x9e
C  [libpthread.so.0+0x7e9a]  start_thread+0xda


---------------  P R O C E S S  ---------------

Java Threads: ( => current thread )

Other Threads:

=>0x00007f3da800a000 (exited) JavaThread "Unknown thread" [_thread_in_vm, id=27923, stack(0x00007f3daede1000,0x00007f3daeee2000)]

VM state:not at safepoint (not fully initialized)

VM Mutex/Monitor currently owned by a thread: None

GC Heap History (0 events):
No events

Deoptimization events (0 events):
No events

Internal exceptions (0 events):
No events

Events (10 events):
Event: 0.076 loading class java/lang/reflect/Type
Event: 0.076 loading class java/lang/reflect/Type done
Event: 0.076 loading class java/lang/Class done
Event: 0.077 loading class java/lang/Cloneable
Event: 0.077 loading class java/lang/Cloneable done
Event: 0.077 loading class java/lang/ClassLoader
Event: 0.077 loading class java/lang/ClassLoader done
Event: 0.077 loading class java/lang/System
Event: 0.077 loading class java/lang/System done
Event: 0.077 loading class java/lang/Throwable


Dynamic libraries:
00400000-00401000 r-xp 00000000 08:01 3279757                            /usr/lib/jvm/java-8-oracle/bin/java
00600000-00601000 rw-p 00000000 08:01 3279757                            /usr/lib/jvm/java-8-oracle/bin/java
00b8a000-00bab000 rw-p 00000000 00:00 0                                  [heap]
c0000000-c1f00000 rw-p 00000000 00:00 0 
c1f00000-eab00000 ---p 00000000 00:00 0 
eab00000-eba00000 rw-p 00000000 00:00 0 
eba00000-100000000 ---p 00000000 00:00 0 
100000000-100060000 rw-p 00000000 00:00 0 
100060000-140000000 ---p 00000000 00:00 0 
7f3d88000000-7f3d88021000 rw-p 00000000 00:00 0 
7f3d88021000-7f3d8c000000 ---p 00000000 00:00 0 
7f3d90000000-7f3d90021000 rw-p 00000000 00:00 0 
7f3d90021000-7f3d94000000 ---p 00000000 00:00 0 
7f3d956fd000-7f3d959d3000 rw-p 00000000 00:00 0 
7f3d959d3000-7f3d95bac000 r--s 03d29000 08:01 13118676                   /usr/lib/jvm/java-8-oracle/jre/lib/rt.jar
7f3d95bac000-7f3d96022000 rw-p 00000000 00:00 0 
7f3d96022000-7f3d96422000 ---p 00000000 00:00 0 
7f3d96422000-7f3d98622000 rw-p 00000000 00:00 0 
7f3d98622000-7f3d98623000 ---p 00000000 00:00 0 
7f3d98623000-7f3d98723000 rw-p 00000000 00:00 0                          [stack:27931]
7f3d98723000-7f3d98724000 ---p 00000000 00:00 0 
7f3d98724000-7f3d98834000 rw-p 00000000 00:00 0                          [stack:27927]
7f3d98834000-7f3d98979000 ---p 00000000 00:00 0 
7f3d98979000-7f3d98981000 rw-p 00000000 00:00 0 
7f3d98981000-7f3d98a24000 ---p 00000000 00:00 0 
7f3d98a24000-7f3d98a2f000 rw-p 00000000 00:00 0 
7f3d98a2f000-7f3d98de5000 ---p 00000000 00:00 0 
7f3d98de5000-7f3d99055000 rwxp 00000000 00:00 0 
7f3d99055000-7f3da7de5000 ---p 00000000 00:00 0 
7f3da7de5000-7f3da7dff000 r-xp 00000000 08:01 13766358                   /usr/lib/jvm/java-8-oracle/jre/lib/amd64/libzip.so
7f3da7dff000-7f3da7fff000 ---p 0001a000 08:01 13766358                   /usr/lib/jvm/java-8-oracle/jre/lib/amd64/libzip.so
7f3da7fff000-7f3da8000000 rw-p 0001a000 08:01 13766358                   /usr/lib/jvm/java-8-oracle/jre/lib/amd64/libzip.so
7f3da8000000-7f3da8068000 rw-p 00000000 00:00 0 
7f3da8068000-7f3dac000000 ---p 00000000 00:00 0 
7f3dac02c000-7f3dac03c000 rw-p 00000000 00:00 0 
7f3dac03c000-7f3dac182000 ---p 00000000 00:00 0 
7f3dac182000-7f3dac18d000 r-xp 00000000 08:01 2621673                    /lib/x86_64-linux-gnu/libnss_files-2.15.so
7f3dac18d000-7f3dac38c000 ---p 0000b000 08:01 2621673                    /lib/x86_64-linux-gnu/libnss_files-2.15.so
7f3dac38c000-7f3dac38d000 r--p 0000a000 08:01 2621673                    /lib/x86_64-linux-gnu/libnss_files-2.15.so
7f3dac38d000-7f3dac38e000 rw-p 0000b000 08:01 2621673                    /lib/x86_64-linux-gnu/libnss_files-2.15.so
7f3dac38e000-7f3dac398000 r-xp 00000000 08:01 2621658                    /lib/x86_64-linux-gnu/libnss_nis-2.15.so
7f3dac398000-7f3dac598000 ---p 0000a000 08:01 2621658                    /lib/x86_64-linux-gnu/libnss_nis-2.15.so
7f3dac598000-7f3dac599000 r--p 0000a000 08:01 2621658                    /lib/x86_64-linux-gnu/libnss_nis-2.15.so
7f3dac599000-7f3dac59a000 rw-p 0000b000 08:01 2621658                    /lib/x86_64-linux-gnu/libnss_nis-2.15.so
7f3dac59a000-7f3dac5b1000 r-xp 00000000 08:01 2621667                    /lib/x86_64-linux-gnu/libnsl-2.15.so
7f3dac5b1000-7f3dac7b0000 ---p 00017000 08:01 2621667                    /lib/x86_64-linux-gnu/libnsl-2.15.so
7f3dac7b0000-7f3dac7b1000 r--p 00016000 08:01 2621667                    /lib/x86_64-linux-gnu/libnsl-2.15.so
7f3dac7b1000-7f3dac7b2000 rw-p 00017000 08:01 2621667                    /lib/x86_64-linux-gnu/libnsl-2.15.so
7f3dac7b2000-7f3dac7b4000 rw-p 00000000 00:00 0 
7f3dac7b4000-7f3dac7bc000 r-xp 00000000 08:01 2621672                    /lib/x86_64-linux-gnu/libnss_compat-2.15.so
7f3dac7bc000-7f3dac9bb000 ---p 00008000 08:01 2621672                    /lib/x86_64-linux-gnu/libnss_compat-2.15.so
7f3dac9bb000-7f3dac9bc000 r--p 00007000 08:01 2621672                    /lib/x86_64-linux-gnu/libnss_compat-2.15.so
7f3dac9bc000-7f3dac9bd000 rw-p 00008000 08:01 2621672                    /lib/x86_64-linux-gnu/libnss_compat-2.15.so
7f3dac9bd000-7f3dac9e7000 r-xp 00000000 08:01 13766323                   /usr/lib/jvm/java-8-oracle/jre/lib/amd64/libjava.so
7f3dac9e7000-7f3dacbe7000 ---p 0002a000 08:01 13766323                   /usr/lib/jvm/java-8-oracle/jre/lib/amd64/libjava.so
7f3dacbe7000-7f3dacbe9000 rw-p 0002a000 08:01 13766323                   /usr/lib/jvm/java-8-oracle/jre/lib/amd64/libjava.so
7f3dacbe9000-7f3dacbf6000 r-xp 00000000 08:01 13766361                   /usr/lib/jvm/java-8-oracle/jre/lib/amd64/libverify.so
7f3dacbf6000-7f3dacdf6000 ---p 0000d000 08:01 13766361                   /usr/lib/jvm/java-8-oracle/jre/lib/amd64/libverify.so
7f3dacdf6000-7f3dacdf8000 rw-p 0000d000 08:01 13766361                   /usr/lib/jvm/java-8-oracle/jre/lib/amd64/libverify.so
7f3dacdf8000-7f3dacdff000 r-xp 00000000 08:01 2621660                    /lib/x86_64-linux-gnu/librt-2.15.so
7f3dacdff000-7f3dacffe000 ---p 00007000 08:01 2621660                    /lib/x86_64-linux-gnu/librt-2.15.so
7f3dacffe000-7f3dacfff000 r--p 00006000 08:01 2621660                    /lib/x86_64-linux-gnu/librt-2.15.so
7f3dacfff000-7f3dad000000 rw-p 00007000 08:01 2621660                    /lib/x86_64-linux-gnu/librt-2.15.so
7f3dad000000-7f3dad0fb000 r-xp 00000000 08:01 2621674                    /lib/x86_64-linux-gnu/libm-2.15.so
7f3dad0fb000-7f3dad2fa000 ---p 000fb000 08:01 2621674                    /lib/x86_64-linux-gnu/libm-2.15.so
7f3dad2fa000-7f3dad2fb000 r--p 000fa000 08:01 2621674                    /lib/x86_64-linux-gnu/libm-2.15.so
7f3dad2fb000-7f3dad2fc000 rw-p 000fb000 08:01 2621674                    /lib/x86_64-linux-gnu/libm-2.15.so
7f3dad2fc000-7f3dadfc7000 r-xp 00000000 08:01 13894575                   /usr/lib/jvm/java-8-oracle/jre/lib/amd64/server/libjvm.so
7f3dadfc7000-7f3dae1c6000 ---p 00ccb000 08:01 13894575                   /usr/lib/jvm/java-8-oracle/jre/lib/amd64/server/libjvm.so
7f3dae1c6000-7f3dae29f000 rw-p 00cca000 08:01 13894575                   /usr/lib/jvm/java-8-oracle/jre/lib/amd64/server/libjvm.so
7f3dae29f000-7f3dae2ea000 rw-p 00000000 00:00 0 
7f3dae2ea000-7f3dae49e000 r-xp 00000000 08:01 2621665                    /lib/x86_64-linux-gnu/libc-2.15.so
7f3dae49e000-7f3dae69d000 ---p 001b4000 08:01 2621665                    /lib/x86_64-linux-gnu/libc-2.15.so
7f3dae69d000-7f3dae6a1000 r--p 001b3000 08:01 2621665                    /lib/x86_64-linux-gnu/libc-2.15.so
7f3dae6a1000-7f3dae6a3000 rw-p 001b7000 08:01 2621665                    /lib/x86_64-linux-gnu/libc-2.15.so
7f3dae6a3000-7f3dae6a8000 rw-p 00000000 00:00 0 
7f3dae6a8000-7f3dae6aa000 r-xp 00000000 08:01 2621657                    /lib/x86_64-linux-gnu/libdl-2.15.so
7f3dae6aa000-7f3dae8aa000 ---p 00002000 08:01 2621657                    /lib/x86_64-linux-gnu/libdl-2.15.so
7f3dae8aa000-7f3dae8ab000 r--p 00002000 08:01 2621657                    /lib/x86_64-linux-gnu/libdl-2.15.so
7f3dae8ab000-7f3dae8ac000 rw-p 00003000 08:01 2621657                    /lib/x86_64-linux-gnu/libdl-2.15.so
7f3dae8ac000-7f3dae8c1000 r-xp 00000000 08:01 2627921                    /usr/lib/jvm/java-8-oracle/lib/amd64/jli/libjli.so
7f3dae8c1000-7f3daeac1000 ---p 00015000 08:01 2627921                    /usr/lib/jvm/java-8-oracle/lib/amd64/jli/libjli.so
7f3daeac1000-7f3daeac2000 rw-p 00015000 08:01 2627921                    /usr/lib/jvm/java-8-oracle/lib/amd64/jli/libjli.so
7f3daeac2000-7f3daeada000 r-xp 00000000 08:01 2621668                    /lib/x86_64-linux-gnu/libpthread-2.15.so
7f3daeada000-7f3daecd9000 ---p 00018000 08:01 2621668                    /lib/x86_64-linux-gnu/libpthread-2.15.so
7f3daecd9000-7f3daecda000 r--p 00017000 08:01 2621668                    /lib/x86_64-linux-gnu/libpthread-2.15.so
7f3daecda000-7f3daecdb000 rw-p 00018000 08:01 2621668                    /lib/x86_64-linux-gnu/libpthread-2.15.so
7f3daecdb000-7f3daecdf000 rw-p 00000000 00:00 0 
7f3daecdf000-7f3daed01000 r-xp 00000000 08:01 2621671                    /lib/x86_64-linux-gnu/ld-2.15.so
7f3daed4a000-7f3daede1000 rw-p 00000000 00:00 0 
7f3daede1000-7f3daede4000 ---p 00000000 00:00 0 
7f3daede4000-7f3daeee6000 rw-p 00000000 00:00 0                          [stack:27923]
7f3daeef2000-7f3daeef5000 rw-p 00000000 00:00 0 
7f3daeef5000-7f3daeefd000 rw-s 00000000 08:01 4850125                    /tmp/hsperfdata_lin/27916
7f3daeefd000-7f3daeefe000 rw-p 00000000 00:00 0 
7f3daeefe000-7f3daeeff000 r--p 00000000 00:00 0 
7f3daeeff000-7f3daef01000 rw-p 00000000 00:00 0 
7f3daef01000-7f3daef02000 r--p 00022000 08:01 2621671                    /lib/x86_64-linux-gnu/ld-2.15.so
7f3daef02000-7f3daef04000 rw-p 00023000 08:01 2621671                    /lib/x86_64-linux-gnu/ld-2.15.so
7fff004d4000-7fff004f5000 rw-p 00000000 00:00 0                          [stack]
7fff005e0000-7fff005e2000 r-xp 00000000 00:00 0                          [vdso]
ffffffffff600000-ffffffffff601000 r-xp 00000000 00:00 0                  [vsyscall]

VM Arguments:
jvm_args: -Djava.awt.headless=true -Xmx1024M -Dfile.encoding=UTF-8 -Duser.country=US -Duser.language=en -Duser.variant 
java_command: com.android.dx.command.Main --dex --num-threads=4 --output /home/lin/other/AndroidProjects/Radio/app/build/intermediates/pre-dexed/debug/internal_impl-23.4.0_b5619ed93d7f9003535a36ca45adce4d95a69933.jar /home/lin/other/AndroidProjects/Radio/app/build/intermediates/exploded-aar/com.android.support/support-v4/23.4.0/jars/libs/internal_impl-23.4.0.jar
java_class_path (initial): /home/lin/Android/Sdk/build-tools/23.0.3/lib/dx.jar
Launcher Type: SUN_STANDARD

Environment Variables:
PATH=/usr/lib/lightdm/lightdm:/usr/local/sbin:/usr/local/bin:/usr/sbin:/usr/bin:/sbin:/bin:/usr/games
LD_LIBRARY_PATH=/opt/android-studio/bin:
SHELL=/bin/bash
DISPLAY=:0.0

Signal Handlers:
SIGSEGV: [libjvm.so+0xac4790], sa_mask[0]=11111111011111111101111111111110, sa_flags=SA_RESTART|SA_SIGINFO
SIGBUS: [libjvm.so+0xac4790], sa_mask[0]=11111111011111111101111111111110, sa_flags=SA_RESTART|SA_SIGINFO
SIGFPE: [libjvm.so+0x91f140], sa_mask[0]=11111111011111111101111111111110, sa_flags=SA_RESTART|SA_SIGINFO
SIGPIPE: [libjvm.so+0x91f140], sa_mask[0]=11111111011111111101111111111110, sa_flags=SA_RESTART|SA_SIGINFO
SIGXFSZ: [libjvm.so+0x91f140], sa_mask[0]=11111111011111111101111111111110, sa_flags=SA_RESTART|SA_SIGINFO
SIGILL: [libjvm.so+0x91f140], sa_mask[0]=11111111011111111101111111111110, sa_flags=SA_RESTART|SA_SIGINFO
SIGUSR1: SIG_DFL, sa_mask[0]=00000000000000000000000000000000, sa_flags=none
SIGUSR2: [libjvm.so+0x920770], sa_mask[0]=00100000000000000000000000000000, sa_flags=SA_RESTART|SA_SIGINFO
SIGHUP: SIG_DFL, sa_mask[0]=00000000000000000000000000000000, sa_flags=none
SIGINT: SIG_DFL, sa_mask[0]=00000000000000000000000000000000, sa_flags=none
SIGTERM: SIG_DFL, sa_mask[0]=00000000000000000000000000000000, sa_flags=none
SIGQUIT: SIG_DFL, sa_mask[0]=00000000000000000000000000000000, sa_flags=none


---------------  S Y S T E M  ---------------

OS:DISTRIB_ID=Ubuntu
DISTRIB_RELEASE=12.04
DISTRIB_CODENAME=precise
DISTRIB_DESCRIPTION="Ubuntu 12.04.5 LTS"

uname:Linux 3.13.0-93-generic #140~precise1-Ubuntu SMP Tue Jul 19 19:55:11 UTC 2016 x86_64
libc:glibc 2.15 NPTL 2.15 
rlimit: STACK 8192k, CORE 0k, NPROC 22873, NOFILE 4096, AS infinity
load average:2.79 1.26 1.68

/proc/meminfo:
MemTotal:        2948840 kB
MemFree:           94408 kB
Buffers:           33060 kB
Cached:           749668 kB
SwapCached:        43380 kB
Active:          1979056 kB
Inactive:         717160 kB
Active(anon):    1657820 kB
Inactive(anon):   392892 kB
Active(file):     321236 kB
Inactive(file):   324268 kB
Unevictable:           0 kB
Mlocked:               0 kB
SwapTotal:       3008508 kB
SwapFree:        2622880 kB
Dirty:             11312 kB
Writeback:             0 kB
AnonPages:       1894360 kB
Mapped:           125816 kB
Shmem:            137320 kB
Slab:              70900 kB
SReclaimable:      43788 kB
SUnreclaim:        27112 kB
KernelStack:        4152 kB
PageTables:        31784 kB
NFS_Unstable:          0 kB
Bounce:                0 kB
WritebackTmp:          0 kB
CommitLimit:     4482928 kB
Committed_AS:    5070236 kB
VmallocTotal:   34359738367 kB
VmallocUsed:      346400 kB
VmallocChunk:   34359384156 kB
HardwareCorrupted:     0 kB
AnonHugePages:    653312 kB
HugePages_Total:       0
HugePages_Free:        0
HugePages_Rsvd:        0
HugePages_Surp:        0
Hugepagesize:       2048 kB
DirectMap4k:       61828 kB
DirectMap2M:     2949120 kB


CPU:total 2 (2 cores per cpu, 1 threads per core) family 6 model 15 stepping 13, cmov, cx8, fxsr, mmx, sse, sse2, sse3, ssse3, tsc

/proc/cpuinfo:
processor	: 0
vendor_id	: GenuineIntel
cpu family	: 6
model		: 15
model name	: Genuine Intel(R) CPU           T1600  @ 1.66GHz
stepping	: 13
microcode	: 0xa3
cpu MHz		: 1662.448
cache size	: 1024 KB
physical id	: 0
siblings	: 2
core id		: 0
cpu cores	: 2
apicid		: 0
initial apicid	: 0
fpu		: yes
fpu_exception	: yes
cpuid level	: 10
wp		: yes
flags		: fpu vme de pse tsc msr pae mce cx8 apic sep mtrr pge mca cmov pat pse36 clflush dts acpi mmx fxsr sse sse2 ss ht tm pbe syscall nx lm constant_tsc arch_perfmon pebs bts rep_good nopl aperfmperf pni dtes64 monitor ds_cpl tm2 ssse3 cx16 xtpr pdcm lahf_lm dtherm
bogomips	: 3324.89
clflush size	: 64
cache_alignment	: 64
address sizes	: 36 bits physical, 48 bits virtual
power management:

processor	: 1
vendor_id	: GenuineIntel
cpu family	: 6
model		: 15
model name	: Genuine Intel(R) CPU           T1600  @ 1.66GHz
stepping	: 13
microcode	: 0xa3
cpu MHz		: 1662.448
cache size	: 1024 KB
physical id	: 0
siblings	: 2
core id		: 1
cpu cores	: 2
apicid		: 1
initial apicid	: 1
fpu		: yes
fpu_exception	: yes
cpuid level	: 10
wp		: yes
flags		: fpu vme de pse tsc msr pae mce cx8 apic sep mtrr pge mca cmov pat pse36 clflush dts acpi mmx fxsr sse sse2 ss ht tm pbe syscall nx lm constant_tsc arch_perfmon pebs bts rep_good nopl aperfmperf pni dtes64 monitor ds_cpl tm2 ssse3 cx16 xtpr pdcm lahf_lm dtherm
bogomips	: 3324.89
clflush size	: 64
cache_alignment	: 64
address sizes	: 36 bits physical, 48 bits virtual
power management:



Memory: 4k page, physical 2948840k(94408k free), swap 3008508k(2622880k free)

vm_info: Java HotSpot(TM) 64-Bit Server VM (25.101-b13) for linux-amd64 JRE (1.8.0_101-b13), built on Jun 22 2016 02:59:44 by "java_re" with gcc 4.3.0 20080428 (Red Hat 4.3.0-8)

time: Tue Aug 16 22:21:16 2016
elapsed time: 0 seconds (0d 0h 0m 0s)

