#
# A fatal error has been detected by the Java Runtime Environment:
#
#  SIGSEGV (0xb) at pc=0x00007f7a703515a3, pid=21736, tid=0x00007f7a6df18700
#
# JRE version: Java(TM) SE Runtime Environment (8.0_101-b13) (build 1.8.0_101-b13)
# Java VM: Java HotSpot(TM) 64-Bit Server VM (25.101-b13 mixed mode linux-amd64 compressed oops)
# Problematic frame:
# V  [libjvm.so+0x98c5a3]  oopDesc* PSPromotionManager::copy_to_survivor_space<false>(oopDesc*)+0x143
#
# Failed to write core dump. Core dumps have been disabled. To enable core dumping, try "ulimit -c unlimited" before starting Java again
#
# If you would like to submit a bug report, please visit:
#   http://bugreport.java.com/bugreport/crash.jsp
#

---------------  T H R E A D  ---------------

Current thread (0x00007f7a6801f000):  GCTaskThread [stack: 0x00007f7a6de18000,0x00007f7a6df19000] [id=21742]

siginfo: si_signo: 11 (SIGSEGV), si_code: 1 (SEGV_MAPERR), si_addr: 0x0000000000000010

Registers:
RAX=0x00007f7a70952b90, RBX=0x00000000edc147c0, RCX=0x0000000000000003, RDX=0x0000000000000001
RSP=0x00007f7a6df17b30, RBP=0x00007f7a6df17ba0, RSI=0x00000000ebefaba0, RDI=0x0000000000000008
R8 =0x00000000edc14d28, R9 =0x00007f7a70986290, R10=0x00007f7a70977059, R11=0x00007f7a6df17ae0
R12=0x00000000ebefaba0, R13=0x00000000ebefaba8, R14=0x0000000000000000, R15=0x00007f7a68071168
RIP=0x00007f7a703515a3, EFLAGS=0x0000000000010202, CSGSFS=0x0000000000000033, ERR=0x0000000000000004
  TRAPNO=0x000000000000000e

Top of Stack: (sp=0x00007f7a6df17b30)
0x00007f7a6df17b30:   000000010007ca28 00007f7a70977059
0x00007f7a6df17b40:   00007f7a68071128 00007f7a68071100
0x00007f7a6df17b50:   00000000c0bb4fb8 0000000000000400
0x00007f7a6df17b60:   00000000edc10270 0000000000001000
0x00007f7a6df17b70:   00007f7a6df17c20 00000000edc147c0
0x00007f7a6df17b80:   00007f7a68071100 00007f7a70952b80
0x00007f7a6df17b90:   0000000000000000 00007f7a68071168
0x00007f7a6df17ba0:   00007f7a6df17c90 00007f7a70350e70
0x00007f7a6df17bb0:   00007f7a6df17c10 00007f7a6df17c20
0x00007f7a6df17bc0:   00007f7a6df17c30 00007f7a6df17bf0
0x00007f7a6df17bd0:   00007f7a6df17c00 00007f7a6df17c50
0x00007f7a6df17be0:   00000000ee5613b0 00007f7a68071198
0x00007f7a6df17bf0:   0000000000000000 00007f7a71196104
0x00007f7a6df17c00:   00007f7a68071100 00007f7a70952b80
0x00007f7a6df17c10:   00000000c00dffdd 00007f7a702c45af
0x00007f7a6df17c20:   000000010006ad50 00000000c00dffdc
0x00007f7a6df17c30:   00007f7a6df17c90 00007f7a70013ac0
0x00007f7a6df17c40:   00000000c00d6881 00007f7a70986290
0x00007f7a6df17c50:   00000000edc147c1 00007f7a68071160
0x00007f7a6df17c60:   0000000000000000 00000000c00e0000
0x00007f7a6df17c70:   00000000c00e0000 00007f7a6e06f701
0x00007f7a6df17c80:   00007f7a6801ae40 00007f7a6e06f701
0x00007f7a6df17c90:   00007f7a6df17d50 00007f7a6fdc413e
0x00007f7a6df17ca0:   00007f7a6801ecd0 00007f7a6e06f700
0x00007f7a6df17cb0:   00007f7a6e06f681 00007f7a70977059
0x00007f7a6df17cc0:   00007f7a68071100 00000000c0b3e0b8
0x00007f7a6df17cd0:   00007f7a6801ab80 00007f7a6e0749f1
0x00007f7a6df17ce0:   00000000c00d4e18 0000000000000100
0x00007f7a6df17cf0:   00000000c00e0000 00007f7a6e06f6ab
0x00007f7a6df17d00:   0000000000000240 00007f7a6e06f700
0x00007f7a6df17d10:   00007f7a6e06f780 00007f7a6e06f701
0x00007f7a6df17d20:   00007f7a6e06f6ab 00007f7a680236a0 

Instructions: (pc=0x00007f7a703515a3)
0x00007f7a70351583:   83 e0 07 48 83 f8 05 75 d3 31 db eb d6 48 8b 05
0x00007f7a70351593:   f1 24 5e 00 8b 7e 08 8b 48 08 48 d3 e7 48 03 38
0x00007f7a703515a3:   8b 77 08 83 fe 00 0f 8f 0a ff ff ff 0f 85 4b 02
0x00007f7a703515b3:   00 00 0f 1f 00 48 8b 07 4c 89 e6 4c 89 55 98 ff 

Register to memory mapping:

RAX=0x00007f7a70952b90: <offset 0xf8db90> in /usr/lib/jvm/java-8-oracle/jre/lib/amd64/server/libjvm.so at 0x00007f7a6f9c5000
RBX=0x00000000edc147c0 is an oop

[error occurred during error reporting (printing register info), id 0xb]

Stack: [0x00007f7a6de18000,0x00007f7a6df19000],  sp=0x00007f7a6df17b30,  free space=1022k
Native frames: (J=compiled Java code, j=interpreted, Vv=VM code, C=native code)
V  [libjvm.so+0x98c5a3]  oopDesc* PSPromotionManager::copy_to_survivor_space<false>(oopDesc*)+0x143
V  [libjvm.so+0x98be70]  PSPromotionManager::drain_stacks_depth(bool)+0x830
V  [libjvm.so+0x3ff13e]  CardTableExtension::scavenge_contents_parallel(ObjectStartArray*, MutableSpace*, HeapWord*, PSPromotionManager*, unsigned int, unsigned int)+0xafe
V  [libjvm.so+0x98f6eb]  OldToYoungRootsTask::do_it(GCTaskManager*, unsigned int)+0x4b
V  [libjvm.so+0x5d6b5f]  GCTaskThread::run()+0x12f
V  [libjvm.so+0x924698]  java_start(Thread*)+0x108


---------------  P R O C E S S  ---------------

Java Threads: ( => current thread )
  0x00007f7a68142000 JavaThread "pool-1-thread-4" [_thread_blocked, id=21779, stack(0x00007f7a56316000,0x00007f7a56417000)]
  0x00007f7a68140800 JavaThread "pool-1-thread-3" [_thread_blocked, id=21778, stack(0x00007f7a56417000,0x00007f7a56518000)]
  0x00007f7a6813f000 JavaThread "pool-1-thread-2" [_thread_blocked, id=21777, stack(0x00007f7a56518000,0x00007f7a56619000)]
  0x00007f7a6813d000 JavaThread "pool-2-thread-1" [_thread_blocked, id=21776, stack(0x00007f7a56619000,0x00007f7a5671a000)]
  0x00007f7a6813a800 JavaThread "pool-1-thread-1" [_thread_blocked, id=21775, stack(0x00007f7a5671a000,0x00007f7a5681b000)]
  0x00007f7a680ba000 JavaThread "Service Thread" daemon [_thread_blocked, id=21751, stack(0x00007f7a6c048000,0x00007f7a6c149000)]
  0x00007f7a680b7800 JavaThread "C1 CompilerThread1" daemon [_thread_blocked, id=21750, stack(0x00007f7a6c149000,0x00007f7a6c24a000)]
  0x00007f7a680b4800 JavaThread "C2 CompilerThread0" daemon [_thread_blocked, id=21749, stack(0x00007f7a6c24a000,0x00007f7a6c34b000)]
  0x00007f7a680b3000 JavaThread "Signal Dispatcher" daemon [_thread_blocked, id=21748, stack(0x00007f7a6c34b000,0x00007f7a6c44c000)]
  0x00007f7a68080000 JavaThread "Finalizer" daemon [_thread_blocked, id=21746, stack(0x00007f7a6c44c000,0x00007f7a6c54d000)]
  0x00007f7a6807b800 JavaThread "Reference Handler" daemon [_thread_blocked, id=21745, stack(0x00007f7a6c54d000,0x00007f7a6c64e000)]
  0x00007f7a6800a000 JavaThread "main" [_thread_blocked, id=21739, stack(0x00007f7a714aa000,0x00007f7a715ab000)]

Other Threads:
  0x00007f7a68073800 VMThread [stack: 0x00007f7a6c64e000,0x00007f7a6c74f000] [id=21744]
  0x00007f7a680bd000 WatcherThread [stack: 0x00007f7a5681b000,0x00007f7a5691c000] [id=21754]

=>0x00007f7a6801f000 (exited) GCTaskThread [stack: 0x00007f7a6de18000,0x00007f7a6df19000] [id=21742]

VM state:at safepoint (normal execution)

VM Mutex/Monitor currently owned by a thread:  ([mutex/lock_event])
[0x00007f7a680064c0] Threads_lock - owner thread: 0x00007f7a68073800
[0x00007f7a680069c0] Heap_lock - owner thread: 0x00007f7a6813a800

Heap:
 PSYoungGen      total 53760K, used 53508K [0x00000000eab00000, 0x00000000ee800000, 0x0000000100000000)
  eden space 48128K, 100% used [0x00000000eab00000,0x00000000eda00000,0x00000000eda00000)
  from space 5632K, 95% used [0x00000000ee080000,0x00000000ee5c13b0,0x00000000ee600000)
  to   space 6656K, 42% used [0x00000000eda00000,0x00000000edcc8270,0x00000000ee080000)
 ParOldGen       total 31744K, used 12027K [0x00000000c0000000, 0x00000000c1f00000, 0x00000000eab00000)
  object space 31744K, 37% used [0x00000000c0000000,0x00000000c0bbefb8,0x00000000c1f00000)
 Metaspace       used 6027K, capacity 6936K, committed 7168K, reserved 1056768K
  class space    used 614K, capacity 656K, committed 768K, reserved 1048576K

Card table byte_map: [0x00007f7a6e06f000,0x00007f7a6e270000] byte_map_base: 0x00007f7a6da6f000

Marking Bits: (ParMarkBitMap*) 0x00007f7a70986120
 Begin Bits: [0x00007f7a57000000, 0x00007f7a58000000)
 End Bits:   [0x00007f7a58000000, 0x00007f7a59000000)

Polling page: 0x00007f7a715c7000

CodeCache: size=245760Kb used=4273Kb max_used=4273Kb free=241486Kb
 bounds [0x00007f7a59000000, 0x00007f7a59430000, 0x00007f7a68000000]
 total_blobs=1356 nmethods=1088 adapters=182
 compilation: enabled

Compilation events (10 events):
Event: 12.277 Thread 0x00007f7a680b7800 nmethod 1482% 0x00007f7a594196d0 code [0x00007f7a59419a80, 0x00007f7a5941bfb8]
Event: 12.277 Thread 0x00007f7a680b7800 1484 %     3       com.android.dx.cf.code.BaseMachine::popArgs @ 34 (62 bytes)
Event: 12.284 Thread 0x00007f7a680b7800 nmethod 1484% 0x00007f7a5941d290 code [0x00007f7a5941d440, 0x00007f7a5941db38]
Event: 12.284 Thread 0x00007f7a680b7800 1485       2       com.android.dx.dex.code.RopTranslator::pickOrder (400 bytes)
Event: 12.319 Thread 0x00007f7a680b7800 nmethod 1485 0x00007f7a5941de10 code [0x00007f7a5941e060, 0x00007f7a5941ec18]
Event: 12.319 Thread 0x00007f7a680b7800 1486 %     3       com.android.dx.ssa.Dominators::run @ 137 (506 bytes)
Event: 12.386 Thread 0x00007f7a680b7800 nmethod 1486% 0x00007f7a59424e90 code [0x00007f7a59425480, 0x00007f7a594296f8]
Event: 12.386 Thread 0x00007f7a680b7800 1496 %     3       com.android.dx.cf.iface.StdAttributeList::findFirst @ 7 (44 bytes)
Event: 12.387 Thread 0x00007f7a680b7800 nmethod 1496% 0x00007f7a5942cf10 code [0x00007f7a5942d0c0, 0x00007f7a5942d898]
Event: 12.387 Thread 0x00007f7a680b7800 1493 %     3       com.android.dx.ssa.SsaConverter::edgeSplitSuccessors @ 45 (98 bytes)

GC Heap History (10 events):
Event: 5.747 GC heap after
Heap after GC invocations=2 (full 0):
 PSYoungGen      total 13824K, used 1505K [0x00000000eab00000, 0x00000000ec600000, 0x0000000100000000)
  eden space 12288K, 0% used [0x00000000eab00000,0x00000000eab00000,0x00000000eb700000)
  from space 1536K, 98% used [0x00000000eb880000,0x00000000eb9f8698,0x00000000eba00000)
  to   space 1536K, 0% used [0x00000000eb700000,0x00000000eb700000,0x00000000eb880000)
 ParOldGen       total 31744K, used 3064K [0x00000000c0000000, 0x00000000c1f00000, 0x00000000eab00000)
  object space 31744K, 9% used [0x00000000c0000000,0x00000000c02fe010,0x00000000c1f00000)
 Metaspace       used 5668K, capacity 6640K, committed 6784K, reserved 1056768K
  class space    used 592K, capacity 616K, committed 640K, reserved 1048576K
}
Event: 6.937 GC heap before
{Heap before GC invocations=3 (full 0):
 PSYoungGen      total 13824K, used 13793K [0x00000000eab00000, 0x00000000ec600000, 0x0000000100000000)
  eden space 12288K, 100% used [0x00000000eab00000,0x00000000eb700000,0x00000000eb700000)
  from space 1536K, 98% used [0x00000000eb880000,0x00000000eb9f8698,0x00000000eba00000)
  to   space 1536K, 0% used [0x00000000eb700000,0x00000000eb700000,0x00000000eb880000)
 ParOldGen       total 31744K, used 3267K [0x00000000c0000000, 0x00000000c1f00000, 0x00000000eab00000)
  object space 31744K, 10% used [0x00000000c0000000,0x00000000c0330c98,0x00000000c1f00000)
 Metaspace       used 5729K, capacity 6704K, committed 6784K, reserved 1056768K
  class space    used 592K, capacity 616K, committed 640K, reserved 1048576K
Event: 7.016 GC heap after
Heap after GC invocations=3 (full 0):
 PSYoungGen      total 13824K, used 1528K [0x00000000eab00000, 0x00000000ec600000, 0x0000000100000000)
  eden space 12288K, 0% used [0x00000000eab00000,0x00000000eab00000,0x00000000eb700000)
  from space 1536K, 99% used [0x00000000eb700000,0x00000000eb87e1a0,0x00000000eb880000)
  to   space 1536K, 0% used [0x00000000ec480000,0x00000000ec480000,0x00000000ec600000)
 ParOldGen       total 31744K, used 5382K [0x00000000c0000000, 0x00000000c1f00000, 0x00000000eab00000)
  object space 31744K, 16% used [0x00000000c0000000,0x00000000c0541ae0,0x00000000c1f00000)
 Metaspace       used 5729K, capacity 6704K, committed 6784K, reserved 1056768K
  class space    used 592K, capacity 616K, committed 640K, reserved 1048576K
}
Event: 7.693 GC heap before
{Heap before GC invocations=4 (full 0):
 PSYoungGen      total 13824K, used 13816K [0x00000000eab00000, 0x00000000ec600000, 0x0000000100000000)
  eden space 12288K, 100% used [0x00000000eab00000,0x00000000eb700000,0x00000000eb700000)
  from space 1536K, 99% used [0x00000000eb700000,0x00000000eb87e1a0,0x00000000eb880000)
  to   space 1536K, 0% used [0x00000000ec480000,0x00000000ec480000,0x00000000ec600000)
 ParOldGen       total 31744K, used 5384K [0x00000000c0000000, 0x00000000c1f00000, 0x00000000eab00000)
  object space 31744K, 16% used [0x00000000c0000000,0x00000000c0542200,0x00000000c1f00000)
 Metaspace       used 5764K, capacity 6768K, committed 7040K, reserved 1056768K
  class space    used 593K, capacity 616K, committed 640K, reserved 1048576K
Event: 7.782 GC heap after
Heap after GC invocations=4 (full 0):
 PSYoungGen      total 26112K, used 1510K [0x00000000eab00000, 0x00000000ec600000, 0x0000000100000000)
  eden space 24576K, 0% used [0x00000000eab00000,0x00000000eab00000,0x00000000ec300000)
  from space 1536K, 98% used [0x00000000ec480000,0x00000000ec5f9b18,0x00000000ec600000)
  to   space 1536K, 0% used [0x00000000ec300000,0x00000000ec300000,0x00000000ec480000)
 ParOldGen       total 31744K, used 7813K [0x00000000c0000000, 0x00000000c1f00000, 0x00000000eab00000)
  object space 31744K, 24% used [0x00000000c0000000,0x00000000c07a15b0,0x00000000c1f00000)
 Metaspace       used 5764K, capacity 6768K, committed 7040K, reserved 1056768K
  class space    used 593K, capacity 616K, committed 640K, reserved 1048576K
}
Event: 8.985 GC heap before
{Heap before GC invocations=5 (full 0):
 PSYoungGen      total 26112K, used 26086K [0x00000000eab00000, 0x00000000ec600000, 0x0000000100000000)
  eden space 24576K, 100% used [0x00000000eab00000,0x00000000ec300000,0x00000000ec300000)
  from space 1536K, 98% used [0x00000000ec480000,0x00000000ec5f9b18,0x00000000ec600000)
  to   space 1536K, 0% used [0x00000000ec300000,0x00000000ec300000,0x00000000ec480000)
 ParOldGen       total 31744K, used 7813K [0x00000000c0000000, 0x00000000c1f00000, 0x00000000eab00000)
  object space 31744K, 24% used [0x00000000c0000000,0x00000000c07a15b0,0x00000000c1f00000)
 Metaspace       used 5799K, capacity 6768K, committed 7040K, reserved 1056768K
  class space    used 593K, capacity 616K, committed 640K, reserved 1048576K
Event: 9.146 GC heap after
Heap after GC invocations=5 (full 0):
 PSYoungGen      total 26112K, used 1527K [0x00000000eab00000, 0x00000000ee600000, 0x0000000100000000)
  eden space 24576K, 0% used [0x00000000eab00000,0x00000000eab00000,0x00000000ec300000)
  from space 1536K, 99% used [0x00000000ec300000,0x00000000ec47dcf0,0x00000000ec480000)
  to   space 5632K, 0% used [0x00000000ee080000,0x00000000ee080000,0x00000000ee600000)
 ParOldGen       total 31744K, used 11512K [0x00000000c0000000, 0x00000000c1f00000, 0x00000000eab00000)
  object space 31744K, 36% used [0x00000000c0000000,0x00000000c0b3e0b8,0x00000000c1f00000)
 Metaspace       used 5799K, capacity 6768K, committed 7040K, reserved 1056768K
  class space    used 593K, capacity 616K, committed 640K, reserved 1048576K
}
Event: 10.336 GC heap before
{Heap before GC invocations=6 (full 0):
 PSYoungGen      total 26112K, used 26103K [0x00000000eab00000, 0x00000000ee600000, 0x0000000100000000)
  eden space 24576K, 100% used [0x00000000eab00000,0x00000000ec300000,0x00000000ec300000)
  from space 1536K, 99% used [0x00000000ec300000,0x00000000ec47dcf0,0x00000000ec480000)
  to   space 5632K, 0% used [0x00000000ee080000,0x00000000ee080000,0x00000000ee600000)
 ParOldGen       total 31744K, used 11512K [0x00000000c0000000, 0x00000000c1f00000, 0x00000000eab00000)
  object space 31744K, 36% used [0x00000000c0000000,0x00000000c0b3e0b8,0x00000000c1f00000)
 Metaspace       used 5829K, capacity 6768K, committed 7040K, reserved 1056768K
  class space    used 593K, capacity 616K, committed 640K, reserved 1048576K
Event: 10.448 GC heap after
Heap after GC invocations=6 (full 0):
 PSYoungGen      total 53760K, used 5380K [0x00000000eab00000, 0x00000000ee800000, 0x0000000100000000)
  eden space 48128K, 0% used [0x00000000eab00000,0x00000000eab00000,0x00000000eda00000)
  from space 5632K, 95% used [0x00000000ee080000,0x00000000ee5c13b0,0x00000000ee600000)
  to   space 6656K, 0% used [0x00000000eda00000,0x00000000eda00000,0x00000000ee080000)
 ParOldGen       total 31744K, used 11512K [0x00000000c0000000, 0x00000000c1f00000, 0x00000000eab00000)
  object space 31744K, 36% used [0x00000000c0000000,0x00000000c0b3e0b8,0x00000000c1f00000)
 Metaspace       used 5829K, capacity 6768K, committed 7040K, reserved 1056768K
  class space    used 593K, capacity 616K, committed 640K, reserved 1048576K
}
Event: 12.411 GC heap before
{Heap before GC invocations=7 (full 0):
 PSYoungGen      total 53760K, used 53508K [0x00000000eab00000, 0x00000000ee800000, 0x0000000100000000)
  eden space 48128K, 100% used [0x00000000eab00000,0x00000000eda00000,0x00000000eda00000)
  from space 5632K, 95% used [0x00000000ee080000,0x00000000ee5c13b0,0x00000000ee600000)
  to   space 6656K, 0% used [0x00000000eda00000,0x00000000eda00000,0x00000000ee080000)
 ParOldGen       total 31744K, used 11512K [0x00000000c0000000, 0x00000000c1f00000, 0x00000000eab00000)
  object space 31744K, 36% used [0x00000000c0000000,0x00000000c0b3e0b8,0x00000000c1f00000)
 Metaspace       used 6027K, capacity 6936K, committed 7168K, reserved 1056768K
  class space    used 614K, capacity 656K, committed 768K, reserved 1048576K

Deoptimization events (5 events):
Event: 4.266 Thread 0x00007f7a68142000 Uncommon trap: reason=unstable_if action=reinterpret pc=0x00007f7a591efa10 method=java.util.HashMap.getNode(ILjava/lang/Object;)Ljava/util/HashMap$Node; @ 62
Event: 7.865 Thread 0x00007f7a6800a000 Uncommon trap: reason=null_check action=make_not_entrant pc=0x00007f7a592aaddc method=com.android.dx.ssa.SsaRenamer.getLocalForNewReg(I)Lcom/android/dx/rop/code/LocalItem; @ 19
Event: 8.252 Thread 0x00007f7a6800a000 Uncommon trap: reason=unstable_if action=reinterpret pc=0x00007f7a59224e1c method=com.android.dx.rop.cst.Constant.compareTo(Lcom/android/dx/rop/cst/Constant;)I @ 12
Event: 10.757 Thread 0x00007f7a6800a000 Uncommon trap: reason=unstable_if action=reinterpret pc=0x00007f7a5921e9ac method=java.util.HashMap.getNode(ILjava/lang/Object;)Ljava/util/HashMap$Node; @ 84
Event: 11.336 Thread 0x00007f7a6813a800 Uncommon trap: reason=range_check action=make_not_entrant pc=0x00007f7a591e6c08 method=com.android.dx.util.FixedSizeList.get0(I)Ljava/lang/Object; @ 5

Internal exceptions (7 events):
Event: 0.198 Thread 0x00007f7a6800a000 Exception <a 'java/lang/NoSuchMethodError': Method sun.misc.Unsafe.defineClass(Ljava/lang/String;[BII)Ljava/lang/Class; name or signature does not match> (0x00000000eab07cc0) thrown at [/HUDSON3/workspace/8-2-build-linux-amd64/jdk8u101/7261/hotspot/src/sh
Event: 0.198 Thread 0x00007f7a6800a000 Exception <a 'java/lang/NoSuchMethodError': Method sun.misc.Unsafe.prefetchRead(Ljava/lang/Object;J)V name or signature does not match> (0x00000000eab07fa8) thrown at [/HUDSON3/workspace/8-2-build-linux-amd64/jdk8u101/7261/hotspot/src/share/vm/prims/jni.c
Event: 7.865 Thread 0x00007f7a6800a000 Implicit null exception at 0x00007f7a592a89c2 to 0x00007f7a592aadb9
Event: 10.722 Thread 0x00007f7a6800a000 Exception <a 'java/lang/ArrayIndexOutOfBoundsException': 18> (0x00000000eb0ad8b0) thrown at [/HUDSON3/workspace/8-2-build-linux-amd64/jdk8u101/7261/hotspot/src/share/vm/interpreter/interpreterRuntime.cpp, line 366]
Event: 10.723 Thread 0x00007f7a6800a000 Exception <a 'java/lang/ArrayIndexOutOfBoundsException': 145> (0x00000000eb0af430) thrown at [/HUDSON3/workspace/8-2-build-linux-amd64/jdk8u101/7261/hotspot/src/share/vm/interpreter/interpreterRuntime.cpp, line 366]
Event: 10.738 Thread 0x00007f7a6800a000 Exception <a 'java/lang/ArrayIndexOutOfBoundsException': 40> (0x00000000eb0b0718) thrown at [/HUDSON3/workspace/8-2-build-linux-amd64/jdk8u101/7261/hotspot/src/share/vm/interpreter/interpreterRuntime.cpp, line 366]
Event: 11.337 Thread 0x00007f7a6813a800 Exception <a 'java/lang/ArrayIndexOutOfBoundsException': 262145> (0x00000000ec305678) thrown at [/HUDSON3/workspace/8-2-build-linux-amd64/jdk8u101/7261/hotspot/src/share/vm/interpreter/interpreterRuntime.cpp, line 366]

Events (10 events):
Event: 11.701 Thread 0x00007f7a68140800 DEOPT UNPACKING pc=0x00007f7a59046f73 sp=0x00007f7a56515bb0 mode 0
Event: 11.813 Thread 0x00007f7a68140800 DEOPT PACKING pc=0x00007f7a5938fc27 sp=0x00007f7a56515c30
Event: 11.813 Thread 0x00007f7a68140800 DEOPT UNPACKING pc=0x00007f7a59046f73 sp=0x00007f7a56515a78 mode 0
Event: 11.855 Thread 0x00007f7a68140800 DEOPT PACKING pc=0x00007f7a592148b9 sp=0x00007f7a56515f80
Event: 11.855 Thread 0x00007f7a68140800 DEOPT UNPACKING pc=0x00007f7a59046f73 sp=0x00007f7a56515cd0 mode 0
Event: 12.032 Thread 0x00007f7a68142000 DEOPT PACKING pc=0x00007f7a592094f4 sp=0x00007f7a56414e70
Event: 12.033 Thread 0x00007f7a68142000 DEOPT UNPACKING pc=0x00007f7a59046f73 sp=0x00007f7a56414bc0 mode 0
Event: 12.205 Thread 0x00007f7a6813f000 DEOPT PACKING pc=0x00007f7a592148b9 sp=0x00007f7a56616e90
Event: 12.205 Thread 0x00007f7a6813f000 DEOPT UNPACKING pc=0x00007f7a59046f73 sp=0x00007f7a56616be0 mode 0
Event: 12.399 Executing VM operation: ParallelGCFailedAllocation


Dynamic libraries:
00400000-00401000 r-xp 00000000 08:01 3279757                            /usr/lib/jvm/java-8-oracle/bin/java
00600000-00601000 rw-p 00000000 08:01 3279757                            /usr/lib/jvm/java-8-oracle/bin/java
00eab000-00ef3000 rw-p 00000000 00:00 0                                  [heap]
c0000000-c1f00000 rw-p 00000000 00:00 0 
c1f00000-eab00000 ---p 00000000 00:00 0 
eab00000-ee800000 rw-p 00000000 00:00 0 
ee800000-100000000 ---p 00000000 00:00 0 
100000000-1000c0000 rw-p 00000000 00:00 0 
1000c0000-140000000 ---p 00000000 00:00 0 
7f7a18000000-7f7a18021000 rw-p 00000000 00:00 0 
7f7a18021000-7f7a1c000000 ---p 00000000 00:00 0 
7f7a20000000-7f7a20021000 rw-p 00000000 00:00 0 
7f7a20021000-7f7a24000000 ---p 00000000 00:00 0 
7f7a24000000-7f7a24027000 rw-p 00000000 00:00 0 
7f7a24027000-7f7a28000000 ---p 00000000 00:00 0 
7f7a28000000-7f7a28021000 rw-p 00000000 00:00 0 
7f7a28021000-7f7a2c000000 ---p 00000000 00:00 0 
7f7a2c000000-7f7a2c030000 rw-p 00000000 00:00 0 
7f7a2c030000-7f7a30000000 ---p 00000000 00:00 0 
7f7a30000000-7f7a306aa000 rw-p 00000000 00:00 0 
7f7a306aa000-7f7a34000000 ---p 00000000 00:00 0 
7f7a34000000-7f7a34021000 rw-p 00000000 00:00 0 
7f7a34021000-7f7a38000000 ---p 00000000 00:00 0 
7f7a38000000-7f7a38021000 rw-p 00000000 00:00 0 
7f7a38021000-7f7a3c000000 ---p 00000000 00:00 0 
7f7a3c000000-7f7a3c50b000 rw-p 00000000 00:00 0 
7f7a3c50b000-7f7a40000000 ---p 00000000 00:00 0 
7f7a40000000-7f7a40021000 rw-p 00000000 00:00 0 
7f7a40021000-7f7a44000000 ---p 00000000 00:00 0 
7f7a44000000-7f7a44021000 rw-p 00000000 00:00 0 
7f7a44021000-7f7a48000000 ---p 00000000 00:00 0 
7f7a48000000-7f7a48021000 rw-p 00000000 00:00 0 
7f7a48021000-7f7a4c000000 ---p 00000000 00:00 0 
7f7a4c000000-7f7a4c021000 rw-p 00000000 00:00 0 
7f7a4c021000-7f7a50000000 ---p 00000000 00:00 0 
7f7a50000000-7f7a5029c000 rw-p 00000000 00:00 0 
7f7a5029c000-7f7a54000000 ---p 00000000 00:00 0 
7f7a56316000-7f7a56319000 ---p 00000000 00:00 0 
7f7a56319000-7f7a56417000 rw-p 00000000 00:00 0                          [stack:21779]
7f7a56417000-7f7a5641a000 ---p 00000000 00:00 0 
7f7a5641a000-7f7a56518000 rw-p 00000000 00:00 0                          [stack:21778]
7f7a56518000-7f7a5651b000 ---p 00000000 00:00 0 
7f7a5651b000-7f7a56619000 rw-p 00000000 00:00 0                          [stack:21777]
7f7a56619000-7f7a5661c000 ---p 00000000 00:00 0 
7f7a5661c000-7f7a5671a000 rw-p 00000000 00:00 0                          [stack:21776]
7f7a5671a000-7f7a5671d000 ---p 00000000 00:00 0 
7f7a5671d000-7f7a5681b000 rw-p 00000000 00:00 0                          [stack:21775]
7f7a5681b000-7f7a5681c000 ---p 00000000 00:00 0 
7f7a5681c000-7f7a5691c000 rw-p 00000000 00:00 0                          [stack:21754]
7f7a5691c000-7f7a57000000 r--p 00000000 08:01 13113697                   /usr/lib/locale/locale-archive
7f7a57000000-7f7a59000000 rw-p 00000000 00:00 0 
7f7a59000000-7f7a59430000 rwxp 00000000 00:00 0 
7f7a59430000-7f7a68000000 ---p 00000000 00:00 0 
7f7a68000000-7f7a68386000 rw-p 00000000 00:00 0 
7f7a68386000-7f7a6c000000 ---p 00000000 00:00 0 
7f7a6c03f000-7f7a6c048000 r--s 0008c000 08:01 10229381                   /home/lin/other/AndroidProjects/Radio/app/build/intermediates/exploded-aar/com.android.support/appcompat-v7/23.4.0/jars/classes.jar
7f7a6c048000-7f7a6c04b000 ---p 00000000 00:00 0 
7f7a6c04b000-7f7a6c149000 rw-p 00000000 00:00 0                          [stack:21751]
7f7a6c149000-7f7a6c14c000 ---p 00000000 00:00 0 
7f7a6c14c000-7f7a6c24a000 rw-p 00000000 00:00 0                          [stack:21750]
7f7a6c24a000-7f7a6c24d000 ---p 00000000 00:00 0 
7f7a6c24d000-7f7a6c34b000 rw-p 00000000 00:00 0                          [stack:21749]
7f7a6c34b000-7f7a6c34e000 ---p 00000000 00:00 0 
7f7a6c34e000-7f7a6c44c000 rw-p 00000000 00:00 0                          [stack:21748]
7f7a6c44c000-7f7a6c44f000 ---p 00000000 00:00 0 
7f7a6c44f000-7f7a6c54d000 rw-p 00000000 00:00 0                          [stack:21746]
7f7a6c54d000-7f7a6c550000 ---p 00000000 00:00 0 
7f7a6c550000-7f7a6c64e000 rw-p 00000000 00:00 0                          [stack:21745]
7f7a6c64e000-7f7a6c64f000 ---p 00000000 00:00 0 
7f7a6c64f000-7f7a6d0c8000 rw-p 00000000 00:00 0                          [stack:21744]
7f7a6d0c8000-7f7a6d2a1000 r--s 03d29000 08:01 13118676                   /usr/lib/jvm/java-8-oracle/jre/lib/rt.jar
7f7a6d2a1000-7f7a6d957000 rw-p 00000000 00:00 0 
7f7a6d957000-7f7a6db17000 ---p 00000000 00:00 0 
7f7a6db17000-7f7a6dd17000 rw-p 00000000 00:00 0 
7f7a6dd17000-7f7a6dd18000 ---p 00000000 00:00 0 
7f7a6dd18000-7f7a6de18000 rw-p 00000000 00:00 0                          [stack:21743]
7f7a6de18000-7f7a6de19000 ---p 00000000 00:00 0 
7f7a6de19000-7f7a6df29000 rw-p 00000000 00:00 0                          [stack:21742]
7f7a6df29000-7f7a6e06f000 ---p 00000000 00:00 0 
7f7a6e06f000-7f7a6e07f000 rw-p 00000000 00:00 0 
7f7a6e07f000-7f7a6e1c4000 ---p 00000000 00:00 0 
7f7a6e1c4000-7f7a6e1e3000 rw-p 00000000 00:00 0 
7f7a6e1e3000-7f7a6e26f000 ---p 00000000 00:00 0 
7f7a6e26f000-7f7a6e281000 rw-p 00000000 00:00 0 
7f7a6e281000-7f7a6e630000 ---p 00000000 00:00 0 
7f7a6e630000-7f7a6e64a000 r-xp 00000000 08:01 13766358                   /usr/lib/jvm/java-8-oracle/jre/lib/amd64/libzip.so
7f7a6e64a000-7f7a6e84a000 ---p 0001a000 08:01 13766358                   /usr/lib/jvm/java-8-oracle/jre/lib/amd64/libzip.so
7f7a6e84a000-7f7a6e84b000 rw-p 0001a000 08:01 13766358                   /usr/lib/jvm/java-8-oracle/jre/lib/amd64/libzip.so
7f7a6e84b000-7f7a6e856000 r-xp 00000000 08:01 2621673                    /lib/x86_64-linux-gnu/libnss_files-2.15.so
7f7a6e856000-7f7a6ea55000 ---p 0000b000 08:01 2621673                    /lib/x86_64-linux-gnu/libnss_files-2.15.so
7f7a6ea55000-7f7a6ea56000 r--p 0000a000 08:01 2621673                    /lib/x86_64-linux-gnu/libnss_files-2.15.so
7f7a6ea56000-7f7a6ea57000 rw-p 0000b000 08:01 2621673                    /lib/x86_64-linux-gnu/libnss_files-2.15.so
7f7a6ea57000-7f7a6ea61000 r-xp 00000000 08:01 2621658                    /lib/x86_64-linux-gnu/libnss_nis-2.15.so
7f7a6ea61000-7f7a6ec61000 ---p 0000a000 08:01 2621658                    /lib/x86_64-linux-gnu/libnss_nis-2.15.so
7f7a6ec61000-7f7a6ec62000 r--p 0000a000 08:01 2621658                    /lib/x86_64-linux-gnu/libnss_nis-2.15.so
7f7a6ec62000-7f7a6ec63000 rw-p 0000b000 08:01 2621658                    /lib/x86_64-linux-gnu/libnss_nis-2.15.so
7f7a6ec63000-7f7a6ec7a000 r-xp 00000000 08:01 2621667                    /lib/x86_64-linux-gnu/libnsl-2.15.so
7f7a6ec7a000-7f7a6ee79000 ---p 00017000 08:01 2621667                    /lib/x86_64-linux-gnu/libnsl-2.15.so
7f7a6ee79000-7f7a6ee7a000 r--p 00016000 08:01 2621667                    /lib/x86_64-linux-gnu/libnsl-2.15.so
7f7a6ee7a000-7f7a6ee7b000 rw-p 00017000 08:01 2621667                    /lib/x86_64-linux-gnu/libnsl-2.15.so
7f7a6ee7b000-7f7a6ee7d000 rw-p 00000000 00:00 0 
7f7a6ee7d000-7f7a6ee85000 r-xp 00000000 08:01 2621672                    /lib/x86_64-linux-gnu/libnss_compat-2.15.so
7f7a6ee85000-7f7a6f084000 ---p 00008000 08:01 2621672                    /lib/x86_64-linux-gnu/libnss_compat-2.15.so
7f7a6f084000-7f7a6f085000 r--p 00007000 08:01 2621672                    /lib/x86_64-linux-gnu/libnss_compat-2.15.so
7f7a6f085000-7f7a6f086000 rw-p 00008000 08:01 2621672                    /lib/x86_64-linux-gnu/libnss_compat-2.15.so
7f7a6f086000-7f7a6f0b0000 r-xp 00000000 08:01 13766323                   /usr/lib/jvm/java-8-oracle/jre/lib/amd64/libjava.so
7f7a6f0b0000-7f7a6f2b0000 ---p 0002a000 08:01 13766323                   /usr/lib/jvm/java-8-oracle/jre/lib/amd64/libjava.so
7f7a6f2b0000-7f7a6f2b2000 rw-p 0002a000 08:01 13766323                   /usr/lib/jvm/java-8-oracle/jre/lib/amd64/libjava.so
7f7a6f2b2000-7f7a6f2bf000 r-xp 00000000 08:01 13766361                   /usr/lib/jvm/java-8-oracle/jre/lib/amd64/libverify.so
7f7a6f2bf000-7f7a6f4bf000 ---p 0000d000 08:01 13766361                   /usr/lib/jvm/java-8-oracle/jre/lib/amd64/libverify.so
7f7a6f4bf000-7f7a6f4c1000 rw-p 0000d000 08:01 13766361                   /usr/lib/jvm/java-8-oracle/jre/lib/amd64/libverify.so
7f7a6f4c1000-7f7a6f4c8000 r-xp 00000000 08:01 2621660                    /lib/x86_64-linux-gnu/librt-2.15.so
7f7a6f4c8000-7f7a6f6c7000 ---p 00007000 08:01 2621660                    /lib/x86_64-linux-gnu/librt-2.15.so
7f7a6f6c7000-7f7a6f6c8000 r--p 00006000 08:01 2621660                    /lib/x86_64-linux-gnu/librt-2.15.so
7f7a6f6c8000-7f7a6f6c9000 rw-p 00007000 08:01 2621660                    /lib/x86_64-linux-gnu/librt-2.15.so
7f7a6f6c9000-7f7a6f7c4000 r-xp 00000000 08:01 2621674                    /lib/x86_64-linux-gnu/libm-2.15.so
7f7a6f7c4000-7f7a6f9c3000 ---p 000fb000 08:01 2621674                    /lib/x86_64-linux-gnu/libm-2.15.so
7f7a6f9c3000-7f7a6f9c4000 r--p 000fa000 08:01 2621674                    /lib/x86_64-linux-gnu/libm-2.15.so
7f7a6f9c4000-7f7a6f9c5000 rw-p 000fb000 08:01 2621674                    /lib/x86_64-linux-gnu/libm-2.15.so
7f7a6f9c5000-7f7a70690000 r-xp 00000000 08:01 13894575                   /usr/lib/jvm/java-8-oracle/jre/lib/amd64/server/libjvm.so
7f7a70690000-7f7a7088f000 ---p 00ccb000 08:01 13894575                   /usr/lib/jvm/java-8-oracle/jre/lib/amd64/server/libjvm.so
7f7a7088f000-7f7a70968000 rw-p 00cca000 08:01 13894575                   /usr/lib/jvm/java-8-oracle/jre/lib/amd64/server/libjvm.so
7f7a70968000-7f7a709b3000 rw-p 00000000 00:00 0 
7f7a709b3000-7f7a70b67000 r-xp 00000000 08:01 2621665                    /lib/x86_64-linux-gnu/libc-2.15.so
7f7a70b67000-7f7a70d66000 ---p 001b4000 08:01 2621665                    /lib/x86_64-linux-gnu/libc-2.15.so
7f7a70d66000-7f7a70d6a000 r--p 001b3000 08:01 2621665                    /lib/x86_64-linux-gnu/libc-2.15.so
7f7a70d6a000-7f7a70d6c000 rw-p 001b7000 08:01 2621665                    /lib/x86_64-linux-gnu/libc-2.15.so
7f7a70d6c000-7f7a70d71000 rw-p 00000000 00:00 0 
7f7a70d71000-7f7a70d73000 r-xp 00000000 08:01 2621657                    /lib/x86_64-linux-gnu/libdl-2.15.so
7f7a70d73000-7f7a70f73000 ---p 00002000 08:01 2621657                    /lib/x86_64-linux-gnu/libdl-2.15.so
7f7a70f73000-7f7a70f74000 r--p 00002000 08:01 2621657                    /lib/x86_64-linux-gnu/libdl-2.15.so
7f7a70f74000-7f7a70f75000 rw-p 00003000 08:01 2621657                    /lib/x86_64-linux-gnu/libdl-2.15.so
7f7a70f75000-7f7a70f8a000 r-xp 00000000 08:01 2627921                    /usr/lib/jvm/java-8-oracle/lib/amd64/jli/libjli.so
7f7a70f8a000-7f7a7118a000 ---p 00015000 08:01 2627921                    /usr/lib/jvm/java-8-oracle/lib/amd64/jli/libjli.so
7f7a7118a000-7f7a7118b000 rw-p 00015000 08:01 2627921                    /usr/lib/jvm/java-8-oracle/lib/amd64/jli/libjli.so
7f7a7118b000-7f7a711a3000 r-xp 00000000 08:01 2621668                    /lib/x86_64-linux-gnu/libpthread-2.15.so
7f7a711a3000-7f7a713a2000 ---p 00018000 08:01 2621668                    /lib/x86_64-linux-gnu/libpthread-2.15.so
7f7a713a2000-7f7a713a3000 r--p 00017000 08:01 2621668                    /lib/x86_64-linux-gnu/libpthread-2.15.so
7f7a713a3000-7f7a713a4000 rw-p 00018000 08:01 2621668                    /lib/x86_64-linux-gnu/libpthread-2.15.so
7f7a713a4000-7f7a713a8000 rw-p 00000000 00:00 0 
7f7a713a8000-7f7a713ca000 r-xp 00000000 08:01 2621671                    /lib/x86_64-linux-gnu/ld-2.15.so
7f7a713d0000-7f7a714aa000 rw-p 00000000 00:00 0 
7f7a714aa000-7f7a714ad000 ---p 00000000 00:00 0 
7f7a714ad000-7f7a715af000 rw-p 00000000 00:00 0                          [stack:21739]
7f7a715af000-7f7a715be000 r--s 000df000 08:01 9309217                    /home/lin/Android/Sdk/build-tools/23.0.3/lib/dx.jar
7f7a715be000-7f7a715c6000 rw-s 00000000 08:01 4850316                    /tmp/hsperfdata_lin/21736
7f7a715c6000-7f7a715c7000 rw-p 00000000 00:00 0 
7f7a715c7000-7f7a715c8000 ---p 00000000 00:00 0 
7f7a715c8000-7f7a715ca000 rw-p 00000000 00:00 0 
7f7a715ca000-7f7a715cb000 r--p 00022000 08:01 2621671                    /lib/x86_64-linux-gnu/ld-2.15.so
7f7a715cb000-7f7a715cd000 rw-p 00023000 08:01 2621671                    /lib/x86_64-linux-gnu/ld-2.15.so
7ffe31448000-7ffe31469000 rw-p 00000000 00:00 0                          [stack]
7ffe31537000-7ffe31539000 r-xp 00000000 00:00 0                          [vdso]
ffffffffff600000-ffffffffff601000 r-xp 00000000 00:00 0                  [vsyscall]

VM Arguments:
jvm_args: -Djava.awt.headless=true -Xmx1024M -Dfile.encoding=UTF-8 -Duser.country=US -Duser.language=en -Duser.variant 
java_command: com.android.dx.command.Main --dex --num-threads=4 --output /home/lin/other/AndroidProjects/Radio/app/build/intermediates/pre-dexed/debug/com.android.support-appcompat-v7-23.4.0_931a42660435b959128062e7e91ccba6756dc32b.jar /home/lin/other/AndroidProjects/Radio/app/build/intermediates/exploded-aar/com.android.support/appcompat-v7/23.4.0/jars/classes.jar
java_class_path (initial): /home/lin/Android/Sdk/build-tools/23.0.3/lib/dx.jar
Launcher Type: SUN_STANDARD

Environment Variables:
PATH=/usr/lib/lightdm/lightdm:/usr/local/sbin:/usr/local/bin:/usr/sbin:/usr/bin:/sbin:/bin:/usr/games
LD_LIBRARY_PATH=/opt/android-studio/bin:
SHELL=/bin/bash
DISPLAY=:0.0

Signal Handlers:
SIGSEGV: [libjvm.so+0xac4790], sa_mask[0]=11111111011111111101111111111110, sa_flags=SA_RESTART|SA_SIGINFO
SIGBUS: [libjvm.so+0xac4790], sa_mask[0]=11111111011111111101111111111110, sa_flags=SA_RESTART|SA_SIGINFO
SIGFPE: [libjvm.so+0x91f140], sa_mask[0]=11111111011111111101111111111110, sa_flags=SA_RESTART|SA_SIGINFO
SIGPIPE: [libjvm.so+0x91f140], sa_mask[0]=11111111011111111101111111111110, sa_flags=SA_RESTART|SA_SIGINFO
SIGXFSZ: [libjvm.so+0x91f140], sa_mask[0]=11111111011111111101111111111110, sa_flags=SA_RESTART|SA_SIGINFO
SIGILL: [libjvm.so+0x91f140], sa_mask[0]=11111111011111111101111111111110, sa_flags=SA_RESTART|SA_SIGINFO
SIGUSR1: SIG_DFL, sa_mask[0]=00000000000000000000000000000000, sa_flags=none
SIGUSR2: [libjvm.so+0x920770], sa_mask[0]=00100000000000000000000000000000, sa_flags=SA_RESTART|SA_SIGINFO
SIGHUP: [libjvm.so+0x921b70], sa_mask[0]=11111111011111111101111111111110, sa_flags=SA_RESTART|SA_SIGINFO
SIGINT: [libjvm.so+0x921b70], sa_mask[0]=11111111011111111101111111111110, sa_flags=SA_RESTART|SA_SIGINFO
SIGTERM: [libjvm.so+0x921b70], sa_mask[0]=11111111011111111101111111111110, sa_flags=SA_RESTART|SA_SIGINFO
SIGQUIT: [libjvm.so+0x921b70], sa_mask[0]=11111111011111111101111111111110, sa_flags=SA_RESTART|SA_SIGINFO


---------------  S Y S T E M  ---------------

OS:DISTRIB_ID=Ubuntu
DISTRIB_RELEASE=12.04
DISTRIB_CODENAME=precise
DISTRIB_DESCRIPTION="Ubuntu 12.04.5 LTS"

uname:Linux 3.13.0-93-generic #140~precise1-Ubuntu SMP Tue Jul 19 19:55:11 UTC 2016 x86_64
libc:glibc 2.15 NPTL 2.15 
rlimit: STACK 8192k, CORE 0k, NPROC 22873, NOFILE 4096, AS infinity
load average:11.44 5.39 2.43

/proc/meminfo:
MemTotal:        2948840 kB
MemFree:          692628 kB
Buffers:           25996 kB
Cached:           720772 kB
SwapCached:        13536 kB
Active:          1287076 kB
Inactive:         795036 kB
Active(anon):     946244 kB
Inactive(anon):   515948 kB
Active(file):     340832 kB
Inactive(file):   279088 kB
Unevictable:           0 kB
Mlocked:               0 kB
SwapTotal:       3008508 kB
SwapFree:        2838240 kB
Dirty:             25284 kB
Writeback:             0 kB
AnonPages:       1326268 kB
Mapped:           164308 kB
Shmem:            126816 kB
Slab:              85516 kB
SReclaimable:      56484 kB
SUnreclaim:        29032 kB
KernelStack:        3960 kB
PageTables:        29328 kB
NFS_Unstable:          0 kB
Bounce:                0 kB
WritebackTmp:          0 kB
CommitLimit:     4482928 kB
Committed_AS:    3815720 kB
VmallocTotal:   34359738367 kB
VmallocUsed:      346400 kB
VmallocChunk:   34359385692 kB
HardwareCorrupted:     0 kB
AnonHugePages:    729088 kB
HugePages_Total:       0
HugePages_Free:        0
HugePages_Rsvd:        0
HugePages_Surp:        0
Hugepagesize:       2048 kB
DirectMap4k:       67972 kB
DirectMap2M:     2942976 kB


CPU:total 2 (2 cores per cpu, 1 threads per core) family 6 model 15 stepping 13, cmov, cx8, fxsr, mmx, sse, sse2, sse3, ssse3, tsc

/proc/cpuinfo:
processor	: 0
vendor_id	: GenuineIntel
cpu family	: 6
model		: 15
model name	: Genuine Intel(R) CPU           T1600  @ 1.66GHz
stepping	: 13
microcode	: 0xa3
cpu MHz		: 1662.531
cache size	: 1024 KB
physical id	: 0
siblings	: 2
core id		: 0
cpu cores	: 2
apicid		: 0
initial apicid	: 0
fpu		: yes
fpu_exception	: yes
cpuid level	: 10
wp		: yes
flags		: fpu vme de pse tsc msr pae mce cx8 apic sep mtrr pge mca cmov pat pse36 clflush dts acpi mmx fxsr sse sse2 ss ht tm pbe syscall nx lm constant_tsc arch_perfmon pebs bts rep_good nopl aperfmperf pni dtes64 monitor ds_cpl tm2 ssse3 cx16 xtpr pdcm lahf_lm dtherm
bogomips	: 3325.06
clflush size	: 64
cache_alignment	: 64
address sizes	: 36 bits physical, 48 bits virtual
power management:

processor	: 1
vendor_id	: GenuineIntel
cpu family	: 6
model		: 15
model name	: Genuine Intel(R) CPU           T1600  @ 1.66GHz
stepping	: 13
microcode	: 0xa3
cpu MHz		: 1662.531
cache size	: 1024 KB
physical id	: 0
siblings	: 2
core id		: 1
cpu cores	: 2
apicid		: 1
initial apicid	: 1
fpu		: yes
fpu_exception	: yes
cpuid level	: 10
wp		: yes
flags		: fpu vme de pse tsc msr pae mce cx8 apic sep mtrr pge mca cmov pat pse36 clflush dts acpi mmx fxsr sse sse2 ss ht tm pbe syscall nx lm constant_tsc arch_perfmon pebs bts rep_good nopl aperfmperf pni dtes64 monitor ds_cpl tm2 ssse3 cx16 xtpr pdcm lahf_lm dtherm
bogomips	: 3325.06
clflush size	: 64
cache_alignment	: 64
address sizes	: 36 bits physical, 48 bits virtual
power management:



Memory: 4k page, physical 2948840k(692628k free), swap 3008508k(2838240k free)

vm_info: Java HotSpot(TM) 64-Bit Server VM (25.101-b13) for linux-amd64 JRE (1.8.0_101-b13), built on Jun 22 2016 02:59:44 by "java_re" with gcc 4.3.0 20080428 (Red Hat 4.3.0-8)

time: Thu Aug 18 21:14:58 2016
elapsed time: 12 seconds (0d 0h 0m 12s)

