#
# A fatal error has been detected by the Java Runtime Environment:
#
#  SIGSEGV (0xb) at pc=0x00007fa59d2f2fd5, pid=11645, tid=0x00007fa59e5ca700
#
# JRE version:  (8.0_101-b13) (build )
# Java VM: Java HotSpot(TM) 64-Bit Server VM (25.101-b13 mixed mode linux-amd64 compressed oops)
# Problematic frame:
# V  [libjvm.so+0x90dfd5]  ObjectMonitor::notifyAll(Thread*)+0x3c5
#
# Failed to write core dump. Core dumps have been disabled. To enable core dumping, try "ulimit -c unlimited" before starting Java again
#
# If you would like to submit a bug report, please visit:
#   http://bugreport.java.com/bugreport/crash.jsp
#

---------------  T H R E A D  ---------------

Current thread (0x00007fa59800a000):  JavaThread "main" [_thread_in_vm, id=11648, stack(0x00007fa59e4ca000,0x00007fa59e5cb000)]

siginfo: si_signo: 11 (SIGSEGV), si_code: 1 (SEGV_MAPERR), si_addr: 0x0000000000000008

Registers:
RAX=0x00007fa59d972b90, RBX=0x00007fa58465cfb0, RCX=0x0000000000000003, RDX=0x0000000000000000
RSP=0x00007fa59e5c96b0, RBP=0x00007fa59e5c9700, RSI=0x0000000000000001, RDI=0x00000000eab075e8
R8 =0x0000000000000000, R9 =0x0000000000000002, R10=0x0000000000000001, R11=0x00007fa59ce61200
R12=0x00000000eab41890, R13=0x00007fa570002178, R14=0x00007fa59807b800, R15=0x0000000000000000
RIP=0x00007fa59d2f2fd5, EFLAGS=0x0000000000010246, CSGSFS=0x0000000000000033, ERR=0x0000000000000004
  TRAPNO=0x000000000000000e

Top of Stack: (sp=0x00007fa59e5c96b0)
0x00007fa59e5c96b0:   00007fa59800a000 00007fa5700021b0
0x00007fa59e5c96c0:   00007fa570002208 00007fa59800a000
0x00007fa59e5c96d0:   000000029800a000 00007fa59e5c9710
0x00007fa59e5c96e0:   00000000eab01890 00000001000058f8
0x00007fa59e5c96f0:   00007fa59800a000 0000000000000004
0x00007fa59e5c9700:   00007fa59e5c9770 00007fa59d028784
0x00007fa59e5c9710:   00007fa59800a000 00007fa598007660
0x00007fa59e5c9720:   0000000000000003 00000000350f8b01
0x00007fa59e5c9730:   00007fa59e5c9750 0000000100000000
0x00007fa59e5c9740:   00007fa59e5c9780 00007fa59e5c9800
0x00007fa59e5c9750:   00000001000058f8 00007fa59800a000
0x00007fa59e5c9760:   0000000100000f28 00007fa59e5c9780
0x00007fa59e5c9770:   00007fa59e5c9870 00007fa59d028e2e
0x00007fa59e5c9780:   0000000007a4c59b 00000000130e08e2
0x00007fa59e5c9790:   00007fa59800a700 00007fa5980153f0
0x00007fa59e5c97a0:   00007fa598015460 00007fa5980156c0
0x00007fa59e5c97b0:   00007fa59800b3b4 00007fa59800b3d0
0x00007fa59e5c97c0:   ffffffff00000004 00007fa5980075d0
0x00007fa59e5c97d0:   00007fa598007610 00007fa598007650
0x00007fa59e5c97e0:   00007fa5852d5090 0000000100008718
0x00007fa59e5c97f0:   00007fa59800a000 0000000100007d80
0x00007fa59e5c9800:   00007fa59800a000 00007fa598007658
0x00007fa59e5c9810:   0000000000000001 00007fa598007601
0x00007fa59e5c9820:   00007fa59800a000 00007fa59800a000
0x00007fa59e5c9830:   00007fa598007658 0000000100008718
0x00007fa59e5c9840:   00007fa59800a000 00000001000058f8
0x00007fa59e5c9850:   00007fa59800a000 00007fa59e5c9880
0x00007fa59e5c9860:   00000001000058f8 00007fa59800a000
0x00007fa59e5c9870:   00007fa59e5c98e0 00007fa59d028ec1
0x00007fa59e5c9880:   00007fa59800a000 00007fa5980075d0
0x00007fa59e5c9890:   00007fa598007610 00007fa598007658
0x00007fa59e5c98a0:   00007fa5980076f8 00000000000000d8 

Instructions: (pc=0x00007fa59d2f2fd5)
0x00007fa59d2f2fb5:   fd ff ff 0f 1f 84 00 00 00 00 00 48 8b 05 c1 0a
0x00007fa59d2f2fc5:   66 00 41 8b 54 24 08 8b 48 08 48 d3 e2 48 03 10
0x00007fa59d2f2fd5:   44 8b 42 08 45 85 c0 0f 8f f4 fd ff ff 40 84 f6
0x00007fa59d2f2fe5:   0f 84 19 01 00 00 48 8b 05 96 0a 66 00 41 8b 54 

Register to memory mapping:

RAX=0x00007fa59d972b90: <offset 0xf8db90> in /usr/lib/jvm/java-8-oracle/jre/lib/amd64/server/libjvm.so at 0x00007fa59c9e5000
RBX=0x00007fa58465cfb0 is pointing into the stack for thread: 0x00007fa59807b800
RCX=0x0000000000000003 is an unknown value
RDX=0x0000000000000000 is an unknown value
RSP=0x00007fa59e5c96b0 is pointing into the stack for thread: 0x00007fa59800a000
RBP=0x00007fa59e5c9700 is pointing into the stack for thread: 0x00007fa59800a000
RSI=0x0000000000000001 is an unknown value
RDI=0x00000000eab075e8 is an oop
java.lang.ref.Reference$ReferenceHandler 
 - klass: 'java/lang/ref/Reference$ReferenceHandler'
R8 =0x0000000000000000 is an unknown value
R9 =0x0000000000000002 is an unknown value
R10=0x0000000000000001 is an unknown value
R11=0x00007fa59ce61200: <offset 0x47c200> in /usr/lib/jvm/java-8-oracle/jre/lib/amd64/server/libjvm.so at 0x00007fa59c9e5000
R12=0x00000000eab41890 is an oop

[error occurred during error reporting (printing register info), id 0xb]

Stack: [0x00007fa59e4ca000,0x00007fa59e5cb000],  sp=0x00007fa59e5c96b0,  free space=1021k
Native frames: (J=compiled Java code, j=interpreted, Vv=VM code, C=native code)
V  [libjvm.so+0x90dfd5]  ObjectMonitor::notifyAll(Thread*)+0x3c5
V  [libjvm.so+0x643784]  InstanceKlass::set_initialization_state_and_notify_impl(instanceKlassHandle, InstanceKlass::ClassState, Thread*)+0xb4
V  [libjvm.so+0x643e2e]  InstanceKlass::initialize_impl(instanceKlassHandle, Thread*)+0x4de
V  [libjvm.so+0x643ec1]  InstanceKlass::initialize(Thread*)+0x41
V  [libjvm.so+0x643d3d]  InstanceKlass::initialize_impl(instanceKlassHandle, Thread*)+0x3ed
V  [libjvm.so+0x643ec1]  InstanceKlass::initialize(Thread*)+0x41
V  [libjvm.so+0x643d3d]  InstanceKlass::initialize_impl(instanceKlassHandle, Thread*)+0x3ed
V  [libjvm.so+0x643ec1]  InstanceKlass::initialize(Thread*)+0x41
V  [libjvm.so+0xa70fb9]  Threads::create_vm(JavaVMInitArgs*, bool*)+0x5f9
V  [libjvm.so+0x6d08f4]  JNI_CreateJavaVM+0x74
C  [libjli.so+0x745e]  JavaMain+0x9e
C  [libpthread.so.0+0x7e9a]  start_thread+0xda


---------------  P R O C E S S  ---------------

Java Threads: ( => current thread )
  0x00007fa59807b800 JavaThread "Reference Handler" daemon [_thread_blocked, id=11654, stack(0x00007fa58455e000,0x00007fa58465f000)]
=>0x00007fa59800a000 JavaThread "main" [_thread_in_vm, id=11648, stack(0x00007fa59e4ca000,0x00007fa59e5cb000)]

Other Threads:
  0x00007fa598073800 VMThread [stack: 0x00007fa58465f000,0x00007fa584760000] [id=11653]

VM state:not at safepoint (normal execution)

VM Mutex/Monitor currently owned by a thread: None

Heap:
 PSYoungGen      total 13824K, used 245K [0x00000000eab00000, 0x00000000eba00000, 0x0000000100000000)
  eden space 12288K, 2% used [0x00000000eab00000,0x00000000eab3d718,0x00000000eb700000)
  from space 1536K, 0% used [0x00000000eb880000,0x00000000eb880000,0x00000000eba00000)
  to   space 1536K, 0% used [0x00000000eb700000,0x00000000eb700000,0x00000000eb880000)
 ParOldGen       total 31744K, used 0K [0x00000000c0000000, 0x00000000c1f00000, 0x00000000eab00000)
  object space 31744K, 0% used [0x00000000c0000000,0x00000000c0000000,0x00000000c1f00000)
 Metaspace       used 1100K, capacity 4480K, committed 4480K, reserved 1056768K
  class space    used 116K, capacity 384K, committed 384K, reserved 1048576K

Card table byte_map: [0x00007fa587fe9000,0x00007fa5881ea000] byte_map_base: 0x00007fa5879e9000

Marking Bits: (ParMarkBitMap*) 0x00007fa59d9a6120
 Begin Bits: [0x00007fa585c91000, 0x00007fa586c91000)
 End Bits:   [0x00007fa586c91000, 0x00007fa587c91000)

Polling page: 0x00007fa59e5e7000

CodeCache: size=245760Kb used=402Kb max_used=402Kb free=245357Kb
 bounds [0x00007fa5885aa000, 0x00007fa58881a000, 0x00007fa5975aa000]
 total_blobs=100 nmethods=0 adapters=77
 compilation: enabled

Compilation events (0 events):
No events

GC Heap History (0 events):
No events

Deoptimization events (0 events):
No events

Internal exceptions (2 events):
Event: 0.431 Thread 0x00007fa59800a000 Exception <a 'java/lang/NoSuchMethodError': Method sun.misc.Unsafe.defineClass(Ljava/lang/String;[BII)Ljava/lang/Class; name or signature does not match> (0x00000000eab07cc0) thrown at [/HUDSON3/workspace/8-2-build-linux-amd64/jdk8u101/7261/hotspot/src/sh
Event: 0.431 Thread 0x00007fa59800a000 Exception <a 'java/lang/NoSuchMethodError': Method sun.misc.Unsafe.prefetchRead(Ljava/lang/Object;J)V name or signature does not match> (0x00000000eab07fa8) thrown at [/HUDSON3/workspace/8-2-build-linux-amd64/jdk8u101/7261/hotspot/src/share/vm/prims/jni.c

Events (10 events):
Event: 0.439 loading class java/util/HashMap$Node
Event: 0.439 loading class java/util/Map$Entry
Event: 0.439 loading class java/util/Map$Entry done
Event: 0.439 loading class java/util/HashMap$Node done
Event: 0.440 loading class sun/misc/VM
Event: 0.440 loading class sun/misc/VM done
Event: 0.441 loading class java/util/Hashtable$Entry
Event: 0.441 loading class java/util/Hashtable$Entry done
Event: 0.441 loading class java/lang/Math
Event: 0.442 loading class java/lang/Math done


Dynamic libraries:
00400000-00401000 r-xp 00000000 08:01 3279757                            /usr/lib/jvm/java-8-oracle/bin/java
00600000-00601000 rw-p 00000000 08:01 3279757                            /usr/lib/jvm/java-8-oracle/bin/java
014ba000-014db000 rw-p 00000000 00:00 0                                  [heap]
c0000000-c1f00000 rw-p 00000000 00:00 0 
c1f00000-eab00000 ---p 00000000 00:00 0 
eab00000-eba00000 rw-p 00000000 00:00 0 
eba00000-100000000 ---p 00000000 00:00 0 
100000000-100060000 rw-p 00000000 00:00 0 
100060000-140000000 ---p 00000000 00:00 0 
7fa570000000-7fa570021000 rw-p 00000000 00:00 0 
7fa570021000-7fa574000000 ---p 00000000 00:00 0 
7fa578000000-7fa578021000 rw-p 00000000 00:00 0 
7fa578021000-7fa57c000000 ---p 00000000 00:00 0 
7fa57c000000-7fa57c021000 rw-p 00000000 00:00 0 
7fa57c021000-7fa580000000 ---p 00000000 00:00 0 
7fa580000000-7fa580021000 rw-p 00000000 00:00 0 
7fa580021000-7fa584000000 ---p 00000000 00:00 0 
7fa5842d7000-7fa58455e000 rw-p 00000000 00:00 0 
7fa58455e000-7fa584561000 ---p 00000000 00:00 0 
7fa584561000-7fa58465f000 rw-p 00000000 00:00 0                          [stack:11654]
7fa58465f000-7fa584660000 ---p 00000000 00:00 0 
7fa584660000-7fa5850b8000 rw-p 00000000 00:00 0                          [stack:11653]
7fa5850b8000-7fa585291000 r--s 03d29000 08:01 13118676                   /usr/lib/jvm/java-8-oracle/jre/lib/rt.jar
7fa585291000-7fa585691000 rw-p 00000000 00:00 0 
7fa585691000-7fa585a91000 ---p 00000000 00:00 0 
7fa585a91000-7fa587c91000 rw-p 00000000 00:00 0 
7fa587c91000-7fa587c92000 ---p 00000000 00:00 0 
7fa587c92000-7fa587d92000 rw-p 00000000 00:00 0                          [stack:11652]
7fa587d92000-7fa587d93000 ---p 00000000 00:00 0 
7fa587d93000-7fa587ea3000 rw-p 00000000 00:00 0                          [stack:11651]
7fa587ea3000-7fa587fe9000 ---p 00000000 00:00 0 
7fa587fe9000-7fa587ff9000 rw-p 00000000 00:00 0 
7fa587ff9000-7fa58813e000 ---p 00000000 00:00 0 
7fa58813e000-7fa588146000 rw-p 00000000 00:00 0 
7fa588146000-7fa5881e9000 ---p 00000000 00:00 0 
7fa5881e9000-7fa5881f4000 rw-p 00000000 00:00 0 
7fa5881f4000-7fa5885aa000 ---p 00000000 00:00 0 
7fa5885aa000-7fa58881a000 rwxp 00000000 00:00 0 
7fa58881a000-7fa5975aa000 ---p 00000000 00:00 0 
7fa5975aa000-7fa5975c4000 r-xp 00000000 08:01 13766358                   /usr/lib/jvm/java-8-oracle/jre/lib/amd64/libzip.so
7fa5975c4000-7fa5977c4000 ---p 0001a000 08:01 13766358                   /usr/lib/jvm/java-8-oracle/jre/lib/amd64/libzip.so
7fa5977c4000-7fa5977c5000 rw-p 0001a000 08:01 13766358                   /usr/lib/jvm/java-8-oracle/jre/lib/amd64/libzip.so
7fa5977c5000-7fa5977d0000 r-xp 00000000 08:01 2621673                    /lib/x86_64-linux-gnu/libnss_files-2.15.so
7fa5977d0000-7fa5979cf000 ---p 0000b000 08:01 2621673                    /lib/x86_64-linux-gnu/libnss_files-2.15.so
7fa5979cf000-7fa5979d0000 r--p 0000a000 08:01 2621673                    /lib/x86_64-linux-gnu/libnss_files-2.15.so
7fa5979d0000-7fa5979d1000 rw-p 0000b000 08:01 2621673                    /lib/x86_64-linux-gnu/libnss_files-2.15.so
7fa5979d1000-7fa5979db000 r-xp 00000000 08:01 2621658                    /lib/x86_64-linux-gnu/libnss_nis-2.15.so
7fa5979db000-7fa597bdb000 ---p 0000a000 08:01 2621658                    /lib/x86_64-linux-gnu/libnss_nis-2.15.so
7fa597bdb000-7fa597bdc000 r--p 0000a000 08:01 2621658                    /lib/x86_64-linux-gnu/libnss_nis-2.15.so
7fa597bdc000-7fa597bdd000 rw-p 0000b000 08:01 2621658                    /lib/x86_64-linux-gnu/libnss_nis-2.15.so
7fa597bdd000-7fa597bf4000 r-xp 00000000 08:01 2621667                    /lib/x86_64-linux-gnu/libnsl-2.15.so
7fa597bf4000-7fa597df3000 ---p 00017000 08:01 2621667                    /lib/x86_64-linux-gnu/libnsl-2.15.so
7fa597df3000-7fa597df4000 r--p 00016000 08:01 2621667                    /lib/x86_64-linux-gnu/libnsl-2.15.so
7fa597df4000-7fa597df5000 rw-p 00017000 08:01 2621667                    /lib/x86_64-linux-gnu/libnsl-2.15.so
7fa597df5000-7fa597df7000 rw-p 00000000 00:00 0 
7fa597df7000-7fa597dff000 r-xp 00000000 08:01 2621672                    /lib/x86_64-linux-gnu/libnss_compat-2.15.so
7fa597dff000-7fa597ffe000 ---p 00008000 08:01 2621672                    /lib/x86_64-linux-gnu/libnss_compat-2.15.so
7fa597ffe000-7fa597fff000 r--p 00007000 08:01 2621672                    /lib/x86_64-linux-gnu/libnss_compat-2.15.so
7fa597fff000-7fa598000000 rw-p 00008000 08:01 2621672                    /lib/x86_64-linux-gnu/libnss_compat-2.15.so
7fa598000000-7fa598095000 rw-p 00000000 00:00 0 
7fa598095000-7fa59c000000 ---p 00000000 00:00 0 
7fa59c00f000-7fa59c0a6000 rw-p 00000000 00:00 0 
7fa59c0a6000-7fa59c0d0000 r-xp 00000000 08:01 13766323                   /usr/lib/jvm/java-8-oracle/jre/lib/amd64/libjava.so
7fa59c0d0000-7fa59c2d0000 ---p 0002a000 08:01 13766323                   /usr/lib/jvm/java-8-oracle/jre/lib/amd64/libjava.so
7fa59c2d0000-7fa59c2d2000 rw-p 0002a000 08:01 13766323                   /usr/lib/jvm/java-8-oracle/jre/lib/amd64/libjava.so
7fa59c2d2000-7fa59c2df000 r-xp 00000000 08:01 13766361                   /usr/lib/jvm/java-8-oracle/jre/lib/amd64/libverify.so
7fa59c2df000-7fa59c4df000 ---p 0000d000 08:01 13766361                   /usr/lib/jvm/java-8-oracle/jre/lib/amd64/libverify.so
7fa59c4df000-7fa59c4e1000 rw-p 0000d000 08:01 13766361                   /usr/lib/jvm/java-8-oracle/jre/lib/amd64/libverify.so
7fa59c4e1000-7fa59c4e8000 r-xp 00000000 08:01 2621660                    /lib/x86_64-linux-gnu/librt-2.15.so
7fa59c4e8000-7fa59c6e7000 ---p 00007000 08:01 2621660                    /lib/x86_64-linux-gnu/librt-2.15.so
7fa59c6e7000-7fa59c6e8000 r--p 00006000 08:01 2621660                    /lib/x86_64-linux-gnu/librt-2.15.so
7fa59c6e8000-7fa59c6e9000 rw-p 00007000 08:01 2621660                    /lib/x86_64-linux-gnu/librt-2.15.so
7fa59c6e9000-7fa59c7e4000 r-xp 00000000 08:01 2621674                    /lib/x86_64-linux-gnu/libm-2.15.so
7fa59c7e4000-7fa59c9e3000 ---p 000fb000 08:01 2621674                    /lib/x86_64-linux-gnu/libm-2.15.so
7fa59c9e3000-7fa59c9e4000 r--p 000fa000 08:01 2621674                    /lib/x86_64-linux-gnu/libm-2.15.so
7fa59c9e4000-7fa59c9e5000 rw-p 000fb000 08:01 2621674                    /lib/x86_64-linux-gnu/libm-2.15.so
7fa59c9e5000-7fa59d6b0000 r-xp 00000000 08:01 13894575                   /usr/lib/jvm/java-8-oracle/jre/lib/amd64/server/libjvm.so
7fa59d6b0000-7fa59d8af000 ---p 00ccb000 08:01 13894575                   /usr/lib/jvm/java-8-oracle/jre/lib/amd64/server/libjvm.so
7fa59d8af000-7fa59d988000 rw-p 00cca000 08:01 13894575                   /usr/lib/jvm/java-8-oracle/jre/lib/amd64/server/libjvm.so
7fa59d988000-7fa59d9d3000 rw-p 00000000 00:00 0 
7fa59d9d3000-7fa59db87000 r-xp 00000000 08:01 2621665                    /lib/x86_64-linux-gnu/libc-2.15.so
7fa59db87000-7fa59dd86000 ---p 001b4000 08:01 2621665                    /lib/x86_64-linux-gnu/libc-2.15.so
7fa59dd86000-7fa59dd8a000 r--p 001b3000 08:01 2621665                    /lib/x86_64-linux-gnu/libc-2.15.so
7fa59dd8a000-7fa59dd8c000 rw-p 001b7000 08:01 2621665                    /lib/x86_64-linux-gnu/libc-2.15.so
7fa59dd8c000-7fa59dd91000 rw-p 00000000 00:00 0 
7fa59dd91000-7fa59dd93000 r-xp 00000000 08:01 2621657                    /lib/x86_64-linux-gnu/libdl-2.15.so
7fa59dd93000-7fa59df93000 ---p 00002000 08:01 2621657                    /lib/x86_64-linux-gnu/libdl-2.15.so
7fa59df93000-7fa59df94000 r--p 00002000 08:01 2621657                    /lib/x86_64-linux-gnu/libdl-2.15.so
7fa59df94000-7fa59df95000 rw-p 00003000 08:01 2621657                    /lib/x86_64-linux-gnu/libdl-2.15.so
7fa59df95000-7fa59dfaa000 r-xp 00000000 08:01 2627921                    /usr/lib/jvm/java-8-oracle/lib/amd64/jli/libjli.so
7fa59dfaa000-7fa59e1aa000 ---p 00015000 08:01 2627921                    /usr/lib/jvm/java-8-oracle/lib/amd64/jli/libjli.so
7fa59e1aa000-7fa59e1ab000 rw-p 00015000 08:01 2627921                    /usr/lib/jvm/java-8-oracle/lib/amd64/jli/libjli.so
7fa59e1ab000-7fa59e1c3000 r-xp 00000000 08:01 2621668                    /lib/x86_64-linux-gnu/libpthread-2.15.so
7fa59e1c3000-7fa59e3c2000 ---p 00018000 08:01 2621668                    /lib/x86_64-linux-gnu/libpthread-2.15.so
7fa59e3c2000-7fa59e3c3000 r--p 00017000 08:01 2621668                    /lib/x86_64-linux-gnu/libpthread-2.15.so
7fa59e3c3000-7fa59e3c4000 rw-p 00018000 08:01 2621668                    /lib/x86_64-linux-gnu/libpthread-2.15.so
7fa59e3c4000-7fa59e3c8000 rw-p 00000000 00:00 0 
7fa59e3c8000-7fa59e3ea000 r-xp 00000000 08:01 2621671                    /lib/x86_64-linux-gnu/ld-2.15.so
7fa59e3f1000-7fa59e4ca000 rw-p 00000000 00:00 0 
7fa59e4ca000-7fa59e4cd000 ---p 00000000 00:00 0 
7fa59e4cd000-7fa59e5cf000 rw-p 00000000 00:00 0                          [stack:11648]
7fa59e5db000-7fa59e5de000 rw-p 00000000 00:00 0 
7fa59e5de000-7fa59e5e6000 rw-s 00000000 08:01 4850481                    /tmp/hsperfdata_lin/11645
7fa59e5e6000-7fa59e5e7000 rw-p 00000000 00:00 0 
7fa59e5e7000-7fa59e5e8000 r--p 00000000 00:00 0 
7fa59e5e8000-7fa59e5ea000 rw-p 00000000 00:00 0 
7fa59e5ea000-7fa59e5eb000 r--p 00022000 08:01 2621671                    /lib/x86_64-linux-gnu/ld-2.15.so
7fa59e5eb000-7fa59e5ed000 rw-p 00023000 08:01 2621671                    /lib/x86_64-linux-gnu/ld-2.15.so
7ffca76c7000-7ffca76e8000 rw-p 00000000 00:00 0                          [stack]
7ffca77fb000-7ffca77fd000 r-xp 00000000 00:00 0                          [vdso]
ffffffffff600000-ffffffffff601000 r-xp 00000000 00:00 0                  [vsyscall]

VM Arguments:
jvm_args: -Djava.awt.headless=true -Xmx1024M -Dfile.encoding=UTF-8 -Duser.country=US -Duser.language=en -Duser.variant 
java_command: com.android.dx.command.Main --dex --num-threads=4 --output /home/lin/other/AndroidProjects/Radio/app/build/intermediates/pre-dexed/debug/debug_4494840425f35f9b88898c4e537e7dcf5593f492.jar /home/lin/other/AndroidProjects/Radio/app/build/intermediates/classes/debug
java_class_path (initial): /home/lin/Android/Sdk/build-tools/23.0.3/lib/dx.jar
Launcher Type: SUN_STANDARD

Environment Variables:
PATH=/usr/lib/lightdm/lightdm:/usr/local/sbin:/usr/local/bin:/usr/sbin:/usr/bin:/sbin:/bin:/usr/games
LD_LIBRARY_PATH=/opt/android-studio/bin:
SHELL=/bin/bash
DISPLAY=:0.0

Signal Handlers:
SIGSEGV: [libjvm.so+0xac4790], sa_mask[0]=11111111011111111101111111111110, sa_flags=SA_RESTART|SA_SIGINFO
SIGBUS: [libjvm.so+0xac4790], sa_mask[0]=11111111011111111101111111111110, sa_flags=SA_RESTART|SA_SIGINFO
SIGFPE: [libjvm.so+0x91f140], sa_mask[0]=11111111011111111101111111111110, sa_flags=SA_RESTART|SA_SIGINFO
SIGPIPE: [libjvm.so+0x91f140], sa_mask[0]=11111111011111111101111111111110, sa_flags=SA_RESTART|SA_SIGINFO
SIGXFSZ: [libjvm.so+0x91f140], sa_mask[0]=11111111011111111101111111111110, sa_flags=SA_RESTART|SA_SIGINFO
SIGILL: [libjvm.so+0x91f140], sa_mask[0]=11111111011111111101111111111110, sa_flags=SA_RESTART|SA_SIGINFO
SIGUSR1: SIG_DFL, sa_mask[0]=00000000000000000000000000000000, sa_flags=none
SIGUSR2: [libjvm.so+0x920770], sa_mask[0]=00100000000000000000000000000000, sa_flags=SA_RESTART|SA_SIGINFO
SIGHUP: SIG_DFL, sa_mask[0]=00000000000000000000000000000000, sa_flags=none
SIGINT: SIG_DFL, sa_mask[0]=00000000000000000000000000000000, sa_flags=none
SIGTERM: SIG_DFL, sa_mask[0]=00000000000000000000000000000000, sa_flags=none
SIGQUIT: SIG_DFL, sa_mask[0]=00000000000000000000000000000000, sa_flags=none


---------------  S Y S T E M  ---------------

OS:DISTRIB_ID=Ubuntu
DISTRIB_RELEASE=12.04
DISTRIB_CODENAME=precise
DISTRIB_DESCRIPTION="Ubuntu 12.04.5 LTS"

uname:Linux 3.13.0-93-generic #140~precise1-Ubuntu SMP Tue Jul 19 19:55:11 UTC 2016 x86_64
libc:glibc 2.15 NPTL 2.15 
rlimit: STACK 8192k, CORE 0k, NPROC 22873, NOFILE 4096, AS infinity
load average:3.88 3.00 2.69

/proc/meminfo:
MemTotal:        2948840 kB
MemFree:          186368 kB
Buffers:           20520 kB
Cached:           695208 kB
SwapCached:         7276 kB
Active:          1789940 kB
Inactive:         723384 kB
Active(anon):    1405988 kB
Inactive(anon):   521448 kB
Active(file):     383952 kB
Inactive(file):   201936 kB
Unevictable:           0 kB
Mlocked:               0 kB
SwapTotal:       3008508 kB
SwapFree:        2987652 kB
Dirty:             22728 kB
Writeback:             0 kB
AnonPages:       1790328 kB
Mapped:           150968 kB
Shmem:            129840 kB
Slab:             164716 kB
SReclaimable:     138200 kB
SUnreclaim:        26516 kB
KernelStack:        4136 kB
PageTables:        30508 kB
NFS_Unstable:          0 kB
Bounce:                0 kB
WritebackTmp:          0 kB
CommitLimit:     4482928 kB
Committed_AS:    4316692 kB
VmallocTotal:   34359738367 kB
VmallocUsed:      346400 kB
VmallocChunk:   34359383644 kB
HardwareCorrupted:     0 kB
AnonHugePages:    811008 kB
HugePages_Total:       0
HugePages_Free:        0
HugePages_Rsvd:        0
HugePages_Surp:        0
Hugepagesize:       2048 kB
DirectMap4k:       57732 kB
DirectMap2M:     2953216 kB


CPU:total 2 (2 cores per cpu, 1 threads per core) family 6 model 15 stepping 13, cmov, cx8, fxsr, mmx, sse, sse2, sse3, ssse3, tsc

/proc/cpuinfo:
processor	: 0
vendor_id	: GenuineIntel
cpu family	: 6
model		: 15
model name	: Genuine Intel(R) CPU           T1600  @ 1.66GHz
stepping	: 13
microcode	: 0xa3
cpu MHz		: 1662.492
cache size	: 1024 KB
physical id	: 0
siblings	: 2
core id		: 0
cpu cores	: 2
apicid		: 0
initial apicid	: 0
fpu		: yes
fpu_exception	: yes
cpuid level	: 10
wp		: yes
flags		: fpu vme de pse tsc msr pae mce cx8 apic sep mtrr pge mca cmov pat pse36 clflush dts acpi mmx fxsr sse sse2 ss ht tm pbe syscall nx lm constant_tsc arch_perfmon pebs bts rep_good nopl aperfmperf pni dtes64 monitor ds_cpl tm2 ssse3 cx16 xtpr pdcm lahf_lm dtherm
bogomips	: 3324.98
clflush size	: 64
cache_alignment	: 64
address sizes	: 36 bits physical, 48 bits virtual
power management:

processor	: 1
vendor_id	: GenuineIntel
cpu family	: 6
model		: 15
model name	: Genuine Intel(R) CPU           T1600  @ 1.66GHz
stepping	: 13
microcode	: 0xa3
cpu MHz		: 1662.492
cache size	: 1024 KB
physical id	: 0
siblings	: 2
core id		: 1
cpu cores	: 2
apicid		: 1
initial apicid	: 1
fpu		: yes
fpu_exception	: yes
cpuid level	: 10
wp		: yes
flags		: fpu vme de pse tsc msr pae mce cx8 apic sep mtrr pge mca cmov pat pse36 clflush dts acpi mmx fxsr sse sse2 ss ht tm pbe syscall nx lm constant_tsc arch_perfmon pebs bts rep_good nopl aperfmperf pni dtes64 monitor ds_cpl tm2 ssse3 cx16 xtpr pdcm lahf_lm dtherm
bogomips	: 3324.98
clflush size	: 64
cache_alignment	: 64
address sizes	: 36 bits physical, 48 bits virtual
power management:



Memory: 4k page, physical 2948840k(186368k free), swap 3008508k(2987652k free)

vm_info: Java HotSpot(TM) 64-Bit Server VM (25.101-b13) for linux-amd64 JRE (1.8.0_101-b13), built on Jun 22 2016 02:59:44 by "java_re" with gcc 4.3.0 20080428 (Red Hat 4.3.0-8)

time: Thu Aug 25 13:46:02 2016
elapsed time: 0 seconds (0d 0h 0m 0s)

