#
# A fatal error has been detected by the Java Runtime Environment:
#
#  SIGSEGV (0xb) at pc=0x00007f87a519db4f, pid=4072, tid=0x00007f879d416700
#
# JRE version: Java(TM) SE Runtime Environment (8.0_101-b13) (build 1.8.0_101-b13)
# Java VM: Java HotSpot(TM) 64-Bit Server VM (25.101-b13 mixed mode linux-amd64 compressed oops)
# Problematic frame:
# J 285 C1 com.android.dx.util.FixedSizeList.size()I (6 bytes) @ 0x00007f87a519db4f [0x00007f87a519db20+0x2f]
#
# Failed to write core dump. Core dumps have been disabled. To enable core dumping, try "ulimit -c unlimited" before starting Java again
#
# If you would like to submit a bug report, please visit:
#   http://bugreport.java.com/bugreport/crash.jsp
#

---------------  T H R E A D  ---------------

Current thread (0x00007f87b4154800):  JavaThread "pool-1-thread-3" [_thread_in_Java, id=4092, stack(0x00007f879d316000,0x00007f879d417000)]

siginfo: si_signo: 11 (SIGSEGV), si_code: 1 (SEGV_MAPERR), si_addr: 0x0000000000610078

Registers:
RAX=0x000000000061006c, RBX=0x00007f87b87bbcb0, RCX=0x00000000ead44878, RDX=0x0000000040500001
RSP=0x00007f879d414d30, RBP=0x00007f879d414dc0, RSI=0x00000000ead44878, RDI=0x00007f87b88b0640
R8 =0x00007f87b88b0878, R9 =0x0000000100083f48, R10=0x00007f87bb9daca0, R11=0x00007f87a519db40
R12=0x0000000000000000, R13=0x00007f879d414d78, R14=0x00007f879d414df0, R15=0x00007f87b4154800
RIP=0x00007f87a519db4f, EFLAGS=0x0000000000010206, CSGSFS=0x0000000000000033, ERR=0x0000000000000004
  TRAPNO=0x000000000000000e

Top of Stack: (sp=0x00007f879d414d30)
0x00007f879d414d30:   00007f879d414d78 00007f87b88a5260
0x00007f879d414d40:   00007f87b8922a70 00007f87b88a5070
0x00007f879d414d50:   0000000000000000 00007f879d414d70
0x00007f879d414d60:   00007f879d414dc0 00007f87a5007a40
0x00007f879d414d70:   00007f87a5007a40 00000000ead44878
0x00007f879d414d80:   00007f879d414d80 00007f87b88a62f6
0x00007f879d414d90:   00007f879d414df0 00007f87b88a6858
0x00007f879d414da0:   00007f87b89223f8 00007f87b88a63f8
0x00007f879d414db0:   00007f879d414d78 00007f879d414e00
0x00007f879d414dc0:   00007f879d414f58 00007f87a51c937c
0x00007f879d414dd0:   00000000ead44878 00000000eaceee68
0x00007f879d414de0:   00000000ead048a8 00000000eacf7940
0x00007f879d414df0:   00000000ead0b330 00007f87a51c937c
0x00007f879d414e00:   00007f879d414ef8 00007f87a51ed75c
0x00007f879d414e10:   00007f879d414ef8 00007f87a51e56d4
0x00007f879d414e20:   00007f879d414e90 00007f87a5007a40
0x00007f879d414e30:   00007f879d414e90 0000000000000000
0x00007f879d414e40:   0000000000000036 00000000ead09110
0x00007f879d414e50:   00007f879d414f58 00007f87a51de67c
0x00007f879d414e60:   00007f879d414eb0 00000000eacf9620
0x00007f879d414e70:   00000000eacf96f0 00000000ead0ae20
0x00007f879d414e80:   00000000eacf9f78 00007f879d414ea8
0x00007f879d414e90:   00007f879d414ef8 00007f87a5007815
0x00007f879d414ea0:   00007f87a5007d80 00007f87a5007815
0x00007f879d414eb0:   00000000ead0b300 0000000100000000
0x00007f879d414ec0:   00000000eacf7828 00000000ead0b330
0x00007f879d414ed0:   00007f87b8879e88 00007f87b4154800
0x00007f879d414ee0:   00000000ead0b330 00007f87b41549f8
0x00007f879d414ef0:   00007f879d414f58 00007f87a5007ffd
0x00007f879d414f00:   00007f87a5007ffd 00000000ead0b330
0x00007f879d414f10:   00000000eacf7828 00007f879d414f18
0x00007f879d414f20:   00007f87b8875bdd 00007f879d414f80 

Instructions: (pc=0x00007f87a519db4f)
0x00007f87a519db2f:   ea ff 66 66 66 0f 1f 84 00 00 00 00 00 66 66 66
0x00007f87a519db3f:   90 89 84 24 00 c0 fe ff 55 48 83 ec 30 8b 46 10
0x00007f87a519db4f:   8b 40 0c 48 83 c4 30 5d 85 05 a3 b5 47 17 c3 e8
0x00007f87a519db5f:   5d f8 ec ff 90 90 49 8b 87 a8 02 00 00 49 ba 00 

Register to memory mapping:

RAX=0x000000000061006c is an unknown value
RBX={method} {0x00007f87b87bbcb0} 'size' '()I' in 'com/android/dx/util/FixedSizeList'
RCX=0x00000000ead44878 is an oop

[error occurred during error reporting (printing register info), id 0xb]

Stack: [0x00007f879d316000,0x00007f879d417000],  sp=0x00007f879d414d30,  free space=1019k
Native frames: (J=compiled Java code, j=interpreted, Vv=VM code, C=native code)
J 285 C1 com.android.dx.util.FixedSizeList.size()I (6 bytes) @ 0x00007f87a519db4f [0x00007f87a519db20+0x2f]
j  com.android.dx.ssa.LiteralOpUpgrader$1.visitNonMoveInsn(Lcom/android/dx/ssa/NormalSsaInsn;)V+30
J 347 C1 com.android.dx.ssa.NormalSsaInsn.accept(Lcom/android/dx/ssa/SsaInsn$Visitor;)V (25 bytes) @ 0x00007f87a51c937c [0x00007f87a51c8f20+0x45c]
J 415 C1 com.android.dx.ssa.SsaBasicBlock.forEachInsn(Lcom/android/dx/ssa/SsaInsn$Visitor;)V (37 bytes) @ 0x00007f87a51de67c [0x00007f87a51de320+0x35c]
j  com.android.dx.ssa.SsaMethod.forEachInsn(Lcom/android/dx/ssa/SsaInsn$Visitor;)V+29
j  com.android.dx.ssa.LiteralOpUpgrader.run()V+17
j  com.android.dx.ssa.LiteralOpUpgrader.process(Lcom/android/dx/ssa/SsaMethod;)V+10
j  com.android.dx.ssa.Optimizer.runSsaFormSteps(Lcom/android/dx/ssa/SsaMethod;Ljava/util/EnumSet;)V+47
j  com.android.dx.ssa.Optimizer.optimize(Lcom/android/dx/rop/code/RopMethod;IZZLcom/android/dx/rop/code/TranslationAdvice;Ljava/util/EnumSet;)Lcom/android/dx/rop/code/RopMethod;+24
j  com.android.dx.ssa.Optimizer.optimize(Lcom/android/dx/rop/code/RopMethod;IZZLcom/android/dx/rop/code/TranslationAdvice;)Lcom/android/dx/rop/code/RopMethod;+12
j  com.android.dx.dex.cf.CfTranslator.processMethods(Lcom/android/dx/cf/direct/DirectClassFile;Lcom/android/dx/dex/cf/CfOptions;Lcom/android/dx/dex/DexOptions;Lcom/android/dx/dex/file/ClassDefItem;Lcom/android/dx/dex/file/DexFile;)V+265
j  com.android.dx.dex.cf.CfTranslator.translate0(Lcom/android/dx/cf/direct/DirectClassFile;[BLcom/android/dx/dex/cf/CfOptions;Lcom/android/dx/dex/DexOptions;Lcom/android/dx/dex/file/DexFile;)Lcom/android/dx/dex/file/ClassDefItem;+120
j  com.android.dx.dex.cf.CfTranslator.translate(Lcom/android/dx/cf/direct/DirectClassFile;[BLcom/android/dx/dex/cf/CfOptions;Lcom/android/dx/dex/DexOptions;Lcom/android/dx/dex/file/DexFile;)Lcom/android/dx/dex/file/ClassDefItem;+6
j  com.android.dx.command.dexer.Main.translateClass([BLcom/android/dx/cf/direct/DirectClassFile;)Lcom/android/dx/dex/file/ClassDefItem;+17
j  com.android.dx.command.dexer.Main.access$2700([BLcom/android/dx/cf/direct/DirectClassFile;)Lcom/android/dx/dex/file/ClassDefItem;+2
j  com.android.dx.command.dexer.Main$ClassTranslatorTask.call()Lcom/android/dx/dex/file/ClassDefItem;+8
j  com.android.dx.command.dexer.Main$ClassTranslatorTask.call()Ljava/lang/Object;+1
j  java.util.concurrent.FutureTask.run()V+42
j  java.util.concurrent.ThreadPoolExecutor.runWorker(Ljava/util/concurrent/ThreadPoolExecutor$Worker;)V+95
j  java.util.concurrent.ThreadPoolExecutor$Worker.run()V+5
j  java.lang.Thread.run()V+11
v  ~StubRoutines::call_stub
V  [libjvm.so+0x68f6b6]  JavaCalls::call_helper(JavaValue*, methodHandle*, JavaCallArguments*, Thread*)+0x1056
V  [libjvm.so+0x68fbc1]  JavaCalls::call_virtual(JavaValue*, KlassHandle, Symbol*, Symbol*, JavaCallArguments*, Thread*)+0x321
V  [libjvm.so+0x690067]  JavaCalls::call_virtual(JavaValue*, Handle, KlassHandle, Symbol*, Symbol*, Thread*)+0x47
V  [libjvm.so+0x726fc0]  thread_entry(JavaThread*, Thread*)+0xa0
V  [libjvm.so+0xa7343f]  JavaThread::thread_main_inner()+0xdf
V  [libjvm.so+0xa7356c]  JavaThread::run()+0x11c
V  [libjvm.so+0x924698]  java_start(Thread*)+0x108
C  [libpthread.so.0+0x7e9a]  start_thread+0xda


---------------  P R O C E S S  ---------------

Java Threads: ( => current thread )
  0x00007f87b4158000 JavaThread "pool-1-thread-4" [_thread_in_Java, id=4093, stack(0x00007f879d215000,0x00007f879d316000)]
=>0x00007f87b4154800 JavaThread "pool-1-thread-3" [_thread_in_Java, id=4092, stack(0x00007f879d316000,0x00007f879d417000)]
  0x00007f87b4152800 JavaThread "pool-1-thread-2" [_thread_in_Java, id=4091, stack(0x00007f879d417000,0x00007f879d518000)]
  0x00007f87b414f000 JavaThread "pool-2-thread-1" [_thread_blocked, id=4090, stack(0x00007f879d518000,0x00007f879d619000)]
  0x00007f87b414d000 JavaThread "pool-1-thread-1" [_thread_in_Java, id=4089, stack(0x00007f879d619000,0x00007f879d71a000)]
  0x00007f87b40cc000 JavaThread "Service Thread" daemon [_thread_blocked, id=4086, stack(0x00007f879d81b000,0x00007f879d91c000)]
  0x00007f87b40b7800 JavaThread "C1 CompilerThread1" daemon [_thread_in_native, id=4085, stack(0x00007f87a40f1000,0x00007f87a41f2000)]
  0x00007f87b40b4800 JavaThread "C2 CompilerThread0" daemon [_thread_in_native, id=4084, stack(0x00007f87a41f2000,0x00007f87a42f3000)]
  0x00007f87b40b3000 JavaThread "Signal Dispatcher" daemon [_thread_blocked, id=4083, stack(0x00007f87a42f3000,0x00007f87a43f4000)]
  0x00007f87b4080000 JavaThread "Finalizer" daemon [_thread_blocked, id=4082, stack(0x00007f87a43f4000,0x00007f87a44f5000)]
  0x00007f87b407b800 JavaThread "Reference Handler" daemon [_thread_blocked, id=4081, stack(0x00007f87a44f5000,0x00007f87a45f6000)]
  0x00007f87b400a000 JavaThread "main" [_thread_in_Java, id=4076, stack(0x00007f87bc4fc000,0x00007f87bc5fd000)]

Other Threads:
  0x00007f87b4073800 VMThread [stack: 0x00007f87a45f6000,0x00007f87a46f7000] [id=4080]
  0x00007f87b40cf000 WatcherThread [stack: 0x00007f879d71a000,0x00007f879d81b000] [id=4087]

VM state:not at safepoint (normal execution)

VM Mutex/Monitor currently owned by a thread: None

Heap:
 PSYoungGen      total 13824K, used 5872K [0x00000000eab00000, 0x00000000ec600000, 0x0000000100000000)
  eden space 12288K, 35% used [0x00000000eab00000,0x00000000eaf42468,0x00000000eb700000)
  from space 1536K, 98% used [0x00000000eb700000,0x00000000eb879c70,0x00000000eb880000)
  to   space 1536K, 0% used [0x00000000ec480000,0x00000000ec480000,0x00000000ec600000)
 ParOldGen       total 31744K, used 1921K [0x00000000c0000000, 0x00000000c1f00000, 0x00000000eab00000)
  object space 31744K, 6% used [0x00000000c0000000,0x00000000c01e04a8,0x00000000c1f00000)
 Metaspace       used 5623K, capacity 6640K, committed 6784K, reserved 1056768K
  class space    used 586K, capacity 616K, committed 640K, reserved 1048576K

Card table byte_map: [0x00007f87b90c1000,0x00007f87b92c2000] byte_map_base: 0x00007f87b8ac1000

Marking Bits: (ParMarkBitMap*) 0x00007f87bb9d8120
 Begin Bits: [0x00007f879e000000, 0x00007f879f000000)
 End Bits:   [0x00007f879f000000, 0x00007f87a0000000)

Polling page: 0x00007f87bc619000

CodeCache: size=245760Kb used=2124Kb max_used=2125Kb free=243635Kb
 bounds [0x00007f87a5000000, 0x00007f87a5270000, 0x00007f87b4000000]
 total_blobs=756 nmethods=489 adapters=182
 compilation: enabled

Compilation events (10 events):
Event: 4.546 Thread 0x00007f87b40b7800 nmethod 536 0x00007f87a520aa10 code [0x00007f87a520ac60, 0x00007f87a520bc28]
Event: 4.546 Thread 0x00007f87b40b7800  523       3       java.lang.Long::bitCount (61 bytes)
Event: 4.546 Thread 0x00007f87b40b7800 nmethod 523 0x00007f87a520c5d0 code [0x00007f87a520c720, 0x00007f87a520c8d0]
Event: 4.546 Thread 0x00007f87b40b7800  529   !   3       com.android.dx.util.IntList::set (53 bytes)
Event: 4.547 Thread 0x00007f87b40b7800 nmethod 529 0x00007f87a520c950 code [0x00007f87a520cb20, 0x00007f87a520d0c8]
Event: 4.547 Thread 0x00007f87b40b7800  514       3       com.android.dx.util.FixedSizeList::equals (41 bytes)
Event: 4.548 Thread 0x00007f87b40b4800 nmethod 503 0x00007f87a520d3d0 code [0x00007f87a520d580, 0x00007f87a520dc38]
Event: 4.548 Thread 0x00007f87b40b4800  519       4       com.android.dx.util.MutabilityControl::<init> (10 bytes)
Event: 4.548 Thread 0x00007f87b40b4800 nmethod 519 0x00007f87a5207bd0 code [0x00007f87a5207d20, 0x00007f87a5207d78]
Event: 4.549 Thread 0x00007f87b40b4800  508       4       com.android.dx.util.IntList::add (65 bytes)

GC Heap History (2 events):
Event: 4.053 GC heap before
{Heap before GC invocations=1 (full 0):
 PSYoungGen      total 13824K, used 12288K [0x00000000eab00000, 0x00000000eba00000, 0x0000000100000000)
  eden space 12288K, 100% used [0x00000000eab00000,0x00000000eb700000,0x00000000eb700000)
  from space 1536K, 0% used [0x00000000eb880000,0x00000000eb880000,0x00000000eba00000)
  to   space 1536K, 0% used [0x00000000eb700000,0x00000000eb700000,0x00000000eb880000)
 ParOldGen       total 31744K, used 0K [0x00000000c0000000, 0x00000000c1f00000, 0x00000000eab00000)
  object space 31744K, 0% used [0x00000000c0000000,0x00000000c0000000,0x00000000c1f00000)
 Metaspace       used 5403K, capacity 6448K, committed 6528K, reserved 1056768K
  class space    used 585K, capacity 616K, committed 640K, reserved 1048576K
Event: 4.168 GC heap after
Heap after GC invocations=1 (full 0):
 PSYoungGen      total 13824K, used 1511K [0x00000000eab00000, 0x00000000ec600000, 0x0000000100000000)
  eden space 12288K, 0% used [0x00000000eab00000,0x00000000eab00000,0x00000000eb700000)
  from space 1536K, 98% used [0x00000000eb700000,0x00000000eb879c70,0x00000000eb880000)
  to   space 1536K, 0% used [0x00000000ec480000,0x00000000ec480000,0x00000000ec600000)
 ParOldGen       total 31744K, used 1921K [0x00000000c0000000, 0x00000000c1f00000, 0x00000000eab00000)
  object space 31744K, 6% used [0x00000000c0000000,0x00000000c01e04a8,0x00000000c1f00000)
 Metaspace       used 5403K, capacity 6448K, committed 6528K, reserved 1056768K
  class space    used 585K, capacity 616K, committed 640K, reserved 1048576K
}

Deoptimization events (2 events):
Event: 2.416 Thread 0x00007f87b400a000 Uncommon trap: reason=unstable_if action=reinterpret pc=0x00007f87a513d708 method=java.lang.String.indexOf(II)I @ 49
Event: 4.361 Thread 0x00007f87b4158000 Uncommon trap: reason=unstable_if action=reinterpret pc=0x00007f87a51ef038 method=java.util.HashMap.getNode(ILjava/lang/Object;)Ljava/util/HashMap$Node; @ 129

Internal exceptions (2 events):
Event: 0.249 Thread 0x00007f87b400a000 Exception <a 'java/lang/NoSuchMethodError': Method sun.misc.Unsafe.defineClass(Ljava/lang/String;[BII)Ljava/lang/Class; name or signature does not match> (0x00000000eab07cc0) thrown at [/HUDSON3/workspace/8-2-build-linux-amd64/jdk8u101/7261/hotspot/src/sh
Event: 0.249 Thread 0x00007f87b400a000 Exception <a 'java/lang/NoSuchMethodError': Method sun.misc.Unsafe.prefetchRead(Ljava/lang/Object;J)V name or signature does not match> (0x00000000eab07fa8) thrown at [/HUDSON3/workspace/8-2-build-linux-amd64/jdk8u101/7261/hotspot/src/share/vm/prims/jni.c

Events (10 events):
Event: 3.967 loading class com/android/dx/ssa/back/FirstFitLocalCombiningAllocator$Multiset done
Event: 4.049 Executing VM operation: ParallelGCFailedAllocation
Event: 4.168 Executing VM operation: ParallelGCFailedAllocation done
Event: 4.189 loading class com/android/dx/cf/code/SwitchList
Event: 4.190 loading class com/android/dx/cf/code/SwitchList done
Event: 4.325 loading class java/util/DualPivotQuicksort
Event: 4.325 loading class java/util/DualPivotQuicksort done
Event: 4.361 Thread 0x00007f87b4158000 Uncommon trap: trap_request=0xffffff65 fr.pc=0x00007f87a51ef038
Event: 4.361 Thread 0x00007f87b4158000 DEOPT PACKING pc=0x00007f87a51ef038 sp=0x00007f879d313970
Event: 4.361 Thread 0x00007f87b4158000 DEOPT UNPACKING pc=0x00007f87a5004f69 sp=0x00007f879d313908 mode 2


Dynamic libraries:
00400000-00401000 r-xp 00000000 08:01 3279757                            /usr/lib/jvm/java-8-oracle/bin/java
00600000-00601000 rw-p 00000000 08:01 3279757                            /usr/lib/jvm/java-8-oracle/bin/java
0195e000-0197f000 rw-p 00000000 00:00 0                                  [heap]
c0000000-c1f00000 rw-p 00000000 00:00 0 
c1f00000-eab00000 ---p 00000000 00:00 0 
eab00000-ec600000 rw-p 00000000 00:00 0 
ec600000-100000000 ---p 00000000 00:00 0 
100000000-1000a0000 rw-p 00000000 00:00 0 
1000a0000-140000000 ---p 00000000 00:00 0 
7f8768000000-7f8768021000 rw-p 00000000 00:00 0 
7f8768021000-7f876c000000 ---p 00000000 00:00 0 
7f876c000000-7f876c2c0000 rw-p 00000000 00:00 0 
7f876c2c0000-7f8770000000 ---p 00000000 00:00 0 
7f8770000000-7f8770033000 rw-p 00000000 00:00 0 
7f8770033000-7f8774000000 ---p 00000000 00:00 0 
7f8774000000-7f8774021000 rw-p 00000000 00:00 0 
7f8774021000-7f8778000000 ---p 00000000 00:00 0 
7f8778000000-7f8778021000 rw-p 00000000 00:00 0 
7f8778021000-7f877c000000 ---p 00000000 00:00 0 
7f877c000000-7f877c021000 rw-p 00000000 00:00 0 
7f877c021000-7f8780000000 ---p 00000000 00:00 0 
7f8780000000-7f878011a000 rw-p 00000000 00:00 0 
7f878011a000-7f8784000000 ---p 00000000 00:00 0 
7f8784000000-7f87841e1000 rw-p 00000000 00:00 0 
7f87841e1000-7f8788000000 ---p 00000000 00:00 0 
7f8788000000-7f8788021000 rw-p 00000000 00:00 0 
7f8788021000-7f878c000000 ---p 00000000 00:00 0 
7f878c000000-7f878c021000 rw-p 00000000 00:00 0 
7f878c021000-7f8790000000 ---p 00000000 00:00 0 
7f8790000000-7f8790021000 rw-p 00000000 00:00 0 
7f8790021000-7f8794000000 ---p 00000000 00:00 0 
7f8794000000-7f8794021000 rw-p 00000000 00:00 0 
7f8794021000-7f8798000000 ---p 00000000 00:00 0 
7f8798000000-7f8798021000 rw-p 00000000 00:00 0 
7f8798021000-7f879c000000 ---p 00000000 00:00 0 
7f879d215000-7f879d218000 ---p 00000000 00:00 0 
7f879d218000-7f879d316000 rw-p 00000000 00:00 0                          [stack:4093]
7f879d316000-7f879d319000 ---p 00000000 00:00 0 
7f879d319000-7f879d417000 rw-p 00000000 00:00 0                          [stack:4092]
7f879d417000-7f879d41a000 ---p 00000000 00:00 0 
7f879d41a000-7f879d518000 rw-p 00000000 00:00 0                          [stack:4091]
7f879d518000-7f879d51b000 ---p 00000000 00:00 0 
7f879d51b000-7f879d619000 rw-p 00000000 00:00 0                          [stack:4090]
7f879d619000-7f879d61c000 ---p 00000000 00:00 0 
7f879d61c000-7f879d71a000 rw-p 00000000 00:00 0                          [stack:4089]
7f879d71a000-7f879d71b000 ---p 00000000 00:00 0 
7f879d71b000-7f879d81b000 rw-p 00000000 00:00 0                          [stack:4087]
7f879d81b000-7f879d81e000 ---p 00000000 00:00 0 
7f879d81e000-7f879d91c000 rw-p 00000000 00:00 0                          [stack:4086]
7f879d91c000-7f879e000000 r--p 00000000 08:01 13113697                   /usr/lib/locale/locale-archive
7f879e000000-7f87a0000000 rw-p 00000000 00:00 0 
7f87a0000000-7f87a0021000 rw-p 00000000 00:00 0 
7f87a0021000-7f87a4000000 ---p 00000000 00:00 0 
7f87a40f1000-7f87a40f4000 ---p 00000000 00:00 0 
7f87a40f4000-7f87a41f2000 rw-p 00000000 00:00 0                          [stack:4085]
7f87a41f2000-7f87a41f5000 ---p 00000000 00:00 0 
7f87a41f5000-7f87a42f3000 rw-p 00000000 00:00 0                          [stack:4084]
7f87a42f3000-7f87a42f6000 ---p 00000000 00:00 0 
7f87a42f6000-7f87a43f4000 rw-p 00000000 00:00 0                          [stack:4083]
7f87a43f4000-7f87a43f7000 ---p 00000000 00:00 0 
7f87a43f7000-7f87a44f5000 rw-p 00000000 00:00 0                          [stack:4082]
7f87a44f5000-7f87a44f8000 ---p 00000000 00:00 0 
7f87a44f8000-7f87a45f6000 rw-p 00000000 00:00 0                          [stack:4081]
7f87a45f6000-7f87a45f7000 ---p 00000000 00:00 0 
7f87a45f7000-7f87a5000000 rw-p 00000000 00:00 0                          [stack:4080]
7f87a5000000-7f87a5270000 rwxp 00000000 00:00 0 
7f87a5270000-7f87b4000000 ---p 00000000 00:00 0 
7f87b4000000-7f87b4397000 rw-p 00000000 00:00 0 
7f87b4397000-7f87b8000000 ---p 00000000 00:00 0 
7f87b80a9000-7f87b811a000 rw-p 00000000 00:00 0 
7f87b811a000-7f87b82f3000 r--s 03d29000 08:01 13118676                   /usr/lib/jvm/java-8-oracle/jre/lib/rt.jar
7f87b82f3000-7f87b8969000 rw-p 00000000 00:00 0 
7f87b8969000-7f87b8b69000 ---p 00000000 00:00 0 
7f87b8b69000-7f87b8d69000 rw-p 00000000 00:00 0 
7f87b8d69000-7f87b8d6a000 ---p 00000000 00:00 0 
7f87b8d6a000-7f87b8e6a000 rw-p 00000000 00:00 0                          [stack:4079]
7f87b8e6a000-7f87b8e6b000 ---p 00000000 00:00 0 
7f87b8e6b000-7f87b8f7b000 rw-p 00000000 00:00 0                          [stack:4078]
7f87b8f7b000-7f87b90c1000 ---p 00000000 00:00 0 
7f87b90c1000-7f87b90d1000 rw-p 00000000 00:00 0 
7f87b90d1000-7f87b9216000 ---p 00000000 00:00 0 
7f87b9216000-7f87b9224000 rw-p 00000000 00:00 0 
7f87b9224000-7f87b92c1000 ---p 00000000 00:00 0 
7f87b92c1000-7f87b92cc000 rw-p 00000000 00:00 0 
7f87b92cc000-7f87b9682000 ---p 00000000 00:00 0 
7f87b9682000-7f87b969c000 r-xp 00000000 08:01 13766358                   /usr/lib/jvm/java-8-oracle/jre/lib/amd64/libzip.so
7f87b969c000-7f87b989c000 ---p 0001a000 08:01 13766358                   /usr/lib/jvm/java-8-oracle/jre/lib/amd64/libzip.so
7f87b989c000-7f87b989d000 rw-p 0001a000 08:01 13766358                   /usr/lib/jvm/java-8-oracle/jre/lib/amd64/libzip.so
7f87b989d000-7f87b98a8000 r-xp 00000000 08:01 2621673                    /lib/x86_64-linux-gnu/libnss_files-2.15.so
7f87b98a8000-7f87b9aa7000 ---p 0000b000 08:01 2621673                    /lib/x86_64-linux-gnu/libnss_files-2.15.so
7f87b9aa7000-7f87b9aa8000 r--p 0000a000 08:01 2621673                    /lib/x86_64-linux-gnu/libnss_files-2.15.so
7f87b9aa8000-7f87b9aa9000 rw-p 0000b000 08:01 2621673                    /lib/x86_64-linux-gnu/libnss_files-2.15.so
7f87b9aa9000-7f87b9ab3000 r-xp 00000000 08:01 2621658                    /lib/x86_64-linux-gnu/libnss_nis-2.15.so
7f87b9ab3000-7f87b9cb3000 ---p 0000a000 08:01 2621658                    /lib/x86_64-linux-gnu/libnss_nis-2.15.so
7f87b9cb3000-7f87b9cb4000 r--p 0000a000 08:01 2621658                    /lib/x86_64-linux-gnu/libnss_nis-2.15.so
7f87b9cb4000-7f87b9cb5000 rw-p 0000b000 08:01 2621658                    /lib/x86_64-linux-gnu/libnss_nis-2.15.so
7f87b9cb5000-7f87b9ccc000 r-xp 00000000 08:01 2621667                    /lib/x86_64-linux-gnu/libnsl-2.15.so
7f87b9ccc000-7f87b9ecb000 ---p 00017000 08:01 2621667                    /lib/x86_64-linux-gnu/libnsl-2.15.so
7f87b9ecb000-7f87b9ecc000 r--p 00016000 08:01 2621667                    /lib/x86_64-linux-gnu/libnsl-2.15.so
7f87b9ecc000-7f87b9ecd000 rw-p 00017000 08:01 2621667                    /lib/x86_64-linux-gnu/libnsl-2.15.so
7f87b9ecd000-7f87b9ecf000 rw-p 00000000 00:00 0 
7f87b9ecf000-7f87b9ed7000 r-xp 00000000 08:01 2621672                    /lib/x86_64-linux-gnu/libnss_compat-2.15.so
7f87b9ed7000-7f87ba0d6000 ---p 00008000 08:01 2621672                    /lib/x86_64-linux-gnu/libnss_compat-2.15.so
7f87ba0d6000-7f87ba0d7000 r--p 00007000 08:01 2621672                    /lib/x86_64-linux-gnu/libnss_compat-2.15.so
7f87ba0d7000-7f87ba0d8000 rw-p 00008000 08:01 2621672                    /lib/x86_64-linux-gnu/libnss_compat-2.15.so
7f87ba0d8000-7f87ba102000 r-xp 00000000 08:01 13766323                   /usr/lib/jvm/java-8-oracle/jre/lib/amd64/libjava.so
7f87ba102000-7f87ba302000 ---p 0002a000 08:01 13766323                   /usr/lib/jvm/java-8-oracle/jre/lib/amd64/libjava.so
7f87ba302000-7f87ba304000 rw-p 0002a000 08:01 13766323                   /usr/lib/jvm/java-8-oracle/jre/lib/amd64/libjava.so
7f87ba304000-7f87ba311000 r-xp 00000000 08:01 13766361                   /usr/lib/jvm/java-8-oracle/jre/lib/amd64/libverify.so
7f87ba311000-7f87ba511000 ---p 0000d000 08:01 13766361                   /usr/lib/jvm/java-8-oracle/jre/lib/amd64/libverify.so
7f87ba511000-7f87ba513000 rw-p 0000d000 08:01 13766361                   /usr/lib/jvm/java-8-oracle/jre/lib/amd64/libverify.so
7f87ba513000-7f87ba51a000 r-xp 00000000 08:01 2621660                    /lib/x86_64-linux-gnu/librt-2.15.so
7f87ba51a000-7f87ba719000 ---p 00007000 08:01 2621660                    /lib/x86_64-linux-gnu/librt-2.15.so
7f87ba719000-7f87ba71a000 r--p 00006000 08:01 2621660                    /lib/x86_64-linux-gnu/librt-2.15.so
7f87ba71a000-7f87ba71b000 rw-p 00007000 08:01 2621660                    /lib/x86_64-linux-gnu/librt-2.15.so
7f87ba71b000-7f87ba816000 r-xp 00000000 08:01 2621674                    /lib/x86_64-linux-gnu/libm-2.15.so
7f87ba816000-7f87baa15000 ---p 000fb000 08:01 2621674                    /lib/x86_64-linux-gnu/libm-2.15.so
7f87baa15000-7f87baa16000 r--p 000fa000 08:01 2621674                    /lib/x86_64-linux-gnu/libm-2.15.so
7f87baa16000-7f87baa17000 rw-p 000fb000 08:01 2621674                    /lib/x86_64-linux-gnu/libm-2.15.so
7f87baa17000-7f87bb6e2000 r-xp 00000000 08:01 13894575                   /usr/lib/jvm/java-8-oracle/jre/lib/amd64/server/libjvm.so
7f87bb6e2000-7f87bb8e1000 ---p 00ccb000 08:01 13894575                   /usr/lib/jvm/java-8-oracle/jre/lib/amd64/server/libjvm.so
7f87bb8e1000-7f87bb9ba000 rw-p 00cca000 08:01 13894575                   /usr/lib/jvm/java-8-oracle/jre/lib/amd64/server/libjvm.so
7f87bb9ba000-7f87bba05000 rw-p 00000000 00:00 0 
7f87bba05000-7f87bbbb9000 r-xp 00000000 08:01 2621665                    /lib/x86_64-linux-gnu/libc-2.15.so
7f87bbbb9000-7f87bbdb8000 ---p 001b4000 08:01 2621665                    /lib/x86_64-linux-gnu/libc-2.15.so
7f87bbdb8000-7f87bbdbc000 r--p 001b3000 08:01 2621665                    /lib/x86_64-linux-gnu/libc-2.15.so
7f87bbdbc000-7f87bbdbe000 rw-p 001b7000 08:01 2621665                    /lib/x86_64-linux-gnu/libc-2.15.so
7f87bbdbe000-7f87bbdc3000 rw-p 00000000 00:00 0 
7f87bbdc3000-7f87bbdc5000 r-xp 00000000 08:01 2621657                    /lib/x86_64-linux-gnu/libdl-2.15.so
7f87bbdc5000-7f87bbfc5000 ---p 00002000 08:01 2621657                    /lib/x86_64-linux-gnu/libdl-2.15.so
7f87bbfc5000-7f87bbfc6000 r--p 00002000 08:01 2621657                    /lib/x86_64-linux-gnu/libdl-2.15.so
7f87bbfc6000-7f87bbfc7000 rw-p 00003000 08:01 2621657                    /lib/x86_64-linux-gnu/libdl-2.15.so
7f87bbfc7000-7f87bbfdc000 r-xp 00000000 08:01 2627921                    /usr/lib/jvm/java-8-oracle/lib/amd64/jli/libjli.so
7f87bbfdc000-7f87bc1dc000 ---p 00015000 08:01 2627921                    /usr/lib/jvm/java-8-oracle/lib/amd64/jli/libjli.so
7f87bc1dc000-7f87bc1dd000 rw-p 00015000 08:01 2627921                    /usr/lib/jvm/java-8-oracle/lib/amd64/jli/libjli.so
7f87bc1dd000-7f87bc1f5000 r-xp 00000000 08:01 2621668                    /lib/x86_64-linux-gnu/libpthread-2.15.so
7f87bc1f5000-7f87bc3f4000 ---p 00018000 08:01 2621668                    /lib/x86_64-linux-gnu/libpthread-2.15.so
7f87bc3f4000-7f87bc3f5000 r--p 00017000 08:01 2621668                    /lib/x86_64-linux-gnu/libpthread-2.15.so
7f87bc3f5000-7f87bc3f6000 rw-p 00018000 08:01 2621668                    /lib/x86_64-linux-gnu/libpthread-2.15.so
7f87bc3f6000-7f87bc3fa000 rw-p 00000000 00:00 0 
7f87bc3fa000-7f87bc41c000 r-xp 00000000 08:01 2621671                    /lib/x86_64-linux-gnu/ld-2.15.so
7f87bc41c000-7f87bc41d000 rw-p 00000000 00:00 0 
7f87bc41d000-7f87bc423000 r--s 00048000 08:01 10753473                   /home/lin/other/AndroidProjects/Radio/app/build/intermediates/exploded-aar/com.code-troopers.betterpickers/library/3.0.0/jars/classes.jar
7f87bc423000-7f87bc4fc000 rw-p 00000000 00:00 0 
7f87bc4fc000-7f87bc4ff000 ---p 00000000 00:00 0 
7f87bc4ff000-7f87bc601000 rw-p 00000000 00:00 0                          [stack:4076]
7f87bc601000-7f87bc610000 r--s 000df000 08:01 11274850                   /root/Android/Sdk/build-tools/23.0.3/lib/dx.jar
7f87bc610000-7f87bc618000 rw-s 00000000 08:01 4849836                    /tmp/hsperfdata_root/4072
7f87bc618000-7f87bc619000 rw-p 00000000 00:00 0 
7f87bc619000-7f87bc61a000 r--p 00000000 00:00 0 
7f87bc61a000-7f87bc61c000 rw-p 00000000 00:00 0 
7f87bc61c000-7f87bc61d000 r--p 00022000 08:01 2621671                    /lib/x86_64-linux-gnu/ld-2.15.so
7f87bc61d000-7f87bc61f000 rw-p 00023000 08:01 2621671                    /lib/x86_64-linux-gnu/ld-2.15.so
7fff901e1000-7fff90202000 rw-p 00000000 00:00 0                          [stack]
7fff902a1000-7fff902a3000 r-xp 00000000 00:00 0                          [vdso]
ffffffffff600000-ffffffffff601000 r-xp 00000000 00:00 0                  [vsyscall]

VM Arguments:
jvm_args: -Djava.awt.headless=true -Xmx1024M -Dfile.encoding=UTF-8 -Duser.country=US -Duser.language=en -Duser.variant 
java_command: com.android.dx.command.Main --dex --force-jumbo --num-threads=4 --output /home/lin/other/AndroidProjects/Radio/app/build/intermediates/pre-dexed/debug/com.code-troopers.betterpickers-library-3.0.0_de1491c5a7e4b879dd6a810e4d1a9e50ccac2e9a.jar /home/lin/other/AndroidProjects/Radio/app/build/intermediates/exploded-aar/com.code-troopers.betterpickers/library/3.0.0/jars/classes.jar
java_class_path (initial): /root/Android/Sdk/build-tools/23.0.3/lib/dx.jar
Launcher Type: SUN_STANDARD

Environment Variables:
PATH=/usr/local/sbin:/usr/local/bin:/usr/sbin:/usr/bin:/sbin:/bin
USERNAME=root
LD_LIBRARY_PATH=/opt/android-studio/bin:
SHELL=/bin/bash
DISPLAY=:0.0

Signal Handlers:
SIGSEGV: [libjvm.so+0xac4790], sa_mask[0]=11111111011111111101111111111110, sa_flags=SA_RESTART|SA_SIGINFO
SIGBUS: [libjvm.so+0xac4790], sa_mask[0]=11111111011111111101111111111110, sa_flags=SA_RESTART|SA_SIGINFO
SIGFPE: [libjvm.so+0x91f140], sa_mask[0]=11111111011111111101111111111110, sa_flags=SA_RESTART|SA_SIGINFO
SIGPIPE: [libjvm.so+0x91f140], sa_mask[0]=11111111011111111101111111111110, sa_flags=SA_RESTART|SA_SIGINFO
SIGXFSZ: [libjvm.so+0x91f140], sa_mask[0]=11111111011111111101111111111110, sa_flags=SA_RESTART|SA_SIGINFO
SIGILL: [libjvm.so+0x91f140], sa_mask[0]=11111111011111111101111111111110, sa_flags=SA_RESTART|SA_SIGINFO
SIGUSR1: SIG_DFL, sa_mask[0]=00000000000000000000000000000000, sa_flags=none
SIGUSR2: [libjvm.so+0x920770], sa_mask[0]=00100000000000000000000000000000, sa_flags=SA_RESTART|SA_SIGINFO
SIGHUP: [libjvm.so+0x921b70], sa_mask[0]=11111111011111111101111111111110, sa_flags=SA_RESTART|SA_SIGINFO
SIGINT: [libjvm.so+0x921b70], sa_mask[0]=11111111011111111101111111111110, sa_flags=SA_RESTART|SA_SIGINFO
SIGTERM: [libjvm.so+0x921b70], sa_mask[0]=11111111011111111101111111111110, sa_flags=SA_RESTART|SA_SIGINFO
SIGQUIT: [libjvm.so+0x921b70], sa_mask[0]=11111111011111111101111111111110, sa_flags=SA_RESTART|SA_SIGINFO


---------------  S Y S T E M  ---------------

OS:DISTRIB_ID=Ubuntu
DISTRIB_RELEASE=12.04
DISTRIB_CODENAME=precise
DISTRIB_DESCRIPTION="Ubuntu 12.04.5 LTS"

uname:Linux 3.13.0-95-generic #142~precise1-Ubuntu SMP Fri Aug 12 18:20:15 UTC 2016 x86_64
libc:glibc 2.15 NPTL 2.15 
rlimit: STACK 8192k, CORE 0k, NPROC 22873, NOFILE 4096, AS infinity
load average:5.23 4.27 2.69

/proc/meminfo:
MemTotal:        2948840 kB
MemFree:           69096 kB
Buffers:           17916 kB
Cached:           518756 kB
SwapCached:            0 kB
Active:          2047760 kB
Inactive:         664964 kB
Active(anon):    1834812 kB
Inactive(anon):   457196 kB
Active(file):     212948 kB
Inactive(file):   207768 kB
Unevictable:           0 kB
Mlocked:               0 kB
SwapTotal:       3008508 kB
SwapFree:        3008356 kB
Dirty:              6356 kB
Writeback:             0 kB
AnonPages:       2176184 kB
Mapped:           175404 kB
Shmem:            115924 kB
Slab:              81992 kB
SReclaimable:      56560 kB
SUnreclaim:        25432 kB
KernelStack:        4448 kB
PageTables:        31204 kB
NFS_Unstable:          0 kB
Bounce:                0 kB
WritebackTmp:          0 kB
CommitLimit:     4482928 kB
Committed_AS:    4747192 kB
VmallocTotal:   34359738367 kB
VmallocUsed:      346432 kB
VmallocChunk:   34359385180 kB
HardwareCorrupted:     0 kB
AnonHugePages:    899072 kB
HugePages_Total:       0
HugePages_Free:        0
HugePages_Rsvd:        0
HugePages_Surp:        0
Hugepagesize:       2048 kB
DirectMap4k:       57732 kB
DirectMap2M:     2953216 kB


CPU:total 2 (2 cores per cpu, 1 threads per core) family 6 model 15 stepping 13, cmov, cx8, fxsr, mmx, sse, sse2, sse3, ssse3, tsc

/proc/cpuinfo:
processor	: 0
vendor_id	: GenuineIntel
cpu family	: 6
model		: 15
model name	: Genuine Intel(R) CPU           T1600  @ 1.66GHz
stepping	: 13
microcode	: 0xa3
cpu MHz		: 1662.464
cache size	: 1024 KB
physical id	: 0
siblings	: 2
core id		: 0
cpu cores	: 2
apicid		: 0
initial apicid	: 0
fpu		: yes
fpu_exception	: yes
cpuid level	: 10
wp		: yes
flags		: fpu vme de pse tsc msr pae mce cx8 apic sep mtrr pge mca cmov pat pse36 clflush dts acpi mmx fxsr sse sse2 ss ht tm pbe syscall nx lm constant_tsc arch_perfmon pebs bts rep_good nopl aperfmperf pni dtes64 monitor ds_cpl tm2 ssse3 cx16 xtpr pdcm lahf_lm dtherm
bogomips	: 3324.92
clflush size	: 64
cache_alignment	: 64
address sizes	: 36 bits physical, 48 bits virtual
power management:

processor	: 1
vendor_id	: GenuineIntel
cpu family	: 6
model		: 15
model name	: Genuine Intel(R) CPU           T1600  @ 1.66GHz
stepping	: 13
microcode	: 0xa3
cpu MHz		: 1662.464
cache size	: 1024 KB
physical id	: 0
siblings	: 2
core id		: 1
cpu cores	: 2
apicid		: 1
initial apicid	: 1
fpu		: yes
fpu_exception	: yes
cpuid level	: 10
wp		: yes
flags		: fpu vme de pse tsc msr pae mce cx8 apic sep mtrr pge mca cmov pat pse36 clflush dts acpi mmx fxsr sse sse2 ss ht tm pbe syscall nx lm constant_tsc arch_perfmon pebs bts rep_good nopl aperfmperf pni dtes64 monitor ds_cpl tm2 ssse3 cx16 xtpr pdcm lahf_lm dtherm
bogomips	: 3324.92
clflush size	: 64
cache_alignment	: 64
address sizes	: 36 bits physical, 48 bits virtual
power management:



Memory: 4k page, physical 2948840k(68972k free), swap 3008508k(3008356k free)

vm_info: Java HotSpot(TM) 64-Bit Server VM (25.101-b13) for linux-amd64 JRE (1.8.0_101-b13), built on Jun 22 2016 02:59:44 by "java_re" with gcc 4.3.0 20080428 (Red Hat 4.3.0-8)

time: Tue Aug 30 15:25:04 2016
elapsed time: 4 seconds (0d 0h 0m 4s)

