#
# A fatal error has been detected by the Java Runtime Environment:
#
#  SIGSEGV (0xb) at pc=0x00007f7a4e518b0c, pid=18571, tid=0x00007f7a4fa1f700
#
# JRE version: Java(TM) SE Runtime Environment (8.0_101-b13) (build 1.8.0_101-b13)
# Java VM: Java HotSpot(TM) 64-Bit Server VM (25.101-b13 mixed mode linux-amd64 compressed oops)
# Problematic frame:
# V  [libjvm.so+0x6deb0c]  jni_GetObjectClass+0xcc
#
# Failed to write core dump. Core dumps have been disabled. To enable core dumping, try "ulimit -c unlimited" before starting Java again
#
# If you would like to submit a bug report, please visit:
#   http://bugreport.java.com/bugreport/crash.jsp
#

---------------  T H R E A D  ---------------

Current thread (0x00007f7a4800a000):  JavaThread "main" [_thread_in_vm, id=18576, stack(0x00007f7a4f91f000,0x00007f7a4fa20000)]

siginfo: si_signo: 11 (SIGSEGV), si_code: 2 (SEGV_ACCERR), si_addr: 0x00000001002828c8

Registers:
RAX=0x00007f7a4edc7b90, RBX=0x00007f7a4800a000, RCX=0x0000000000000003, RDX=0x0000000100282860
RSP=0x00007f7a4fa1d900, RBP=0x00007f7a4fa1d960, RSI=0x00007f7a4800a000, RDI=0x00007f7a4fa1d900
R8 =0x0000000000000000, R9 =0x0000000100083c38, R10=0x00007f7a391a3438, R11=0x00007f7a4e518a40
R12=0x00007f7a4fa1d900, R13=0x00007f7a4800a1f8, R14=0x00007f7a4fa1d970, R15=0x00007f7a4edfbe80
RIP=0x00007f7a4e518b0c, EFLAGS=0x0000000000010206, CSGSFS=0x0000000000000033, ERR=0x0000000000000004
  TRAPNO=0x000000000000000e

Top of Stack: (sp=0x00007f7a4fa1d900)
0x00007f7a4fa1d900:   00007f7a4800a000 0000000000000000
0x00007f7a4fa1d910:   0000000000000000 00000000eabb1a60
0x00007f7a4fa1d920:   00007f7a4800a000 00007f7a4fa1d940
0x00007f7a4fa1d930:   00007f7a4fa1d9a0 00007f7a366005a8
0x00007f7a4fa1d940:   0000000000000000 00007f7a4fa1d9d0
0x00007f7a4fa1d950:   00007f7a4fa1da48 00007f7a4800a000
0x00007f7a4fa1d960:   00007f7a4fa1d9b0 00007f7a391a34a6
0x00007f7a4fa1d970:   00000000edd04ef0 00007f7a36b2e0f8
0x00007f7a4fa1d980:   0000000000000000 00007f7a36b2da90
0x00007f7a4fa1d990:   0000000000000000 00007f7a4fa1d9e8
0x00007f7a4fa1d9a0:   00007f7a4fa1da30 00007f7a39007ffd
0x00007f7a4fa1d9b0:   00007f7a4fa1da18 00007f7a39007d80
0x00007f7a4fa1d9c0:   0000000000000000 00007f7a39007d80
0x00007f7a4fa1d9d0:   00000000edd04ef0 00007f7a4fa1d9d8
0x00007f7a4fa1d9e0:   00007f7a368f54cf 00007f7a4fa1da48
0x00007f7a4fa1d9f0:   00007f7a368f5ca8 0000000000000000
0x00007f7a4fa1da00:   00007f7a368f5520 00007f7a4fa1d9d0
0x00007f7a4fa1da10:   00007f7a4fa1da40 00007f7a4fa1da90
0x00007f7a4fa1da20:   00007f7a390077d0 0000000000000000
0x00007f7a4fa1da30:   0000000000000000 0000000000000000
0x00007f7a4fa1da40:   00000000edd04ef0 00000000eaba3610
0x00007f7a4fa1da50:   00007f7a4fa1da50 00007f7a36afe004
0x00007f7a4fa1da60:   00007f7a4fa1dab0 00007f7a36afe650
0x00007f7a4fa1da70:   0000000000000000 00007f7a36afe088
0x00007f7a4fa1da80:   00007f7a4fa1da40 00007f7a4fa1daa8
0x00007f7a4fa1da90:   00007f7a4fa1daf8 00007f7a39007ffd
0x00007f7a4fa1daa0:   0000000000000000 00000000eaba3610
0x00007f7a4fa1dab0:   00000000eaba3630 00007f7a4fa1dab8
0x00007f7a4fa1dac0:   00007f7a36afdd70 00007f7a4fa1db40
0x00007f7a4fa1dad0:   00007f7a36afe650 0000000000000000
0x00007f7a4fa1dae0:   00007f7a36afde10 00007f7a4fa1daa8
0x00007f7a4fa1daf0:   00007f7a4fa1db18 00007f7a4fa1db88 

Instructions: (pc=0x00007f7a4e518b0c)
0x00007f7a4e518aec:   c0 4c 89 e7 e8 9b 22 01 00 48 8b 05 4c 25 89 00
0x00007f7a4e518afc:   49 8b 16 80 38 00 0f 85 b0 00 00 00 48 8b 52 08
0x00007f7a4e518b0c:   48 8b 72 68 4c 89 ef e8 98 ee 02 00 48 83 7d a8
0x00007f7a4e518b1c:   00 49 89 c5 74 08 4c 89 e7 e8 f6 5f 29 00 48 8d 

Register to memory mapping:

RAX=0x00007f7a4edc7b90: <offset 0xf8db90> in /usr/lib/jvm/java-8-oracle/jre/lib/amd64/server/libjvm.so at 0x00007f7a4de3a000
RBX=0x00007f7a4800a000 is a thread
RCX=0x0000000000000003 is an unknown value
RDX=0x0000000100282860 is an unknown value
RSP=0x00007f7a4fa1d900 is pointing into the stack for thread: 0x00007f7a4800a000
RBP=0x00007f7a4fa1d960 is pointing into the stack for thread: 0x00007f7a4800a000
RSI=0x00007f7a4800a000 is a thread
RDI=0x00007f7a4fa1d900 is pointing into the stack for thread: 0x00007f7a4800a000
R8 =0x0000000000000000 is an unknown value
R9 =0x0000000100083c38 is pointing into metadata
R10=0x00007f7a391a3438 is at entry_point+56 in (nmethod*)0x00007f7a391a3290
R11=0x00007f7a4e518a40: <offset 0x6dea40> in /usr/lib/jvm/java-8-oracle/jre/lib/amd64/server/libjvm.so at 0x00007f7a4de3a000
R12=0x00007f7a4fa1d900 is pointing into the stack for thread: 0x00007f7a4800a000
R13=0x00007f7a4800a1f8 is an unknown value
R14=0x00007f7a4fa1d970 is pointing into the stack for thread: 0x00007f7a4800a000
R15=0x00007f7a4edfbe80: <offset 0xfc1e80> in /usr/lib/jvm/java-8-oracle/jre/lib/amd64/server/libjvm.so at 0x00007f7a4de3a000


Stack: [0x00007f7a4f91f000,0x00007f7a4fa20000],  sp=0x00007f7a4fa1d900,  free space=1018k
Native frames: (J=compiled Java code, j=interpreted, Vv=VM code, C=native code)
V  [libjvm.so+0x6deb0c]  jni_GetObjectClass+0xcc
J 269  java.lang.Object.getClass()Ljava/lang/Class; (0 bytes) @ 0x00007f7a391a34a6 [0x00007f7a391a3400+0xa6]
j  java.util.RegularEnumSet.remove(Ljava/lang/Object;)Z+7
j  com.android.dx.ssa.Optimizer.runSsaFormSteps(Lcom/android/dx/ssa/SsaMethod;Ljava/util/EnumSet;)V+60
j  com.android.dx.ssa.Optimizer.optimize(Lcom/android/dx/rop/code/RopMethod;IZZLcom/android/dx/rop/code/TranslationAdvice;Ljava/util/EnumSet;)Lcom/android/dx/rop/code/RopMethod;+24
j  com.android.dx.ssa.Optimizer.optimize(Lcom/android/dx/rop/code/RopMethod;IZZLcom/android/dx/rop/code/TranslationAdvice;)Lcom/android/dx/rop/code/RopMethod;+12
j  com.android.dx.dex.cf.CfTranslator.processMethods(Lcom/android/dx/cf/direct/DirectClassFile;Lcom/android/dx/dex/cf/CfOptions;Lcom/android/dx/dex/DexOptions;Lcom/android/dx/dex/file/ClassDefItem;Lcom/android/dx/dex/file/DexFile;)V+265
j  com.android.dx.dex.cf.CfTranslator.translate0(Lcom/android/dx/cf/direct/DirectClassFile;[BLcom/android/dx/dex/cf/CfOptions;Lcom/android/dx/dex/DexOptions;Lcom/android/dx/dex/file/DexFile;)Lcom/android/dx/dex/file/ClassDefItem;+120
j  com.android.dx.dex.cf.CfTranslator.translate(Lcom/android/dx/cf/direct/DirectClassFile;[BLcom/android/dx/dex/cf/CfOptions;Lcom/android/dx/dex/DexOptions;Lcom/android/dx/dex/file/DexFile;)Lcom/android/dx/dex/file/ClassDefItem;+6
j  com.android.dx.command.dexer.Main.translateClass([BLcom/android/dx/cf/direct/DirectClassFile;)Lcom/android/dx/dex/file/ClassDefItem;+17
j  com.android.dx.command.dexer.Main.access$2700([BLcom/android/dx/cf/direct/DirectClassFile;)Lcom/android/dx/dex/file/ClassDefItem;+2
j  com.android.dx.command.dexer.Main$ClassTranslatorTask.call()Lcom/android/dx/dex/file/ClassDefItem;+8
j  com.android.dx.command.dexer.Main$ClassTranslatorTask.call()Ljava/lang/Object;+1
j  java.util.concurrent.FutureTask.run()V+42
j  java.util.concurrent.ThreadPoolExecutor$CallerRunsPolicy.rejectedExecution(Ljava/lang/Runnable;Ljava/util/concurrent/ThreadPoolExecutor;)V+8
j  java.util.concurrent.ThreadPoolExecutor.reject(Ljava/lang/Runnable;)V+6
j  java.util.concurrent.ThreadPoolExecutor.execute(Ljava/lang/Runnable;)V+128
j  java.util.concurrent.AbstractExecutorService.submit(Ljava/util/concurrent/Callable;)Ljava/util/concurrent/Future;+20
j  com.android.dx.command.dexer.Main$DirectClassFileConsumer.call(Lcom/android/dx/cf/direct/DirectClassFile;)Ljava/lang/Boolean;+295
j  com.android.dx.command.dexer.Main$DirectClassFileConsumer.access$700(Lcom/android/dx/command/dexer/Main$DirectClassFileConsumer;Lcom/android/dx/cf/direct/DirectClassFile;)Ljava/lang/Boolean;+2
j  com.android.dx.command.dexer.Main.processClass(Ljava/lang/String;[B)Z+37
j  com.android.dx.command.dexer.Main.processFileBytes(Ljava/lang/String;J[B)Z+188
j  com.android.dx.command.dexer.Main.access$1200(Ljava/lang/String;J[B)Z+3
j  com.android.dx.command.dexer.Main$FileBytesConsumer.processFileBytes(Ljava/lang/String;J[B)Z+4
j  com.android.dx.cf.direct.ClassPathOpener.processArchive(Ljava/io/File;)Z+203
j  com.android.dx.cf.direct.ClassPathOpener.processOne(Ljava/io/File;Z)Z+48
j  com.android.dx.cf.direct.ClassPathOpener.process()Z+15
j  com.android.dx.command.dexer.Main.processOne(Ljava/lang/String;Lcom/android/dx/cf/direct/ClassPathOpener$FileNameFilter;)V+20
j  com.android.dx.command.dexer.Main.processAllFiles()Z+272
j  com.android.dx.command.dexer.Main.runMonoDex()I+58
j  com.android.dx.command.dexer.Main.run(Lcom/android/dx/command/dexer/Main$Arguments;)I+76
j  com.android.dx.command.dexer.Main.main([Ljava/lang/String;)V+14
j  com.android.dx.command.Main.main([Ljava/lang/String;)V+61
v  ~StubRoutines::call_stub
V  [libjvm.so+0x68f6b6]  JavaCalls::call_helper(JavaValue*, methodHandle*, JavaCallArguments*, Thread*)+0x1056
V  [libjvm.so+0x6d0d42]  jni_invoke_static(JNIEnv_*, JavaValue*, _jobject*, JNICallType, _jmethodID*, JNI_ArgumentPusher*, Thread*)+0x362
V  [libjvm.so+0x6ed5aa]  jni_CallStaticVoidMethod+0x17a
C  [libjli.so+0x7bdf]  JavaMain+0x81f
C  [libpthread.so.0+0x7e9a]  start_thread+0xda

Java frames: (J=compiled Java code, j=interpreted, Vv=VM code)
J 269  java.lang.Object.getClass()Ljava/lang/Class; (0 bytes) @ 0x00007f7a391a3438 [0x00007f7a391a3400+0x38]
j  java.util.RegularEnumSet.remove(Ljava/lang/Object;)Z+7
j  com.android.dx.ssa.Optimizer.runSsaFormSteps(Lcom/android/dx/ssa/SsaMethod;Ljava/util/EnumSet;)V+60
j  com.android.dx.ssa.Optimizer.optimize(Lcom/android/dx/rop/code/RopMethod;IZZLcom/android/dx/rop/code/TranslationAdvice;Ljava/util/EnumSet;)Lcom/android/dx/rop/code/RopMethod;+24
j  com.android.dx.ssa.Optimizer.optimize(Lcom/android/dx/rop/code/RopMethod;IZZLcom/android/dx/rop/code/TranslationAdvice;)Lcom/android/dx/rop/code/RopMethod;+12
j  com.android.dx.dex.cf.CfTranslator.processMethods(Lcom/android/dx/cf/direct/DirectClassFile;Lcom/android/dx/dex/cf/CfOptions;Lcom/android/dx/dex/DexOptions;Lcom/android/dx/dex/file/ClassDefItem;Lcom/android/dx/dex/file/DexFile;)V+265
j  com.android.dx.dex.cf.CfTranslator.translate0(Lcom/android/dx/cf/direct/DirectClassFile;[BLcom/android/dx/dex/cf/CfOptions;Lcom/android/dx/dex/DexOptions;Lcom/android/dx/dex/file/DexFile;)Lcom/android/dx/dex/file/ClassDefItem;+120
j  com.android.dx.dex.cf.CfTranslator.translate(Lcom/android/dx/cf/direct/DirectClassFile;[BLcom/android/dx/dex/cf/CfOptions;Lcom/android/dx/dex/DexOptions;Lcom/android/dx/dex/file/DexFile;)Lcom/android/dx/dex/file/ClassDefItem;+6
j  com.android.dx.command.dexer.Main.translateClass([BLcom/android/dx/cf/direct/DirectClassFile;)Lcom/android/dx/dex/file/ClassDefItem;+17
j  com.android.dx.command.dexer.Main.access$2700([BLcom/android/dx/cf/direct/DirectClassFile;)Lcom/android/dx/dex/file/ClassDefItem;+2
j  com.android.dx.command.dexer.Main$ClassTranslatorTask.call()Lcom/android/dx/dex/file/ClassDefItem;+8
j  com.android.dx.command.dexer.Main$ClassTranslatorTask.call()Ljava/lang/Object;+1
j  java.util.concurrent.FutureTask.run()V+42
j  java.util.concurrent.ThreadPoolExecutor$CallerRunsPolicy.rejectedExecution(Ljava/lang/Runnable;Ljava/util/concurrent/ThreadPoolExecutor;)V+8
j  java.util.concurrent.ThreadPoolExecutor.reject(Ljava/lang/Runnable;)V+6
j  java.util.concurrent.ThreadPoolExecutor.execute(Ljava/lang/Runnable;)V+128
j  java.util.concurrent.AbstractExecutorService.submit(Ljava/util/concurrent/Callable;)Ljava/util/concurrent/Future;+20
j  com.android.dx.command.dexer.Main$DirectClassFileConsumer.call(Lcom/android/dx/cf/direct/DirectClassFile;)Ljava/lang/Boolean;+295
j  com.android.dx.command.dexer.Main$DirectClassFileConsumer.access$700(Lcom/android/dx/command/dexer/Main$DirectClassFileConsumer;Lcom/android/dx/cf/direct/DirectClassFile;)Ljava/lang/Boolean;+2
j  com.android.dx.command.dexer.Main.processClass(Ljava/lang/String;[B)Z+37
j  com.android.dx.command.dexer.Main.processFileBytes(Ljava/lang/String;J[B)Z+188
j  com.android.dx.command.dexer.Main.access$1200(Ljava/lang/String;J[B)Z+3
j  com.android.dx.command.dexer.Main$FileBytesConsumer.processFileBytes(Ljava/lang/String;J[B)Z+4
j  com.android.dx.cf.direct.ClassPathOpener.processArchive(Ljava/io/File;)Z+203
j  com.android.dx.cf.direct.ClassPathOpener.processOne(Ljava/io/File;Z)Z+48
j  com.android.dx.cf.direct.ClassPathOpener.process()Z+15
j  com.android.dx.command.dexer.Main.processOne(Ljava/lang/String;Lcom/android/dx/cf/direct/ClassPathOpener$FileNameFilter;)V+20
j  com.android.dx.command.dexer.Main.processAllFiles()Z+272
j  com.android.dx.command.dexer.Main.runMonoDex()I+58
j  com.android.dx.command.dexer.Main.run(Lcom/android/dx/command/dexer/Main$Arguments;)I+76
j  com.android.dx.command.dexer.Main.main([Ljava/lang/String;)V+14
j  com.android.dx.command.Main.main([Ljava/lang/String;)V+61
v  ~StubRoutines::call_stub

---------------  P R O C E S S  ---------------

Java Threads: ( => current thread )
  0x00007f7a48183800 JavaThread "pool-1-thread-4" [_thread_in_vm, id=18593, stack(0x00007f7a3472d000,0x00007f7a3482e000)]
  0x00007f7a48164800 JavaThread "pool-1-thread-3" [_thread_in_vm, id=18592, stack(0x00007f7a3482e000,0x00007f7a3492f000)]
  0x00007f7a48161000 JavaThread "pool-1-thread-2" [_thread_in_vm, id=18591, stack(0x00007f7a3492f000,0x00007f7a34a30000)]
  0x00007f7a4815e800 JavaThread "pool-2-thread-1" [_thread_blocked, id=18590, stack(0x00007f7a34a30000,0x00007f7a34b31000)]
  0x00007f7a4815c800 JavaThread "pool-1-thread-1" [_thread_in_vm, id=18589, stack(0x00007f7a34b31000,0x00007f7a34c32000)]
  0x00007f7a480ba000 JavaThread "Service Thread" daemon [_thread_blocked, id=18586, stack(0x00007f7a34d33000,0x00007f7a34e34000)]
  0x00007f7a480b7800 JavaThread "C1 CompilerThread1" daemon [_thread_in_vm, id=18585, stack(0x00007f7a34e34000,0x00007f7a34f35000)]
  0x00007f7a480b4800 JavaThread "C2 CompilerThread0" daemon [_thread_in_native, id=18584, stack(0x00007f7a34f35000,0x00007f7a35036000)]
  0x00007f7a480b3000 JavaThread "Signal Dispatcher" daemon [_thread_blocked, id=18583, stack(0x00007f7a35036000,0x00007f7a35137000)]
  0x00007f7a48080000 JavaThread "Finalizer" daemon [_thread_blocked, id=18582, stack(0x00007f7a3581b000,0x00007f7a3591c000)]
  0x00007f7a4807b800 JavaThread "Reference Handler" daemon [_thread_blocked, id=18581, stack(0x00007f7a3591c000,0x00007f7a35a1d000)]
=>0x00007f7a4800a000 JavaThread "main" [_thread_in_vm, id=18576, stack(0x00007f7a4f91f000,0x00007f7a4fa20000)]

Other Threads:
  0x00007f7a48073800 VMThread [stack: 0x00007f7a35a1d000,0x00007f7a35b1e000] [id=18580]
  0x00007f7a480bd000 WatcherThread [stack: 0x00007f7a34c32000,0x00007f7a34d33000] [id=18587]

VM state:not at safepoint (normal execution)

VM Mutex/Monitor currently owned by a thread: None

Heap:
 PSYoungGen      total 50688K, used 3302K [0x00000000eab00000, 0x00000000ede00000, 0x0000000100000000)
  eden space 49152K, 3% used [0x00000000eab00000,0x00000000eacc0410,0x00000000edb00000)
  from space 1536K, 98% used [0x00000000edc80000,0x00000000eddf96f8,0x00000000ede00000)
  to   space 1536K, 0% used [0x00000000edb00000,0x00000000edb00000,0x00000000edc80000)
 ParOldGen       total 31744K, used 11737K [0x00000000c0000000, 0x00000000c1f00000, 0x00000000eab00000)
  object space 31744K, 36% used [0x00000000c0000000,0x00000000c0b76480,0x00000000c1f00000)
 Metaspace       used 5811K, capacity 6768K, committed 7040K, reserved 1056768K
  class space    used 594K, capacity 616K, committed 640K, reserved 1048576K

Card table byte_map: [0x00007f7a4c4e4000,0x00007f7a4c6e5000] byte_map_base: 0x00007f7a4bee4000

Marking Bits: (ParMarkBitMap*) 0x00007f7a4edfb120
 Begin Bits: [0x00007f7a37000000, 0x00007f7a38000000)
 End Bits:   [0x00007f7a38000000, 0x00007f7a39000000)

Polling page: 0x00007f7a4fa3c000

CodeCache: size=245760Kb used=3326Kb max_used=3326Kb free=242433Kb
 bounds [0x00007f7a39000000, 0x00007f7a39350000, 0x00007f7a48000000]
 total_blobs=1180 nmethods=914 adapters=182
 compilation: enabled

Compilation events (10 events):
Event: 13.075 Thread 0x00007f7a480b4800 nmethod 1023 0x00007f7a393383d0 code [0x00007f7a39338620, 0x00007f7a39339568]
Event: 13.075 Thread 0x00007f7a480b4800 1020       4       com.android.dx.util.BitIntSet::add (15 bytes)
Event: 13.097 Thread 0x00007f7a480b4800 nmethod 1020 0x00007f7a39334d90 code [0x00007f7a39334ee0, 0x00007f7a39335138]
Event: 13.097 Thread 0x00007f7a480b4800 1008       4       com.android.dx.ssa.NormalSsaInsn::mapSourceRegisters (48 bytes)
Event: 13.116 Thread 0x00007f7a480b7800 nmethod 1216 0x00007f7a3932f690 code [0x00007f7a3932f8a0, 0x00007f7a39330108]
Event: 13.116 Thread 0x00007f7a480b7800 1220       3       java.util.ArrayList::remove (77 bytes)
Event: 13.117 Thread 0x00007f7a480b7800 nmethod 1220 0x00007f7a393362d0 code [0x00007f7a393364a0, 0x00007f7a393369c8]
Event: 13.117 Thread 0x00007f7a480b7800 1223       1       java.util.TreeMap$Entry::getValue (5 bytes)
Event: 13.118 Thread 0x00007f7a480b7800 nmethod 1223 0x00007f7a39334ad0 code [0x00007f7a39334c20, 0x00007f7a39334d30]
Event: 13.118 Thread 0x00007f7a480b7800 1081       2       com.android.dx.cf.code.Ropper::addOrReplaceBlock (66 bytes)

GC Heap History (8 events):
Event: 6.735 GC heap before
{Heap before GC invocations=1 (full 0):
 PSYoungGen      total 13824K, used 12288K [0x00000000eab00000, 0x00000000eba00000, 0x0000000100000000)
  eden space 12288K, 100% used [0x00000000eab00000,0x00000000eb700000,0x00000000eb700000)
  from space 1536K, 0% used [0x00000000eb880000,0x00000000eb880000,0x00000000eba00000)
  to   space 1536K, 0% used [0x00000000eb700000,0x00000000eb700000,0x00000000eb880000)
 ParOldGen       total 31744K, used 58K [0x00000000c0000000, 0x00000000c1f00000, 0x00000000eab00000)
  object space 31744K, 0% used [0x00000000c0000000,0x00000000c000eac8,0x00000000c1f00000)
 Metaspace       used 5375K, capacity 6448K, committed 6528K, reserved 1056768K
  class space    used 584K, capacity 616K, committed 640K, reserved 1048576K
Event: 6.813 GC heap after
Heap after GC invocations=1 (full 0):
 PSYoungGen      total 13824K, used 1527K [0x00000000eab00000, 0x00000000ec600000, 0x0000000100000000)
  eden space 12288K, 0% used [0x00000000eab00000,0x00000000eab00000,0x00000000eb700000)
  from space 1536K, 99% used [0x00000000eb700000,0x00000000eb87dc78,0x00000000eb880000)
  to   space 1536K, 0% used [0x00000000ec480000,0x00000000ec480000,0x00000000ec600000)
 ParOldGen       total 31744K, used 1954K [0x00000000c0000000, 0x00000000c1f00000, 0x00000000eab00000)
  object space 31744K, 6% used [0x00000000c0000000,0x00000000c01e8a50,0x00000000c1f00000)
 Metaspace       used 5375K, capacity 6448K, committed 6528K, reserved 1056768K
  class space    used 584K, capacity 616K, committed 640K, reserved 1048576K
}
Event: 9.636 GC heap before
{Heap before GC invocations=2 (full 0):
 PSYoungGen      total 13824K, used 13815K [0x00000000eab00000, 0x00000000ec600000, 0x0000000100000000)
  eden space 12288K, 100% used [0x00000000eab00000,0x00000000eb700000,0x00000000eb700000)
  from space 1536K, 99% used [0x00000000eb700000,0x00000000eb87dc78,0x00000000eb880000)
  to   space 1536K, 0% used [0x00000000ec480000,0x00000000ec480000,0x00000000ec600000)
 ParOldGen       total 31744K, used 1957K [0x00000000c0000000, 0x00000000c1f00000, 0x00000000eab00000)
  object space 31744K, 6% used [0x00000000c0000000,0x00000000c01e9658,0x00000000c1f00000)
 Metaspace       used 5688K, capacity 6704K, committed 6784K, reserved 1056768K
  class space    used 591K, capacity 616K, committed 640K, reserved 1048576K
Event: 9.708 GC heap after
Heap after GC invocations=2 (full 0):
 PSYoungGen      total 26112K, used 1504K [0x00000000eab00000, 0x00000000ec600000, 0x0000000100000000)
  eden space 24576K, 0% used [0x00000000eab00000,0x00000000eab00000,0x00000000ec300000)
  from space 1536K, 97% used [0x00000000ec480000,0x00000000ec5f8250,0x00000000ec600000)
  to   space 1536K, 0% used [0x00000000ec300000,0x00000000ec300000,0x00000000ec480000)
 ParOldGen       total 31744K, used 3845K [0x00000000c0000000, 0x00000000c1f00000, 0x00000000eab00000)
  object space 31744K, 12% used [0x00000000c0000000,0x00000000c03c1740,0x00000000c1f00000)
 Metaspace       used 5688K, capacity 6704K, committed 6784K, reserved 1056768K
  class space    used 591K, capacity 616K, committed 640K, reserved 1048576K
}
Event: 11.817 GC heap before
{Heap before GC invocations=3 (full 0):
 PSYoungGen      total 26112K, used 26080K [0x00000000eab00000, 0x00000000ec600000, 0x0000000100000000)
  eden space 24576K, 100% used [0x00000000eab00000,0x00000000ec300000,0x00000000ec300000)
  from space 1536K, 97% used [0x00000000ec480000,0x00000000ec5f8250,0x00000000ec600000)
  to   space 1536K, 0% used [0x00000000ec300000,0x00000000ec300000,0x00000000ec480000)
 ParOldGen       total 31744K, used 3845K [0x00000000c0000000, 0x00000000c1f00000, 0x00000000eab00000)
  object space 31744K, 12% used [0x00000000c0000000,0x00000000c03c1740,0x00000000c1f00000)
 Metaspace       used 5760K, capacity 6768K, committed 7040K, reserved 1056768K
  class space    used 591K, capacity 616K, committed 640K, reserved 1048576K
Event: 11.936 GC heap after
Heap after GC invocations=3 (full 0):
 PSYoungGen      total 26112K, used 1527K [0x00000000eab00000, 0x00000000ede00000, 0x0000000100000000)
  eden space 24576K, 0% used [0x00000000eab00000,0x00000000eab00000,0x00000000ec300000)
  from space 1536K, 99% used [0x00000000ec300000,0x00000000ec47dd58,0x00000000ec480000)
  to   space 1536K, 0% used [0x00000000edc80000,0x00000000edc80000,0x00000000ede00000)
 ParOldGen       total 31744K, used 7996K [0x00000000c0000000, 0x00000000c1f00000, 0x00000000eab00000)
  object space 31744K, 25% used [0x00000000c0000000,0x00000000c07cf008,0x00000000c1f00000)
 Metaspace       used 5760K, capacity 6768K, committed 7040K, reserved 1056768K
  class space    used 591K, capacity 616K, committed 640K, reserved 1048576K
}
Event: 13.198 GC heap before
{Heap before GC invocations=4 (full 0):
 PSYoungGen      total 26112K, used 26103K [0x00000000eab00000, 0x00000000ede00000, 0x0000000100000000)
  eden space 24576K, 100% used [0x00000000eab00000,0x00000000ec300000,0x00000000ec300000)
  from space 1536K, 99% used [0x00000000ec300000,0x00000000ec47dd58,0x00000000ec480000)
  to   space 1536K, 0% used [0x00000000edc80000,0x00000000edc80000,0x00000000ede00000)
 ParOldGen       total 31744K, used 7996K [0x00000000c0000000, 0x00000000c1f00000, 0x00000000eab00000)
  object space 31744K, 25% used [0x00000000c0000000,0x00000000c07cf008,0x00000000c1f00000)
 Metaspace       used 5810K, capacity 6768K, committed 7040K, reserved 1056768K
  class space    used 594K, capacity 616K, committed 640K, reserved 1048576K
Event: 13.341 GC heap after
Heap after GC invocations=4 (full 0):
 PSYoungGen      total 50688K, used 1509K [0x00000000eab00000, 0x00000000ede00000, 0x0000000100000000)
  eden space 49152K, 0% used [0x00000000eab00000,0x00000000eab00000,0x00000000edb00000)
  from space 1536K, 98% used [0x00000000edc80000,0x00000000eddf96f8,0x00000000ede00000)
  to   space 1536K, 0% used [0x00000000edb00000,0x00000000edb00000,0x00000000edc80000)
 ParOldGen       total 31744K, used 11737K [0x00000000c0000000, 0x00000000c1f00000, 0x00000000eab00000)
  object space 31744K, 36% used [0x00000000c0000000,0x00000000c0b76480,0x00000000c1f00000)
 Metaspace       used 5810K, capacity 6768K, committed 7040K, reserved 1056768K
  class space    used 594K, capacity 616K, committed 640K, reserved 1048576K
}

Deoptimization events (5 events):
Event: 4.831 Thread 0x00007f7a4800a000 Uncommon trap: reason=unstable_if action=reinterpret pc=0x00007f7a3913a288 method=java.lang.String.indexOf(II)I @ 49
Event: 6.872 Thread 0x00007f7a48183800 Uncommon trap: reason=unstable_if action=reinterpret pc=0x00007f7a391ddf04 method=java.util.HashMap.getNode(ILjava/lang/Object;)Ljava/util/HashMap$Node; @ 129
Event: 7.057 Thread 0x00007f7a4815c800 Uncommon trap: reason=unstable_if action=reinterpret pc=0x00007f7a391e2f6c method=java.util.BitSet.nextSetBit(I)I @ 87
Event: 10.199 Thread 0x00007f7a48164800 Uncommon trap: reason=unstable_if action=reinterpret pc=0x00007f7a39271a9c method=com.android.dx.rop.cst.Constant.compareTo(Lcom/android/dx/rop/cst/Constant;)I @ 12
Event: 10.362 Thread 0x00007f7a48161000 Uncommon trap: reason=unstable_if action=reinterpret pc=0x00007f7a3920f428 method=com.android.dx.rop.code.RegisterSpec.equals(ILcom/android/dx/rop/type/TypeBearer;Lcom/android/dx/rop/code/LocalItem;)Z @ 16

Internal exceptions (2 events):
Event: 0.585 Thread 0x00007f7a4800a000 Exception <a 'java/lang/NoSuchMethodError': Method sun.misc.Unsafe.defineClass(Ljava/lang/String;[BII)Ljava/lang/Class; name or signature does not match> (0x00000000eab07cc0) thrown at [/HUDSON3/workspace/8-2-build-linux-amd64/jdk8u101/7261/hotspot/src/sh
Event: 0.585 Thread 0x00007f7a4800a000 Exception <a 'java/lang/NoSuchMethodError': Method sun.misc.Unsafe.prefetchRead(Ljava/lang/Object;J)V name or signature does not match> (0x00000000eab07fa8) thrown at [/HUDSON3/workspace/8-2-build-linux-amd64/jdk8u101/7261/hotspot/src/share/vm/prims/jni.c

Events (10 events):
Event: 12.071 loading class com/android/dx/cf/code/Ropper$ExceptionHandlerSetup
Event: 12.071 loading class com/android/dx/cf/code/Ropper$ExceptionHandlerSetup done
Event: 12.096 loading class java/util/HashMap$Values
Event: 12.112 loading class java/util/HashMap$Values done
Event: 12.126 loading class java/util/HashMap$ValueIterator
Event: 12.127 loading class java/util/HashMap$ValueIterator done
Event: 12.839 loading class com/android/dx/rop/code/RegisterSpec$1
Event: 12.839 loading class com/android/dx/rop/code/RegisterSpec$1 done
Event: 13.182 Executing VM operation: ParallelGCFailedAllocation
Event: 13.341 Executing VM operation: ParallelGCFailedAllocation done


Dynamic libraries:
00400000-00401000 r-xp 00000000 08:01 3279757                            /usr/lib/jvm/java-8-oracle/bin/java
00600000-00601000 rw-p 00000000 08:01 3279757                            /usr/lib/jvm/java-8-oracle/bin/java
011d1000-01214000 rw-p 00000000 00:00 0                                  [heap]
c0000000-c1f00000 rw-p 00000000 00:00 0 
c1f00000-eab00000 ---p 00000000 00:00 0 
eab00000-ede00000 rw-p 00000000 00:00 0 
ede00000-100000000 ---p 00000000 00:00 0 
100000000-1000a0000 rw-p 00000000 00:00 0 
1000a0000-140000000 ---p 00000000 00:00 0 
7f79f8000000-7f79f8028000 rw-p 00000000 00:00 0 
7f79f8028000-7f79fc000000 ---p 00000000 00:00 0 
7f7a00000000-7f7a00021000 rw-p 00000000 00:00 0 
7f7a00021000-7f7a04000000 ---p 00000000 00:00 0 
7f7a04000000-7f7a0402d000 rw-p 00000000 00:00 0 
7f7a0402d000-7f7a08000000 ---p 00000000 00:00 0 
7f7a08000000-7f7a08021000 rw-p 00000000 00:00 0 
7f7a08021000-7f7a0c000000 ---p 00000000 00:00 0 
7f7a0c000000-7f7a0c023000 rw-p 00000000 00:00 0 
7f7a0c023000-7f7a10000000 ---p 00000000 00:00 0 
7f7a10000000-7f7a1039e000 rw-p 00000000 00:00 0 
7f7a1039e000-7f7a14000000 ---p 00000000 00:00 0 
7f7a14000000-7f7a14021000 rw-p 00000000 00:00 0 
7f7a14021000-7f7a18000000 ---p 00000000 00:00 0 
7f7a18000000-7f7a18021000 rw-p 00000000 00:00 0 
7f7a18021000-7f7a1c000000 ---p 00000000 00:00 0 
7f7a1c000000-7f7a1c5bc000 rw-p 00000000 00:00 0 
7f7a1c5bc000-7f7a20000000 ---p 00000000 00:00 0 
7f7a20000000-7f7a20021000 rw-p 00000000 00:00 0 
7f7a20021000-7f7a24000000 ---p 00000000 00:00 0 
7f7a24000000-7f7a24021000 rw-p 00000000 00:00 0 
7f7a24021000-7f7a28000000 ---p 00000000 00:00 0 
7f7a28000000-7f7a28021000 rw-p 00000000 00:00 0 
7f7a28021000-7f7a2c000000 ---p 00000000 00:00 0 
7f7a2c000000-7f7a2c021000 rw-p 00000000 00:00 0 
7f7a2c021000-7f7a30000000 ---p 00000000 00:00 0 
7f7a30000000-7f7a30021000 rw-p 00000000 00:00 0 
7f7a30021000-7f7a34000000 ---p 00000000 00:00 0 
7f7a3472d000-7f7a34730000 ---p 00000000 00:00 0 
7f7a34730000-7f7a3482e000 rw-p 00000000 00:00 0                          [stack:18593]
7f7a3482e000-7f7a34831000 ---p 00000000 00:00 0 
7f7a34831000-7f7a3492f000 rw-p 00000000 00:00 0                          [stack:18592]
7f7a3492f000-7f7a34932000 ---p 00000000 00:00 0 
7f7a34932000-7f7a34a30000 rw-p 00000000 00:00 0                          [stack:18591]
7f7a34a30000-7f7a34a33000 ---p 00000000 00:00 0 
7f7a34a33000-7f7a34b31000 rw-p 00000000 00:00 0                          [stack:18590]
7f7a34b31000-7f7a34b34000 ---p 00000000 00:00 0 
7f7a34b34000-7f7a34c32000 rw-p 00000000 00:00 0                          [stack:18589]
7f7a34c32000-7f7a34c33000 ---p 00000000 00:00 0 
7f7a34c33000-7f7a34d33000 rw-p 00000000 00:00 0                          [stack:18587]
7f7a34d33000-7f7a34d36000 ---p 00000000 00:00 0 
7f7a34d36000-7f7a34e34000 rw-p 00000000 00:00 0                          [stack:18586]
7f7a34e34000-7f7a34e37000 ---p 00000000 00:00 0 
7f7a34e37000-7f7a34f35000 rw-p 00000000 00:00 0                          [stack:18585]
7f7a34f35000-7f7a34f38000 ---p 00000000 00:00 0 
7f7a34f38000-7f7a35036000 rw-p 00000000 00:00 0                          [stack:18584]
7f7a35036000-7f7a35039000 ---p 00000000 00:00 0 
7f7a35039000-7f7a35137000 rw-p 00000000 00:00 0                          [stack:18583]
7f7a35137000-7f7a3581b000 r--p 00000000 08:01 13113697                   /usr/lib/locale/locale-archive
7f7a3581b000-7f7a3581e000 ---p 00000000 00:00 0 
7f7a3581e000-7f7a3591c000 rw-p 00000000 00:00 0                          [stack:18582]
7f7a3591c000-7f7a3591f000 ---p 00000000 00:00 0 
7f7a3591f000-7f7a35a1d000 rw-p 00000000 00:00 0                          [stack:18581]
7f7a35a1d000-7f7a35a1e000 ---p 00000000 00:00 0 
7f7a35a1e000-7f7a36427000 rw-p 00000000 00:00 0                          [stack:18580]
7f7a36427000-7f7a36600000 r--s 03d29000 08:01 13118676                   /usr/lib/jvm/java-8-oracle/jre/lib/rt.jar
7f7a36600000-7f7a36c40000 rw-p 00000000 00:00 0 
7f7a36c40000-7f7a36e00000 ---p 00000000 00:00 0 
7f7a36e00000-7f7a39000000 rw-p 00000000 00:00 0 
7f7a39000000-7f7a39350000 rwxp 00000000 00:00 0 
7f7a39350000-7f7a48000000 ---p 00000000 00:00 0 
7f7a48000000-7f7a4841a000 rw-p 00000000 00:00 0 
7f7a4841a000-7f7a4c000000 ---p 00000000 00:00 0 
7f7a4c0a5000-7f7a4c18c000 rw-p 00000000 00:00 0 
7f7a4c18c000-7f7a4c18d000 ---p 00000000 00:00 0 
7f7a4c18d000-7f7a4c28d000 rw-p 00000000 00:00 0                          [stack:18579]
7f7a4c28d000-7f7a4c28e000 ---p 00000000 00:00 0 
7f7a4c28e000-7f7a4c39e000 rw-p 00000000 00:00 0                          [stack:18578]
7f7a4c39e000-7f7a4c4e4000 ---p 00000000 00:00 0 
7f7a4c4e4000-7f7a4c4f4000 rw-p 00000000 00:00 0 
7f7a4c4f4000-7f7a4c639000 ---p 00000000 00:00 0 
7f7a4c639000-7f7a4c653000 rw-p 00000000 00:00 0 
7f7a4c653000-7f7a4c6e4000 ---p 00000000 00:00 0 
7f7a4c6e4000-7f7a4c6f3000 rw-p 00000000 00:00 0 
7f7a4c6f3000-7f7a4caa5000 ---p 00000000 00:00 0 
7f7a4caa5000-7f7a4cabf000 r-xp 00000000 08:01 13766358                   /usr/lib/jvm/java-8-oracle/jre/lib/amd64/libzip.so
7f7a4cabf000-7f7a4ccbf000 ---p 0001a000 08:01 13766358                   /usr/lib/jvm/java-8-oracle/jre/lib/amd64/libzip.so
7f7a4ccbf000-7f7a4ccc0000 rw-p 0001a000 08:01 13766358                   /usr/lib/jvm/java-8-oracle/jre/lib/amd64/libzip.so
7f7a4ccc0000-7f7a4cccb000 r-xp 00000000 08:01 2621673                    /lib/x86_64-linux-gnu/libnss_files-2.15.so
7f7a4cccb000-7f7a4ceca000 ---p 0000b000 08:01 2621673                    /lib/x86_64-linux-gnu/libnss_files-2.15.so
7f7a4ceca000-7f7a4cecb000 r--p 0000a000 08:01 2621673                    /lib/x86_64-linux-gnu/libnss_files-2.15.so
7f7a4cecb000-7f7a4cecc000 rw-p 0000b000 08:01 2621673                    /lib/x86_64-linux-gnu/libnss_files-2.15.so
7f7a4cecc000-7f7a4ced6000 r-xp 00000000 08:01 2621658                    /lib/x86_64-linux-gnu/libnss_nis-2.15.so
7f7a4ced6000-7f7a4d0d6000 ---p 0000a000 08:01 2621658                    /lib/x86_64-linux-gnu/libnss_nis-2.15.so
7f7a4d0d6000-7f7a4d0d7000 r--p 0000a000 08:01 2621658                    /lib/x86_64-linux-gnu/libnss_nis-2.15.so
7f7a4d0d7000-7f7a4d0d8000 rw-p 0000b000 08:01 2621658                    /lib/x86_64-linux-gnu/libnss_nis-2.15.so
7f7a4d0d8000-7f7a4d0ef000 r-xp 00000000 08:01 2621667                    /lib/x86_64-linux-gnu/libnsl-2.15.so
7f7a4d0ef000-7f7a4d2ee000 ---p 00017000 08:01 2621667                    /lib/x86_64-linux-gnu/libnsl-2.15.so
7f7a4d2ee000-7f7a4d2ef000 r--p 00016000 08:01 2621667                    /lib/x86_64-linux-gnu/libnsl-2.15.so
7f7a4d2ef000-7f7a4d2f0000 rw-p 00017000 08:01 2621667                    /lib/x86_64-linux-gnu/libnsl-2.15.so
7f7a4d2f0000-7f7a4d2f2000 rw-p 00000000 00:00 0 
7f7a4d2f2000-7f7a4d2fa000 r-xp 00000000 08:01 2621672                    /lib/x86_64-linux-gnu/libnss_compat-2.15.so
7f7a4d2fa000-7f7a4d4f9000 ---p 00008000 08:01 2621672                    /lib/x86_64-linux-gnu/libnss_compat-2.15.so
7f7a4d4f9000-7f7a4d4fa000 r--p 00007000 08:01 2621672                    /lib/x86_64-linux-gnu/libnss_compat-2.15.so
7f7a4d4fa000-7f7a4d4fb000 rw-p 00008000 08:01 2621672                    /lib/x86_64-linux-gnu/libnss_compat-2.15.so
7f7a4d4fb000-7f7a4d525000 r-xp 00000000 08:01 13766323                   /usr/lib/jvm/java-8-oracle/jre/lib/amd64/libjava.so
7f7a4d525000-7f7a4d725000 ---p 0002a000 08:01 13766323                   /usr/lib/jvm/java-8-oracle/jre/lib/amd64/libjava.so
7f7a4d725000-7f7a4d727000 rw-p 0002a000 08:01 13766323                   /usr/lib/jvm/java-8-oracle/jre/lib/amd64/libjava.so
7f7a4d727000-7f7a4d734000 r-xp 00000000 08:01 13766361                   /usr/lib/jvm/java-8-oracle/jre/lib/amd64/libverify.so
7f7a4d734000-7f7a4d934000 ---p 0000d000 08:01 13766361                   /usr/lib/jvm/java-8-oracle/jre/lib/amd64/libverify.so
7f7a4d934000-7f7a4d936000 rw-p 0000d000 08:01 13766361                   /usr/lib/jvm/java-8-oracle/jre/lib/amd64/libverify.so
7f7a4d936000-7f7a4d93d000 r-xp 00000000 08:01 2621660                    /lib/x86_64-linux-gnu/librt-2.15.so
7f7a4d93d000-7f7a4db3c000 ---p 00007000 08:01 2621660                    /lib/x86_64-linux-gnu/librt-2.15.so
7f7a4db3c000-7f7a4db3d000 r--p 00006000 08:01 2621660                    /lib/x86_64-linux-gnu/librt-2.15.so
7f7a4db3d000-7f7a4db3e000 rw-p 00007000 08:01 2621660                    /lib/x86_64-linux-gnu/librt-2.15.so
7f7a4db3e000-7f7a4dc39000 r-xp 00000000 08:01 2621674                    /lib/x86_64-linux-gnu/libm-2.15.so
7f7a4dc39000-7f7a4de38000 ---p 000fb000 08:01 2621674                    /lib/x86_64-linux-gnu/libm-2.15.so
7f7a4de38000-7f7a4de39000 r--p 000fa000 08:01 2621674                    /lib/x86_64-linux-gnu/libm-2.15.so
7f7a4de39000-7f7a4de3a000 rw-p 000fb000 08:01 2621674                    /lib/x86_64-linux-gnu/libm-2.15.so
7f7a4de3a000-7f7a4eb05000 r-xp 00000000 08:01 13894575                   /usr/lib/jvm/java-8-oracle/jre/lib/amd64/server/libjvm.so
7f7a4eb05000-7f7a4ed04000 ---p 00ccb000 08:01 13894575                   /usr/lib/jvm/java-8-oracle/jre/lib/amd64/server/libjvm.so
7f7a4ed04000-7f7a4eddd000 rw-p 00cca000 08:01 13894575                   /usr/lib/jvm/java-8-oracle/jre/lib/amd64/server/libjvm.so
7f7a4eddd000-7f7a4ee28000 rw-p 00000000 00:00 0 
7f7a4ee28000-7f7a4efdc000 r-xp 00000000 08:01 2621665                    /lib/x86_64-linux-gnu/libc-2.15.so
7f7a4efdc000-7f7a4f1db000 ---p 001b4000 08:01 2621665                    /lib/x86_64-linux-gnu/libc-2.15.so
7f7a4f1db000-7f7a4f1df000 r--p 001b3000 08:01 2621665                    /lib/x86_64-linux-gnu/libc-2.15.so
7f7a4f1df000-7f7a4f1e1000 rw-p 001b7000 08:01 2621665                    /lib/x86_64-linux-gnu/libc-2.15.so
7f7a4f1e1000-7f7a4f1e6000 rw-p 00000000 00:00 0 
7f7a4f1e6000-7f7a4f1e8000 r-xp 00000000 08:01 2621657                    /lib/x86_64-linux-gnu/libdl-2.15.so
7f7a4f1e8000-7f7a4f3e8000 ---p 00002000 08:01 2621657                    /lib/x86_64-linux-gnu/libdl-2.15.so
7f7a4f3e8000-7f7a4f3e9000 r--p 00002000 08:01 2621657                    /lib/x86_64-linux-gnu/libdl-2.15.so
7f7a4f3e9000-7f7a4f3ea000 rw-p 00003000 08:01 2621657                    /lib/x86_64-linux-gnu/libdl-2.15.so
7f7a4f3ea000-7f7a4f3ff000 r-xp 00000000 08:01 2627921                    /usr/lib/jvm/java-8-oracle/lib/amd64/jli/libjli.so
7f7a4f3ff000-7f7a4f5ff000 ---p 00015000 08:01 2627921                    /usr/lib/jvm/java-8-oracle/lib/amd64/jli/libjli.so
7f7a4f5ff000-7f7a4f600000 rw-p 00015000 08:01 2627921                    /usr/lib/jvm/java-8-oracle/lib/amd64/jli/libjli.so
7f7a4f600000-7f7a4f618000 r-xp 00000000 08:01 2621668                    /lib/x86_64-linux-gnu/libpthread-2.15.so
7f7a4f618000-7f7a4f817000 ---p 00018000 08:01 2621668                    /lib/x86_64-linux-gnu/libpthread-2.15.so
7f7a4f817000-7f7a4f818000 r--p 00017000 08:01 2621668                    /lib/x86_64-linux-gnu/libpthread-2.15.so
7f7a4f818000-7f7a4f819000 rw-p 00018000 08:01 2621668                    /lib/x86_64-linux-gnu/libpthread-2.15.so
7f7a4f819000-7f7a4f81d000 rw-p 00000000 00:00 0 
7f7a4f81d000-7f7a4f83f000 r-xp 00000000 08:01 2621671                    /lib/x86_64-linux-gnu/ld-2.15.so
7f7a4f83f000-7f7a4f841000 rw-p 00000000 00:00 0 
7f7a4f841000-7f7a4f846000 r--s 00031000 08:01 10496460                   /home/lin/other/AndroidProjects/Radio/app/build/intermediates/exploded-aar/com.android.support/design/23.0.1/jars/classes.jar
7f7a4f846000-7f7a4f91f000 rw-p 00000000 00:00 0 
7f7a4f91f000-7f7a4f922000 ---p 00000000 00:00 0 
7f7a4f922000-7f7a4fa24000 rw-p 00000000 00:00 0                          [stack:18576]
7f7a4fa24000-7f7a4fa33000 r--s 000df000 08:01 9309217                    /home/lin/Android/Sdk/build-tools/23.0.3/lib/dx.jar
7f7a4fa33000-7f7a4fa3b000 rw-s 00000000 08:01 4850480                    /tmp/hsperfdata_root/18571
7f7a4fa3b000-7f7a4fa3c000 rw-p 00000000 00:00 0 
7f7a4fa3c000-7f7a4fa3d000 r--p 00000000 00:00 0 
7f7a4fa3d000-7f7a4fa3f000 rw-p 00000000 00:00 0 
7f7a4fa3f000-7f7a4fa40000 r--p 00022000 08:01 2621671                    /lib/x86_64-linux-gnu/ld-2.15.so
7f7a4fa40000-7f7a4fa42000 rw-p 00023000 08:01 2621671                    /lib/x86_64-linux-gnu/ld-2.15.so
7ffd77a8c000-7ffd77aad000 rw-p 00000000 00:00 0                          [stack]
7ffd77ac4000-7ffd77ac6000 r-xp 00000000 00:00 0                          [vdso]
ffffffffff600000-ffffffffff601000 r-xp 00000000 00:00 0                  [vsyscall]

VM Arguments:
jvm_args: -Djava.awt.headless=true -Xmx1024M -Dfile.encoding=UTF-8 -Duser.country=US -Duser.language=en -Duser.variant 
java_command: com.android.dx.command.Main --dex --force-jumbo --num-threads=4 --output /home/lin/other/AndroidProjects/Radio/app/build/intermediates/pre-dexed/debug/com.android.support-design-23.0.1_5d73c620161e44835afa29aaa533057ce1e7991f.jar /home/lin/other/AndroidProjects/Radio/app/build/intermediates/exploded-aar/com.android.support/design/23.0.1/jars/classes.jar
java_class_path (initial): /home/lin/Android/Sdk/build-tools/23.0.3/lib/dx.jar
Launcher Type: SUN_STANDARD

Environment Variables:
PATH=/usr/local/sbin:/usr/local/bin:/usr/sbin:/usr/bin:/sbin:/bin
USERNAME=root
LD_LIBRARY_PATH=/opt/android-studio/bin:
SHELL=/bin/bash
DISPLAY=:0.0

Signal Handlers:
SIGSEGV: [libjvm.so+0xac4790], sa_mask[0]=11111111011111111101111111111110, sa_flags=SA_RESTART|SA_SIGINFO
SIGBUS: [libjvm.so+0xac4790], sa_mask[0]=11111111011111111101111111111110, sa_flags=SA_RESTART|SA_SIGINFO
SIGFPE: [libjvm.so+0x91f140], sa_mask[0]=11111111011111111101111111111110, sa_flags=SA_RESTART|SA_SIGINFO
SIGPIPE: [libjvm.so+0x91f140], sa_mask[0]=11111111011111111101111111111110, sa_flags=SA_RESTART|SA_SIGINFO
SIGXFSZ: [libjvm.so+0x91f140], sa_mask[0]=11111111011111111101111111111110, sa_flags=SA_RESTART|SA_SIGINFO
SIGILL: [libjvm.so+0x91f140], sa_mask[0]=11111111011111111101111111111110, sa_flags=SA_RESTART|SA_SIGINFO
SIGUSR1: SIG_DFL, sa_mask[0]=00000000000000000000000000000000, sa_flags=none
SIGUSR2: [libjvm.so+0x920770], sa_mask[0]=00100000000000000000000000000000, sa_flags=SA_RESTART|SA_SIGINFO
SIGHUP: [libjvm.so+0x921b70], sa_mask[0]=11111111011111111101111111111110, sa_flags=SA_RESTART|SA_SIGINFO
SIGINT: [libjvm.so+0x921b70], sa_mask[0]=11111111011111111101111111111110, sa_flags=SA_RESTART|SA_SIGINFO
SIGTERM: [libjvm.so+0x921b70], sa_mask[0]=11111111011111111101111111111110, sa_flags=SA_RESTART|SA_SIGINFO
SIGQUIT: [libjvm.so+0x921b70], sa_mask[0]=11111111011111111101111111111110, sa_flags=SA_RESTART|SA_SIGINFO


---------------  S Y S T E M  ---------------

OS:DISTRIB_ID=Ubuntu
DISTRIB_RELEASE=12.04
DISTRIB_CODENAME=precise
DISTRIB_DESCRIPTION="Ubuntu 12.04.5 LTS"

uname:Linux 3.13.0-93-generic #140~precise1-Ubuntu SMP Tue Jul 19 19:55:11 UTC 2016 x86_64
libc:glibc 2.15 NPTL 2.15 
rlimit: STACK 8192k, CORE 0k, NPROC 22873, NOFILE 4096, AS infinity
load average:12.27 8.95 5.60

/proc/meminfo:
MemTotal:        2948840 kB
MemFree:          121232 kB
Buffers:            3240 kB
Cached:           238560 kB
SwapCached:        37228 kB
Active:          2118696 kB
Inactive:         550664 kB
Active(anon):    2076608 kB
Inactive(anon):   507528 kB
Active(file):      42088 kB
Inactive(file):    43136 kB
Unevictable:           0 kB
Mlocked:               0 kB
SwapTotal:       3008508 kB
SwapFree:        2750632 kB
Dirty:              1228 kB
Writeback:             0 kB
AnonPages:       2420160 kB
Mapped:            91508 kB
Shmem:            156528 kB
Slab:              67876 kB
SReclaimable:      39896 kB
SUnreclaim:        27980 kB
KernelStack:        4616 kB
PageTables:        35672 kB
NFS_Unstable:          0 kB
Bounce:                0 kB
WritebackTmp:          0 kB
CommitLimit:     4482928 kB
Committed_AS:    5793392 kB
VmallocTotal:   34359738367 kB
VmallocUsed:      346432 kB
VmallocChunk:   34359383644 kB
HardwareCorrupted:     0 kB
AnonHugePages:   1019904 kB
HugePages_Total:       0
HugePages_Free:        0
HugePages_Rsvd:        0
HugePages_Surp:        0
Hugepagesize:       2048 kB
DirectMap4k:       65924 kB
DirectMap2M:     2945024 kB


CPU:total 2 (2 cores per cpu, 1 threads per core) family 6 model 15 stepping 13, cmov, cx8, fxsr, mmx, sse, sse2, sse3, ssse3, tsc

/proc/cpuinfo:
processor	: 0
vendor_id	: GenuineIntel
cpu family	: 6
model		: 15
model name	: Genuine Intel(R) CPU           T1600  @ 1.66GHz
stepping	: 13
microcode	: 0xa3
cpu MHz		: 1662.521
cache size	: 1024 KB
physical id	: 0
siblings	: 2
core id		: 0
cpu cores	: 2
apicid		: 0
initial apicid	: 0
fpu		: yes
fpu_exception	: yes
cpuid level	: 10
wp		: yes
flags		: fpu vme de pse tsc msr pae mce cx8 apic sep mtrr pge mca cmov pat pse36 clflush dts acpi mmx fxsr sse sse2 ss ht tm pbe syscall nx lm constant_tsc arch_perfmon pebs bts rep_good nopl aperfmperf pni dtes64 monitor ds_cpl tm2 ssse3 cx16 xtpr pdcm lahf_lm dtherm
bogomips	: 3325.04
clflush size	: 64
cache_alignment	: 64
address sizes	: 36 bits physical, 48 bits virtual
power management:

processor	: 1
vendor_id	: GenuineIntel
cpu family	: 6
model		: 15
model name	: Genuine Intel(R) CPU           T1600  @ 1.66GHz
stepping	: 13
microcode	: 0xa3
cpu MHz		: 1662.521
cache size	: 1024 KB
physical id	: 0
siblings	: 2
core id		: 1
cpu cores	: 2
apicid		: 1
initial apicid	: 1
fpu		: yes
fpu_exception	: yes
cpuid level	: 10
wp		: yes
flags		: fpu vme de pse tsc msr pae mce cx8 apic sep mtrr pge mca cmov pat pse36 clflush dts acpi mmx fxsr sse sse2 ss ht tm pbe syscall nx lm constant_tsc arch_perfmon pebs bts rep_good nopl aperfmperf pni dtes64 monitor ds_cpl tm2 ssse3 cx16 xtpr pdcm lahf_lm dtherm
bogomips	: 3325.04
clflush size	: 64
cache_alignment	: 64
address sizes	: 36 bits physical, 48 bits virtual
power management:



Memory: 4k page, physical 2948840k(121232k free), swap 3008508k(2750632k free)

vm_info: Java HotSpot(TM) 64-Bit Server VM (25.101-b13) for linux-amd64 JRE (1.8.0_101-b13), built on Jun 22 2016 02:59:44 by "java_re" with gcc 4.3.0 20080428 (Red Hat 4.3.0-8)

time: Mon Aug 29 23:28:36 2016
elapsed time: 13 seconds (0d 0h 0m 13s)

