#
# A fatal error has been detected by the Java Runtime Environment:
#
#  SIGSEGV (0xb) at pc=0x00007fd690bfb9e2, pid=11376, tid=0x00007fd6a6c36700
#
# JRE version: Java(TM) SE Runtime Environment (8.0_101-b13) (build 1.8.0_101-b13)
# Java VM: Java HotSpot(TM) 64-Bit Server VM (25.101-b13 mixed mode linux-amd64 compressed oops)
# Problematic frame:
# j  com.android.dx.rop.code.BasicBlockList.get(I)Lcom/android/dx/rop/code/BasicBlock;+5
#
# Failed to write core dump. Core dumps have been disabled. To enable core dumping, try "ulimit -c unlimited" before starting Java again
#
# If you would like to submit a bug report, please visit:
#   http://bugreport.java.com/bugreport/crash.jsp
#

---------------  T H R E A D  ---------------

Current thread (0x00007fd6a000a000):  JavaThread "main" [_thread_in_Java, id=11381, stack(0x00007fd6a6b36000,0x00007fd6a6c37000)]

siginfo: si_signo: 11 (SIGSEGV), si_code: 2 (SEGV_ACCERR), si_addr: 0x00000001002828b0

Registers:
RAX=0x0000000100082880, RBX=0x0000000100282880, RCX=0x0000000000000030, RDX=0x00000000edec8228
RSP=0x00007fd6a6c34fc8, RBP=0x00007fd6a6c35008, RSI=0x00000000ffffffff, RDI=0x0000000000000001
R8 =0x00007fd6a6028360, R9 =0x0000000000002c75, R10=0x00007fd6a60195c0, R11=0x00007fd6a54434d0
R12=0x0000000000000000, R13=0x00007fd68ddc78ad, R14=0x00007fd6a6c35020, R15=0x00007fd6a000a000
RIP=0x00007fd690bfb9e2, EFLAGS=0x0000000000010206, CSGSFS=0x0000000000000033, ERR=0x0000000000000004
  TRAPNO=0x000000000000000e

Top of Stack: (sp=0x00007fd6a6c34fc8)
0x00007fd6a6c34fc8:   00007fd6a6c34fc8 00007fd68ddc78ad
0x00007fd6a6c34fd8:   00007fd6a6c35020 00007fd68ddc89d0
0x00007fd6a6c34fe8:   00007fd68de49fa0 00007fd68ddc78d0
0x00007fd6a6c34ff8:   0000000000000000 00007fd6a6c35018
0x00007fd6a6c35008:   00007fd6a6c35068 00007fd690be0d80
0x00007fd6a6c35018:   0000000000000000 0000000000000000
0x00007fd6a6c35028:   00007fd6a6c35028 00007fd68ddc7df2
0x00007fd6a6c35038:   00007fd6a6c35088 00007fd68ddc89d0
0x00007fd6a6c35048:   00007fd68de72e88 00007fd68ddc7e28
0x00007fd6a6c35058:   00007fd6a6c35018 00007fd6a6c35090
0x00007fd6a6c35068:   00007fd6a6c352d0 00007fd6910b3dd4
0x00007fd6a6c35078:   0000000000000000 0000000000000000
0x00007fd6a6c35088:   0000000000000000 00007fd6a6c352d0
0x00007fd6a6c35098:   00007fd6910a0b44 00007fd6a6c350c0
0x00007fd6a6c350a8:   00007fd6a6c352d0 00007fd6a6c352d0
0x00007fd6a6c350b8:   00007fd6910d63a4 00000000c07c8d78
0x00007fd6a6c350c8:   00000002000000a5 00000000ead55b40
0x00007fd6a6c350d8:   00000000c07c8d78 0000000000000000
0x00007fd6a6c350e8:   00000000edb72ad8 00000000ffffffff
0x00007fd6a6c350f8:   00000000ead563c8 00000000edeb9dc8
0x00007fd6a6c35108:   00000000edb72ad8 00007fd6a6c352d0
0x00007fd6a6c35118:   00000000ead55b40 000000050000005f
0x00007fd6a6c35128:   00000000edecb5d0 00000000edec2a38
0x00007fd6a6c35138:   00000000edecb760 00000000ead56740
0x00007fd6a6c35148:   00000000edec87c8 00000000edec87c8
0x00007fd6a6c35158:   00000000ead568e8 00000000edec8720
0x00007fd6a6c35168:   00000000ead568e8 00007fd6a6c352d0
0x00007fd6a6c35178:   00007fd6910d102c 00000000edeba6a8
0x00007fd6a6c35188:   000001b100000002 00000000ead55168
0x00007fd6a6c35198:   00000000000001b2 00000000ead54a78
0x00007fd6a6c351a8:   00000000edeba6a8 00000000edeba688
0x00007fd6a6c351b8:   00000000ead55a98 000001b1000001b2 

Instructions: (pc=0x00007fd690bfb9e2)
0x00007fd690bfb9c2:   89 59 10 bf 01 00 00 00 48 89 79 18 48 83 c1 30
0x00007fd690bfb9d2:   48 89 4d e0 48 3b d8 0f 84 5b 00 00 00 8b 48 0c
0x00007fd690bfb9e2:   48 3b 04 0b 0f 84 4e 00 00 00 83 f9 18 0f 85 22
0x00007fd690bfb9f2:   00 00 00 50 48 8b c0 57 48 8b 7b 20 8b 0f 48 83 

Register to memory mapping:

RAX=0x0000000100082880 is pointing into metadata
RBX=0x0000000100282880 is an unknown value
RCX=0x0000000000000030 is an unknown value
RDX=0x00000000edec8228 is an oop

[error occurred during error reporting (printing register info), id 0xb]

Stack: [0x00007fd6a6b36000,0x00007fd6a6c37000],  sp=0x00007fd6a6c34fc8,  free space=1019k
Native frames: (J=compiled Java code, j=interpreted, Vv=VM code, C=native code)
j  com.android.dx.rop.code.BasicBlockList.get(I)Lcom/android/dx/rop/code/BasicBlock;+5
j  com.android.dx.rop.code.BasicBlockList.labelToBlock(I)Lcom/android/dx/rop/code/BasicBlock;+42
J 1879 C1 com.android.dx.dex.code.StdCatchBuilder.build(Lcom/android/dx/rop/code/RopMethod;[ILcom/android/dx/dex/code/BlockAddresses;)Lcom/android/dx/dex/code/CatchTable; (262 bytes) @ 0x00007fd6910b3dd4 [0x00007fd6910b3ca0+0x134]
J 1908 C1 com.android.dx.dex.code.DalvCode.finishProcessingIfNecessary()V (69 bytes) @ 0x00007fd6910cb62c [0x00007fd6910cb4e0+0x14c]
j  com.android.dx.dex.code.DalvCode.getCatches()Lcom/android/dx/dex/code/CatchTable;+1
j  com.android.dx.dex.file.CatchStructs.finishProcessingIfNecessary()V+12
j  com.android.dx.dex.file.CatchStructs.encode(Lcom/android/dx/dex/file/DexFile;)V+1
J 1910 C1 com.android.dx.dex.file.CodeItem.place0(Lcom/android/dx/dex/file/Section;I)V (88 bytes) @ 0x00007fd6910da3a4 [0x00007fd6910da280+0x124]
J 1746 C1 com.android.dx.dex.file.OffsettedItem.place(Lcom/android/dx/dex/file/Section;I)I (78 bytes) @ 0x00007fd691072184 [0x00007fd6910720c0+0xc4]
j  com.android.dx.dex.file.MixedItemSection.placeItems()V+94
j  com.android.dx.dex.file.DexFile.toDex0(ZZ)Lcom/android/dx/util/ByteArrayAnnotatedOutput;+195
j  com.android.dx.dex.file.DexFile.toDex(Ljava/io/Writer;Z)[B+13
j  com.android.dx.command.dexer.Main.writeDex(Lcom/android/dx/dex/file/DexFile;)[B+44
j  com.android.dx.command.dexer.Main.runMonoDex()I+106
j  com.android.dx.command.dexer.Main.run(Lcom/android/dx/command/dexer/Main$Arguments;)I+76
j  com.android.dx.command.dexer.Main.main([Ljava/lang/String;)V+14
j  com.android.dx.command.Main.main([Ljava/lang/String;)V+61
v  ~StubRoutines::call_stub
V  [libjvm.so+0x68f6b6]  JavaCalls::call_helper(JavaValue*, methodHandle*, JavaCallArguments*, Thread*)+0x1056
V  [libjvm.so+0x6d0d42]  jni_invoke_static(JNIEnv_*, JavaValue*, _jobject*, JNICallType, _jmethodID*, JNI_ArgumentPusher*, Thread*)+0x362
V  [libjvm.so+0x6ed5aa]  jni_CallStaticVoidMethod+0x17a
C  [libjli.so+0x7bdf]  JavaMain+0x81f
C  [libpthread.so.0+0x7e9a]  start_thread+0xda


---------------  P R O C E S S  ---------------

Java Threads: ( => current thread )
  0x00007fd6a00c4000 JavaThread "Service Thread" daemon [_thread_blocked, id=11390, stack(0x00007fd66feff000,0x00007fd670000000)]
  0x00007fd6a00b7800 JavaThread "C1 CompilerThread1" daemon [_thread_blocked, id=11389, stack(0x00007fd68c0d3000,0x00007fd68c1d4000)]
  0x00007fd6a00b4800 JavaThread "C2 CompilerThread0" daemon [_thread_in_native, id=11388, stack(0x00007fd68c1d4000,0x00007fd68c2d5000)]
  0x00007fd6a00b3000 JavaThread "Signal Dispatcher" daemon [_thread_blocked, id=11387, stack(0x00007fd68c2d5000,0x00007fd68c3d6000)]
  0x00007fd6a0080000 JavaThread "Finalizer" daemon [_thread_blocked, id=11386, stack(0x00007fd68caba000,0x00007fd68cbbb000)]
  0x00007fd6a007b800 JavaThread "Reference Handler" daemon [_thread_blocked, id=11385, stack(0x00007fd68cbbb000,0x00007fd68ccbc000)]
=>0x00007fd6a000a000 JavaThread "main" [_thread_in_Java, id=11381, stack(0x00007fd6a6b36000,0x00007fd6a6c37000)]

Other Threads:
  0x00007fd6a0073800 VMThread [stack: 0x00007fd68ccbc000,0x00007fd68cdbd000] [id=11384]
  0x00007fd6a00ce800 WatcherThread [stack: 0x00007fd66fdfe000,0x00007fd66feff000] [id=11391]

VM state:not at safepoint (normal execution)

VM Mutex/Monitor currently owned by a thread: None

Heap:
 PSYoungGen      total 54784K, used 9030K [0x00000000eab00000, 0x00000000f1e00000, 0x0000000100000000)
  eden space 48128K, 5% used [0x00000000eab00000,0x00000000ead59ad8,0x00000000eda00000)
  from space 6656K, 99% used [0x00000000eda00000,0x00000000ee078010,0x00000000ee080000)
  to   space 10752K, 0% used [0x00000000f1380000,0x00000000f1380000,0x00000000f1e00000)
 ParOldGen       total 31744K, used 19580K [0x00000000c0000000, 0x00000000c1f00000, 0x00000000eab00000)
  object space 31744K, 61% used [0x00000000c0000000,0x00000000c131f388,0x00000000c1f00000)
 Metaspace       used 6215K, capacity 7120K, committed 7424K, reserved 1056768K
  class space    used 612K, capacity 648K, committed 768K, reserved 1048576K

Card table byte_map: [0x00007fd690618000,0x00007fd690819000] byte_map_base: 0x00007fd690018000

Marking Bits: (ParMarkBitMap*) 0x00007fd6a6012120
 Begin Bits: [0x00007fd68e2c0000, 0x00007fd68f2c0000)
 End Bits:   [0x00007fd68f2c0000, 0x00007fd6902c0000)

Polling page: 0x00007fd6a6c53000

CodeCache: size=245760Kb used=5186Kb max_used=5186Kb free=240573Kb
 bounds [0x00007fd690bd9000, 0x00007fd6910f9000, 0x00007fd69fbd9000]
 total_blobs=1736 nmethods=1469 adapters=182
 compilation: enabled

Compilation events (10 events):
Event: 18.935 Thread 0x00007fd6a00b7800 1943       2       com.android.dx.dex.code.form.Form10t::isCompatible (41 bytes)
Event: 18.937 Thread 0x00007fd6a00b7800 nmethod 1943 0x00007fd6910ea490 code [0x00007fd6910ea620, 0x00007fd6910eaa58]
Event: 18.937 Thread 0x00007fd6a00b7800 1946       2       com.android.dx.dex.code.form.Form10t::branchFits (22 bytes)
Event: 18.938 Thread 0x00007fd6a00b7800 nmethod 1946 0x00007fd6910eadd0 code [0x00007fd6910eaf60, 0x00007fd6910eb278]
Event: 18.938 Thread 0x00007fd6a00b7800 1949       2       com.android.dx.dex.code.LocalStart::<init> (25 bytes)
Event: 18.967 Thread 0x00007fd6a00b7800 nmethod 1949 0x00007fd6910eb490 code [0x00007fd6910eb620, 0x00007fd6910eb878]
Event: 18.967 Thread 0x00007fd6a00b7800 1951       2       com.android.dx.util.ByteArrayAnnotatedOutput::ensureCapacity (39 bytes)
Event: 18.967 Thread 0x00007fd6a00b7800 nmethod 1951 0x00007fd6910eb990 code [0x00007fd6910ebb00, 0x00007fd6910ebdc8]
Event: 18.967 Thread 0x00007fd6a00b7800 1950       2       com.android.dx.dex.code.StdCatchBuilder::rangeIsValid (62 bytes)
Event: 18.968 Thread 0x00007fd6a00b7800 nmethod 1950 0x00007fd6910ebed0 code [0x00007fd6910ec0a0, 0x00007fd6910ec518]

GC Heap History (10 events):
Event: 8.883 GC heap before
{Heap before GC invocations=3 (full 0):
 PSYoungGen      total 13824K, used 13809K [0x00000000eab00000, 0x00000000ec600000, 0x0000000100000000)
  eden space 12288K, 100% used [0x00000000eab00000,0x00000000eb700000,0x00000000eb700000)
  from space 1536K, 99% used [0x00000000eb880000,0x00000000eb9fc550,0x00000000eba00000)
  to   space 1536K, 0% used [0x00000000eb700000,0x00000000eb700000,0x00000000eb880000)
 ParOldGen       total 31744K, used 3859K [0x00000000c0000000, 0x00000000c1f00000, 0x00000000eab00000)
  object space 31744K, 12% used [0x00000000c0000000,0x00000000c03c4e10,0x00000000c1f00000)
 Metaspace       used 5733K, capacity 6704K, committed 6784K, reserved 1056768K
  class space    used 594K, capacity 616K, committed 640K, reserved 1048576K
Event: 8.964 GC heap after
Heap after GC invocations=3 (full 0):
 PSYoungGen      total 13824K, used 1521K [0x00000000eab00000, 0x00000000ec600000, 0x0000000100000000)
  eden space 12288K, 0% used [0x00000000eab00000,0x00000000eab00000,0x00000000eb700000)
  from space 1536K, 99% used [0x00000000eb700000,0x00000000eb87c550,0x00000000eb880000)
  to   space 1536K, 0% used [0x00000000ec480000,0x00000000ec480000,0x00000000ec600000)
 ParOldGen       total 31744K, used 5987K [0x00000000c0000000, 0x00000000c1f00000, 0x00000000eab00000)
  object space 31744K, 18% used [0x00000000c0000000,0x00000000c05d8df8,0x00000000c1f00000)
 Metaspace       used 5733K, capacity 6704K, committed 6784K, reserved 1056768K
  class space    used 594K, capacity 616K, committed 640K, reserved 1048576K
}
Event: 10.245 GC heap before
{Heap before GC invocations=4 (full 0):
 PSYoungGen      total 13824K, used 13809K [0x00000000eab00000, 0x00000000ec600000, 0x0000000100000000)
  eden space 12288K, 100% used [0x00000000eab00000,0x00000000eb700000,0x00000000eb700000)
  from space 1536K, 99% used [0x00000000eb700000,0x00000000eb87c550,0x00000000eb880000)
  to   space 1536K, 0% used [0x00000000ec480000,0x00000000ec480000,0x00000000ec600000)
 ParOldGen       total 31744K, used 5987K [0x00000000c0000000, 0x00000000c1f00000, 0x00000000eab00000)
  object space 31744K, 18% used [0x00000000c0000000,0x00000000c05d8df8,0x00000000c1f00000)
 Metaspace       used 5776K, capacity 6768K, committed 7040K, reserved 1056768K
  class space    used 594K, capacity 616K, committed 640K, reserved 1048576K
Event: 10.352 GC heap after
Heap after GC invocations=4 (full 0):
 PSYoungGen      total 26112K, used 1521K [0x00000000eab00000, 0x00000000ec600000, 0x0000000100000000)
  eden space 24576K, 0% used [0x00000000eab00000,0x00000000eab00000,0x00000000ec300000)
  from space 1536K, 99% used [0x00000000ec480000,0x00000000ec5fc550,0x00000000ec600000)
  to   space 1536K, 0% used [0x00000000ec300000,0x00000000ec300000,0x00000000ec480000)
 ParOldGen       total 31744K, used 7956K [0x00000000c0000000, 0x00000000c1f00000, 0x00000000eab00000)
  object space 31744K, 25% used [0x00000000c0000000,0x00000000c07c5200,0x00000000c1f00000)
 Metaspace       used 5776K, capacity 6768K, committed 7040K, reserved 1056768K
  class space    used 594K, capacity 616K, committed 640K, reserved 1048576K
}
Event: 12.064 GC heap before
{Heap before GC invocations=5 (full 0):
 PSYoungGen      total 26112K, used 26097K [0x00000000eab00000, 0x00000000ec600000, 0x0000000100000000)
  eden space 24576K, 100% used [0x00000000eab00000,0x00000000ec300000,0x00000000ec300000)
  from space 1536K, 99% used [0x00000000ec480000,0x00000000ec5fc550,0x00000000ec600000)
  to   space 1536K, 0% used [0x00000000ec300000,0x00000000ec300000,0x00000000ec480000)
 ParOldGen       total 31744K, used 7956K [0x00000000c0000000, 0x00000000c1f00000, 0x00000000eab00000)
  object space 31744K, 25% used [0x00000000c0000000,0x00000000c07c5200,0x00000000c1f00000)
 Metaspace       used 5817K, capacity 6832K, committed 7040K, reserved 1056768K
  class space    used 594K, capacity 616K, committed 640K, reserved 1048576K
Event: 12.205 GC heap after
Heap after GC invocations=5 (full 0):
 PSYoungGen      total 26112K, used 1504K [0x00000000eab00000, 0x00000000ee600000, 0x0000000100000000)
  eden space 24576K, 0% used [0x00000000eab00000,0x00000000eab00000,0x00000000ec300000)
  from space 1536K, 97% used [0x00000000ec300000,0x00000000ec478010,0x00000000ec480000)
  to   space 5632K, 0% used [0x00000000ee080000,0x00000000ee080000,0x00000000ee600000)
 ParOldGen       total 31744K, used 12662K [0x00000000c0000000, 0x00000000c1f00000, 0x00000000eab00000)
  object space 31744K, 39% used [0x00000000c0000000,0x00000000c0c5daa0,0x00000000c1f00000)
 Metaspace       used 5817K, capacity 6832K, committed 7040K, reserved 1056768K
  class space    used 594K, capacity 616K, committed 640K, reserved 1048576K
}
Event: 13.462 GC heap before
{Heap before GC invocations=6 (full 0):
 PSYoungGen      total 26112K, used 26080K [0x00000000eab00000, 0x00000000ee600000, 0x0000000100000000)
  eden space 24576K, 100% used [0x00000000eab00000,0x00000000ec300000,0x00000000ec300000)
  from space 1536K, 97% used [0x00000000ec300000,0x00000000ec478010,0x00000000ec480000)
  to   space 5632K, 0% used [0x00000000ee080000,0x00000000ee080000,0x00000000ee600000)
 ParOldGen       total 31744K, used 12662K [0x00000000c0000000, 0x00000000c1f00000, 0x00000000eab00000)
  object space 31744K, 39% used [0x00000000c0000000,0x00000000c0c5daa0,0x00000000c1f00000)
 Metaspace       used 5832K, capacity 6832K, committed 7040K, reserved 1056768K
  class space    used 594K, capacity 616K, committed 640K, reserved 1048576K
Event: 13.633 GC heap after
Heap after GC invocations=6 (full 0):
 PSYoungGen      total 53760K, used 5617K [0x00000000eab00000, 0x00000000ee800000, 0x0000000100000000)
  eden space 48128K, 0% used [0x00000000eab00000,0x00000000eab00000,0x00000000eda00000)
  from space 5632K, 99% used [0x00000000ee080000,0x00000000ee5fc550,0x00000000ee600000)
  to   space 6656K, 0% used [0x00000000eda00000,0x00000000eda00000,0x00000000ee080000)
 ParOldGen       total 31744K, used 12916K [0x00000000c0000000, 0x00000000c1f00000, 0x00000000eab00000)
  object space 31744K, 40% used [0x00000000c0000000,0x00000000c0c9d0a8,0x00000000c1f00000)
 Metaspace       used 5832K, capacity 6832K, committed 7040K, reserved 1056768K
  class space    used 594K, capacity 616K, committed 640K, reserved 1048576K
}
Event: 17.701 GC heap before
{Heap before GC invocations=7 (full 0):
 PSYoungGen      total 53760K, used 53745K [0x00000000eab00000, 0x00000000ee800000, 0x0000000100000000)
  eden space 48128K, 100% used [0x00000000eab00000,0x00000000eda00000,0x00000000eda00000)
  from space 5632K, 99% used [0x00000000ee080000,0x00000000ee5fc550,0x00000000ee600000)
  to   space 6656K, 0% used [0x00000000eda00000,0x00000000eda00000,0x00000000ee080000)
 ParOldGen       total 31744K, used 12916K [0x00000000c0000000, 0x00000000c1f00000, 0x00000000eab00000)
  object space 31744K, 40% used [0x00000000c0000000,0x00000000c0c9d0a8,0x00000000c1f00000)
 Metaspace       used 6157K, capacity 7024K, committed 7296K, reserved 1056768K
  class space    used 610K, capacity 616K, committed 640K, reserved 1048576K
Event: 18.062 GC heap after
Heap after GC invocations=7 (full 0):
 PSYoungGen      total 54784K, used 6624K [0x00000000eab00000, 0x00000000f1e00000, 0x0000000100000000)
  eden space 48128K, 0% used [0x00000000eab00000,0x00000000eab00000,0x00000000eda00000)
  from space 6656K, 99% used [0x00000000eda00000,0x00000000ee078010,0x00000000ee080000)
  to   space 10752K, 0% used [0x00000000f1380000,0x00000000f1380000,0x00000000f1e00000)
 ParOldGen       total 31744K, used 19580K [0x00000000c0000000, 0x00000000c1f00000, 0x00000000eab00000)
  object space 31744K, 61% used [0x00000000c0000000,0x00000000c131f388,0x00000000c1f00000)
 Metaspace       used 6157K, capacity 7024K, committed 7296K, reserved 1056768K
  class space    used 610K, capacity 616K, committed 640K, reserved 1048576K
}

Deoptimization events (10 events):
Event: 5.204 Thread 0x00007fd6a015e800 Uncommon trap: reason=bimorphic action=maybe_recompile pc=0x00007fd690dc2ac4 method=java.util.HashMap.getNode(ILjava/lang/Object;)Ljava/util/HashMap$Node; @ 126
Event: 5.325 Thread 0x00007fd6a015e800 Uncommon trap: reason=unstable_if action=reinterpret pc=0x00007fd690dc2a9c method=java.util.HashMap.getNode(ILjava/lang/Object;)Ljava/util/HashMap$Node; @ 129
Event: 14.576 Thread 0x00007fd6a014d000 Uncommon trap: reason=null_check action=make_not_entrant pc=0x00007fd690e6594c method=com.android.dx.ssa.SsaRenamer.getLocalForNewReg(I)Lcom/android/dx/rop/code/LocalItem; @ 19
Event: 14.627 Thread 0x00007fd6a0160800 Uncommon trap: reason=unstable_if action=reinterpret pc=0x00007fd690e5d71c method=com.android.dx.rop.cst.Constant.compareTo(Lcom/android/dx/rop/cst/Constant;)I @ 12
Event: 16.662 Thread 0x00007fd6a000a000 Uncommon trap: reason=unstable_if action=reinterpret pc=0x00007fd691047bd4 method=java.util.HashMap.putVal(ILjava/lang/Object;Ljava/lang/Object;ZZ)Ljava/lang/Object; @ 94
Event: 17.425 Thread 0x00007fd6a000a000 Uncommon trap: reason=class_check action=maybe_recompile pc=0x00007fd690f1acc8 method=java.util.Arrays.equals([Ljava/lang/Object;[Ljava/lang/Object;)Z @ 62
Event: 17.427 Thread 0x00007fd6a000a000 Uncommon trap: reason=class_check action=maybe_recompile pc=0x00007fd690f1acc8 method=java.util.Arrays.equals([Ljava/lang/Object;[Ljava/lang/Object;)Z @ 62
Event: 17.428 Thread 0x00007fd6a000a000 Uncommon trap: reason=class_check action=maybe_recompile pc=0x00007fd690f1acc8 method=java.util.Arrays.equals([Ljava/lang/Object;[Ljava/lang/Object;)Z @ 62
Event: 17.428 Thread 0x00007fd6a000a000 Uncommon trap: reason=class_check action=maybe_recompile pc=0x00007fd690f1acc8 method=java.util.Arrays.equals([Ljava/lang/Object;[Ljava/lang/Object;)Z @ 62
Event: 18.979 Thread 0x00007fd6a000a000 Uncommon trap: reason=class_check action=maybe_recompile pc=0x00007fd690fc2e84 method=com.android.dx.rop.code.BasicBlockList.get(I)Lcom/android/dx/rop/code/BasicBlock; @ 5

Internal exceptions (3 events):
Event: 0.471 Thread 0x00007fd6a000a000 Exception <a 'java/lang/NoSuchMethodError': Method sun.misc.Unsafe.defineClass(Ljava/lang/String;[BII)Ljava/lang/Class; name or signature does not match> (0x00000000eab07cc0) thrown at [/HUDSON3/workspace/8-2-build-linux-amd64/jdk8u101/7261/hotspot/src/sh
Event: 0.471 Thread 0x00007fd6a000a000 Exception <a 'java/lang/NoSuchMethodError': Method sun.misc.Unsafe.prefetchRead(Ljava/lang/Object;J)V name or signature does not match> (0x00000000eab07fa8) thrown at [/HUDSON3/workspace/8-2-build-linux-amd64/jdk8u101/7261/hotspot/src/share/vm/prims/jni.c
Event: 14.576 Thread 0x00007fd6a014d000 Implicit null exception at 0x00007fd690e63581 to 0x00007fd690e65929

Events (10 events):
Event: 18.638 Thread 0x00007fd6a000a000 DEOPT UNPACKING pc=0x00007fd690c1ff73 sp=0x00007fd6a6c35038 mode 0
Event: 18.656 Thread 0x00007fd6a000a000 DEOPT PACKING pc=0x00007fd6910ae37d sp=0x00007fd6a6c352f0
Event: 18.656 Thread 0x00007fd6a000a000 DEOPT UNPACKING pc=0x00007fd690c1ff73 sp=0x00007fd6a6c35060 mode 0
Event: 18.657 Thread 0x00007fd6a000a000 DEOPT PACKING pc=0x00007fd6910ab8b1 sp=0x00007fd6a6c35210
Event: 18.657 Thread 0x00007fd6a000a000 DEOPT UNPACKING pc=0x00007fd690c1ff73 sp=0x00007fd6a6c34ff8 mode 0
Event: 18.669 Thread 0x00007fd6a000a000 DEOPT PACKING pc=0x00007fd6910a5f89 sp=0x00007fd6a6c35240
Event: 18.669 Thread 0x00007fd6a000a000 DEOPT UNPACKING pc=0x00007fd690c1ff73 sp=0x00007fd6a6c34fe8 mode 0
Event: 18.979 Thread 0x00007fd6a000a000 Uncommon trap: trap_request=0xffffffde fr.pc=0x00007fd690fc2e84
Event: 18.979 Thread 0x00007fd6a000a000 DEOPT PACKING pc=0x00007fd690fc2e84 sp=0x00007fd6a6c35050
Event: 18.979 Thread 0x00007fd6a000a000 DEOPT UNPACKING pc=0x00007fd690bddf69 sp=0x00007fd6a6c34fb0 mode 2


Dynamic libraries:
00400000-00401000 r-xp 00000000 08:01 3279757                            /usr/lib/jvm/java-8-oracle/bin/java
00600000-00601000 rw-p 00000000 08:01 3279757                            /usr/lib/jvm/java-8-oracle/bin/java
01211000-01256000 rw-p 00000000 00:00 0                                  [heap]
c0000000-c1f00000 rw-p 00000000 00:00 0 
c1f00000-eab00000 ---p 00000000 00:00 0 
eab00000-f1e00000 rw-p 00000000 00:00 0 
f1e00000-100000000 ---p 00000000 00:00 0 
100000000-1000c0000 rw-p 00000000 00:00 0 
1000c0000-140000000 ---p 00000000 00:00 0 
7fd64c000000-7fd64c029000 rw-p 00000000 00:00 0 
7fd64c029000-7fd650000000 ---p 00000000 00:00 0 
7fd654000000-7fd654021000 rw-p 00000000 00:00 0 
7fd654021000-7fd658000000 ---p 00000000 00:00 0 
7fd658000000-7fd658026000 rw-p 00000000 00:00 0 
7fd658026000-7fd65c000000 ---p 00000000 00:00 0 
7fd65c000000-7fd65c021000 rw-p 00000000 00:00 0 
7fd65c021000-7fd660000000 ---p 00000000 00:00 0 
7fd660000000-7fd66002c000 rw-p 00000000 00:00 0 
7fd66002c000-7fd664000000 ---p 00000000 00:00 0 
7fd664000000-7fd664021000 rw-p 00000000 00:00 0 
7fd664021000-7fd668000000 ---p 00000000 00:00 0 
7fd668000000-7fd668536000 rw-p 00000000 00:00 0 
7fd668536000-7fd66c000000 ---p 00000000 00:00 0 
7fd66f8f9000-7fd66f8fc000 ---p 00000000 00:00 0 
7fd66f8fc000-7fd66f9fa000 rw-p 00000000 00:00 0 
7fd66f9fa000-7fd66f9fd000 ---p 00000000 00:00 0 
7fd66f9fd000-7fd66fafb000 rw-p 00000000 00:00 0 
7fd66fafb000-7fd66fafe000 ---p 00000000 00:00 0 
7fd66fafe000-7fd66fbfc000 rw-p 00000000 00:00 0 
7fd66fbfc000-7fd66fbff000 ---p 00000000 00:00 0 
7fd66fbff000-7fd66fcfd000 rw-p 00000000 00:00 0 
7fd66fcfd000-7fd66fd00000 ---p 00000000 00:00 0 
7fd66fd00000-7fd66fdfe000 rw-p 00000000 00:00 0 
7fd66fdfe000-7fd66fdff000 ---p 00000000 00:00 0 
7fd66fdff000-7fd66feff000 rw-p 00000000 00:00 0                          [stack:11391]
7fd66feff000-7fd66ff02000 ---p 00000000 00:00 0 
7fd66ff02000-7fd670000000 rw-p 00000000 00:00 0                          [stack:11390]
7fd670000000-7fd670021000 rw-p 00000000 00:00 0 
7fd670021000-7fd674000000 ---p 00000000 00:00 0 
7fd674000000-7fd6745c6000 rw-p 00000000 00:00 0 
7fd6745c6000-7fd678000000 ---p 00000000 00:00 0 
7fd678000000-7fd678021000 rw-p 00000000 00:00 0 
7fd678021000-7fd67c000000 ---p 00000000 00:00 0 
7fd67c000000-7fd67c021000 rw-p 00000000 00:00 0 
7fd67c021000-7fd680000000 ---p 00000000 00:00 0 
7fd680000000-7fd680021000 rw-p 00000000 00:00 0 
7fd680021000-7fd684000000 ---p 00000000 00:00 0 
7fd684000000-7fd684021000 rw-p 00000000 00:00 0 
7fd684021000-7fd688000000 ---p 00000000 00:00 0 
7fd688000000-7fd688021000 rw-p 00000000 00:00 0 
7fd688021000-7fd68c000000 ---p 00000000 00:00 0 
7fd68c0d3000-7fd68c0d6000 ---p 00000000 00:00 0 
7fd68c0d6000-7fd68c1d4000 rw-p 00000000 00:00 0                          [stack:11389]
7fd68c1d4000-7fd68c1d7000 ---p 00000000 00:00 0 
7fd68c1d7000-7fd68c2d5000 rw-p 00000000 00:00 0                          [stack:11388]
7fd68c2d5000-7fd68c2d8000 ---p 00000000 00:00 0 
7fd68c2d8000-7fd68c3d6000 rw-p 00000000 00:00 0                          [stack:11387]
7fd68c3d6000-7fd68caba000 r--p 00000000 08:01 13113697                   /usr/lib/locale/locale-archive
7fd68caba000-7fd68cabd000 ---p 00000000 00:00 0 
7fd68cabd000-7fd68cbbb000 rw-p 00000000 00:00 0                          [stack:11386]
7fd68cbbb000-7fd68cbbe000 ---p 00000000 00:00 0 
7fd68cbbe000-7fd68ccbc000 rw-p 00000000 00:00 0                          [stack:11385]
7fd68ccbc000-7fd68ccbd000 ---p 00000000 00:00 0 
7fd68ccbd000-7fd68d6e7000 rw-p 00000000 00:00 0                          [stack:11384]
7fd68d6e7000-7fd68d8c0000 r--s 03d29000 08:01 13118676                   /usr/lib/jvm/java-8-oracle/jre/lib/rt.jar
7fd68d8c0000-7fd68df40000 rw-p 00000000 00:00 0 
7fd68df40000-7fd68e0c0000 ---p 00000000 00:00 0 
7fd68e0c0000-7fd6902c0000 rw-p 00000000 00:00 0 
7fd6902c0000-7fd6902c1000 ---p 00000000 00:00 0 
7fd6902c1000-7fd6903c1000 rw-p 00000000 00:00 0                          [stack:11383]
7fd6903c1000-7fd6903c2000 ---p 00000000 00:00 0 
7fd6903c2000-7fd6904d2000 rw-p 00000000 00:00 0                          [stack:11382]
7fd6904d2000-7fd690618000 ---p 00000000 00:00 0 
7fd690618000-7fd690628000 rw-p 00000000 00:00 0 
7fd690628000-7fd69076d000 ---p 00000000 00:00 0 
7fd69076d000-7fd6907a7000 rw-p 00000000 00:00 0 
7fd6907a7000-7fd690818000 ---p 00000000 00:00 0 
7fd690818000-7fd69082e000 rw-p 00000000 00:00 0 
7fd69082e000-7fd690bd9000 ---p 00000000 00:00 0 
7fd690bd9000-7fd6910f9000 rwxp 00000000 00:00 0 
7fd6910f9000-7fd69fbd9000 ---p 00000000 00:00 0 
7fd69fbd9000-7fd69fbf3000 r-xp 00000000 08:01 13766358                   /usr/lib/jvm/java-8-oracle/jre/lib/amd64/libzip.so
7fd69fbf3000-7fd69fdf3000 ---p 0001a000 08:01 13766358                   /usr/lib/jvm/java-8-oracle/jre/lib/amd64/libzip.so
7fd69fdf3000-7fd69fdf4000 rw-p 0001a000 08:01 13766358                   /usr/lib/jvm/java-8-oracle/jre/lib/amd64/libzip.so
7fd69fdf4000-7fd69fdff000 r-xp 00000000 08:01 2621673                    /lib/x86_64-linux-gnu/libnss_files-2.15.so
7fd69fdff000-7fd69fffe000 ---p 0000b000 08:01 2621673                    /lib/x86_64-linux-gnu/libnss_files-2.15.so
7fd69fffe000-7fd69ffff000 r--p 0000a000 08:01 2621673                    /lib/x86_64-linux-gnu/libnss_files-2.15.so
7fd69ffff000-7fd6a0000000 rw-p 0000b000 08:01 2621673                    /lib/x86_64-linux-gnu/libnss_files-2.15.so
7fd6a0000000-7fd6a0401000 rw-p 00000000 00:00 0 
7fd6a0401000-7fd6a4000000 ---p 00000000 00:00 0 
7fd6a401e000-7fd6a40e3000 rw-p 00000000 00:00 0 
7fd6a40e3000-7fd6a40ed000 r-xp 00000000 08:01 2621658                    /lib/x86_64-linux-gnu/libnss_nis-2.15.so
7fd6a40ed000-7fd6a42ed000 ---p 0000a000 08:01 2621658                    /lib/x86_64-linux-gnu/libnss_nis-2.15.so
7fd6a42ed000-7fd6a42ee000 r--p 0000a000 08:01 2621658                    /lib/x86_64-linux-gnu/libnss_nis-2.15.so
7fd6a42ee000-7fd6a42ef000 rw-p 0000b000 08:01 2621658                    /lib/x86_64-linux-gnu/libnss_nis-2.15.so
7fd6a42ef000-7fd6a4306000 r-xp 00000000 08:01 2621667                    /lib/x86_64-linux-gnu/libnsl-2.15.so
7fd6a4306000-7fd6a4505000 ---p 00017000 08:01 2621667                    /lib/x86_64-linux-gnu/libnsl-2.15.so
7fd6a4505000-7fd6a4506000 r--p 00016000 08:01 2621667                    /lib/x86_64-linux-gnu/libnsl-2.15.so
7fd6a4506000-7fd6a4507000 rw-p 00017000 08:01 2621667                    /lib/x86_64-linux-gnu/libnsl-2.15.so
7fd6a4507000-7fd6a4509000 rw-p 00000000 00:00 0 
7fd6a4509000-7fd6a4511000 r-xp 00000000 08:01 2621672                    /lib/x86_64-linux-gnu/libnss_compat-2.15.so
7fd6a4511000-7fd6a4710000 ---p 00008000 08:01 2621672                    /lib/x86_64-linux-gnu/libnss_compat-2.15.so
7fd6a4710000-7fd6a4711000 r--p 00007000 08:01 2621672                    /lib/x86_64-linux-gnu/libnss_compat-2.15.so
7fd6a4711000-7fd6a4712000 rw-p 00008000 08:01 2621672                    /lib/x86_64-linux-gnu/libnss_compat-2.15.so
7fd6a4712000-7fd6a473c000 r-xp 00000000 08:01 13766323                   /usr/lib/jvm/java-8-oracle/jre/lib/amd64/libjava.so
7fd6a473c000-7fd6a493c000 ---p 0002a000 08:01 13766323                   /usr/lib/jvm/java-8-oracle/jre/lib/amd64/libjava.so
7fd6a493c000-7fd6a493e000 rw-p 0002a000 08:01 13766323                   /usr/lib/jvm/java-8-oracle/jre/lib/amd64/libjava.so
7fd6a493e000-7fd6a494b000 r-xp 00000000 08:01 13766361                   /usr/lib/jvm/java-8-oracle/jre/lib/amd64/libverify.so
7fd6a494b000-7fd6a4b4b000 ---p 0000d000 08:01 13766361                   /usr/lib/jvm/java-8-oracle/jre/lib/amd64/libverify.so
7fd6a4b4b000-7fd6a4b4d000 rw-p 0000d000 08:01 13766361                   /usr/lib/jvm/java-8-oracle/jre/lib/amd64/libverify.so
7fd6a4b4d000-7fd6a4b54000 r-xp 00000000 08:01 2621660                    /lib/x86_64-linux-gnu/librt-2.15.so
7fd6a4b54000-7fd6a4d53000 ---p 00007000 08:01 2621660                    /lib/x86_64-linux-gnu/librt-2.15.so
7fd6a4d53000-7fd6a4d54000 r--p 00006000 08:01 2621660                    /lib/x86_64-linux-gnu/librt-2.15.so
7fd6a4d54000-7fd6a4d55000 rw-p 00007000 08:01 2621660                    /lib/x86_64-linux-gnu/librt-2.15.so
7fd6a4d55000-7fd6a4e50000 r-xp 00000000 08:01 2621674                    /lib/x86_64-linux-gnu/libm-2.15.so
7fd6a4e50000-7fd6a504f000 ---p 000fb000 08:01 2621674                    /lib/x86_64-linux-gnu/libm-2.15.so
7fd6a504f000-7fd6a5050000 r--p 000fa000 08:01 2621674                    /lib/x86_64-linux-gnu/libm-2.15.so
7fd6a5050000-7fd6a5051000 rw-p 000fb000 08:01 2621674                    /lib/x86_64-linux-gnu/libm-2.15.so
7fd6a5051000-7fd6a5d1c000 r-xp 00000000 08:01 13894575                   /usr/lib/jvm/java-8-oracle/jre/lib/amd64/server/libjvm.so
7fd6a5d1c000-7fd6a5f1b000 ---p 00ccb000 08:01 13894575                   /usr/lib/jvm/java-8-oracle/jre/lib/amd64/server/libjvm.so
7fd6a5f1b000-7fd6a5ff4000 rw-p 00cca000 08:01 13894575                   /usr/lib/jvm/java-8-oracle/jre/lib/amd64/server/libjvm.so
7fd6a5ff4000-7fd6a603f000 rw-p 00000000 00:00 0 
7fd6a603f000-7fd6a61f3000 r-xp 00000000 08:01 2621665                    /lib/x86_64-linux-gnu/libc-2.15.so
7fd6a61f3000-7fd6a63f2000 ---p 001b4000 08:01 2621665                    /lib/x86_64-linux-gnu/libc-2.15.so
7fd6a63f2000-7fd6a63f6000 r--p 001b3000 08:01 2621665                    /lib/x86_64-linux-gnu/libc-2.15.so
7fd6a63f6000-7fd6a63f8000 rw-p 001b7000 08:01 2621665                    /lib/x86_64-linux-gnu/libc-2.15.so
7fd6a63f8000-7fd6a63fd000 rw-p 00000000 00:00 0 
7fd6a63fd000-7fd6a63ff000 r-xp 00000000 08:01 2621657                    /lib/x86_64-linux-gnu/libdl-2.15.so
7fd6a63ff000-7fd6a65ff000 ---p 00002000 08:01 2621657                    /lib/x86_64-linux-gnu/libdl-2.15.so
7fd6a65ff000-7fd6a6600000 r--p 00002000 08:01 2621657                    /lib/x86_64-linux-gnu/libdl-2.15.so
7fd6a6600000-7fd6a6601000 rw-p 00003000 08:01 2621657                    /lib/x86_64-linux-gnu/libdl-2.15.so
7fd6a6601000-7fd6a6616000 r-xp 00000000 08:01 2627921                    /usr/lib/jvm/java-8-oracle/lib/amd64/jli/libjli.so
7fd6a6616000-7fd6a6816000 ---p 00015000 08:01 2627921                    /usr/lib/jvm/java-8-oracle/lib/amd64/jli/libjli.so
7fd6a6816000-7fd6a6817000 rw-p 00015000 08:01 2627921                    /usr/lib/jvm/java-8-oracle/lib/amd64/jli/libjli.so
7fd6a6817000-7fd6a682f000 r-xp 00000000 08:01 2621668                    /lib/x86_64-linux-gnu/libpthread-2.15.so
7fd6a682f000-7fd6a6a2e000 ---p 00018000 08:01 2621668                    /lib/x86_64-linux-gnu/libpthread-2.15.so
7fd6a6a2e000-7fd6a6a2f000 r--p 00017000 08:01 2621668                    /lib/x86_64-linux-gnu/libpthread-2.15.so
7fd6a6a2f000-7fd6a6a30000 rw-p 00018000 08:01 2621668                    /lib/x86_64-linux-gnu/libpthread-2.15.so
7fd6a6a30000-7fd6a6a34000 rw-p 00000000 00:00 0 
7fd6a6a34000-7fd6a6a56000 r-xp 00000000 08:01 2621671                    /lib/x86_64-linux-gnu/ld-2.15.so
7fd6a6a5a000-7fd6a6b36000 rw-p 00000000 00:00 0 
7fd6a6b36000-7fd6a6b39000 ---p 00000000 00:00 0 
7fd6a6b39000-7fd6a6c3b000 rw-p 00000000 00:00 0                          [stack:11381]
7fd6a6c3b000-7fd6a6c4a000 r--s 000df000 08:01 11274850                   /root/Android/Sdk/build-tools/23.0.3/lib/dx.jar
7fd6a6c4a000-7fd6a6c52000 rw-s 00000000 08:01 4850379                    /tmp/hsperfdata_root/11376
7fd6a6c52000-7fd6a6c53000 rw-p 00000000 00:00 0 
7fd6a6c53000-7fd6a6c54000 r--p 00000000 00:00 0 
7fd6a6c54000-7fd6a6c56000 rw-p 00000000 00:00 0 
7fd6a6c56000-7fd6a6c57000 r--p 00022000 08:01 2621671                    /lib/x86_64-linux-gnu/ld-2.15.so
7fd6a6c57000-7fd6a6c59000 rw-p 00023000 08:01 2621671                    /lib/x86_64-linux-gnu/ld-2.15.so
7ffdcb589000-7ffdcb5aa000 rw-p 00000000 00:00 0                          [stack]
7ffdcb5d5000-7ffdcb5d7000 r-xp 00000000 00:00 0                          [vdso]
ffffffffff600000-ffffffffff601000 r-xp 00000000 00:00 0                  [vsyscall]

VM Arguments:
jvm_args: -Djava.awt.headless=true -Xmx1024M -Dfile.encoding=UTF-8 -Duser.country=US -Duser.language=en -Duser.variant 
java_command: com.android.dx.command.Main --dex --force-jumbo --num-threads=4 --output /home/lin/other/AndroidProjects/Radio/app/build/intermediates/pre-dexed/debug/com.vk-androidsdk-1.6.5_1fa86cae056da7c033d88ebb23cbb7b434f1ea53.jar /home/lin/other/AndroidProjects/Radio/app/build/intermediates/exploded-aar/com.vk/androidsdk/1.6.5/jars/classes.jar
java_class_path (initial): /root/Android/Sdk/build-tools/23.0.3/lib/dx.jar
Launcher Type: SUN_STANDARD

Environment Variables:
PATH=/usr/local/sbin:/usr/local/bin:/usr/sbin:/usr/bin:/sbin:/bin
USERNAME=root
LD_LIBRARY_PATH=/opt/android-studio/bin:
SHELL=/bin/bash
DISPLAY=:0.0

Signal Handlers:
SIGSEGV: [libjvm.so+0xac4790], sa_mask[0]=11111111011111111101111111111110, sa_flags=SA_RESTART|SA_SIGINFO
SIGBUS: [libjvm.so+0xac4790], sa_mask[0]=11111111011111111101111111111110, sa_flags=SA_RESTART|SA_SIGINFO
SIGFPE: [libjvm.so+0x91f140], sa_mask[0]=11111111011111111101111111111110, sa_flags=SA_RESTART|SA_SIGINFO
SIGPIPE: [libjvm.so+0x91f140], sa_mask[0]=11111111011111111101111111111110, sa_flags=SA_RESTART|SA_SIGINFO
SIGXFSZ: [libjvm.so+0x91f140], sa_mask[0]=11111111011111111101111111111110, sa_flags=SA_RESTART|SA_SIGINFO
SIGILL: [libjvm.so+0x91f140], sa_mask[0]=11111111011111111101111111111110, sa_flags=SA_RESTART|SA_SIGINFO
SIGUSR1: SIG_DFL, sa_mask[0]=00000000000000000000000000000000, sa_flags=none
SIGUSR2: [libjvm.so+0x920770], sa_mask[0]=00100000000000000000000000000000, sa_flags=SA_RESTART|SA_SIGINFO
SIGHUP: [libjvm.so+0x921b70], sa_mask[0]=11111111011111111101111111111110, sa_flags=SA_RESTART|SA_SIGINFO
SIGINT: [libjvm.so+0x921b70], sa_mask[0]=11111111011111111101111111111110, sa_flags=SA_RESTART|SA_SIGINFO
SIGTERM: [libjvm.so+0x921b70], sa_mask[0]=11111111011111111101111111111110, sa_flags=SA_RESTART|SA_SIGINFO
SIGQUIT: [libjvm.so+0x921b70], sa_mask[0]=11111111011111111101111111111110, sa_flags=SA_RESTART|SA_SIGINFO


---------------  S Y S T E M  ---------------

OS:DISTRIB_ID=Ubuntu
DISTRIB_RELEASE=12.04
DISTRIB_CODENAME=precise
DISTRIB_DESCRIPTION="Ubuntu 12.04.5 LTS"

uname:Linux 3.13.0-95-generic #142~precise1-Ubuntu SMP Fri Aug 12 18:20:15 UTC 2016 x86_64
libc:glibc 2.15 NPTL 2.15 
rlimit: STACK 8192k, CORE 0k, NPROC 22873, NOFILE 4096, AS infinity
load average:12.44 7.81 5.08

/proc/meminfo:
MemTotal:        2948840 kB
MemFree:          260284 kB
Buffers:           10768 kB
Cached:           249548 kB
SwapCached:        31100 kB
Active:          1951804 kB
Inactive:         566532 kB
Active(anon):    1864368 kB
Inactive(anon):   513024 kB
Active(file):      87436 kB
Inactive(file):    53508 kB
Unevictable:           0 kB
Mlocked:               0 kB
SwapTotal:       3008508 kB
SwapFree:        2798940 kB
Dirty:             15824 kB
Writeback:             0 kB
AnonPages:       2241968 kB
Mapped:            75652 kB
Shmem:            119336 kB
Slab:              84072 kB
SReclaimable:      57024 kB
SUnreclaim:        27048 kB
KernelStack:        4520 kB
PageTables:        33208 kB
NFS_Unstable:          0 kB
Bounce:                0 kB
WritebackTmp:          0 kB
CommitLimit:     4482928 kB
Committed_AS:    4992264 kB
VmallocTotal:   34359738367 kB
VmallocUsed:      346432 kB
VmallocChunk:   34359385692 kB
HardwareCorrupted:     0 kB
AnonHugePages:    606208 kB
HugePages_Total:       0
HugePages_Free:        0
HugePages_Rsvd:        0
HugePages_Surp:        0
Hugepagesize:       2048 kB
DirectMap4k:       55684 kB
DirectMap2M:     2955264 kB


CPU:total 2 (2 cores per cpu, 1 threads per core) family 6 model 15 stepping 13, cmov, cx8, fxsr, mmx, sse, sse2, sse3, ssse3, tsc

/proc/cpuinfo:
processor	: 0
vendor_id	: GenuineIntel
cpu family	: 6
model		: 15
model name	: Genuine Intel(R) CPU           T1600  @ 1.66GHz
stepping	: 13
microcode	: 0xa3
cpu MHz		: 1662.567
cache size	: 1024 KB
physical id	: 0
siblings	: 2
core id		: 0
cpu cores	: 2
apicid		: 0
initial apicid	: 0
fpu		: yes
fpu_exception	: yes
cpuid level	: 10
wp		: yes
flags		: fpu vme de pse tsc msr pae mce cx8 apic sep mtrr pge mca cmov pat pse36 clflush dts acpi mmx fxsr sse sse2 ss ht tm pbe syscall nx lm constant_tsc arch_perfmon pebs bts rep_good nopl aperfmperf pni dtes64 monitor ds_cpl tm2 ssse3 cx16 xtpr pdcm lahf_lm dtherm
bogomips	: 3325.13
clflush size	: 64
cache_alignment	: 64
address sizes	: 36 bits physical, 48 bits virtual
power management:

processor	: 1
vendor_id	: GenuineIntel
cpu family	: 6
model		: 15
model name	: Genuine Intel(R) CPU           T1600  @ 1.66GHz
stepping	: 13
microcode	: 0xa3
cpu MHz		: 1662.567
cache size	: 1024 KB
physical id	: 0
siblings	: 2
core id		: 1
cpu cores	: 2
apicid		: 1
initial apicid	: 1
fpu		: yes
fpu_exception	: yes
cpuid level	: 10
wp		: yes
flags		: fpu vme de pse tsc msr pae mce cx8 apic sep mtrr pge mca cmov pat pse36 clflush dts acpi mmx fxsr sse sse2 ss ht tm pbe syscall nx lm constant_tsc arch_perfmon pebs bts rep_good nopl aperfmperf pni dtes64 monitor ds_cpl tm2 ssse3 cx16 xtpr pdcm lahf_lm dtherm
bogomips	: 3325.13
clflush size	: 64
cache_alignment	: 64
address sizes	: 36 bits physical, 48 bits virtual
power management:



Memory: 4k page, physical 2948840k(260284k free), swap 3008508k(2798940k free)

vm_info: Java HotSpot(TM) 64-Bit Server VM (25.101-b13) for linux-amd64 JRE (1.8.0_101-b13), built on Jun 22 2016 02:59:44 by "java_re" with gcc 4.3.0 20080428 (Red Hat 4.3.0-8)

time: Thu Sep  8 14:28:35 2016
elapsed time: 19 seconds (0d 0h 0m 19s)

