#
# A fatal error has been detected by the Java Runtime Environment:
#
#  SIGSEGV (0xb) at pc=0x00007f1ed69463d0, pid=3172, tid=0x00007f1ed7f9b700
#
# JRE version: Java(TM) SE Runtime Environment (8.0_101-b13) (build 1.8.0_101-b13)
# Java VM: Java HotSpot(TM) 64-Bit Server VM (25.101-b13 mixed mode linux-amd64 compressed oops)
# Problematic frame:
# V  [libjvm.so+0x5903d0]  frame::sender_for_compiled_frame(RegisterMap*) const+0x40
#
# Failed to write core dump. Core dumps have been disabled. To enable core dumping, try "ulimit -c unlimited" before starting Java again
#
# If you would like to submit a bug report, please visit:
#   http://bugreport.java.com/bugreport/crash.jsp
#

---------------  T H R E A D  ---------------

Current thread (0x00007f1ed000a000):  JavaThread "main" [_thread_in_Java, id=3177, stack(0x0000000000000069,0x00007f1ec1104839)]

siginfo: si_signo: 11 (SIGSEGV), si_code: 1 (SEGV_MAPERR), si_addr: 0x0000000000000008

Registers:
RAX=0x0000000000000002, RBX=0x0000000000000010, RCX=0x00007f1ec1104839, RDX=0x00007f1ed0009b50
RSP=0x00007f1ed0009ae0, RBP=0x00007f1ed0009b10, RSI=0x00007f1ed000a140, RDI=0x00007f1ec11047d0
R8 =0x0000000000000006, R9 =0x00007f1ec1000000, R10=0x0000000000000000, R11=0x00007f1ed6832200
R12=0x00007f1ed000a110, R13=0x00007f1ed000a140, R14=0x00007f1ed0009b50, R15=0x00007f1ed000a000
RIP=0x00007f1ed69463d0, EFLAGS=0x0000000000010246, CSGSFS=0x0000000000000033, ERR=0x0000000000000004
  TRAPNO=0x000000000000000e

Top of Stack: (sp=0x00007f1ed0009ae0)
0x00007f1ed0009ae0:   00007f1ed523d888 00007f1ed000a140
0x00007f1ed0009af0:   00007f1ed000a110 00007f1ed0009b50
0x00007f1ed0009b00:   00007f1ed7f94da0 00007f1ed000a000
0x00007f1ed0009b10:   00007f1ed0009b40 00007f1ed6946707
0x00007f1ed0009b20:   00007f1ed000a110 00007f1ed000a140
0x00007f1ed0009b30:   00007f1ed0009b50 00007f1ed7f94da0
0x00007f1ed0009b40:   00007f1ed000a190 00007f1ed6792bf9
0x00007f1ed0009b50:   0000000000025c68 0000000000000025
0x00007f1ed0009b60:   00007f1ed5874c9c 33fd57f136b57335
0x00007f1ed0009b70:   0000000000000008 0000000000000035
0x00007f1ed0009b80:   00007f1ed0009bb0 00007f1ed0009bd0
0x00007f1ed0009b90:   00007f1ed0008e70 0000000000025c80
0x00007f1ed0009ba0:   0000000000000008 0000000000000025
0x00007f1ed0009bb0:   00007f1ed5874ca7 33fd57f13cb57335
0x00007f1ed0009bc0:   001a00010000042f 0000000000000035
0x00007f1ed0009bd0:   00007f1ed0009c00 00007f1ed0009c20
0x00007f1ed0009be0:   00007f1ed0009b30 0000000000000008
0x00007f1ed0009bf0:   000f0001000004e5 0000000000000025
0x00007f1ed0009c00:   00007f1ed5874cb2 33fd57f12c157335
0x00007f1ed0009c10:   0000000000025cd0 0000000000000035
0x00007f1ed0009c20:   00007f1ed0009c50 0000000000000000
0x00007f1ed0009c30:   0000000000000000 001a00010000042f
0x00007f1ed0009c40:   000000000022b968 0000000000000025
0x00007f1ed0009c50:   00007f1ed5874cbd 33fd57f120357335
0x00007f1ed0009c60:   0000000000000010 0000000000000bd5
0x00007f1ed0009c70:   0000000000000000 0000000000000000
0x00007f1ed0009c80:   0000000000000000 0000000000017381
0x00007f1ed0009c90:   0000000000000004 0000000000008000
0x00007f1ed0009ca0:   0000000000000000 0000000000000000
0x00007f1ed0009cb0:   0000000000000000 0000000000000000
0x00007f1ed0009cc0:   00000000004a00a7 08e0af37584a35f1
0x00007f1ed0009cd0:   0038323932080018 00000000004a000f 

Instructions: (pc=0x00007f1ed69463d0)
0x00007f1ed69463b0:   ec 30 48 8b 7e 10 49 89 d6 48 63 47 2c 48 8d 1c
0x00007f1ed69463c0:   c5 00 00 00 00 48 03 5e 28 80 ba b0 05 00 00 00
0x00007f1ed69463d0:   4c 8b 43 f8 4c 8d 7b f0 75 76 48 8b 43 f0 4c 89
0x00007f1ed69463e0:   c7 49 89 1c 24 49 89 5c 24 28 4d 89 44 24 08 49 

Register to memory mapping:

RAX=
[error occurred during error reporting (printing register info), id 0xb]

Stack: [0x0000000000000069,0x00007f1ec1104839],  sp=0x00007f1ed0009ae0,  free space=136494448678k
Native frames: (J=compiled Java code, j=interpreted, Vv=VM code, C=native code)
V  [libjvm.so+0x5903d0]  frame::sender_for_compiled_frame(RegisterMap*) const+0x40


---------------  P R O C E S S  ---------------

Java Threads: ( => current thread )
  0x00007f1ed00c4000 JavaThread "Service Thread" daemon [_thread_blocked, id=3186, stack(0x00007f1ebd30e000,0x00007f1ebd40f000)]
  0x00007f1ed00b7800 JavaThread "C1 CompilerThread1" daemon [_thread_blocked, id=3185, stack(0x00007f1ebd40f000,0x00007f1ebd510000)]
  0x00007f1ed00b4800 JavaThread "C2 CompilerThread0" daemon [_thread_blocked, id=3184, stack(0x00007f1ebd510000,0x00007f1ebd611000)]
  0x00007f1ed00b3000 JavaThread "Signal Dispatcher" daemon [_thread_blocked, id=3183, stack(0x00007f1ebd611000,0x00007f1ebd712000)]
  0x00007f1ed0080000 JavaThread "Finalizer" daemon [_thread_blocked, id=3182, stack(0x00007f1ebddf6000,0x00007f1ebdef7000)]
  0x00007f1ed007b800 JavaThread "Reference Handler" daemon [_thread_blocked, id=3181, stack(0x00007f1ebdef7000,0x00007f1ebdff8000)]
=>0x00007f1ed000a000 JavaThread "main" [_thread_in_Java, id=3177, stack(0x0000000000000069,0x00007f1ec1104839)]
  0x00007f1ec1104861 
[error occurred during error reporting (printing all threads), id 0xb]

VM state:not at safepoint (normal execution)

VM Mutex/Monitor currently owned by a thread:  ([mutex/lock_event])
[0x00007f1ed00071a0]  - owner thread: 0x00007f1ed00076f8
[0x00007f1ed0007320] JfrBuffer_lock - owner thread: 0x00007f1ed73ec67c
[0x00007f1ed0007420]  - owner thread: 0x0000000000000078
[0x00007f1ed00074a0] àv - owner thread: 0x00007f1ed00080c0

Heap:
 PSYoungGen      total 13824K, used 2097K [0x00000000eab00000, 0x00000000eba00000, 0x0000000100000000)
  eden space 12288K, 17% used [0x00000000eab00000,0x00000000ead0c530,0x00000000eb700000)
  from space 1536K, 0% used [0x00000000eb880000,0x00000000eb880000,0x00000000eba00000)
  to   space 1536K, 0% used [0x00000000eb700000,0x00000000eb700000,0x00000000eb880000)
 ParOldGen       total 31744K, used 0K [0x00000000c0000000, 0x00000000c1f00000, 0x00000000eab00000)
  object space 31744K, 0% used [0x00000000c0000000,0x00000000c0000000,0x00000000c1f00000)
 Metaspace       used 3469K, capacity 4784K, committed 5120K, reserved 1056768K
  class space    used 382K, capacity 424K, committed 512K, reserved 1048576K

Card table byte_map: [0x00007f1ed4a60000,0x00007f1ed4c61000] byte_map_base: 0x00007f1ed4460000

Marking Bits: (ParMarkBitMap*) 0x00007f1ed7377120
 Begin Bits: [0x00007f1ebf000000, 0x00007f1ec0000000)
 End Bits:   [0x00007f1ec0000000, 0x00007f1ec1000000)

Polling page: 0x00007f1ed7fb8000

CodeCache: size=245760Kb used=1287Kb max_used=1287Kb free=244472Kb
 bounds [0x00007f1ec1000000, 0x00007f1ec1270000, 0x00007f1ed0000000]
 total_blobs=356 nmethods=107 adapters=165
 compilation: enabled

Compilation events (10 events):
Event: 1.960 Thread 0x00007f1ed00b7800  102       3       java.lang.Character::toUpperCase (6 bytes)
Event: 1.962 Thread 0x00007f1ed00b7800 nmethod 102 0x00007f1ec113cbd0 code [0x00007f1ec113cd60, 0x00007f1ec113cff8]
Event: 1.962 Thread 0x00007f1ed00b7800  103       3       java.lang.CharacterDataLatin1::toUpperCase (53 bytes)
Event: 1.963 Thread 0x00007f1ed00b7800 nmethod 103 0x00007f1ec113d110 code [0x00007f1ec113d280, 0x00007f1ec113d550]
Event: 1.963 Thread 0x00007f1ed00b7800  104       1       sun.misc.URLClassPath$JarLoader::access$600 (5 bytes)
Event: 1.963 Thread 0x00007f1ed00b7800 nmethod 104 0x00007f1ec113d6d0 code [0x00007f1ec113d820, 0x00007f1ec113d910]
Event: 1.964 Thread 0x00007f1ed00b7800  105       1       java.security.CodeSource::getLocation (5 bytes)
Event: 1.964 Thread 0x00007f1ed00b7800 nmethod 105 0x00007f1ec113d990 code [0x00007f1ec113dae0, 0x00007f1ec113dbf0]
Event: 1.970 Thread 0x00007f1ed00b7800  106   !   3       java.lang.ClassLoader::loadClass (122 bytes)
Event: 1.987 Thread 0x00007f1ed00b7800 nmethod 106 0x00007f1ec113dc50 code [0x00007f1ec113dfc0, 0x00007f1ec11402d8]

GC Heap History (0 events):
No events

Deoptimization events (0 events):
No events

Internal exceptions (2 events):
Event: 0.376 Thread 0x00007f1ed000a000 Exception <a 'java/lang/NoSuchMethodError': Method sun.misc.Unsafe.defineClass(Ljava/lang/String;[BII)Ljava/lang/Class; name or signature does not match> (0x00000000eab07cc0) thrown at [/HUDSON3/workspace/8-2-build-linux-amd64/jdk8u101/7261/hotspot/src/sh
Event: 0.376 Thread 0x00007f1ed000a000 Exception <a 'java/lang/NoSuchMethodError': Method sun.misc.Unsafe.prefetchRead(Ljava/lang/Object;J)V name or signature does not match> (0x00000000eab07fa8) thrown at [/HUDSON3/workspace/8-2-build-linux-amd64/jdk8u101/7261/hotspot/src/share/vm/prims/jni.c

Events (10 events):
Event: 1.966 loading class com/android/dx/rop/cst/CstLiteral32
Event: 1.966 loading class com/android/dx/rop/cst/CstLiteral32 done
Event: 1.967 loading class com/android/dx/rop/cst/CstLiteralBits
Event: 1.967 loading class com/android/dx/rop/cst/CstLiteralBits done
Event: 1.968 loading class com/android/dx/rop/cst/CstFloat
Event: 1.968 loading class com/android/dx/rop/cst/CstFloat done
Event: 1.988 loading class com/android/dx/rop/cst/CstLong
Event: 1.988 loading class com/android/dx/rop/cst/CstLong done
Event: 1.989 loading class com/android/dx/rop/cst/CstLiteral64
Event: 1.989 loading class com/android/dx/rop/cst/CstLiteral64 done


Dynamic libraries:
00400000-00401000 r-xp 00000000 08:01 3279757                            /usr/lib/jvm/java-8-oracle/bin/java
00600000-00601000 rw-p 00000000 08:01 3279757                            /usr/lib/jvm/java-8-oracle/bin/java
00789000-007aa000 rw-p 00000000 00:00 0                                  [heap]
c0000000-c1f00000 rw-p 00000000 00:00 0 
c1f00000-eab00000 ---p 00000000 00:00 0 
eab00000-eba00000 rw-p 00000000 00:00 0 
eba00000-100000000 ---p 00000000 00:00 0 
100000000-100080000 rw-p 00000000 00:00 0 
100080000-140000000 ---p 00000000 00:00 0 
7f1e90000000-7f1e90021000 rw-p 00000000 00:00 0 
7f1e90021000-7f1e94000000 ---p 00000000 00:00 0 
7f1e98000000-7f1e980a7000 rw-p 00000000 00:00 0 
7f1e980a7000-7f1e9c000000 ---p 00000000 00:00 0 
7f1e9c000000-7f1e9c021000 rw-p 00000000 00:00 0 
7f1e9c021000-7f1ea0000000 ---p 00000000 00:00 0 
7f1ea0000000-7f1ea0021000 rw-p 00000000 00:00 0 
7f1ea0021000-7f1ea4000000 ---p 00000000 00:00 0 
7f1ea4000000-7f1ea4046000 rw-p 00000000 00:00 0 
7f1ea4046000-7f1ea8000000 ---p 00000000 00:00 0 
7f1ea8000000-7f1ea8021000 rw-p 00000000 00:00 0 
7f1ea8021000-7f1eac000000 ---p 00000000 00:00 0 
7f1eac000000-7f1eac021000 rw-p 00000000 00:00 0 
7f1eac021000-7f1eb0000000 ---p 00000000 00:00 0 
7f1eb0000000-7f1eb0021000 rw-p 00000000 00:00 0 
7f1eb0021000-7f1eb4000000 ---p 00000000 00:00 0 
7f1eb4000000-7f1eb4021000 rw-p 00000000 00:00 0 
7f1eb4021000-7f1eb8000000 ---p 00000000 00:00 0 
7f1eb8000000-7f1eb8021000 rw-p 00000000 00:00 0 
7f1eb8021000-7f1ebc000000 ---p 00000000 00:00 0 
7f1ebd20d000-7f1ebd20e000 ---p 00000000 00:00 0 
7f1ebd20e000-7f1ebd30e000 rw-p 00000000 00:00 0                          [stack:3187]
7f1ebd30e000-7f1ebd311000 ---p 00000000 00:00 0 
7f1ebd311000-7f1ebd40f000 rw-p 00000000 00:00 0                          [stack:3186]
7f1ebd40f000-7f1ebd412000 ---p 00000000 00:00 0 
7f1ebd412000-7f1ebd510000 rw-p 00000000 00:00 0                          [stack:3185]
7f1ebd510000-7f1ebd513000 ---p 00000000 00:00 0 
7f1ebd513000-7f1ebd611000 rw-p 00000000 00:00 0                          [stack:3184]
7f1ebd611000-7f1ebd614000 ---p 00000000 00:00 0 
7f1ebd614000-7f1ebd712000 rw-p 00000000 00:00 0                          [stack:3183]
7f1ebd712000-7f1ebddf6000 r--p 00000000 08:01 13113697                   /usr/lib/locale/locale-archive
7f1ebddf6000-7f1ebddf9000 ---p 00000000 00:00 0 
7f1ebddf9000-7f1ebdef7000 rw-p 00000000 00:00 0                          [stack:3182]
7f1ebdef7000-7f1ebdefa000 ---p 00000000 00:00 0 
7f1ebdefa000-7f1ebdff8000 rw-p 00000000 00:00 0                          [stack:3181]
7f1ebdff8000-7f1ebdff9000 ---p 00000000 00:00 0 
7f1ebdff9000-7f1ebec80000 rw-p 00000000 00:00 0                          [stack:3180]
7f1ebec80000-7f1ebf000000 ---p 00000000 00:00 0 
7f1ebf000000-7f1ec1000000 rw-p 00000000 00:00 0 
7f1ec1000000-7f1ec1270000 rwxp 00000000 00:00 0 
7f1ec1270000-7f1ed0000000 ---p 00000000 00:00 0 
7f1ed0000000-7f1ed03b5000 rw-p 00000000 00:00 0                          [stack:3177]
7f1ed03b5000-7f1ed4000000 ---p 00000000 00:00 0 
7f1ed4047000-7f1ed42b9000 rw-p 00000000 00:00 0 
7f1ed42b9000-7f1ed4492000 r--s 03d29000 08:01 13118676                   /usr/lib/jvm/java-8-oracle/jre/lib/rt.jar
7f1ed4492000-7f1ed4708000 rw-p 00000000 00:00 0 
7f1ed4708000-7f1ed4709000 ---p 00000000 00:00 0 
7f1ed4709000-7f1ed4809000 rw-p 00000000 00:00 0                          [stack:3179]
7f1ed4809000-7f1ed480a000 ---p 00000000 00:00 0 
7f1ed480a000-7f1ed491a000 rw-p 00000000 00:00 0                          [stack:3178]
7f1ed491a000-7f1ed4a60000 ---p 00000000 00:00 0 
7f1ed4a60000-7f1ed4a70000 rw-p 00000000 00:00 0 
7f1ed4a70000-7f1ed4bb5000 ---p 00000000 00:00 0 
7f1ed4bb5000-7f1ed4bbd000 rw-p 00000000 00:00 0 
7f1ed4bbd000-7f1ed4c60000 ---p 00000000 00:00 0 
7f1ed4c60000-7f1ed4c6b000 rw-p 00000000 00:00 0 
7f1ed4c6b000-7f1ed5021000 ---p 00000000 00:00 0 
7f1ed5021000-7f1ed503b000 r-xp 00000000 08:01 13766358                   /usr/lib/jvm/java-8-oracle/jre/lib/amd64/libzip.so
7f1ed503b000-7f1ed523b000 ---p 0001a000 08:01 13766358                   /usr/lib/jvm/java-8-oracle/jre/lib/amd64/libzip.so
7f1ed523b000-7f1ed523c000 rw-p 0001a000 08:01 13766358                   /usr/lib/jvm/java-8-oracle/jre/lib/amd64/libzip.so
7f1ed523c000-7f1ed5247000 r-xp 00000000 08:01 2621673                    /lib/x86_64-linux-gnu/libnss_files-2.15.so
7f1ed5247000-7f1ed5446000 ---p 0000b000 08:01 2621673                    /lib/x86_64-linux-gnu/libnss_files-2.15.so
7f1ed5446000-7f1ed5447000 r--p 0000a000 08:01 2621673                    /lib/x86_64-linux-gnu/libnss_files-2.15.so
7f1ed5447000-7f1ed5448000 rw-p 0000b000 08:01 2621673                    /lib/x86_64-linux-gnu/libnss_files-2.15.so
7f1ed5448000-7f1ed5452000 r-xp 00000000 08:01 2621658                    /lib/x86_64-linux-gnu/libnss_nis-2.15.so
7f1ed5452000-7f1ed5652000 ---p 0000a000 08:01 2621658                    /lib/x86_64-linux-gnu/libnss_nis-2.15.so
7f1ed5652000-7f1ed5653000 r--p 0000a000 08:01 2621658                    /lib/x86_64-linux-gnu/libnss_nis-2.15.so
7f1ed5653000-7f1ed5654000 rw-p 0000b000 08:01 2621658                    /lib/x86_64-linux-gnu/libnss_nis-2.15.so
7f1ed5654000-7f1ed566b000 r-xp 00000000 08:01 2621667                    /lib/x86_64-linux-gnu/libnsl-2.15.so
7f1ed566b000-7f1ed586a000 ---p 00017000 08:01 2621667                    /lib/x86_64-linux-gnu/libnsl-2.15.so
7f1ed586a000-7f1ed586b000 r--p 00016000 08:01 2621667                    /lib/x86_64-linux-gnu/libnsl-2.15.so
7f1ed586b000-7f1ed586c000 rw-p 00017000 08:01 2621667                    /lib/x86_64-linux-gnu/libnsl-2.15.so
7f1ed586c000-7f1ed586e000 rw-p 00000000 00:00 0 
7f1ed586e000-7f1ed5876000 r-xp 00000000 08:01 2621672                    /lib/x86_64-linux-gnu/libnss_compat-2.15.so
7f1ed5876000-7f1ed5a75000 ---p 00008000 08:01 2621672                    /lib/x86_64-linux-gnu/libnss_compat-2.15.so
7f1ed5a75000-7f1ed5a76000 r--p 00007000 08:01 2621672                    /lib/x86_64-linux-gnu/libnss_compat-2.15.so
7f1ed5a76000-7f1ed5a77000 rw-p 00008000 08:01 2621672                    /lib/x86_64-linux-gnu/libnss_compat-2.15.so
7f1ed5a77000-7f1ed5aa1000 r-xp 00000000 08:01 13766323                   /usr/lib/jvm/java-8-oracle/jre/lib/amd64/libjava.so
7f1ed5aa1000-7f1ed5ca1000 ---p 0002a000 08:01 13766323                   /usr/lib/jvm/java-8-oracle/jre/lib/amd64/libjava.so
7f1ed5ca1000-7f1ed5ca3000 rw-p 0002a000 08:01 13766323                   /usr/lib/jvm/java-8-oracle/jre/lib/amd64/libjava.so
7f1ed5ca3000-7f1ed5cb0000 r-xp 00000000 08:01 13766361                   /usr/lib/jvm/java-8-oracle/jre/lib/amd64/libverify.so
7f1ed5cb0000-7f1ed5eb0000 ---p 0000d000 08:01 13766361                   /usr/lib/jvm/java-8-oracle/jre/lib/amd64/libverify.so
7f1ed5eb0000-7f1ed5eb2000 rw-p 0000d000 08:01 13766361                   /usr/lib/jvm/java-8-oracle/jre/lib/amd64/libverify.so
7f1ed5eb2000-7f1ed5eb9000 r-xp 00000000 08:01 2621660                    /lib/x86_64-linux-gnu/librt-2.15.so
7f1ed5eb9000-7f1ed60b8000 ---p 00007000 08:01 2621660                    /lib/x86_64-linux-gnu/librt-2.15.so
7f1ed60b8000-7f1ed60b9000 r--p 00006000 08:01 2621660                    /lib/x86_64-linux-gnu/librt-2.15.so
7f1ed60b9000-7f1ed60ba000 rw-p 00007000 08:01 2621660                    /lib/x86_64-linux-gnu/librt-2.15.so
7f1ed60ba000-7f1ed61b5000 r-xp 00000000 08:01 2621674                    /lib/x86_64-linux-gnu/libm-2.15.so
7f1ed61b5000-7f1ed63b4000 ---p 000fb000 08:01 2621674                    /lib/x86_64-linux-gnu/libm-2.15.so
7f1ed63b4000-7f1ed63b5000 r--p 000fa000 08:01 2621674                    /lib/x86_64-linux-gnu/libm-2.15.so
7f1ed63b5000-7f1ed63b6000 rw-p 000fb000 08:01 2621674                    /lib/x86_64-linux-gnu/libm-2.15.so
7f1ed63b6000-7f1ed7081000 r-xp 00000000 08:01 13894575                   /usr/lib/jvm/java-8-oracle/jre/lib/amd64/server/libjvm.so
7f1ed7081000-7f1ed7280000 ---p 00ccb000 08:01 13894575                   /usr/lib/jvm/java-8-oracle/jre/lib/amd64/server/libjvm.so
7f1ed7280000-7f1ed7359000 rw-p 00cca000 08:01 13894575                   /usr/lib/jvm/java-8-oracle/jre/lib/amd64/server/libjvm.so
7f1ed7359000-7f1ed73a4000 rw-p 00000000 00:00 0 
7f1ed73a4000-7f1ed7558000 r-xp 00000000 08:01 2621665                    /lib/x86_64-linux-gnu/libc-2.15.so
7f1ed7558000-7f1ed7757000 ---p 001b4000 08:01 2621665                    /lib/x86_64-linux-gnu/libc-2.15.so
7f1ed7757000-7f1ed775b000 r--p 001b3000 08:01 2621665                    /lib/x86_64-linux-gnu/libc-2.15.so
7f1ed775b000-7f1ed775d000 rw-p 001b7000 08:01 2621665                    /lib/x86_64-linux-gnu/libc-2.15.so
7f1ed775d000-7f1ed7762000 rw-p 00000000 00:00 0 
7f1ed7762000-7f1ed7764000 r-xp 00000000 08:01 2621657                    /lib/x86_64-linux-gnu/libdl-2.15.so
7f1ed7764000-7f1ed7964000 ---p 00002000 08:01 2621657                    /lib/x86_64-linux-gnu/libdl-2.15.so
7f1ed7964000-7f1ed7965000 r--p 00002000 08:01 2621657                    /lib/x86_64-linux-gnu/libdl-2.15.so
7f1ed7965000-7f1ed7966000 rw-p 00003000 08:01 2621657                    /lib/x86_64-linux-gnu/libdl-2.15.so
7f1ed7966000-7f1ed797b000 r-xp 00000000 08:01 2627921                    /usr/lib/jvm/java-8-oracle/lib/amd64/jli/libjli.so
7f1ed797b000-7f1ed7b7b000 ---p 00015000 08:01 2627921                    /usr/lib/jvm/java-8-oracle/lib/amd64/jli/libjli.so
7f1ed7b7b000-7f1ed7b7c000 rw-p 00015000 08:01 2627921                    /usr/lib/jvm/java-8-oracle/lib/amd64/jli/libjli.so
7f1ed7b7c000-7f1ed7b94000 r-xp 00000000 08:01 2621668                    /lib/x86_64-linux-gnu/libpthread-2.15.so
7f1ed7b94000-7f1ed7d93000 ---p 00018000 08:01 2621668                    /lib/x86_64-linux-gnu/libpthread-2.15.so
7f1ed7d93000-7f1ed7d94000 r--p 00017000 08:01 2621668                    /lib/x86_64-linux-gnu/libpthread-2.15.so
7f1ed7d94000-7f1ed7d95000 rw-p 00018000 08:01 2621668                    /lib/x86_64-linux-gnu/libpthread-2.15.so
7f1ed7d95000-7f1ed7d99000 rw-p 00000000 00:00 0 
7f1ed7d99000-7f1ed7dbb000 r-xp 00000000 08:01 2621671                    /lib/x86_64-linux-gnu/ld-2.15.so
7f1ed7dc0000-7f1ed7dc1000 rw-p 00000000 00:00 0 
7f1ed7dc1000-7f1ed7dc2000 r--s 00000000 08:01 11403547                   /home/lin/other/AndroidProjects/Radio/app/build/intermediates/incremental-classes/debug/instant-run-bootstrap.jar
7f1ed7dc2000-7f1ed7e9b000 rw-p 00000000 00:00 0 
7f1ed7e9b000-7f1ed7e9e000 ---p 00000000 00:00 0 
7f1ed7e9e000-7f1ed7fa0000 rw-p 00000000 00:00 0 
7f1ed7fa0000-7f1ed7faf000 r--s 000df000 08:01 11274850                   /root/Android/Sdk/build-tools/23.0.3/lib/dx.jar
7f1ed7faf000-7f1ed7fb7000 rw-s 00000000 08:01 4849833                    /tmp/hsperfdata_root/3172
7f1ed7fb7000-7f1ed7fb8000 rw-p 00000000 00:00 0 
7f1ed7fb8000-7f1ed7fb9000 r--p 00000000 00:00 0 
7f1ed7fb9000-7f1ed7fbb000 rw-p 00000000 00:00 0 
7f1ed7fbb000-7f1ed7fbc000 r--p 00022000 08:01 2621671                    /lib/x86_64-linux-gnu/ld-2.15.so
7f1ed7fbc000-7f1ed7fbe000 rw-p 00023000 08:01 2621671                    /lib/x86_64-linux-gnu/ld-2.15.so
7ffd3cb58000-7ffd3cb79000 rw-p 00000000 00:00 0                          [stack]
7ffd3cb89000-7ffd3cb8b000 r-xp 00000000 00:00 0                          [vdso]
ffffffffff600000-ffffffffff601000 r-xp 00000000 00:00 0                  [vsyscall]

VM Arguments:
jvm_args: -Djava.awt.headless=true -Xmx1024M -Dfile.encoding=UTF-8 -Duser.country=US -Duser.language=en -Duser.variant 
java_command: com.android.dx.command.Main --dex --force-jumbo --num-threads=4 --output /home/lin/other/AndroidProjects/Radio/app/build/intermediates/pre-dexed/debug/instant-run-bootstrap_0fbd5d6d200fad2110c59cba8f7f390093e89af1.jar /home/lin/other/AndroidProjects/Radio/app/build/intermediates/incremental-classes/debug/instant-run-bootstrap.jar
java_class_path (initial): /root/Android/Sdk/build-tools/23.0.3/lib/dx.jar
Launcher Type: SUN_STANDARD

Environment Variables:
PATH=/usr/local/sbin:/usr/local/bin:/usr/sbin:/usr/bin:/sbin:/bin
USERNAME=root
LD_LIBRARY_PATH=/opt/android-studio/bin:
SHELL=/bin/bash
DISPLAY=:0.0

Signal Handlers:
SIGSEGV: [libjvm.so+0xac4790], sa_mask[0]=11111111011111111101111111111110, sa_flags=SA_RESTART|SA_SIGINFO
SIGBUS: [libjvm.so+0xac4790], sa_mask[0]=11111111011111111101111111111110, sa_flags=SA_RESTART|SA_SIGINFO
SIGFPE: [libjvm.so+0x91f140], sa_mask[0]=11111111011111111101111111111110, sa_flags=SA_RESTART|SA_SIGINFO
SIGPIPE: [libjvm.so+0x91f140], sa_mask[0]=11111111011111111101111111111110, sa_flags=SA_RESTART|SA_SIGINFO
SIGXFSZ: [libjvm.so+0x91f140], sa_mask[0]=11111111011111111101111111111110, sa_flags=SA_RESTART|SA_SIGINFO
SIGILL: [libjvm.so+0x91f140], sa_mask[0]=11111111011111111101111111111110, sa_flags=SA_RESTART|SA_SIGINFO
SIGUSR1: SIG_DFL, sa_mask[0]=00000000000000000000000000000000, sa_flags=none
SIGUSR2: [libjvm.so+0x920770], sa_mask[0]=00100000000000000000000000000000, sa_flags=SA_RESTART|SA_SIGINFO
SIGHUP: [libjvm.so+0x921b70], sa_mask[0]=11111111011111111101111111111110, sa_flags=SA_RESTART|SA_SIGINFO
SIGINT: [libjvm.so+0x921b70], sa_mask[0]=11111111011111111101111111111110, sa_flags=SA_RESTART|SA_SIGINFO
SIGTERM: [libjvm.so+0x921b70], sa_mask[0]=11111111011111111101111111111110, sa_flags=SA_RESTART|SA_SIGINFO
SIGQUIT: [libjvm.so+0x921b70], sa_mask[0]=11111111011111111101111111111110, sa_flags=SA_RESTART|SA_SIGINFO


---------------  S Y S T E M  ---------------

OS:DISTRIB_ID=Ubuntu
DISTRIB_RELEASE=12.04
DISTRIB_CODENAME=precise
DISTRIB_DESCRIPTION="Ubuntu 12.04.5 LTS"

uname:Linux 3.13.0-95-generic #142~precise1-Ubuntu SMP Fri Aug 12 18:20:15 UTC 2016 x86_64
libc:glibc 2.15 NPTL 2.15 
rlimit: STACK 8192k, CORE 0k, NPROC 22873, NOFILE 4096, AS infinity
load average:6.60 3.71 1.89

/proc/meminfo:
MemTotal:        2948840 kB
MemFree:          163436 kB
Buffers:           39888 kB
Cached:           731504 kB
SwapCached:            0 kB
Active:          1990520 kB
Inactive:         631908 kB
Active(anon):    1655696 kB
Inactive(anon):   308856 kB
Active(file):     334824 kB
Inactive(file):   323052 kB
Unevictable:           0 kB
Mlocked:               0 kB
SwapTotal:       3008508 kB
SwapFree:        3008416 kB
Dirty:              4696 kB
Writeback:             0 kB
AnonPages:       1850944 kB
Mapped:           189376 kB
Shmem:            113516 kB
Slab:              80920 kB
SReclaimable:      56120 kB
SUnreclaim:        24800 kB
KernelStack:        4296 kB
PageTables:        30564 kB
NFS_Unstable:          0 kB
Bounce:                0 kB
WritebackTmp:          0 kB
CommitLimit:     4482928 kB
Committed_AS:    4489864 kB
VmallocTotal:   34359738367 kB
VmallocUsed:      346432 kB
VmallocChunk:   34359385180 kB
HardwareCorrupted:     0 kB
AnonHugePages:    747520 kB
HugePages_Total:       0
HugePages_Free:        0
HugePages_Rsvd:        0
HugePages_Surp:        0
Hugepagesize:       2048 kB
DirectMap4k:       57732 kB
DirectMap2M:     2953216 kB


CPU:total 2 (2 cores per cpu, 1 threads per core) family 6 model 15 stepping 13, cmov, cx8, fxsr, mmx, sse, sse2, sse3, ssse3, tsc

/proc/cpuinfo:
processor	: 0
vendor_id	: GenuineIntel
cpu family	: 6
model		: 15
model name	: Genuine Intel(R) CPU           T1600  @ 1.66GHz
stepping	: 13
microcode	: 0xa3
cpu MHz		: 1662.464
cache size	: 1024 KB
physical id	: 0
siblings	: 2
core id		: 0
cpu cores	: 2
apicid		: 0
initial apicid	: 0
fpu		: yes
fpu_exception	: yes
cpuid level	: 10
wp		: yes
flags		: fpu vme de pse tsc msr pae mce cx8 apic sep mtrr pge mca cmov pat pse36 clflush dts acpi mmx fxsr sse sse2 ss ht tm pbe syscall nx lm constant_tsc arch_perfmon pebs bts rep_good nopl aperfmperf pni dtes64 monitor ds_cpl tm2 ssse3 cx16 xtpr pdcm lahf_lm dtherm
bogomips	: 3324.92
clflush size	: 64
cache_alignment	: 64
address sizes	: 36 bits physical, 48 bits virtual
power management:

processor	: 1
vendor_id	: GenuineIntel
cpu family	: 6
model		: 15
model name	: Genuine Intel(R) CPU           T1600  @ 1.66GHz
stepping	: 13
microcode	: 0xa3
cpu MHz		: 1662.464
cache size	: 1024 KB
physical id	: 0
siblings	: 2
core id		: 1
cpu cores	: 2
apicid		: 1
initial apicid	: 1
fpu		: yes
fpu_exception	: yes
cpuid level	: 10
wp		: yes
flags		: fpu vme de pse tsc msr pae mce cx8 apic sep mtrr pge mca cmov pat pse36 clflush dts acpi mmx fxsr sse sse2 ss ht tm pbe syscall nx lm constant_tsc arch_perfmon pebs bts rep_good nopl aperfmperf pni dtes64 monitor ds_cpl tm2 ssse3 cx16 xtpr pdcm lahf_lm dtherm
bogomips	: 3324.92
clflush size	: 64
cache_alignment	: 64
address sizes	: 36 bits physical, 48 bits virtual
power management:



Memory: 4k page, physical 2948840k(163436k free), swap 3008508k(3008416k free)

vm_info: Java HotSpot(TM) 64-Bit Server VM (25.101-b13) for linux-amd64 JRE (1.8.0_101-b13), built on Jun 22 2016 02:59:44 by "java_re" with gcc 4.3.0 20080428 (Red Hat 4.3.0-8)

time: Tue Aug 30 15:19:57 2016
elapsed time: 2 seconds (0d 0h 0m 2s)

