#
# A fatal error has been detected by the Java Runtime Environment:
#
#  SIGSEGV (0xb) at pc=0x00007f44707049da, pid=17540, tid=0x00007f44866cb700
#
# JRE version: Java(TM) SE Runtime Environment (8.0_101-b13) (build 1.8.0_101-b13)
# Java VM: Java HotSpot(TM) 64-Bit Server VM (25.101-b13 mixed mode linux-amd64 compressed oops)
# Problematic frame:
# 
[error occurred during error reporting (printing problematic frame), id 0xb]

# Failed to write core dump. Core dumps have been disabled. To enable core dumping, try "ulimit -c unlimited" before starting Java again
#
# If you would like to submit a bug report, please visit:
#   http://bugreport.java.com/bugreport/crash.jsp
#

---------------  T H R E A D  ---------------

Current thread (0x00007f448000a000):  JavaThread "main" [_thread_in_Java, id=17544, stack(0x00007f44865cb000,0x00007f44866cc000)]

siginfo: si_signo: 11 (SIGSEGV), si_code: 128 (SI_KERNEL), si_addr: 0x0000000000000000

Registers:
RAX=0x00000000eab4cfe8, RBX=0x00007f446d479d48, RCX=0x00000000eab66ef0, RDX=0x0000000080500001
RSP=0x00007f44866c621c, RBP=0x705b1d8000007f44, RSI=0x00000000eab66ef0, RDI=0x00007f448000a000
R8 =0x0000000000000000, R9 =0x0000000000000012, R10=0x00007f4485aa9ca0, R11=0x00007f44707049c0
R12=0x0000000000000000, R13=0x00007f44866c6230, R14=0x00007f44866c62a0, R15=0x00007f448000a000
RIP=0x00007f44707049da, EFLAGS=0x0000000000010246, CSGSFS=0x0000000000000033, ERR=0x0000000000000000
  TRAPNO=0x000000000000000d

Top of Stack: (sp=0x00007f44866c621c)
0x00007f44866c621c:   866c627800007f44 705b1d8000007f44
0x00007f44866c622c:   eab66ef000007f44 866c623800000000
0x00007f44866c623c:   6d3fc08300007f44 866c62a000007f44
0x00007f44866c624c:   6d4938b000007f44 0000000000007f44
0x00007f44866c625c:   6d3fc09800000000 866c623000007f44
0x00007f44866c626c:   866c629800007f44 866c62e800007f44
0x00007f44866c627c:   705b1d8000007f44 0000000000007f44
0x00007f44866c628c:   eab66ef000000000 eab68e9000000000
0x00007f44866c629c:   eab4d04000000000 866c62a800000000
0x00007f44866c62ac:   6d3fc1dc00007f44 866c633000007f44
0x00007f44866c62bc:   6d4938b000007f44 0000000000007f44
0x00007f44866c62cc:   6d3fc21000000000 866c629800007f44
0x00007f44866c62dc:   866c630800007f44 866c637800007f44
0x00007f44866c62ec:   705b1d8000007f44 0000000000007f44
0x00007f44866c62fc:   0000000000000000 eab68e9000000000
0x00007f44866c630c:   0000168300000000 0000000000000000
0x00007f44866c631c:   eb2b126800000000 eb2ad64000000000
0x00007f44866c632c:   eab4d04000000000 866c633800000000
0x00007f44866c633c:   6d40ca4c00007f44 866c63b000007f44
0x00007f44866c634c:   6d55fc0000007f44 0000000000007f44
0x00007f44866c635c:   6d40ca5800000000 866c630800007f44
0x00007f44866c636c:   866c638800007f44 866c63f800007f44
0x00007f44866c637c:   705b1d8000007f44 eb2b290000007f44
0x00007f44866c638c:   0000168300000000 0000000000000000
0x00007f44866c639c:   eb2b126800000000 eb2ad64000000000
0x00007f44866c63ac:   eab4d04000000000 866c63b800000000
0x00007f44866c63bc:   6d47021200007f44 866c645800007f44
0x00007f44866c63cc:   6d55ff4800007f44 0000000000007f44
0x00007f44866c63dc:   6d47023800000000 866c638800007f44
0x00007f44866c63ec:   866c644800007f44 866c64a000007f44
0x00007f44866c63fc:   705b1d8000007f44 eb2b290000007f44
0x00007f44866c640c:   0000000000000000 eb2b126800000000 

Instructions: (pc=0x00007f44707049da)
0x00007f44707049ba:   00 00 66 66 66 90 89 84 24 00 c0 fe ff 55 48 83
0x00007f44707049ca:   ec 30 8b 46 0c 48 83 c4 34 5d 85 05 26 37 fe 15
0x00007f44707049da:   c3 90 90 49 8b 87 a8 02 04 00 49 ba 00 00 00 00
0x00007f44707049ea:   00 00 00 00 4d 89 97 a8 02 00 00 49 ba 00 00 00 

Register to memory mapping:

RAX=0x00000000eab4cfe8 is an oop
java.net.URL 
 - klass: 'java/net/URL'
RBX={method} {0x00007f446d479d48} 'getLocation' '()Ljava/net/URL;' in 'java/security/CodeSource'
RCX=0x00000000eab66ef0 is an oop
java.security.CodeSource 
 - klass: 'java/security/CodeSource'
RDX=0x0000000080500001 is an unknown value
RSP=0x00007f44866c621c is pointing into the stack for thread: 0x00007f448000a000
RBP=0x705b1d8000007f44 is an unknown value
RSI=0x00000000eab66ef0 is an oop
java.security.CodeSource 
 - klass: 'java/security/CodeSource'
RDI=0x00007f448000a000 is a thread
R8 =0x0000000000000000 is an unknown value
R9 =0x0000000000000012 is an unknown value
R10=0x00007f4485aa9ca0: <offset 0xfc3ca0> in /usr/lib/jvm/java-8-oracle/jre/lib/amd64/server/libjvm.so at 0x00007f4484ae6000
R11=0x00007f44707049c0 is at entry_point+-262112 in (nmethod*)0x00007f4470704850

[error occurred during error reporting (printing register info), id 0xb]

Stack: [0x00007f44865cb000,0x00007f44866cc000],  sp=0x00007f44866c621c,  free space=1004k
Native frames: (J=compiled Java code, j=interpreted, Vv=VM code, C=native code)

[error occurred during error reporting (printing native stack), id 0xb]


---------------  P R O C E S S  ---------------

Java Threads: ( => current thread )
  0x00007f44800ba000 JavaThread "Service Thread" daemon [_thread_blocked, id=17554, stack(0x00007f446c167000,0x00007f446c268000)]
  0x00007f44800b7800 JavaThread "C1 CompilerThread1" daemon [_thread_blocked, id=17553, stack(0x00007f446c268000,0x00007f446c369000)]
  0x00007f44800b4800 JavaThread "C2 CompilerThread0" daemon [_thread_in_native, id=17552, stack(0x00007f446c369000,0x00007f446c46a000)]
  0x00007f44800b3000 JavaThread "Signal Dispatcher" daemon [_thread_blocked, id=17551, stack(0x00007f446c46a000,0x00007f446c56b000)]
  0x00007f4480080000 JavaThread "Finalizer" daemon [_thread_blocked, id=17550, stack(0x00007f446c56b000,0x00007f446c66c000)]
  0x00007f448007b800 JavaThread "Reference Handler" daemon [_thread_blocked, id=17549, stack(0x00007f446c66c000,0x00007f446c76d000)]
=>0x00007f448000a000 JavaThread "main" [_thread_in_Java, id=17544, stack(0x00007f44865cb000,0x00007f44866cc000)]

Other Threads:
  0x00007f4480073800 VMThread [stack: 0x00007f446c76d000,0x00007f446c86e000] [id=17548]
  0x00007f44800bd800 WatcherThread [stack: 0x00007f446c066000,0x00007f446c167000] [id=17555]

VM state:not at safepoint (normal execution)

VM Mutex/Monitor currently owned by a thread: None

Heap:
 PSYoungGen      total 13824K, used 7995K [0x00000000eab00000, 0x00000000eba00000, 0x0000000100000000)
  eden space 12288K, 65% used [0x00000000eab00000,0x00000000eb2cef10,0x00000000eb700000)
  from space 1536K, 0% used [0x00000000eb880000,0x00000000eb880000,0x00000000eba00000)
  to   space 1536K, 0% used [0x00000000eb700000,0x00000000eb700000,0x00000000eb880000)
 ParOldGen       total 31744K, used 0K [0x00000000c0000000, 0x00000000c1f00000, 0x00000000eab00000)
  object space 31744K, 0% used [0x00000000c0000000,0x00000000c0000000,0x00000000c1f00000)
 Metaspace       used 3562K, capacity 4784K, committed 5120K, reserved 1056768K
  class space    used 385K, capacity 424K, committed 512K, reserved 1048576K

Card table byte_map: [0x00007f446ffe9000,0x00007f44701ea000] byte_map_base: 0x00007f446f9e9000

Marking Bits: (ParMarkBitMap*) 0x00007f4485aa7120
 Begin Bits: [0x00007f446dde7000, 0x00007f446ede7000)
 End Bits:   [0x00007f446ede7000, 0x00007f446fde7000)

Polling page: 0x00007f44866e8000

CodeCache: size=245760Kb used=1386Kb max_used=1386Kb free=244373Kb
 bounds [0x00007f44705aa000, 0x00007f447081a000, 0x00007f447f5aa000]
 total_blobs=404 nmethods=155 adapters=165
 compilation: enabled

Compilation events (10 events):
Event: 1.900 Thread 0x00007f44800b7800  157       3       java.lang.Character::toLowerCase (6 bytes)
Event: 1.901 Thread 0x00007f44800b7800 nmethod 157 0x00007f4470701c90 code [0x00007f4470701e20, 0x00007f44707020b8]
Event: 1.902 Thread 0x00007f44800b7800  158       3       java.lang.Character::toUpperCase (6 bytes)
Event: 1.903 Thread 0x00007f44800b7800 nmethod 158 0x00007f4470701750 code [0x00007f44707018e0, 0x00007f4470701b78]
Event: 1.903 Thread 0x00007f44800b7800  159       3       java.lang.CharacterDataLatin1::toUpperCase (53 bytes)
Event: 1.903 Thread 0x00007f44800b7800 nmethod 159 0x00007f4470701190 code [0x00007f4470701300, 0x00007f44707015d0]
Event: 1.911 Thread 0x00007f44800b7800  160       1       sun.misc.URLClassPath$JarLoader::access$600 (5 bytes)
Event: 1.911 Thread 0x00007f44800b7800 nmethod 160 0x00007f4470700e50 code [0x00007f4470700fa0, 0x00007f4470701090]
Event: 1.912 Thread 0x00007f44800b7800  161       1       java.security.CodeSource::getLocation (5 bytes)
Event: 1.912 Thread 0x00007f44800b7800 nmethod 161 0x00007f4470704850 code [0x00007f44707049a0, 0x00007f4470704ab0]

GC Heap History (0 events):
No events

Deoptimization events (0 events):
No events

Internal exceptions (3 events):
Event: 0.481 Thread 0x00007f448000a000 Exception <a 'java/lang/NoSuchMethodError': Method sun.misc.Unsafe.defineClass(Ljava/lang/String;[BII)Ljava/lang/Class; name or signature does not match> (0x00000000eab07cc0) thrown at [/HUDSON3/workspace/8-2-build-linux-amd64/jdk8u101/7261/hotspot/src/sh
Event: 0.482 Thread 0x00007f448000a000 Exception <a 'java/lang/NoSuchMethodError': Method sun.misc.Unsafe.prefetchRead(Ljava/lang/Object;J)V name or signature does not match> (0x00000000eab07fa8) thrown at [/HUDSON3/workspace/8-2-build-linux-amd64/jdk8u101/7261/hotspot/src/share/vm/prims/jni.c
Event: 1.921 Thread 0x00007f448000a000 Implicit null exception at 0x00007f44707049da to 0x0000000000000000

Events (10 events):
Event: 1.825 loading class java/lang/IndexOutOfBoundsException
Event: 1.825 loading class java/lang/IndexOutOfBoundsException done
Event: 1.825 loading class com/android/dx/cf/iface/Attribute
Event: 1.825 loading class com/android/dx/cf/iface/Attribute done
Event: 1.826 loading class com/android/dx/cf/code/BytecodeArray$Visitor
Event: 1.826 loading class com/android/dx/cf/code/BytecodeArray$Visitor done
Event: 1.842 loading class com/android/dx/cf/cst/ConstantPoolParser
Event: 1.842 loading class com/android/dx/cf/cst/ConstantPoolParser done
Event: 1.892 loading class com/android/dx/rop/cst/CstString
Event: 1.892 loading class com/android/dx/rop/cst/CstString done


Dynamic libraries:
00400000-00401000 r-xp 00000000 08:01 3279757                            /usr/lib/jvm/java-8-oracle/bin/java
00600000-00601000 rw-p 00000000 08:01 3279757                            /usr/lib/jvm/java-8-oracle/bin/java
01294000-012b5000 rw-p 00000000 00:00 0                                  [heap]
c0000000-c1f00000 rw-p 00000000 00:00 0 
c1f00000-eab00000 ---p 00000000 00:00 0 
eab00000-eba00000 rw-p 00000000 00:00 0 
eba00000-100000000 ---p 00000000 00:00 0 
100000000-100080000 rw-p 00000000 00:00 0 
100080000-140000000 ---p 00000000 00:00 0 
7f443c000000-7f443c021000 rw-p 00000000 00:00 0 
7f443c021000-7f4440000000 ---p 00000000 00:00 0 
7f4444000000-7f4444195000 rw-p 00000000 00:00 0 
7f4444195000-7f4448000000 ---p 00000000 00:00 0 
7f4448000000-7f4448021000 rw-p 00000000 00:00 0 
7f4448021000-7f444c000000 ---p 00000000 00:00 0 
7f444c000000-7f444c021000 rw-p 00000000 00:00 0 
7f444c021000-7f4450000000 ---p 00000000 00:00 0 
7f4450000000-7f4450076000 rw-p 00000000 00:00 0 
7f4450076000-7f4454000000 ---p 00000000 00:00 0 
7f4454000000-7f4454021000 rw-p 00000000 00:00 0 
7f4454021000-7f4458000000 ---p 00000000 00:00 0 
7f4458000000-7f4458021000 rw-p 00000000 00:00 0 
7f4458021000-7f445c000000 ---p 00000000 00:00 0 
7f445f91c000-7f4460000000 r--p 00000000 08:01 13113697                   /usr/lib/locale/locale-archive
7f4460000000-7f4460021000 rw-p 00000000 00:00 0 
7f4460021000-7f4464000000 ---p 00000000 00:00 0 
7f4464000000-7f4464021000 rw-p 00000000 00:00 0 
7f4464021000-7f4468000000 ---p 00000000 00:00 0 
7f4468000000-7f4468021000 rw-p 00000000 00:00 0 
7f4468021000-7f446c000000 ---p 00000000 00:00 0 
7f446c05c000-7f446c066000 r--s 00046000 08:01 10496545                   /home/lin/other/AndroidProjects/Radio/app/build/intermediates/exploded-aar/com.android.support/support-v4/23.4.0/jars/libs/internal_impl-23.4.0.jar
7f446c066000-7f446c067000 ---p 00000000 00:00 0 
7f446c067000-7f446c167000 rw-p 00000000 00:00 0                          [stack:17555]
7f446c167000-7f446c16a000 ---p 00000000 00:00 0 
7f446c16a000-7f446c268000 rw-p 00000000 00:00 0                          [stack:17554]
7f446c268000-7f446c26b000 ---p 00000000 00:00 0 
7f446c26b000-7f446c369000 rw-p 00000000 00:00 0                          [stack:17553]
7f446c369000-7f446c36c000 ---p 00000000 00:00 0 
7f446c36c000-7f446c46a000 rw-p 00000000 00:00 0                          [stack:17552]
7f446c46a000-7f446c46d000 ---p 00000000 00:00 0 
7f446c46d000-7f446c56b000 rw-p 00000000 00:00 0                          [stack:17551]
7f446c56b000-7f446c56e000 ---p 00000000 00:00 0 
7f446c56e000-7f446c66c000 rw-p 00000000 00:00 0                          [stack:17550]
7f446c66c000-7f446c66f000 ---p 00000000 00:00 0 
7f446c66f000-7f446c76d000 rw-p 00000000 00:00 0                          [stack:17549]
7f446c76d000-7f446c76e000 ---p 00000000 00:00 0 
7f446c76e000-7f446d198000 rw-p 00000000 00:00 0                          [stack:17548]
7f446d198000-7f446d371000 r--s 03d29000 08:01 13118676                   /usr/lib/jvm/java-8-oracle/jre/lib/rt.jar
7f446d371000-7f446d867000 rw-p 00000000 00:00 0 
7f446d867000-7f446dbe7000 ---p 00000000 00:00 0 
7f446dbe7000-7f446fde7000 rw-p 00000000 00:00 0 
7f446fde7000-7f446fde8000 ---p 00000000 00:00 0 
7f446fde8000-7f446fee8000 rw-p 00000000 00:00 0                          [stack:17547]
7f446fee8000-7f446fee9000 ---p 00000000 00:00 0 
7f446fee9000-7f446fff9000 rw-p 00000000 00:00 0                          [stack:17546]
7f446fff9000-7f447013e000 ---p 00000000 00:00 0 
7f447013e000-7f4470146000 rw-p 00000000 00:00 0 
7f4470146000-7f44701e9000 ---p 00000000 00:00 0 
7f44701e9000-7f44701f4000 rw-p 00000000 00:00 0 
7f44701f4000-7f44705aa000 ---p 00000000 00:00 0 
7f44705aa000-7f447081a000 rwxp 00000000 00:00 0 
7f447081a000-7f447f5aa000 ---p 00000000 00:00 0 
7f447f5aa000-7f447f5c4000 r-xp 00000000 08:01 13766358                   /usr/lib/jvm/java-8-oracle/jre/lib/amd64/libzip.so
7f447f5c4000-7f447f7c4000 ---p 0001a000 08:01 13766358                   /usr/lib/jvm/java-8-oracle/jre/lib/amd64/libzip.so
7f447f7c4000-7f447f7c5000 rw-p 0001a000 08:01 13766358                   /usr/lib/jvm/java-8-oracle/jre/lib/amd64/libzip.so
7f447f7c5000-7f447f7d0000 r-xp 00000000 08:01 2621673                    /lib/x86_64-linux-gnu/libnss_files-2.15.so
7f447f7d0000-7f447f9cf000 ---p 0000b000 08:01 2621673                    /lib/x86_64-linux-gnu/libnss_files-2.15.so
7f447f9cf000-7f447f9d0000 r--p 0000a000 08:01 2621673                    /lib/x86_64-linux-gnu/libnss_files-2.15.so
7f447f9d0000-7f447f9d1000 rw-p 0000b000 08:01 2621673                    /lib/x86_64-linux-gnu/libnss_files-2.15.so
7f447f9d1000-7f447f9db000 r-xp 00000000 08:01 2621658                    /lib/x86_64-linux-gnu/libnss_nis-2.15.so
7f447f9db000-7f447fbdb000 ---p 0000a000 08:01 2621658                    /lib/x86_64-linux-gnu/libnss_nis-2.15.so
7f447fbdb000-7f447fbdc000 r--p 0000a000 08:01 2621658                    /lib/x86_64-linux-gnu/libnss_nis-2.15.so
7f447fbdc000-7f447fbdd000 rw-p 0000b000 08:01 2621658                    /lib/x86_64-linux-gnu/libnss_nis-2.15.so
7f447fbdd000-7f447fbf4000 r-xp 00000000 08:01 2621667                    /lib/x86_64-linux-gnu/libnsl-2.15.so
7f447fbf4000-7f447fdf3000 ---p 00017000 08:01 2621667                    /lib/x86_64-linux-gnu/libnsl-2.15.so
7f447fdf3000-7f447fdf4000 r--p 00016000 08:01 2621667                    /lib/x86_64-linux-gnu/libnsl-2.15.so
7f447fdf4000-7f447fdf5000 rw-p 00017000 08:01 2621667                    /lib/x86_64-linux-gnu/libnsl-2.15.so
7f447fdf5000-7f447fdf7000 rw-p 00000000 00:00 0 
7f447fdf7000-7f447fdff000 r-xp 00000000 08:01 2621672                    /lib/x86_64-linux-gnu/libnss_compat-2.15.so
7f447fdff000-7f447fffe000 ---p 00008000 08:01 2621672                    /lib/x86_64-linux-gnu/libnss_compat-2.15.so
7f447fffe000-7f447ffff000 r--p 00007000 08:01 2621672                    /lib/x86_64-linux-gnu/libnss_compat-2.15.so
7f447ffff000-7f4480000000 rw-p 00008000 08:01 2621672                    /lib/x86_64-linux-gnu/libnss_compat-2.15.so
7f4480000000-7f448038f000 rw-p 00000000 00:00 0 
7f448038f000-7f4484000000 ---p 00000000 00:00 0 
7f4484002000-7f4484061000 rw-p 00000000 00:00 0 
7f4484061000-7f44841a7000 ---p 00000000 00:00 0 
7f44841a7000-7f44841d1000 r-xp 00000000 08:01 13766323                   /usr/lib/jvm/java-8-oracle/jre/lib/amd64/libjava.so
7f44841d1000-7f44843d1000 ---p 0002a000 08:01 13766323                   /usr/lib/jvm/java-8-oracle/jre/lib/amd64/libjava.so
7f44843d1000-7f44843d3000 rw-p 0002a000 08:01 13766323                   /usr/lib/jvm/java-8-oracle/jre/lib/amd64/libjava.so
7f44843d3000-7f44843e0000 r-xp 00000000 08:01 13766361                   /usr/lib/jvm/java-8-oracle/jre/lib/amd64/libverify.so
7f44843e0000-7f44845e0000 ---p 0000d000 08:01 13766361                   /usr/lib/jvm/java-8-oracle/jre/lib/amd64/libverify.so
7f44845e0000-7f44845e2000 rw-p 0000d000 08:01 13766361                   /usr/lib/jvm/java-8-oracle/jre/lib/amd64/libverify.so
7f44845e2000-7f44845e9000 r-xp 00000000 08:01 2621660                    /lib/x86_64-linux-gnu/librt-2.15.so
7f44845e9000-7f44847e8000 ---p 00007000 08:01 2621660                    /lib/x86_64-linux-gnu/librt-2.15.so
7f44847e8000-7f44847e9000 r--p 00006000 08:01 2621660                    /lib/x86_64-linux-gnu/librt-2.15.so
7f44847e9000-7f44847ea000 rw-p 00007000 08:01 2621660                    /lib/x86_64-linux-gnu/librt-2.15.so
7f44847ea000-7f44848e5000 r-xp 00000000 08:01 2621674                    /lib/x86_64-linux-gnu/libm-2.15.so
7f44848e5000-7f4484ae4000 ---p 000fb000 08:01 2621674                    /lib/x86_64-linux-gnu/libm-2.15.so
7f4484ae4000-7f4484ae5000 r--p 000fa000 08:01 2621674                    /lib/x86_64-linux-gnu/libm-2.15.so
7f4484ae5000-7f4484ae6000 rw-p 000fb000 08:01 2621674                    /lib/x86_64-linux-gnu/libm-2.15.so
7f4484ae6000-7f44857b1000 r-xp 00000000 08:01 13894575                   /usr/lib/jvm/java-8-oracle/jre/lib/amd64/server/libjvm.so
7f44857b1000-7f44859b0000 ---p 00ccb000 08:01 13894575                   /usr/lib/jvm/java-8-oracle/jre/lib/amd64/server/libjvm.so
7f44859b0000-7f4485a89000 rw-p 00cca000 08:01 13894575                   /usr/lib/jvm/java-8-oracle/jre/lib/amd64/server/libjvm.so
7f4485a89000-7f4485ad4000 rw-p 00000000 00:00 0 
7f4485ad4000-7f4485c88000 r-xp 00000000 08:01 2621665                    /lib/x86_64-linux-gnu/libc-2.15.so
7f4485c88000-7f4485e87000 ---p 001b4000 08:01 2621665                    /lib/x86_64-linux-gnu/libc-2.15.so
7f4485e87000-7f4485e8b000 r--p 001b3000 08:01 2621665                    /lib/x86_64-linux-gnu/libc-2.15.so
7f4485e8b000-7f4485e8d000 rw-p 001b7000 08:01 2621665                    /lib/x86_64-linux-gnu/libc-2.15.so
7f4485e8d000-7f4485e92000 rw-p 00000000 00:00 0 
7f4485e92000-7f4485e94000 r-xp 00000000 08:01 2621657                    /lib/x86_64-linux-gnu/libdl-2.15.so
7f4485e94000-7f4486094000 ---p 00002000 08:01 2621657                    /lib/x86_64-linux-gnu/libdl-2.15.so
7f4486094000-7f4486095000 r--p 00002000 08:01 2621657                    /lib/x86_64-linux-gnu/libdl-2.15.so
7f4486095000-7f4486096000 rw-p 00003000 08:01 2621657                    /lib/x86_64-linux-gnu/libdl-2.15.so
7f4486096000-7f44860ab000 r-xp 00000000 08:01 2627921                    /usr/lib/jvm/java-8-oracle/lib/amd64/jli/libjli.so
7f44860ab000-7f44862ab000 ---p 00015000 08:01 2627921                    /usr/lib/jvm/java-8-oracle/lib/amd64/jli/libjli.so
7f44862ab000-7f44862ac000 rw-p 00015000 08:01 2627921                    /usr/lib/jvm/java-8-oracle/lib/amd64/jli/libjli.so
7f44862ac000-7f44862c4000 r-xp 00000000 08:01 2621668                    /lib/x86_64-linux-gnu/libpthread-2.15.so
7f44862c4000-7f44864c3000 ---p 00018000 08:01 2621668                    /lib/x86_64-linux-gnu/libpthread-2.15.so
7f44864c3000-7f44864c4000 r--p 00017000 08:01 2621668                    /lib/x86_64-linux-gnu/libpthread-2.15.so
7f44864c4000-7f44864c5000 rw-p 00018000 08:01 2621668                    /lib/x86_64-linux-gnu/libpthread-2.15.so
7f44864c5000-7f44864c9000 rw-p 00000000 00:00 0 
7f44864c9000-7f44864eb000 r-xp 00000000 08:01 2621671                    /lib/x86_64-linux-gnu/ld-2.15.so
7f44864f2000-7f44865cb000 rw-p 00000000 00:00 0 
7f44865cb000-7f44865ce000 ---p 00000000 00:00 0 
7f44865ce000-7f44866d0000 rw-p 00000000 00:00 0                          [stack:17544]
7f44866d0000-7f44866df000 r--s 000df000 08:01 9309217                    /home/lin/Android/Sdk/build-tools/23.0.3/lib/dx.jar
7f44866df000-7f44866e7000 rw-s 00000000 08:01 4850478                    /tmp/hsperfdata_root/17540
7f44866e7000-7f44866e8000 rw-p 00000000 00:00 0 
7f44866e8000-7f44866e9000 r--p 00000000 00:00 0 
7f44866e9000-7f44866eb000 rw-p 00000000 00:00 0 
7f44866eb000-7f44866ec000 r--p 00022000 08:01 2621671                    /lib/x86_64-linux-gnu/ld-2.15.so
7f44866ec000-7f44866ee000 rw-p 00023000 08:01 2621671                    /lib/x86_64-linux-gnu/ld-2.15.so
7fff2fd90000-7fff2fdb1000 rw-p 00000000 00:00 0                          [stack]
7fff2fdc0000-7fff2fdc2000 r-xp 00000000 00:00 0                          [vdso]
ffffffffff600000-ffffffffff601000 r-xp 00000000 00:00 0                  [vsyscall]

VM Arguments:
jvm_args: -Djava.awt.headless=true -Xmx1024M -Dfile.encoding=UTF-8 -Duser.country=US -Duser.language=en -Duser.variant 
java_command: com.android.dx.command.Main --dex --force-jumbo --num-threads=4 --output /home/lin/other/AndroidProjects/Radio/app/build/intermediates/pre-dexed/debug/internal_impl-23.4.0_b5619ed93d7f9003535a36ca45adce4d95a69933.jar /home/lin/other/AndroidProjects/Radio/app/build/intermediates/exploded-aar/com.android.support/support-v4/23.4.0/jars/libs/internal_impl-23.4.0.jar
java_class_path (initial): /home/lin/Android/Sdk/build-tools/23.0.3/lib/dx.jar
Launcher Type: SUN_STANDARD

Environment Variables:
PATH=/usr/local/sbin:/usr/local/bin:/usr/sbin:/usr/bin:/sbin:/bin
USERNAME=root
LD_LIBRARY_PATH=/opt/android-studio/bin:
SHELL=/bin/bash
DISPLAY=:0.0

Signal Handlers:
SIGSEGV: [libjvm.so+0xac4790], sa_mask[0]=11111111011111111101111111111110, sa_flags=SA_RESTART|SA_SIGINFO
SIGBUS: [libjvm.so+0xac4790], sa_mask[0]=11111111011111111101111111111110, sa_flags=SA_RESTART|SA_SIGINFO
SIGFPE: [libjvm.so+0x91f140], sa_mask[0]=11111111011111111101111111111110, sa_flags=SA_RESTART|SA_SIGINFO
SIGPIPE: [libjvm.so+0x91f140], sa_mask[0]=11111111011111111101111111111110, sa_flags=SA_RESTART|SA_SIGINFO
SIGXFSZ: [libjvm.so+0x91f140], sa_mask[0]=11111111011111111101111111111110, sa_flags=SA_RESTART|SA_SIGINFO
SIGILL: [libjvm.so+0x91f140], sa_mask[0]=11111111011111111101111111111110, sa_flags=SA_RESTART|SA_SIGINFO
SIGUSR1: SIG_DFL, sa_mask[0]=00000000000000000000000000000000, sa_flags=none
SIGUSR2: [libjvm.so+0x920770], sa_mask[0]=00100000000000000000000000000000, sa_flags=SA_RESTART|SA_SIGINFO
SIGHUP: [libjvm.so+0x921b70], sa_mask[0]=11111111011111111101111111111110, sa_flags=SA_RESTART|SA_SIGINFO
SIGINT: [libjvm.so+0x921b70], sa_mask[0]=11111111011111111101111111111110, sa_flags=SA_RESTART|SA_SIGINFO
SIGTERM: [libjvm.so+0x921b70], sa_mask[0]=11111111011111111101111111111110, sa_flags=SA_RESTART|SA_SIGINFO
SIGQUIT: [libjvm.so+0x921b70], sa_mask[0]=11111111011111111101111111111110, sa_flags=SA_RESTART|SA_SIGINFO


---------------  S Y S T E M  ---------------

OS:DISTRIB_ID=Ubuntu
DISTRIB_RELEASE=12.04
DISTRIB_CODENAME=precise
DISTRIB_DESCRIPTION="Ubuntu 12.04.5 LTS"

uname:Linux 3.13.0-93-generic #140~precise1-Ubuntu SMP Tue Jul 19 19:55:11 UTC 2016 x86_64
libc:glibc 2.15 NPTL 2.15 
rlimit: STACK 8192k, CORE 0k, NPROC 22873, NOFILE 4096, AS infinity
load average:9.53 5.51 3.52

/proc/meminfo:
MemTotal:        2948840 kB
MemFree:          191092 kB
Buffers:           14732 kB
Cached:           434988 kB
SwapCached:        49568 kB
Active:          1980812 kB
Inactive:         614160 kB
Active(anon):    1828216 kB
Inactive(anon):   475220 kB
Active(file):     152596 kB
Inactive(file):   138940 kB
Unevictable:           0 kB
Mlocked:               0 kB
SwapTotal:       3008508 kB
SwapFree:        2761988 kB
Dirty:              9100 kB
Writeback:             0 kB
AnonPages:       2125628 kB
Mapped:           123432 kB
Shmem:            158184 kB
Slab:              72656 kB
SReclaimable:      44368 kB
SUnreclaim:        28288 kB
KernelStack:        4808 kB
PageTables:        35040 kB
NFS_Unstable:          0 kB
Bounce:                0 kB
WritebackTmp:          0 kB
CommitLimit:     4482928 kB
Committed_AS:    5473132 kB
VmallocTotal:   34359738367 kB
VmallocUsed:      346432 kB
VmallocChunk:   34359383644 kB
HardwareCorrupted:     0 kB
AnonHugePages:    864256 kB
HugePages_Total:       0
HugePages_Free:        0
HugePages_Rsvd:        0
HugePages_Surp:        0
Hugepagesize:       2048 kB
DirectMap4k:       65924 kB
DirectMap2M:     2945024 kB


CPU:total 2 (2 cores per cpu, 1 threads per core) family 6 model 15 stepping 13, cmov, cx8, fxsr, mmx, sse, sse2, sse3, ssse3, tsc

/proc/cpuinfo:
processor	: 0
vendor_id	: GenuineIntel
cpu family	: 6
model		: 15
model name	: Genuine Intel(R) CPU           T1600  @ 1.66GHz
stepping	: 13
microcode	: 0xa3
cpu MHz		: 1662.521
cache size	: 1024 KB
physical id	: 0
siblings	: 2
core id		: 0
cpu cores	: 2
apicid		: 0
initial apicid	: 0
fpu		: yes
fpu_exception	: yes
cpuid level	: 10
wp		: yes
flags		: fpu vme de pse tsc msr pae mce cx8 apic sep mtrr pge mca cmov pat pse36 clflush dts acpi mmx fxsr sse sse2 ss ht tm pbe syscall nx lm constant_tsc arch_perfmon pebs bts rep_good nopl aperfmperf pni dtes64 monitor ds_cpl tm2 ssse3 cx16 xtpr pdcm lahf_lm dtherm
bogomips	: 3325.04
clflush size	: 64
cache_alignment	: 64
address sizes	: 36 bits physical, 48 bits virtual
power management:

processor	: 1
vendor_id	: GenuineIntel
cpu family	: 6
model		: 15
model name	: Genuine Intel(R) CPU           T1600  @ 1.66GHz
stepping	: 13
microcode	: 0xa3
cpu MHz		: 1662.521
cache size	: 1024 KB
physical id	: 0
siblings	: 2
core id		: 1
cpu cores	: 2
apicid		: 1
initial apicid	: 1
fpu		: yes
fpu_exception	: yes
cpuid level	: 10
wp		: yes
flags		: fpu vme de pse tsc msr pae mce cx8 apic sep mtrr pge mca cmov pat pse36 clflush dts acpi mmx fxsr sse sse2 ss ht tm pbe syscall nx lm constant_tsc arch_perfmon pebs bts rep_good nopl aperfmperf pni dtes64 monitor ds_cpl tm2 ssse3 cx16 xtpr pdcm lahf_lm dtherm
bogomips	: 3325.04
clflush size	: 64
cache_alignment	: 64
address sizes	: 36 bits physical, 48 bits virtual
power management:



Memory: 4k page, physical 2948840k(191092k free), swap 3008508k(2761988k free)

vm_info: Java HotSpot(TM) 64-Bit Server VM (25.101-b13) for linux-amd64 JRE (1.8.0_101-b13), built on Jun 22 2016 02:59:44 by "java_re" with gcc 4.3.0 20080428 (Red Hat 4.3.0-8)

time: Mon Aug 29 23:22:55 2016
elapsed time: 1 seconds (0d 0h 0m 1s)

