#
# A fatal error has been detected by the Java Runtime Environment:
#
#  SIGSEGV (0xb) at pc=0x00007f8ff1022c26, pid=3163, tid=0x00007f90078f9700
#
# JRE version: Java(TM) SE Runtime Environment (8.0_101-b13) (build 1.8.0_101-b13)
# Java VM: Java HotSpot(TM) 64-Bit Server VM (25.101-b13 mixed mode linux-amd64 compressed oops)
# Problematic frame:
# j  java.lang.String.equals(Ljava/lang/Object;)Z+8
#
# Failed to write core dump. Core dumps have been disabled. To enable core dumping, try "ulimit -c unlimited" before starting Java again
#
# If you would like to submit a bug report, please visit:
#   http://bugreport.java.com/bugreport/crash.jsp
#

---------------  T H R E A D  ---------------

Current thread (0x00007f900000a000):  JavaThread "main" [_thread_in_Java, id=3166, stack(0x00007f90077f9000,0x00007f90078fa000)]

siginfo: si_signo: 11 (SIGSEGV), si_code: 2 (SEGV_ACCERR), si_addr: 0x0000000100201700

Registers:
RAX=0x00000001000016d0, RBX=0x000000000000002b, RCX=0x0000000000000030, RDX=0x00000001002016d0
RSP=0x00007f90078f7068, RBP=0x00007f90078f70a8, RSI=0x00000000ffffffff, RDI=0x0000000000000001
R8 =0x00007f9006ceb360, R9 =0x0000000000000c5e, R10=0x00007f9006cdc5c0, R11=0x00007f90061064d0
R12=0x0000000000000000, R13=0x00007f8fee6045b8, R14=0x00007f90078f70e8, R15=0x00007f900000a000
RIP=0x00007f8ff1022c26, EFLAGS=0x0000000000010206, CSGSFS=0x0000000000000033, ERR=0x0000000000000004
  TRAPNO=0x000000000000000e

Top of Stack: (sp=0x00007f90078f7068)
0x00007f90078f7068:   00007f90078f7068 00007f8fee6045b8
0x00007f90078f7078:   00007f90078f70e8 00007f8fee6aea20
0x00007f90078f7088:   00007f8fee7eb1f0 00007f8fee604618
0x00007f90078f7098:   0000000000000000 00007f90078f70f0
0x00007f90078f70a8:   00000000c0430d78 00007f8ff11e53ac
0x00007f90078f70b8:   0000000000000000 0000000000000000
0x00007f90078f70c8:   0000000000000000 0000000000000000
0x00007f90078f70d8:   0000000000000000 00000000ec304ae0
0x00007f90078f70e8:   00000000ec339e10 c0430d78686c1907
0x00007f90078f70f8:   00000000ec339e10 00007f8ff12993d0
0x00007f90078f7108:   00007f90066f7800 00007f8ff1109b10
0x00007f90078f7118:   00007f9000000000 00007f90078f72b0
0x00007f90078f7128:   00007f8ff11a179c 00000000eab12ab8
0x00007f90078f7138:   00007f90078f7178 00007f8feea4c090
0x00007f90078f7148:   00007f8feebe6d40 00007f8feea4b228
0x00007f90078f7158:   0000000000000000 00007f90078f7180
0x00007f90078f7168:   00007f90078f72b0 00007f8ff12bd7fc
0x00007f90078f7178:   00000000ec302820 00000024078f71d0
0x00007f90078f7188:   00007f90078f7950 00000000eab127e8
0x00007f90078f7198:   00000000ec339e10 00000000ec3045c8
0x00007f90078f71a8:   00007f90000077a0 0000000000000010
0x00007f90078f71b8:   00007f90078f7980 00007f90078f7238
0x00007f90078f71c8:   00007f8ff1007d80 00000000ec32b270
0x00007f90078f71d8:   00000000ec306720 00000000ec3045c8
0x00007f90078f71e8:   00007f90078f71e8 00007f8feeada2f8
0x00007f90078f71f8:   00007f90078f7248 00007f8feeadb0e0
0x00007f90078f7208:   0000000000000000 00007f90078f7288
0x00007f90078f7218:   00007f8ff10077d0 00007f90078f7288
0x00007f90078f7228:   00007f8ff10077d0 0000000000000001
0x00007f90078f7238:   00000000c00002c0 00000000c0718858
0x00007f90078f7248:   00007f90078f7248 00007f90078f72b0
0x00007f90078f7258:   00007f8ff1007d80 00007f8ff1007d80 

Instructions: (pc=0x00007f8ff1022c26)
0x00007f8ff1022c06:   89 51 10 bf 01 00 00 00 48 89 79 18 48 83 c1 30
0x00007f8ff1022c16:   48 89 4d e0 48 3b d0 0f 84 59 00 00 00 8b 48 0c
0x00007f8ff1022c26:   48 3b 04 0a 0f 84 4c 00 00 00 83 f9 18 0f 85 22
0x00007f8ff1022c36:   00 00 00 50 48 8b c0 57 48 8b 7a 20 8b 0f 48 83 

Register to memory mapping:

RAX=0x00000001000016d0 is pointing into metadata
RBX=0x000000000000002b is an unknown value
RCX=0x0000000000000030 is an unknown value
RDX=0x00000001002016d0 is an unknown value
RSP=0x00007f90078f7068 is pointing into the stack for thread: 0x00007f900000a000
RBP=0x00007f90078f70a8 is pointing into the stack for thread: 0x00007f900000a000
RSI=0x00000000ffffffff is an unallocated location in the heap
RDI=0x0000000000000001 is an unknown value
R8 =0x00007f9006ceb360: <offset 0xfd7360> in /usr/lib/jvm/java-8-oracle/jre/lib/amd64/server/libjvm.so at 0x00007f9005d14000
R9 =0x0000000000000c5e is an unknown value
R10=0x00007f9006cdc5c0: <offset 0xfc85c0> in /usr/lib/jvm/java-8-oracle/jre/lib/amd64/server/libjvm.so at 0x00007f9005d14000
R11=0x00007f90061064d0: <offset 0x3f24d0> in /usr/lib/jvm/java-8-oracle/jre/lib/amd64/server/libjvm.so at 0x00007f9005d14000
R12=0x0000000000000000 is an unknown value
R13=0x00007f8fee6045b8 is pointing into metadata
R14=0x00007f90078f70e8 is pointing into the stack for thread: 0x00007f900000a000
R15=0x00007f900000a000 is a thread


Stack: [0x00007f90077f9000,0x00007f90078fa000],  sp=0x00007f90078f7068,  free space=1016k
Native frames: (J=compiled Java code, j=interpreted, Vv=VM code, C=native code)
j  java.lang.String.equals(Ljava/lang/Object;)Z+8
J 425 C2 java.util.HashMap.getNode(ILjava/lang/Object;)Ljava/util/HashMap$Node; (148 bytes) @ 0x00007f8ff11e53ac [0x00007f8ff11e5300+0xac]
J 259 C1 com.android.dx.rop.type.Type.intern(Ljava/lang/String;)Lcom/android/dx/rop/type/Type; (319 bytes) @ 0x00007f8ff11a179c [0x00007f8ff11a1440+0x35c]
j  com.android.dx.cf.code.LocalVariableList$Item.getType()Lcom/android/dx/rop/type/Type;+7
j  com.android.dx.cf.code.Simulator$SimVisitor.visitLocal(IIIILcom/android/dx/rop/type/Type;I)V+38
J 528 C1 com.android.dx.cf.code.BytecodeArray.parseInstruction(ILcom/android/dx/cf/code/BytecodeArray$Visitor;)I (2764 bytes) @ 0x00007f8ff120c39c [0x00007f8ff12091e0+0x31bc]
j  com.android.dx.cf.code.Simulator.simulate(Lcom/android/dx/cf/code/ByteBlock;Lcom/android/dx/cf/code/Frame;)V+35
J 999 C1 com.android.dx.cf.code.Ropper.processBlock(Lcom/android/dx/cf/code/ByteBlock;Lcom/android/dx/cf/code/Frame;[I)V (1101 bytes) @ 0x00007f8ff12d340c [0x00007f8ff12d3280+0x18c]
j  com.android.dx.cf.code.Ropper.doit()V+61
j  com.android.dx.cf.code.Ropper.convert(Lcom/android/dx/cf/code/ConcreteMethod;Lcom/android/dx/rop/code/TranslationAdvice;Lcom/android/dx/cf/iface/MethodList;)Lcom/android/dx/rop/code/RopMethod;+12
j  com.android.dx.dex.cf.CfTranslator.processMethods(Lcom/android/dx/cf/direct/DirectClassFile;Lcom/android/dx/dex/cf/CfOptions;Lcom/android/dx/dex/DexOptions;Lcom/android/dx/dex/file/ClassDefItem;Lcom/android/dx/dex/file/DexFile;)V+176
j  com.android.dx.dex.cf.CfTranslator.translate0(Lcom/android/dx/cf/direct/DirectClassFile;[BLcom/android/dx/dex/cf/CfOptions;Lcom/android/dx/dex/DexOptions;Lcom/android/dx/dex/file/DexFile;)Lcom/android/dx/dex/file/ClassDefItem;+120
j  com.android.dx.dex.cf.CfTranslator.translate(Lcom/android/dx/cf/direct/DirectClassFile;[BLcom/android/dx/dex/cf/CfOptions;Lcom/android/dx/dex/DexOptions;Lcom/android/dx/dex/file/DexFile;)Lcom/android/dx/dex/file/ClassDefItem;+6
j  com.android.dx.command.dexer.Main.translateClass([BLcom/android/dx/cf/direct/DirectClassFile;)Lcom/android/dx/dex/file/ClassDefItem;+17
j  com.android.dx.command.dexer.Main.access$2700([BLcom/android/dx/cf/direct/DirectClassFile;)Lcom/android/dx/dex/file/ClassDefItem;+2
j  com.android.dx.command.dexer.Main$ClassTranslatorTask.call()Lcom/android/dx/dex/file/ClassDefItem;+8
j  com.android.dx.command.dexer.Main$ClassTranslatorTask.call()Ljava/lang/Object;+1
j  java.util.concurrent.FutureTask.run()V+42
j  java.util.concurrent.ThreadPoolExecutor$CallerRunsPolicy.rejectedExecution(Ljava/lang/Runnable;Ljava/util/concurrent/ThreadPoolExecutor;)V+8
j  java.util.concurrent.ThreadPoolExecutor.reject(Ljava/lang/Runnable;)V+6
j  java.util.concurrent.ThreadPoolExecutor.execute(Ljava/lang/Runnable;)V+128
j  java.util.concurrent.AbstractExecutorService.submit(Ljava/util/concurrent/Callable;)Ljava/util/concurrent/Future;+20
j  com.android.dx.command.dexer.Main$DirectClassFileConsumer.call(Lcom/android/dx/cf/direct/DirectClassFile;)Ljava/lang/Boolean;+295
j  com.android.dx.command.dexer.Main$DirectClassFileConsumer.access$700(Lcom/android/dx/command/dexer/Main$DirectClassFileConsumer;Lcom/android/dx/cf/direct/DirectClassFile;)Ljava/lang/Boolean;+2
j  com.android.dx.command.dexer.Main.processClass(Ljava/lang/String;[B)Z+37
j  com.android.dx.command.dexer.Main.processFileBytes(Ljava/lang/String;J[B)Z+188
j  com.android.dx.command.dexer.Main.access$1200(Ljava/lang/String;J[B)Z+3
j  com.android.dx.command.dexer.Main$FileBytesConsumer.processFileBytes(Ljava/lang/String;J[B)Z+4
j  com.android.dx.cf.direct.ClassPathOpener.processArchive(Ljava/io/File;)Z+203
j  com.android.dx.cf.direct.ClassPathOpener.processOne(Ljava/io/File;Z)Z+48
j  com.android.dx.cf.direct.ClassPathOpener.process()Z+15
j  com.android.dx.command.dexer.Main.processOne(Ljava/lang/String;Lcom/android/dx/cf/direct/ClassPathOpener$FileNameFilter;)V+20
j  com.android.dx.command.dexer.Main.processAllFiles()Z+272
j  com.android.dx.command.dexer.Main.runMonoDex()I+58
j  com.android.dx.command.dexer.Main.run(Lcom/android/dx/command/dexer/Main$Arguments;)I+76
j  com.android.dx.command.dexer.Main.main([Ljava/lang/String;)V+14
j  com.android.dx.command.Main.main([Ljava/lang/String;)V+61
v  ~StubRoutines::call_stub
V  [libjvm.so+0x68f6b6]  JavaCalls::call_helper(JavaValue*, methodHandle*, JavaCallArguments*, Thread*)+0x1056
V  [libjvm.so+0x6d0d42]  jni_invoke_static(JNIEnv_*, JavaValue*, _jobject*, JNICallType, _jmethodID*, JNI_ArgumentPusher*, Thread*)+0x362
V  [libjvm.so+0x6ed5aa]  jni_CallStaticVoidMethod+0x17a
C  [libjli.so+0x7bdf]  JavaMain+0x81f
C  [libpthread.so.0+0x7e9a]  start_thread+0xda


---------------  P R O C E S S  ---------------

Java Threads: ( => current thread )
  0x00007f9000160000 JavaThread "pool-1-thread-4" [_thread_blocked, id=3188, stack(0x00007f8fec696000,0x00007f8fec797000)]
  0x00007f900015e000 JavaThread "pool-1-thread-3" [_thread_in_Java, id=3187, stack(0x00007f8fec797000,0x00007f8fec898000)]
  0x00007f9000154000 JavaThread "pool-1-thread-2" [_thread_blocked, id=3186, stack(0x00007f8fec898000,0x00007f8fec999000)]
  0x00007f9000153000 JavaThread "pool-2-thread-1" [_thread_blocked, id=3185, stack(0x00007f8fec999000,0x00007f8feca9a000)]
  0x00007f9000147000 JavaThread "pool-1-thread-1" [_thread_in_Java, id=3184, stack(0x00007f8feca9a000,0x00007f8fecb9b000)]
  0x00007f90000c4000 JavaThread "Service Thread" daemon [_thread_blocked, id=3179, stack(0x00007f8fecc9c000,0x00007f8fecd9d000)]
  0x00007f90000b7800 JavaThread "C1 CompilerThread1" daemon [_thread_in_native, id=3178, stack(0x00007f8fecd9d000,0x00007f8fece9e000)]
  0x00007f90000b4800 JavaThread "C2 CompilerThread0" daemon [_thread_in_native, id=3177, stack(0x00007f8fece9e000,0x00007f8fecf9f000)]
  0x00007f90000b3000 JavaThread "Signal Dispatcher" daemon [_thread_blocked, id=3176, stack(0x00007f8fecf9f000,0x00007f8fed0a0000)]
  0x00007f9000080000 JavaThread "Finalizer" daemon [_thread_blocked, id=3173, stack(0x00007f8fed784000,0x00007f8fed885000)]
  0x00007f900007b800 JavaThread "Reference Handler" daemon [_thread_blocked, id=3172, stack(0x00007f8fed885000,0x00007f8fed986000)]
=>0x00007f900000a000 JavaThread "main" [_thread_in_Java, id=3166, stack(0x00007f90077f9000,0x00007f90078fa000)]

Other Threads:
  0x00007f9000073800 VMThread [stack: 0x00007f8fed986000,0x00007f8feda87000] [id=3171]
  0x00007f90000c7000 WatcherThread [stack: 0x00007f8fecb9b000,0x00007f8fecc9c000] [id=3180]

VM state:not at safepoint (normal execution)

VM Mutex/Monitor currently owned by a thread: None

Heap:
 PSYoungGen      total 26112K, used 3095K [0x00000000eab00000, 0x00000000ede00000, 0x0000000100000000)
  eden space 24576K, 6% used [0x00000000eab00000,0x00000000eac8de60,0x00000000ec300000)
  from space 1536K, 97% used [0x00000000ec300000,0x00000000ec4780d0,0x00000000ec480000)
  to   space 1536K, 0% used [0x00000000edc80000,0x00000000edc80000,0x00000000ede00000)
 ParOldGen       total 31744K, used 8127K [0x00000000c0000000, 0x00000000c1f00000, 0x00000000eab00000)
  object space 31744K, 25% used [0x00000000c0000000,0x00000000c07eff00,0x00000000c1f00000)
 Metaspace       used 5688K, capacity 6704K, committed 6784K, reserved 1056768K
  class space    used 588K, capacity 616K, committed 640K, reserved 1048576K

Card table byte_map: [0x00007f90043be000,0x00007f90045bf000] byte_map_base: 0x00007f9003dbe000

Marking Bits: (ParMarkBitMap*) 0x00007f9006cd5120
 Begin Bits: [0x00007f8fef000000, 0x00007f8ff0000000)
 End Bits:   [0x00007f8ff0000000, 0x00007f8ff1000000)

Polling page: 0x00007f9007916000

CodeCache: size=245760Kb used=2921Kb max_used=2921Kb free=242838Kb
 bounds [0x00007f8ff1000000, 0x00007f8ff12e0000, 0x00007f9000000000]
 total_blobs=1045 nmethods=779 adapters=182
 compilation: enabled

Compilation events (10 events):
Event: 7.991 Thread 0x00007f90000b7800 nmethod 977 0x00007f8ff12d1990 code [0x00007f8ff12d1b40, 0x00007f8ff12d1f08]
Event: 7.991 Thread 0x00007f90000b7800  612       1       com.android.dx.cf.code.ByteBlock::getCatches (5 bytes)
Event: 7.991 Thread 0x00007f90000b7800 nmethod 612 0x00007f8ff12d2150 code [0x00007f8ff12d22a0, 0x00007f8ff12d23b0]
Event: 7.991 Thread 0x00007f90000b7800  805       2       com.android.dx.cf.code.ConcreteMethod::makeSourcePosistion (21 bytes)
Event: 7.991 Thread 0x00007f90000b7800 nmethod 805 0x00007f8ff12d2410 code [0x00007f8ff12d2580, 0x00007f8ff12d2798]
Event: 8.035 Thread 0x00007f90000b7800  625       1       com.android.dx.cf.code.Simulator::access$300 (5 bytes)
Event: 8.036 Thread 0x00007f90000b7800 nmethod 625 0x00007f8ff12d2890 code [0x00007f8ff12d29e0, 0x00007f8ff12d2ad0]
Event: 8.036 Thread 0x00007f90000b7800  999   !   2       com.android.dx.cf.code.Ropper::processBlock (1101 bytes)
Event: 8.350 Thread 0x00007f90000b7800 nmethod 999 0x00007f8ff12d2b50 code [0x00007f8ff12d3280, 0x00007f8ff12d6398]
Event: 8.350 Thread 0x00007f90000b7800 1023 %     3       com.android.dx.ssa.LocalVariableExtractor::processBlock @ 119 (383 bytes)

GC Heap History (6 events):
Event: 4.712 GC heap before
{Heap before GC invocations=1 (full 0):
 PSYoungGen      total 13824K, used 12288K [0x00000000eab00000, 0x00000000eba00000, 0x0000000100000000)
  eden space 12288K, 100% used [0x00000000eab00000,0x00000000eb700000,0x00000000eb700000)
  from space 1536K, 0% used [0x00000000eb880000,0x00000000eb880000,0x00000000eba00000)
  to   space 1536K, 0% used [0x00000000eb700000,0x00000000eb700000,0x00000000eb880000)
 ParOldGen       total 31744K, used 0K [0x00000000c0000000, 0x00000000c1f00000, 0x00000000eab00000)
  object space 31744K, 0% used [0x00000000c0000000,0x00000000c0000000,0x00000000c1f00000)
 Metaspace       used 5482K, capacity 6512K, committed 6784K, reserved 1056768K
  class space    used 584K, capacity 616K, committed 640K, reserved 1048576K
Event: 4.761 GC heap after
Heap after GC invocations=1 (full 0):
 PSYoungGen      total 13824K, used 1514K [0x00000000eab00000, 0x00000000ec600000, 0x0000000100000000)
  eden space 12288K, 0% used [0x00000000eab00000,0x00000000eab00000,0x00000000eb700000)
  from space 1536K, 98% used [0x00000000eb700000,0x00000000eb87aa90,0x00000000eb880000)
  to   space 1536K, 0% used [0x00000000ec480000,0x00000000ec480000,0x00000000ec600000)
 ParOldGen       total 31744K, used 2113K [0x00000000c0000000, 0x00000000c1f00000, 0x00000000eab00000)
  object space 31744K, 6% used [0x00000000c0000000,0x00000000c0210450,0x00000000c1f00000)
 Metaspace       used 5482K, capacity 6512K, committed 6784K, reserved 1056768K
  class space    used 584K, capacity 616K, committed 640K, reserved 1048576K
}
Event: 6.255 GC heap before
{Heap before GC invocations=2 (full 0):
 PSYoungGen      total 13824K, used 13802K [0x00000000eab00000, 0x00000000ec600000, 0x0000000100000000)
  eden space 12288K, 100% used [0x00000000eab00000,0x00000000eb700000,0x00000000eb700000)
  from space 1536K, 98% used [0x00000000eb700000,0x00000000eb87aa90,0x00000000eb880000)
  to   space 1536K, 0% used [0x00000000ec480000,0x00000000ec480000,0x00000000ec600000)
 ParOldGen       total 31744K, used 2113K [0x00000000c0000000, 0x00000000c1f00000, 0x00000000eab00000)
  object space 31744K, 6% used [0x00000000c0000000,0x00000000c0210450,0x00000000c1f00000)
 Metaspace       used 5610K, capacity 6640K, committed 6784K, reserved 1056768K
  class space    used 585K, capacity 616K, committed 640K, reserved 1048576K
Event: 6.365 GC heap after
Heap after GC invocations=2 (full 0):
 PSYoungGen      total 26112K, used 1536K [0x00000000eab00000, 0x00000000ec600000, 0x0000000100000000)
  eden space 24576K, 0% used [0x00000000eab00000,0x00000000eab00000,0x00000000ec300000)
  from space 1536K, 100% used [0x00000000ec480000,0x00000000ec600000,0x00000000ec600000)
  to   space 1536K, 0% used [0x00000000ec300000,0x00000000ec300000,0x00000000ec480000)
 ParOldGen       total 31744K, used 4301K [0x00000000c0000000, 0x00000000c1f00000, 0x00000000eab00000)
  object space 31744K, 13% used [0x00000000c0000000,0x00000000c04334e8,0x00000000c1f00000)
 Metaspace       used 5610K, capacity 6640K, committed 6784K, reserved 1056768K
  class space    used 585K, capacity 616K, committed 640K, reserved 1048576K
}
Event: 8.134 GC heap before
{Heap before GC invocations=3 (full 0):
 PSYoungGen      total 26112K, used 26112K [0x00000000eab00000, 0x00000000ec600000, 0x0000000100000000)
  eden space 24576K, 100% used [0x00000000eab00000,0x00000000ec300000,0x00000000ec300000)
  from space 1536K, 100% used [0x00000000ec480000,0x00000000ec600000,0x00000000ec600000)
  to   space 1536K, 0% used [0x00000000ec300000,0x00000000ec300000,0x00000000ec480000)
 ParOldGen       total 31744K, used 4301K [0x00000000c0000000, 0x00000000c1f00000, 0x00000000eab00000)
  object space 31744K, 13% used [0x00000000c0000000,0x00000000c04334e8,0x00000000c1f00000)
 Metaspace       used 5688K, capacity 6704K, committed 6784K, reserved 1056768K
  class space    used 588K, capacity 616K, committed 640K, reserved 1048576K
Event: 8.349 GC heap after
Heap after GC invocations=3 (full 0):
 PSYoungGen      total 26112K, used 1504K [0x00000000eab00000, 0x00000000ede00000, 0x0000000100000000)
  eden space 24576K, 0% used [0x00000000eab00000,0x00000000eab00000,0x00000000ec300000)
  from space 1536K, 97% used [0x00000000ec300000,0x00000000ec4780d0,0x00000000ec480000)
  to   space 1536K, 0% used [0x00000000edc80000,0x00000000edc80000,0x00000000ede00000)
 ParOldGen       total 31744K, used 8127K [0x00000000c0000000, 0x00000000c1f00000, 0x00000000eab00000)
  object space 31744K, 25% used [0x00000000c0000000,0x00000000c07eff00,0x00000000c1f00000)
 Metaspace       used 5688K, capacity 6704K, committed 6784K, reserved 1056768K
  class space    used 588K, capacity 616K, committed 640K, reserved 1048576K
}

Deoptimization events (6 events):
Event: 2.812 Thread 0x00007f900000a000 Uncommon trap: reason=unstable_if action=reinterpret pc=0x00007f8ff113dc08 method=java.lang.String.indexOf(II)I @ 49
Event: 7.312 Thread 0x00007f9000160000 Uncommon trap: reason=class_check action=maybe_recompile pc=0x00007f8ff129db68 method=com.android.dx.ssa.NormalSsaInsn.accept(Lcom/android/dx/ssa/SsaInsn$Visitor;)V @ 9
Event: 7.313 Thread 0x00007f9000160000 Uncommon trap: reason=class_check action=maybe_recompile pc=0x00007f8ff129db68 method=com.android.dx.ssa.NormalSsaInsn.accept(Lcom/android/dx/ssa/SsaInsn$Visitor;)V @ 9
Event: 7.558 Thread 0x00007f9000154000 Uncommon trap: reason=class_check action=maybe_recompile pc=0x00007f8ff129db68 method=com.android.dx.ssa.NormalSsaInsn.accept(Lcom/android/dx/ssa/SsaInsn$Visitor;)V @ 9
Event: 7.729 Thread 0x00007f9000147000 Uncommon trap: reason=null_check action=make_not_entrant pc=0x00007f8ff129e4ec method=com.android.dx.ssa.SsaRenamer.getLocalForNewReg(I)Lcom/android/dx/rop/code/LocalItem; @ 19
Event: 8.352 Thread 0x00007f900000a000 Uncommon trap: reason=class_check action=maybe_recompile pc=0x00007f8ff1193e24 method=java.lang.String.equals(Ljava/lang/Object;)Z @ 8

Internal exceptions (3 events):
Event: 0.402 Thread 0x00007f900000a000 Exception <a 'java/lang/NoSuchMethodError': Method sun.misc.Unsafe.defineClass(Ljava/lang/String;[BII)Ljava/lang/Class; name or signature does not match> (0x00000000eab07cc0) thrown at [/HUDSON3/workspace/8-2-build-linux-amd64/jdk8u101/7261/hotspot/src/sh
Event: 0.403 Thread 0x00007f900000a000 Exception <a 'java/lang/NoSuchMethodError': Method sun.misc.Unsafe.prefetchRead(Ljava/lang/Object;J)V name or signature does not match> (0x00000000eab07fa8) thrown at [/HUDSON3/workspace/8-2-build-linux-amd64/jdk8u101/7261/hotspot/src/share/vm/prims/jni.c
Event: 7.729 Thread 0x00007f9000147000 Implicit null exception at 0x00007f8ff129c003 to 0x00007f8ff129e4c9

Events (10 events):
Event: 7.558 Thread 0x00007f9000154000 DEOPT PACKING pc=0x00007f8ff129db68 sp=0x00007f8fec996b40
Event: 7.558 Thread 0x00007f9000154000 DEOPT UNPACKING pc=0x00007f8ff1004f69 sp=0x00007f8fec996b50 mode 2
Event: 7.729 Thread 0x00007f9000147000 Uncommon trap: trap_request=0xfffffff4 fr.pc=0x00007f8ff129e4ec
Event: 7.729 Thread 0x00007f9000147000 DEOPT PACKING pc=0x00007f8ff129e4ec sp=0x00007f8fecb98f10
Event: 7.729 Thread 0x00007f9000147000 DEOPT UNPACKING pc=0x00007f8ff1004f69 sp=0x00007f8fecb98da8 mode 2
Event: 8.134 Executing VM operation: ParallelGCFailedAllocation
Event: 8.349 Executing VM operation: ParallelGCFailedAllocation done
Event: 8.352 Thread 0x00007f900000a000 Uncommon trap: trap_request=0xffffffde fr.pc=0x00007f8ff1193e24
Event: 8.352 Thread 0x00007f900000a000 DEOPT PACKING pc=0x00007f8ff1193e24 sp=0x00007f90078f70b0
Event: 8.352 Thread 0x00007f900000a000 DEOPT UNPACKING pc=0x00007f8ff1004f69 sp=0x00007f90078f7050 mode 2


Dynamic libraries:
00400000-00401000 r-xp 00000000 08:01 3279757                            /usr/lib/jvm/java-8-oracle/bin/java
00600000-00601000 rw-p 00000000 08:01 3279757                            /usr/lib/jvm/java-8-oracle/bin/java
00708000-0074a000 rw-p 00000000 00:00 0                                  [heap]
c0000000-c1f00000 rw-p 00000000 00:00 0 
c1f00000-eab00000 ---p 00000000 00:00 0 
eab00000-ede00000 rw-p 00000000 00:00 0 
ede00000-100000000 ---p 00000000 00:00 0 
100000000-1000a0000 rw-p 00000000 00:00 0 
1000a0000-140000000 ---p 00000000 00:00 0 
7f8fb0000000-7f8fb0025000 rw-p 00000000 00:00 0 
7f8fb0025000-7f8fb4000000 ---p 00000000 00:00 0 
7f8fb8000000-7f8fb8021000 rw-p 00000000 00:00 0 
7f8fb8021000-7f8fbc000000 ---p 00000000 00:00 0 
7f8fbc000000-7f8fbc021000 rw-p 00000000 00:00 0 
7f8fbc021000-7f8fc0000000 ---p 00000000 00:00 0 
7f8fc0000000-7f8fc0021000 rw-p 00000000 00:00 0 
7f8fc0021000-7f8fc4000000 ---p 00000000 00:00 0 
7f8fc4000000-7f8fc402c000 rw-p 00000000 00:00 0 
7f8fc402c000-7f8fc8000000 ---p 00000000 00:00 0 
7f8fc8000000-7f8fc854c000 rw-p 00000000 00:00 0 
7f8fc854c000-7f8fcc000000 ---p 00000000 00:00 0 
7f8fcc000000-7f8fcc021000 rw-p 00000000 00:00 0 
7f8fcc021000-7f8fd0000000 ---p 00000000 00:00 0 
7f8fd0000000-7f8fd0021000 rw-p 00000000 00:00 0 
7f8fd0021000-7f8fd4000000 ---p 00000000 00:00 0 
7f8fd4000000-7f8fd4525000 rw-p 00000000 00:00 0 
7f8fd4525000-7f8fd8000000 ---p 00000000 00:00 0 
7f8fd8000000-7f8fd8021000 rw-p 00000000 00:00 0 
7f8fd8021000-7f8fdc000000 ---p 00000000 00:00 0 
7f8fdc000000-7f8fdc021000 rw-p 00000000 00:00 0 
7f8fdc021000-7f8fe0000000 ---p 00000000 00:00 0 
7f8fe0000000-7f8fe0021000 rw-p 00000000 00:00 0 
7f8fe0021000-7f8fe4000000 ---p 00000000 00:00 0 
7f8fe4000000-7f8fe4021000 rw-p 00000000 00:00 0 
7f8fe4021000-7f8fe8000000 ---p 00000000 00:00 0 
7f8fe8000000-7f8fe8021000 rw-p 00000000 00:00 0 
7f8fe8021000-7f8fec000000 ---p 00000000 00:00 0 
7f8fec696000-7f8fec699000 ---p 00000000 00:00 0 
7f8fec699000-7f8fec797000 rw-p 00000000 00:00 0                          [stack:3188]
7f8fec797000-7f8fec79a000 ---p 00000000 00:00 0 
7f8fec79a000-7f8fec898000 rw-p 00000000 00:00 0                          [stack:3187]
7f8fec898000-7f8fec89b000 ---p 00000000 00:00 0 
7f8fec89b000-7f8fec999000 rw-p 00000000 00:00 0                          [stack:3186]
7f8fec999000-7f8fec99c000 ---p 00000000 00:00 0 
7f8fec99c000-7f8feca9a000 rw-p 00000000 00:00 0                          [stack:3185]
7f8feca9a000-7f8feca9d000 ---p 00000000 00:00 0 
7f8feca9d000-7f8fecb9b000 rw-p 00000000 00:00 0                          [stack:3184]
7f8fecb9b000-7f8fecb9c000 ---p 00000000 00:00 0 
7f8fecb9c000-7f8fecc9c000 rw-p 00000000 00:00 0                          [stack:3180]
7f8fecc9c000-7f8fecc9f000 ---p 00000000 00:00 0 
7f8fecc9f000-7f8fecd9d000 rw-p 00000000 00:00 0                          [stack:3179]
7f8fecd9d000-7f8fecda0000 ---p 00000000 00:00 0 
7f8fecda0000-7f8fece9e000 rw-p 00000000 00:00 0                          [stack:3178]
7f8fece9e000-7f8fecea1000 ---p 00000000 00:00 0 
7f8fecea1000-7f8fecf9f000 rw-p 00000000 00:00 0                          [stack:3177]
7f8fecf9f000-7f8fecfa2000 ---p 00000000 00:00 0 
7f8fecfa2000-7f8fed0a0000 rw-p 00000000 00:00 0                          [stack:3176]
7f8fed0a0000-7f8fed784000 r--p 00000000 08:01 13113697                   /usr/lib/locale/locale-archive
7f8fed784000-7f8fed787000 ---p 00000000 00:00 0 
7f8fed787000-7f8fed885000 rw-p 00000000 00:00 0                          [stack:3173]
7f8fed885000-7f8fed888000 ---p 00000000 00:00 0 
7f8fed888000-7f8fed986000 rw-p 00000000 00:00 0                          [stack:3172]
7f8fed986000-7f8fed987000 ---p 00000000 00:00 0 
7f8fed987000-7f8fee3b1000 rw-p 00000000 00:00 0                          [stack:3171]
7f8fee3b1000-7f8fee58a000 r--s 03d29000 08:01 13118676                   /usr/lib/jvm/java-8-oracle/jre/lib/rt.jar
7f8fee58a000-7f8feec00000 rw-p 00000000 00:00 0 
7f8feec00000-7f8feee00000 ---p 00000000 00:00 0 
7f8feee00000-7f8ff1000000 rw-p 00000000 00:00 0 
7f8ff1000000-7f8ff12e0000 rwxp 00000000 00:00 0 
7f8ff12e0000-7f9000000000 ---p 00000000 00:00 0 
7f9000000000-7f9000403000 rw-p 00000000 00:00 0 
7f9000403000-7f9004000000 ---p 00000000 00:00 0 
7f9004017000-7f9004066000 rw-p 00000000 00:00 0 
7f9004066000-7f9004067000 ---p 00000000 00:00 0 
7f9004067000-7f9004167000 rw-p 00000000 00:00 0                          [stack:3170]
7f9004167000-7f9004168000 ---p 00000000 00:00 0 
7f9004168000-7f9004278000 rw-p 00000000 00:00 0                          [stack:3169]
7f9004278000-7f90043be000 ---p 00000000 00:00 0 
7f90043be000-7f90043ce000 rw-p 00000000 00:00 0 
7f90043ce000-7f9004513000 ---p 00000000 00:00 0 
7f9004513000-7f900452d000 rw-p 00000000 00:00 0 
7f900452d000-7f90045be000 ---p 00000000 00:00 0 
7f90045be000-7f90045cb000 rw-p 00000000 00:00 0 
7f90045cb000-7f900497f000 ---p 00000000 00:00 0 
7f900497f000-7f9004999000 r-xp 00000000 08:01 13766358                   /usr/lib/jvm/java-8-oracle/jre/lib/amd64/libzip.so
7f9004999000-7f9004b99000 ---p 0001a000 08:01 13766358                   /usr/lib/jvm/java-8-oracle/jre/lib/amd64/libzip.so
7f9004b99000-7f9004b9a000 rw-p 0001a000 08:01 13766358                   /usr/lib/jvm/java-8-oracle/jre/lib/amd64/libzip.so
7f9004b9a000-7f9004ba5000 r-xp 00000000 08:01 2621673                    /lib/x86_64-linux-gnu/libnss_files-2.15.so
7f9004ba5000-7f9004da4000 ---p 0000b000 08:01 2621673                    /lib/x86_64-linux-gnu/libnss_files-2.15.so
7f9004da4000-7f9004da5000 r--p 0000a000 08:01 2621673                    /lib/x86_64-linux-gnu/libnss_files-2.15.so
7f9004da5000-7f9004da6000 rw-p 0000b000 08:01 2621673                    /lib/x86_64-linux-gnu/libnss_files-2.15.so
7f9004da6000-7f9004db0000 r-xp 00000000 08:01 2621658                    /lib/x86_64-linux-gnu/libnss_nis-2.15.so
7f9004db0000-7f9004fb0000 ---p 0000a000 08:01 2621658                    /lib/x86_64-linux-gnu/libnss_nis-2.15.so
7f9004fb0000-7f9004fb1000 r--p 0000a000 08:01 2621658                    /lib/x86_64-linux-gnu/libnss_nis-2.15.so
7f9004fb1000-7f9004fb2000 rw-p 0000b000 08:01 2621658                    /lib/x86_64-linux-gnu/libnss_nis-2.15.so
7f9004fb2000-7f9004fc9000 r-xp 00000000 08:01 2621667                    /lib/x86_64-linux-gnu/libnsl-2.15.so
7f9004fc9000-7f90051c8000 ---p 00017000 08:01 2621667                    /lib/x86_64-linux-gnu/libnsl-2.15.so
7f90051c8000-7f90051c9000 r--p 00016000 08:01 2621667                    /lib/x86_64-linux-gnu/libnsl-2.15.so
7f90051c9000-7f90051ca000 rw-p 00017000 08:01 2621667                    /lib/x86_64-linux-gnu/libnsl-2.15.so
7f90051ca000-7f90051cc000 rw-p 00000000 00:00 0 
7f90051cc000-7f90051d4000 r-xp 00000000 08:01 2621672                    /lib/x86_64-linux-gnu/libnss_compat-2.15.so
7f90051d4000-7f90053d3000 ---p 00008000 08:01 2621672                    /lib/x86_64-linux-gnu/libnss_compat-2.15.so
7f90053d3000-7f90053d4000 r--p 00007000 08:01 2621672                    /lib/x86_64-linux-gnu/libnss_compat-2.15.so
7f90053d4000-7f90053d5000 rw-p 00008000 08:01 2621672                    /lib/x86_64-linux-gnu/libnss_compat-2.15.so
7f90053d5000-7f90053ff000 r-xp 00000000 08:01 13766323                   /usr/lib/jvm/java-8-oracle/jre/lib/amd64/libjava.so
7f90053ff000-7f90055ff000 ---p 0002a000 08:01 13766323                   /usr/lib/jvm/java-8-oracle/jre/lib/amd64/libjava.so
7f90055ff000-7f9005601000 rw-p 0002a000 08:01 13766323                   /usr/lib/jvm/java-8-oracle/jre/lib/amd64/libjava.so
7f9005601000-7f900560e000 r-xp 00000000 08:01 13766361                   /usr/lib/jvm/java-8-oracle/jre/lib/amd64/libverify.so
7f900560e000-7f900580e000 ---p 0000d000 08:01 13766361                   /usr/lib/jvm/java-8-oracle/jre/lib/amd64/libverify.so
7f900580e000-7f9005810000 rw-p 0000d000 08:01 13766361                   /usr/lib/jvm/java-8-oracle/jre/lib/amd64/libverify.so
7f9005810000-7f9005817000 r-xp 00000000 08:01 2621660                    /lib/x86_64-linux-gnu/librt-2.15.so
7f9005817000-7f9005a16000 ---p 00007000 08:01 2621660                    /lib/x86_64-linux-gnu/librt-2.15.so
7f9005a16000-7f9005a17000 r--p 00006000 08:01 2621660                    /lib/x86_64-linux-gnu/librt-2.15.so
7f9005a17000-7f9005a18000 rw-p 00007000 08:01 2621660                    /lib/x86_64-linux-gnu/librt-2.15.so
7f9005a18000-7f9005b13000 r-xp 00000000 08:01 2621674                    /lib/x86_64-linux-gnu/libm-2.15.so
7f9005b13000-7f9005d12000 ---p 000fb000 08:01 2621674                    /lib/x86_64-linux-gnu/libm-2.15.so
7f9005d12000-7f9005d13000 r--p 000fa000 08:01 2621674                    /lib/x86_64-linux-gnu/libm-2.15.so
7f9005d13000-7f9005d14000 rw-p 000fb000 08:01 2621674                    /lib/x86_64-linux-gnu/libm-2.15.so
7f9005d14000-7f90069df000 r-xp 00000000 08:01 13894575                   /usr/lib/jvm/java-8-oracle/jre/lib/amd64/server/libjvm.so
7f90069df000-7f9006bde000 ---p 00ccb000 08:01 13894575                   /usr/lib/jvm/java-8-oracle/jre/lib/amd64/server/libjvm.so
7f9006bde000-7f9006cb7000 rw-p 00cca000 08:01 13894575                   /usr/lib/jvm/java-8-oracle/jre/lib/amd64/server/libjvm.so
7f9006cb7000-7f9006d02000 rw-p 00000000 00:00 0 
7f9006d02000-7f9006eb6000 r-xp 00000000 08:01 2621665                    /lib/x86_64-linux-gnu/libc-2.15.so
7f9006eb6000-7f90070b5000 ---p 001b4000 08:01 2621665                    /lib/x86_64-linux-gnu/libc-2.15.so
7f90070b5000-7f90070b9000 r--p 001b3000 08:01 2621665                    /lib/x86_64-linux-gnu/libc-2.15.so
7f90070b9000-7f90070bb000 rw-p 001b7000 08:01 2621665                    /lib/x86_64-linux-gnu/libc-2.15.so
7f90070bb000-7f90070c0000 rw-p 00000000 00:00 0 
7f90070c0000-7f90070c2000 r-xp 00000000 08:01 2621657                    /lib/x86_64-linux-gnu/libdl-2.15.so
7f90070c2000-7f90072c2000 ---p 00002000 08:01 2621657                    /lib/x86_64-linux-gnu/libdl-2.15.so
7f90072c2000-7f90072c3000 r--p 00002000 08:01 2621657                    /lib/x86_64-linux-gnu/libdl-2.15.so
7f90072c3000-7f90072c4000 rw-p 00003000 08:01 2621657                    /lib/x86_64-linux-gnu/libdl-2.15.so
7f90072c4000-7f90072d9000 r-xp 00000000 08:01 2627921                    /usr/lib/jvm/java-8-oracle/lib/amd64/jli/libjli.so
7f90072d9000-7f90074d9000 ---p 00015000 08:01 2627921                    /usr/lib/jvm/java-8-oracle/lib/amd64/jli/libjli.so
7f90074d9000-7f90074da000 rw-p 00015000 08:01 2627921                    /usr/lib/jvm/java-8-oracle/lib/amd64/jli/libjli.so
7f90074da000-7f90074f2000 r-xp 00000000 08:01 2621668                    /lib/x86_64-linux-gnu/libpthread-2.15.so
7f90074f2000-7f90076f1000 ---p 00018000 08:01 2621668                    /lib/x86_64-linux-gnu/libpthread-2.15.so
7f90076f1000-7f90076f2000 r--p 00017000 08:01 2621668                    /lib/x86_64-linux-gnu/libpthread-2.15.so
7f90076f2000-7f90076f3000 rw-p 00018000 08:01 2621668                    /lib/x86_64-linux-gnu/libpthread-2.15.so
7f90076f3000-7f90076f7000 rw-p 00000000 00:00 0 
7f90076f7000-7f9007719000 r-xp 00000000 08:01 2621671                    /lib/x86_64-linux-gnu/ld-2.15.so
7f9007719000-7f900771c000 rw-p 00000000 00:00 0 
7f900771c000-7f9007720000 r--s 00018000 08:01 4850199                    /home/lin/.gradle/caches/modules-2/files-2.1/com.nineoldandroids/library/2.4.0/e9b63380f3a242dbdbf103a2355ad7e43bad17cb/library-2.4.0.jar
7f9007720000-7f90077f9000 rw-p 00000000 00:00 0 
7f90077f9000-7f90077fc000 ---p 00000000 00:00 0 
7f90077fc000-7f90078fe000 rw-p 00000000 00:00 0                          [stack:3166]
7f90078fe000-7f900790d000 r--s 000df000 08:01 9309217                    /home/lin/Android/Sdk/build-tools/23.0.3/lib/dx.jar
7f900790d000-7f9007915000 rw-s 00000000 08:01 4850081                    /tmp/hsperfdata_lin/3163
7f9007915000-7f9007916000 rw-p 00000000 00:00 0 
7f9007916000-7f9007917000 r--p 00000000 00:00 0 
7f9007917000-7f9007919000 rw-p 00000000 00:00 0 
7f9007919000-7f900791a000 r--p 00022000 08:01 2621671                    /lib/x86_64-linux-gnu/ld-2.15.so
7f900791a000-7f900791c000 rw-p 00023000 08:01 2621671                    /lib/x86_64-linux-gnu/ld-2.15.so
7ffe8d1db000-7ffe8d1fc000 rw-p 00000000 00:00 0                          [stack]
7ffe8d1fd000-7ffe8d1ff000 r-xp 00000000 00:00 0                          [vdso]
ffffffffff600000-ffffffffff601000 r-xp 00000000 00:00 0                  [vsyscall]

VM Arguments:
jvm_args: -Djava.awt.headless=true -Xmx1024M -Dfile.encoding=UTF-8 -Duser.country=US -Duser.language=en -Duser.variant 
java_command: com.android.dx.command.Main --dex --num-threads=4 --output /home/lin/other/AndroidProjects/Radio/app/build/intermediates/pre-dexed/debug/library-2.4.0_78ef916450c4c3d5b994b94a4b83cc4d9c65414a.jar /home/lin/.gradle/caches/modules-2/files-2.1/com.nineoldandroids/library/2.4.0/e9b63380f3a242dbdbf103a2355ad7e43bad17cb/library-2.4.0.jar
java_class_path (initial): /home/lin/Android/Sdk/build-tools/23.0.3/lib/dx.jar
Launcher Type: SUN_STANDARD

Environment Variables:
PATH=/usr/lib/lightdm/lightdm:/usr/local/sbin:/usr/local/bin:/usr/sbin:/usr/bin:/sbin:/bin:/usr/games
LD_LIBRARY_PATH=/opt/android-studio/bin:
SHELL=/bin/bash
DISPLAY=:0.0

Signal Handlers:
SIGSEGV: [libjvm.so+0xac4790], sa_mask[0]=11111111011111111101111111111110, sa_flags=SA_RESTART|SA_SIGINFO
SIGBUS: [libjvm.so+0xac4790], sa_mask[0]=11111111011111111101111111111110, sa_flags=SA_RESTART|SA_SIGINFO
SIGFPE: [libjvm.so+0x91f140], sa_mask[0]=11111111011111111101111111111110, sa_flags=SA_RESTART|SA_SIGINFO
SIGPIPE: [libjvm.so+0x91f140], sa_mask[0]=11111111011111111101111111111110, sa_flags=SA_RESTART|SA_SIGINFO
SIGXFSZ: [libjvm.so+0x91f140], sa_mask[0]=11111111011111111101111111111110, sa_flags=SA_RESTART|SA_SIGINFO
SIGILL: [libjvm.so+0x91f140], sa_mask[0]=11111111011111111101111111111110, sa_flags=SA_RESTART|SA_SIGINFO
SIGUSR1: SIG_DFL, sa_mask[0]=00000000000000000000000000000000, sa_flags=none
SIGUSR2: [libjvm.so+0x920770], sa_mask[0]=00100000000000000000000000000000, sa_flags=SA_RESTART|SA_SIGINFO
SIGHUP: [libjvm.so+0x921b70], sa_mask[0]=11111111011111111101111111111110, sa_flags=SA_RESTART|SA_SIGINFO
SIGINT: [libjvm.so+0x921b70], sa_mask[0]=11111111011111111101111111111110, sa_flags=SA_RESTART|SA_SIGINFO
SIGTERM: [libjvm.so+0x921b70], sa_mask[0]=11111111011111111101111111111110, sa_flags=SA_RESTART|SA_SIGINFO
SIGQUIT: [libjvm.so+0x921b70], sa_mask[0]=11111111011111111101111111111110, sa_flags=SA_RESTART|SA_SIGINFO


---------------  S Y S T E M  ---------------

OS:DISTRIB_ID=Ubuntu
DISTRIB_RELEASE=12.04
DISTRIB_CODENAME=precise
DISTRIB_DESCRIPTION="Ubuntu 12.04.5 LTS"

uname:Linux 3.13.0-93-generic #140~precise1-Ubuntu SMP Tue Jul 19 19:55:11 UTC 2016 x86_64
libc:glibc 2.15 NPTL 2.15 
rlimit: STACK 8192k, CORE 0k, NPROC 22873, NOFILE 4096, AS infinity
load average:7.33 3.38 1.64

/proc/meminfo:
MemTotal:        2948840 kB
MemFree:          117020 kB
Buffers:           62144 kB
Cached:           961008 kB
SwapCached:            0 kB
Active:          1945064 kB
Inactive:         730344 kB
Active(anon):    1653344 kB
Inactive(anon):    90704 kB
Active(file):     291720 kB
Inactive(file):   639640 kB
Unevictable:           0 kB
Mlocked:               0 kB
SwapTotal:       3008508 kB
SwapFree:        3008508 kB
Dirty:             12088 kB
Writeback:             0 kB
AnonPages:       1652276 kB
Mapped:           163356 kB
Shmem:             91796 kB
Slab:              75924 kB
SReclaimable:      52360 kB
SUnreclaim:        23564 kB
KernelStack:        4032 kB
PageTables:        27076 kB
NFS_Unstable:          0 kB
Bounce:                0 kB
WritebackTmp:          0 kB
CommitLimit:     4482928 kB
Committed_AS:    3918332 kB
VmallocTotal:   34359738367 kB
VmallocUsed:      346400 kB
VmallocChunk:   34359385692 kB
HardwareCorrupted:     0 kB
AnonHugePages:    751616 kB
HugePages_Total:       0
HugePages_Free:        0
HugePages_Rsvd:        0
HugePages_Surp:        0
Hugepagesize:       2048 kB
DirectMap4k:       61828 kB
DirectMap2M:     2949120 kB


CPU:total 2 (2 cores per cpu, 1 threads per core) family 6 model 15 stepping 13, cmov, cx8, fxsr, mmx, sse, sse2, sse3, ssse3, tsc

/proc/cpuinfo:
processor	: 0
vendor_id	: GenuineIntel
cpu family	: 6
model		: 15
model name	: Genuine Intel(R) CPU           T1600  @ 1.66GHz
stepping	: 13
microcode	: 0xa3
cpu MHz		: 1662.552
cache size	: 1024 KB
physical id	: 0
siblings	: 2
core id		: 0
cpu cores	: 2
apicid		: 0
initial apicid	: 0
fpu		: yes
fpu_exception	: yes
cpuid level	: 10
wp		: yes
flags		: fpu vme de pse tsc msr pae mce cx8 apic sep mtrr pge mca cmov pat pse36 clflush dts acpi mmx fxsr sse sse2 ss ht tm pbe syscall nx lm constant_tsc arch_perfmon pebs bts rep_good nopl aperfmperf pni dtes64 monitor ds_cpl tm2 ssse3 cx16 xtpr pdcm lahf_lm dtherm
bogomips	: 3325.10
clflush size	: 64
cache_alignment	: 64
address sizes	: 36 bits physical, 48 bits virtual
power management:

processor	: 1
vendor_id	: GenuineIntel
cpu family	: 6
model		: 15
model name	: Genuine Intel(R) CPU           T1600  @ 1.66GHz
stepping	: 13
microcode	: 0xa3
cpu MHz		: 1662.552
cache size	: 1024 KB
physical id	: 0
siblings	: 2
core id		: 1
cpu cores	: 2
apicid		: 1
initial apicid	: 1
fpu		: yes
fpu_exception	: yes
cpuid level	: 10
wp		: yes
flags		: fpu vme de pse tsc msr pae mce cx8 apic sep mtrr pge mca cmov pat pse36 clflush dts acpi mmx fxsr sse sse2 ss ht tm pbe syscall nx lm constant_tsc arch_perfmon pebs bts rep_good nopl aperfmperf pni dtes64 monitor ds_cpl tm2 ssse3 cx16 xtpr pdcm lahf_lm dtherm
bogomips	: 3325.10
clflush size	: 64
cache_alignment	: 64
address sizes	: 36 bits physical, 48 bits virtual
power management:



Memory: 4k page, physical 2948840k(117020k free), swap 3008508k(3008508k free)

vm_info: Java HotSpot(TM) 64-Bit Server VM (25.101-b13) for linux-amd64 JRE (1.8.0_101-b13), built on Jun 22 2016 02:59:44 by "java_re" with gcc 4.3.0 20080428 (Red Hat 4.3.0-8)

time: Fri Aug 19 16:19:04 2016
elapsed time: 8 seconds (0d 0h 0m 8s)

