#
# A fatal error has been detected by the Java Runtime Environment:
#
#  SIGSEGV (0xb) at pc=0x00007f7114e60858, pid=3620, tid=0x00007f70f3afa700
#
# JRE version: Java(TM) SE Runtime Environment (8.0_101-b13) (build 1.8.0_101-b13)
# Java VM: Java HotSpot(TM) 64-Bit Server VM (25.101-b13 mixed mode linux-amd64 compressed oops)
# Problematic frame:
# J 468 C2 com.android.dx.util.IntList.get(I)I (36 bytes) @ 0x00007f7114e60858 [0x00007f7114e60820+0x38]
#
# Failed to write core dump. Core dumps have been disabled. To enable core dumping, try "ulimit -c unlimited" before starting Java again
#
# If you would like to submit a bug report, please visit:
#   http://bugreport.java.com/bugreport/crash.jsp
#

---------------  T H R E A D  ---------------

Current thread (0x00007f7124153800):  JavaThread "pool-1-thread-3" [_thread_in_Java, id=3652, stack(0x00007f70f39fa000,0x00007f70f3afb000)]

siginfo: si_signo: 11 (SIGSEGV), si_code: 1 (SEGV_MAPERR), si_addr: 0x0000000000740071

Registers:
RAX=0x00007f7111d6eee8, RBX=0x00007f7111d6eee8, RCX=0x00000000eb1458e0, RDX=0x000000000072006f
RSP=0x00007f70f3af9040, RBP=0x0000000000740065, RSI=0x00000000eb1458e0, RDI=0x00000000eb1057f0
R8 =0x00000000eb105808, R9 =0x0000000000000019, R10=0x00007f7129f44ca0, R11=0x0000000000720070
R12=0x0000000000000000, R13=0x00007f70f3af9080, R14=0x00007f70f3af90f8, R15=0x00007f7124153800
RIP=0x00007f7114e60858, EFLAGS=0x0000000000010287, CSGSFS=0x0000000000000033, ERR=0x0000000000000004
  TRAPNO=0x000000000000000e

Top of Stack: (sp=0x00007f70f3af9040)
0x00007f70f3af9040:   00007f7111a5cdc8 00007f7111bb9580
0x00007f70f3af9050:   00007f7111a5b550 0000000000000000
0x00007f70f3af9060:   00007f70f3af90d0 00007f7114be0a40
0x00007f70f3af9070:   00007f70f3af90d0 00007f7114be0a40
0x00007f70f3af9080:   000000000072006f 00000000eb1458e0
0x00007f70f3af9090:   00007f70f3af9090 00007f7111dd6a5e
0x00007f70f3af90a0:   00007f70f3af90f8 00007f7111dd8030
0x00007f70f3af90b0:   0000000000000000 00007f7111dd6af8
0x00007f70f3af90c0:   00007f70f3af9080 00007f70f3af90e8
0x00007f70f3af90d0:   00007f70f3af9140 00007f7114be0ffd
0x00007f70f3af90e0:   000000000072006f 0000000000000605
0x00007f70f3af90f0:   00000000000005c6 00000000eb1053e0
0x00007f70f3af9100:   00007f70f3af9100 00007f7111dd6763
0x00007f70f3af9110:   00007f70f3af9168 00007f7111dd8030
0x00007f70f3af9120:   0000000000000000 00007f7111dd67c0
0x00007f70f3af9130:   00007f70f3af90e8 00007f70f3af9168
0x00007f70f3af9140:   00007f70f3af91b0 00007f7114be0d80
0x00007f70f3af9150:   00000000eb1053e0 00000000000005c7
0x00007f70f3af9160:   00000000eb1191c8 00000000eb104ed8
0x00007f70f3af9170:   00007f70f3af9170 00007f7111dc9691
0x00007f70f3af9180:   00007f70f3af91d8 00007f7111dca0c0
0x00007f70f3af9190:   0000000000000000 00007f7111dc96e0
0x00007f70f3af91a0:   00007f70f3af9168 00007f70f3af91d8
0x00007f70f3af91b0:   00007f70f3af9220 00007f7114be0ffd
0x00007f70f3af91c0:   00000000eb104ed8 00000000000005c6
0x00007f70f3af91d0:   00000000eaf2b088 00000000eaf2b038
0x00007f70f3af91e0:   00007f70f3af91e0 00007f7111dc95c1
0x00007f70f3af91f0:   00007f70f3af9230 00007f7111dca0c0
0x00007f70f3af9200:   0000000000000000 00007f7111dc95e8
0x00007f70f3af9210:   00007f70f3af91d8 00007f70f3af9230
0x00007f70f3af9220:   00007f70f3af9278 00007f7114be0ffd
0x00007f70f3af9230:   00000000eaf2b038 00007f70f3af9238 

Instructions: (pc=0x00007f7114e60858)
0x00007f7114e60838:   00 00 00 00 66 66 66 90 89 84 24 00 c0 fe ff 55
0x00007f7114e60848:   48 83 ec 20 44 8b 5e 10 41 3b d3 7d 30 8b 6e 18
0x00007f7114e60858:   44 8b 5d 0c 41 3b d3 73 10 8b 44 95 10 48 83 c4
0x00007f7114e60868:   20 5d 85 05 90 27 d2 15 c3 be e4 ff ff ff 89 14 

Register to memory mapping:

RAX={method} {0x00007f7111d6eee8} 'get' '(I)I' in 'com/android/dx/util/IntList'
RBX={method} {0x00007f7111d6eee8} 'get' '(I)I' in 'com/android/dx/util/IntList'
RCX=0x00000000eb1458e0 is an oop
[C 
 - klass: {type array char}
 - length: 9
RDX=0x000000000072006f is an unknown value
RSP=0x00007f70f3af9040 is pointing into the stack for thread: 0x00007f7124153800
RBP=0x0000000000740065 is an unknown value
RSI=0x00000000eb1458e0 is an oop
[C 
 - klass: {type array char}
 - length: 9
RDI=0x00000000eb1057f0 is an oop
java.util.BitSet 
 - klass: 'java/util/BitSet'
R8 =0x00000000eb105808 is an oop
[J 
 - klass: {type array long}
 - length: 25
R9 =0x0000000000000019 is an unknown value
R10=0x00007f7129f44ca0: <offset 0xfc3ca0> in /usr/lib/jvm/java-8-oracle/jre/lib/amd64/server/libjvm.so at 0x00007f7128f81000
R11=0x0000000000720070 is an unknown value
R12=0x0000000000000000 is an unknown value
R13=0x00007f70f3af9080 is pointing into the stack for thread: 0x00007f7124153800
R14=0x00007f70f3af90f8 is pointing into the stack for thread: 0x00007f7124153800
R15=0x00007f7124153800 is a thread


Stack: [0x00007f70f39fa000,0x00007f70f3afb000],  sp=0x00007f70f3af9040,  free space=1020k
Native frames: (J=compiled Java code, j=interpreted, Vv=VM code, C=native code)
J 468 C2 com.android.dx.util.IntList.get(I)I (36 bytes) @ 0x00007f7114e60858 [0x00007f7114e60820+0x38]
j  com.android.dx.ssa.SsaBasicBlock.replaceSuccessor(II)V+46
j  com.android.dx.ssa.SsaBasicBlock.insertNewPredecessor()Lcom/android/dx/ssa/SsaBasicBlock;+115
j  com.android.dx.ssa.SsaConverter.edgeSplitPredecessors(Lcom/android/dx/ssa/SsaMethod;)V+33
j  com.android.dx.ssa.SsaConverter.edgeSplit(Lcom/android/dx/ssa/SsaMethod;)V+1
j  com.android.dx.ssa.SsaConverter.convertToSsaMethod(Lcom/android/dx/rop/code/RopMethod;IZ)Lcom/android/dx/ssa/SsaMethod;+8
j  com.android.dx.ssa.Optimizer.optimize(Lcom/android/dx/rop/code/RopMethod;IZZLcom/android/dx/rop/code/TranslationAdvice;Ljava/util/EnumSet;)Lcom/android/dx/rop/code/RopMethod;+15
j  com.android.dx.ssa.Optimizer.optimize(Lcom/android/dx/rop/code/RopMethod;IZZLcom/android/dx/rop/code/TranslationAdvice;)Lcom/android/dx/rop/code/RopMethod;+12
j  com.android.dx.dex.cf.CfTranslator.processMethods(Lcom/android/dx/cf/direct/DirectClassFile;Lcom/android/dx/dex/cf/CfOptions;Lcom/android/dx/dex/DexOptions;Lcom/android/dx/dex/file/ClassDefItem;Lcom/android/dx/dex/file/DexFile;)V+265
j  com.android.dx.dex.cf.CfTranslator.translate0(Lcom/android/dx/cf/direct/DirectClassFile;[BLcom/android/dx/dex/cf/CfOptions;Lcom/android/dx/dex/DexOptions;Lcom/android/dx/dex/file/DexFile;)Lcom/android/dx/dex/file/ClassDefItem;+120
j  com.android.dx.dex.cf.CfTranslator.translate(Lcom/android/dx/cf/direct/DirectClassFile;[BLcom/android/dx/dex/cf/CfOptions;Lcom/android/dx/dex/DexOptions;Lcom/android/dx/dex/file/DexFile;)Lcom/android/dx/dex/file/ClassDefItem;+6
j  com.android.dx.command.dexer.Main.translateClass([BLcom/android/dx/cf/direct/DirectClassFile;)Lcom/android/dx/dex/file/ClassDefItem;+17
j  com.android.dx.command.dexer.Main.access$2700([BLcom/android/dx/cf/direct/DirectClassFile;)Lcom/android/dx/dex/file/ClassDefItem;+2
j  com.android.dx.command.dexer.Main$ClassTranslatorTask.call()Lcom/android/dx/dex/file/ClassDefItem;+8
j  com.android.dx.command.dexer.Main$ClassTranslatorTask.call()Ljava/lang/Object;+1
j  java.util.concurrent.FutureTask.run()V+42
j  java.util.concurrent.ThreadPoolExecutor.runWorker(Ljava/util/concurrent/ThreadPoolExecutor$Worker;)V+95
j  java.util.concurrent.ThreadPoolExecutor$Worker.run()V+5
j  java.lang.Thread.run()V+11
v  ~StubRoutines::call_stub
V  [libjvm.so+0x68f6b6]  JavaCalls::call_helper(JavaValue*, methodHandle*, JavaCallArguments*, Thread*)+0x1056
V  [libjvm.so+0x68fbc1]  JavaCalls::call_virtual(JavaValue*, KlassHandle, Symbol*, Symbol*, JavaCallArguments*, Thread*)+0x321
V  [libjvm.so+0x690067]  JavaCalls::call_virtual(JavaValue*, Handle, KlassHandle, Symbol*, Symbol*, Thread*)+0x47
V  [libjvm.so+0x726fc0]  thread_entry(JavaThread*, Thread*)+0xa0
V  [libjvm.so+0xa7343f]  JavaThread::thread_main_inner()+0xdf
V  [libjvm.so+0xa7356c]  JavaThread::run()+0x11c
V  [libjvm.so+0x924698]  java_start(Thread*)+0x108
C  [libpthread.so.0+0x7e9a]  start_thread+0xda


---------------  P R O C E S S  ---------------

Java Threads: ( => current thread )
=>0x00007f7124153800 JavaThread "pool-1-thread-3" [_thread_in_Java, id=3652, stack(0x00007f70f39fa000,0x00007f70f3afb000)]
  0x00007f712414a800 JavaThread "pool-2-thread-1" [_thread_blocked, id=3647, stack(0x00007f70f3bfc000,0x00007f70f3cfd000)]
  0x00007f7124148000 JavaThread "pool-1-thread-1" [_thread_in_Java, id=3646, stack(0x00007f70f3cfd000,0x00007f70f3dfe000)]
  0x00007f71240ba000 JavaThread "Service Thread" daemon [_thread_blocked, id=3643, stack(0x00007f70f3eff000,0x00007f70f4000000)]
  0x00007f71240b7800 JavaThread "C1 CompilerThread1" daemon [_thread_in_native, id=3642, stack(0x00007f711000e000,0x00007f711010f000)]
  0x00007f71240b4800 JavaThread "C2 CompilerThread0" daemon [_thread_in_native, id=3641, stack(0x00007f711010f000,0x00007f7110210000)]
  0x00007f71240b3000 JavaThread "Signal Dispatcher" daemon [_thread_blocked, id=3640, stack(0x00007f7110210000,0x00007f7110311000)]
  0x00007f7124080000 JavaThread "Finalizer" daemon [_thread_blocked, id=3635, stack(0x00007f71109f5000,0x00007f7110af6000)]
  0x00007f712407b800 JavaThread "Reference Handler" daemon [_thread_blocked, id=3633, stack(0x00007f7110af6000,0x00007f7110bf7000)]
  0x00007f712400a000 JavaThread "main" [_thread_blocked, id=3623, stack(0x00007f712aa66000,0x00007f712ab67000)]

Other Threads:
  0x00007f7124073800 VMThread [stack: 0x00007f7110bf7000,0x00007f7110cf8000] [id=3632]
  0x00007f71240bd000 WatcherThread [stack: 0x00007f70f3dfe000,0x00007f70f3eff000] [id=3644]

VM state:not at safepoint (normal execution)

VM Mutex/Monitor currently owned by a thread: None

Heap:
 PSYoungGen      total 13824K, used 11472K [0x00000000eab00000, 0x00000000ec600000, 0x0000000100000000)
  eden space 12288K, 80% used [0x00000000eab00000,0x00000000eb4b6fb8,0x00000000eb700000)
  from space 1536K, 99% used [0x00000000eb700000,0x00000000eb87d260,0x00000000eb880000)
  to   space 1536K, 0% used [0x00000000ec480000,0x00000000ec480000,0x00000000ec600000)
 ParOldGen       total 31744K, used 2001K [0x00000000c0000000, 0x00000000c1f00000, 0x00000000eab00000)
  object space 31744K, 6% used [0x00000000c0000000,0x00000000c01f46a8,0x00000000c1f00000)
 Metaspace       used 5039K, capacity 6128K, committed 6272K, reserved 1056768K
  class space    used 525K, capacity 552K, committed 640K, reserved 1048576K

Card table byte_map: [0x00007f7114618000,0x00007f7114819000] byte_map_base: 0x00007f7114018000

Marking Bits: (ParMarkBitMap*) 0x00007f7129f42120
 Begin Bits: [0x00007f71122c0000, 0x00007f71132c0000)
 End Bits:   [0x00007f71132c0000, 0x00007f71142c0000)

Polling page: 0x00007f712ab83000

CodeCache: size=245760Kb used=2677Kb max_used=2677Kb free=243082Kb
 bounds [0x00007f7114bd9000, 0x00007f7114e79000, 0x00007f7123bd9000]
 total_blobs=877 nmethods=615 adapters=178
 compilation: enabled

Compilation events (10 events):
Event: 3.009 Thread 0x00007f71240b7800 nmethod 643 0x00007f7114e6c790 code [0x00007f7114e6c900, 0x00007f7114e6ca88]
Event: 3.009 Thread 0x00007f71240b7800  619       3       com.android.dx.rop.cst.CstNat::getFieldType (11 bytes)
Event: 3.009 Thread 0x00007f71240b7800 nmethod 619 0x00007f7114e6cb10 code [0x00007f7114e6cc80, 0x00007f7114e6cea8]
Event: 3.009 Thread 0x00007f71240b7800  644       3       com.android.dx.util.IntList::sort (29 bytes)
Event: 3.010 Thread 0x00007f71240b7800 nmethod 644 0x00007f7114e6cf50 code [0x00007f7114e6d100, 0x00007f7114e6d588]
Event: 3.010 Thread 0x00007f71240b7800  646       3       com.android.dx.ssa.SsaMethod::bitSetFromLabelList (47 bytes)
Event: 3.011 Thread 0x00007f71240b7800 nmethod 646 0x00007f7114e6d790 code [0x00007f7114e6d960, 0x00007f7114e6e0d8]
Event: 3.011 Thread 0x00007f71240b7800  651       3       com.android.dx.ssa.SsaBasicBlock::newFromRop (183 bytes)
Event: 3.023 Thread 0x00007f71240b7800 nmethod 651 0x00007f7114e6e3d0 code [0x00007f7114e6e6c0, 0x00007f7114e702d8]
Event: 3.023 Thread 0x00007f71240b7800  650       3       com.android.dx.ssa.SsaMethod::indexListFromLabelList (47 bytes)

GC Heap History (2 events):
Event: 1.769 GC heap before
{Heap before GC invocations=1 (full 0):
 PSYoungGen      total 13824K, used 12288K [0x00000000eab00000, 0x00000000eba00000, 0x0000000100000000)
  eden space 12288K, 100% used [0x00000000eab00000,0x00000000eb700000,0x00000000eb700000)
  from space 1536K, 0% used [0x00000000eb880000,0x00000000eb880000,0x00000000eba00000)
  to   space 1536K, 0% used [0x00000000eb700000,0x00000000eb700000,0x00000000eb880000)
 ParOldGen       total 31744K, used 0K [0x00000000c0000000, 0x00000000c1f00000, 0x00000000eab00000)
  object space 31744K, 0% used [0x00000000c0000000,0x00000000c0000000,0x00000000c1f00000)
 Metaspace       used 4908K, capacity 6000K, committed 6272K, reserved 1056768K
  class space    used 522K, capacity 552K, committed 640K, reserved 1048576K
Event: 1.817 GC heap after
Heap after GC invocations=1 (full 0):
 PSYoungGen      total 13824K, used 1524K [0x00000000eab00000, 0x00000000ec600000, 0x0000000100000000)
  eden space 12288K, 0% used [0x00000000eab00000,0x00000000eab00000,0x00000000eb700000)
  from space 1536K, 99% used [0x00000000eb700000,0x00000000eb87d260,0x00000000eb880000)
  to   space 1536K, 0% used [0x00000000ec480000,0x00000000ec480000,0x00000000ec600000)
 ParOldGen       total 31744K, used 2001K [0x00000000c0000000, 0x00000000c1f00000, 0x00000000eab00000)
  object space 31744K, 6% used [0x00000000c0000000,0x00000000c01f46a8,0x00000000c1f00000)
 Metaspace       used 4908K, capacity 6000K, committed 6272K, reserved 1056768K
  class space    used 522K, capacity 552K, committed 640K, reserved 1048576K
}

Deoptimization events (1 events):
Event: 0.742 Thread 0x00007f712400a000 Uncommon trap: reason=unstable_if action=reinterpret pc=0x00007f7114d17448 method=java.lang.String.indexOf(II)I @ 49

Internal exceptions (10 events):
Event: 1.968 Thread 0x00007f7124151800 Exception <a 'java/lang/ClassFormatError': com/android/dx/ssa/SsaRenamer$BlockRenamer> (0x00000000eac23140) thrown at [/HUDSON3/workspace/8-2-build-linux-amd64/jdk8u101/7261/hotspot/src/share/vm/oops/constantPool.cpp, line 235]
Event: 1.970 Thread 0x00007f7124151800 Exception <a 'java/lang/ClassFormatError': com/android/dx/ssa/SsaRenamer$BlockRenamer> (0x00000000eac26668) thrown at [/HUDSON3/workspace/8-2-build-linux-amd64/jdk8u101/7261/hotspot/src/share/vm/oops/constantPool.cpp, line 235]
Event: 1.979 Thread 0x00007f7124155000 Exception <a 'java/lang/ClassFormatError': com/android/dx/ssa/SsaRenamer$BlockRenamer> (0x00000000eac76870) thrown at [/HUDSON3/workspace/8-2-build-linux-amd64/jdk8u101/7261/hotspot/src/share/vm/oops/constantPool.cpp, line 235]
Event: 1.984 Thread 0x00007f7124155000 Exception <a 'java/lang/ClassFormatError': com/android/dx/ssa/SsaRenamer$BlockRenamer> (0x00000000eac7b130) thrown at [/HUDSON3/workspace/8-2-build-linux-amd64/jdk8u101/7261/hotspot/src/share/vm/oops/constantPool.cpp, line 235]
Event: 1.989 Thread 0x00007f7124155000 Exception <a 'java/lang/ClassFormatError': com/android/dx/ssa/SsaRenamer$BlockRenamer> (0x00000000ead23900) thrown at [/HUDSON3/workspace/8-2-build-linux-amd64/jdk8u101/7261/hotspot/src/share/vm/oops/constantPool.cpp, line 235]
Event: 1.990 Thread 0x00007f7124151800 Exception <a 'java/lang/ClassFormatError': com/android/dx/ssa/SsaRenamer$BlockRenamer> (0x00000000eacff800) thrown at [/HUDSON3/workspace/8-2-build-linux-amd64/jdk8u101/7261/hotspot/src/share/vm/oops/constantPool.cpp, line 235]
Event: 2.002 Thread 0x00007f7124151800 Exception <a 'java/lang/ClassFormatError': com/android/dx/ssa/SsaRenamer$BlockRenamer> (0x00000000ead03f88) thrown at [/HUDSON3/workspace/8-2-build-linux-amd64/jdk8u101/7261/hotspot/src/share/vm/oops/constantPool.cpp, line 235]
Event: 2.012 Thread 0x00007f7124155000 Exception <a 'java/lang/ClassFormatError': com/android/dx/ssa/SsaRenamer$BlockRenamer> (0x00000000ead26da0) thrown at [/HUDSON3/workspace/8-2-build-linux-amd64/jdk8u101/7261/hotspot/src/share/vm/oops/constantPool.cpp, line 235]
Event: 2.016 Thread 0x00007f7124151800 Exception <a 'java/lang/ClassFormatError': com/android/dx/ssa/SsaRenamer$BlockRenamer> (0x00000000ead07448) thrown at [/HUDSON3/workspace/8-2-build-linux-amd64/jdk8u101/7261/hotspot/src/share/vm/oops/constantPool.cpp, line 235]
Event: 2.020 Thread 0x00007f7124155000 Exception <a 'java/lang/ClassFormatError': com/android/dx/ssa/SsaRenamer$BlockRenamer> (0x00000000ead2aab0) thrown at [/HUDSON3/workspace/8-2-build-linux-amd64/jdk8u101/7261/hotspot/src/share/vm/oops/constantPool.cpp, line 235]

Events (10 events):
Event: 2.817 Thread 0x00007f7124153800 DEOPT PACKING pc=0x00007f7114e26c1a sp=0x00007f70f3af8f00
Event: 2.817 Thread 0x00007f7124153800 DEOPT UNPACKING pc=0x00007f7114c1ff73 sp=0x00007f70f3af8c88 mode 0
Event: 2.818 Thread 0x00007f7124148000 DEOPT PACKING pc=0x00007f7114e26c1a sp=0x00007f70f3dfbc80
Event: 2.818 Thread 0x00007f7124148000 DEOPT UNPACKING pc=0x00007f7114c1ff73 sp=0x00007f70f3dfba08 mode 0
Event: 2.819 Thread 0x00007f7124153800 DEOPT PACKING pc=0x00007f7114e26c1a sp=0x00007f70f3af8f00
Event: 2.819 Thread 0x00007f7124153800 DEOPT UNPACKING pc=0x00007f7114c1ff73 sp=0x00007f70f3af8c88 mode 0
Event: 2.868 Thread 0x00007f7124148000 DEOPT PACKING pc=0x00007f7114da4b8e sp=0x00007f70f3dfbfd0
Event: 2.868 Thread 0x00007f7124148000 DEOPT UNPACKING pc=0x00007f7114c1ff73 sp=0x00007f70f3dfbd18 mode 0
Event: 2.906 Thread 0x00007f7124153800 DEOPT PACKING pc=0x00007f7114da4b8e sp=0x00007f70f3af9250
Event: 2.906 Thread 0x00007f7124153800 DEOPT UNPACKING pc=0x00007f7114c1ff73 sp=0x00007f70f3af8f98 mode 0


Dynamic libraries:
00400000-00401000 r-xp 00000000 08:01 3279757                            /usr/lib/jvm/java-8-oracle/bin/java
00600000-00601000 rw-p 00000000 08:01 3279757                            /usr/lib/jvm/java-8-oracle/bin/java
01a0b000-01a2c000 rw-p 00000000 00:00 0                                  [heap]
c0000000-c1f00000 rw-p 00000000 00:00 0 
c1f00000-eab00000 ---p 00000000 00:00 0 
eab00000-ec600000 rw-p 00000000 00:00 0 
ec600000-100000000 ---p 00000000 00:00 0 
100000000-1000a0000 rw-p 00000000 00:00 0 
1000a0000-140000000 ---p 00000000 00:00 0 
7f70d4000000-7f70d4021000 rw-p 00000000 00:00 0 
7f70d4021000-7f70d8000000 ---p 00000000 00:00 0 
7f70d8000000-7f70d82ad000 rw-p 00000000 00:00 0 
7f70d82ad000-7f70dc000000 ---p 00000000 00:00 0 
7f70dc000000-7f70dc033000 rw-p 00000000 00:00 0 
7f70dc033000-7f70e0000000 ---p 00000000 00:00 0 
7f70e0000000-7f70e0021000 rw-p 00000000 00:00 0 
7f70e0021000-7f70e4000000 ---p 00000000 00:00 0 
7f70e4000000-7f70e4021000 rw-p 00000000 00:00 0 
7f70e4021000-7f70e8000000 ---p 00000000 00:00 0 
7f70e8000000-7f70e8021000 rw-p 00000000 00:00 0 
7f70e8021000-7f70ec000000 ---p 00000000 00:00 0 
7f70ec000000-7f70ec492000 rw-p 00000000 00:00 0 
7f70ec492000-7f70f0000000 ---p 00000000 00:00 0 
7f70f38f9000-7f70f38fc000 ---p 00000000 00:00 0 
7f70f38fc000-7f70f39fa000 rw-p 00000000 00:00 0 
7f70f39fa000-7f70f39fd000 ---p 00000000 00:00 0 
7f70f39fd000-7f70f3afb000 rw-p 00000000 00:00 0                          [stack:3652]
7f70f3afb000-7f70f3afe000 ---p 00000000 00:00 0 
7f70f3afe000-7f70f3bfc000 rw-p 00000000 00:00 0 
7f70f3bfc000-7f70f3bff000 ---p 00000000 00:00 0 
7f70f3bff000-7f70f3cfd000 rw-p 00000000 00:00 0                          [stack:3647]
7f70f3cfd000-7f70f3d00000 ---p 00000000 00:00 0 
7f70f3d00000-7f70f3dfe000 rw-p 00000000 00:00 0                          [stack:3646]
7f70f3dfe000-7f70f3dff000 ---p 00000000 00:00 0 
7f70f3dff000-7f70f3eff000 rw-p 00000000 00:00 0                          [stack:3644]
7f70f3eff000-7f70f3f02000 ---p 00000000 00:00 0 
7f70f3f02000-7f70f4000000 rw-p 00000000 00:00 0                          [stack:3643]
7f70f4000000-7f70f4021000 rw-p 00000000 00:00 0 
7f70f4021000-7f70f8000000 ---p 00000000 00:00 0 
7f70f8000000-7f70f83a8000 rw-p 00000000 00:00 0 
7f70f83a8000-7f70fc000000 ---p 00000000 00:00 0 
7f70fc000000-7f70fc021000 rw-p 00000000 00:00 0 
7f70fc021000-7f7100000000 ---p 00000000 00:00 0 
7f7100000000-7f7100021000 rw-p 00000000 00:00 0 
7f7100021000-7f7104000000 ---p 00000000 00:00 0 
7f7104000000-7f7104021000 rw-p 00000000 00:00 0 
7f7104021000-7f7108000000 ---p 00000000 00:00 0 
7f7108000000-7f7108021000 rw-p 00000000 00:00 0 
7f7108021000-7f710c000000 ---p 00000000 00:00 0 
7f710c000000-7f710c021000 rw-p 00000000 00:00 0 
7f710c021000-7f7110000000 ---p 00000000 00:00 0 
7f711000e000-7f7110011000 ---p 00000000 00:00 0 
7f7110011000-7f711010f000 rw-p 00000000 00:00 0                          [stack:3642]
7f711010f000-7f7110112000 ---p 00000000 00:00 0 
7f7110112000-7f7110210000 rw-p 00000000 00:00 0                          [stack:3641]
7f7110210000-7f7110213000 ---p 00000000 00:00 0 
7f7110213000-7f7110311000 rw-p 00000000 00:00 0                          [stack:3640]
7f7110311000-7f71109f5000 r--p 00000000 08:01 13113697                   /usr/lib/locale/locale-archive
7f71109f5000-7f71109f8000 ---p 00000000 00:00 0 
7f71109f8000-7f7110af6000 rw-p 00000000 00:00 0                          [stack:3635]
7f7110af6000-7f7110af9000 ---p 00000000 00:00 0 
7f7110af9000-7f7110bf7000 rw-p 00000000 00:00 0                          [stack:3633]
7f7110bf7000-7f7110bf8000 ---p 00000000 00:00 0 
7f7110bf8000-7f7111671000 rw-p 00000000 00:00 0                          [stack:3632]
7f7111671000-7f711184a000 r--s 03d29000 08:01 13118676                   /usr/lib/jvm/java-8-oracle/jre/lib/rt.jar
7f711184a000-7f7111e40000 rw-p 00000000 00:00 0 
7f7111e40000-7f71120c0000 ---p 00000000 00:00 0 
7f71120c0000-7f71142c0000 rw-p 00000000 00:00 0 
7f71142c0000-7f71142c1000 ---p 00000000 00:00 0 
7f71142c1000-7f71143c1000 rw-p 00000000 00:00 0                          [stack:3629]
7f71143c1000-7f71143c2000 ---p 00000000 00:00 0 
7f71143c2000-7f71144d2000 rw-p 00000000 00:00 0                          [stack:3627]
7f71144d2000-7f7114618000 ---p 00000000 00:00 0 
7f7114618000-7f7114628000 rw-p 00000000 00:00 0 
7f7114628000-7f711476d000 ---p 00000000 00:00 0 
7f711476d000-7f711477b000 rw-p 00000000 00:00 0 
7f711477b000-7f7114818000 ---p 00000000 00:00 0 
7f7114818000-7f7114824000 rw-p 00000000 00:00 0 
7f7114824000-7f7114bd9000 ---p 00000000 00:00 0 
7f7114bd9000-7f7114e79000 rwxp 00000000 00:00 0 
7f7114e79000-7f7123bd9000 ---p 00000000 00:00 0 
7f7123bd9000-7f7123bf3000 r-xp 00000000 08:01 13766358                   /usr/lib/jvm/java-8-oracle/jre/lib/amd64/libzip.so
7f7123bf3000-7f7123df3000 ---p 0001a000 08:01 13766358                   /usr/lib/jvm/java-8-oracle/jre/lib/amd64/libzip.so
7f7123df3000-7f7123df4000 rw-p 0001a000 08:01 13766358                   /usr/lib/jvm/java-8-oracle/jre/lib/amd64/libzip.so
7f7123df4000-7f7123dff000 r-xp 00000000 08:01 2621673                    /lib/x86_64-linux-gnu/libnss_files-2.15.so
7f7123dff000-7f7123ffe000 ---p 0000b000 08:01 2621673                    /lib/x86_64-linux-gnu/libnss_files-2.15.so
7f7123ffe000-7f7123fff000 r--p 0000a000 08:01 2621673                    /lib/x86_64-linux-gnu/libnss_files-2.15.so
7f7123fff000-7f7124000000 rw-p 0000b000 08:01 2621673                    /lib/x86_64-linux-gnu/libnss_files-2.15.so
7f7124000000-7f7124387000 rw-p 00000000 00:00 0 
7f7124387000-7f7128000000 ---p 00000000 00:00 0 
7f7128013000-7f712801d000 r-xp 00000000 08:01 2621658                    /lib/x86_64-linux-gnu/libnss_nis-2.15.so
7f712801d000-7f712821d000 ---p 0000a000 08:01 2621658                    /lib/x86_64-linux-gnu/libnss_nis-2.15.so
7f712821d000-7f712821e000 r--p 0000a000 08:01 2621658                    /lib/x86_64-linux-gnu/libnss_nis-2.15.so
7f712821e000-7f712821f000 rw-p 0000b000 08:01 2621658                    /lib/x86_64-linux-gnu/libnss_nis-2.15.so
7f712821f000-7f7128236000 r-xp 00000000 08:01 2621667                    /lib/x86_64-linux-gnu/libnsl-2.15.so
7f7128236000-7f7128435000 ---p 00017000 08:01 2621667                    /lib/x86_64-linux-gnu/libnsl-2.15.so
7f7128435000-7f7128436000 r--p 00016000 08:01 2621667                    /lib/x86_64-linux-gnu/libnsl-2.15.so
7f7128436000-7f7128437000 rw-p 00017000 08:01 2621667                    /lib/x86_64-linux-gnu/libnsl-2.15.so
7f7128437000-7f7128439000 rw-p 00000000 00:00 0 
7f7128439000-7f7128441000 r-xp 00000000 08:01 2621672                    /lib/x86_64-linux-gnu/libnss_compat-2.15.so
7f7128441000-7f7128640000 ---p 00008000 08:01 2621672                    /lib/x86_64-linux-gnu/libnss_compat-2.15.so
7f7128640000-7f7128641000 r--p 00007000 08:01 2621672                    /lib/x86_64-linux-gnu/libnss_compat-2.15.so
7f7128641000-7f7128642000 rw-p 00008000 08:01 2621672                    /lib/x86_64-linux-gnu/libnss_compat-2.15.so
7f7128642000-7f712866c000 r-xp 00000000 08:01 13766323                   /usr/lib/jvm/java-8-oracle/jre/lib/amd64/libjava.so
7f712866c000-7f712886c000 ---p 0002a000 08:01 13766323                   /usr/lib/jvm/java-8-oracle/jre/lib/amd64/libjava.so
7f712886c000-7f712886e000 rw-p 0002a000 08:01 13766323                   /usr/lib/jvm/java-8-oracle/jre/lib/amd64/libjava.so
7f712886e000-7f712887b000 r-xp 00000000 08:01 13766361                   /usr/lib/jvm/java-8-oracle/jre/lib/amd64/libverify.so
7f712887b000-7f7128a7b000 ---p 0000d000 08:01 13766361                   /usr/lib/jvm/java-8-oracle/jre/lib/amd64/libverify.so
7f7128a7b000-7f7128a7d000 rw-p 0000d000 08:01 13766361                   /usr/lib/jvm/java-8-oracle/jre/lib/amd64/libverify.so
7f7128a7d000-7f7128a84000 r-xp 00000000 08:01 2621660                    /lib/x86_64-linux-gnu/librt-2.15.so
7f7128a84000-7f7128c83000 ---p 00007000 08:01 2621660                    /lib/x86_64-linux-gnu/librt-2.15.so
7f7128c83000-7f7128c84000 r--p 00006000 08:01 2621660                    /lib/x86_64-linux-gnu/librt-2.15.so
7f7128c84000-7f7128c85000 rw-p 00007000 08:01 2621660                    /lib/x86_64-linux-gnu/librt-2.15.so
7f7128c85000-7f7128d80000 r-xp 00000000 08:01 2621674                    /lib/x86_64-linux-gnu/libm-2.15.so
7f7128d80000-7f7128f7f000 ---p 000fb000 08:01 2621674                    /lib/x86_64-linux-gnu/libm-2.15.so
7f7128f7f000-7f7128f80000 r--p 000fa000 08:01 2621674                    /lib/x86_64-linux-gnu/libm-2.15.so
7f7128f80000-7f7128f81000 rw-p 000fb000 08:01 2621674                    /lib/x86_64-linux-gnu/libm-2.15.so
7f7128f81000-7f7129c4c000 r-xp 00000000 08:01 13894575                   /usr/lib/jvm/java-8-oracle/jre/lib/amd64/server/libjvm.so
7f7129c4c000-7f7129e4b000 ---p 00ccb000 08:01 13894575                   /usr/lib/jvm/java-8-oracle/jre/lib/amd64/server/libjvm.so
7f7129e4b000-7f7129f24000 rw-p 00cca000 08:01 13894575                   /usr/lib/jvm/java-8-oracle/jre/lib/amd64/server/libjvm.so
7f7129f24000-7f7129f6f000 rw-p 00000000 00:00 0 
7f7129f6f000-7f712a123000 r-xp 00000000 08:01 2621665                    /lib/x86_64-linux-gnu/libc-2.15.so
7f712a123000-7f712a322000 ---p 001b4000 08:01 2621665                    /lib/x86_64-linux-gnu/libc-2.15.so
7f712a322000-7f712a326000 r--p 001b3000 08:01 2621665                    /lib/x86_64-linux-gnu/libc-2.15.so
7f712a326000-7f712a328000 rw-p 001b7000 08:01 2621665                    /lib/x86_64-linux-gnu/libc-2.15.so
7f712a328000-7f712a32d000 rw-p 00000000 00:00 0 
7f712a32d000-7f712a32f000 r-xp 00000000 08:01 2621657                    /lib/x86_64-linux-gnu/libdl-2.15.so
7f712a32f000-7f712a52f000 ---p 00002000 08:01 2621657                    /lib/x86_64-linux-gnu/libdl-2.15.so
7f712a52f000-7f712a530000 r--p 00002000 08:01 2621657                    /lib/x86_64-linux-gnu/libdl-2.15.so
7f712a530000-7f712a531000 rw-p 00003000 08:01 2621657                    /lib/x86_64-linux-gnu/libdl-2.15.so
7f712a531000-7f712a546000 r-xp 00000000 08:01 2627921                    /usr/lib/jvm/java-8-oracle/lib/amd64/jli/libjli.so
7f712a546000-7f712a746000 ---p 00015000 08:01 2627921                    /usr/lib/jvm/java-8-oracle/lib/amd64/jli/libjli.so
7f712a746000-7f712a747000 rw-p 00015000 08:01 2627921                    /usr/lib/jvm/java-8-oracle/lib/amd64/jli/libjli.so
7f712a747000-7f712a75f000 r-xp 00000000 08:01 2621668                    /lib/x86_64-linux-gnu/libpthread-2.15.so
7f712a75f000-7f712a95e000 ---p 00018000 08:01 2621668                    /lib/x86_64-linux-gnu/libpthread-2.15.so
7f712a95e000-7f712a95f000 r--p 00017000 08:01 2621668                    /lib/x86_64-linux-gnu/libpthread-2.15.so
7f712a95f000-7f712a960000 rw-p 00018000 08:01 2621668                    /lib/x86_64-linux-gnu/libpthread-2.15.so
7f712a960000-7f712a964000 rw-p 00000000 00:00 0 
7f712a964000-7f712a986000 r-xp 00000000 08:01 2621671                    /lib/x86_64-linux-gnu/ld-2.15.so
7f712a98b000-7f712aa66000 rw-p 00000000 00:00 0 
7f712aa66000-7f712aa69000 ---p 00000000 00:00 0 
7f712aa69000-7f712ab6b000 rw-p 00000000 00:00 0                          [stack:3623]
7f712ab6b000-7f712ab7a000 r--s 000df000 08:01 11274850                   /root/Android/Sdk/build-tools/23.0.3/lib/dx.jar
7f712ab7a000-7f712ab82000 rw-s 00000000 08:01 4849845                    /tmp/hsperfdata_root/3620
7f712ab82000-7f712ab83000 rw-p 00000000 00:00 0 
7f712ab83000-7f712ab84000 r--p 00000000 00:00 0 
7f712ab84000-7f712ab86000 rw-p 00000000 00:00 0 
7f712ab86000-7f712ab87000 r--p 00022000 08:01 2621671                    /lib/x86_64-linux-gnu/ld-2.15.so
7f712ab87000-7f712ab89000 rw-p 00023000 08:01 2621671                    /lib/x86_64-linux-gnu/ld-2.15.so
7ffc89b02000-7ffc89b23000 rw-p 00000000 00:00 0                          [stack]
7ffc89b94000-7ffc89b96000 r-xp 00000000 00:00 0                          [vdso]
ffffffffff600000-ffffffffff601000 r-xp 00000000 00:00 0                  [vsyscall]

VM Arguments:
jvm_args: -Djava.awt.headless=true -Xmx1024M -Dfile.encoding=UTF-8 -Duser.country=US -Duser.language=en -Duser.variant 
java_command: com.android.dx.command.Main --dex --num-threads=4 --output /home/lin/other/AndroidProjects/Radio/app/build/intermediates/pre-dexed/debug/htmlcleaner-2.16_24bd37a77051bd7d20853a67f6198fdec94d3ade.jar /home/lin/other/AndroidProjects/Radio/app/libs/htmlcleaner-2.16.jar
java_class_path (initial): /root/Android/Sdk/build-tools/23.0.3/lib/dx.jar
Launcher Type: SUN_STANDARD

Environment Variables:
PATH=/usr/local/sbin:/usr/local/bin:/usr/sbin:/usr/bin:/sbin:/bin
USERNAME=root
LD_LIBRARY_PATH=/opt/android-studio/bin:
SHELL=/bin/bash
DISPLAY=:0.0

Signal Handlers:
SIGSEGV: [libjvm.so+0xac4790], sa_mask[0]=11111111011111111101111111111110, sa_flags=SA_RESTART|SA_SIGINFO
SIGBUS: [libjvm.so+0xac4790], sa_mask[0]=11111111011111111101111111111110, sa_flags=SA_RESTART|SA_SIGINFO
SIGFPE: [libjvm.so+0x91f140], sa_mask[0]=11111111011111111101111111111110, sa_flags=SA_RESTART|SA_SIGINFO
SIGPIPE: [libjvm.so+0x91f140], sa_mask[0]=11111111011111111101111111111110, sa_flags=SA_RESTART|SA_SIGINFO
SIGXFSZ: [libjvm.so+0x91f140], sa_mask[0]=11111111011111111101111111111110, sa_flags=SA_RESTART|SA_SIGINFO
SIGILL: [libjvm.so+0x91f140], sa_mask[0]=11111111011111111101111111111110, sa_flags=SA_RESTART|SA_SIGINFO
SIGUSR1: SIG_DFL, sa_mask[0]=00000000000000000000000000000000, sa_flags=none
SIGUSR2: [libjvm.so+0x920770], sa_mask[0]=00100000000000000000000000000000, sa_flags=SA_RESTART|SA_SIGINFO
SIGHUP: [libjvm.so+0x921b70], sa_mask[0]=11111111011111111101111111111110, sa_flags=SA_RESTART|SA_SIGINFO
SIGINT: [libjvm.so+0x921b70], sa_mask[0]=11111111011111111101111111111110, sa_flags=SA_RESTART|SA_SIGINFO
SIGTERM: [libjvm.so+0x921b70], sa_mask[0]=11111111011111111101111111111110, sa_flags=SA_RESTART|SA_SIGINFO
SIGQUIT: [libjvm.so+0x921b70], sa_mask[0]=11111111011111111101111111111110, sa_flags=SA_RESTART|SA_SIGINFO


---------------  S Y S T E M  ---------------

OS:DISTRIB_ID=Ubuntu
DISTRIB_RELEASE=12.04
DISTRIB_CODENAME=precise
DISTRIB_DESCRIPTION="Ubuntu 12.04.5 LTS"

uname:Linux 3.13.0-95-generic #142~precise1-Ubuntu SMP Fri Aug 12 18:20:15 UTC 2016 x86_64
libc:glibc 2.15 NPTL 2.15 
rlimit: STACK 8192k, CORE 0k, NPROC 22873, NOFILE 4096, AS infinity
load average:1.43 1.66 1.17

/proc/meminfo:
MemTotal:        2948840 kB
MemFree:          177084 kB
Buffers:           83700 kB
Cached:          1005244 kB
SwapCached:            0 kB
Active:          1883568 kB
Inactive:         713972 kB
Active(anon):    1509832 kB
Inactive(anon):    92924 kB
Active(file):     373736 kB
Inactive(file):   621048 kB
Unevictable:           0 kB
Mlocked:               0 kB
SwapTotal:       3008508 kB
SwapFree:        3008508 kB
Dirty:               400 kB
Writeback:             0 kB
AnonPages:       1508696 kB
Mapped:           129416 kB
Shmem:             94164 kB
Slab:              91132 kB
SReclaimable:      66336 kB
SUnreclaim:        24796 kB
KernelStack:        3888 kB
PageTables:        29184 kB
NFS_Unstable:          0 kB
Bounce:                0 kB
WritebackTmp:          0 kB
CommitLimit:     4482928 kB
Committed_AS:    3631200 kB
VmallocTotal:   34359738367 kB
VmallocUsed:      346432 kB
VmallocChunk:   34359384668 kB
HardwareCorrupted:     0 kB
AnonHugePages:    694272 kB
HugePages_Total:       0
HugePages_Free:        0
HugePages_Rsvd:        0
HugePages_Surp:        0
Hugepagesize:       2048 kB
DirectMap4k:       55684 kB
DirectMap2M:     2955264 kB


CPU:total 2 (2 cores per cpu, 1 threads per core) family 6 model 15 stepping 13, cmov, cx8, fxsr, mmx, sse, sse2, sse3, ssse3, tsc

/proc/cpuinfo:
processor	: 0
vendor_id	: GenuineIntel
cpu family	: 6
model		: 15
model name	: Genuine Intel(R) CPU           T1600  @ 1.66GHz
stepping	: 13
microcode	: 0xa3
cpu MHz		: 1662.579
cache size	: 1024 KB
physical id	: 0
siblings	: 2
core id		: 0
cpu cores	: 2
apicid		: 0
initial apicid	: 0
fpu		: yes
fpu_exception	: yes
cpuid level	: 10
wp		: yes
flags		: fpu vme de pse tsc msr pae mce cx8 apic sep mtrr pge mca cmov pat pse36 clflush dts acpi mmx fxsr sse sse2 ss ht tm pbe syscall nx lm constant_tsc arch_perfmon pebs bts rep_good nopl aperfmperf pni dtes64 monitor ds_cpl tm2 ssse3 cx16 xtpr pdcm lahf_lm dtherm
bogomips	: 3325.15
clflush size	: 64
cache_alignment	: 64
address sizes	: 36 bits physical, 48 bits virtual
power management:

processor	: 1
vendor_id	: GenuineIntel
cpu family	: 6
model		: 15
model name	: Genuine Intel(R) CPU           T1600  @ 1.66GHz
stepping	: 13
microcode	: 0xa3
cpu MHz		: 1662.579
cache size	: 1024 KB
physical id	: 0
siblings	: 2
core id		: 1
cpu cores	: 2
apicid		: 1
initial apicid	: 1
fpu		: yes
fpu_exception	: yes
cpuid level	: 10
wp		: yes
flags		: fpu vme de pse tsc msr pae mce cx8 apic sep mtrr pge mca cmov pat pse36 clflush dts acpi mmx fxsr sse sse2 ss ht tm pbe syscall nx lm constant_tsc arch_perfmon pebs bts rep_good nopl aperfmperf pni dtes64 monitor ds_cpl tm2 ssse3 cx16 xtpr pdcm lahf_lm dtherm
bogomips	: 3325.15
clflush size	: 64
cache_alignment	: 64
address sizes	: 36 bits physical, 48 bits virtual
power management:



Memory: 4k page, physical 2948840k(176820k free), swap 3008508k(3008508k free)

vm_info: Java HotSpot(TM) 64-Bit Server VM (25.101-b13) for linux-amd64 JRE (1.8.0_101-b13), built on Jun 22 2016 02:59:44 by "java_re" with gcc 4.3.0 20080428 (Red Hat 4.3.0-8)

time: Thu Sep  8 18:13:28 2016
elapsed time: 3 seconds (0d 0h 0m 3s)

