#
# A fatal error has been detected by the Java Runtime Environment:
#
#  SIGSEGV (0xb) at pc=0x00007f623456fc6b, pid=15174, tid=0x00007f6216c0e700
#
# JRE version: Java(TM) SE Runtime Environment (8.0_101-b13) (build 1.8.0_101-b13)
# Java VM: Java HotSpot(TM) 64-Bit Server VM (25.101-b13 mixed mode linux-amd64 compressed oops)
# Problematic frame:
# V  [libjvm.so+0x7c9c6b]  Klass::external_name() const+0x1b
#
# Failed to write core dump. Core dumps have been disabled. To enable core dumping, try "ulimit -c unlimited" before starting Java again
#
# If you would like to submit a bug report, please visit:
#   http://bugreport.java.com/bugreport/crash.jsp
#

---------------  T H R E A D  ---------------

Current thread (0x00007f622c14e000):  JavaThread "pool-1-thread-1" [_thread_in_vm, id=15194, stack(0x00007f6216b0e000,0x00007f6216c0f000)]

siginfo: si_signo: 11 (SIGSEGV), si_code: 1 (SEGV_MAPERR), si_addr: 0x0000000000000008

Registers:
RAX=0x00007f6234d33b90, RBX=0x00007f622c14ad60, RCX=0x0000000000000003, RDX=0x0000000000000000
RSP=0x00007f6216c0cba0, RBP=0x00007f6216c0cbf0, RSI=0x00000000edd3f240, RDI=0x0000000000000000
R8 =0x00007f621cb9b638, R9 =0x000000000000e699, R10=0x0000000000000004, R11=0x00000000ed38f948
R12=0x00007f6200000e60, R13=0x0000000000000000, R14=0x00000000000003d8, R15=0x00007f6200001248
RIP=0x00007f623456fc6b, EFLAGS=0x0000000000010206, CSGSFS=0x0000000000000033, ERR=0x0000000000000004
  TRAPNO=0x000000000000000e

Top of Stack: (sp=0x00007f6216c0cba0)
0x00007f6216c0cba0:   00007f6204005310 00007f622c14e000
0x00007f6216c0cbb0:   00007f6216c0cb60 00007f6216c0cec0
0x00007f6216c0cbc0:   00007f6216c0cbf0 00007f6216c0cec0
0x00007f6216c0cbd0:   00007f622c14ad60 00007f6200000e60
0x00007f6216c0cbe0:   00007f622c14e000 00000000000003d8
0x00007f6216c0cbf0:   00007f6216c0cc40 00007f6234181cad
0x00007f6216c0cc00:   00007f621cb9d0b0 00007f6200000e70
0x00007f6216c0cc10:   00007f6216c0cdf0 00000001000807f0
0x00007f6216c0cc20:   0000000000000000 00007f621d2d031c
0x00007f6216c0cc30:   00007f6216c0cb60 00007f622c14e000
0x00007f6216c0cc40:   00007f6216c0ce20 00007f621d104b66
0x00007f6216c0cc50:   000000000000e698 000000003f400000
0x00007f6216c0cc60:   000000003f400000 4020cccccccccccd
0x00007f6216c0cc70:   4020cccccccccccd 616c632e726f7461
0x00007f6216c0cc80:   19073a3a00b80619 00007f621c61c158
0x00007f6216c0cc90:   00007f621c600778 0000000000000000
0x00007f6216c0cca0:   0000ffff00000000 0000000000000000
0x00007f6216c0ccb0:   0000ffff00000000 0000000000000000
0x00007f6216c0ccc0:   0000000000000000 0000000000000000
0x00007f6216c0ccd0:   0000000000000000 00000000c0409458
0x00007f6216c0cce0:   00007f6216c0d0a0 00007f621d20ec4c
0x00007f6216c0ccf0:   00007f621cb35da8 00007f622c14e000
0x00007f6216c0cd00:   00007f621cb35da8 00007f622c14e000
0x00007f6216c0cd10:   0000000e00000012 00007f621cb35da8
0x00007f6216c0cd20:   0000000000000000 00000000edd7d370
0x00007f6216c0cd30:   00000000ed394cd8 00000000ed393070
0x00007f6216c0cd40:   00007f6216c0d0a0 00007f621d2394ac
0x00007f6216c0cd50:   00007f6216c0d0a0 00007f621d361c9c
0x00007f6216c0cd60:   00000000edcf5fe8 00007f6216c0cda8
0x00007f6216c0cd70:   00007f622c14e000 00007f6216c0cb60
0x00007f6216c0cd80:   00007f621d2d031c 0000000000000000
0x00007f6216c0cd90:   0000000000000000 0000000000000000 

Instructions: (pc=0x00007f623456fc6b)
0x00007f623456fc4b:   00 00 00 00 00 55 48 89 e5 4c 89 6d f0 48 89 5d
0x00007f623456fc5b:   e0 49 89 fd 4c 89 65 e8 4c 89 75 f8 48 83 ec 50
0x00007f623456fc6b:   8b 47 08 85 c0 0f 8e e2 00 00 00 f6 87 0e 01 00
0x00007f623456fc7b:   00 08 0f 84 d5 00 00 00 48 8b 7f 68 31 d2 48 85 

Register to memory mapping:

RAX=0x00007f6234d33b90: <offset 0xf8db90> in /usr/lib/jvm/java-8-oracle/jre/lib/amd64/server/libjvm.so at 0x00007f6233da6000
RBX=0x00007f622c14ad60 is an unknown value
RCX=0x0000000000000003 is an unknown value
RDX=0x0000000000000000 is an unknown value
RSP=0x00007f6216c0cba0 is pointing into the stack for thread: 0x00007f622c14e000
RBP=0x00007f6216c0cbf0 is pointing into the stack for thread: 0x00007f622c14e000
RSI=0x00000000edd3f240 is an oop

[error occurred during error reporting (printing register info), id 0xb]

Stack: [0x00007f6216b0e000,0x00007f6216c0f000],  sp=0x00007f6216c0cba0,  free space=1018k
Native frames: (J=compiled Java code, j=interpreted, Vv=VM code, C=native code)
V  [libjvm.so+0x7c9c6b]  Klass::external_name() const+0x1b
V  [libjvm.so+0x3dbcad]  Runtime1::throw_class_cast_exception(JavaThread*, oopDesc*)+0x5d
v  ~RuntimeStub::throw_class_cast_exception Runtime1 stub
J 509 C1 com.android.dx.ssa.RegisterMapper.map(Lcom/android/dx/rop/code/RegisterSpecList;)Lcom/android/dx/rop/code/RegisterSpecList; (63 bytes) @ 0x00007f621d206de5 [0x00007f621d205f80+0xe65]
J 508 C1 com.android.dx.ssa.NormalSsaInsn.mapSourceRegisters(Lcom/android/dx/ssa/RegisterMapper;)V (48 bytes) @ 0x00007f621d21bfc4 [0x00007f621d21be20+0x1a4]
J 1404 C1 com.android.dx.ssa.SsaMethod.mapRegisters(Lcom/android/dx/ssa/RegisterMapper;)V (87 bytes) @ 0x00007f621d3863c4 [0x00007f621d3857c0+0xc04]
j  com.android.dx.ssa.back.SsaToRop.convert()Lcom/android/dx/rop/code/RopMethod;+37
j  com.android.dx.ssa.back.SsaToRop.convertToRopMethod(Lcom/android/dx/ssa/SsaMethod;Z)Lcom/android/dx/rop/code/RopMethod;+9
j  com.android.dx.ssa.Optimizer.optimize(Lcom/android/dx/rop/code/RopMethod;IZZLcom/android/dx/rop/code/TranslationAdvice;Ljava/util/EnumSet;)Lcom/android/dx/rop/code/RopMethod;+30
j  com.android.dx.ssa.Optimizer.optimize(Lcom/android/dx/rop/code/RopMethod;IZZLcom/android/dx/rop/code/TranslationAdvice;)Lcom/android/dx/rop/code/RopMethod;+12
j  com.android.dx.dex.cf.CfTranslator.processMethods(Lcom/android/dx/cf/direct/DirectClassFile;Lcom/android/dx/dex/cf/CfOptions;Lcom/android/dx/dex/DexOptions;Lcom/android/dx/dex/file/ClassDefItem;Lcom/android/dx/dex/file/DexFile;)V+265
j  com.android.dx.dex.cf.CfTranslator.translate0(Lcom/android/dx/cf/direct/DirectClassFile;[BLcom/android/dx/dex/cf/CfOptions;Lcom/android/dx/dex/DexOptions;Lcom/android/dx/dex/file/DexFile;)Lcom/android/dx/dex/file/ClassDefItem;+120
j  com.android.dx.dex.cf.CfTranslator.translate(Lcom/android/dx/cf/direct/DirectClassFile;[BLcom/android/dx/dex/cf/CfOptions;Lcom/android/dx/dex/DexOptions;Lcom/android/dx/dex/file/DexFile;)Lcom/android/dx/dex/file/ClassDefItem;+6
j  com.android.dx.command.dexer.Main.translateClass([BLcom/android/dx/cf/direct/DirectClassFile;)Lcom/android/dx/dex/file/ClassDefItem;+17
j  com.android.dx.command.dexer.Main.access$2700([BLcom/android/dx/cf/direct/DirectClassFile;)Lcom/android/dx/dex/file/ClassDefItem;+2
j  com.android.dx.command.dexer.Main$ClassTranslatorTask.call()Lcom/android/dx/dex/file/ClassDefItem;+8
j  com.android.dx.command.dexer.Main$ClassTranslatorTask.call()Ljava/lang/Object;+1
j  java.util.concurrent.FutureTask.run()V+42
j  java.util.concurrent.ThreadPoolExecutor.runWorker(Ljava/util/concurrent/ThreadPoolExecutor$Worker;)V+95
j  java.util.concurrent.ThreadPoolExecutor$Worker.run()V+5
j  java.lang.Thread.run()V+11
v  ~StubRoutines::call_stub
V  [libjvm.so+0x68f6b6]  JavaCalls::call_helper(JavaValue*, methodHandle*, JavaCallArguments*, Thread*)+0x1056
V  [libjvm.so+0x68fbc1]  JavaCalls::call_virtual(JavaValue*, KlassHandle, Symbol*, Symbol*, JavaCallArguments*, Thread*)+0x321
V  [libjvm.so+0x690067]  JavaCalls::call_virtual(JavaValue*, Handle, KlassHandle, Symbol*, Symbol*, Thread*)+0x47
V  [libjvm.so+0x726fc0]  thread_entry(JavaThread*, Thread*)+0xa0
V  [libjvm.so+0xa7343f]  JavaThread::thread_main_inner()+0xdf
V  [libjvm.so+0xa7356c]  JavaThread::run()+0x11c
V  [libjvm.so+0x924698]  java_start(Thread*)+0x108
C  [libpthread.so.0+0x7e9a]  start_thread+0xda

Java frames: (J=compiled Java code, j=interpreted, Vv=VM code)
v  ~RuntimeStub::throw_class_cast_exception Runtime1 stub
J 509 C1 com.android.dx.ssa.RegisterMapper.map(Lcom/android/dx/rop/code/RegisterSpecList;)Lcom/android/dx/rop/code/RegisterSpecList; (63 bytes) @ 0x00007f621d206de5 [0x00007f621d205f80+0xe65]
J 508 C1 com.android.dx.ssa.NormalSsaInsn.mapSourceRegisters(Lcom/android/dx/ssa/RegisterMapper;)V (48 bytes) @ 0x00007f621d21bfc4 [0x00007f621d21be20+0x1a4]
J 1404 C1 com.android.dx.ssa.SsaMethod.mapRegisters(Lcom/android/dx/ssa/RegisterMapper;)V (87 bytes) @ 0x00007f621d3863c4 [0x00007f621d3857c0+0xc04]
j  com.android.dx.ssa.back.SsaToRop.convert()Lcom/android/dx/rop/code/RopMethod;+37
j  com.android.dx.ssa.back.SsaToRop.convertToRopMethod(Lcom/android/dx/ssa/SsaMethod;Z)Lcom/android/dx/rop/code/RopMethod;+9
j  com.android.dx.ssa.Optimizer.optimize(Lcom/android/dx/rop/code/RopMethod;IZZLcom/android/dx/rop/code/TranslationAdvice;Ljava/util/EnumSet;)Lcom/android/dx/rop/code/RopMethod;+30
j  com.android.dx.ssa.Optimizer.optimize(Lcom/android/dx/rop/code/RopMethod;IZZLcom/android/dx/rop/code/TranslationAdvice;)Lcom/android/dx/rop/code/RopMethod;+12
j  com.android.dx.dex.cf.CfTranslator.processMethods(Lcom/android/dx/cf/direct/DirectClassFile;Lcom/android/dx/dex/cf/CfOptions;Lcom/android/dx/dex/DexOptions;Lcom/android/dx/dex/file/ClassDefItem;Lcom/android/dx/dex/file/DexFile;)V+265
j  com.android.dx.dex.cf.CfTranslator.translate0(Lcom/android/dx/cf/direct/DirectClassFile;[BLcom/android/dx/dex/cf/CfOptions;Lcom/android/dx/dex/DexOptions;Lcom/android/dx/dex/file/DexFile;)Lcom/android/dx/dex/file/ClassDefItem;+120
j  com.android.dx.dex.cf.CfTranslator.translate(Lcom/android/dx/cf/direct/DirectClassFile;[BLcom/android/dx/dex/cf/CfOptions;Lcom/android/dx/dex/DexOptions;Lcom/android/dx/dex/file/DexFile;)Lcom/android/dx/dex/file/ClassDefItem;+6
j  com.android.dx.command.dexer.Main.translateClass([BLcom/android/dx/cf/direct/DirectClassFile;)Lcom/android/dx/dex/file/ClassDefItem;+17
j  com.android.dx.command.dexer.Main.access$2700([BLcom/android/dx/cf/direct/DirectClassFile;)Lcom/android/dx/dex/file/ClassDefItem;+2
j  com.android.dx.command.dexer.Main$ClassTranslatorTask.call()Lcom/android/dx/dex/file/ClassDefItem;+8
j  com.android.dx.command.dexer.Main$ClassTranslatorTask.call()Ljava/lang/Object;+1
j  java.util.concurrent.FutureTask.run()V+42
j  java.util.concurrent.ThreadPoolExecutor.runWorker(Ljava/util/concurrent/ThreadPoolExecutor$Worker;)V+95
j  java.util.concurrent.ThreadPoolExecutor$Worker.run()V+5
j  java.lang.Thread.run()V+11
v  ~StubRoutines::call_stub

---------------  P R O C E S S  ---------------

Java Threads: ( => current thread )
  0x00007f622c160000 JavaThread "pool-1-thread-4" [_thread_in_Java, id=15198, stack(0x00007f621670a000,0x00007f621680b000)]
  0x00007f622c15f000 JavaThread "pool-1-thread-3" [_thread_in_Java, id=15197, stack(0x00007f621680b000,0x00007f621690c000)]
  0x00007f622c15d000 JavaThread "pool-1-thread-2" [_thread_in_Java, id=15196, stack(0x00007f621690c000,0x00007f6216a0d000)]
  0x00007f622c150000 JavaThread "pool-2-thread-1" [_thread_blocked, id=15195, stack(0x00007f6216a0d000,0x00007f6216b0e000)]
=>0x00007f622c14e000 JavaThread "pool-1-thread-1" [_thread_in_vm, id=15194, stack(0x00007f6216b0e000,0x00007f6216c0f000)]
  0x00007f622c0c4000 JavaThread "Service Thread" daemon [_thread_blocked, id=15191, stack(0x00007f6216d10000,0x00007f6216e11000)]
  0x00007f622c0b7800 JavaThread "C1 CompilerThread1" daemon [_thread_in_vm_trans, id=15188, stack(0x00007f6216e11000,0x00007f6216f12000)]
  0x00007f622c0b4800 JavaThread "C2 CompilerThread0" daemon [_thread_in_native, id=15187, stack(0x00007f6216f12000,0x00007f6217013000)]
  0x00007f622c0b3000 JavaThread "Signal Dispatcher" daemon [_thread_blocked, id=15185, stack(0x00007f6217013000,0x00007f6217114000)]
  0x00007f622c080000 JavaThread "Finalizer" daemon [_thread_blocked, id=15183, stack(0x00007f62177f8000,0x00007f62178f9000)]
  0x00007f622c07b800 JavaThread "Reference Handler" daemon [_thread_blocked, id=15182, stack(0x00007f62178f9000,0x00007f62179fa000)]
  0x00007f622c00a000 JavaThread "main" [_thread_in_Java, id=15177, stack(0x00007f623588b000,0x00007f623598c000)]

Other Threads:
  0x00007f622c073800 VMThread [stack: 0x00007f62179fa000,0x00007f6217afb000] [id=15181]
  0x00007f622c0c7000 WatcherThread [stack: 0x00007f6216c0f000,0x00007f6216d10000] [id=15192]

VM state:not at safepoint (normal execution)

VM Mutex/Monitor currently owned by a thread: None

Heap:
 PSYoungGen      total 50688K, used 45548K [0x00000000eab00000, 0x00000000ede00000, 0x0000000100000000)
  eden space 49152K, 89% used [0x00000000eab00000,0x00000000ed5fb728,0x00000000edb00000)
  from space 1536K, 99% used [0x00000000edc80000,0x00000000eddffc90,0x00000000ede00000)
  to   space 1536K, 0% used [0x00000000edb00000,0x00000000edb00000,0x00000000edc80000)
 ParOldGen       total 31744K, used 11686K [0x00000000c0000000, 0x00000000c1f00000, 0x00000000eab00000)
  object space 31744K, 36% used [0x00000000c0000000,0x00000000c0b69b48,0x00000000c1f00000)
 Metaspace       used 5993K, capacity 6936K, committed 7168K, reserved 1056768K
  class space    used 614K, capacity 656K, committed 768K, reserved 1048576K

Card table byte_map: [0x00007f6232450000,0x00007f6232651000] byte_map_base: 0x00007f6231e50000

Marking Bits: (ParMarkBitMap*) 0x00007f6234d67120
 Begin Bits: [0x00007f62300f8000, 0x00007f62310f8000)
 End Bits:   [0x00007f62310f8000, 0x00007f62320f8000)

Polling page: 0x00007f62359a8000

CodeCache: size=245760Kb used=4111Kb max_used=4111Kb free=241648Kb
 bounds [0x00007f621d000000, 0x00007f621d410000, 0x00007f622c000000]
 total_blobs=1361 nmethods=1095 adapters=182
 compilation: enabled

Compilation events (10 events):
Event: 11.563 Thread 0x00007f622c0b7800 nmethod 1543 0x00007f621d3fb310 code [0x00007f621d3fb480, 0x00007f621d3fb618]
Event: 11.563 Thread 0x00007f622c0b7800 1531       2       com.android.dx.ssa.SsaBasicBlock::addMoveToEnd (172 bytes)
Event: 11.609 Thread 0x00007f622c0b7800 nmethod 1531 0x00007f621d3fb710 code [0x00007f621d3fb9a0, 0x00007f621d3fc468]
Event: 11.609 Thread 0x00007f622c0b7800 1558       2       com.android.dx.ssa.back.IdenticalBlockCombiner::process (323 bytes)
Event: 11.613 Thread 0x00007f622c0b7800 nmethod 1558 0x00007f621d3fd410 code [0x00007f621d3fd6e0, 0x00007f621d3fe038]
Event: 11.613 Thread 0x00007f622c0b7800 1519       2       com.android.dx.cf.code.BasicBlocker::visitNoArgs (298 bytes)
Event: 11.614 Thread 0x00007f622c0b7800 nmethod 1519 0x00007f621d3fef90 code [0x00007f621d3ff180, 0x00007f621d3ff778]
Event: 11.614 Thread 0x00007f622c0b7800 1509       2       java.util.TreeMap$Values::iterator (19 bytes)
Event: 11.615 Thread 0x00007f622c0b7800 nmethod 1509 0x00007f621d400050 code [0x00007f621d4001c0, 0x00007f621d400430]
Event: 11.615 Thread 0x00007f622c0b7800 1511       2       java.util.TreeMap$ValueIterator::<init> (12 bytes)

GC Heap History (8 events):
Event: 2.976 GC heap before
{Heap before GC invocations=1 (full 0):
 PSYoungGen      total 13824K, used 12288K [0x00000000eab00000, 0x00000000eba00000, 0x0000000100000000)
  eden space 12288K, 100% used [0x00000000eab00000,0x00000000eb700000,0x00000000eb700000)
  from space 1536K, 0% used [0x00000000eb880000,0x00000000eb880000,0x00000000eba00000)
  to   space 1536K, 0% used [0x00000000eb700000,0x00000000eb700000,0x00000000eb880000)
 ParOldGen       total 31744K, used 0K [0x00000000c0000000, 0x00000000c1f00000, 0x00000000eab00000)
  object space 31744K, 0% used [0x00000000c0000000,0x00000000c0000000,0x00000000c1f00000)
 Metaspace       used 5437K, capacity 6512K, committed 6784K, reserved 1056768K
  class space    used 586K, capacity 616K, committed 640K, reserved 1048576K
Event: 3.017 GC heap after
Heap after GC invocations=1 (full 0):
 PSYoungGen      total 13824K, used 1527K [0x00000000eab00000, 0x00000000ec600000, 0x0000000100000000)
  eden space 12288K, 0% used [0x00000000eab00000,0x00000000eab00000,0x00000000eb700000)
  from space 1536K, 99% used [0x00000000eb700000,0x00000000eb87dc60,0x00000000eb880000)
  to   space 1536K, 0% used [0x00000000ec480000,0x00000000ec480000,0x00000000ec600000)
 ParOldGen       total 31744K, used 1882K [0x00000000c0000000, 0x00000000c1f00000, 0x00000000eab00000)
  object space 31744K, 5% used [0x00000000c0000000,0x00000000c01d6ab0,0x00000000c1f00000)
 Metaspace       used 5437K, capacity 6512K, committed 6784K, reserved 1056768K
  class space    used 586K, capacity 616K, committed 640K, reserved 1048576K
}
Event: 5.140 GC heap before
{Heap before GC invocations=2 (full 0):
 PSYoungGen      total 13824K, used 13815K [0x00000000eab00000, 0x00000000ec600000, 0x0000000100000000)
  eden space 12288K, 100% used [0x00000000eab00000,0x00000000eb700000,0x00000000eb700000)
  from space 1536K, 99% used [0x00000000eb700000,0x00000000eb87dc60,0x00000000eb880000)
  to   space 1536K, 0% used [0x00000000ec480000,0x00000000ec480000,0x00000000ec600000)
 ParOldGen       total 31744K, used 1882K [0x00000000c0000000, 0x00000000c1f00000, 0x00000000eab00000)
  object space 31744K, 5% used [0x00000000c0000000,0x00000000c01d6ab0,0x00000000c1f00000)
 Metaspace       used 5641K, capacity 6640K, committed 6784K, reserved 1056768K
  class space    used 589K, capacity 616K, committed 640K, reserved 1048576K
Event: 5.457 GC heap after
Heap after GC invocations=2 (full 0):
 PSYoungGen      total 26112K, used 1520K [0x00000000eab00000, 0x00000000ec600000, 0x0000000100000000)
  eden space 24576K, 0% used [0x00000000eab00000,0x00000000eab00000,0x00000000ec300000)
  from space 1536K, 98% used [0x00000000ec480000,0x00000000ec5fc010,0x00000000ec600000)
  to   space 1536K, 0% used [0x00000000ec300000,0x00000000ec300000,0x00000000ec480000)
 ParOldGen       total 31744K, used 3809K [0x00000000c0000000, 0x00000000c1f00000, 0x00000000eab00000)
  object space 31744K, 12% used [0x00000000c0000000,0x00000000c03b8760,0x00000000c1f00000)
 Metaspace       used 5641K, capacity 6640K, committed 6784K, reserved 1056768K
  class space    used 589K, capacity 616K, committed 640K, reserved 1048576K
}
Event: 8.092 GC heap before
{Heap before GC invocations=3 (full 0):
 PSYoungGen      total 26112K, used 26096K [0x00000000eab00000, 0x00000000ec600000, 0x0000000100000000)
  eden space 24576K, 100% used [0x00000000eab00000,0x00000000ec300000,0x00000000ec300000)
  from space 1536K, 98% used [0x00000000ec480000,0x00000000ec5fc010,0x00000000ec600000)
  to   space 1536K, 0% used [0x00000000ec300000,0x00000000ec300000,0x00000000ec480000)
 ParOldGen       total 31744K, used 3809K [0x00000000c0000000, 0x00000000c1f00000, 0x00000000eab00000)
  object space 31744K, 12% used [0x00000000c0000000,0x00000000c03b8760,0x00000000c1f00000)
 Metaspace       used 5771K, capacity 6768K, committed 7040K, reserved 1056768K
  class space    used 590K, capacity 616K, committed 640K, reserved 1048576K
Event: 8.218 GC heap after
Heap after GC invocations=3 (full 0):
 PSYoungGen      total 26112K, used 1522K [0x00000000eab00000, 0x00000000ede00000, 0x0000000100000000)
  eden space 24576K, 0% used [0x00000000eab00000,0x00000000eab00000,0x00000000ec300000)
  from space 1536K, 99% used [0x00000000ec300000,0x00000000ec47cb08,0x00000000ec480000)
  to   space 1536K, 0% used [0x00000000edc80000,0x00000000edc80000,0x00000000ede00000)
 ParOldGen       total 31744K, used 7315K [0x00000000c0000000, 0x00000000c1f00000, 0x00000000eab00000)
  object space 31744K, 23% used [0x00000000c0000000,0x00000000c0724d48,0x00000000c1f00000)
 Metaspace       used 5771K, capacity 6768K, committed 7040K, reserved 1056768K
  class space    used 590K, capacity 616K, committed 640K, reserved 1048576K
}
Event: 9.469 GC heap before
{Heap before GC invocations=4 (full 0):
 PSYoungGen      total 26112K, used 26098K [0x00000000eab00000, 0x00000000ede00000, 0x0000000100000000)
  eden space 24576K, 100% used [0x00000000eab00000,0x00000000ec300000,0x00000000ec300000)
  from space 1536K, 99% used [0x00000000ec300000,0x00000000ec47cb08,0x00000000ec480000)
  to   space 1536K, 0% used [0x00000000edc80000,0x00000000edc80000,0x00000000ede00000)
 ParOldGen       total 31744K, used 7315K [0x00000000c0000000, 0x00000000c1f00000, 0x00000000eab00000)
  object space 31744K, 23% used [0x00000000c0000000,0x00000000c0724d48,0x00000000c1f00000)
 Metaspace       used 5933K, capacity 6872K, committed 7168K, reserved 1056768K
  class space    used 614K, capacity 656K, committed 768K, reserved 1048576K
Event: 9.703 GC heap after
Heap after GC invocations=4 (full 0):
 PSYoungGen      total 50688K, used 1535K [0x00000000eab00000, 0x00000000ede00000, 0x0000000100000000)
  eden space 49152K, 0% used [0x00000000eab00000,0x00000000eab00000,0x00000000edb00000)
  from space 1536K, 99% used [0x00000000edc80000,0x00000000eddffc90,0x00000000ede00000)
  to   space 1536K, 0% used [0x00000000edb00000,0x00000000edb00000,0x00000000edc80000)
 ParOldGen       total 31744K, used 11686K [0x00000000c0000000, 0x00000000c1f00000, 0x00000000eab00000)
  object space 31744K, 36% used [0x00000000c0000000,0x00000000c0b69b48,0x00000000c1f00000)
 Metaspace       used 5933K, capacity 6872K, committed 7168K, reserved 1056768K
  class space    used 614K, capacity 656K, committed 768K, reserved 1048576K
}

Deoptimization events (10 events):
Event: 1.603 Thread 0x00007f622c00a000 Uncommon trap: reason=unstable_if action=reinterpret pc=0x00007f621d15a510 method=java.lang.String.indexOf(II)I @ 49
Event: 4.458 Thread 0x00007f622c00a000 Uncommon trap: reason=bimorphic action=maybe_recompile pc=0x00007f621d1da9f8 method=java.util.HashMap.getNode(ILjava/lang/Object;)Ljava/util/HashMap$Node; @ 126
Event: 4.670 Thread 0x00007f622c00a000 Uncommon trap: reason=bimorphic action=maybe_recompile pc=0x00007f621d1da9f8 method=java.util.HashMap.getNode(ILjava/lang/Object;)Ljava/util/HashMap$Node; @ 126
Event: 4.670 Thread 0x00007f622c00a000 Uncommon trap: reason=bimorphic action=maybe_recompile pc=0x00007f621d1da9f8 method=java.util.HashMap.getNode(ILjava/lang/Object;)Ljava/util/HashMap$Node; @ 126
Event: 4.670 Thread 0x00007f622c00a000 Uncommon trap: reason=bimorphic action=maybe_recompile pc=0x00007f621d1da9f8 method=java.util.HashMap.getNode(ILjava/lang/Object;)Ljava/util/HashMap$Node; @ 126
Event: 4.670 Thread 0x00007f622c00a000 Uncommon trap: reason=bimorphic action=maybe_recompile pc=0x00007f621d1d7f0c method=java.util.HashMap.getNode(ILjava/lang/Object;)Ljava/util/HashMap$Node; @ 126
Event: 8.364 Thread 0x00007f622c160000 Uncommon trap: reason=null_check action=make_not_entrant pc=0x00007f621d29e9b0 method=com.android.dx.ssa.SsaRenamer.getLocalForNewReg(I)Lcom/android/dx/rop/code/LocalItem; @ 19
Event: 9.092 Thread 0x00007f622c14e000 Uncommon trap: reason=unstable_if action=reinterpret pc=0x00007f621d337634 method=java.util.HashMap.putVal(ILjava/lang/Object;Ljava/lang/Object;ZZ)Ljava/lang/Object; @ 162
Event: 9.174 Thread 0x00007f622c14e000 Uncommon trap: reason=unstable_if action=reinterpret pc=0x00007f621d2a5bd8 method=java.util.HashMap.getNode(ILjava/lang/Object;)Ljava/util/HashMap$Node; @ 84
Event: 9.192 Thread 0x00007f622c00a000 Uncommon trap: reason=unstable_if action=reinterpret pc=0x00007f621d2a6de4 method=java.util.HashMap.getNode(ILjava/lang/Object;)Ljava/util/HashMap$Node; @ 84

Internal exceptions (6 events):
Event: 0.083 Thread 0x00007f622c00a000 Exception <a 'java/lang/NoSuchMethodError': Method sun.misc.Unsafe.defineClass(Ljava/lang/String;[BII)Ljava/lang/Class; name or signature does not match> (0x00000000eab07cc0) thrown at [/HUDSON3/workspace/8-2-build-linux-amd64/jdk8u101/7261/hotspot/src/sh
Event: 0.083 Thread 0x00007f622c00a000 Exception <a 'java/lang/NoSuchMethodError': Method sun.misc.Unsafe.prefetchRead(Ljava/lang/Object;J)V name or signature does not match> (0x00000000eab07fa8) thrown at [/HUDSON3/workspace/8-2-build-linux-amd64/jdk8u101/7261/hotspot/src/share/vm/prims/jni.c
Event: 8.364 Thread 0x00007f622c160000 Implicit null exception at 0x00007f621d29c213 to 0x00007f621d29e995
Event: 9.129 Thread 0x00007f622c14e000 Exception <a 'java/lang/ArrayIndexOutOfBoundsException': 18> (0x00000000ebd6f5d8) thrown at [/HUDSON3/workspace/8-2-build-linux-amd64/jdk8u101/7261/hotspot/src/share/vm/interpreter/interpreterRuntime.cpp, line 366]
Event: 9.130 Thread 0x00007f622c14e000 Exception <a 'java/lang/ArrayIndexOutOfBoundsException': 145> (0x00000000ebd71158) thrown at [/HUDSON3/workspace/8-2-build-linux-amd64/jdk8u101/7261/hotspot/src/share/vm/interpreter/interpreterRuntime.cpp, line 366]
Event: 9.142 Thread 0x00007f622c14e000 Exception <a 'java/lang/ArrayIndexOutOfBoundsException': 40> (0x00000000ebd72440) thrown at [/HUDSON3/workspace/8-2-build-linux-amd64/jdk8u101/7261/hotspot/src/share/vm/interpreter/interpreterRuntime.cpp, line 366]

Events (10 events):
Event: 10.762 Thread 0x00007f622c14e000 DEOPT PACKING pc=0x00007f621d27a3b9 sp=0x00007f6216c0ce90
Event: 10.762 Thread 0x00007f622c14e000 DEOPT UNPACKING pc=0x00007f621d046f73 sp=0x00007f6216c0cbe0 mode 0
Event: 10.842 Thread 0x00007f622c15f000 DEOPT PACKING pc=0x00007f621d318523 sp=0x00007f621690a020
Event: 10.842 Thread 0x00007f622c15f000 DEOPT UNPACKING pc=0x00007f621d046f73 sp=0x00007f6216909db0 mode 0
Event: 11.135 Thread 0x00007f622c00a000 DEOPT PACKING pc=0x00007f621d27a3b9 sp=0x00007f6235989820
Event: 11.179 Thread 0x00007f622c00a000 DEOPT UNPACKING pc=0x00007f621d046f73 sp=0x00007f6235989570 mode 0
Event: 11.457 Thread 0x00007f622c15f000 DEOPT PACKING pc=0x00007f621d310bb4 sp=0x00007f621690a0d0
Event: 11.457 Thread 0x00007f622c15f000 DEOPT UNPACKING pc=0x00007f621d046f73 sp=0x00007f6216909e50 mode 0
Event: 11.482 Thread 0x00007f622c14e000 DEOPT PACKING pc=0x00007f621d27a3b9 sp=0x00007f6216c0cfc0
Event: 11.482 Thread 0x00007f622c14e000 DEOPT UNPACKING pc=0x00007f621d046f73 sp=0x00007f6216c0cd10 mode 0


Dynamic libraries:
00400000-00401000 r-xp 00000000 08:01 3279757                            /usr/lib/jvm/java-8-oracle/bin/java
00600000-00601000 rw-p 00000000 08:01 3279757                            /usr/lib/jvm/java-8-oracle/bin/java
0112a000-0114b000 rw-p 00000000 00:00 0                                  [heap]
c0000000-c1f00000 rw-p 00000000 00:00 0 
c1f00000-eab00000 ---p 00000000 00:00 0 
eab00000-ede00000 rw-p 00000000 00:00 0 
ede00000-100000000 ---p 00000000 00:00 0 
100000000-1000c0000 rw-p 00000000 00:00 0 
1000c0000-140000000 ---p 00000000 00:00 0 
7f61dc000000-7f61dc025000 rw-p 00000000 00:00 0 
7f61dc025000-7f61e0000000 ---p 00000000 00:00 0 
7f61e4000000-7f61e4021000 rw-p 00000000 00:00 0 
7f61e4021000-7f61e8000000 ---p 00000000 00:00 0 
7f61e8000000-7f61e8021000 rw-p 00000000 00:00 0 
7f61e8021000-7f61ec000000 ---p 00000000 00:00 0 
7f61ec000000-7f61ec021000 rw-p 00000000 00:00 0 
7f61ec021000-7f61f0000000 ---p 00000000 00:00 0 
7f61f0000000-7f61f02ca000 rw-p 00000000 00:00 0 
7f61f02ca000-7f61f4000000 ---p 00000000 00:00 0 
7f61f4000000-7f61f4654000 rw-p 00000000 00:00 0 
7f61f4654000-7f61f8000000 ---p 00000000 00:00 0 
7f61f8000000-7f61f8021000 rw-p 00000000 00:00 0 
7f61f8021000-7f61fc000000 ---p 00000000 00:00 0 
7f61fc000000-7f61fc021000 rw-p 00000000 00:00 0 
7f61fc021000-7f6200000000 ---p 00000000 00:00 0 
7f6200000000-7f62004aa000 rw-p 00000000 00:00 0 
7f62004aa000-7f6204000000 ---p 00000000 00:00 0 
7f6204000000-7f6204021000 rw-p 00000000 00:00 0 
7f6204021000-7f6208000000 ---p 00000000 00:00 0 
7f6208000000-7f6208021000 rw-p 00000000 00:00 0 
7f6208021000-7f620c000000 ---p 00000000 00:00 0 
7f620c000000-7f620c021000 rw-p 00000000 00:00 0 
7f620c021000-7f6210000000 ---p 00000000 00:00 0 
7f6210000000-7f6210021000 rw-p 00000000 00:00 0 
7f6210021000-7f6214000000 ---p 00000000 00:00 0 
7f621670a000-7f621670d000 ---p 00000000 00:00 0 
7f621670d000-7f621680b000 rw-p 00000000 00:00 0                          [stack:15198]
7f621680b000-7f621680e000 ---p 00000000 00:00 0 
7f621680e000-7f621690c000 rw-p 00000000 00:00 0                          [stack:15197]
7f621690c000-7f621690f000 ---p 00000000 00:00 0 
7f621690f000-7f6216a0d000 rw-p 00000000 00:00 0                          [stack:15196]
7f6216a0d000-7f6216a10000 ---p 00000000 00:00 0 
7f6216a10000-7f6216b0e000 rw-p 00000000 00:00 0                          [stack:15195]
7f6216b0e000-7f6216b11000 ---p 00000000 00:00 0 
7f6216b11000-7f6216c0f000 rw-p 00000000 00:00 0                          [stack:15194]
7f6216c0f000-7f6216c10000 ---p 00000000 00:00 0 
7f6216c10000-7f6216d10000 rw-p 00000000 00:00 0                          [stack:15192]
7f6216d10000-7f6216d13000 ---p 00000000 00:00 0 
7f6216d13000-7f6216e11000 rw-p 00000000 00:00 0                          [stack:15191]
7f6216e11000-7f6216e14000 ---p 00000000 00:00 0 
7f6216e14000-7f6216f12000 rw-p 00000000 00:00 0                          [stack:15188]
7f6216f12000-7f6216f15000 ---p 00000000 00:00 0 
7f6216f15000-7f6217013000 rw-p 00000000 00:00 0                          [stack:15187]
7f6217013000-7f6217016000 ---p 00000000 00:00 0 
7f6217016000-7f6217114000 rw-p 00000000 00:00 0                          [stack:15185]
7f6217114000-7f62177f8000 r--p 00000000 08:01 13113697                   /usr/lib/locale/locale-archive
7f62177f8000-7f62177fb000 ---p 00000000 00:00 0 
7f62177fb000-7f62178f9000 rw-p 00000000 00:00 0                          [stack:15183]
7f62178f9000-7f62178fc000 ---p 00000000 00:00 0 
7f62178fc000-7f62179fa000 rw-p 00000000 00:00 0                          [stack:15182]
7f62179fa000-7f62179fb000 ---p 00000000 00:00 0 
7f62179fb000-7f6218000000 rw-p 00000000 00:00 0                          [stack:15181]
7f6218000000-7f6218021000 rw-p 00000000 00:00 0 
7f6218021000-7f621c000000 ---p 00000000 00:00 0 
7f621c023000-7f621c427000 rw-p 00000000 00:00 0 
7f621c427000-7f621c600000 r--s 03d29000 08:01 13118676                   /usr/lib/jvm/java-8-oracle/jre/lib/rt.jar
7f621c600000-7f621cc40000 rw-p 00000000 00:00 0 
7f621cc40000-7f621ce00000 ---p 00000000 00:00 0 
7f621ce00000-7f621d000000 rw-p 00000000 00:00 0 
7f621d000000-7f621d410000 rwxp 00000000 00:00 0 
7f621d410000-7f622c000000 ---p 00000000 00:00 0 
7f622c000000-7f622c38f000 rw-p 00000000 00:00 0 
7f622c38f000-7f6230000000 ---p 00000000 00:00 0 
7f6230012000-7f62320f8000 rw-p 00000000 00:00 0 
7f62320f8000-7f62320f9000 ---p 00000000 00:00 0 
7f62320f9000-7f62321f9000 rw-p 00000000 00:00 0                          [stack:15180]
7f62321f9000-7f62321fa000 ---p 00000000 00:00 0 
7f62321fa000-7f623230a000 rw-p 00000000 00:00 0                          [stack:15179]
7f623230a000-7f6232450000 ---p 00000000 00:00 0 
7f6232450000-7f6232460000 rw-p 00000000 00:00 0 
7f6232460000-7f62325a5000 ---p 00000000 00:00 0 
7f62325a5000-7f62325bf000 rw-p 00000000 00:00 0 
7f62325bf000-7f6232650000 ---p 00000000 00:00 0 
7f6232650000-7f6232662000 rw-p 00000000 00:00 0 
7f6232662000-7f6232a11000 ---p 00000000 00:00 0 
7f6232a11000-7f6232a2b000 r-xp 00000000 08:01 13766358                   /usr/lib/jvm/java-8-oracle/jre/lib/amd64/libzip.so
7f6232a2b000-7f6232c2b000 ---p 0001a000 08:01 13766358                   /usr/lib/jvm/java-8-oracle/jre/lib/amd64/libzip.so
7f6232c2b000-7f6232c2c000 rw-p 0001a000 08:01 13766358                   /usr/lib/jvm/java-8-oracle/jre/lib/amd64/libzip.so
7f6232c2c000-7f6232c37000 r-xp 00000000 08:01 2621673                    /lib/x86_64-linux-gnu/libnss_files-2.15.so
7f6232c37000-7f6232e36000 ---p 0000b000 08:01 2621673                    /lib/x86_64-linux-gnu/libnss_files-2.15.so
7f6232e36000-7f6232e37000 r--p 0000a000 08:01 2621673                    /lib/x86_64-linux-gnu/libnss_files-2.15.so
7f6232e37000-7f6232e38000 rw-p 0000b000 08:01 2621673                    /lib/x86_64-linux-gnu/libnss_files-2.15.so
7f6232e38000-7f6232e42000 r-xp 00000000 08:01 2621658                    /lib/x86_64-linux-gnu/libnss_nis-2.15.so
7f6232e42000-7f6233042000 ---p 0000a000 08:01 2621658                    /lib/x86_64-linux-gnu/libnss_nis-2.15.so
7f6233042000-7f6233043000 r--p 0000a000 08:01 2621658                    /lib/x86_64-linux-gnu/libnss_nis-2.15.so
7f6233043000-7f6233044000 rw-p 0000b000 08:01 2621658                    /lib/x86_64-linux-gnu/libnss_nis-2.15.so
7f6233044000-7f623305b000 r-xp 00000000 08:01 2621667                    /lib/x86_64-linux-gnu/libnsl-2.15.so
7f623305b000-7f623325a000 ---p 00017000 08:01 2621667                    /lib/x86_64-linux-gnu/libnsl-2.15.so
7f623325a000-7f623325b000 r--p 00016000 08:01 2621667                    /lib/x86_64-linux-gnu/libnsl-2.15.so
7f623325b000-7f623325c000 rw-p 00017000 08:01 2621667                    /lib/x86_64-linux-gnu/libnsl-2.15.so
7f623325c000-7f623325e000 rw-p 00000000 00:00 0 
7f623325e000-7f6233266000 r-xp 00000000 08:01 2621672                    /lib/x86_64-linux-gnu/libnss_compat-2.15.so
7f6233266000-7f6233465000 ---p 00008000 08:01 2621672                    /lib/x86_64-linux-gnu/libnss_compat-2.15.so
7f6233465000-7f6233466000 r--p 00007000 08:01 2621672                    /lib/x86_64-linux-gnu/libnss_compat-2.15.so
7f6233466000-7f6233467000 rw-p 00008000 08:01 2621672                    /lib/x86_64-linux-gnu/libnss_compat-2.15.so
7f6233467000-7f6233491000 r-xp 00000000 08:01 13766323                   /usr/lib/jvm/java-8-oracle/jre/lib/amd64/libjava.so
7f6233491000-7f6233691000 ---p 0002a000 08:01 13766323                   /usr/lib/jvm/java-8-oracle/jre/lib/amd64/libjava.so
7f6233691000-7f6233693000 rw-p 0002a000 08:01 13766323                   /usr/lib/jvm/java-8-oracle/jre/lib/amd64/libjava.so
7f6233693000-7f62336a0000 r-xp 00000000 08:01 13766361                   /usr/lib/jvm/java-8-oracle/jre/lib/amd64/libverify.so
7f62336a0000-7f62338a0000 ---p 0000d000 08:01 13766361                   /usr/lib/jvm/java-8-oracle/jre/lib/amd64/libverify.so
7f62338a0000-7f62338a2000 rw-p 0000d000 08:01 13766361                   /usr/lib/jvm/java-8-oracle/jre/lib/amd64/libverify.so
7f62338a2000-7f62338a9000 r-xp 00000000 08:01 2621660                    /lib/x86_64-linux-gnu/librt-2.15.so
7f62338a9000-7f6233aa8000 ---p 00007000 08:01 2621660                    /lib/x86_64-linux-gnu/librt-2.15.so
7f6233aa8000-7f6233aa9000 r--p 00006000 08:01 2621660                    /lib/x86_64-linux-gnu/librt-2.15.so
7f6233aa9000-7f6233aaa000 rw-p 00007000 08:01 2621660                    /lib/x86_64-linux-gnu/librt-2.15.so
7f6233aaa000-7f6233ba5000 r-xp 00000000 08:01 2621674                    /lib/x86_64-linux-gnu/libm-2.15.so
7f6233ba5000-7f6233da4000 ---p 000fb000 08:01 2621674                    /lib/x86_64-linux-gnu/libm-2.15.so
7f6233da4000-7f6233da5000 r--p 000fa000 08:01 2621674                    /lib/x86_64-linux-gnu/libm-2.15.so
7f6233da5000-7f6233da6000 rw-p 000fb000 08:01 2621674                    /lib/x86_64-linux-gnu/libm-2.15.so
7f6233da6000-7f6234a71000 r-xp 00000000 08:01 13894575                   /usr/lib/jvm/java-8-oracle/jre/lib/amd64/server/libjvm.so
7f6234a71000-7f6234c70000 ---p 00ccb000 08:01 13894575                   /usr/lib/jvm/java-8-oracle/jre/lib/amd64/server/libjvm.so
7f6234c70000-7f6234d49000 rw-p 00cca000 08:01 13894575                   /usr/lib/jvm/java-8-oracle/jre/lib/amd64/server/libjvm.so
7f6234d49000-7f6234d94000 rw-p 00000000 00:00 0 
7f6234d94000-7f6234f48000 r-xp 00000000 08:01 2621665                    /lib/x86_64-linux-gnu/libc-2.15.so
7f6234f48000-7f6235147000 ---p 001b4000 08:01 2621665                    /lib/x86_64-linux-gnu/libc-2.15.so
7f6235147000-7f623514b000 r--p 001b3000 08:01 2621665                    /lib/x86_64-linux-gnu/libc-2.15.so
7f623514b000-7f623514d000 rw-p 001b7000 08:01 2621665                    /lib/x86_64-linux-gnu/libc-2.15.so
7f623514d000-7f6235152000 rw-p 00000000 00:00 0 
7f6235152000-7f6235154000 r-xp 00000000 08:01 2621657                    /lib/x86_64-linux-gnu/libdl-2.15.so
7f6235154000-7f6235354000 ---p 00002000 08:01 2621657                    /lib/x86_64-linux-gnu/libdl-2.15.so
7f6235354000-7f6235355000 r--p 00002000 08:01 2621657                    /lib/x86_64-linux-gnu/libdl-2.15.so
7f6235355000-7f6235356000 rw-p 00003000 08:01 2621657                    /lib/x86_64-linux-gnu/libdl-2.15.so
7f6235356000-7f623536b000 r-xp 00000000 08:01 2627921                    /usr/lib/jvm/java-8-oracle/lib/amd64/jli/libjli.so
7f623536b000-7f623556b000 ---p 00015000 08:01 2627921                    /usr/lib/jvm/java-8-oracle/lib/amd64/jli/libjli.so
7f623556b000-7f623556c000 rw-p 00015000 08:01 2627921                    /usr/lib/jvm/java-8-oracle/lib/amd64/jli/libjli.so
7f623556c000-7f6235584000 r-xp 00000000 08:01 2621668                    /lib/x86_64-linux-gnu/libpthread-2.15.so
7f6235584000-7f6235783000 ---p 00018000 08:01 2621668                    /lib/x86_64-linux-gnu/libpthread-2.15.so
7f6235783000-7f6235784000 r--p 00017000 08:01 2621668                    /lib/x86_64-linux-gnu/libpthread-2.15.so
7f6235784000-7f6235785000 rw-p 00018000 08:01 2621668                    /lib/x86_64-linux-gnu/libpthread-2.15.so
7f6235785000-7f6235789000 rw-p 00000000 00:00 0 
7f6235789000-7f62357ab000 r-xp 00000000 08:01 2621671                    /lib/x86_64-linux-gnu/ld-2.15.so
7f62357ab000-7f62357ad000 rw-p 00000000 00:00 0 
7f62357ad000-7f62357b2000 r--s 00040000 08:01 10626543                   /home/lin/other/AndroidProjects/Radio/app/build/intermediates/exploded-aar/com.android.support/recyclerview-v7/23.0.1/jars/classes.jar
7f62357b2000-7f623588b000 rw-p 00000000 00:00 0 
7f623588b000-7f623588e000 ---p 00000000 00:00 0 
7f623588e000-7f6235990000 rw-p 00000000 00:00 0                          [stack:15177]
7f6235990000-7f623599f000 r--s 000df000 08:01 11274850                   /root/Android/Sdk/build-tools/23.0.3/lib/dx.jar
7f623599f000-7f62359a7000 rw-s 00000000 08:01 4850504                    /tmp/hsperfdata_root/15174
7f62359a7000-7f62359a8000 rw-p 00000000 00:00 0 
7f62359a8000-7f62359a9000 ---p 00000000 00:00 0 
7f62359a9000-7f62359ab000 rw-p 00000000 00:00 0 
7f62359ab000-7f62359ac000 r--p 00022000 08:01 2621671                    /lib/x86_64-linux-gnu/ld-2.15.so
7f62359ac000-7f62359ae000 rw-p 00023000 08:01 2621671                    /lib/x86_64-linux-gnu/ld-2.15.so
7ffcdfee8000-7ffcdff09000 rw-p 00000000 00:00 0                          [stack]
7ffcdffa6000-7ffcdffa8000 r-xp 00000000 00:00 0                          [vdso]
ffffffffff600000-ffffffffff601000 r-xp 00000000 00:00 0                  [vsyscall]

VM Arguments:
jvm_args: -Djava.awt.headless=true -Xmx1024M -Dfile.encoding=UTF-8 -Duser.country=US -Duser.language=en -Duser.variant 
java_command: com.android.dx.command.Main --dex --num-threads=4 --output /home/lin/other/AndroidProjects/Radio/app/build/intermediates/pre-dexed/debug/com.android.support-recyclerview-v7-23.0.1_4d66548410a3b3ff8b552055a86666757e800a86.jar /home/lin/other/AndroidProjects/Radio/app/build/intermediates/exploded-aar/com.android.support/recyclerview-v7/23.0.1/jars/classes.jar
java_class_path (initial): /root/Android/Sdk/build-tools/23.0.3/lib/dx.jar
Launcher Type: SUN_STANDARD

Environment Variables:
PATH=/usr/local/sbin:/usr/local/bin:/usr/sbin:/usr/bin:/sbin:/bin
USERNAME=root
LD_LIBRARY_PATH=/opt/android-studio/bin:
SHELL=/bin/bash
DISPLAY=:0.0

Signal Handlers:
SIGSEGV: [libjvm.so+0xac4790], sa_mask[0]=11111111011111111101111111111110, sa_flags=SA_RESTART|SA_SIGINFO
SIGBUS: [libjvm.so+0xac4790], sa_mask[0]=11111111011111111101111111111110, sa_flags=SA_RESTART|SA_SIGINFO
SIGFPE: [libjvm.so+0x91f140], sa_mask[0]=11111111011111111101111111111110, sa_flags=SA_RESTART|SA_SIGINFO
SIGPIPE: [libjvm.so+0x91f140], sa_mask[0]=11111111011111111101111111111110, sa_flags=SA_RESTART|SA_SIGINFO
SIGXFSZ: [libjvm.so+0x91f140], sa_mask[0]=11111111011111111101111111111110, sa_flags=SA_RESTART|SA_SIGINFO
SIGILL: [libjvm.so+0x91f140], sa_mask[0]=11111111011111111101111111111110, sa_flags=SA_RESTART|SA_SIGINFO
SIGUSR1: SIG_DFL, sa_mask[0]=00000000000000000000000000000000, sa_flags=none
SIGUSR2: [libjvm.so+0x920770], sa_mask[0]=00100000000000000000000000000000, sa_flags=SA_RESTART|SA_SIGINFO
SIGHUP: [libjvm.so+0x921b70], sa_mask[0]=11111111011111111101111111111110, sa_flags=SA_RESTART|SA_SIGINFO
SIGINT: [libjvm.so+0x921b70], sa_mask[0]=11111111011111111101111111111110, sa_flags=SA_RESTART|SA_SIGINFO
SIGTERM: [libjvm.so+0x921b70], sa_mask[0]=11111111011111111101111111111110, sa_flags=SA_RESTART|SA_SIGINFO
SIGQUIT: [libjvm.so+0x921b70], sa_mask[0]=11111111011111111101111111111110, sa_flags=SA_RESTART|SA_SIGINFO


---------------  S Y S T E M  ---------------

OS:DISTRIB_ID=Ubuntu
DISTRIB_RELEASE=12.04
DISTRIB_CODENAME=precise
DISTRIB_DESCRIPTION="Ubuntu 12.04.5 LTS"

uname:Linux 3.13.0-95-generic #142~precise1-Ubuntu SMP Fri Aug 12 18:20:15 UTC 2016 x86_64
libc:glibc 2.15 NPTL 2.15 
rlimit: STACK 8192k, CORE 0k, NPROC 22873, NOFILE 4096, AS infinity
load average:11.20 5.72 3.34

/proc/meminfo:
MemTotal:        2948840 kB
MemFree:          108468 kB
Buffers:           25336 kB
Cached:           863372 kB
SwapCached:        45580 kB
Active:          1822940 kB
Inactive:         823952 kB
Active(anon):    1442068 kB
Inactive(anon):   491696 kB
Active(file):     380872 kB
Inactive(file):   332256 kB
Unevictable:           0 kB
Mlocked:               0 kB
SwapTotal:       3008508 kB
SwapFree:        2749732 kB
Dirty:              5796 kB
Writeback:             0 kB
AnonPages:       1744764 kB
Mapped:           236340 kB
Shmem:            175580 kB
Slab:             106260 kB
SReclaimable:      76656 kB
SUnreclaim:        29604 kB
KernelStack:        4728 kB
PageTables:        33268 kB
NFS_Unstable:          0 kB
Bounce:                0 kB
WritebackTmp:          0 kB
CommitLimit:     4482928 kB
Committed_AS:    4825480 kB
VmallocTotal:   34359738367 kB
VmallocUsed:      346464 kB
VmallocChunk:   34359383644 kB
HardwareCorrupted:     0 kB
AnonHugePages:    792576 kB
HugePages_Total:       0
HugePages_Free:        0
HugePages_Rsvd:        0
HugePages_Surp:        0
Hugepagesize:       2048 kB
DirectMap4k:       67972 kB
DirectMap2M:     2942976 kB


CPU:total 2 (2 cores per cpu, 1 threads per core) family 6 model 15 stepping 13, cmov, cx8, fxsr, mmx, sse, sse2, sse3, ssse3, tsc

/proc/cpuinfo:
processor	: 0
vendor_id	: GenuineIntel
cpu family	: 6
model		: 15
model name	: Genuine Intel(R) CPU           T1600  @ 1.66GHz
stepping	: 13
microcode	: 0xa3
cpu MHz		: 1662.438
cache size	: 1024 KB
physical id	: 0
siblings	: 2
core id		: 0
cpu cores	: 2
apicid		: 0
initial apicid	: 0
fpu		: yes
fpu_exception	: yes
cpuid level	: 10
wp		: yes
flags		: fpu vme de pse tsc msr pae mce cx8 apic sep mtrr pge mca cmov pat pse36 clflush dts acpi mmx fxsr sse sse2 ss ht tm pbe syscall nx lm constant_tsc arch_perfmon pebs bts rep_good nopl aperfmperf pni dtes64 monitor ds_cpl tm2 ssse3 cx16 xtpr pdcm lahf_lm dtherm
bogomips	: 3324.87
clflush size	: 64
cache_alignment	: 64
address sizes	: 36 bits physical, 48 bits virtual
power management:

processor	: 1
vendor_id	: GenuineIntel
cpu family	: 6
model		: 15
model name	: Genuine Intel(R) CPU           T1600  @ 1.66GHz
stepping	: 13
microcode	: 0xa3
cpu MHz		: 1662.438
cache size	: 1024 KB
physical id	: 0
siblings	: 2
core id		: 1
cpu cores	: 2
apicid		: 1
initial apicid	: 1
fpu		: yes
fpu_exception	: yes
cpuid level	: 10
wp		: yes
flags		: fpu vme de pse tsc msr pae mce cx8 apic sep mtrr pge mca cmov pat pse36 clflush dts acpi mmx fxsr sse sse2 ss ht tm pbe syscall nx lm constant_tsc arch_perfmon pebs bts rep_good nopl aperfmperf pni dtes64 monitor ds_cpl tm2 ssse3 cx16 xtpr pdcm lahf_lm dtherm
bogomips	: 3324.87
clflush size	: 64
cache_alignment	: 64
address sizes	: 36 bits physical, 48 bits virtual
power management:



Memory: 4k page, physical 2948840k(108468k free), swap 3008508k(2749732k free)

vm_info: Java HotSpot(TM) 64-Bit Server VM (25.101-b13) for linux-amd64 JRE (1.8.0_101-b13), built on Jun 22 2016 02:59:44 by "java_re" with gcc 4.3.0 20080428 (Red Hat 4.3.0-8)

time: Tue Sep 27 21:12:57 2016
elapsed time: 11 seconds (0d 0h 0m 11s)

